[2024-04-06T10:42:04.950+0000] {processor.py:161} INFO - Started process (PID=61) to work on /home/airflow/.local/lib/python3.8/site-packages/airflow/example_dags/example_setup_teardown.py
[2024-04-06T10:42:04.951+0000] {processor.py:830} INFO - Processing file /home/airflow/.local/lib/python3.8/site-packages/airflow/example_dags/example_setup_teardown.py for tasks to queue
[2024-04-06T10:42:04.952+0000] {logging_mixin.py:188} INFO - [2024-04-06T10:42:04.952+0000] {dagbag.py:540} INFO - Filling up the DagBag from /home/airflow/.local/lib/python3.8/site-packages/airflow/example_dags/example_setup_teardown.py
[2024-04-06T10:42:04.957+0000] {processor.py:840} INFO - DAG(s) 'example_setup_teardown' retrieved from /home/airflow/.local/lib/python3.8/site-packages/airflow/example_dags/example_setup_teardown.py
[2024-04-06T10:42:05.030+0000] {logging_mixin.py:188} INFO - [2024-04-06T10:42:05.029+0000] {override.py:1769} INFO - Created Permission View: can delete on DAG:example_setup_teardown
[2024-04-06T10:42:05.039+0000] {logging_mixin.py:188} INFO - [2024-04-06T10:42:05.039+0000] {override.py:1769} INFO - Created Permission View: can read on DAG:example_setup_teardown
[2024-04-06T10:42:05.046+0000] {logging_mixin.py:188} INFO - [2024-04-06T10:42:05.045+0000] {override.py:1769} INFO - Created Permission View: can edit on DAG:example_setup_teardown
[2024-04-06T10:42:05.046+0000] {logging_mixin.py:188} INFO - [2024-04-06T10:42:05.046+0000] {dag.py:3047} INFO - Sync 1 DAGs
[2024-04-06T10:42:05.054+0000] {logging_mixin.py:188} INFO - [2024-04-06T10:42:05.054+0000] {dag.py:3069} INFO - Creating ORM DAG for example_setup_teardown
[2024-04-06T10:42:05.061+0000] {logging_mixin.py:188} INFO - [2024-04-06T10:42:05.061+0000] {dag.py:3834} INFO - Setting next_dagrun for example_setup_teardown to 2024-04-05 00:00:00+00:00, run_after=2024-04-06 00:00:00+00:00
[2024-04-06T10:42:05.073+0000] {processor.py:183} INFO - Processing /home/airflow/.local/lib/python3.8/site-packages/airflow/example_dags/example_setup_teardown.py took 0.124 seconds
[2024-04-06T10:42:35.608+0000] {processor.py:161} INFO - Started process (PID=117) to work on /home/airflow/.local/lib/python3.8/site-packages/airflow/example_dags/example_setup_teardown.py
[2024-04-06T10:42:35.609+0000] {processor.py:830} INFO - Processing file /home/airflow/.local/lib/python3.8/site-packages/airflow/example_dags/example_setup_teardown.py for tasks to queue
[2024-04-06T10:42:35.610+0000] {logging_mixin.py:188} INFO - [2024-04-06T10:42:35.610+0000] {dagbag.py:540} INFO - Filling up the DagBag from /home/airflow/.local/lib/python3.8/site-packages/airflow/example_dags/example_setup_teardown.py
[2024-04-06T10:42:35.614+0000] {processor.py:840} INFO - DAG(s) 'example_setup_teardown' retrieved from /home/airflow/.local/lib/python3.8/site-packages/airflow/example_dags/example_setup_teardown.py
[2024-04-06T10:42:35.627+0000] {logging_mixin.py:188} INFO - [2024-04-06T10:42:35.627+0000] {dag.py:3047} INFO - Sync 1 DAGs
[2024-04-06T10:42:35.642+0000] {logging_mixin.py:188} INFO - [2024-04-06T10:42:35.641+0000] {dag.py:3834} INFO - Setting next_dagrun for example_setup_teardown to 2024-04-05 00:00:00+00:00, run_after=2024-04-06 00:00:00+00:00
[2024-04-06T10:42:35.653+0000] {processor.py:183} INFO - Processing /home/airflow/.local/lib/python3.8/site-packages/airflow/example_dags/example_setup_teardown.py took 0.047 seconds
[2024-04-06T10:43:05.857+0000] {processor.py:161} INFO - Started process (PID=173) to work on /home/airflow/.local/lib/python3.8/site-packages/airflow/example_dags/example_setup_teardown.py
[2024-04-06T10:43:05.867+0000] {processor.py:830} INFO - Processing file /home/airflow/.local/lib/python3.8/site-packages/airflow/example_dags/example_setup_teardown.py for tasks to queue
[2024-04-06T10:43:05.869+0000] {logging_mixin.py:188} INFO - [2024-04-06T10:43:05.869+0000] {dagbag.py:540} INFO - Filling up the DagBag from /home/airflow/.local/lib/python3.8/site-packages/airflow/example_dags/example_setup_teardown.py
[2024-04-06T10:43:05.890+0000] {processor.py:840} INFO - DAG(s) 'example_setup_teardown' retrieved from /home/airflow/.local/lib/python3.8/site-packages/airflow/example_dags/example_setup_teardown.py
[2024-04-06T10:43:05.905+0000] {logging_mixin.py:188} INFO - [2024-04-06T10:43:05.905+0000] {dag.py:3047} INFO - Sync 1 DAGs
[2024-04-06T10:43:05.919+0000] {logging_mixin.py:188} INFO - [2024-04-06T10:43:05.919+0000] {dag.py:3834} INFO - Setting next_dagrun for example_setup_teardown to 2024-04-05 00:00:00+00:00, run_after=2024-04-06 00:00:00+00:00
[2024-04-06T10:43:05.944+0000] {processor.py:183} INFO - Processing /home/airflow/.local/lib/python3.8/site-packages/airflow/example_dags/example_setup_teardown.py took 0.088 seconds
[2024-04-06T10:43:36.134+0000] {processor.py:161} INFO - Started process (PID=228) to work on /home/airflow/.local/lib/python3.8/site-packages/airflow/example_dags/example_setup_teardown.py
[2024-04-06T10:43:36.134+0000] {processor.py:830} INFO - Processing file /home/airflow/.local/lib/python3.8/site-packages/airflow/example_dags/example_setup_teardown.py for tasks to queue
[2024-04-06T10:43:36.135+0000] {logging_mixin.py:188} INFO - [2024-04-06T10:43:36.135+0000] {dagbag.py:540} INFO - Filling up the DagBag from /home/airflow/.local/lib/python3.8/site-packages/airflow/example_dags/example_setup_teardown.py
[2024-04-06T10:43:36.139+0000] {processor.py:840} INFO - DAG(s) 'example_setup_teardown' retrieved from /home/airflow/.local/lib/python3.8/site-packages/airflow/example_dags/example_setup_teardown.py
[2024-04-06T10:43:36.151+0000] {logging_mixin.py:188} INFO - [2024-04-06T10:43:36.151+0000] {dag.py:3047} INFO - Sync 1 DAGs
[2024-04-06T10:43:36.165+0000] {logging_mixin.py:188} INFO - [2024-04-06T10:43:36.164+0000] {dag.py:3834} INFO - Setting next_dagrun for example_setup_teardown to 2024-04-05 00:00:00+00:00, run_after=2024-04-06 00:00:00+00:00
[2024-04-06T10:43:36.178+0000] {processor.py:183} INFO - Processing /home/airflow/.local/lib/python3.8/site-packages/airflow/example_dags/example_setup_teardown.py took 0.046 seconds
[2024-04-06T10:44:06.794+0000] {processor.py:161} INFO - Started process (PID=284) to work on /home/airflow/.local/lib/python3.8/site-packages/airflow/example_dags/example_setup_teardown.py
[2024-04-06T10:44:06.795+0000] {processor.py:830} INFO - Processing file /home/airflow/.local/lib/python3.8/site-packages/airflow/example_dags/example_setup_teardown.py for tasks to queue
[2024-04-06T10:44:06.796+0000] {logging_mixin.py:188} INFO - [2024-04-06T10:44:06.795+0000] {dagbag.py:540} INFO - Filling up the DagBag from /home/airflow/.local/lib/python3.8/site-packages/airflow/example_dags/example_setup_teardown.py
[2024-04-06T10:44:06.799+0000] {processor.py:840} INFO - DAG(s) 'example_setup_teardown' retrieved from /home/airflow/.local/lib/python3.8/site-packages/airflow/example_dags/example_setup_teardown.py
[2024-04-06T10:44:06.812+0000] {logging_mixin.py:188} INFO - [2024-04-06T10:44:06.812+0000] {dag.py:3047} INFO - Sync 1 DAGs
[2024-04-06T10:44:06.826+0000] {logging_mixin.py:188} INFO - [2024-04-06T10:44:06.825+0000] {dag.py:3834} INFO - Setting next_dagrun for example_setup_teardown to 2024-04-05 00:00:00+00:00, run_after=2024-04-06 00:00:00+00:00
[2024-04-06T10:44:06.836+0000] {processor.py:183} INFO - Processing /home/airflow/.local/lib/python3.8/site-packages/airflow/example_dags/example_setup_teardown.py took 0.044 seconds
[2024-04-06T10:44:37.543+0000] {processor.py:161} INFO - Started process (PID=340) to work on /home/airflow/.local/lib/python3.8/site-packages/airflow/example_dags/example_setup_teardown.py
[2024-04-06T10:44:37.544+0000] {processor.py:830} INFO - Processing file /home/airflow/.local/lib/python3.8/site-packages/airflow/example_dags/example_setup_teardown.py for tasks to queue
[2024-04-06T10:44:37.545+0000] {logging_mixin.py:188} INFO - [2024-04-06T10:44:37.545+0000] {dagbag.py:540} INFO - Filling up the DagBag from /home/airflow/.local/lib/python3.8/site-packages/airflow/example_dags/example_setup_teardown.py
[2024-04-06T10:44:37.549+0000] {processor.py:840} INFO - DAG(s) 'example_setup_teardown' retrieved from /home/airflow/.local/lib/python3.8/site-packages/airflow/example_dags/example_setup_teardown.py
[2024-04-06T10:44:37.562+0000] {logging_mixin.py:188} INFO - [2024-04-06T10:44:37.562+0000] {dag.py:3047} INFO - Sync 1 DAGs
[2024-04-06T10:44:37.577+0000] {logging_mixin.py:188} INFO - [2024-04-06T10:44:37.577+0000] {dag.py:3834} INFO - Setting next_dagrun for example_setup_teardown to 2024-04-05 00:00:00+00:00, run_after=2024-04-06 00:00:00+00:00
[2024-04-06T10:44:37.587+0000] {processor.py:183} INFO - Processing /home/airflow/.local/lib/python3.8/site-packages/airflow/example_dags/example_setup_teardown.py took 0.045 seconds
[2024-04-06T10:45:07.683+0000] {processor.py:161} INFO - Started process (PID=396) to work on /home/airflow/.local/lib/python3.8/site-packages/airflow/example_dags/example_setup_teardown.py
[2024-04-06T10:45:07.684+0000] {processor.py:830} INFO - Processing file /home/airflow/.local/lib/python3.8/site-packages/airflow/example_dags/example_setup_teardown.py for tasks to queue
[2024-04-06T10:45:07.685+0000] {logging_mixin.py:188} INFO - [2024-04-06T10:45:07.685+0000] {dagbag.py:540} INFO - Filling up the DagBag from /home/airflow/.local/lib/python3.8/site-packages/airflow/example_dags/example_setup_teardown.py
[2024-04-06T10:45:07.689+0000] {processor.py:840} INFO - DAG(s) 'example_setup_teardown' retrieved from /home/airflow/.local/lib/python3.8/site-packages/airflow/example_dags/example_setup_teardown.py
[2024-04-06T10:45:07.701+0000] {logging_mixin.py:188} INFO - [2024-04-06T10:45:07.701+0000] {dag.py:3047} INFO - Sync 1 DAGs
[2024-04-06T10:45:07.715+0000] {logging_mixin.py:188} INFO - [2024-04-06T10:45:07.715+0000] {dag.py:3834} INFO - Setting next_dagrun for example_setup_teardown to 2024-04-05 00:00:00+00:00, run_after=2024-04-06 00:00:00+00:00
[2024-04-06T10:45:07.725+0000] {processor.py:183} INFO - Processing /home/airflow/.local/lib/python3.8/site-packages/airflow/example_dags/example_setup_teardown.py took 0.044 seconds
