[2024-04-06T09:36:49.641+0000] {processor.py:153} INFO - Started process (PID=84) to work on /home/airflow/.local/lib/python3.7/site-packages/airflow/example_dags/example_latest_only_with_trigger.py
[2024-04-06T09:36:49.642+0000] {processor.py:743} INFO - Processing file /home/airflow/.local/lib/python3.7/site-packages/airflow/example_dags/example_latest_only_with_trigger.py for tasks to queue
[2024-04-06T09:36:49.643+0000] {logging_mixin.py:137} INFO - [2024-04-06T09:36:49.643+0000] {dagbag.py:538} INFO - Filling up the DagBag from /home/airflow/.local/lib/python3.7/site-packages/airflow/example_dags/example_latest_only_with_trigger.py
[2024-04-06T09:36:49.659+0000] {processor.py:753} INFO - DAG(s) dict_keys(['latest_only_with_trigger']) retrieved from /home/airflow/.local/lib/python3.7/site-packages/airflow/example_dags/example_latest_only_with_trigger.py
[2024-04-06T09:36:49.673+0000] {logging_mixin.py:137} INFO - [2024-04-06T09:36:49.672+0000] {dag.py:2690} INFO - Sync 1 DAGs
[2024-04-06T09:36:49.716+0000] {logging_mixin.py:137} INFO - [2024-04-06T09:36:49.716+0000] {dag.py:3441} INFO - Setting next_dagrun for latest_only_with_trigger to 2024-04-06T05:36:49.716174+00:00, run_after=2024-04-06T09:36:49.716174+00:00
[2024-04-06T09:36:49.744+0000] {processor.py:175} INFO - Processing /home/airflow/.local/lib/python3.7/site-packages/airflow/example_dags/example_latest_only_with_trigger.py took 0.105 seconds
[2024-04-06T09:37:20.048+0000] {processor.py:153} INFO - Started process (PID=156) to work on /home/airflow/.local/lib/python3.7/site-packages/airflow/example_dags/example_latest_only_with_trigger.py
[2024-04-06T09:37:20.048+0000] {processor.py:743} INFO - Processing file /home/airflow/.local/lib/python3.7/site-packages/airflow/example_dags/example_latest_only_with_trigger.py for tasks to queue
[2024-04-06T09:37:20.049+0000] {logging_mixin.py:137} INFO - [2024-04-06T09:37:20.049+0000] {dagbag.py:538} INFO - Filling up the DagBag from /home/airflow/.local/lib/python3.7/site-packages/airflow/example_dags/example_latest_only_with_trigger.py
[2024-04-06T09:37:20.062+0000] {processor.py:753} INFO - DAG(s) dict_keys(['latest_only_with_trigger']) retrieved from /home/airflow/.local/lib/python3.7/site-packages/airflow/example_dags/example_latest_only_with_trigger.py
[2024-04-06T09:37:20.074+0000] {logging_mixin.py:137} INFO - [2024-04-06T09:37:20.074+0000] {dag.py:2690} INFO - Sync 1 DAGs
[2024-04-06T09:37:20.102+0000] {logging_mixin.py:137} INFO - [2024-04-06T09:37:20.102+0000] {dag.py:3441} INFO - Setting next_dagrun for latest_only_with_trigger to 2024-04-06T05:37:20.101910+00:00, run_after=2024-04-06T09:37:20.101910+00:00
[2024-04-06T09:37:20.120+0000] {processor.py:175} INFO - Processing /home/airflow/.local/lib/python3.7/site-packages/airflow/example_dags/example_latest_only_with_trigger.py took 0.075 seconds
[2024-04-06T09:37:50.874+0000] {processor.py:153} INFO - Started process (PID=228) to work on /home/airflow/.local/lib/python3.7/site-packages/airflow/example_dags/example_latest_only_with_trigger.py
[2024-04-06T09:37:50.874+0000] {processor.py:743} INFO - Processing file /home/airflow/.local/lib/python3.7/site-packages/airflow/example_dags/example_latest_only_with_trigger.py for tasks to queue
[2024-04-06T09:37:50.875+0000] {logging_mixin.py:137} INFO - [2024-04-06T09:37:50.875+0000] {dagbag.py:538} INFO - Filling up the DagBag from /home/airflow/.local/lib/python3.7/site-packages/airflow/example_dags/example_latest_only_with_trigger.py
[2024-04-06T09:37:50.890+0000] {processor.py:753} INFO - DAG(s) dict_keys(['latest_only_with_trigger']) retrieved from /home/airflow/.local/lib/python3.7/site-packages/airflow/example_dags/example_latest_only_with_trigger.py
[2024-04-06T09:37:50.915+0000] {logging_mixin.py:137} INFO - [2024-04-06T09:37:50.914+0000] {dag.py:2690} INFO - Sync 1 DAGs
[2024-04-06T09:37:50.941+0000] {logging_mixin.py:137} INFO - [2024-04-06T09:37:50.941+0000] {dag.py:3441} INFO - Setting next_dagrun for latest_only_with_trigger to 2024-04-06T05:37:50.941078+00:00, run_after=2024-04-06T09:37:50.941078+00:00
[2024-04-06T09:37:50.960+0000] {processor.py:175} INFO - Processing /home/airflow/.local/lib/python3.7/site-packages/airflow/example_dags/example_latest_only_with_trigger.py took 0.090 seconds
[2024-04-06T09:38:21.597+0000] {processor.py:153} INFO - Started process (PID=316) to work on /home/airflow/.local/lib/python3.7/site-packages/airflow/example_dags/example_latest_only_with_trigger.py
[2024-04-06T09:38:21.598+0000] {processor.py:743} INFO - Processing file /home/airflow/.local/lib/python3.7/site-packages/airflow/example_dags/example_latest_only_with_trigger.py for tasks to queue
[2024-04-06T09:38:21.599+0000] {logging_mixin.py:137} INFO - [2024-04-06T09:38:21.598+0000] {dagbag.py:538} INFO - Filling up the DagBag from /home/airflow/.local/lib/python3.7/site-packages/airflow/example_dags/example_latest_only_with_trigger.py
[2024-04-06T09:38:21.612+0000] {processor.py:753} INFO - DAG(s) dict_keys(['latest_only_with_trigger']) retrieved from /home/airflow/.local/lib/python3.7/site-packages/airflow/example_dags/example_latest_only_with_trigger.py
[2024-04-06T09:38:21.637+0000] {logging_mixin.py:137} INFO - [2024-04-06T09:38:21.637+0000] {dag.py:2690} INFO - Sync 1 DAGs
[2024-04-06T09:38:21.663+0000] {logging_mixin.py:137} INFO - [2024-04-06T09:38:21.663+0000] {dag.py:3441} INFO - Setting next_dagrun for latest_only_with_trigger to 2024-04-06T05:38:21.663215+00:00, run_after=2024-04-06T09:38:21.663215+00:00
[2024-04-06T09:38:21.681+0000] {processor.py:175} INFO - Processing /home/airflow/.local/lib/python3.7/site-packages/airflow/example_dags/example_latest_only_with_trigger.py took 0.088 seconds
[2024-04-06T09:38:51.726+0000] {processor.py:153} INFO - Started process (PID=387) to work on /home/airflow/.local/lib/python3.7/site-packages/airflow/example_dags/example_latest_only_with_trigger.py
[2024-04-06T09:38:51.727+0000] {processor.py:743} INFO - Processing file /home/airflow/.local/lib/python3.7/site-packages/airflow/example_dags/example_latest_only_with_trigger.py for tasks to queue
[2024-04-06T09:38:51.727+0000] {logging_mixin.py:137} INFO - [2024-04-06T09:38:51.727+0000] {dagbag.py:538} INFO - Filling up the DagBag from /home/airflow/.local/lib/python3.7/site-packages/airflow/example_dags/example_latest_only_with_trigger.py
[2024-04-06T09:38:51.738+0000] {processor.py:753} INFO - DAG(s) dict_keys(['latest_only_with_trigger']) retrieved from /home/airflow/.local/lib/python3.7/site-packages/airflow/example_dags/example_latest_only_with_trigger.py
[2024-04-06T09:38:51.759+0000] {logging_mixin.py:137} INFO - [2024-04-06T09:38:51.759+0000] {dag.py:2690} INFO - Sync 1 DAGs
[2024-04-06T09:38:51.781+0000] {logging_mixin.py:137} INFO - [2024-04-06T09:38:51.781+0000] {dag.py:3441} INFO - Setting next_dagrun for latest_only_with_trigger to 2024-04-06T05:38:51.781003+00:00, run_after=2024-04-06T09:38:51.781003+00:00
[2024-04-06T09:38:51.797+0000] {processor.py:175} INFO - Processing /home/airflow/.local/lib/python3.7/site-packages/airflow/example_dags/example_latest_only_with_trigger.py took 0.073 seconds
[2024-04-06T09:39:22.022+0000] {processor.py:153} INFO - Started process (PID=476) to work on /home/airflow/.local/lib/python3.7/site-packages/airflow/example_dags/example_latest_only_with_trigger.py
[2024-04-06T09:39:22.023+0000] {processor.py:743} INFO - Processing file /home/airflow/.local/lib/python3.7/site-packages/airflow/example_dags/example_latest_only_with_trigger.py for tasks to queue
[2024-04-06T09:39:22.024+0000] {logging_mixin.py:137} INFO - [2024-04-06T09:39:22.023+0000] {dagbag.py:538} INFO - Filling up the DagBag from /home/airflow/.local/lib/python3.7/site-packages/airflow/example_dags/example_latest_only_with_trigger.py
[2024-04-06T09:39:22.036+0000] {processor.py:753} INFO - DAG(s) dict_keys(['latest_only_with_trigger']) retrieved from /home/airflow/.local/lib/python3.7/site-packages/airflow/example_dags/example_latest_only_with_trigger.py
[2024-04-06T09:39:22.064+0000] {logging_mixin.py:137} INFO - [2024-04-06T09:39:22.064+0000] {dag.py:2690} INFO - Sync 1 DAGs
[2024-04-06T09:39:22.090+0000] {logging_mixin.py:137} INFO - [2024-04-06T09:39:22.089+0000] {dag.py:3441} INFO - Setting next_dagrun for latest_only_with_trigger to 2024-04-06T05:39:22.089744+00:00, run_after=2024-04-06T09:39:22.089744+00:00
[2024-04-06T09:39:22.108+0000] {processor.py:175} INFO - Processing /home/airflow/.local/lib/python3.7/site-packages/airflow/example_dags/example_latest_only_with_trigger.py took 0.088 seconds
[2024-04-06T09:39:52.218+0000] {processor.py:153} INFO - Started process (PID=547) to work on /home/airflow/.local/lib/python3.7/site-packages/airflow/example_dags/example_latest_only_with_trigger.py
[2024-04-06T09:39:52.219+0000] {processor.py:743} INFO - Processing file /home/airflow/.local/lib/python3.7/site-packages/airflow/example_dags/example_latest_only_with_trigger.py for tasks to queue
[2024-04-06T09:39:52.220+0000] {logging_mixin.py:137} INFO - [2024-04-06T09:39:52.220+0000] {dagbag.py:538} INFO - Filling up the DagBag from /home/airflow/.local/lib/python3.7/site-packages/airflow/example_dags/example_latest_only_with_trigger.py
[2024-04-06T09:39:52.235+0000] {processor.py:753} INFO - DAG(s) dict_keys(['latest_only_with_trigger']) retrieved from /home/airflow/.local/lib/python3.7/site-packages/airflow/example_dags/example_latest_only_with_trigger.py
[2024-04-06T09:39:52.257+0000] {logging_mixin.py:137} INFO - [2024-04-06T09:39:52.257+0000] {dag.py:2690} INFO - Sync 1 DAGs
[2024-04-06T09:39:52.284+0000] {logging_mixin.py:137} INFO - [2024-04-06T09:39:52.283+0000] {dag.py:3441} INFO - Setting next_dagrun for latest_only_with_trigger to 2024-04-06T05:39:52.283678+00:00, run_after=2024-04-06T09:39:52.283678+00:00
[2024-04-06T09:39:52.306+0000] {processor.py:175} INFO - Processing /home/airflow/.local/lib/python3.7/site-packages/airflow/example_dags/example_latest_only_with_trigger.py took 0.091 seconds
[2024-04-06T09:40:22.621+0000] {processor.py:153} INFO - Started process (PID=635) to work on /home/airflow/.local/lib/python3.7/site-packages/airflow/example_dags/example_latest_only_with_trigger.py
[2024-04-06T09:40:22.622+0000] {processor.py:743} INFO - Processing file /home/airflow/.local/lib/python3.7/site-packages/airflow/example_dags/example_latest_only_with_trigger.py for tasks to queue
[2024-04-06T09:40:22.622+0000] {logging_mixin.py:137} INFO - [2024-04-06T09:40:22.622+0000] {dagbag.py:538} INFO - Filling up the DagBag from /home/airflow/.local/lib/python3.7/site-packages/airflow/example_dags/example_latest_only_with_trigger.py
[2024-04-06T09:40:22.636+0000] {processor.py:753} INFO - DAG(s) dict_keys(['latest_only_with_trigger']) retrieved from /home/airflow/.local/lib/python3.7/site-packages/airflow/example_dags/example_latest_only_with_trigger.py
[2024-04-06T09:40:22.661+0000] {logging_mixin.py:137} INFO - [2024-04-06T09:40:22.660+0000] {dag.py:2690} INFO - Sync 1 DAGs
[2024-04-06T09:40:22.685+0000] {logging_mixin.py:137} INFO - [2024-04-06T09:40:22.685+0000] {dag.py:3441} INFO - Setting next_dagrun for latest_only_with_trigger to 2024-04-06T05:40:22.685244+00:00, run_after=2024-04-06T09:40:22.685244+00:00
[2024-04-06T09:40:22.705+0000] {processor.py:175} INFO - Processing /home/airflow/.local/lib/python3.7/site-packages/airflow/example_dags/example_latest_only_with_trigger.py took 0.087 seconds
[2024-04-06T09:40:52.896+0000] {processor.py:153} INFO - Started process (PID=707) to work on /home/airflow/.local/lib/python3.7/site-packages/airflow/example_dags/example_latest_only_with_trigger.py
[2024-04-06T09:40:52.896+0000] {processor.py:743} INFO - Processing file /home/airflow/.local/lib/python3.7/site-packages/airflow/example_dags/example_latest_only_with_trigger.py for tasks to queue
[2024-04-06T09:40:52.897+0000] {logging_mixin.py:137} INFO - [2024-04-06T09:40:52.897+0000] {dagbag.py:538} INFO - Filling up the DagBag from /home/airflow/.local/lib/python3.7/site-packages/airflow/example_dags/example_latest_only_with_trigger.py
[2024-04-06T09:40:52.908+0000] {processor.py:753} INFO - DAG(s) dict_keys(['latest_only_with_trigger']) retrieved from /home/airflow/.local/lib/python3.7/site-packages/airflow/example_dags/example_latest_only_with_trigger.py
[2024-04-06T09:40:52.929+0000] {logging_mixin.py:137} INFO - [2024-04-06T09:40:52.928+0000] {dag.py:2690} INFO - Sync 1 DAGs
[2024-04-06T09:40:52.950+0000] {logging_mixin.py:137} INFO - [2024-04-06T09:40:52.950+0000] {dag.py:3441} INFO - Setting next_dagrun for latest_only_with_trigger to 2024-04-06T05:40:52.949940+00:00, run_after=2024-04-06T09:40:52.949940+00:00
[2024-04-06T09:40:52.969+0000] {processor.py:175} INFO - Processing /home/airflow/.local/lib/python3.7/site-packages/airflow/example_dags/example_latest_only_with_trigger.py took 0.075 seconds
[2024-04-06T09:41:23.379+0000] {processor.py:153} INFO - Started process (PID=795) to work on /home/airflow/.local/lib/python3.7/site-packages/airflow/example_dags/example_latest_only_with_trigger.py
[2024-04-06T09:41:23.379+0000] {processor.py:743} INFO - Processing file /home/airflow/.local/lib/python3.7/site-packages/airflow/example_dags/example_latest_only_with_trigger.py for tasks to queue
[2024-04-06T09:41:23.380+0000] {logging_mixin.py:137} INFO - [2024-04-06T09:41:23.380+0000] {dagbag.py:538} INFO - Filling up the DagBag from /home/airflow/.local/lib/python3.7/site-packages/airflow/example_dags/example_latest_only_with_trigger.py
[2024-04-06T09:41:23.391+0000] {processor.py:753} INFO - DAG(s) dict_keys(['latest_only_with_trigger']) retrieved from /home/airflow/.local/lib/python3.7/site-packages/airflow/example_dags/example_latest_only_with_trigger.py
[2024-04-06T09:41:23.413+0000] {logging_mixin.py:137} INFO - [2024-04-06T09:41:23.413+0000] {dag.py:2690} INFO - Sync 1 DAGs
[2024-04-06T09:41:23.441+0000] {logging_mixin.py:137} INFO - [2024-04-06T09:41:23.441+0000] {dag.py:3441} INFO - Setting next_dagrun for latest_only_with_trigger to 2024-04-06T05:41:23.441381+00:00, run_after=2024-04-06T09:41:23.441381+00:00
[2024-04-06T09:41:23.458+0000] {processor.py:175} INFO - Processing /home/airflow/.local/lib/python3.7/site-packages/airflow/example_dags/example_latest_only_with_trigger.py took 0.082 seconds
[2024-04-06T09:41:53.692+0000] {processor.py:153} INFO - Started process (PID=867) to work on /home/airflow/.local/lib/python3.7/site-packages/airflow/example_dags/example_latest_only_with_trigger.py
[2024-04-06T09:41:53.693+0000] {processor.py:743} INFO - Processing file /home/airflow/.local/lib/python3.7/site-packages/airflow/example_dags/example_latest_only_with_trigger.py for tasks to queue
[2024-04-06T09:41:53.694+0000] {logging_mixin.py:137} INFO - [2024-04-06T09:41:53.694+0000] {dagbag.py:538} INFO - Filling up the DagBag from /home/airflow/.local/lib/python3.7/site-packages/airflow/example_dags/example_latest_only_with_trigger.py
[2024-04-06T09:41:53.707+0000] {processor.py:753} INFO - DAG(s) dict_keys(['latest_only_with_trigger']) retrieved from /home/airflow/.local/lib/python3.7/site-packages/airflow/example_dags/example_latest_only_with_trigger.py
[2024-04-06T09:41:53.737+0000] {logging_mixin.py:137} INFO - [2024-04-06T09:41:53.737+0000] {dag.py:2690} INFO - Sync 1 DAGs
[2024-04-06T09:41:53.761+0000] {logging_mixin.py:137} INFO - [2024-04-06T09:41:53.761+0000] {dag.py:3441} INFO - Setting next_dagrun for latest_only_with_trigger to 2024-04-06T05:41:53.761442+00:00, run_after=2024-04-06T09:41:53.761442+00:00
[2024-04-06T09:41:53.781+0000] {processor.py:175} INFO - Processing /home/airflow/.local/lib/python3.7/site-packages/airflow/example_dags/example_latest_only_with_trigger.py took 0.091 seconds
[2024-04-06T09:42:24.473+0000] {processor.py:153} INFO - Started process (PID=955) to work on /home/airflow/.local/lib/python3.7/site-packages/airflow/example_dags/example_latest_only_with_trigger.py
[2024-04-06T09:42:24.474+0000] {processor.py:743} INFO - Processing file /home/airflow/.local/lib/python3.7/site-packages/airflow/example_dags/example_latest_only_with_trigger.py for tasks to queue
[2024-04-06T09:42:24.474+0000] {logging_mixin.py:137} INFO - [2024-04-06T09:42:24.474+0000] {dagbag.py:538} INFO - Filling up the DagBag from /home/airflow/.local/lib/python3.7/site-packages/airflow/example_dags/example_latest_only_with_trigger.py
[2024-04-06T09:42:24.486+0000] {processor.py:753} INFO - DAG(s) dict_keys(['latest_only_with_trigger']) retrieved from /home/airflow/.local/lib/python3.7/site-packages/airflow/example_dags/example_latest_only_with_trigger.py
[2024-04-06T09:42:24.508+0000] {logging_mixin.py:137} INFO - [2024-04-06T09:42:24.508+0000] {dag.py:2690} INFO - Sync 1 DAGs
[2024-04-06T09:42:24.529+0000] {logging_mixin.py:137} INFO - [2024-04-06T09:42:24.529+0000] {dag.py:3441} INFO - Setting next_dagrun for latest_only_with_trigger to 2024-04-06T05:42:24.529413+00:00, run_after=2024-04-06T09:42:24.529413+00:00
[2024-04-06T09:42:24.549+0000] {processor.py:175} INFO - Processing /home/airflow/.local/lib/python3.7/site-packages/airflow/example_dags/example_latest_only_with_trigger.py took 0.079 seconds
[2024-04-06T09:42:54.660+0000] {processor.py:153} INFO - Started process (PID=1027) to work on /home/airflow/.local/lib/python3.7/site-packages/airflow/example_dags/example_latest_only_with_trigger.py
[2024-04-06T09:42:54.661+0000] {processor.py:743} INFO - Processing file /home/airflow/.local/lib/python3.7/site-packages/airflow/example_dags/example_latest_only_with_trigger.py for tasks to queue
[2024-04-06T09:42:54.662+0000] {logging_mixin.py:137} INFO - [2024-04-06T09:42:54.662+0000] {dagbag.py:538} INFO - Filling up the DagBag from /home/airflow/.local/lib/python3.7/site-packages/airflow/example_dags/example_latest_only_with_trigger.py
[2024-04-06T09:42:54.681+0000] {processor.py:753} INFO - DAG(s) dict_keys(['latest_only_with_trigger']) retrieved from /home/airflow/.local/lib/python3.7/site-packages/airflow/example_dags/example_latest_only_with_trigger.py
[2024-04-06T09:42:54.706+0000] {logging_mixin.py:137} INFO - [2024-04-06T09:42:54.706+0000] {dag.py:2690} INFO - Sync 1 DAGs
[2024-04-06T09:42:54.730+0000] {logging_mixin.py:137} INFO - [2024-04-06T09:42:54.730+0000] {dag.py:3441} INFO - Setting next_dagrun for latest_only_with_trigger to 2024-04-06T05:42:54.729829+00:00, run_after=2024-04-06T09:42:54.729829+00:00
[2024-04-06T09:42:54.746+0000] {processor.py:175} INFO - Processing /home/airflow/.local/lib/python3.7/site-packages/airflow/example_dags/example_latest_only_with_trigger.py took 0.090 seconds
[2024-04-06T09:43:25.317+0000] {processor.py:153} INFO - Started process (PID=1114) to work on /home/airflow/.local/lib/python3.7/site-packages/airflow/example_dags/example_latest_only_with_trigger.py
[2024-04-06T09:43:25.317+0000] {processor.py:743} INFO - Processing file /home/airflow/.local/lib/python3.7/site-packages/airflow/example_dags/example_latest_only_with_trigger.py for tasks to queue
[2024-04-06T09:43:25.318+0000] {logging_mixin.py:137} INFO - [2024-04-06T09:43:25.318+0000] {dagbag.py:538} INFO - Filling up the DagBag from /home/airflow/.local/lib/python3.7/site-packages/airflow/example_dags/example_latest_only_with_trigger.py
[2024-04-06T09:43:25.328+0000] {processor.py:753} INFO - DAG(s) dict_keys(['latest_only_with_trigger']) retrieved from /home/airflow/.local/lib/python3.7/site-packages/airflow/example_dags/example_latest_only_with_trigger.py
[2024-04-06T09:43:25.350+0000] {logging_mixin.py:137} INFO - [2024-04-06T09:43:25.350+0000] {dag.py:2690} INFO - Sync 1 DAGs
[2024-04-06T09:43:25.374+0000] {logging_mixin.py:137} INFO - [2024-04-06T09:43:25.374+0000] {dag.py:3441} INFO - Setting next_dagrun for latest_only_with_trigger to 2024-04-06T05:43:25.373899+00:00, run_after=2024-04-06T09:43:25.373899+00:00
[2024-04-06T09:43:25.390+0000] {processor.py:175} INFO - Processing /home/airflow/.local/lib/python3.7/site-packages/airflow/example_dags/example_latest_only_with_trigger.py took 0.075 seconds
[2024-04-06T09:43:55.487+0000] {processor.py:153} INFO - Started process (PID=1186) to work on /home/airflow/.local/lib/python3.7/site-packages/airflow/example_dags/example_latest_only_with_trigger.py
[2024-04-06T09:43:55.488+0000] {processor.py:743} INFO - Processing file /home/airflow/.local/lib/python3.7/site-packages/airflow/example_dags/example_latest_only_with_trigger.py for tasks to queue
[2024-04-06T09:43:55.488+0000] {logging_mixin.py:137} INFO - [2024-04-06T09:43:55.488+0000] {dagbag.py:538} INFO - Filling up the DagBag from /home/airflow/.local/lib/python3.7/site-packages/airflow/example_dags/example_latest_only_with_trigger.py
[2024-04-06T09:43:55.501+0000] {processor.py:753} INFO - DAG(s) dict_keys(['latest_only_with_trigger']) retrieved from /home/airflow/.local/lib/python3.7/site-packages/airflow/example_dags/example_latest_only_with_trigger.py
[2024-04-06T09:43:55.522+0000] {logging_mixin.py:137} INFO - [2024-04-06T09:43:55.522+0000] {dag.py:2690} INFO - Sync 1 DAGs
[2024-04-06T09:43:55.549+0000] {logging_mixin.py:137} INFO - [2024-04-06T09:43:55.549+0000] {dag.py:3441} INFO - Setting next_dagrun for latest_only_with_trigger to 2024-04-06T05:43:55.549302+00:00, run_after=2024-04-06T09:43:55.549302+00:00
[2024-04-06T09:43:55.570+0000] {processor.py:175} INFO - Processing /home/airflow/.local/lib/python3.7/site-packages/airflow/example_dags/example_latest_only_with_trigger.py took 0.085 seconds
[2024-04-06T09:44:26.354+0000] {processor.py:153} INFO - Started process (PID=1274) to work on /home/airflow/.local/lib/python3.7/site-packages/airflow/example_dags/example_latest_only_with_trigger.py
[2024-04-06T09:44:26.355+0000] {processor.py:743} INFO - Processing file /home/airflow/.local/lib/python3.7/site-packages/airflow/example_dags/example_latest_only_with_trigger.py for tasks to queue
[2024-04-06T09:44:26.356+0000] {logging_mixin.py:137} INFO - [2024-04-06T09:44:26.356+0000] {dagbag.py:538} INFO - Filling up the DagBag from /home/airflow/.local/lib/python3.7/site-packages/airflow/example_dags/example_latest_only_with_trigger.py
[2024-04-06T09:44:26.376+0000] {processor.py:753} INFO - DAG(s) dict_keys(['latest_only_with_trigger']) retrieved from /home/airflow/.local/lib/python3.7/site-packages/airflow/example_dags/example_latest_only_with_trigger.py
[2024-04-06T09:44:26.407+0000] {logging_mixin.py:137} INFO - [2024-04-06T09:44:26.407+0000] {dag.py:2690} INFO - Sync 1 DAGs
[2024-04-06T09:44:26.432+0000] {logging_mixin.py:137} INFO - [2024-04-06T09:44:26.432+0000] {dag.py:3441} INFO - Setting next_dagrun for latest_only_with_trigger to 2024-04-06T05:44:26.432422+00:00, run_after=2024-04-06T09:44:26.432422+00:00
[2024-04-06T09:44:26.453+0000] {processor.py:175} INFO - Processing /home/airflow/.local/lib/python3.7/site-packages/airflow/example_dags/example_latest_only_with_trigger.py took 0.103 seconds
[2024-04-06T09:44:56.510+0000] {processor.py:153} INFO - Started process (PID=1346) to work on /home/airflow/.local/lib/python3.7/site-packages/airflow/example_dags/example_latest_only_with_trigger.py
[2024-04-06T09:44:56.510+0000] {processor.py:743} INFO - Processing file /home/airflow/.local/lib/python3.7/site-packages/airflow/example_dags/example_latest_only_with_trigger.py for tasks to queue
[2024-04-06T09:44:56.511+0000] {logging_mixin.py:137} INFO - [2024-04-06T09:44:56.511+0000] {dagbag.py:538} INFO - Filling up the DagBag from /home/airflow/.local/lib/python3.7/site-packages/airflow/example_dags/example_latest_only_with_trigger.py
[2024-04-06T09:44:56.521+0000] {processor.py:753} INFO - DAG(s) dict_keys(['latest_only_with_trigger']) retrieved from /home/airflow/.local/lib/python3.7/site-packages/airflow/example_dags/example_latest_only_with_trigger.py
[2024-04-06T09:44:56.541+0000] {logging_mixin.py:137} INFO - [2024-04-06T09:44:56.541+0000] {dag.py:2690} INFO - Sync 1 DAGs
[2024-04-06T09:44:56.562+0000] {logging_mixin.py:137} INFO - [2024-04-06T09:44:56.562+0000] {dag.py:3441} INFO - Setting next_dagrun for latest_only_with_trigger to 2024-04-06T05:44:56.561830+00:00, run_after=2024-04-06T09:44:56.561830+00:00
[2024-04-06T09:44:56.579+0000] {processor.py:175} INFO - Processing /home/airflow/.local/lib/python3.7/site-packages/airflow/example_dags/example_latest_only_with_trigger.py took 0.072 seconds
[2024-04-06T09:45:27.010+0000] {processor.py:153} INFO - Started process (PID=1434) to work on /home/airflow/.local/lib/python3.7/site-packages/airflow/example_dags/example_latest_only_with_trigger.py
[2024-04-06T09:45:27.010+0000] {processor.py:743} INFO - Processing file /home/airflow/.local/lib/python3.7/site-packages/airflow/example_dags/example_latest_only_with_trigger.py for tasks to queue
[2024-04-06T09:45:27.011+0000] {logging_mixin.py:137} INFO - [2024-04-06T09:45:27.011+0000] {dagbag.py:538} INFO - Filling up the DagBag from /home/airflow/.local/lib/python3.7/site-packages/airflow/example_dags/example_latest_only_with_trigger.py
[2024-04-06T09:45:27.021+0000] {processor.py:753} INFO - DAG(s) dict_keys(['latest_only_with_trigger']) retrieved from /home/airflow/.local/lib/python3.7/site-packages/airflow/example_dags/example_latest_only_with_trigger.py
[2024-04-06T09:45:27.042+0000] {logging_mixin.py:137} INFO - [2024-04-06T09:45:27.042+0000] {dag.py:2690} INFO - Sync 1 DAGs
[2024-04-06T09:45:27.063+0000] {logging_mixin.py:137} INFO - [2024-04-06T09:45:27.063+0000] {dag.py:3441} INFO - Setting next_dagrun for latest_only_with_trigger to 2024-04-06T05:45:27.063300+00:00, run_after=2024-04-06T09:45:27.063300+00:00
[2024-04-06T09:45:27.079+0000] {processor.py:175} INFO - Processing /home/airflow/.local/lib/python3.7/site-packages/airflow/example_dags/example_latest_only_with_trigger.py took 0.072 seconds
[2024-04-06T09:45:57.346+0000] {processor.py:153} INFO - Started process (PID=1506) to work on /home/airflow/.local/lib/python3.7/site-packages/airflow/example_dags/example_latest_only_with_trigger.py
[2024-04-06T09:45:57.347+0000] {processor.py:743} INFO - Processing file /home/airflow/.local/lib/python3.7/site-packages/airflow/example_dags/example_latest_only_with_trigger.py for tasks to queue
[2024-04-06T09:45:57.348+0000] {logging_mixin.py:137} INFO - [2024-04-06T09:45:57.347+0000] {dagbag.py:538} INFO - Filling up the DagBag from /home/airflow/.local/lib/python3.7/site-packages/airflow/example_dags/example_latest_only_with_trigger.py
[2024-04-06T09:45:57.361+0000] {processor.py:753} INFO - DAG(s) dict_keys(['latest_only_with_trigger']) retrieved from /home/airflow/.local/lib/python3.7/site-packages/airflow/example_dags/example_latest_only_with_trigger.py
[2024-04-06T09:45:57.389+0000] {logging_mixin.py:137} INFO - [2024-04-06T09:45:57.388+0000] {dag.py:2690} INFO - Sync 1 DAGs
[2024-04-06T09:45:57.415+0000] {logging_mixin.py:137} INFO - [2024-04-06T09:45:57.415+0000] {dag.py:3441} INFO - Setting next_dagrun for latest_only_with_trigger to 2024-04-06T05:45:57.414951+00:00, run_after=2024-04-06T09:45:57.414951+00:00
[2024-04-06T09:45:57.439+0000] {processor.py:175} INFO - Processing /home/airflow/.local/lib/python3.7/site-packages/airflow/example_dags/example_latest_only_with_trigger.py took 0.096 seconds
[2024-04-06T09:46:27.756+0000] {processor.py:153} INFO - Started process (PID=1593) to work on /home/airflow/.local/lib/python3.7/site-packages/airflow/example_dags/example_latest_only_with_trigger.py
[2024-04-06T09:46:27.756+0000] {processor.py:743} INFO - Processing file /home/airflow/.local/lib/python3.7/site-packages/airflow/example_dags/example_latest_only_with_trigger.py for tasks to queue
[2024-04-06T09:46:27.757+0000] {logging_mixin.py:137} INFO - [2024-04-06T09:46:27.757+0000] {dagbag.py:538} INFO - Filling up the DagBag from /home/airflow/.local/lib/python3.7/site-packages/airflow/example_dags/example_latest_only_with_trigger.py
[2024-04-06T09:46:27.771+0000] {processor.py:753} INFO - DAG(s) dict_keys(['latest_only_with_trigger']) retrieved from /home/airflow/.local/lib/python3.7/site-packages/airflow/example_dags/example_latest_only_with_trigger.py
[2024-04-06T09:46:27.798+0000] {logging_mixin.py:137} INFO - [2024-04-06T09:46:27.798+0000] {dag.py:2690} INFO - Sync 1 DAGs
[2024-04-06T09:46:27.821+0000] {logging_mixin.py:137} INFO - [2024-04-06T09:46:27.821+0000] {dag.py:3441} INFO - Setting next_dagrun for latest_only_with_trigger to 2024-04-06T05:46:27.820887+00:00, run_after=2024-04-06T09:46:27.820887+00:00
[2024-04-06T09:46:27.837+0000] {processor.py:175} INFO - Processing /home/airflow/.local/lib/python3.7/site-packages/airflow/example_dags/example_latest_only_with_trigger.py took 0.084 seconds
[2024-04-06T09:46:58.103+0000] {processor.py:153} INFO - Started process (PID=1665) to work on /home/airflow/.local/lib/python3.7/site-packages/airflow/example_dags/example_latest_only_with_trigger.py
[2024-04-06T09:46:58.104+0000] {processor.py:743} INFO - Processing file /home/airflow/.local/lib/python3.7/site-packages/airflow/example_dags/example_latest_only_with_trigger.py for tasks to queue
[2024-04-06T09:46:58.104+0000] {logging_mixin.py:137} INFO - [2024-04-06T09:46:58.104+0000] {dagbag.py:538} INFO - Filling up the DagBag from /home/airflow/.local/lib/python3.7/site-packages/airflow/example_dags/example_latest_only_with_trigger.py
[2024-04-06T09:46:58.117+0000] {processor.py:753} INFO - DAG(s) dict_keys(['latest_only_with_trigger']) retrieved from /home/airflow/.local/lib/python3.7/site-packages/airflow/example_dags/example_latest_only_with_trigger.py
[2024-04-06T09:46:58.142+0000] {logging_mixin.py:137} INFO - [2024-04-06T09:46:58.142+0000] {dag.py:2690} INFO - Sync 1 DAGs
[2024-04-06T09:46:58.168+0000] {logging_mixin.py:137} INFO - [2024-04-06T09:46:58.167+0000] {dag.py:3441} INFO - Setting next_dagrun for latest_only_with_trigger to 2024-04-06T05:46:58.167520+00:00, run_after=2024-04-06T09:46:58.167520+00:00
[2024-04-06T09:46:58.186+0000] {processor.py:175} INFO - Processing /home/airflow/.local/lib/python3.7/site-packages/airflow/example_dags/example_latest_only_with_trigger.py took 0.086 seconds
[2024-04-06T09:47:28.664+0000] {processor.py:153} INFO - Started process (PID=1753) to work on /home/airflow/.local/lib/python3.7/site-packages/airflow/example_dags/example_latest_only_with_trigger.py
[2024-04-06T09:47:28.664+0000] {processor.py:743} INFO - Processing file /home/airflow/.local/lib/python3.7/site-packages/airflow/example_dags/example_latest_only_with_trigger.py for tasks to queue
[2024-04-06T09:47:28.665+0000] {logging_mixin.py:137} INFO - [2024-04-06T09:47:28.665+0000] {dagbag.py:538} INFO - Filling up the DagBag from /home/airflow/.local/lib/python3.7/site-packages/airflow/example_dags/example_latest_only_with_trigger.py
[2024-04-06T09:47:28.675+0000] {processor.py:753} INFO - DAG(s) dict_keys(['latest_only_with_trigger']) retrieved from /home/airflow/.local/lib/python3.7/site-packages/airflow/example_dags/example_latest_only_with_trigger.py
[2024-04-06T09:47:28.696+0000] {logging_mixin.py:137} INFO - [2024-04-06T09:47:28.695+0000] {dag.py:2690} INFO - Sync 1 DAGs
[2024-04-06T09:47:28.717+0000] {logging_mixin.py:137} INFO - [2024-04-06T09:47:28.717+0000] {dag.py:3441} INFO - Setting next_dagrun for latest_only_with_trigger to 2024-04-06T05:47:28.717307+00:00, run_after=2024-04-06T09:47:28.717307+00:00
[2024-04-06T09:47:28.734+0000] {processor.py:175} INFO - Processing /home/airflow/.local/lib/python3.7/site-packages/airflow/example_dags/example_latest_only_with_trigger.py took 0.073 seconds
[2024-04-06T09:47:58.851+0000] {processor.py:153} INFO - Started process (PID=1825) to work on /home/airflow/.local/lib/python3.7/site-packages/airflow/example_dags/example_latest_only_with_trigger.py
[2024-04-06T09:47:58.851+0000] {processor.py:743} INFO - Processing file /home/airflow/.local/lib/python3.7/site-packages/airflow/example_dags/example_latest_only_with_trigger.py for tasks to queue
[2024-04-06T09:47:58.852+0000] {logging_mixin.py:137} INFO - [2024-04-06T09:47:58.852+0000] {dagbag.py:538} INFO - Filling up the DagBag from /home/airflow/.local/lib/python3.7/site-packages/airflow/example_dags/example_latest_only_with_trigger.py
[2024-04-06T09:47:58.863+0000] {processor.py:753} INFO - DAG(s) dict_keys(['latest_only_with_trigger']) retrieved from /home/airflow/.local/lib/python3.7/site-packages/airflow/example_dags/example_latest_only_with_trigger.py
[2024-04-06T09:47:58.883+0000] {logging_mixin.py:137} INFO - [2024-04-06T09:47:58.883+0000] {dag.py:2690} INFO - Sync 1 DAGs
[2024-04-06T09:47:58.905+0000] {logging_mixin.py:137} INFO - [2024-04-06T09:47:58.905+0000] {dag.py:3441} INFO - Setting next_dagrun for latest_only_with_trigger to 2024-04-06T05:47:58.905000+00:00, run_after=2024-04-06T09:47:58.905000+00:00
[2024-04-06T09:47:58.923+0000] {processor.py:175} INFO - Processing /home/airflow/.local/lib/python3.7/site-packages/airflow/example_dags/example_latest_only_with_trigger.py took 0.074 seconds
[2024-04-06T09:48:29.354+0000] {processor.py:153} INFO - Started process (PID=1913) to work on /home/airflow/.local/lib/python3.7/site-packages/airflow/example_dags/example_latest_only_with_trigger.py
[2024-04-06T09:48:29.355+0000] {processor.py:743} INFO - Processing file /home/airflow/.local/lib/python3.7/site-packages/airflow/example_dags/example_latest_only_with_trigger.py for tasks to queue
[2024-04-06T09:48:29.355+0000] {logging_mixin.py:137} INFO - [2024-04-06T09:48:29.355+0000] {dagbag.py:538} INFO - Filling up the DagBag from /home/airflow/.local/lib/python3.7/site-packages/airflow/example_dags/example_latest_only_with_trigger.py
[2024-04-06T09:48:29.370+0000] {processor.py:753} INFO - DAG(s) dict_keys(['latest_only_with_trigger']) retrieved from /home/airflow/.local/lib/python3.7/site-packages/airflow/example_dags/example_latest_only_with_trigger.py
[2024-04-06T09:48:29.395+0000] {logging_mixin.py:137} INFO - [2024-04-06T09:48:29.395+0000] {dag.py:2690} INFO - Sync 1 DAGs
[2024-04-06T09:48:29.421+0000] {logging_mixin.py:137} INFO - [2024-04-06T09:48:29.421+0000] {dag.py:3441} INFO - Setting next_dagrun for latest_only_with_trigger to 2024-04-06T05:48:29.421292+00:00, run_after=2024-04-06T09:48:29.421292+00:00
[2024-04-06T09:48:29.437+0000] {processor.py:175} INFO - Processing /home/airflow/.local/lib/python3.7/site-packages/airflow/example_dags/example_latest_only_with_trigger.py took 0.086 seconds
[2024-04-06T09:49:00.318+0000] {processor.py:153} INFO - Started process (PID=1985) to work on /home/airflow/.local/lib/python3.7/site-packages/airflow/example_dags/example_latest_only_with_trigger.py
[2024-04-06T09:49:00.322+0000] {processor.py:743} INFO - Processing file /home/airflow/.local/lib/python3.7/site-packages/airflow/example_dags/example_latest_only_with_trigger.py for tasks to queue
[2024-04-06T09:49:00.322+0000] {logging_mixin.py:137} INFO - [2024-04-06T09:49:00.322+0000] {dagbag.py:538} INFO - Filling up the DagBag from /home/airflow/.local/lib/python3.7/site-packages/airflow/example_dags/example_latest_only_with_trigger.py
[2024-04-06T09:49:00.363+0000] {processor.py:753} INFO - DAG(s) dict_keys(['latest_only_with_trigger']) retrieved from /home/airflow/.local/lib/python3.7/site-packages/airflow/example_dags/example_latest_only_with_trigger.py
[2024-04-06T09:49:00.420+0000] {logging_mixin.py:137} INFO - [2024-04-06T09:49:00.420+0000] {dag.py:2690} INFO - Sync 1 DAGs
[2024-04-06T09:49:00.455+0000] {logging_mixin.py:137} INFO - [2024-04-06T09:49:00.455+0000] {dag.py:3441} INFO - Setting next_dagrun for latest_only_with_trigger to 2024-04-06T05:49:00.454819+00:00, run_after=2024-04-06T09:49:00.454819+00:00
[2024-04-06T09:49:00.481+0000] {processor.py:175} INFO - Processing /home/airflow/.local/lib/python3.7/site-packages/airflow/example_dags/example_latest_only_with_trigger.py took 0.166 seconds
[2024-04-06T09:50:14.892+0000] {processor.py:153} INFO - Started process (PID=83) to work on /home/airflow/.local/lib/python3.7/site-packages/airflow/example_dags/example_latest_only_with_trigger.py
[2024-04-06T09:50:14.898+0000] {processor.py:743} INFO - Processing file /home/airflow/.local/lib/python3.7/site-packages/airflow/example_dags/example_latest_only_with_trigger.py for tasks to queue
[2024-04-06T09:50:14.899+0000] {logging_mixin.py:137} INFO - [2024-04-06T09:50:14.898+0000] {dagbag.py:538} INFO - Filling up the DagBag from /home/airflow/.local/lib/python3.7/site-packages/airflow/example_dags/example_latest_only_with_trigger.py
[2024-04-06T09:50:14.984+0000] {processor.py:753} INFO - DAG(s) dict_keys(['latest_only_with_trigger']) retrieved from /home/airflow/.local/lib/python3.7/site-packages/airflow/example_dags/example_latest_only_with_trigger.py
[2024-04-06T09:50:15.043+0000] {logging_mixin.py:137} INFO - [2024-04-06T09:50:15.042+0000] {dag.py:2690} INFO - Sync 1 DAGs
[2024-04-06T09:50:15.111+0000] {logging_mixin.py:137} INFO - [2024-04-06T09:50:15.111+0000] {dag.py:3441} INFO - Setting next_dagrun for latest_only_with_trigger to 2024-04-06T05:50:15.110783+00:00, run_after=2024-04-06T09:50:15.110783+00:00
[2024-04-06T09:50:15.158+0000] {processor.py:175} INFO - Processing /home/airflow/.local/lib/python3.7/site-packages/airflow/example_dags/example_latest_only_with_trigger.py took 0.270 seconds
[2024-04-06T09:50:46.084+0000] {processor.py:153} INFO - Started process (PID=139) to work on /home/airflow/.local/lib/python3.7/site-packages/airflow/example_dags/example_latest_only_with_trigger.py
[2024-04-06T09:50:46.086+0000] {processor.py:743} INFO - Processing file /home/airflow/.local/lib/python3.7/site-packages/airflow/example_dags/example_latest_only_with_trigger.py for tasks to queue
[2024-04-06T09:50:46.086+0000] {logging_mixin.py:137} INFO - [2024-04-06T09:50:46.086+0000] {dagbag.py:538} INFO - Filling up the DagBag from /home/airflow/.local/lib/python3.7/site-packages/airflow/example_dags/example_latest_only_with_trigger.py
[2024-04-06T09:50:46.104+0000] {processor.py:753} INFO - DAG(s) dict_keys(['latest_only_with_trigger']) retrieved from /home/airflow/.local/lib/python3.7/site-packages/airflow/example_dags/example_latest_only_with_trigger.py
[2024-04-06T09:50:46.133+0000] {logging_mixin.py:137} INFO - [2024-04-06T09:50:46.132+0000] {dag.py:2690} INFO - Sync 1 DAGs
[2024-04-06T09:50:46.168+0000] {logging_mixin.py:137} INFO - [2024-04-06T09:50:46.168+0000] {dag.py:3441} INFO - Setting next_dagrun for latest_only_with_trigger to 2024-04-06T05:50:46.168155+00:00, run_after=2024-04-06T09:50:46.168155+00:00
[2024-04-06T09:50:46.194+0000] {processor.py:175} INFO - Processing /home/airflow/.local/lib/python3.7/site-packages/airflow/example_dags/example_latest_only_with_trigger.py took 0.114 seconds
[2024-04-06T09:51:16.725+0000] {processor.py:153} INFO - Started process (PID=228) to work on /home/airflow/.local/lib/python3.7/site-packages/airflow/example_dags/example_latest_only_with_trigger.py
[2024-04-06T09:51:16.726+0000] {processor.py:743} INFO - Processing file /home/airflow/.local/lib/python3.7/site-packages/airflow/example_dags/example_latest_only_with_trigger.py for tasks to queue
[2024-04-06T09:51:16.726+0000] {logging_mixin.py:137} INFO - [2024-04-06T09:51:16.726+0000] {dagbag.py:538} INFO - Filling up the DagBag from /home/airflow/.local/lib/python3.7/site-packages/airflow/example_dags/example_latest_only_with_trigger.py
[2024-04-06T09:51:16.739+0000] {processor.py:753} INFO - DAG(s) dict_keys(['latest_only_with_trigger']) retrieved from /home/airflow/.local/lib/python3.7/site-packages/airflow/example_dags/example_latest_only_with_trigger.py
[2024-04-06T09:51:16.765+0000] {logging_mixin.py:137} INFO - [2024-04-06T09:51:16.765+0000] {dag.py:2690} INFO - Sync 1 DAGs
[2024-04-06T09:51:16.789+0000] {logging_mixin.py:137} INFO - [2024-04-06T09:51:16.789+0000] {dag.py:3441} INFO - Setting next_dagrun for latest_only_with_trigger to 2024-04-06T05:51:16.789341+00:00, run_after=2024-04-06T09:51:16.789341+00:00
[2024-04-06T09:51:16.812+0000] {processor.py:175} INFO - Processing /home/airflow/.local/lib/python3.7/site-packages/airflow/example_dags/example_latest_only_with_trigger.py took 0.089 seconds
[2024-04-06T09:58:25.437+0000] {processor.py:153} INFO - Started process (PID=84) to work on /home/airflow/.local/lib/python3.7/site-packages/airflow/example_dags/example_latest_only_with_trigger.py
[2024-04-06T09:58:25.439+0000] {processor.py:743} INFO - Processing file /home/airflow/.local/lib/python3.7/site-packages/airflow/example_dags/example_latest_only_with_trigger.py for tasks to queue
[2024-04-06T09:58:25.440+0000] {logging_mixin.py:137} INFO - [2024-04-06T09:58:25.440+0000] {dagbag.py:538} INFO - Filling up the DagBag from /home/airflow/.local/lib/python3.7/site-packages/airflow/example_dags/example_latest_only_with_trigger.py
[2024-04-06T09:58:25.462+0000] {processor.py:753} INFO - DAG(s) dict_keys(['latest_only_with_trigger']) retrieved from /home/airflow/.local/lib/python3.7/site-packages/airflow/example_dags/example_latest_only_with_trigger.py
[2024-04-06T09:58:25.479+0000] {logging_mixin.py:137} INFO - [2024-04-06T09:58:25.478+0000] {dag.py:2690} INFO - Sync 1 DAGs
[2024-04-06T09:58:25.516+0000] {logging_mixin.py:137} INFO - [2024-04-06T09:58:25.515+0000] {dag.py:3441} INFO - Setting next_dagrun for latest_only_with_trigger to 2024-04-06T05:58:25.515424+00:00, run_after=2024-04-06T09:58:25.515424+00:00
[2024-04-06T09:58:25.556+0000] {processor.py:175} INFO - Processing /home/airflow/.local/lib/python3.7/site-packages/airflow/example_dags/example_latest_only_with_trigger.py took 0.124 seconds
[2024-04-06T09:58:56.319+0000] {processor.py:153} INFO - Started process (PID=156) to work on /home/airflow/.local/lib/python3.7/site-packages/airflow/example_dags/example_latest_only_with_trigger.py
[2024-04-06T09:58:56.320+0000] {processor.py:743} INFO - Processing file /home/airflow/.local/lib/python3.7/site-packages/airflow/example_dags/example_latest_only_with_trigger.py for tasks to queue
[2024-04-06T09:58:56.320+0000] {logging_mixin.py:137} INFO - [2024-04-06T09:58:56.320+0000] {dagbag.py:538} INFO - Filling up the DagBag from /home/airflow/.local/lib/python3.7/site-packages/airflow/example_dags/example_latest_only_with_trigger.py
[2024-04-06T09:58:56.334+0000] {processor.py:753} INFO - DAG(s) dict_keys(['latest_only_with_trigger']) retrieved from /home/airflow/.local/lib/python3.7/site-packages/airflow/example_dags/example_latest_only_with_trigger.py
[2024-04-06T09:58:56.346+0000] {logging_mixin.py:137} INFO - [2024-04-06T09:58:56.346+0000] {dag.py:2690} INFO - Sync 1 DAGs
[2024-04-06T09:58:56.371+0000] {logging_mixin.py:137} INFO - [2024-04-06T09:58:56.371+0000] {dag.py:3441} INFO - Setting next_dagrun for latest_only_with_trigger to 2024-04-06T05:58:56.371112+00:00, run_after=2024-04-06T09:58:56.371112+00:00
[2024-04-06T09:58:56.390+0000] {processor.py:175} INFO - Processing /home/airflow/.local/lib/python3.7/site-packages/airflow/example_dags/example_latest_only_with_trigger.py took 0.075 seconds
[2024-04-06T09:59:27.416+0000] {processor.py:153} INFO - Started process (PID=235) to work on /home/airflow/.local/lib/python3.7/site-packages/airflow/example_dags/example_latest_only_with_trigger.py
[2024-04-06T09:59:27.419+0000] {processor.py:743} INFO - Processing file /home/airflow/.local/lib/python3.7/site-packages/airflow/example_dags/example_latest_only_with_trigger.py for tasks to queue
[2024-04-06T09:59:27.420+0000] {logging_mixin.py:137} INFO - [2024-04-06T09:59:27.419+0000] {dagbag.py:538} INFO - Filling up the DagBag from /home/airflow/.local/lib/python3.7/site-packages/airflow/example_dags/example_latest_only_with_trigger.py
[2024-04-06T09:59:27.442+0000] {processor.py:753} INFO - DAG(s) dict_keys(['latest_only_with_trigger']) retrieved from /home/airflow/.local/lib/python3.7/site-packages/airflow/example_dags/example_latest_only_with_trigger.py
[2024-04-06T09:59:27.480+0000] {logging_mixin.py:137} INFO - [2024-04-06T09:59:27.480+0000] {dag.py:2690} INFO - Sync 1 DAGs
[2024-04-06T09:59:27.524+0000] {logging_mixin.py:137} INFO - [2024-04-06T09:59:27.524+0000] {dag.py:3441} INFO - Setting next_dagrun for latest_only_with_trigger to 2024-04-06T05:59:27.524231+00:00, run_after=2024-04-06T09:59:27.524231+00:00
[2024-04-06T09:59:27.549+0000] {processor.py:175} INFO - Processing /home/airflow/.local/lib/python3.7/site-packages/airflow/example_dags/example_latest_only_with_trigger.py took 0.137 seconds
[2024-04-06T09:59:58.104+0000] {processor.py:153} INFO - Started process (PID=300) to work on /home/airflow/.local/lib/python3.7/site-packages/airflow/example_dags/example_latest_only_with_trigger.py
[2024-04-06T09:59:58.106+0000] {processor.py:743} INFO - Processing file /home/airflow/.local/lib/python3.7/site-packages/airflow/example_dags/example_latest_only_with_trigger.py for tasks to queue
[2024-04-06T09:59:58.107+0000] {logging_mixin.py:137} INFO - [2024-04-06T09:59:58.107+0000] {dagbag.py:538} INFO - Filling up the DagBag from /home/airflow/.local/lib/python3.7/site-packages/airflow/example_dags/example_latest_only_with_trigger.py
[2024-04-06T09:59:58.128+0000] {processor.py:753} INFO - DAG(s) dict_keys(['latest_only_with_trigger']) retrieved from /home/airflow/.local/lib/python3.7/site-packages/airflow/example_dags/example_latest_only_with_trigger.py
[2024-04-06T09:59:58.166+0000] {logging_mixin.py:137} INFO - [2024-04-06T09:59:58.165+0000] {dag.py:2690} INFO - Sync 1 DAGs
[2024-04-06T09:59:58.207+0000] {logging_mixin.py:137} INFO - [2024-04-06T09:59:58.207+0000] {dag.py:3441} INFO - Setting next_dagrun for latest_only_with_trigger to 2024-04-06T05:59:58.206630+00:00, run_after=2024-04-06T09:59:58.206630+00:00
[2024-04-06T09:59:58.234+0000] {processor.py:175} INFO - Processing /home/airflow/.local/lib/python3.7/site-packages/airflow/example_dags/example_latest_only_with_trigger.py took 0.135 seconds
[2024-04-06T10:00:28.390+0000] {processor.py:153} INFO - Started process (PID=372) to work on /home/airflow/.local/lib/python3.7/site-packages/airflow/example_dags/example_latest_only_with_trigger.py
[2024-04-06T10:00:28.391+0000] {processor.py:743} INFO - Processing file /home/airflow/.local/lib/python3.7/site-packages/airflow/example_dags/example_latest_only_with_trigger.py for tasks to queue
[2024-04-06T10:00:28.392+0000] {logging_mixin.py:137} INFO - [2024-04-06T10:00:28.392+0000] {dagbag.py:538} INFO - Filling up the DagBag from /home/airflow/.local/lib/python3.7/site-packages/airflow/example_dags/example_latest_only_with_trigger.py
[2024-04-06T10:00:28.407+0000] {processor.py:753} INFO - DAG(s) dict_keys(['latest_only_with_trigger']) retrieved from /home/airflow/.local/lib/python3.7/site-packages/airflow/example_dags/example_latest_only_with_trigger.py
[2024-04-06T10:00:28.433+0000] {logging_mixin.py:137} INFO - [2024-04-06T10:00:28.433+0000] {dag.py:2690} INFO - Sync 1 DAGs
[2024-04-06T10:00:28.459+0000] {logging_mixin.py:137} INFO - [2024-04-06T10:00:28.459+0000] {dag.py:3441} INFO - Setting next_dagrun for latest_only_with_trigger to 2024-04-06T06:00:28.459199+00:00, run_after=2024-04-06T10:00:28.459199+00:00
[2024-04-06T10:00:28.480+0000] {processor.py:175} INFO - Processing /home/airflow/.local/lib/python3.7/site-packages/airflow/example_dags/example_latest_only_with_trigger.py took 0.094 seconds
[2024-04-06T10:00:58.847+0000] {processor.py:153} INFO - Started process (PID=460) to work on /home/airflow/.local/lib/python3.7/site-packages/airflow/example_dags/example_latest_only_with_trigger.py
[2024-04-06T10:00:58.848+0000] {processor.py:743} INFO - Processing file /home/airflow/.local/lib/python3.7/site-packages/airflow/example_dags/example_latest_only_with_trigger.py for tasks to queue
[2024-04-06T10:00:58.848+0000] {logging_mixin.py:137} INFO - [2024-04-06T10:00:58.848+0000] {dagbag.py:538} INFO - Filling up the DagBag from /home/airflow/.local/lib/python3.7/site-packages/airflow/example_dags/example_latest_only_with_trigger.py
[2024-04-06T10:00:58.859+0000] {processor.py:753} INFO - DAG(s) dict_keys(['latest_only_with_trigger']) retrieved from /home/airflow/.local/lib/python3.7/site-packages/airflow/example_dags/example_latest_only_with_trigger.py
[2024-04-06T10:00:58.877+0000] {logging_mixin.py:137} INFO - [2024-04-06T10:00:58.877+0000] {dag.py:2690} INFO - Sync 1 DAGs
[2024-04-06T10:00:58.895+0000] {logging_mixin.py:137} INFO - [2024-04-06T10:00:58.895+0000] {dag.py:3441} INFO - Setting next_dagrun for latest_only_with_trigger to 2024-04-06T06:00:58.895630+00:00, run_after=2024-04-06T10:00:58.895630+00:00
[2024-04-06T10:00:58.911+0000] {processor.py:175} INFO - Processing /home/airflow/.local/lib/python3.7/site-packages/airflow/example_dags/example_latest_only_with_trigger.py took 0.067 seconds
[2024-04-06T10:01:29.193+0000] {processor.py:153} INFO - Started process (PID=532) to work on /home/airflow/.local/lib/python3.7/site-packages/airflow/example_dags/example_latest_only_with_trigger.py
[2024-04-06T10:01:29.194+0000] {processor.py:743} INFO - Processing file /home/airflow/.local/lib/python3.7/site-packages/airflow/example_dags/example_latest_only_with_trigger.py for tasks to queue
[2024-04-06T10:01:29.194+0000] {logging_mixin.py:137} INFO - [2024-04-06T10:01:29.194+0000] {dagbag.py:538} INFO - Filling up the DagBag from /home/airflow/.local/lib/python3.7/site-packages/airflow/example_dags/example_latest_only_with_trigger.py
[2024-04-06T10:01:29.205+0000] {processor.py:753} INFO - DAG(s) dict_keys(['latest_only_with_trigger']) retrieved from /home/airflow/.local/lib/python3.7/site-packages/airflow/example_dags/example_latest_only_with_trigger.py
[2024-04-06T10:01:29.229+0000] {logging_mixin.py:137} INFO - [2024-04-06T10:01:29.229+0000] {dag.py:2690} INFO - Sync 1 DAGs
[2024-04-06T10:01:29.254+0000] {logging_mixin.py:137} INFO - [2024-04-06T10:01:29.253+0000] {dag.py:3441} INFO - Setting next_dagrun for latest_only_with_trigger to 2024-04-06T06:01:29.253767+00:00, run_after=2024-04-06T10:01:29.253767+00:00
[2024-04-06T10:01:29.271+0000] {processor.py:175} INFO - Processing /home/airflow/.local/lib/python3.7/site-packages/airflow/example_dags/example_latest_only_with_trigger.py took 0.081 seconds
[2024-04-06T10:01:59.584+0000] {processor.py:153} INFO - Started process (PID=620) to work on /home/airflow/.local/lib/python3.7/site-packages/airflow/example_dags/example_latest_only_with_trigger.py
[2024-04-06T10:01:59.585+0000] {processor.py:743} INFO - Processing file /home/airflow/.local/lib/python3.7/site-packages/airflow/example_dags/example_latest_only_with_trigger.py for tasks to queue
[2024-04-06T10:01:59.585+0000] {logging_mixin.py:137} INFO - [2024-04-06T10:01:59.585+0000] {dagbag.py:538} INFO - Filling up the DagBag from /home/airflow/.local/lib/python3.7/site-packages/airflow/example_dags/example_latest_only_with_trigger.py
[2024-04-06T10:01:59.594+0000] {processor.py:753} INFO - DAG(s) dict_keys(['latest_only_with_trigger']) retrieved from /home/airflow/.local/lib/python3.7/site-packages/airflow/example_dags/example_latest_only_with_trigger.py
[2024-04-06T10:01:59.614+0000] {logging_mixin.py:137} INFO - [2024-04-06T10:01:59.614+0000] {dag.py:2690} INFO - Sync 1 DAGs
[2024-04-06T10:01:59.636+0000] {logging_mixin.py:137} INFO - [2024-04-06T10:01:59.636+0000] {dag.py:3441} INFO - Setting next_dagrun for latest_only_with_trigger to 2024-04-06T06:01:59.636153+00:00, run_after=2024-04-06T10:01:59.636153+00:00
[2024-04-06T10:01:59.651+0000] {processor.py:175} INFO - Processing /home/airflow/.local/lib/python3.7/site-packages/airflow/example_dags/example_latest_only_with_trigger.py took 0.069 seconds
[2024-04-06T10:02:30.193+0000] {processor.py:153} INFO - Started process (PID=701) to work on /home/airflow/.local/lib/python3.7/site-packages/airflow/example_dags/example_latest_only_with_trigger.py
[2024-04-06T10:02:30.194+0000] {processor.py:743} INFO - Processing file /home/airflow/.local/lib/python3.7/site-packages/airflow/example_dags/example_latest_only_with_trigger.py for tasks to queue
[2024-04-06T10:02:30.195+0000] {logging_mixin.py:137} INFO - [2024-04-06T10:02:30.194+0000] {dagbag.py:538} INFO - Filling up the DagBag from /home/airflow/.local/lib/python3.7/site-packages/airflow/example_dags/example_latest_only_with_trigger.py
[2024-04-06T10:02:30.208+0000] {processor.py:753} INFO - DAG(s) dict_keys(['latest_only_with_trigger']) retrieved from /home/airflow/.local/lib/python3.7/site-packages/airflow/example_dags/example_latest_only_with_trigger.py
[2024-04-06T10:02:30.235+0000] {logging_mixin.py:137} INFO - [2024-04-06T10:02:30.235+0000] {dag.py:2690} INFO - Sync 1 DAGs
[2024-04-06T10:02:30.261+0000] {logging_mixin.py:137} INFO - [2024-04-06T10:02:30.261+0000] {dag.py:3441} INFO - Setting next_dagrun for latest_only_with_trigger to 2024-04-06T06:02:30.261229+00:00, run_after=2024-04-06T10:02:30.261229+00:00
[2024-04-06T10:02:30.287+0000] {processor.py:175} INFO - Processing /home/airflow/.local/lib/python3.7/site-packages/airflow/example_dags/example_latest_only_with_trigger.py took 0.097 seconds
[2024-04-06T10:03:00.615+0000] {processor.py:153} INFO - Started process (PID=780) to work on /home/airflow/.local/lib/python3.7/site-packages/airflow/example_dags/example_latest_only_with_trigger.py
[2024-04-06T10:03:00.616+0000] {processor.py:743} INFO - Processing file /home/airflow/.local/lib/python3.7/site-packages/airflow/example_dags/example_latest_only_with_trigger.py for tasks to queue
[2024-04-06T10:03:00.617+0000] {logging_mixin.py:137} INFO - [2024-04-06T10:03:00.617+0000] {dagbag.py:538} INFO - Filling up the DagBag from /home/airflow/.local/lib/python3.7/site-packages/airflow/example_dags/example_latest_only_with_trigger.py
[2024-04-06T10:03:00.627+0000] {processor.py:753} INFO - DAG(s) dict_keys(['latest_only_with_trigger']) retrieved from /home/airflow/.local/lib/python3.7/site-packages/airflow/example_dags/example_latest_only_with_trigger.py
[2024-04-06T10:03:00.648+0000] {logging_mixin.py:137} INFO - [2024-04-06T10:03:00.648+0000] {dag.py:2690} INFO - Sync 1 DAGs
[2024-04-06T10:03:00.666+0000] {logging_mixin.py:137} INFO - [2024-04-06T10:03:00.666+0000] {dag.py:3441} INFO - Setting next_dagrun for latest_only_with_trigger to 2024-04-06T06:03:00.666540+00:00, run_after=2024-04-06T10:03:00.666540+00:00
[2024-04-06T10:03:00.681+0000] {processor.py:175} INFO - Processing /home/airflow/.local/lib/python3.7/site-packages/airflow/example_dags/example_latest_only_with_trigger.py took 0.068 seconds
[2024-04-06T10:03:30.964+0000] {processor.py:153} INFO - Started process (PID=869) to work on /home/airflow/.local/lib/python3.7/site-packages/airflow/example_dags/example_latest_only_with_trigger.py
[2024-04-06T10:03:30.965+0000] {processor.py:743} INFO - Processing file /home/airflow/.local/lib/python3.7/site-packages/airflow/example_dags/example_latest_only_with_trigger.py for tasks to queue
[2024-04-06T10:03:30.966+0000] {logging_mixin.py:137} INFO - [2024-04-06T10:03:30.966+0000] {dagbag.py:538} INFO - Filling up the DagBag from /home/airflow/.local/lib/python3.7/site-packages/airflow/example_dags/example_latest_only_with_trigger.py
[2024-04-06T10:03:30.982+0000] {processor.py:753} INFO - DAG(s) dict_keys(['latest_only_with_trigger']) retrieved from /home/airflow/.local/lib/python3.7/site-packages/airflow/example_dags/example_latest_only_with_trigger.py
[2024-04-06T10:03:31.010+0000] {logging_mixin.py:137} INFO - [2024-04-06T10:03:31.009+0000] {dag.py:2690} INFO - Sync 1 DAGs
[2024-04-06T10:03:31.036+0000] {logging_mixin.py:137} INFO - [2024-04-06T10:03:31.036+0000] {dag.py:3441} INFO - Setting next_dagrun for latest_only_with_trigger to 2024-04-06T06:03:31.036285+00:00, run_after=2024-04-06T10:03:31.036285+00:00
[2024-04-06T10:03:31.057+0000] {processor.py:175} INFO - Processing /home/airflow/.local/lib/python3.7/site-packages/airflow/example_dags/example_latest_only_with_trigger.py took 0.096 seconds
[2024-04-06T10:04:01.642+0000] {processor.py:153} INFO - Started process (PID=940) to work on /home/airflow/.local/lib/python3.7/site-packages/airflow/example_dags/example_latest_only_with_trigger.py
[2024-04-06T10:04:01.642+0000] {processor.py:743} INFO - Processing file /home/airflow/.local/lib/python3.7/site-packages/airflow/example_dags/example_latest_only_with_trigger.py for tasks to queue
[2024-04-06T10:04:01.643+0000] {logging_mixin.py:137} INFO - [2024-04-06T10:04:01.643+0000] {dagbag.py:538} INFO - Filling up the DagBag from /home/airflow/.local/lib/python3.7/site-packages/airflow/example_dags/example_latest_only_with_trigger.py
[2024-04-06T10:04:01.657+0000] {processor.py:753} INFO - DAG(s) dict_keys(['latest_only_with_trigger']) retrieved from /home/airflow/.local/lib/python3.7/site-packages/airflow/example_dags/example_latest_only_with_trigger.py
[2024-04-06T10:04:01.686+0000] {logging_mixin.py:137} INFO - [2024-04-06T10:04:01.686+0000] {dag.py:2690} INFO - Sync 1 DAGs
[2024-04-06T10:04:01.713+0000] {logging_mixin.py:137} INFO - [2024-04-06T10:04:01.713+0000] {dag.py:3441} INFO - Setting next_dagrun for latest_only_with_trigger to 2024-04-06T06:04:01.713160+00:00, run_after=2024-04-06T10:04:01.713160+00:00
[2024-04-06T10:04:01.731+0000] {processor.py:175} INFO - Processing /home/airflow/.local/lib/python3.7/site-packages/airflow/example_dags/example_latest_only_with_trigger.py took 0.093 seconds
[2024-04-06T10:04:32.146+0000] {processor.py:153} INFO - Started process (PID=1028) to work on /home/airflow/.local/lib/python3.7/site-packages/airflow/example_dags/example_latest_only_with_trigger.py
[2024-04-06T10:04:32.147+0000] {processor.py:743} INFO - Processing file /home/airflow/.local/lib/python3.7/site-packages/airflow/example_dags/example_latest_only_with_trigger.py for tasks to queue
[2024-04-06T10:04:32.148+0000] {logging_mixin.py:137} INFO - [2024-04-06T10:04:32.148+0000] {dagbag.py:538} INFO - Filling up the DagBag from /home/airflow/.local/lib/python3.7/site-packages/airflow/example_dags/example_latest_only_with_trigger.py
[2024-04-06T10:04:32.167+0000] {processor.py:753} INFO - DAG(s) dict_keys(['latest_only_with_trigger']) retrieved from /home/airflow/.local/lib/python3.7/site-packages/airflow/example_dags/example_latest_only_with_trigger.py
[2024-04-06T10:04:32.201+0000] {logging_mixin.py:137} INFO - [2024-04-06T10:04:32.201+0000] {dag.py:2690} INFO - Sync 1 DAGs
[2024-04-06T10:04:32.235+0000] {logging_mixin.py:137} INFO - [2024-04-06T10:04:32.235+0000] {dag.py:3441} INFO - Setting next_dagrun for latest_only_with_trigger to 2024-04-06T06:04:32.235045+00:00, run_after=2024-04-06T10:04:32.235045+00:00
[2024-04-06T10:04:32.253+0000] {processor.py:175} INFO - Processing /home/airflow/.local/lib/python3.7/site-packages/airflow/example_dags/example_latest_only_with_trigger.py took 0.110 seconds
[2024-04-06T10:05:03.087+0000] {processor.py:153} INFO - Started process (PID=1100) to work on /home/airflow/.local/lib/python3.7/site-packages/airflow/example_dags/example_latest_only_with_trigger.py
[2024-04-06T10:05:03.088+0000] {processor.py:743} INFO - Processing file /home/airflow/.local/lib/python3.7/site-packages/airflow/example_dags/example_latest_only_with_trigger.py for tasks to queue
[2024-04-06T10:05:03.089+0000] {logging_mixin.py:137} INFO - [2024-04-06T10:05:03.089+0000] {dagbag.py:538} INFO - Filling up the DagBag from /home/airflow/.local/lib/python3.7/site-packages/airflow/example_dags/example_latest_only_with_trigger.py
[2024-04-06T10:05:03.103+0000] {processor.py:753} INFO - DAG(s) dict_keys(['latest_only_with_trigger']) retrieved from /home/airflow/.local/lib/python3.7/site-packages/airflow/example_dags/example_latest_only_with_trigger.py
[2024-04-06T10:05:03.129+0000] {logging_mixin.py:137} INFO - [2024-04-06T10:05:03.129+0000] {dag.py:2690} INFO - Sync 1 DAGs
[2024-04-06T10:05:03.155+0000] {logging_mixin.py:137} INFO - [2024-04-06T10:05:03.155+0000] {dag.py:3441} INFO - Setting next_dagrun for latest_only_with_trigger to 2024-04-06T06:05:03.155078+00:00, run_after=2024-04-06T10:05:03.155078+00:00
[2024-04-06T10:05:03.174+0000] {processor.py:175} INFO - Processing /home/airflow/.local/lib/python3.7/site-packages/airflow/example_dags/example_latest_only_with_trigger.py took 0.090 seconds
[2024-04-06T10:05:34.072+0000] {processor.py:153} INFO - Started process (PID=1188) to work on /home/airflow/.local/lib/python3.7/site-packages/airflow/example_dags/example_latest_only_with_trigger.py
[2024-04-06T10:05:34.073+0000] {processor.py:743} INFO - Processing file /home/airflow/.local/lib/python3.7/site-packages/airflow/example_dags/example_latest_only_with_trigger.py for tasks to queue
[2024-04-06T10:05:34.073+0000] {logging_mixin.py:137} INFO - [2024-04-06T10:05:34.073+0000] {dagbag.py:538} INFO - Filling up the DagBag from /home/airflow/.local/lib/python3.7/site-packages/airflow/example_dags/example_latest_only_with_trigger.py
[2024-04-06T10:05:34.086+0000] {processor.py:753} INFO - DAG(s) dict_keys(['latest_only_with_trigger']) retrieved from /home/airflow/.local/lib/python3.7/site-packages/airflow/example_dags/example_latest_only_with_trigger.py
[2024-04-06T10:05:34.111+0000] {logging_mixin.py:137} INFO - [2024-04-06T10:05:34.111+0000] {dag.py:2690} INFO - Sync 1 DAGs
[2024-04-06T10:05:34.136+0000] {logging_mixin.py:137} INFO - [2024-04-06T10:05:34.136+0000] {dag.py:3441} INFO - Setting next_dagrun for latest_only_with_trigger to 2024-04-06T06:05:34.135883+00:00, run_after=2024-04-06T10:05:34.135883+00:00
[2024-04-06T10:05:34.156+0000] {processor.py:175} INFO - Processing /home/airflow/.local/lib/python3.7/site-packages/airflow/example_dags/example_latest_only_with_trigger.py took 0.088 seconds
[2024-04-06T10:06:06.593+0000] {processor.py:153} INFO - Started process (PID=1260) to work on /home/airflow/.local/lib/python3.7/site-packages/airflow/example_dags/example_latest_only_with_trigger.py
[2024-04-06T10:06:06.595+0000] {processor.py:743} INFO - Processing file /home/airflow/.local/lib/python3.7/site-packages/airflow/example_dags/example_latest_only_with_trigger.py for tasks to queue
[2024-04-06T10:06:06.596+0000] {logging_mixin.py:137} INFO - [2024-04-06T10:06:06.596+0000] {dagbag.py:538} INFO - Filling up the DagBag from /home/airflow/.local/lib/python3.7/site-packages/airflow/example_dags/example_latest_only_with_trigger.py
[2024-04-06T10:06:06.626+0000] {processor.py:753} INFO - DAG(s) dict_keys(['latest_only_with_trigger']) retrieved from /home/airflow/.local/lib/python3.7/site-packages/airflow/example_dags/example_latest_only_with_trigger.py
[2024-04-06T10:06:06.676+0000] {logging_mixin.py:137} INFO - [2024-04-06T10:06:06.675+0000] {dag.py:2690} INFO - Sync 1 DAGs
[2024-04-06T10:06:06.732+0000] {logging_mixin.py:137} INFO - [2024-04-06T10:06:06.731+0000] {dag.py:3441} INFO - Setting next_dagrun for latest_only_with_trigger to 2024-04-06T06:06:06.731559+00:00, run_after=2024-04-06T10:06:06.731559+00:00
[2024-04-06T10:06:06.774+0000] {processor.py:175} INFO - Processing /home/airflow/.local/lib/python3.7/site-packages/airflow/example_dags/example_latest_only_with_trigger.py took 0.187 seconds
[2024-04-06T10:06:37.143+0000] {processor.py:153} INFO - Started process (PID=1342) to work on /home/airflow/.local/lib/python3.7/site-packages/airflow/example_dags/example_latest_only_with_trigger.py
[2024-04-06T10:06:37.145+0000] {processor.py:743} INFO - Processing file /home/airflow/.local/lib/python3.7/site-packages/airflow/example_dags/example_latest_only_with_trigger.py for tasks to queue
[2024-04-06T10:06:37.147+0000] {logging_mixin.py:137} INFO - [2024-04-06T10:06:37.146+0000] {dagbag.py:538} INFO - Filling up the DagBag from /home/airflow/.local/lib/python3.7/site-packages/airflow/example_dags/example_latest_only_with_trigger.py
[2024-04-06T10:06:37.185+0000] {processor.py:753} INFO - DAG(s) dict_keys(['latest_only_with_trigger']) retrieved from /home/airflow/.local/lib/python3.7/site-packages/airflow/example_dags/example_latest_only_with_trigger.py
[2024-04-06T10:06:37.252+0000] {logging_mixin.py:137} INFO - [2024-04-06T10:06:37.252+0000] {dag.py:2690} INFO - Sync 1 DAGs
[2024-04-06T10:06:37.330+0000] {logging_mixin.py:137} INFO - [2024-04-06T10:06:37.330+0000] {dag.py:3441} INFO - Setting next_dagrun for latest_only_with_trigger to 2024-04-06T06:06:37.329762+00:00, run_after=2024-04-06T10:06:37.329762+00:00
[2024-04-06T10:06:37.380+0000] {processor.py:175} INFO - Processing /home/airflow/.local/lib/python3.7/site-packages/airflow/example_dags/example_latest_only_with_trigger.py took 0.244 seconds
[2024-04-06T10:07:07.578+0000] {processor.py:153} INFO - Started process (PID=1413) to work on /home/airflow/.local/lib/python3.7/site-packages/airflow/example_dags/example_latest_only_with_trigger.py
[2024-04-06T10:07:07.580+0000] {processor.py:743} INFO - Processing file /home/airflow/.local/lib/python3.7/site-packages/airflow/example_dags/example_latest_only_with_trigger.py for tasks to queue
[2024-04-06T10:07:07.581+0000] {logging_mixin.py:137} INFO - [2024-04-06T10:07:07.580+0000] {dagbag.py:538} INFO - Filling up the DagBag from /home/airflow/.local/lib/python3.7/site-packages/airflow/example_dags/example_latest_only_with_trigger.py
[2024-04-06T10:07:07.638+0000] {processor.py:753} INFO - DAG(s) dict_keys(['latest_only_with_trigger']) retrieved from /home/airflow/.local/lib/python3.7/site-packages/airflow/example_dags/example_latest_only_with_trigger.py
[2024-04-06T10:07:07.738+0000] {logging_mixin.py:137} INFO - [2024-04-06T10:07:07.737+0000] {dag.py:2690} INFO - Sync 1 DAGs
[2024-04-06T10:07:07.841+0000] {logging_mixin.py:137} INFO - [2024-04-06T10:07:07.841+0000] {dag.py:3441} INFO - Setting next_dagrun for latest_only_with_trigger to 2024-04-06T06:07:07.840948+00:00, run_after=2024-04-06T10:07:07.840948+00:00
[2024-04-06T10:07:07.896+0000] {processor.py:175} INFO - Processing /home/airflow/.local/lib/python3.7/site-packages/airflow/example_dags/example_latest_only_with_trigger.py took 0.323 seconds
[2024-04-06T10:07:38.642+0000] {processor.py:153} INFO - Started process (PID=1485) to work on /home/airflow/.local/lib/python3.7/site-packages/airflow/example_dags/example_latest_only_with_trigger.py
[2024-04-06T10:07:38.643+0000] {processor.py:743} INFO - Processing file /home/airflow/.local/lib/python3.7/site-packages/airflow/example_dags/example_latest_only_with_trigger.py for tasks to queue
[2024-04-06T10:07:38.645+0000] {logging_mixin.py:137} INFO - [2024-04-06T10:07:38.644+0000] {dagbag.py:538} INFO - Filling up the DagBag from /home/airflow/.local/lib/python3.7/site-packages/airflow/example_dags/example_latest_only_with_trigger.py
[2024-04-06T10:07:38.681+0000] {processor.py:753} INFO - DAG(s) dict_keys(['latest_only_with_trigger']) retrieved from /home/airflow/.local/lib/python3.7/site-packages/airflow/example_dags/example_latest_only_with_trigger.py
[2024-04-06T10:07:38.743+0000] {logging_mixin.py:137} INFO - [2024-04-06T10:07:38.743+0000] {dag.py:2690} INFO - Sync 1 DAGs
[2024-04-06T10:07:38.801+0000] {logging_mixin.py:137} INFO - [2024-04-06T10:07:38.801+0000] {dag.py:3441} INFO - Setting next_dagrun for latest_only_with_trigger to 2024-04-06T06:07:38.800963+00:00, run_after=2024-04-06T10:07:38.800963+00:00
[2024-04-06T10:07:38.853+0000] {processor.py:175} INFO - Processing /home/airflow/.local/lib/python3.7/site-packages/airflow/example_dags/example_latest_only_with_trigger.py took 0.217 seconds
[2024-04-06T10:08:09.293+0000] {processor.py:153} INFO - Started process (PID=1564) to work on /home/airflow/.local/lib/python3.7/site-packages/airflow/example_dags/example_latest_only_with_trigger.py
[2024-04-06T10:08:09.295+0000] {processor.py:743} INFO - Processing file /home/airflow/.local/lib/python3.7/site-packages/airflow/example_dags/example_latest_only_with_trigger.py for tasks to queue
[2024-04-06T10:08:09.296+0000] {logging_mixin.py:137} INFO - [2024-04-06T10:08:09.296+0000] {dagbag.py:538} INFO - Filling up the DagBag from /home/airflow/.local/lib/python3.7/site-packages/airflow/example_dags/example_latest_only_with_trigger.py
[2024-04-06T10:08:09.323+0000] {processor.py:753} INFO - DAG(s) dict_keys(['latest_only_with_trigger']) retrieved from /home/airflow/.local/lib/python3.7/site-packages/airflow/example_dags/example_latest_only_with_trigger.py
[2024-04-06T10:08:09.370+0000] {logging_mixin.py:137} INFO - [2024-04-06T10:08:09.370+0000] {dag.py:2690} INFO - Sync 1 DAGs
[2024-04-06T10:08:09.418+0000] {logging_mixin.py:137} INFO - [2024-04-06T10:08:09.418+0000] {dag.py:3441} INFO - Setting next_dagrun for latest_only_with_trigger to 2024-04-06T06:08:09.417707+00:00, run_after=2024-04-06T10:08:09.417707+00:00
[2024-04-06T10:08:09.458+0000] {processor.py:175} INFO - Processing /home/airflow/.local/lib/python3.7/site-packages/airflow/example_dags/example_latest_only_with_trigger.py took 0.170 seconds
[2024-04-06T10:08:39.969+0000] {processor.py:153} INFO - Started process (PID=1636) to work on /home/airflow/.local/lib/python3.7/site-packages/airflow/example_dags/example_latest_only_with_trigger.py
[2024-04-06T10:08:39.971+0000] {processor.py:743} INFO - Processing file /home/airflow/.local/lib/python3.7/site-packages/airflow/example_dags/example_latest_only_with_trigger.py for tasks to queue
[2024-04-06T10:08:39.972+0000] {logging_mixin.py:137} INFO - [2024-04-06T10:08:39.972+0000] {dagbag.py:538} INFO - Filling up the DagBag from /home/airflow/.local/lib/python3.7/site-packages/airflow/example_dags/example_latest_only_with_trigger.py
[2024-04-06T10:08:39.998+0000] {processor.py:753} INFO - DAG(s) dict_keys(['latest_only_with_trigger']) retrieved from /home/airflow/.local/lib/python3.7/site-packages/airflow/example_dags/example_latest_only_with_trigger.py
[2024-04-06T10:08:40.047+0000] {logging_mixin.py:137} INFO - [2024-04-06T10:08:40.046+0000] {dag.py:2690} INFO - Sync 1 DAGs
[2024-04-06T10:08:40.101+0000] {logging_mixin.py:137} INFO - [2024-04-06T10:08:40.101+0000] {dag.py:3441} INFO - Setting next_dagrun for latest_only_with_trigger to 2024-04-06T06:08:40.100821+00:00, run_after=2024-04-06T10:08:40.100821+00:00
[2024-04-06T10:08:40.141+0000] {processor.py:175} INFO - Processing /home/airflow/.local/lib/python3.7/site-packages/airflow/example_dags/example_latest_only_with_trigger.py took 0.179 seconds
[2024-04-06T10:09:10.785+0000] {processor.py:153} INFO - Started process (PID=1708) to work on /home/airflow/.local/lib/python3.7/site-packages/airflow/example_dags/example_latest_only_with_trigger.py
[2024-04-06T10:09:10.786+0000] {processor.py:743} INFO - Processing file /home/airflow/.local/lib/python3.7/site-packages/airflow/example_dags/example_latest_only_with_trigger.py for tasks to queue
[2024-04-06T10:09:10.787+0000] {logging_mixin.py:137} INFO - [2024-04-06T10:09:10.787+0000] {dagbag.py:538} INFO - Filling up the DagBag from /home/airflow/.local/lib/python3.7/site-packages/airflow/example_dags/example_latest_only_with_trigger.py
[2024-04-06T10:09:10.818+0000] {processor.py:753} INFO - DAG(s) dict_keys(['latest_only_with_trigger']) retrieved from /home/airflow/.local/lib/python3.7/site-packages/airflow/example_dags/example_latest_only_with_trigger.py
[2024-04-06T10:09:10.882+0000] {logging_mixin.py:137} INFO - [2024-04-06T10:09:10.882+0000] {dag.py:2690} INFO - Sync 1 DAGs
[2024-04-06T10:09:10.935+0000] {logging_mixin.py:137} INFO - [2024-04-06T10:09:10.935+0000] {dag.py:3441} INFO - Setting next_dagrun for latest_only_with_trigger to 2024-04-06T06:09:10.935028+00:00, run_after=2024-04-06T10:09:10.935028+00:00
[2024-04-06T10:09:10.971+0000] {processor.py:175} INFO - Processing /home/airflow/.local/lib/python3.7/site-packages/airflow/example_dags/example_latest_only_with_trigger.py took 0.192 seconds
[2024-04-06T10:09:41.861+0000] {processor.py:153} INFO - Started process (PID=1781) to work on /home/airflow/.local/lib/python3.7/site-packages/airflow/example_dags/example_latest_only_with_trigger.py
[2024-04-06T10:09:41.862+0000] {processor.py:743} INFO - Processing file /home/airflow/.local/lib/python3.7/site-packages/airflow/example_dags/example_latest_only_with_trigger.py for tasks to queue
[2024-04-06T10:09:41.863+0000] {logging_mixin.py:137} INFO - [2024-04-06T10:09:41.863+0000] {dagbag.py:538} INFO - Filling up the DagBag from /home/airflow/.local/lib/python3.7/site-packages/airflow/example_dags/example_latest_only_with_trigger.py
[2024-04-06T10:09:41.888+0000] {processor.py:753} INFO - DAG(s) dict_keys(['latest_only_with_trigger']) retrieved from /home/airflow/.local/lib/python3.7/site-packages/airflow/example_dags/example_latest_only_with_trigger.py
[2024-04-06T10:09:41.945+0000] {logging_mixin.py:137} INFO - [2024-04-06T10:09:41.945+0000] {dag.py:2690} INFO - Sync 1 DAGs
[2024-04-06T10:09:41.998+0000] {logging_mixin.py:137} INFO - [2024-04-06T10:09:41.997+0000] {dag.py:3441} INFO - Setting next_dagrun for latest_only_with_trigger to 2024-04-06T06:09:41.997544+00:00, run_after=2024-04-06T10:09:41.997544+00:00
[2024-04-06T10:09:42.032+0000] {processor.py:175} INFO - Processing /home/airflow/.local/lib/python3.7/site-packages/airflow/example_dags/example_latest_only_with_trigger.py took 0.176 seconds
[2024-04-06T10:10:12.871+0000] {processor.py:153} INFO - Started process (PID=1852) to work on /home/airflow/.local/lib/python3.7/site-packages/airflow/example_dags/example_latest_only_with_trigger.py
[2024-04-06T10:10:12.873+0000] {processor.py:743} INFO - Processing file /home/airflow/.local/lib/python3.7/site-packages/airflow/example_dags/example_latest_only_with_trigger.py for tasks to queue
[2024-04-06T10:10:12.874+0000] {logging_mixin.py:137} INFO - [2024-04-06T10:10:12.874+0000] {dagbag.py:538} INFO - Filling up the DagBag from /home/airflow/.local/lib/python3.7/site-packages/airflow/example_dags/example_latest_only_with_trigger.py
[2024-04-06T10:10:12.902+0000] {processor.py:753} INFO - DAG(s) dict_keys(['latest_only_with_trigger']) retrieved from /home/airflow/.local/lib/python3.7/site-packages/airflow/example_dags/example_latest_only_with_trigger.py
[2024-04-06T10:10:12.949+0000] {logging_mixin.py:137} INFO - [2024-04-06T10:10:12.948+0000] {dag.py:2690} INFO - Sync 1 DAGs
[2024-04-06T10:10:13.003+0000] {logging_mixin.py:137} INFO - [2024-04-06T10:10:13.003+0000] {dag.py:3441} INFO - Setting next_dagrun for latest_only_with_trigger to 2024-04-06T06:10:13.003203+00:00, run_after=2024-04-06T10:10:13.003203+00:00
[2024-04-06T10:10:13.041+0000] {processor.py:175} INFO - Processing /home/airflow/.local/lib/python3.7/site-packages/airflow/example_dags/example_latest_only_with_trigger.py took 0.178 seconds
[2024-04-06T10:10:43.645+0000] {processor.py:153} INFO - Started process (PID=1924) to work on /home/airflow/.local/lib/python3.7/site-packages/airflow/example_dags/example_latest_only_with_trigger.py
[2024-04-06T10:10:43.647+0000] {processor.py:743} INFO - Processing file /home/airflow/.local/lib/python3.7/site-packages/airflow/example_dags/example_latest_only_with_trigger.py for tasks to queue
[2024-04-06T10:10:43.648+0000] {logging_mixin.py:137} INFO - [2024-04-06T10:10:43.648+0000] {dagbag.py:538} INFO - Filling up the DagBag from /home/airflow/.local/lib/python3.7/site-packages/airflow/example_dags/example_latest_only_with_trigger.py
[2024-04-06T10:10:43.675+0000] {processor.py:753} INFO - DAG(s) dict_keys(['latest_only_with_trigger']) retrieved from /home/airflow/.local/lib/python3.7/site-packages/airflow/example_dags/example_latest_only_with_trigger.py
[2024-04-06T10:10:43.720+0000] {logging_mixin.py:137} INFO - [2024-04-06T10:10:43.720+0000] {dag.py:2690} INFO - Sync 1 DAGs
[2024-04-06T10:10:43.776+0000] {logging_mixin.py:137} INFO - [2024-04-06T10:10:43.776+0000] {dag.py:3441} INFO - Setting next_dagrun for latest_only_with_trigger to 2024-04-06T06:10:43.775836+00:00, run_after=2024-04-06T10:10:43.775836+00:00
[2024-04-06T10:10:43.814+0000] {processor.py:175} INFO - Processing /home/airflow/.local/lib/python3.7/site-packages/airflow/example_dags/example_latest_only_with_trigger.py took 0.175 seconds
[2024-04-06T10:11:14.180+0000] {processor.py:153} INFO - Started process (PID=1996) to work on /home/airflow/.local/lib/python3.7/site-packages/airflow/example_dags/example_latest_only_with_trigger.py
[2024-04-06T10:11:14.182+0000] {processor.py:743} INFO - Processing file /home/airflow/.local/lib/python3.7/site-packages/airflow/example_dags/example_latest_only_with_trigger.py for tasks to queue
[2024-04-06T10:11:14.183+0000] {logging_mixin.py:137} INFO - [2024-04-06T10:11:14.183+0000] {dagbag.py:538} INFO - Filling up the DagBag from /home/airflow/.local/lib/python3.7/site-packages/airflow/example_dags/example_latest_only_with_trigger.py
[2024-04-06T10:11:14.208+0000] {processor.py:753} INFO - DAG(s) dict_keys(['latest_only_with_trigger']) retrieved from /home/airflow/.local/lib/python3.7/site-packages/airflow/example_dags/example_latest_only_with_trigger.py
[2024-04-06T10:11:14.253+0000] {logging_mixin.py:137} INFO - [2024-04-06T10:11:14.253+0000] {dag.py:2690} INFO - Sync 1 DAGs
[2024-04-06T10:11:14.307+0000] {logging_mixin.py:137} INFO - [2024-04-06T10:11:14.307+0000] {dag.py:3441} INFO - Setting next_dagrun for latest_only_with_trigger to 2024-04-06T06:11:14.307190+00:00, run_after=2024-04-06T10:11:14.307190+00:00
[2024-04-06T10:11:14.344+0000] {processor.py:175} INFO - Processing /home/airflow/.local/lib/python3.7/site-packages/airflow/example_dags/example_latest_only_with_trigger.py took 0.169 seconds
[2024-04-06T10:11:44.808+0000] {processor.py:153} INFO - Started process (PID=2068) to work on /home/airflow/.local/lib/python3.7/site-packages/airflow/example_dags/example_latest_only_with_trigger.py
[2024-04-06T10:11:44.809+0000] {processor.py:743} INFO - Processing file /home/airflow/.local/lib/python3.7/site-packages/airflow/example_dags/example_latest_only_with_trigger.py for tasks to queue
[2024-04-06T10:11:44.811+0000] {logging_mixin.py:137} INFO - [2024-04-06T10:11:44.810+0000] {dagbag.py:538} INFO - Filling up the DagBag from /home/airflow/.local/lib/python3.7/site-packages/airflow/example_dags/example_latest_only_with_trigger.py
[2024-04-06T10:11:44.837+0000] {processor.py:753} INFO - DAG(s) dict_keys(['latest_only_with_trigger']) retrieved from /home/airflow/.local/lib/python3.7/site-packages/airflow/example_dags/example_latest_only_with_trigger.py
[2024-04-06T10:11:44.882+0000] {logging_mixin.py:137} INFO - [2024-04-06T10:11:44.882+0000] {dag.py:2690} INFO - Sync 1 DAGs
[2024-04-06T10:11:44.930+0000] {logging_mixin.py:137} INFO - [2024-04-06T10:11:44.930+0000] {dag.py:3441} INFO - Setting next_dagrun for latest_only_with_trigger to 2024-04-06T06:11:44.929800+00:00, run_after=2024-04-06T10:11:44.929800+00:00
[2024-04-06T10:11:44.971+0000] {processor.py:175} INFO - Processing /home/airflow/.local/lib/python3.7/site-packages/airflow/example_dags/example_latest_only_with_trigger.py took 0.168 seconds
[2024-04-06T10:12:15.261+0000] {processor.py:153} INFO - Started process (PID=2147) to work on /home/airflow/.local/lib/python3.7/site-packages/airflow/example_dags/example_latest_only_with_trigger.py
[2024-04-06T10:12:15.263+0000] {processor.py:743} INFO - Processing file /home/airflow/.local/lib/python3.7/site-packages/airflow/example_dags/example_latest_only_with_trigger.py for tasks to queue
[2024-04-06T10:12:15.264+0000] {logging_mixin.py:137} INFO - [2024-04-06T10:12:15.264+0000] {dagbag.py:538} INFO - Filling up the DagBag from /home/airflow/.local/lib/python3.7/site-packages/airflow/example_dags/example_latest_only_with_trigger.py
[2024-04-06T10:12:15.289+0000] {processor.py:753} INFO - DAG(s) dict_keys(['latest_only_with_trigger']) retrieved from /home/airflow/.local/lib/python3.7/site-packages/airflow/example_dags/example_latest_only_with_trigger.py
[2024-04-06T10:12:15.348+0000] {logging_mixin.py:137} INFO - [2024-04-06T10:12:15.348+0000] {dag.py:2690} INFO - Sync 1 DAGs
[2024-04-06T10:12:15.421+0000] {logging_mixin.py:137} INFO - [2024-04-06T10:12:15.420+0000] {dag.py:3441} INFO - Setting next_dagrun for latest_only_with_trigger to 2024-04-06T06:12:15.419988+00:00, run_after=2024-04-06T10:12:15.419988+00:00
[2024-04-06T10:12:15.473+0000] {processor.py:175} INFO - Processing /home/airflow/.local/lib/python3.7/site-packages/airflow/example_dags/example_latest_only_with_trigger.py took 0.217 seconds
[2024-04-06T10:12:45.675+0000] {processor.py:153} INFO - Started process (PID=2221) to work on /home/airflow/.local/lib/python3.7/site-packages/airflow/example_dags/example_latest_only_with_trigger.py
[2024-04-06T10:12:45.678+0000] {processor.py:743} INFO - Processing file /home/airflow/.local/lib/python3.7/site-packages/airflow/example_dags/example_latest_only_with_trigger.py for tasks to queue
[2024-04-06T10:12:45.680+0000] {logging_mixin.py:137} INFO - [2024-04-06T10:12:45.679+0000] {dagbag.py:538} INFO - Filling up the DagBag from /home/airflow/.local/lib/python3.7/site-packages/airflow/example_dags/example_latest_only_with_trigger.py
[2024-04-06T10:12:45.720+0000] {processor.py:753} INFO - DAG(s) dict_keys(['latest_only_with_trigger']) retrieved from /home/airflow/.local/lib/python3.7/site-packages/airflow/example_dags/example_latest_only_with_trigger.py
[2024-04-06T10:12:45.779+0000] {logging_mixin.py:137} INFO - [2024-04-06T10:12:45.779+0000] {dag.py:2690} INFO - Sync 1 DAGs
[2024-04-06T10:12:45.834+0000] {logging_mixin.py:137} INFO - [2024-04-06T10:12:45.833+0000] {dag.py:3441} INFO - Setting next_dagrun for latest_only_with_trigger to 2024-04-06T06:12:45.833355+00:00, run_after=2024-04-06T10:12:45.833355+00:00
[2024-04-06T10:12:45.871+0000] {processor.py:175} INFO - Processing /home/airflow/.local/lib/python3.7/site-packages/airflow/example_dags/example_latest_only_with_trigger.py took 0.203 seconds
[2024-04-06T10:42:05.512+0000] {processor.py:161} INFO - Started process (PID=69) to work on /home/airflow/.local/lib/python3.8/site-packages/airflow/example_dags/example_latest_only_with_trigger.py
[2024-04-06T10:42:05.513+0000] {processor.py:830} INFO - Processing file /home/airflow/.local/lib/python3.8/site-packages/airflow/example_dags/example_latest_only_with_trigger.py for tasks to queue
[2024-04-06T10:42:05.514+0000] {logging_mixin.py:188} INFO - [2024-04-06T10:42:05.514+0000] {dagbag.py:540} INFO - Filling up the DagBag from /home/airflow/.local/lib/python3.8/site-packages/airflow/example_dags/example_latest_only_with_trigger.py
[2024-04-06T10:42:05.518+0000] {processor.py:840} INFO - DAG(s) 'latest_only_with_trigger' retrieved from /home/airflow/.local/lib/python3.8/site-packages/airflow/example_dags/example_latest_only_with_trigger.py
[2024-04-06T10:42:05.588+0000] {logging_mixin.py:188} INFO - [2024-04-06T10:42:05.588+0000] {override.py:1769} INFO - Created Permission View: can delete on DAG:latest_only_with_trigger
[2024-04-06T10:42:05.598+0000] {logging_mixin.py:188} INFO - [2024-04-06T10:42:05.598+0000] {override.py:1769} INFO - Created Permission View: can read on DAG:latest_only_with_trigger
[2024-04-06T10:42:05.603+0000] {logging_mixin.py:188} INFO - [2024-04-06T10:42:05.602+0000] {override.py:1769} INFO - Created Permission View: can edit on DAG:latest_only_with_trigger
[2024-04-06T10:42:05.603+0000] {logging_mixin.py:188} INFO - [2024-04-06T10:42:05.603+0000] {dag.py:3047} INFO - Sync 1 DAGs
[2024-04-06T10:42:05.611+0000] {logging_mixin.py:188} INFO - [2024-04-06T10:42:05.610+0000] {dag.py:3069} INFO - Creating ORM DAG for latest_only_with_trigger
[2024-04-06T10:42:05.618+0000] {logging_mixin.py:188} INFO - [2024-04-06T10:42:05.618+0000] {dag.py:3834} INFO - Setting next_dagrun for latest_only_with_trigger to 2024-04-06 04:00:00+00:00, run_after=2024-04-06 08:00:00+00:00
[2024-04-06T10:42:05.630+0000] {processor.py:183} INFO - Processing /home/airflow/.local/lib/python3.8/site-packages/airflow/example_dags/example_latest_only_with_trigger.py took 0.120 seconds
[2024-04-06T10:42:35.933+0000] {processor.py:161} INFO - Started process (PID=125) to work on /home/airflow/.local/lib/python3.8/site-packages/airflow/example_dags/example_latest_only_with_trigger.py
[2024-04-06T10:42:35.934+0000] {processor.py:830} INFO - Processing file /home/airflow/.local/lib/python3.8/site-packages/airflow/example_dags/example_latest_only_with_trigger.py for tasks to queue
[2024-04-06T10:42:35.935+0000] {logging_mixin.py:188} INFO - [2024-04-06T10:42:35.935+0000] {dagbag.py:540} INFO - Filling up the DagBag from /home/airflow/.local/lib/python3.8/site-packages/airflow/example_dags/example_latest_only_with_trigger.py
[2024-04-06T10:42:35.939+0000] {processor.py:840} INFO - DAG(s) 'latest_only_with_trigger' retrieved from /home/airflow/.local/lib/python3.8/site-packages/airflow/example_dags/example_latest_only_with_trigger.py
[2024-04-06T10:42:35.952+0000] {logging_mixin.py:188} INFO - [2024-04-06T10:42:35.952+0000] {dag.py:3047} INFO - Sync 1 DAGs
[2024-04-06T10:42:35.966+0000] {logging_mixin.py:188} INFO - [2024-04-06T10:42:35.966+0000] {dag.py:3834} INFO - Setting next_dagrun for latest_only_with_trigger to 2024-04-06 04:00:00+00:00, run_after=2024-04-06 08:00:00+00:00
[2024-04-06T10:42:35.980+0000] {processor.py:183} INFO - Processing /home/airflow/.local/lib/python3.8/site-packages/airflow/example_dags/example_latest_only_with_trigger.py took 0.048 seconds
[2024-04-06T10:43:06.411+0000] {processor.py:161} INFO - Started process (PID=181) to work on /home/airflow/.local/lib/python3.8/site-packages/airflow/example_dags/example_latest_only_with_trigger.py
[2024-04-06T10:43:06.412+0000] {processor.py:830} INFO - Processing file /home/airflow/.local/lib/python3.8/site-packages/airflow/example_dags/example_latest_only_with_trigger.py for tasks to queue
[2024-04-06T10:43:06.413+0000] {logging_mixin.py:188} INFO - [2024-04-06T10:43:06.413+0000] {dagbag.py:540} INFO - Filling up the DagBag from /home/airflow/.local/lib/python3.8/site-packages/airflow/example_dags/example_latest_only_with_trigger.py
[2024-04-06T10:43:06.417+0000] {processor.py:840} INFO - DAG(s) 'latest_only_with_trigger' retrieved from /home/airflow/.local/lib/python3.8/site-packages/airflow/example_dags/example_latest_only_with_trigger.py
[2024-04-06T10:43:06.430+0000] {logging_mixin.py:188} INFO - [2024-04-06T10:43:06.429+0000] {dag.py:3047} INFO - Sync 1 DAGs
[2024-04-06T10:43:06.634+0000] {logging_mixin.py:188} INFO - [2024-04-06T10:43:06.634+0000] {dag.py:3834} INFO - Setting next_dagrun for latest_only_with_trigger to 2024-04-06 04:00:00+00:00, run_after=2024-04-06 08:00:00+00:00
[2024-04-06T10:43:06.648+0000] {processor.py:183} INFO - Processing /home/airflow/.local/lib/python3.8/site-packages/airflow/example_dags/example_latest_only_with_trigger.py took 0.239 seconds
[2024-04-06T10:43:37.457+0000] {processor.py:161} INFO - Started process (PID=237) to work on /home/airflow/.local/lib/python3.8/site-packages/airflow/example_dags/example_latest_only_with_trigger.py
[2024-04-06T10:43:37.457+0000] {processor.py:830} INFO - Processing file /home/airflow/.local/lib/python3.8/site-packages/airflow/example_dags/example_latest_only_with_trigger.py for tasks to queue
[2024-04-06T10:43:37.458+0000] {logging_mixin.py:188} INFO - [2024-04-06T10:43:37.458+0000] {dagbag.py:540} INFO - Filling up the DagBag from /home/airflow/.local/lib/python3.8/site-packages/airflow/example_dags/example_latest_only_with_trigger.py
[2024-04-06T10:43:37.462+0000] {processor.py:840} INFO - DAG(s) 'latest_only_with_trigger' retrieved from /home/airflow/.local/lib/python3.8/site-packages/airflow/example_dags/example_latest_only_with_trigger.py
[2024-04-06T10:43:37.476+0000] {logging_mixin.py:188} INFO - [2024-04-06T10:43:37.476+0000] {dag.py:3047} INFO - Sync 1 DAGs
[2024-04-06T10:43:37.493+0000] {logging_mixin.py:188} INFO - [2024-04-06T10:43:37.493+0000] {dag.py:3834} INFO - Setting next_dagrun for latest_only_with_trigger to 2024-04-06 04:00:00+00:00, run_after=2024-04-06 08:00:00+00:00
[2024-04-06T10:43:37.505+0000] {processor.py:183} INFO - Processing /home/airflow/.local/lib/python3.8/site-packages/airflow/example_dags/example_latest_only_with_trigger.py took 0.050 seconds
[2024-04-06T10:44:08.153+0000] {processor.py:161} INFO - Started process (PID=293) to work on /home/airflow/.local/lib/python3.8/site-packages/airflow/example_dags/example_latest_only_with_trigger.py
[2024-04-06T10:44:08.153+0000] {processor.py:830} INFO - Processing file /home/airflow/.local/lib/python3.8/site-packages/airflow/example_dags/example_latest_only_with_trigger.py for tasks to queue
[2024-04-06T10:44:08.154+0000] {logging_mixin.py:188} INFO - [2024-04-06T10:44:08.154+0000] {dagbag.py:540} INFO - Filling up the DagBag from /home/airflow/.local/lib/python3.8/site-packages/airflow/example_dags/example_latest_only_with_trigger.py
[2024-04-06T10:44:08.158+0000] {processor.py:840} INFO - DAG(s) 'latest_only_with_trigger' retrieved from /home/airflow/.local/lib/python3.8/site-packages/airflow/example_dags/example_latest_only_with_trigger.py
[2024-04-06T10:44:08.171+0000] {logging_mixin.py:188} INFO - [2024-04-06T10:44:08.171+0000] {dag.py:3047} INFO - Sync 1 DAGs
[2024-04-06T10:44:08.186+0000] {logging_mixin.py:188} INFO - [2024-04-06T10:44:08.185+0000] {dag.py:3834} INFO - Setting next_dagrun for latest_only_with_trigger to 2024-04-06 04:00:00+00:00, run_after=2024-04-06 08:00:00+00:00
[2024-04-06T10:44:08.199+0000] {processor.py:183} INFO - Processing /home/airflow/.local/lib/python3.8/site-packages/airflow/example_dags/example_latest_only_with_trigger.py took 0.048 seconds
[2024-04-06T10:44:38.912+0000] {processor.py:161} INFO - Started process (PID=349) to work on /home/airflow/.local/lib/python3.8/site-packages/airflow/example_dags/example_latest_only_with_trigger.py
[2024-04-06T10:44:38.913+0000] {processor.py:830} INFO - Processing file /home/airflow/.local/lib/python3.8/site-packages/airflow/example_dags/example_latest_only_with_trigger.py for tasks to queue
[2024-04-06T10:44:38.915+0000] {logging_mixin.py:188} INFO - [2024-04-06T10:44:38.914+0000] {dagbag.py:540} INFO - Filling up the DagBag from /home/airflow/.local/lib/python3.8/site-packages/airflow/example_dags/example_latest_only_with_trigger.py
[2024-04-06T10:44:38.919+0000] {processor.py:840} INFO - DAG(s) 'latest_only_with_trigger' retrieved from /home/airflow/.local/lib/python3.8/site-packages/airflow/example_dags/example_latest_only_with_trigger.py
[2024-04-06T10:44:38.934+0000] {logging_mixin.py:188} INFO - [2024-04-06T10:44:38.934+0000] {dag.py:3047} INFO - Sync 1 DAGs
[2024-04-06T10:44:38.948+0000] {logging_mixin.py:188} INFO - [2024-04-06T10:44:38.948+0000] {dag.py:3834} INFO - Setting next_dagrun for latest_only_with_trigger to 2024-04-06 04:00:00+00:00, run_after=2024-04-06 08:00:00+00:00
[2024-04-06T10:44:38.960+0000] {processor.py:183} INFO - Processing /home/airflow/.local/lib/python3.8/site-packages/airflow/example_dags/example_latest_only_with_trigger.py took 0.049 seconds
[2024-04-06T10:45:09.156+0000] {processor.py:161} INFO - Started process (PID=405) to work on /home/airflow/.local/lib/python3.8/site-packages/airflow/example_dags/example_latest_only_with_trigger.py
[2024-04-06T10:45:09.157+0000] {processor.py:830} INFO - Processing file /home/airflow/.local/lib/python3.8/site-packages/airflow/example_dags/example_latest_only_with_trigger.py for tasks to queue
[2024-04-06T10:45:09.158+0000] {logging_mixin.py:188} INFO - [2024-04-06T10:45:09.158+0000] {dagbag.py:540} INFO - Filling up the DagBag from /home/airflow/.local/lib/python3.8/site-packages/airflow/example_dags/example_latest_only_with_trigger.py
[2024-04-06T10:45:09.161+0000] {processor.py:840} INFO - DAG(s) 'latest_only_with_trigger' retrieved from /home/airflow/.local/lib/python3.8/site-packages/airflow/example_dags/example_latest_only_with_trigger.py
[2024-04-06T10:45:09.174+0000] {logging_mixin.py:188} INFO - [2024-04-06T10:45:09.174+0000] {dag.py:3047} INFO - Sync 1 DAGs
[2024-04-06T10:45:09.188+0000] {logging_mixin.py:188} INFO - [2024-04-06T10:45:09.188+0000] {dag.py:3834} INFO - Setting next_dagrun for latest_only_with_trigger to 2024-04-06 04:00:00+00:00, run_after=2024-04-06 08:00:00+00:00
[2024-04-06T10:45:09.199+0000] {processor.py:183} INFO - Processing /home/airflow/.local/lib/python3.8/site-packages/airflow/example_dags/example_latest_only_with_trigger.py took 0.044 seconds
