[2024-04-06T09:36:49.979+0000] {processor.py:153} INFO - Started process (PID=90) to work on /home/airflow/.local/lib/python3.7/site-packages/airflow/example_dags/example_short_circuit_decorator.py
[2024-04-06T09:36:49.980+0000] {processor.py:743} INFO - Processing file /home/airflow/.local/lib/python3.7/site-packages/airflow/example_dags/example_short_circuit_decorator.py for tasks to queue
[2024-04-06T09:36:49.981+0000] {logging_mixin.py:137} INFO - [2024-04-06T09:36:49.980+0000] {dagbag.py:538} INFO - Filling up the DagBag from /home/airflow/.local/lib/python3.7/site-packages/airflow/example_dags/example_short_circuit_decorator.py
[2024-04-06T09:36:50.008+0000] {processor.py:753} INFO - DAG(s) dict_keys(['example_short_circuit_decorator']) retrieved from /home/airflow/.local/lib/python3.7/site-packages/airflow/example_dags/example_short_circuit_decorator.py
[2024-04-06T09:36:50.022+0000] {logging_mixin.py:137} INFO - [2024-04-06T09:36:50.022+0000] {dag.py:2690} INFO - Sync 1 DAGs
[2024-04-06T09:36:50.062+0000] {logging_mixin.py:137} INFO - [2024-04-06T09:36:50.062+0000] {dag.py:3441} INFO - Setting next_dagrun for example_short_circuit_decorator to 2024-04-05T09:36:50.062169+00:00, run_after=2024-04-06T09:36:50.062169+00:00
[2024-04-06T09:36:50.091+0000] {processor.py:175} INFO - Processing /home/airflow/.local/lib/python3.7/site-packages/airflow/example_dags/example_short_circuit_decorator.py took 0.115 seconds
[2024-04-06T09:37:20.373+0000] {processor.py:153} INFO - Started process (PID=162) to work on /home/airflow/.local/lib/python3.7/site-packages/airflow/example_dags/example_short_circuit_decorator.py
[2024-04-06T09:37:20.374+0000] {processor.py:743} INFO - Processing file /home/airflow/.local/lib/python3.7/site-packages/airflow/example_dags/example_short_circuit_decorator.py for tasks to queue
[2024-04-06T09:37:20.374+0000] {logging_mixin.py:137} INFO - [2024-04-06T09:37:20.374+0000] {dagbag.py:538} INFO - Filling up the DagBag from /home/airflow/.local/lib/python3.7/site-packages/airflow/example_dags/example_short_circuit_decorator.py
[2024-04-06T09:37:20.408+0000] {processor.py:753} INFO - DAG(s) dict_keys(['example_short_circuit_decorator']) retrieved from /home/airflow/.local/lib/python3.7/site-packages/airflow/example_dags/example_short_circuit_decorator.py
[2024-04-06T09:37:20.421+0000] {logging_mixin.py:137} INFO - [2024-04-06T09:37:20.421+0000] {dag.py:2690} INFO - Sync 1 DAGs
[2024-04-06T09:37:20.449+0000] {logging_mixin.py:137} INFO - [2024-04-06T09:37:20.449+0000] {dag.py:3441} INFO - Setting next_dagrun for example_short_circuit_decorator to 2024-04-05T09:37:20.449516+00:00, run_after=2024-04-06T09:37:20.449516+00:00
[2024-04-06T09:37:20.469+0000] {processor.py:175} INFO - Processing /home/airflow/.local/lib/python3.7/site-packages/airflow/example_dags/example_short_circuit_decorator.py took 0.099 seconds
[2024-04-06T09:37:51.339+0000] {processor.py:153} INFO - Started process (PID=241) to work on /home/airflow/.local/lib/python3.7/site-packages/airflow/example_dags/example_short_circuit_decorator.py
[2024-04-06T09:37:51.340+0000] {processor.py:743} INFO - Processing file /home/airflow/.local/lib/python3.7/site-packages/airflow/example_dags/example_short_circuit_decorator.py for tasks to queue
[2024-04-06T09:37:51.340+0000] {logging_mixin.py:137} INFO - [2024-04-06T09:37:51.340+0000] {dagbag.py:538} INFO - Filling up the DagBag from /home/airflow/.local/lib/python3.7/site-packages/airflow/example_dags/example_short_circuit_decorator.py
[2024-04-06T09:37:51.366+0000] {processor.py:753} INFO - DAG(s) dict_keys(['example_short_circuit_decorator']) retrieved from /home/airflow/.local/lib/python3.7/site-packages/airflow/example_dags/example_short_circuit_decorator.py
[2024-04-06T09:37:51.400+0000] {logging_mixin.py:137} INFO - [2024-04-06T09:37:51.399+0000] {dag.py:2690} INFO - Sync 1 DAGs
[2024-04-06T09:37:51.435+0000] {logging_mixin.py:137} INFO - [2024-04-06T09:37:51.435+0000] {dag.py:3441} INFO - Setting next_dagrun for example_short_circuit_decorator to 2024-04-05T09:37:51.435386+00:00, run_after=2024-04-06T09:37:51.435386+00:00
[2024-04-06T09:37:51.458+0000] {processor.py:175} INFO - Processing /home/airflow/.local/lib/python3.7/site-packages/airflow/example_dags/example_short_circuit_decorator.py took 0.122 seconds
[2024-04-06T09:38:21.948+0000] {processor.py:153} INFO - Started process (PID=322) to work on /home/airflow/.local/lib/python3.7/site-packages/airflow/example_dags/example_short_circuit_decorator.py
[2024-04-06T09:38:21.949+0000] {processor.py:743} INFO - Processing file /home/airflow/.local/lib/python3.7/site-packages/airflow/example_dags/example_short_circuit_decorator.py for tasks to queue
[2024-04-06T09:38:21.949+0000] {logging_mixin.py:137} INFO - [2024-04-06T09:38:21.949+0000] {dagbag.py:538} INFO - Filling up the DagBag from /home/airflow/.local/lib/python3.7/site-packages/airflow/example_dags/example_short_circuit_decorator.py
[2024-04-06T09:38:21.975+0000] {processor.py:753} INFO - DAG(s) dict_keys(['example_short_circuit_decorator']) retrieved from /home/airflow/.local/lib/python3.7/site-packages/airflow/example_dags/example_short_circuit_decorator.py
[2024-04-06T09:38:22.000+0000] {logging_mixin.py:137} INFO - [2024-04-06T09:38:22.000+0000] {dag.py:2690} INFO - Sync 1 DAGs
[2024-04-06T09:38:22.026+0000] {logging_mixin.py:137} INFO - [2024-04-06T09:38:22.026+0000] {dag.py:3441} INFO - Setting next_dagrun for example_short_circuit_decorator to 2024-04-05T09:38:22.025970+00:00, run_after=2024-04-06T09:38:22.025970+00:00
[2024-04-06T09:38:22.044+0000] {processor.py:175} INFO - Processing /home/airflow/.local/lib/python3.7/site-packages/airflow/example_dags/example_short_circuit_decorator.py took 0.101 seconds
[2024-04-06T09:38:52.076+0000] {processor.py:153} INFO - Started process (PID=393) to work on /home/airflow/.local/lib/python3.7/site-packages/airflow/example_dags/example_short_circuit_decorator.py
[2024-04-06T09:38:52.077+0000] {processor.py:743} INFO - Processing file /home/airflow/.local/lib/python3.7/site-packages/airflow/example_dags/example_short_circuit_decorator.py for tasks to queue
[2024-04-06T09:38:52.077+0000] {logging_mixin.py:137} INFO - [2024-04-06T09:38:52.077+0000] {dagbag.py:538} INFO - Filling up the DagBag from /home/airflow/.local/lib/python3.7/site-packages/airflow/example_dags/example_short_circuit_decorator.py
[2024-04-06T09:38:52.098+0000] {processor.py:753} INFO - DAG(s) dict_keys(['example_short_circuit_decorator']) retrieved from /home/airflow/.local/lib/python3.7/site-packages/airflow/example_dags/example_short_circuit_decorator.py
[2024-04-06T09:38:52.119+0000] {logging_mixin.py:137} INFO - [2024-04-06T09:38:52.119+0000] {dag.py:2690} INFO - Sync 1 DAGs
[2024-04-06T09:38:52.141+0000] {logging_mixin.py:137} INFO - [2024-04-06T09:38:52.140+0000] {dag.py:3441} INFO - Setting next_dagrun for example_short_circuit_decorator to 2024-04-05T09:38:52.140745+00:00, run_after=2024-04-06T09:38:52.140745+00:00
[2024-04-06T09:38:52.158+0000] {processor.py:175} INFO - Processing /home/airflow/.local/lib/python3.7/site-packages/airflow/example_dags/example_short_circuit_decorator.py took 0.085 seconds
[2024-04-06T09:39:22.353+0000] {processor.py:153} INFO - Started process (PID=482) to work on /home/airflow/.local/lib/python3.7/site-packages/airflow/example_dags/example_short_circuit_decorator.py
[2024-04-06T09:39:22.354+0000] {processor.py:743} INFO - Processing file /home/airflow/.local/lib/python3.7/site-packages/airflow/example_dags/example_short_circuit_decorator.py for tasks to queue
[2024-04-06T09:39:22.354+0000] {logging_mixin.py:137} INFO - [2024-04-06T09:39:22.354+0000] {dagbag.py:538} INFO - Filling up the DagBag from /home/airflow/.local/lib/python3.7/site-packages/airflow/example_dags/example_short_circuit_decorator.py
[2024-04-06T09:39:22.376+0000] {processor.py:753} INFO - DAG(s) dict_keys(['example_short_circuit_decorator']) retrieved from /home/airflow/.local/lib/python3.7/site-packages/airflow/example_dags/example_short_circuit_decorator.py
[2024-04-06T09:39:22.401+0000] {logging_mixin.py:137} INFO - [2024-04-06T09:39:22.401+0000] {dag.py:2690} INFO - Sync 1 DAGs
[2024-04-06T09:39:22.434+0000] {logging_mixin.py:137} INFO - [2024-04-06T09:39:22.433+0000] {dag.py:3441} INFO - Setting next_dagrun for example_short_circuit_decorator to 2024-04-05T09:39:22.433524+00:00, run_after=2024-04-06T09:39:22.433524+00:00
[2024-04-06T09:39:22.456+0000] {processor.py:175} INFO - Processing /home/airflow/.local/lib/python3.7/site-packages/airflow/example_dags/example_short_circuit_decorator.py took 0.107 seconds
[2024-04-06T09:39:52.553+0000] {processor.py:153} INFO - Started process (PID=553) to work on /home/airflow/.local/lib/python3.7/site-packages/airflow/example_dags/example_short_circuit_decorator.py
[2024-04-06T09:39:52.554+0000] {processor.py:743} INFO - Processing file /home/airflow/.local/lib/python3.7/site-packages/airflow/example_dags/example_short_circuit_decorator.py for tasks to queue
[2024-04-06T09:39:52.555+0000] {logging_mixin.py:137} INFO - [2024-04-06T09:39:52.554+0000] {dagbag.py:538} INFO - Filling up the DagBag from /home/airflow/.local/lib/python3.7/site-packages/airflow/example_dags/example_short_circuit_decorator.py
[2024-04-06T09:39:52.580+0000] {processor.py:753} INFO - DAG(s) dict_keys(['example_short_circuit_decorator']) retrieved from /home/airflow/.local/lib/python3.7/site-packages/airflow/example_dags/example_short_circuit_decorator.py
[2024-04-06T09:39:52.604+0000] {logging_mixin.py:137} INFO - [2024-04-06T09:39:52.603+0000] {dag.py:2690} INFO - Sync 1 DAGs
[2024-04-06T09:39:52.630+0000] {logging_mixin.py:137} INFO - [2024-04-06T09:39:52.629+0000] {dag.py:3441} INFO - Setting next_dagrun for example_short_circuit_decorator to 2024-04-05T09:39:52.629502+00:00, run_after=2024-04-06T09:39:52.629502+00:00
[2024-04-06T09:39:52.651+0000] {processor.py:175} INFO - Processing /home/airflow/.local/lib/python3.7/site-packages/airflow/example_dags/example_short_circuit_decorator.py took 0.101 seconds
[2024-04-06T09:40:22.950+0000] {processor.py:153} INFO - Started process (PID=641) to work on /home/airflow/.local/lib/python3.7/site-packages/airflow/example_dags/example_short_circuit_decorator.py
[2024-04-06T09:40:22.951+0000] {processor.py:743} INFO - Processing file /home/airflow/.local/lib/python3.7/site-packages/airflow/example_dags/example_short_circuit_decorator.py for tasks to queue
[2024-04-06T09:40:22.951+0000] {logging_mixin.py:137} INFO - [2024-04-06T09:40:22.951+0000] {dagbag.py:538} INFO - Filling up the DagBag from /home/airflow/.local/lib/python3.7/site-packages/airflow/example_dags/example_short_circuit_decorator.py
[2024-04-06T09:40:22.978+0000] {processor.py:753} INFO - DAG(s) dict_keys(['example_short_circuit_decorator']) retrieved from /home/airflow/.local/lib/python3.7/site-packages/airflow/example_dags/example_short_circuit_decorator.py
[2024-04-06T09:40:23.002+0000] {logging_mixin.py:137} INFO - [2024-04-06T09:40:23.002+0000] {dag.py:2690} INFO - Sync 1 DAGs
[2024-04-06T09:40:23.027+0000] {logging_mixin.py:137} INFO - [2024-04-06T09:40:23.027+0000] {dag.py:3441} INFO - Setting next_dagrun for example_short_circuit_decorator to 2024-04-05T09:40:23.027495+00:00, run_after=2024-04-06T09:40:23.027495+00:00
[2024-04-06T09:40:23.046+0000] {processor.py:175} INFO - Processing /home/airflow/.local/lib/python3.7/site-packages/airflow/example_dags/example_short_circuit_decorator.py took 0.099 seconds
[2024-04-06T09:40:53.180+0000] {processor.py:153} INFO - Started process (PID=713) to work on /home/airflow/.local/lib/python3.7/site-packages/airflow/example_dags/example_short_circuit_decorator.py
[2024-04-06T09:40:53.180+0000] {processor.py:743} INFO - Processing file /home/airflow/.local/lib/python3.7/site-packages/airflow/example_dags/example_short_circuit_decorator.py for tasks to queue
[2024-04-06T09:40:53.181+0000] {logging_mixin.py:137} INFO - [2024-04-06T09:40:53.181+0000] {dagbag.py:538} INFO - Filling up the DagBag from /home/airflow/.local/lib/python3.7/site-packages/airflow/example_dags/example_short_circuit_decorator.py
[2024-04-06T09:40:53.200+0000] {processor.py:753} INFO - DAG(s) dict_keys(['example_short_circuit_decorator']) retrieved from /home/airflow/.local/lib/python3.7/site-packages/airflow/example_dags/example_short_circuit_decorator.py
[2024-04-06T09:40:53.223+0000] {logging_mixin.py:137} INFO - [2024-04-06T09:40:53.223+0000] {dag.py:2690} INFO - Sync 1 DAGs
[2024-04-06T09:40:53.245+0000] {logging_mixin.py:137} INFO - [2024-04-06T09:40:53.245+0000] {dag.py:3441} INFO - Setting next_dagrun for example_short_circuit_decorator to 2024-04-05T09:40:53.244942+00:00, run_after=2024-04-06T09:40:53.244942+00:00
[2024-04-06T09:40:53.261+0000] {processor.py:175} INFO - Processing /home/airflow/.local/lib/python3.7/site-packages/airflow/example_dags/example_short_circuit_decorator.py took 0.084 seconds
[2024-04-06T09:41:23.672+0000] {processor.py:153} INFO - Started process (PID=801) to work on /home/airflow/.local/lib/python3.7/site-packages/airflow/example_dags/example_short_circuit_decorator.py
[2024-04-06T09:41:23.673+0000] {processor.py:743} INFO - Processing file /home/airflow/.local/lib/python3.7/site-packages/airflow/example_dags/example_short_circuit_decorator.py for tasks to queue
[2024-04-06T09:41:23.673+0000] {logging_mixin.py:137} INFO - [2024-04-06T09:41:23.673+0000] {dagbag.py:538} INFO - Filling up the DagBag from /home/airflow/.local/lib/python3.7/site-packages/airflow/example_dags/example_short_circuit_decorator.py
[2024-04-06T09:41:23.693+0000] {processor.py:753} INFO - DAG(s) dict_keys(['example_short_circuit_decorator']) retrieved from /home/airflow/.local/lib/python3.7/site-packages/airflow/example_dags/example_short_circuit_decorator.py
[2024-04-06T09:41:23.717+0000] {logging_mixin.py:137} INFO - [2024-04-06T09:41:23.717+0000] {dag.py:2690} INFO - Sync 1 DAGs
[2024-04-06T09:41:23.742+0000] {logging_mixin.py:137} INFO - [2024-04-06T09:41:23.742+0000] {dag.py:3441} INFO - Setting next_dagrun for example_short_circuit_decorator to 2024-04-05T09:41:23.742603+00:00, run_after=2024-04-06T09:41:23.742603+00:00
[2024-04-06T09:41:23.762+0000] {processor.py:175} INFO - Processing /home/airflow/.local/lib/python3.7/site-packages/airflow/example_dags/example_short_circuit_decorator.py took 0.092 seconds
[2024-04-06T09:41:54.017+0000] {processor.py:153} INFO - Started process (PID=873) to work on /home/airflow/.local/lib/python3.7/site-packages/airflow/example_dags/example_short_circuit_decorator.py
[2024-04-06T09:41:54.018+0000] {processor.py:743} INFO - Processing file /home/airflow/.local/lib/python3.7/site-packages/airflow/example_dags/example_short_circuit_decorator.py for tasks to queue
[2024-04-06T09:41:54.018+0000] {logging_mixin.py:137} INFO - [2024-04-06T09:41:54.018+0000] {dagbag.py:538} INFO - Filling up the DagBag from /home/airflow/.local/lib/python3.7/site-packages/airflow/example_dags/example_short_circuit_decorator.py
[2024-04-06T09:41:54.044+0000] {processor.py:753} INFO - DAG(s) dict_keys(['example_short_circuit_decorator']) retrieved from /home/airflow/.local/lib/python3.7/site-packages/airflow/example_dags/example_short_circuit_decorator.py
[2024-04-06T09:41:54.067+0000] {logging_mixin.py:137} INFO - [2024-04-06T09:41:54.066+0000] {dag.py:2690} INFO - Sync 1 DAGs
[2024-04-06T09:41:54.088+0000] {logging_mixin.py:137} INFO - [2024-04-06T09:41:54.088+0000] {dag.py:3441} INFO - Setting next_dagrun for example_short_circuit_decorator to 2024-04-05T09:41:54.088538+00:00, run_after=2024-04-06T09:41:54.088538+00:00
[2024-04-06T09:41:54.105+0000] {processor.py:175} INFO - Processing /home/airflow/.local/lib/python3.7/site-packages/airflow/example_dags/example_short_circuit_decorator.py took 0.091 seconds
[2024-04-06T09:42:24.805+0000] {processor.py:153} INFO - Started process (PID=961) to work on /home/airflow/.local/lib/python3.7/site-packages/airflow/example_dags/example_short_circuit_decorator.py
[2024-04-06T09:42:24.805+0000] {processor.py:743} INFO - Processing file /home/airflow/.local/lib/python3.7/site-packages/airflow/example_dags/example_short_circuit_decorator.py for tasks to queue
[2024-04-06T09:42:24.806+0000] {logging_mixin.py:137} INFO - [2024-04-06T09:42:24.806+0000] {dagbag.py:538} INFO - Filling up the DagBag from /home/airflow/.local/lib/python3.7/site-packages/airflow/example_dags/example_short_circuit_decorator.py
[2024-04-06T09:42:24.833+0000] {processor.py:753} INFO - DAG(s) dict_keys(['example_short_circuit_decorator']) retrieved from /home/airflow/.local/lib/python3.7/site-packages/airflow/example_dags/example_short_circuit_decorator.py
[2024-04-06T09:42:24.866+0000] {logging_mixin.py:137} INFO - [2024-04-06T09:42:24.866+0000] {dag.py:2690} INFO - Sync 1 DAGs
[2024-04-06T09:42:24.900+0000] {logging_mixin.py:137} INFO - [2024-04-06T09:42:24.899+0000] {dag.py:3441} INFO - Setting next_dagrun for example_short_circuit_decorator to 2024-04-05T09:42:24.899563+00:00, run_after=2024-04-06T09:42:24.899563+00:00
[2024-04-06T09:42:24.927+0000] {processor.py:175} INFO - Processing /home/airflow/.local/lib/python3.7/site-packages/airflow/example_dags/example_short_circuit_decorator.py took 0.125 seconds
[2024-04-06T09:42:55.018+0000] {processor.py:153} INFO - Started process (PID=1034) to work on /home/airflow/.local/lib/python3.7/site-packages/airflow/example_dags/example_short_circuit_decorator.py
[2024-04-06T09:42:55.019+0000] {processor.py:743} INFO - Processing file /home/airflow/.local/lib/python3.7/site-packages/airflow/example_dags/example_short_circuit_decorator.py for tasks to queue
[2024-04-06T09:42:55.019+0000] {logging_mixin.py:137} INFO - [2024-04-06T09:42:55.019+0000] {dagbag.py:538} INFO - Filling up the DagBag from /home/airflow/.local/lib/python3.7/site-packages/airflow/example_dags/example_short_circuit_decorator.py
[2024-04-06T09:42:55.042+0000] {processor.py:753} INFO - DAG(s) dict_keys(['example_short_circuit_decorator']) retrieved from /home/airflow/.local/lib/python3.7/site-packages/airflow/example_dags/example_short_circuit_decorator.py
[2024-04-06T09:42:55.065+0000] {logging_mixin.py:137} INFO - [2024-04-06T09:42:55.065+0000] {dag.py:2690} INFO - Sync 1 DAGs
[2024-04-06T09:42:55.089+0000] {logging_mixin.py:137} INFO - [2024-04-06T09:42:55.088+0000] {dag.py:3441} INFO - Setting next_dagrun for example_short_circuit_decorator to 2024-04-05T09:42:55.088698+00:00, run_after=2024-04-06T09:42:55.088698+00:00
[2024-04-06T09:42:55.102+0000] {processor.py:175} INFO - Processing /home/airflow/.local/lib/python3.7/site-packages/airflow/example_dags/example_short_circuit_decorator.py took 0.087 seconds
[2024-04-06T09:43:25.672+0000] {processor.py:153} INFO - Started process (PID=1122) to work on /home/airflow/.local/lib/python3.7/site-packages/airflow/example_dags/example_short_circuit_decorator.py
[2024-04-06T09:43:25.673+0000] {processor.py:743} INFO - Processing file /home/airflow/.local/lib/python3.7/site-packages/airflow/example_dags/example_short_circuit_decorator.py for tasks to queue
[2024-04-06T09:43:25.674+0000] {logging_mixin.py:137} INFO - [2024-04-06T09:43:25.673+0000] {dagbag.py:538} INFO - Filling up the DagBag from /home/airflow/.local/lib/python3.7/site-packages/airflow/example_dags/example_short_circuit_decorator.py
[2024-04-06T09:43:25.694+0000] {processor.py:753} INFO - DAG(s) dict_keys(['example_short_circuit_decorator']) retrieved from /home/airflow/.local/lib/python3.7/site-packages/airflow/example_dags/example_short_circuit_decorator.py
[2024-04-06T09:43:25.715+0000] {logging_mixin.py:137} INFO - [2024-04-06T09:43:25.715+0000] {dag.py:2690} INFO - Sync 1 DAGs
[2024-04-06T09:43:25.741+0000] {logging_mixin.py:137} INFO - [2024-04-06T09:43:25.740+0000] {dag.py:3441} INFO - Setting next_dagrun for example_short_circuit_decorator to 2024-04-05T09:43:25.740677+00:00, run_after=2024-04-06T09:43:25.740677+00:00
[2024-04-06T09:43:25.759+0000] {processor.py:175} INFO - Processing /home/airflow/.local/lib/python3.7/site-packages/airflow/example_dags/example_short_circuit_decorator.py took 0.089 seconds
[2024-04-06T09:43:55.893+0000] {processor.py:153} INFO - Started process (PID=1192) to work on /home/airflow/.local/lib/python3.7/site-packages/airflow/example_dags/example_short_circuit_decorator.py
[2024-04-06T09:43:55.893+0000] {processor.py:743} INFO - Processing file /home/airflow/.local/lib/python3.7/site-packages/airflow/example_dags/example_short_circuit_decorator.py for tasks to queue
[2024-04-06T09:43:55.894+0000] {logging_mixin.py:137} INFO - [2024-04-06T09:43:55.894+0000] {dagbag.py:538} INFO - Filling up the DagBag from /home/airflow/.local/lib/python3.7/site-packages/airflow/example_dags/example_short_circuit_decorator.py
[2024-04-06T09:43:55.915+0000] {processor.py:753} INFO - DAG(s) dict_keys(['example_short_circuit_decorator']) retrieved from /home/airflow/.local/lib/python3.7/site-packages/airflow/example_dags/example_short_circuit_decorator.py
[2024-04-06T09:43:55.935+0000] {logging_mixin.py:137} INFO - [2024-04-06T09:43:55.935+0000] {dag.py:2690} INFO - Sync 1 DAGs
[2024-04-06T09:43:55.956+0000] {logging_mixin.py:137} INFO - [2024-04-06T09:43:55.956+0000] {dag.py:3441} INFO - Setting next_dagrun for example_short_circuit_decorator to 2024-04-05T09:43:55.956388+00:00, run_after=2024-04-06T09:43:55.956388+00:00
[2024-04-06T09:43:55.973+0000] {processor.py:175} INFO - Processing /home/airflow/.local/lib/python3.7/site-packages/airflow/example_dags/example_short_circuit_decorator.py took 0.083 seconds
[2024-04-06T09:44:26.675+0000] {processor.py:153} INFO - Started process (PID=1280) to work on /home/airflow/.local/lib/python3.7/site-packages/airflow/example_dags/example_short_circuit_decorator.py
[2024-04-06T09:44:26.676+0000] {processor.py:743} INFO - Processing file /home/airflow/.local/lib/python3.7/site-packages/airflow/example_dags/example_short_circuit_decorator.py for tasks to queue
[2024-04-06T09:44:26.676+0000] {logging_mixin.py:137} INFO - [2024-04-06T09:44:26.676+0000] {dagbag.py:538} INFO - Filling up the DagBag from /home/airflow/.local/lib/python3.7/site-packages/airflow/example_dags/example_short_circuit_decorator.py
[2024-04-06T09:44:26.696+0000] {processor.py:753} INFO - DAG(s) dict_keys(['example_short_circuit_decorator']) retrieved from /home/airflow/.local/lib/python3.7/site-packages/airflow/example_dags/example_short_circuit_decorator.py
[2024-04-06T09:44:26.717+0000] {logging_mixin.py:137} INFO - [2024-04-06T09:44:26.717+0000] {dag.py:2690} INFO - Sync 1 DAGs
[2024-04-06T09:44:26.738+0000] {logging_mixin.py:137} INFO - [2024-04-06T09:44:26.738+0000] {dag.py:3441} INFO - Setting next_dagrun for example_short_circuit_decorator to 2024-04-05T09:44:26.737949+00:00, run_after=2024-04-06T09:44:26.737949+00:00
[2024-04-06T09:44:26.754+0000] {processor.py:175} INFO - Processing /home/airflow/.local/lib/python3.7/site-packages/airflow/example_dags/example_short_circuit_decorator.py took 0.080 seconds
[2024-04-06T09:44:56.971+0000] {processor.py:153} INFO - Started process (PID=1352) to work on /home/airflow/.local/lib/python3.7/site-packages/airflow/example_dags/example_short_circuit_decorator.py
[2024-04-06T09:44:56.972+0000] {processor.py:743} INFO - Processing file /home/airflow/.local/lib/python3.7/site-packages/airflow/example_dags/example_short_circuit_decorator.py for tasks to queue
[2024-04-06T09:44:56.972+0000] {logging_mixin.py:137} INFO - [2024-04-06T09:44:56.972+0000] {dagbag.py:538} INFO - Filling up the DagBag from /home/airflow/.local/lib/python3.7/site-packages/airflow/example_dags/example_short_circuit_decorator.py
[2024-04-06T09:44:56.992+0000] {processor.py:753} INFO - DAG(s) dict_keys(['example_short_circuit_decorator']) retrieved from /home/airflow/.local/lib/python3.7/site-packages/airflow/example_dags/example_short_circuit_decorator.py
[2024-04-06T09:44:57.010+0000] {logging_mixin.py:137} INFO - [2024-04-06T09:44:57.010+0000] {dag.py:2690} INFO - Sync 1 DAGs
[2024-04-06T09:44:57.028+0000] {logging_mixin.py:137} INFO - [2024-04-06T09:44:57.028+0000] {dag.py:3441} INFO - Setting next_dagrun for example_short_circuit_decorator to 2024-04-05T09:44:57.027964+00:00, run_after=2024-04-06T09:44:57.027964+00:00
[2024-04-06T09:44:57.042+0000] {processor.py:175} INFO - Processing /home/airflow/.local/lib/python3.7/site-packages/airflow/example_dags/example_short_circuit_decorator.py took 0.073 seconds
[2024-04-06T09:45:27.288+0000] {processor.py:153} INFO - Started process (PID=1440) to work on /home/airflow/.local/lib/python3.7/site-packages/airflow/example_dags/example_short_circuit_decorator.py
[2024-04-06T09:45:27.288+0000] {processor.py:743} INFO - Processing file /home/airflow/.local/lib/python3.7/site-packages/airflow/example_dags/example_short_circuit_decorator.py for tasks to queue
[2024-04-06T09:45:27.289+0000] {logging_mixin.py:137} INFO - [2024-04-06T09:45:27.289+0000] {dagbag.py:538} INFO - Filling up the DagBag from /home/airflow/.local/lib/python3.7/site-packages/airflow/example_dags/example_short_circuit_decorator.py
[2024-04-06T09:45:27.310+0000] {processor.py:753} INFO - DAG(s) dict_keys(['example_short_circuit_decorator']) retrieved from /home/airflow/.local/lib/python3.7/site-packages/airflow/example_dags/example_short_circuit_decorator.py
[2024-04-06T09:45:27.332+0000] {logging_mixin.py:137} INFO - [2024-04-06T09:45:27.332+0000] {dag.py:2690} INFO - Sync 1 DAGs
[2024-04-06T09:45:27.355+0000] {logging_mixin.py:137} INFO - [2024-04-06T09:45:27.355+0000] {dag.py:3441} INFO - Setting next_dagrun for example_short_circuit_decorator to 2024-04-05T09:45:27.355656+00:00, run_after=2024-04-06T09:45:27.355656+00:00
[2024-04-06T09:45:27.372+0000] {processor.py:175} INFO - Processing /home/airflow/.local/lib/python3.7/site-packages/airflow/example_dags/example_short_circuit_decorator.py took 0.088 seconds
[2024-04-06T09:45:57.717+0000] {processor.py:153} INFO - Started process (PID=1512) to work on /home/airflow/.local/lib/python3.7/site-packages/airflow/example_dags/example_short_circuit_decorator.py
[2024-04-06T09:45:57.717+0000] {processor.py:743} INFO - Processing file /home/airflow/.local/lib/python3.7/site-packages/airflow/example_dags/example_short_circuit_decorator.py for tasks to queue
[2024-04-06T09:45:57.718+0000] {logging_mixin.py:137} INFO - [2024-04-06T09:45:57.718+0000] {dagbag.py:538} INFO - Filling up the DagBag from /home/airflow/.local/lib/python3.7/site-packages/airflow/example_dags/example_short_circuit_decorator.py
[2024-04-06T09:45:57.744+0000] {processor.py:753} INFO - DAG(s) dict_keys(['example_short_circuit_decorator']) retrieved from /home/airflow/.local/lib/python3.7/site-packages/airflow/example_dags/example_short_circuit_decorator.py
[2024-04-06T09:45:57.773+0000] {logging_mixin.py:137} INFO - [2024-04-06T09:45:57.772+0000] {dag.py:2690} INFO - Sync 1 DAGs
[2024-04-06T09:45:57.807+0000] {logging_mixin.py:137} INFO - [2024-04-06T09:45:57.806+0000] {dag.py:3441} INFO - Setting next_dagrun for example_short_circuit_decorator to 2024-04-05T09:45:57.806415+00:00, run_after=2024-04-06T09:45:57.806415+00:00
[2024-04-06T09:45:57.834+0000] {processor.py:175} INFO - Processing /home/airflow/.local/lib/python3.7/site-packages/airflow/example_dags/example_short_circuit_decorator.py took 0.121 seconds
[2024-04-06T09:46:28.152+0000] {processor.py:153} INFO - Started process (PID=1599) to work on /home/airflow/.local/lib/python3.7/site-packages/airflow/example_dags/example_short_circuit_decorator.py
[2024-04-06T09:46:28.153+0000] {processor.py:743} INFO - Processing file /home/airflow/.local/lib/python3.7/site-packages/airflow/example_dags/example_short_circuit_decorator.py for tasks to queue
[2024-04-06T09:46:28.153+0000] {logging_mixin.py:137} INFO - [2024-04-06T09:46:28.153+0000] {dagbag.py:538} INFO - Filling up the DagBag from /home/airflow/.local/lib/python3.7/site-packages/airflow/example_dags/example_short_circuit_decorator.py
[2024-04-06T09:46:28.173+0000] {processor.py:753} INFO - DAG(s) dict_keys(['example_short_circuit_decorator']) retrieved from /home/airflow/.local/lib/python3.7/site-packages/airflow/example_dags/example_short_circuit_decorator.py
[2024-04-06T09:46:28.193+0000] {logging_mixin.py:137} INFO - [2024-04-06T09:46:28.193+0000] {dag.py:2690} INFO - Sync 1 DAGs
[2024-04-06T09:46:28.214+0000] {logging_mixin.py:137} INFO - [2024-04-06T09:46:28.214+0000] {dag.py:3441} INFO - Setting next_dagrun for example_short_circuit_decorator to 2024-04-05T09:46:28.214337+00:00, run_after=2024-04-06T09:46:28.214337+00:00
[2024-04-06T09:46:28.231+0000] {processor.py:175} INFO - Processing /home/airflow/.local/lib/python3.7/site-packages/airflow/example_dags/example_short_circuit_decorator.py took 0.082 seconds
[2024-04-06T09:46:58.440+0000] {processor.py:153} INFO - Started process (PID=1671) to work on /home/airflow/.local/lib/python3.7/site-packages/airflow/example_dags/example_short_circuit_decorator.py
[2024-04-06T09:46:58.441+0000] {processor.py:743} INFO - Processing file /home/airflow/.local/lib/python3.7/site-packages/airflow/example_dags/example_short_circuit_decorator.py for tasks to queue
[2024-04-06T09:46:58.441+0000] {logging_mixin.py:137} INFO - [2024-04-06T09:46:58.441+0000] {dagbag.py:538} INFO - Filling up the DagBag from /home/airflow/.local/lib/python3.7/site-packages/airflow/example_dags/example_short_circuit_decorator.py
[2024-04-06T09:46:58.469+0000] {processor.py:753} INFO - DAG(s) dict_keys(['example_short_circuit_decorator']) retrieved from /home/airflow/.local/lib/python3.7/site-packages/airflow/example_dags/example_short_circuit_decorator.py
[2024-04-06T09:46:58.494+0000] {logging_mixin.py:137} INFO - [2024-04-06T09:46:58.494+0000] {dag.py:2690} INFO - Sync 1 DAGs
[2024-04-06T09:46:58.519+0000] {logging_mixin.py:137} INFO - [2024-04-06T09:46:58.519+0000] {dag.py:3441} INFO - Setting next_dagrun for example_short_circuit_decorator to 2024-04-05T09:46:58.518967+00:00, run_after=2024-04-06T09:46:58.518967+00:00
[2024-04-06T09:46:58.538+0000] {processor.py:175} INFO - Processing /home/airflow/.local/lib/python3.7/site-packages/airflow/example_dags/example_short_circuit_decorator.py took 0.100 seconds
[2024-04-06T09:47:28.951+0000] {processor.py:153} INFO - Started process (PID=1759) to work on /home/airflow/.local/lib/python3.7/site-packages/airflow/example_dags/example_short_circuit_decorator.py
[2024-04-06T09:47:28.952+0000] {processor.py:743} INFO - Processing file /home/airflow/.local/lib/python3.7/site-packages/airflow/example_dags/example_short_circuit_decorator.py for tasks to queue
[2024-04-06T09:47:28.953+0000] {logging_mixin.py:137} INFO - [2024-04-06T09:47:28.953+0000] {dagbag.py:538} INFO - Filling up the DagBag from /home/airflow/.local/lib/python3.7/site-packages/airflow/example_dags/example_short_circuit_decorator.py
[2024-04-06T09:47:28.973+0000] {processor.py:753} INFO - DAG(s) dict_keys(['example_short_circuit_decorator']) retrieved from /home/airflow/.local/lib/python3.7/site-packages/airflow/example_dags/example_short_circuit_decorator.py
[2024-04-06T09:47:28.994+0000] {logging_mixin.py:137} INFO - [2024-04-06T09:47:28.993+0000] {dag.py:2690} INFO - Sync 1 DAGs
[2024-04-06T09:47:29.015+0000] {logging_mixin.py:137} INFO - [2024-04-06T09:47:29.015+0000] {dag.py:3441} INFO - Setting next_dagrun for example_short_circuit_decorator to 2024-04-05T09:47:29.015011+00:00, run_after=2024-04-06T09:47:29.015011+00:00
[2024-04-06T09:47:29.032+0000] {processor.py:175} INFO - Processing /home/airflow/.local/lib/python3.7/site-packages/airflow/example_dags/example_short_circuit_decorator.py took 0.083 seconds
[2024-04-06T09:47:59.130+0000] {processor.py:153} INFO - Started process (PID=1831) to work on /home/airflow/.local/lib/python3.7/site-packages/airflow/example_dags/example_short_circuit_decorator.py
[2024-04-06T09:47:59.130+0000] {processor.py:743} INFO - Processing file /home/airflow/.local/lib/python3.7/site-packages/airflow/example_dags/example_short_circuit_decorator.py for tasks to queue
[2024-04-06T09:47:59.131+0000] {logging_mixin.py:137} INFO - [2024-04-06T09:47:59.131+0000] {dagbag.py:538} INFO - Filling up the DagBag from /home/airflow/.local/lib/python3.7/site-packages/airflow/example_dags/example_short_circuit_decorator.py
[2024-04-06T09:47:59.151+0000] {processor.py:753} INFO - DAG(s) dict_keys(['example_short_circuit_decorator']) retrieved from /home/airflow/.local/lib/python3.7/site-packages/airflow/example_dags/example_short_circuit_decorator.py
[2024-04-06T09:47:59.171+0000] {logging_mixin.py:137} INFO - [2024-04-06T09:47:59.171+0000] {dag.py:2690} INFO - Sync 1 DAGs
[2024-04-06T09:47:59.197+0000] {logging_mixin.py:137} INFO - [2024-04-06T09:47:59.197+0000] {dag.py:3441} INFO - Setting next_dagrun for example_short_circuit_decorator to 2024-04-05T09:47:59.197231+00:00, run_after=2024-04-06T09:47:59.197231+00:00
[2024-04-06T09:47:59.215+0000] {processor.py:175} INFO - Processing /home/airflow/.local/lib/python3.7/site-packages/airflow/example_dags/example_short_circuit_decorator.py took 0.087 seconds
[2024-04-06T09:48:29.748+0000] {processor.py:153} INFO - Started process (PID=1919) to work on /home/airflow/.local/lib/python3.7/site-packages/airflow/example_dags/example_short_circuit_decorator.py
[2024-04-06T09:48:29.749+0000] {processor.py:743} INFO - Processing file /home/airflow/.local/lib/python3.7/site-packages/airflow/example_dags/example_short_circuit_decorator.py for tasks to queue
[2024-04-06T09:48:29.749+0000] {logging_mixin.py:137} INFO - [2024-04-06T09:48:29.749+0000] {dagbag.py:538} INFO - Filling up the DagBag from /home/airflow/.local/lib/python3.7/site-packages/airflow/example_dags/example_short_circuit_decorator.py
[2024-04-06T09:48:29.773+0000] {processor.py:753} INFO - DAG(s) dict_keys(['example_short_circuit_decorator']) retrieved from /home/airflow/.local/lib/python3.7/site-packages/airflow/example_dags/example_short_circuit_decorator.py
[2024-04-06T09:48:29.806+0000] {logging_mixin.py:137} INFO - [2024-04-06T09:48:29.805+0000] {dag.py:2690} INFO - Sync 1 DAGs
[2024-04-06T09:48:29.841+0000] {logging_mixin.py:137} INFO - [2024-04-06T09:48:29.841+0000] {dag.py:3441} INFO - Setting next_dagrun for example_short_circuit_decorator to 2024-04-05T09:48:29.841227+00:00, run_after=2024-04-06T09:48:29.841227+00:00
[2024-04-06T09:48:29.863+0000] {processor.py:175} INFO - Processing /home/airflow/.local/lib/python3.7/site-packages/airflow/example_dags/example_short_circuit_decorator.py took 0.119 seconds
[2024-04-06T09:49:01.100+0000] {processor.py:153} INFO - Started process (PID=1991) to work on /home/airflow/.local/lib/python3.7/site-packages/airflow/example_dags/example_short_circuit_decorator.py
[2024-04-06T09:49:01.102+0000] {processor.py:743} INFO - Processing file /home/airflow/.local/lib/python3.7/site-packages/airflow/example_dags/example_short_circuit_decorator.py for tasks to queue
[2024-04-06T09:49:01.102+0000] {logging_mixin.py:137} INFO - [2024-04-06T09:49:01.102+0000] {dagbag.py:538} INFO - Filling up the DagBag from /home/airflow/.local/lib/python3.7/site-packages/airflow/example_dags/example_short_circuit_decorator.py
[2024-04-06T09:49:01.161+0000] {processor.py:753} INFO - DAG(s) dict_keys(['example_short_circuit_decorator']) retrieved from /home/airflow/.local/lib/python3.7/site-packages/airflow/example_dags/example_short_circuit_decorator.py
[2024-04-06T09:49:01.217+0000] {logging_mixin.py:137} INFO - [2024-04-06T09:49:01.217+0000] {dag.py:2690} INFO - Sync 1 DAGs
[2024-04-06T09:49:01.260+0000] {logging_mixin.py:137} INFO - [2024-04-06T09:49:01.259+0000] {dag.py:3441} INFO - Setting next_dagrun for example_short_circuit_decorator to 2024-04-05T09:49:01.255870+00:00, run_after=2024-04-06T09:49:01.255870+00:00
[2024-04-06T09:49:01.288+0000] {processor.py:175} INFO - Processing /home/airflow/.local/lib/python3.7/site-packages/airflow/example_dags/example_short_circuit_decorator.py took 0.191 seconds
[2024-04-06T09:50:15.662+0000] {processor.py:153} INFO - Started process (PID=89) to work on /home/airflow/.local/lib/python3.7/site-packages/airflow/example_dags/example_short_circuit_decorator.py
[2024-04-06T09:50:15.665+0000] {processor.py:743} INFO - Processing file /home/airflow/.local/lib/python3.7/site-packages/airflow/example_dags/example_short_circuit_decorator.py for tasks to queue
[2024-04-06T09:50:15.665+0000] {logging_mixin.py:137} INFO - [2024-04-06T09:50:15.665+0000] {dagbag.py:538} INFO - Filling up the DagBag from /home/airflow/.local/lib/python3.7/site-packages/airflow/example_dags/example_short_circuit_decorator.py
[2024-04-06T09:50:15.733+0000] {processor.py:753} INFO - DAG(s) dict_keys(['example_short_circuit_decorator']) retrieved from /home/airflow/.local/lib/python3.7/site-packages/airflow/example_dags/example_short_circuit_decorator.py
[2024-04-06T09:50:15.769+0000] {logging_mixin.py:137} INFO - [2024-04-06T09:50:15.769+0000] {dag.py:2690} INFO - Sync 1 DAGs
[2024-04-06T09:50:15.814+0000] {logging_mixin.py:137} INFO - [2024-04-06T09:50:15.814+0000] {dag.py:3441} INFO - Setting next_dagrun for example_short_circuit_decorator to 2024-04-05T09:50:15.813857+00:00, run_after=2024-04-06T09:50:15.813857+00:00
[2024-04-06T09:50:15.842+0000] {processor.py:175} INFO - Processing /home/airflow/.local/lib/python3.7/site-packages/airflow/example_dags/example_short_circuit_decorator.py took 0.184 seconds
[2024-04-06T09:50:46.634+0000] {processor.py:153} INFO - Started process (PID=145) to work on /home/airflow/.local/lib/python3.7/site-packages/airflow/example_dags/example_short_circuit_decorator.py
[2024-04-06T09:50:46.635+0000] {processor.py:743} INFO - Processing file /home/airflow/.local/lib/python3.7/site-packages/airflow/example_dags/example_short_circuit_decorator.py for tasks to queue
[2024-04-06T09:50:46.636+0000] {logging_mixin.py:137} INFO - [2024-04-06T09:50:46.636+0000] {dagbag.py:538} INFO - Filling up the DagBag from /home/airflow/.local/lib/python3.7/site-packages/airflow/example_dags/example_short_circuit_decorator.py
[2024-04-06T09:50:46.666+0000] {processor.py:753} INFO - DAG(s) dict_keys(['example_short_circuit_decorator']) retrieved from /home/airflow/.local/lib/python3.7/site-packages/airflow/example_dags/example_short_circuit_decorator.py
[2024-04-06T09:50:46.693+0000] {logging_mixin.py:137} INFO - [2024-04-06T09:50:46.693+0000] {dag.py:2690} INFO - Sync 1 DAGs
[2024-04-06T09:50:46.720+0000] {logging_mixin.py:137} INFO - [2024-04-06T09:50:46.720+0000] {dag.py:3441} INFO - Setting next_dagrun for example_short_circuit_decorator to 2024-04-05T09:50:46.719904+00:00, run_after=2024-04-06T09:50:46.719904+00:00
[2024-04-06T09:50:46.738+0000] {processor.py:175} INFO - Processing /home/airflow/.local/lib/python3.7/site-packages/airflow/example_dags/example_short_circuit_decorator.py took 0.108 seconds
[2024-04-06T09:51:17.035+0000] {processor.py:153} INFO - Started process (PID=234) to work on /home/airflow/.local/lib/python3.7/site-packages/airflow/example_dags/example_short_circuit_decorator.py
[2024-04-06T09:51:17.036+0000] {processor.py:743} INFO - Processing file /home/airflow/.local/lib/python3.7/site-packages/airflow/example_dags/example_short_circuit_decorator.py for tasks to queue
[2024-04-06T09:51:17.037+0000] {logging_mixin.py:137} INFO - [2024-04-06T09:51:17.037+0000] {dagbag.py:538} INFO - Filling up the DagBag from /home/airflow/.local/lib/python3.7/site-packages/airflow/example_dags/example_short_circuit_decorator.py
[2024-04-06T09:51:17.067+0000] {processor.py:753} INFO - DAG(s) dict_keys(['example_short_circuit_decorator']) retrieved from /home/airflow/.local/lib/python3.7/site-packages/airflow/example_dags/example_short_circuit_decorator.py
[2024-04-06T09:51:17.093+0000] {logging_mixin.py:137} INFO - [2024-04-06T09:51:17.093+0000] {dag.py:2690} INFO - Sync 1 DAGs
[2024-04-06T09:51:17.119+0000] {logging_mixin.py:137} INFO - [2024-04-06T09:51:17.119+0000] {dag.py:3441} INFO - Setting next_dagrun for example_short_circuit_decorator to 2024-04-05T09:51:17.119532+00:00, run_after=2024-04-06T09:51:17.119532+00:00
[2024-04-06T09:51:17.139+0000] {processor.py:175} INFO - Processing /home/airflow/.local/lib/python3.7/site-packages/airflow/example_dags/example_short_circuit_decorator.py took 0.107 seconds
[2024-04-06T09:58:26.092+0000] {processor.py:153} INFO - Started process (PID=90) to work on /home/airflow/.local/lib/python3.7/site-packages/airflow/example_dags/example_short_circuit_decorator.py
[2024-04-06T09:58:26.094+0000] {processor.py:743} INFO - Processing file /home/airflow/.local/lib/python3.7/site-packages/airflow/example_dags/example_short_circuit_decorator.py for tasks to queue
[2024-04-06T09:58:26.094+0000] {logging_mixin.py:137} INFO - [2024-04-06T09:58:26.094+0000] {dagbag.py:538} INFO - Filling up the DagBag from /home/airflow/.local/lib/python3.7/site-packages/airflow/example_dags/example_short_circuit_decorator.py
[2024-04-06T09:58:26.140+0000] {processor.py:753} INFO - DAG(s) dict_keys(['example_short_circuit_decorator']) retrieved from /home/airflow/.local/lib/python3.7/site-packages/airflow/example_dags/example_short_circuit_decorator.py
[2024-04-06T09:58:26.155+0000] {logging_mixin.py:137} INFO - [2024-04-06T09:58:26.154+0000] {dag.py:2690} INFO - Sync 1 DAGs
[2024-04-06T09:58:26.194+0000] {logging_mixin.py:137} INFO - [2024-04-06T09:58:26.194+0000] {dag.py:3441} INFO - Setting next_dagrun for example_short_circuit_decorator to 2024-04-05T09:58:26.193835+00:00, run_after=2024-04-06T09:58:26.193835+00:00
[2024-04-06T09:58:26.223+0000] {processor.py:175} INFO - Processing /home/airflow/.local/lib/python3.7/site-packages/airflow/example_dags/example_short_circuit_decorator.py took 0.135 seconds
[2024-04-06T09:58:56.670+0000] {processor.py:153} INFO - Started process (PID=162) to work on /home/airflow/.local/lib/python3.7/site-packages/airflow/example_dags/example_short_circuit_decorator.py
[2024-04-06T09:58:56.671+0000] {processor.py:743} INFO - Processing file /home/airflow/.local/lib/python3.7/site-packages/airflow/example_dags/example_short_circuit_decorator.py for tasks to queue
[2024-04-06T09:58:56.671+0000] {logging_mixin.py:137} INFO - [2024-04-06T09:58:56.671+0000] {dagbag.py:538} INFO - Filling up the DagBag from /home/airflow/.local/lib/python3.7/site-packages/airflow/example_dags/example_short_circuit_decorator.py
[2024-04-06T09:58:56.696+0000] {processor.py:753} INFO - DAG(s) dict_keys(['example_short_circuit_decorator']) retrieved from /home/airflow/.local/lib/python3.7/site-packages/airflow/example_dags/example_short_circuit_decorator.py
[2024-04-06T09:58:56.708+0000] {logging_mixin.py:137} INFO - [2024-04-06T09:58:56.708+0000] {dag.py:2690} INFO - Sync 1 DAGs
[2024-04-06T09:58:56.748+0000] {logging_mixin.py:137} INFO - [2024-04-06T09:58:56.748+0000] {dag.py:3441} INFO - Setting next_dagrun for example_short_circuit_decorator to 2024-04-05T09:58:56.746793+00:00, run_after=2024-04-06T09:58:56.746793+00:00
[2024-04-06T09:58:56.771+0000] {processor.py:175} INFO - Processing /home/airflow/.local/lib/python3.7/site-packages/airflow/example_dags/example_short_circuit_decorator.py took 0.104 seconds
[2024-04-06T09:59:28.904+0000] {processor.py:153} INFO - Started process (PID=243) to work on /home/airflow/.local/lib/python3.7/site-packages/airflow/example_dags/example_short_circuit_decorator.py
[2024-04-06T09:59:28.906+0000] {processor.py:743} INFO - Processing file /home/airflow/.local/lib/python3.7/site-packages/airflow/example_dags/example_short_circuit_decorator.py for tasks to queue
[2024-04-06T09:59:28.907+0000] {logging_mixin.py:137} INFO - [2024-04-06T09:59:28.906+0000] {dagbag.py:538} INFO - Filling up the DagBag from /home/airflow/.local/lib/python3.7/site-packages/airflow/example_dags/example_short_circuit_decorator.py
[2024-04-06T09:59:28.948+0000] {processor.py:753} INFO - DAG(s) dict_keys(['example_short_circuit_decorator']) retrieved from /home/airflow/.local/lib/python3.7/site-packages/airflow/example_dags/example_short_circuit_decorator.py
[2024-04-06T09:59:28.996+0000] {logging_mixin.py:137} INFO - [2024-04-06T09:59:28.995+0000] {dag.py:2690} INFO - Sync 1 DAGs
[2024-04-06T09:59:29.056+0000] {logging_mixin.py:137} INFO - [2024-04-06T09:59:29.056+0000] {dag.py:3441} INFO - Setting next_dagrun for example_short_circuit_decorator to 2024-04-05T09:59:29.055883+00:00, run_after=2024-04-06T09:59:29.055883+00:00
[2024-04-06T09:59:29.088+0000] {processor.py:175} INFO - Processing /home/airflow/.local/lib/python3.7/site-packages/airflow/example_dags/example_short_circuit_decorator.py took 0.191 seconds
[2024-04-06T09:59:59.633+0000] {processor.py:153} INFO - Started process (PID=306) to work on /home/airflow/.local/lib/python3.7/site-packages/airflow/example_dags/example_short_circuit_decorator.py
[2024-04-06T09:59:59.634+0000] {processor.py:743} INFO - Processing file /home/airflow/.local/lib/python3.7/site-packages/airflow/example_dags/example_short_circuit_decorator.py for tasks to queue
[2024-04-06T09:59:59.635+0000] {logging_mixin.py:137} INFO - [2024-04-06T09:59:59.635+0000] {dagbag.py:538} INFO - Filling up the DagBag from /home/airflow/.local/lib/python3.7/site-packages/airflow/example_dags/example_short_circuit_decorator.py
[2024-04-06T09:59:59.663+0000] {processor.py:753} INFO - DAG(s) dict_keys(['example_short_circuit_decorator']) retrieved from /home/airflow/.local/lib/python3.7/site-packages/airflow/example_dags/example_short_circuit_decorator.py
[2024-04-06T09:59:59.692+0000] {logging_mixin.py:137} INFO - [2024-04-06T09:59:59.692+0000] {dag.py:2690} INFO - Sync 1 DAGs
[2024-04-06T09:59:59.724+0000] {logging_mixin.py:137} INFO - [2024-04-06T09:59:59.724+0000] {dag.py:3441} INFO - Setting next_dagrun for example_short_circuit_decorator to 2024-04-05T09:59:59.723750+00:00, run_after=2024-04-06T09:59:59.723750+00:00
[2024-04-06T09:59:59.748+0000] {processor.py:175} INFO - Processing /home/airflow/.local/lib/python3.7/site-packages/airflow/example_dags/example_short_circuit_decorator.py took 0.118 seconds
[2024-04-06T10:00:29.775+0000] {processor.py:153} INFO - Started process (PID=378) to work on /home/airflow/.local/lib/python3.7/site-packages/airflow/example_dags/example_short_circuit_decorator.py
[2024-04-06T10:00:29.776+0000] {processor.py:743} INFO - Processing file /home/airflow/.local/lib/python3.7/site-packages/airflow/example_dags/example_short_circuit_decorator.py for tasks to queue
[2024-04-06T10:00:29.777+0000] {logging_mixin.py:137} INFO - [2024-04-06T10:00:29.777+0000] {dagbag.py:538} INFO - Filling up the DagBag from /home/airflow/.local/lib/python3.7/site-packages/airflow/example_dags/example_short_circuit_decorator.py
[2024-04-06T10:00:29.806+0000] {processor.py:753} INFO - DAG(s) dict_keys(['example_short_circuit_decorator']) retrieved from /home/airflow/.local/lib/python3.7/site-packages/airflow/example_dags/example_short_circuit_decorator.py
[2024-04-06T10:00:29.840+0000] {logging_mixin.py:137} INFO - [2024-04-06T10:00:29.840+0000] {dag.py:2690} INFO - Sync 1 DAGs
[2024-04-06T10:00:29.879+0000] {logging_mixin.py:137} INFO - [2024-04-06T10:00:29.879+0000] {dag.py:3441} INFO - Setting next_dagrun for example_short_circuit_decorator to 2024-04-05T10:00:29.879245+00:00, run_after=2024-04-06T10:00:29.879245+00:00
[2024-04-06T10:00:29.906+0000] {processor.py:175} INFO - Processing /home/airflow/.local/lib/python3.7/site-packages/airflow/example_dags/example_short_circuit_decorator.py took 0.135 seconds
[2024-04-06T10:01:00.218+0000] {processor.py:153} INFO - Started process (PID=467) to work on /home/airflow/.local/lib/python3.7/site-packages/airflow/example_dags/example_short_circuit_decorator.py
[2024-04-06T10:01:00.218+0000] {processor.py:743} INFO - Processing file /home/airflow/.local/lib/python3.7/site-packages/airflow/example_dags/example_short_circuit_decorator.py for tasks to queue
[2024-04-06T10:01:00.219+0000] {logging_mixin.py:137} INFO - [2024-04-06T10:01:00.219+0000] {dagbag.py:538} INFO - Filling up the DagBag from /home/airflow/.local/lib/python3.7/site-packages/airflow/example_dags/example_short_circuit_decorator.py
[2024-04-06T10:01:00.240+0000] {processor.py:753} INFO - DAG(s) dict_keys(['example_short_circuit_decorator']) retrieved from /home/airflow/.local/lib/python3.7/site-packages/airflow/example_dags/example_short_circuit_decorator.py
[2024-04-06T10:01:00.262+0000] {logging_mixin.py:137} INFO - [2024-04-06T10:01:00.262+0000] {dag.py:2690} INFO - Sync 1 DAGs
[2024-04-06T10:01:00.284+0000] {logging_mixin.py:137} INFO - [2024-04-06T10:01:00.284+0000] {dag.py:3441} INFO - Setting next_dagrun for example_short_circuit_decorator to 2024-04-05T10:01:00.284118+00:00, run_after=2024-04-06T10:01:00.284118+00:00
[2024-04-06T10:01:00.302+0000] {processor.py:175} INFO - Processing /home/airflow/.local/lib/python3.7/site-packages/airflow/example_dags/example_short_circuit_decorator.py took 0.086 seconds
[2024-04-06T10:01:30.568+0000] {processor.py:153} INFO - Started process (PID=539) to work on /home/airflow/.local/lib/python3.7/site-packages/airflow/example_dags/example_short_circuit_decorator.py
[2024-04-06T10:01:30.569+0000] {processor.py:743} INFO - Processing file /home/airflow/.local/lib/python3.7/site-packages/airflow/example_dags/example_short_circuit_decorator.py for tasks to queue
[2024-04-06T10:01:30.569+0000] {logging_mixin.py:137} INFO - [2024-04-06T10:01:30.569+0000] {dagbag.py:538} INFO - Filling up the DagBag from /home/airflow/.local/lib/python3.7/site-packages/airflow/example_dags/example_short_circuit_decorator.py
[2024-04-06T10:01:30.592+0000] {processor.py:753} INFO - DAG(s) dict_keys(['example_short_circuit_decorator']) retrieved from /home/airflow/.local/lib/python3.7/site-packages/airflow/example_dags/example_short_circuit_decorator.py
[2024-04-06T10:01:30.619+0000] {logging_mixin.py:137} INFO - [2024-04-06T10:01:30.618+0000] {dag.py:2690} INFO - Sync 1 DAGs
[2024-04-06T10:01:30.645+0000] {logging_mixin.py:137} INFO - [2024-04-06T10:01:30.645+0000] {dag.py:3441} INFO - Setting next_dagrun for example_short_circuit_decorator to 2024-04-05T10:01:30.645607+00:00, run_after=2024-04-06T10:01:30.645607+00:00
[2024-04-06T10:01:30.664+0000] {processor.py:175} INFO - Processing /home/airflow/.local/lib/python3.7/site-packages/airflow/example_dags/example_short_circuit_decorator.py took 0.098 seconds
[2024-04-06T10:02:00.979+0000] {processor.py:153} INFO - Started process (PID=627) to work on /home/airflow/.local/lib/python3.7/site-packages/airflow/example_dags/example_short_circuit_decorator.py
[2024-04-06T10:02:00.980+0000] {processor.py:743} INFO - Processing file /home/airflow/.local/lib/python3.7/site-packages/airflow/example_dags/example_short_circuit_decorator.py for tasks to queue
[2024-04-06T10:02:00.980+0000] {logging_mixin.py:137} INFO - [2024-04-06T10:02:00.980+0000] {dagbag.py:538} INFO - Filling up the DagBag from /home/airflow/.local/lib/python3.7/site-packages/airflow/example_dags/example_short_circuit_decorator.py
[2024-04-06T10:02:01.004+0000] {processor.py:753} INFO - DAG(s) dict_keys(['example_short_circuit_decorator']) retrieved from /home/airflow/.local/lib/python3.7/site-packages/airflow/example_dags/example_short_circuit_decorator.py
[2024-04-06T10:02:01.031+0000] {logging_mixin.py:137} INFO - [2024-04-06T10:02:01.031+0000] {dag.py:2690} INFO - Sync 1 DAGs
[2024-04-06T10:02:01.055+0000] {logging_mixin.py:137} INFO - [2024-04-06T10:02:01.055+0000] {dag.py:3441} INFO - Setting next_dagrun for example_short_circuit_decorator to 2024-04-05T10:02:01.054982+00:00, run_after=2024-04-06T10:02:01.054982+00:00
[2024-04-06T10:02:01.072+0000] {processor.py:175} INFO - Processing /home/airflow/.local/lib/python3.7/site-packages/airflow/example_dags/example_short_circuit_decorator.py took 0.095 seconds
[2024-04-06T10:02:31.643+0000] {processor.py:153} INFO - Started process (PID=714) to work on /home/airflow/.local/lib/python3.7/site-packages/airflow/example_dags/example_short_circuit_decorator.py
[2024-04-06T10:02:31.645+0000] {processor.py:743} INFO - Processing file /home/airflow/.local/lib/python3.7/site-packages/airflow/example_dags/example_short_circuit_decorator.py for tasks to queue
[2024-04-06T10:02:31.645+0000] {logging_mixin.py:137} INFO - [2024-04-06T10:02:31.645+0000] {dagbag.py:538} INFO - Filling up the DagBag from /home/airflow/.local/lib/python3.7/site-packages/airflow/example_dags/example_short_circuit_decorator.py
[2024-04-06T10:02:31.665+0000] {processor.py:753} INFO - DAG(s) dict_keys(['example_short_circuit_decorator']) retrieved from /home/airflow/.local/lib/python3.7/site-packages/airflow/example_dags/example_short_circuit_decorator.py
[2024-04-06T10:02:31.686+0000] {logging_mixin.py:137} INFO - [2024-04-06T10:02:31.686+0000] {dag.py:2690} INFO - Sync 1 DAGs
[2024-04-06T10:02:31.707+0000] {logging_mixin.py:137} INFO - [2024-04-06T10:02:31.706+0000] {dag.py:3441} INFO - Setting next_dagrun for example_short_circuit_decorator to 2024-04-05T10:02:31.706748+00:00, run_after=2024-04-06T10:02:31.706748+00:00
[2024-04-06T10:02:31.722+0000] {processor.py:175} INFO - Processing /home/airflow/.local/lib/python3.7/site-packages/airflow/example_dags/example_short_circuit_decorator.py took 0.081 seconds
[2024-04-06T10:03:01.870+0000] {processor.py:153} INFO - Started process (PID=786) to work on /home/airflow/.local/lib/python3.7/site-packages/airflow/example_dags/example_short_circuit_decorator.py
[2024-04-06T10:03:01.871+0000] {processor.py:743} INFO - Processing file /home/airflow/.local/lib/python3.7/site-packages/airflow/example_dags/example_short_circuit_decorator.py for tasks to queue
[2024-04-06T10:03:01.871+0000] {logging_mixin.py:137} INFO - [2024-04-06T10:03:01.871+0000] {dagbag.py:538} INFO - Filling up the DagBag from /home/airflow/.local/lib/python3.7/site-packages/airflow/example_dags/example_short_circuit_decorator.py
[2024-04-06T10:03:01.890+0000] {processor.py:753} INFO - DAG(s) dict_keys(['example_short_circuit_decorator']) retrieved from /home/airflow/.local/lib/python3.7/site-packages/airflow/example_dags/example_short_circuit_decorator.py
[2024-04-06T10:03:01.913+0000] {logging_mixin.py:137} INFO - [2024-04-06T10:03:01.913+0000] {dag.py:2690} INFO - Sync 1 DAGs
[2024-04-06T10:03:01.944+0000] {logging_mixin.py:137} INFO - [2024-04-06T10:03:01.944+0000] {dag.py:3441} INFO - Setting next_dagrun for example_short_circuit_decorator to 2024-04-05T10:03:01.944038+00:00, run_after=2024-04-06T10:03:01.944038+00:00
[2024-04-06T10:03:01.962+0000] {processor.py:175} INFO - Processing /home/airflow/.local/lib/python3.7/site-packages/airflow/example_dags/example_short_circuit_decorator.py took 0.095 seconds
[2024-04-06T10:03:32.378+0000] {processor.py:153} INFO - Started process (PID=875) to work on /home/airflow/.local/lib/python3.7/site-packages/airflow/example_dags/example_short_circuit_decorator.py
[2024-04-06T10:03:32.379+0000] {processor.py:743} INFO - Processing file /home/airflow/.local/lib/python3.7/site-packages/airflow/example_dags/example_short_circuit_decorator.py for tasks to queue
[2024-04-06T10:03:32.379+0000] {logging_mixin.py:137} INFO - [2024-04-06T10:03:32.379+0000] {dagbag.py:538} INFO - Filling up the DagBag from /home/airflow/.local/lib/python3.7/site-packages/airflow/example_dags/example_short_circuit_decorator.py
[2024-04-06T10:03:32.403+0000] {processor.py:753} INFO - DAG(s) dict_keys(['example_short_circuit_decorator']) retrieved from /home/airflow/.local/lib/python3.7/site-packages/airflow/example_dags/example_short_circuit_decorator.py
[2024-04-06T10:03:32.424+0000] {logging_mixin.py:137} INFO - [2024-04-06T10:03:32.424+0000] {dag.py:2690} INFO - Sync 1 DAGs
[2024-04-06T10:03:32.446+0000] {logging_mixin.py:137} INFO - [2024-04-06T10:03:32.446+0000] {dag.py:3441} INFO - Setting next_dagrun for example_short_circuit_decorator to 2024-04-05T10:03:32.446563+00:00, run_after=2024-04-06T10:03:32.446563+00:00
[2024-04-06T10:03:32.463+0000] {processor.py:175} INFO - Processing /home/airflow/.local/lib/python3.7/site-packages/airflow/example_dags/example_short_circuit_decorator.py took 0.088 seconds
[2024-04-06T10:04:03.091+0000] {processor.py:153} INFO - Started process (PID=946) to work on /home/airflow/.local/lib/python3.7/site-packages/airflow/example_dags/example_short_circuit_decorator.py
[2024-04-06T10:04:03.092+0000] {processor.py:743} INFO - Processing file /home/airflow/.local/lib/python3.7/site-packages/airflow/example_dags/example_short_circuit_decorator.py for tasks to queue
[2024-04-06T10:04:03.093+0000] {logging_mixin.py:137} INFO - [2024-04-06T10:04:03.092+0000] {dagbag.py:538} INFO - Filling up the DagBag from /home/airflow/.local/lib/python3.7/site-packages/airflow/example_dags/example_short_circuit_decorator.py
[2024-04-06T10:04:03.119+0000] {processor.py:753} INFO - DAG(s) dict_keys(['example_short_circuit_decorator']) retrieved from /home/airflow/.local/lib/python3.7/site-packages/airflow/example_dags/example_short_circuit_decorator.py
[2024-04-06T10:04:03.152+0000] {logging_mixin.py:137} INFO - [2024-04-06T10:04:03.152+0000] {dag.py:2690} INFO - Sync 1 DAGs
[2024-04-06T10:04:03.183+0000] {logging_mixin.py:137} INFO - [2024-04-06T10:04:03.183+0000] {dag.py:3441} INFO - Setting next_dagrun for example_short_circuit_decorator to 2024-04-05T10:04:03.183236+00:00, run_after=2024-04-06T10:04:03.183236+00:00
[2024-04-06T10:04:03.213+0000] {processor.py:175} INFO - Processing /home/airflow/.local/lib/python3.7/site-packages/airflow/example_dags/example_short_circuit_decorator.py took 0.125 seconds
[2024-04-06T10:04:33.699+0000] {processor.py:153} INFO - Started process (PID=1034) to work on /home/airflow/.local/lib/python3.7/site-packages/airflow/example_dags/example_short_circuit_decorator.py
[2024-04-06T10:04:33.700+0000] {processor.py:743} INFO - Processing file /home/airflow/.local/lib/python3.7/site-packages/airflow/example_dags/example_short_circuit_decorator.py for tasks to queue
[2024-04-06T10:04:33.700+0000] {logging_mixin.py:137} INFO - [2024-04-06T10:04:33.700+0000] {dagbag.py:538} INFO - Filling up the DagBag from /home/airflow/.local/lib/python3.7/site-packages/airflow/example_dags/example_short_circuit_decorator.py
[2024-04-06T10:04:33.726+0000] {processor.py:753} INFO - DAG(s) dict_keys(['example_short_circuit_decorator']) retrieved from /home/airflow/.local/lib/python3.7/site-packages/airflow/example_dags/example_short_circuit_decorator.py
[2024-04-06T10:04:33.758+0000] {logging_mixin.py:137} INFO - [2024-04-06T10:04:33.757+0000] {dag.py:2690} INFO - Sync 1 DAGs
[2024-04-06T10:04:33.796+0000] {logging_mixin.py:137} INFO - [2024-04-06T10:04:33.796+0000] {dag.py:3441} INFO - Setting next_dagrun for example_short_circuit_decorator to 2024-04-05T10:04:33.795750+00:00, run_after=2024-04-06T10:04:33.795750+00:00
[2024-04-06T10:04:33.822+0000] {processor.py:175} INFO - Processing /home/airflow/.local/lib/python3.7/site-packages/airflow/example_dags/example_short_circuit_decorator.py took 0.126 seconds
[2024-04-06T10:05:04.597+0000] {processor.py:153} INFO - Started process (PID=1106) to work on /home/airflow/.local/lib/python3.7/site-packages/airflow/example_dags/example_short_circuit_decorator.py
[2024-04-06T10:05:04.597+0000] {processor.py:743} INFO - Processing file /home/airflow/.local/lib/python3.7/site-packages/airflow/example_dags/example_short_circuit_decorator.py for tasks to queue
[2024-04-06T10:05:04.598+0000] {logging_mixin.py:137} INFO - [2024-04-06T10:05:04.598+0000] {dagbag.py:538} INFO - Filling up the DagBag from /home/airflow/.local/lib/python3.7/site-packages/airflow/example_dags/example_short_circuit_decorator.py
[2024-04-06T10:05:04.627+0000] {processor.py:753} INFO - DAG(s) dict_keys(['example_short_circuit_decorator']) retrieved from /home/airflow/.local/lib/python3.7/site-packages/airflow/example_dags/example_short_circuit_decorator.py
[2024-04-06T10:05:04.659+0000] {logging_mixin.py:137} INFO - [2024-04-06T10:05:04.659+0000] {dag.py:2690} INFO - Sync 1 DAGs
[2024-04-06T10:05:04.687+0000] {logging_mixin.py:137} INFO - [2024-04-06T10:05:04.686+0000] {dag.py:3441} INFO - Setting next_dagrun for example_short_circuit_decorator to 2024-04-05T10:05:04.686695+00:00, run_after=2024-04-06T10:05:04.686695+00:00
[2024-04-06T10:05:04.708+0000] {processor.py:175} INFO - Processing /home/airflow/.local/lib/python3.7/site-packages/airflow/example_dags/example_short_circuit_decorator.py took 0.115 seconds
[2024-04-06T10:05:35.353+0000] {processor.py:153} INFO - Started process (PID=1194) to work on /home/airflow/.local/lib/python3.7/site-packages/airflow/example_dags/example_short_circuit_decorator.py
[2024-04-06T10:05:35.354+0000] {processor.py:743} INFO - Processing file /home/airflow/.local/lib/python3.7/site-packages/airflow/example_dags/example_short_circuit_decorator.py for tasks to queue
[2024-04-06T10:05:35.354+0000] {logging_mixin.py:137} INFO - [2024-04-06T10:05:35.354+0000] {dagbag.py:538} INFO - Filling up the DagBag from /home/airflow/.local/lib/python3.7/site-packages/airflow/example_dags/example_short_circuit_decorator.py
[2024-04-06T10:05:35.390+0000] {processor.py:753} INFO - DAG(s) dict_keys(['example_short_circuit_decorator']) retrieved from /home/airflow/.local/lib/python3.7/site-packages/airflow/example_dags/example_short_circuit_decorator.py
[2024-04-06T10:05:35.416+0000] {logging_mixin.py:137} INFO - [2024-04-06T10:05:35.415+0000] {dag.py:2690} INFO - Sync 1 DAGs
[2024-04-06T10:05:35.441+0000] {logging_mixin.py:137} INFO - [2024-04-06T10:05:35.440+0000] {dag.py:3441} INFO - Setting next_dagrun for example_short_circuit_decorator to 2024-04-05T10:05:35.440751+00:00, run_after=2024-04-06T10:05:35.440751+00:00
[2024-04-06T10:05:35.460+0000] {processor.py:175} INFO - Processing /home/airflow/.local/lib/python3.7/site-packages/airflow/example_dags/example_short_circuit_decorator.py took 0.110 seconds
[2024-04-06T10:06:07.396+0000] {processor.py:153} INFO - Started process (PID=1274) to work on /home/airflow/.local/lib/python3.7/site-packages/airflow/example_dags/example_short_circuit_decorator.py
[2024-04-06T10:06:07.397+0000] {processor.py:743} INFO - Processing file /home/airflow/.local/lib/python3.7/site-packages/airflow/example_dags/example_short_circuit_decorator.py for tasks to queue
[2024-04-06T10:06:07.398+0000] {logging_mixin.py:137} INFO - [2024-04-06T10:06:07.398+0000] {dagbag.py:538} INFO - Filling up the DagBag from /home/airflow/.local/lib/python3.7/site-packages/airflow/example_dags/example_short_circuit_decorator.py
[2024-04-06T10:06:07.446+0000] {processor.py:753} INFO - DAG(s) dict_keys(['example_short_circuit_decorator']) retrieved from /home/airflow/.local/lib/python3.7/site-packages/airflow/example_dags/example_short_circuit_decorator.py
[2024-04-06T10:06:07.511+0000] {logging_mixin.py:137} INFO - [2024-04-06T10:06:07.511+0000] {dag.py:2690} INFO - Sync 1 DAGs
[2024-04-06T10:06:07.584+0000] {logging_mixin.py:137} INFO - [2024-04-06T10:06:07.584+0000] {dag.py:3441} INFO - Setting next_dagrun for example_short_circuit_decorator to 2024-04-05T10:06:07.583380+00:00, run_after=2024-04-06T10:06:07.583380+00:00
[2024-04-06T10:06:07.636+0000] {processor.py:175} INFO - Processing /home/airflow/.local/lib/python3.7/site-packages/airflow/example_dags/example_short_circuit_decorator.py took 0.245 seconds
[2024-04-06T10:06:38.016+0000] {processor.py:153} INFO - Started process (PID=1348) to work on /home/airflow/.local/lib/python3.7/site-packages/airflow/example_dags/example_short_circuit_decorator.py
[2024-04-06T10:06:38.017+0000] {processor.py:743} INFO - Processing file /home/airflow/.local/lib/python3.7/site-packages/airflow/example_dags/example_short_circuit_decorator.py for tasks to queue
[2024-04-06T10:06:38.018+0000] {logging_mixin.py:137} INFO - [2024-04-06T10:06:38.018+0000] {dagbag.py:538} INFO - Filling up the DagBag from /home/airflow/.local/lib/python3.7/site-packages/airflow/example_dags/example_short_circuit_decorator.py
[2024-04-06T10:06:38.069+0000] {processor.py:753} INFO - DAG(s) dict_keys(['example_short_circuit_decorator']) retrieved from /home/airflow/.local/lib/python3.7/site-packages/airflow/example_dags/example_short_circuit_decorator.py
[2024-04-06T10:06:38.131+0000] {logging_mixin.py:137} INFO - [2024-04-06T10:06:38.130+0000] {dag.py:2690} INFO - Sync 1 DAGs
[2024-04-06T10:06:38.257+0000] {logging_mixin.py:137} INFO - [2024-04-06T10:06:38.257+0000] {dag.py:3441} INFO - Setting next_dagrun for example_short_circuit_decorator to 2024-04-05T10:06:38.256414+00:00, run_after=2024-04-06T10:06:38.256414+00:00
[2024-04-06T10:06:38.301+0000] {processor.py:175} INFO - Processing /home/airflow/.local/lib/python3.7/site-packages/airflow/example_dags/example_short_circuit_decorator.py took 0.290 seconds
[2024-04-06T10:07:08.464+0000] {processor.py:153} INFO - Started process (PID=1419) to work on /home/airflow/.local/lib/python3.7/site-packages/airflow/example_dags/example_short_circuit_decorator.py
[2024-04-06T10:07:08.465+0000] {processor.py:743} INFO - Processing file /home/airflow/.local/lib/python3.7/site-packages/airflow/example_dags/example_short_circuit_decorator.py for tasks to queue
[2024-04-06T10:07:08.467+0000] {logging_mixin.py:137} INFO - [2024-04-06T10:07:08.466+0000] {dagbag.py:538} INFO - Filling up the DagBag from /home/airflow/.local/lib/python3.7/site-packages/airflow/example_dags/example_short_circuit_decorator.py
[2024-04-06T10:07:08.520+0000] {processor.py:753} INFO - DAG(s) dict_keys(['example_short_circuit_decorator']) retrieved from /home/airflow/.local/lib/python3.7/site-packages/airflow/example_dags/example_short_circuit_decorator.py
[2024-04-06T10:07:08.572+0000] {logging_mixin.py:137} INFO - [2024-04-06T10:07:08.571+0000] {dag.py:2690} INFO - Sync 1 DAGs
[2024-04-06T10:07:08.633+0000] {logging_mixin.py:137} INFO - [2024-04-06T10:07:08.633+0000] {dag.py:3441} INFO - Setting next_dagrun for example_short_circuit_decorator to 2024-04-05T10:07:08.632627+00:00, run_after=2024-04-06T10:07:08.632627+00:00
[2024-04-06T10:07:08.684+0000] {processor.py:175} INFO - Processing /home/airflow/.local/lib/python3.7/site-packages/airflow/example_dags/example_short_circuit_decorator.py took 0.225 seconds
[2024-04-06T10:07:39.431+0000] {processor.py:153} INFO - Started process (PID=1498) to work on /home/airflow/.local/lib/python3.7/site-packages/airflow/example_dags/example_short_circuit_decorator.py
[2024-04-06T10:07:39.432+0000] {processor.py:743} INFO - Processing file /home/airflow/.local/lib/python3.7/site-packages/airflow/example_dags/example_short_circuit_decorator.py for tasks to queue
[2024-04-06T10:07:39.433+0000] {logging_mixin.py:137} INFO - [2024-04-06T10:07:39.433+0000] {dagbag.py:538} INFO - Filling up the DagBag from /home/airflow/.local/lib/python3.7/site-packages/airflow/example_dags/example_short_circuit_decorator.py
[2024-04-06T10:07:39.482+0000] {processor.py:753} INFO - DAG(s) dict_keys(['example_short_circuit_decorator']) retrieved from /home/airflow/.local/lib/python3.7/site-packages/airflow/example_dags/example_short_circuit_decorator.py
[2024-04-06T10:07:39.544+0000] {logging_mixin.py:137} INFO - [2024-04-06T10:07:39.543+0000] {dag.py:2690} INFO - Sync 1 DAGs
[2024-04-06T10:07:39.594+0000] {logging_mixin.py:137} INFO - [2024-04-06T10:07:39.594+0000] {dag.py:3441} INFO - Setting next_dagrun for example_short_circuit_decorator to 2024-04-05T10:07:39.594109+00:00, run_after=2024-04-06T10:07:39.594109+00:00
[2024-04-06T10:07:39.637+0000] {processor.py:175} INFO - Processing /home/airflow/.local/lib/python3.7/site-packages/airflow/example_dags/example_short_circuit_decorator.py took 0.211 seconds
[2024-04-06T10:08:09.973+0000] {processor.py:153} INFO - Started process (PID=1570) to work on /home/airflow/.local/lib/python3.7/site-packages/airflow/example_dags/example_short_circuit_decorator.py
[2024-04-06T10:08:09.975+0000] {processor.py:743} INFO - Processing file /home/airflow/.local/lib/python3.7/site-packages/airflow/example_dags/example_short_circuit_decorator.py for tasks to queue
[2024-04-06T10:08:09.976+0000] {logging_mixin.py:137} INFO - [2024-04-06T10:08:09.976+0000] {dagbag.py:538} INFO - Filling up the DagBag from /home/airflow/.local/lib/python3.7/site-packages/airflow/example_dags/example_short_circuit_decorator.py
[2024-04-06T10:08:10.021+0000] {processor.py:753} INFO - DAG(s) dict_keys(['example_short_circuit_decorator']) retrieved from /home/airflow/.local/lib/python3.7/site-packages/airflow/example_dags/example_short_circuit_decorator.py
[2024-04-06T10:08:10.066+0000] {logging_mixin.py:137} INFO - [2024-04-06T10:08:10.066+0000] {dag.py:2690} INFO - Sync 1 DAGs
[2024-04-06T10:08:10.118+0000] {logging_mixin.py:137} INFO - [2024-04-06T10:08:10.118+0000] {dag.py:3441} INFO - Setting next_dagrun for example_short_circuit_decorator to 2024-04-05T10:08:10.117769+00:00, run_after=2024-04-06T10:08:10.117769+00:00
[2024-04-06T10:08:10.154+0000] {processor.py:175} INFO - Processing /home/airflow/.local/lib/python3.7/site-packages/airflow/example_dags/example_short_circuit_decorator.py took 0.185 seconds
[2024-04-06T10:08:40.928+0000] {processor.py:153} INFO - Started process (PID=1642) to work on /home/airflow/.local/lib/python3.7/site-packages/airflow/example_dags/example_short_circuit_decorator.py
[2024-04-06T10:08:40.929+0000] {processor.py:743} INFO - Processing file /home/airflow/.local/lib/python3.7/site-packages/airflow/example_dags/example_short_circuit_decorator.py for tasks to queue
[2024-04-06T10:08:40.931+0000] {logging_mixin.py:137} INFO - [2024-04-06T10:08:40.930+0000] {dagbag.py:538} INFO - Filling up the DagBag from /home/airflow/.local/lib/python3.7/site-packages/airflow/example_dags/example_short_circuit_decorator.py
[2024-04-06T10:08:40.986+0000] {processor.py:753} INFO - DAG(s) dict_keys(['example_short_circuit_decorator']) retrieved from /home/airflow/.local/lib/python3.7/site-packages/airflow/example_dags/example_short_circuit_decorator.py
[2024-04-06T10:08:41.043+0000] {logging_mixin.py:137} INFO - [2024-04-06T10:08:41.043+0000] {dag.py:2690} INFO - Sync 1 DAGs
[2024-04-06T10:08:41.090+0000] {logging_mixin.py:137} INFO - [2024-04-06T10:08:41.090+0000] {dag.py:3441} INFO - Setting next_dagrun for example_short_circuit_decorator to 2024-04-05T10:08:41.090081+00:00, run_after=2024-04-06T10:08:41.090081+00:00
[2024-04-06T10:08:41.127+0000] {processor.py:175} INFO - Processing /home/airflow/.local/lib/python3.7/site-packages/airflow/example_dags/example_short_circuit_decorator.py took 0.205 seconds
[2024-04-06T10:09:11.520+0000] {processor.py:153} INFO - Started process (PID=1714) to work on /home/airflow/.local/lib/python3.7/site-packages/airflow/example_dags/example_short_circuit_decorator.py
[2024-04-06T10:09:11.521+0000] {processor.py:743} INFO - Processing file /home/airflow/.local/lib/python3.7/site-packages/airflow/example_dags/example_short_circuit_decorator.py for tasks to queue
[2024-04-06T10:09:11.522+0000] {logging_mixin.py:137} INFO - [2024-04-06T10:09:11.522+0000] {dagbag.py:538} INFO - Filling up the DagBag from /home/airflow/.local/lib/python3.7/site-packages/airflow/example_dags/example_short_circuit_decorator.py
[2024-04-06T10:09:11.570+0000] {processor.py:753} INFO - DAG(s) dict_keys(['example_short_circuit_decorator']) retrieved from /home/airflow/.local/lib/python3.7/site-packages/airflow/example_dags/example_short_circuit_decorator.py
[2024-04-06T10:09:11.622+0000] {logging_mixin.py:137} INFO - [2024-04-06T10:09:11.621+0000] {dag.py:2690} INFO - Sync 1 DAGs
[2024-04-06T10:09:11.670+0000] {logging_mixin.py:137} INFO - [2024-04-06T10:09:11.670+0000] {dag.py:3441} INFO - Setting next_dagrun for example_short_circuit_decorator to 2024-04-05T10:09:11.669924+00:00, run_after=2024-04-06T10:09:11.669924+00:00
[2024-04-06T10:09:11.707+0000] {processor.py:175} INFO - Processing /home/airflow/.local/lib/python3.7/site-packages/airflow/example_dags/example_short_circuit_decorator.py took 0.192 seconds
[2024-04-06T10:09:42.568+0000] {processor.py:153} INFO - Started process (PID=1787) to work on /home/airflow/.local/lib/python3.7/site-packages/airflow/example_dags/example_short_circuit_decorator.py
[2024-04-06T10:09:42.569+0000] {processor.py:743} INFO - Processing file /home/airflow/.local/lib/python3.7/site-packages/airflow/example_dags/example_short_circuit_decorator.py for tasks to queue
[2024-04-06T10:09:42.571+0000] {logging_mixin.py:137} INFO - [2024-04-06T10:09:42.570+0000] {dagbag.py:538} INFO - Filling up the DagBag from /home/airflow/.local/lib/python3.7/site-packages/airflow/example_dags/example_short_circuit_decorator.py
[2024-04-06T10:09:42.622+0000] {processor.py:753} INFO - DAG(s) dict_keys(['example_short_circuit_decorator']) retrieved from /home/airflow/.local/lib/python3.7/site-packages/airflow/example_dags/example_short_circuit_decorator.py
[2024-04-06T10:09:42.672+0000] {logging_mixin.py:137} INFO - [2024-04-06T10:09:42.672+0000] {dag.py:2690} INFO - Sync 1 DAGs
[2024-04-06T10:09:42.733+0000] {logging_mixin.py:137} INFO - [2024-04-06T10:09:42.733+0000] {dag.py:3441} INFO - Setting next_dagrun for example_short_circuit_decorator to 2024-04-05T10:09:42.732894+00:00, run_after=2024-04-06T10:09:42.732894+00:00
[2024-04-06T10:09:42.773+0000] {processor.py:175} INFO - Processing /home/airflow/.local/lib/python3.7/site-packages/airflow/example_dags/example_short_circuit_decorator.py took 0.212 seconds
[2024-04-06T10:10:13.787+0000] {processor.py:153} INFO - Started process (PID=1858) to work on /home/airflow/.local/lib/python3.7/site-packages/airflow/example_dags/example_short_circuit_decorator.py
[2024-04-06T10:10:13.790+0000] {processor.py:743} INFO - Processing file /home/airflow/.local/lib/python3.7/site-packages/airflow/example_dags/example_short_circuit_decorator.py for tasks to queue
[2024-04-06T10:10:13.792+0000] {logging_mixin.py:137} INFO - [2024-04-06T10:10:13.792+0000] {dagbag.py:538} INFO - Filling up the DagBag from /home/airflow/.local/lib/python3.7/site-packages/airflow/example_dags/example_short_circuit_decorator.py
[2024-04-06T10:10:13.871+0000] {processor.py:753} INFO - DAG(s) dict_keys(['example_short_circuit_decorator']) retrieved from /home/airflow/.local/lib/python3.7/site-packages/airflow/example_dags/example_short_circuit_decorator.py
[2024-04-06T10:10:13.943+0000] {logging_mixin.py:137} INFO - [2024-04-06T10:10:13.942+0000] {dag.py:2690} INFO - Sync 1 DAGs
[2024-04-06T10:10:14.014+0000] {logging_mixin.py:137} INFO - [2024-04-06T10:10:14.014+0000] {dag.py:3441} INFO - Setting next_dagrun for example_short_circuit_decorator to 2024-04-05T10:10:14.013449+00:00, run_after=2024-04-06T10:10:14.013449+00:00
[2024-04-06T10:10:14.066+0000] {processor.py:175} INFO - Processing /home/airflow/.local/lib/python3.7/site-packages/airflow/example_dags/example_short_circuit_decorator.py took 0.286 seconds
[2024-04-06T10:10:44.307+0000] {processor.py:153} INFO - Started process (PID=1930) to work on /home/airflow/.local/lib/python3.7/site-packages/airflow/example_dags/example_short_circuit_decorator.py
[2024-04-06T10:10:44.309+0000] {processor.py:743} INFO - Processing file /home/airflow/.local/lib/python3.7/site-packages/airflow/example_dags/example_short_circuit_decorator.py for tasks to queue
[2024-04-06T10:10:44.311+0000] {logging_mixin.py:137} INFO - [2024-04-06T10:10:44.310+0000] {dagbag.py:538} INFO - Filling up the DagBag from /home/airflow/.local/lib/python3.7/site-packages/airflow/example_dags/example_short_circuit_decorator.py
[2024-04-06T10:10:44.372+0000] {processor.py:753} INFO - DAG(s) dict_keys(['example_short_circuit_decorator']) retrieved from /home/airflow/.local/lib/python3.7/site-packages/airflow/example_dags/example_short_circuit_decorator.py
[2024-04-06T10:10:44.432+0000] {logging_mixin.py:137} INFO - [2024-04-06T10:10:44.431+0000] {dag.py:2690} INFO - Sync 1 DAGs
[2024-04-06T10:10:44.488+0000] {logging_mixin.py:137} INFO - [2024-04-06T10:10:44.488+0000] {dag.py:3441} INFO - Setting next_dagrun for example_short_circuit_decorator to 2024-04-05T10:10:44.487832+00:00, run_after=2024-04-06T10:10:44.487832+00:00
[2024-04-06T10:10:44.538+0000] {processor.py:175} INFO - Processing /home/airflow/.local/lib/python3.7/site-packages/airflow/example_dags/example_short_circuit_decorator.py took 0.237 seconds
[2024-04-06T10:11:14.868+0000] {processor.py:153} INFO - Started process (PID=2002) to work on /home/airflow/.local/lib/python3.7/site-packages/airflow/example_dags/example_short_circuit_decorator.py
[2024-04-06T10:11:14.869+0000] {processor.py:743} INFO - Processing file /home/airflow/.local/lib/python3.7/site-packages/airflow/example_dags/example_short_circuit_decorator.py for tasks to queue
[2024-04-06T10:11:14.870+0000] {logging_mixin.py:137} INFO - [2024-04-06T10:11:14.870+0000] {dagbag.py:538} INFO - Filling up the DagBag from /home/airflow/.local/lib/python3.7/site-packages/airflow/example_dags/example_short_circuit_decorator.py
[2024-04-06T10:11:14.924+0000] {processor.py:753} INFO - DAG(s) dict_keys(['example_short_circuit_decorator']) retrieved from /home/airflow/.local/lib/python3.7/site-packages/airflow/example_dags/example_short_circuit_decorator.py
[2024-04-06T10:11:14.974+0000] {logging_mixin.py:137} INFO - [2024-04-06T10:11:14.973+0000] {dag.py:2690} INFO - Sync 1 DAGs
[2024-04-06T10:11:15.023+0000] {logging_mixin.py:137} INFO - [2024-04-06T10:11:15.022+0000] {dag.py:3441} INFO - Setting next_dagrun for example_short_circuit_decorator to 2024-04-05T10:11:15.022107+00:00, run_after=2024-04-06T10:11:15.022107+00:00
[2024-04-06T10:11:15.064+0000] {processor.py:175} INFO - Processing /home/airflow/.local/lib/python3.7/site-packages/airflow/example_dags/example_short_circuit_decorator.py took 0.201 seconds
[2024-04-06T10:11:45.492+0000] {processor.py:153} INFO - Started process (PID=2074) to work on /home/airflow/.local/lib/python3.7/site-packages/airflow/example_dags/example_short_circuit_decorator.py
[2024-04-06T10:11:45.494+0000] {processor.py:743} INFO - Processing file /home/airflow/.local/lib/python3.7/site-packages/airflow/example_dags/example_short_circuit_decorator.py for tasks to queue
[2024-04-06T10:11:45.495+0000] {logging_mixin.py:137} INFO - [2024-04-06T10:11:45.495+0000] {dagbag.py:538} INFO - Filling up the DagBag from /home/airflow/.local/lib/python3.7/site-packages/airflow/example_dags/example_short_circuit_decorator.py
[2024-04-06T10:11:45.543+0000] {processor.py:753} INFO - DAG(s) dict_keys(['example_short_circuit_decorator']) retrieved from /home/airflow/.local/lib/python3.7/site-packages/airflow/example_dags/example_short_circuit_decorator.py
[2024-04-06T10:11:45.588+0000] {logging_mixin.py:137} INFO - [2024-04-06T10:11:45.588+0000] {dag.py:2690} INFO - Sync 1 DAGs
[2024-04-06T10:11:45.646+0000] {logging_mixin.py:137} INFO - [2024-04-06T10:11:45.645+0000] {dag.py:3441} INFO - Setting next_dagrun for example_short_circuit_decorator to 2024-04-05T10:11:45.645258+00:00, run_after=2024-04-06T10:11:45.645258+00:00
[2024-04-06T10:11:45.681+0000] {processor.py:175} INFO - Processing /home/airflow/.local/lib/python3.7/site-packages/airflow/example_dags/example_short_circuit_decorator.py took 0.194 seconds
[2024-04-06T10:12:16.081+0000] {processor.py:153} INFO - Started process (PID=2155) to work on /home/airflow/.local/lib/python3.7/site-packages/airflow/example_dags/example_short_circuit_decorator.py
[2024-04-06T10:12:16.083+0000] {processor.py:743} INFO - Processing file /home/airflow/.local/lib/python3.7/site-packages/airflow/example_dags/example_short_circuit_decorator.py for tasks to queue
[2024-04-06T10:12:16.084+0000] {logging_mixin.py:137} INFO - [2024-04-06T10:12:16.084+0000] {dagbag.py:538} INFO - Filling up the DagBag from /home/airflow/.local/lib/python3.7/site-packages/airflow/example_dags/example_short_circuit_decorator.py
[2024-04-06T10:12:16.157+0000] {processor.py:753} INFO - DAG(s) dict_keys(['example_short_circuit_decorator']) retrieved from /home/airflow/.local/lib/python3.7/site-packages/airflow/example_dags/example_short_circuit_decorator.py
[2024-04-06T10:12:16.208+0000] {logging_mixin.py:137} INFO - [2024-04-06T10:12:16.207+0000] {dag.py:2690} INFO - Sync 1 DAGs
[2024-04-06T10:12:16.263+0000] {logging_mixin.py:137} INFO - [2024-04-06T10:12:16.263+0000] {dag.py:3441} INFO - Setting next_dagrun for example_short_circuit_decorator to 2024-04-05T10:12:16.262911+00:00, run_after=2024-04-06T10:12:16.262911+00:00
[2024-04-06T10:12:16.304+0000] {processor.py:175} INFO - Processing /home/airflow/.local/lib/python3.7/site-packages/airflow/example_dags/example_short_circuit_decorator.py took 0.231 seconds
[2024-04-06T10:12:46.680+0000] {processor.py:153} INFO - Started process (PID=2227) to work on /home/airflow/.local/lib/python3.7/site-packages/airflow/example_dags/example_short_circuit_decorator.py
[2024-04-06T10:12:46.681+0000] {processor.py:743} INFO - Processing file /home/airflow/.local/lib/python3.7/site-packages/airflow/example_dags/example_short_circuit_decorator.py for tasks to queue
[2024-04-06T10:12:46.683+0000] {logging_mixin.py:137} INFO - [2024-04-06T10:12:46.682+0000] {dagbag.py:538} INFO - Filling up the DagBag from /home/airflow/.local/lib/python3.7/site-packages/airflow/example_dags/example_short_circuit_decorator.py
[2024-04-06T10:12:46.732+0000] {processor.py:753} INFO - DAG(s) dict_keys(['example_short_circuit_decorator']) retrieved from /home/airflow/.local/lib/python3.7/site-packages/airflow/example_dags/example_short_circuit_decorator.py
[2024-04-06T10:12:46.780+0000] {logging_mixin.py:137} INFO - [2024-04-06T10:12:46.780+0000] {dag.py:2690} INFO - Sync 1 DAGs
[2024-04-06T10:12:46.834+0000] {logging_mixin.py:137} INFO - [2024-04-06T10:12:46.834+0000] {dag.py:3441} INFO - Setting next_dagrun for example_short_circuit_decorator to 2024-04-05T10:12:46.833873+00:00, run_after=2024-04-06T10:12:46.833873+00:00
[2024-04-06T10:12:46.881+0000] {processor.py:175} INFO - Processing /home/airflow/.local/lib/python3.7/site-packages/airflow/example_dags/example_short_circuit_decorator.py took 0.207 seconds
[2024-04-06T10:42:06.053+0000] {processor.py:161} INFO - Started process (PID=76) to work on /home/airflow/.local/lib/python3.8/site-packages/airflow/example_dags/example_short_circuit_decorator.py
[2024-04-06T10:42:06.054+0000] {processor.py:830} INFO - Processing file /home/airflow/.local/lib/python3.8/site-packages/airflow/example_dags/example_short_circuit_decorator.py for tasks to queue
[2024-04-06T10:42:06.055+0000] {logging_mixin.py:188} INFO - [2024-04-06T10:42:06.055+0000] {dagbag.py:540} INFO - Filling up the DagBag from /home/airflow/.local/lib/python3.8/site-packages/airflow/example_dags/example_short_circuit_decorator.py
[2024-04-06T10:42:06.063+0000] {processor.py:840} INFO - DAG(s) 'example_short_circuit_decorator' retrieved from /home/airflow/.local/lib/python3.8/site-packages/airflow/example_dags/example_short_circuit_decorator.py
[2024-04-06T10:42:06.145+0000] {logging_mixin.py:188} INFO - [2024-04-06T10:42:06.144+0000] {override.py:1769} INFO - Created Permission View: can delete on DAG:example_short_circuit_decorator
[2024-04-06T10:42:06.152+0000] {logging_mixin.py:188} INFO - [2024-04-06T10:42:06.152+0000] {override.py:1769} INFO - Created Permission View: can read on DAG:example_short_circuit_decorator
[2024-04-06T10:42:06.157+0000] {logging_mixin.py:188} INFO - [2024-04-06T10:42:06.157+0000] {override.py:1769} INFO - Created Permission View: can edit on DAG:example_short_circuit_decorator
[2024-04-06T10:42:06.157+0000] {logging_mixin.py:188} INFO - [2024-04-06T10:42:06.157+0000] {dag.py:3047} INFO - Sync 1 DAGs
[2024-04-06T10:42:06.165+0000] {logging_mixin.py:188} INFO - [2024-04-06T10:42:06.165+0000] {dag.py:3069} INFO - Creating ORM DAG for example_short_circuit_decorator
[2024-04-06T10:42:06.174+0000] {logging_mixin.py:188} INFO - [2024-04-06T10:42:06.173+0000] {dag.py:3834} INFO - Setting next_dagrun for example_short_circuit_decorator to 2024-04-05 00:00:00+00:00, run_after=2024-04-06 00:00:00+00:00
[2024-04-06T10:42:06.186+0000] {processor.py:183} INFO - Processing /home/airflow/.local/lib/python3.8/site-packages/airflow/example_dags/example_short_circuit_decorator.py took 0.136 seconds
[2024-04-06T10:42:37.138+0000] {processor.py:161} INFO - Started process (PID=132) to work on /home/airflow/.local/lib/python3.8/site-packages/airflow/example_dags/example_short_circuit_decorator.py
[2024-04-06T10:42:37.139+0000] {processor.py:830} INFO - Processing file /home/airflow/.local/lib/python3.8/site-packages/airflow/example_dags/example_short_circuit_decorator.py for tasks to queue
[2024-04-06T10:42:37.141+0000] {logging_mixin.py:188} INFO - [2024-04-06T10:42:37.141+0000] {dagbag.py:540} INFO - Filling up the DagBag from /home/airflow/.local/lib/python3.8/site-packages/airflow/example_dags/example_short_circuit_decorator.py
[2024-04-06T10:42:37.148+0000] {processor.py:840} INFO - DAG(s) 'example_short_circuit_decorator' retrieved from /home/airflow/.local/lib/python3.8/site-packages/airflow/example_dags/example_short_circuit_decorator.py
[2024-04-06T10:42:37.166+0000] {logging_mixin.py:188} INFO - [2024-04-06T10:42:37.166+0000] {dag.py:3047} INFO - Sync 1 DAGs
[2024-04-06T10:42:37.183+0000] {logging_mixin.py:188} INFO - [2024-04-06T10:42:37.183+0000] {dag.py:3834} INFO - Setting next_dagrun for example_short_circuit_decorator to 2024-04-05 00:00:00+00:00, run_after=2024-04-06 00:00:00+00:00
[2024-04-06T10:42:37.207+0000] {processor.py:183} INFO - Processing /home/airflow/.local/lib/python3.8/site-packages/airflow/example_dags/example_short_circuit_decorator.py took 0.072 seconds
[2024-04-06T10:43:07.944+0000] {processor.py:161} INFO - Started process (PID=188) to work on /home/airflow/.local/lib/python3.8/site-packages/airflow/example_dags/example_short_circuit_decorator.py
[2024-04-06T10:43:07.945+0000] {processor.py:830} INFO - Processing file /home/airflow/.local/lib/python3.8/site-packages/airflow/example_dags/example_short_circuit_decorator.py for tasks to queue
[2024-04-06T10:43:07.946+0000] {logging_mixin.py:188} INFO - [2024-04-06T10:43:07.946+0000] {dagbag.py:540} INFO - Filling up the DagBag from /home/airflow/.local/lib/python3.8/site-packages/airflow/example_dags/example_short_circuit_decorator.py
[2024-04-06T10:43:07.953+0000] {processor.py:840} INFO - DAG(s) 'example_short_circuit_decorator' retrieved from /home/airflow/.local/lib/python3.8/site-packages/airflow/example_dags/example_short_circuit_decorator.py
[2024-04-06T10:43:07.967+0000] {logging_mixin.py:188} INFO - [2024-04-06T10:43:07.966+0000] {dag.py:3047} INFO - Sync 1 DAGs
[2024-04-06T10:43:07.980+0000] {logging_mixin.py:188} INFO - [2024-04-06T10:43:07.980+0000] {dag.py:3834} INFO - Setting next_dagrun for example_short_circuit_decorator to 2024-04-05 00:00:00+00:00, run_after=2024-04-06 00:00:00+00:00
[2024-04-06T10:43:07.991+0000] {processor.py:183} INFO - Processing /home/airflow/.local/lib/python3.8/site-packages/airflow/example_dags/example_short_circuit_decorator.py took 0.048 seconds
[2024-04-06T10:43:38.645+0000] {processor.py:161} INFO - Started process (PID=244) to work on /home/airflow/.local/lib/python3.8/site-packages/airflow/example_dags/example_short_circuit_decorator.py
[2024-04-06T10:43:38.646+0000] {processor.py:830} INFO - Processing file /home/airflow/.local/lib/python3.8/site-packages/airflow/example_dags/example_short_circuit_decorator.py for tasks to queue
[2024-04-06T10:43:38.647+0000] {logging_mixin.py:188} INFO - [2024-04-06T10:43:38.647+0000] {dagbag.py:540} INFO - Filling up the DagBag from /home/airflow/.local/lib/python3.8/site-packages/airflow/example_dags/example_short_circuit_decorator.py
[2024-04-06T10:43:38.653+0000] {processor.py:840} INFO - DAG(s) 'example_short_circuit_decorator' retrieved from /home/airflow/.local/lib/python3.8/site-packages/airflow/example_dags/example_short_circuit_decorator.py
[2024-04-06T10:43:38.670+0000] {logging_mixin.py:188} INFO - [2024-04-06T10:43:38.669+0000] {dag.py:3047} INFO - Sync 1 DAGs
[2024-04-06T10:43:38.684+0000] {logging_mixin.py:188} INFO - [2024-04-06T10:43:38.684+0000] {dag.py:3834} INFO - Setting next_dagrun for example_short_circuit_decorator to 2024-04-05 00:00:00+00:00, run_after=2024-04-06 00:00:00+00:00
[2024-04-06T10:43:38.698+0000] {processor.py:183} INFO - Processing /home/airflow/.local/lib/python3.8/site-packages/airflow/example_dags/example_short_circuit_decorator.py took 0.055 seconds
[2024-04-06T10:44:09.360+0000] {processor.py:161} INFO - Started process (PID=300) to work on /home/airflow/.local/lib/python3.8/site-packages/airflow/example_dags/example_short_circuit_decorator.py
[2024-04-06T10:44:09.360+0000] {processor.py:830} INFO - Processing file /home/airflow/.local/lib/python3.8/site-packages/airflow/example_dags/example_short_circuit_decorator.py for tasks to queue
[2024-04-06T10:44:09.362+0000] {logging_mixin.py:188} INFO - [2024-04-06T10:44:09.362+0000] {dagbag.py:540} INFO - Filling up the DagBag from /home/airflow/.local/lib/python3.8/site-packages/airflow/example_dags/example_short_circuit_decorator.py
[2024-04-06T10:44:09.368+0000] {processor.py:840} INFO - DAG(s) 'example_short_circuit_decorator' retrieved from /home/airflow/.local/lib/python3.8/site-packages/airflow/example_dags/example_short_circuit_decorator.py
[2024-04-06T10:44:09.382+0000] {logging_mixin.py:188} INFO - [2024-04-06T10:44:09.382+0000] {dag.py:3047} INFO - Sync 1 DAGs
[2024-04-06T10:44:09.397+0000] {logging_mixin.py:188} INFO - [2024-04-06T10:44:09.397+0000] {dag.py:3834} INFO - Setting next_dagrun for example_short_circuit_decorator to 2024-04-05 00:00:00+00:00, run_after=2024-04-06 00:00:00+00:00
[2024-04-06T10:44:09.409+0000] {processor.py:183} INFO - Processing /home/airflow/.local/lib/python3.8/site-packages/airflow/example_dags/example_short_circuit_decorator.py took 0.051 seconds
[2024-04-06T10:44:40.118+0000] {processor.py:161} INFO - Started process (PID=356) to work on /home/airflow/.local/lib/python3.8/site-packages/airflow/example_dags/example_short_circuit_decorator.py
[2024-04-06T10:44:40.118+0000] {processor.py:830} INFO - Processing file /home/airflow/.local/lib/python3.8/site-packages/airflow/example_dags/example_short_circuit_decorator.py for tasks to queue
[2024-04-06T10:44:40.119+0000] {logging_mixin.py:188} INFO - [2024-04-06T10:44:40.119+0000] {dagbag.py:540} INFO - Filling up the DagBag from /home/airflow/.local/lib/python3.8/site-packages/airflow/example_dags/example_short_circuit_decorator.py
[2024-04-06T10:44:40.125+0000] {processor.py:840} INFO - DAG(s) 'example_short_circuit_decorator' retrieved from /home/airflow/.local/lib/python3.8/site-packages/airflow/example_dags/example_short_circuit_decorator.py
[2024-04-06T10:44:40.139+0000] {logging_mixin.py:188} INFO - [2024-04-06T10:44:40.139+0000] {dag.py:3047} INFO - Sync 1 DAGs
[2024-04-06T10:44:40.154+0000] {logging_mixin.py:188} INFO - [2024-04-06T10:44:40.154+0000] {dag.py:3834} INFO - Setting next_dagrun for example_short_circuit_decorator to 2024-04-05 00:00:00+00:00, run_after=2024-04-06 00:00:00+00:00
[2024-04-06T10:44:40.166+0000] {processor.py:183} INFO - Processing /home/airflow/.local/lib/python3.8/site-packages/airflow/example_dags/example_short_circuit_decorator.py took 0.051 seconds
[2024-04-06T10:45:10.349+0000] {processor.py:161} INFO - Started process (PID=412) to work on /home/airflow/.local/lib/python3.8/site-packages/airflow/example_dags/example_short_circuit_decorator.py
[2024-04-06T10:45:10.350+0000] {processor.py:830} INFO - Processing file /home/airflow/.local/lib/python3.8/site-packages/airflow/example_dags/example_short_circuit_decorator.py for tasks to queue
[2024-04-06T10:45:10.351+0000] {logging_mixin.py:188} INFO - [2024-04-06T10:45:10.351+0000] {dagbag.py:540} INFO - Filling up the DagBag from /home/airflow/.local/lib/python3.8/site-packages/airflow/example_dags/example_short_circuit_decorator.py
[2024-04-06T10:45:10.356+0000] {processor.py:840} INFO - DAG(s) 'example_short_circuit_decorator' retrieved from /home/airflow/.local/lib/python3.8/site-packages/airflow/example_dags/example_short_circuit_decorator.py
[2024-04-06T10:45:10.372+0000] {logging_mixin.py:188} INFO - [2024-04-06T10:45:10.372+0000] {dag.py:3047} INFO - Sync 1 DAGs
[2024-04-06T10:45:10.388+0000] {logging_mixin.py:188} INFO - [2024-04-06T10:45:10.388+0000] {dag.py:3834} INFO - Setting next_dagrun for example_short_circuit_decorator to 2024-04-05 00:00:00+00:00, run_after=2024-04-06 00:00:00+00:00
[2024-04-06T10:45:10.402+0000] {processor.py:183} INFO - Processing /home/airflow/.local/lib/python3.8/site-packages/airflow/example_dags/example_short_circuit_decorator.py took 0.056 seconds
