[2024-04-06T09:36:47.950+0000] {processor.py:153} INFO - Started process (PID=67) to work on /home/airflow/.local/lib/python3.7/site-packages/airflow/example_dags/example_task_group_decorator.py
[2024-04-06T09:36:47.951+0000] {processor.py:743} INFO - Processing file /home/airflow/.local/lib/python3.7/site-packages/airflow/example_dags/example_task_group_decorator.py for tasks to queue
[2024-04-06T09:36:47.951+0000] {logging_mixin.py:137} INFO - [2024-04-06T09:36:47.951+0000] {dagbag.py:538} INFO - Filling up the DagBag from /home/airflow/.local/lib/python3.7/site-packages/airflow/example_dags/example_task_group_decorator.py
[2024-04-06T09:36:47.983+0000] {processor.py:753} INFO - DAG(s) dict_keys(['example_task_group_decorator']) retrieved from /home/airflow/.local/lib/python3.7/site-packages/airflow/example_dags/example_task_group_decorator.py
[2024-04-06T09:36:47.997+0000] {logging_mixin.py:137} INFO - [2024-04-06T09:36:47.997+0000] {dag.py:2690} INFO - Sync 1 DAGs
[2024-04-06T09:36:48.027+0000] {logging_mixin.py:137} INFO - [2024-04-06T09:36:48.026+0000] {dag.py:3441} INFO - Setting next_dagrun for example_task_group_decorator to 2024-04-05T09:36:48.026578+00:00, run_after=2024-04-06T09:36:48.026578+00:00
[2024-04-06T09:36:48.051+0000] {processor.py:175} INFO - Processing /home/airflow/.local/lib/python3.7/site-packages/airflow/example_dags/example_task_group_decorator.py took 0.104 seconds
[2024-04-06T09:37:18.098+0000] {processor.py:153} INFO - Started process (PID=139) to work on /home/airflow/.local/lib/python3.7/site-packages/airflow/example_dags/example_task_group_decorator.py
[2024-04-06T09:37:18.099+0000] {processor.py:743} INFO - Processing file /home/airflow/.local/lib/python3.7/site-packages/airflow/example_dags/example_task_group_decorator.py for tasks to queue
[2024-04-06T09:37:18.100+0000] {logging_mixin.py:137} INFO - [2024-04-06T09:37:18.100+0000] {dagbag.py:538} INFO - Filling up the DagBag from /home/airflow/.local/lib/python3.7/site-packages/airflow/example_dags/example_task_group_decorator.py
[2024-04-06T09:37:18.129+0000] {processor.py:753} INFO - DAG(s) dict_keys(['example_task_group_decorator']) retrieved from /home/airflow/.local/lib/python3.7/site-packages/airflow/example_dags/example_task_group_decorator.py
[2024-04-06T09:37:18.142+0000] {logging_mixin.py:137} INFO - [2024-04-06T09:37:18.142+0000] {dag.py:2690} INFO - Sync 1 DAGs
[2024-04-06T09:37:18.171+0000] {logging_mixin.py:137} INFO - [2024-04-06T09:37:18.171+0000] {dag.py:3441} INFO - Setting next_dagrun for example_task_group_decorator to 2024-04-05T09:37:18.170912+00:00, run_after=2024-04-06T09:37:18.170912+00:00
[2024-04-06T09:37:18.199+0000] {processor.py:175} INFO - Processing /home/airflow/.local/lib/python3.7/site-packages/airflow/example_dags/example_task_group_decorator.py took 0.103 seconds
[2024-04-06T09:37:48.753+0000] {processor.py:153} INFO - Started process (PID=211) to work on /home/airflow/.local/lib/python3.7/site-packages/airflow/example_dags/example_task_group_decorator.py
[2024-04-06T09:37:48.754+0000] {processor.py:743} INFO - Processing file /home/airflow/.local/lib/python3.7/site-packages/airflow/example_dags/example_task_group_decorator.py for tasks to queue
[2024-04-06T09:37:48.755+0000] {logging_mixin.py:137} INFO - [2024-04-06T09:37:48.755+0000] {dagbag.py:538} INFO - Filling up the DagBag from /home/airflow/.local/lib/python3.7/site-packages/airflow/example_dags/example_task_group_decorator.py
[2024-04-06T09:37:48.786+0000] {processor.py:753} INFO - DAG(s) dict_keys(['example_task_group_decorator']) retrieved from /home/airflow/.local/lib/python3.7/site-packages/airflow/example_dags/example_task_group_decorator.py
[2024-04-06T09:37:48.829+0000] {logging_mixin.py:137} INFO - [2024-04-06T09:37:48.829+0000] {dag.py:2690} INFO - Sync 1 DAGs
[2024-04-06T09:37:48.860+0000] {logging_mixin.py:137} INFO - [2024-04-06T09:37:48.860+0000] {dag.py:3441} INFO - Setting next_dagrun for example_task_group_decorator to 2024-04-05T09:37:48.860235+00:00, run_after=2024-04-06T09:37:48.860235+00:00
[2024-04-06T09:37:48.879+0000] {processor.py:175} INFO - Processing /home/airflow/.local/lib/python3.7/site-packages/airflow/example_dags/example_task_group_decorator.py took 0.129 seconds
[2024-04-06T09:38:19.531+0000] {processor.py:153} INFO - Started process (PID=299) to work on /home/airflow/.local/lib/python3.7/site-packages/airflow/example_dags/example_task_group_decorator.py
[2024-04-06T09:38:19.532+0000] {processor.py:743} INFO - Processing file /home/airflow/.local/lib/python3.7/site-packages/airflow/example_dags/example_task_group_decorator.py for tasks to queue
[2024-04-06T09:38:19.532+0000] {logging_mixin.py:137} INFO - [2024-04-06T09:38:19.532+0000] {dagbag.py:538} INFO - Filling up the DagBag from /home/airflow/.local/lib/python3.7/site-packages/airflow/example_dags/example_task_group_decorator.py
[2024-04-06T09:38:19.563+0000] {processor.py:753} INFO - DAG(s) dict_keys(['example_task_group_decorator']) retrieved from /home/airflow/.local/lib/python3.7/site-packages/airflow/example_dags/example_task_group_decorator.py
[2024-04-06T09:38:19.591+0000] {logging_mixin.py:137} INFO - [2024-04-06T09:38:19.591+0000] {dag.py:2690} INFO - Sync 1 DAGs
[2024-04-06T09:38:19.616+0000] {logging_mixin.py:137} INFO - [2024-04-06T09:38:19.616+0000] {dag.py:3441} INFO - Setting next_dagrun for example_task_group_decorator to 2024-04-05T09:38:19.615938+00:00, run_after=2024-04-06T09:38:19.615938+00:00
[2024-04-06T09:38:19.635+0000] {processor.py:175} INFO - Processing /home/airflow/.local/lib/python3.7/site-packages/airflow/example_dags/example_task_group_decorator.py took 0.107 seconds
[2024-04-06T09:38:49.891+0000] {processor.py:153} INFO - Started process (PID=370) to work on /home/airflow/.local/lib/python3.7/site-packages/airflow/example_dags/example_task_group_decorator.py
[2024-04-06T09:38:49.891+0000] {processor.py:743} INFO - Processing file /home/airflow/.local/lib/python3.7/site-packages/airflow/example_dags/example_task_group_decorator.py for tasks to queue
[2024-04-06T09:38:49.892+0000] {logging_mixin.py:137} INFO - [2024-04-06T09:38:49.892+0000] {dagbag.py:538} INFO - Filling up the DagBag from /home/airflow/.local/lib/python3.7/site-packages/airflow/example_dags/example_task_group_decorator.py
[2024-04-06T09:38:49.915+0000] {processor.py:753} INFO - DAG(s) dict_keys(['example_task_group_decorator']) retrieved from /home/airflow/.local/lib/python3.7/site-packages/airflow/example_dags/example_task_group_decorator.py
[2024-04-06T09:38:49.936+0000] {logging_mixin.py:137} INFO - [2024-04-06T09:38:49.936+0000] {dag.py:2690} INFO - Sync 1 DAGs
[2024-04-06T09:38:49.953+0000] {logging_mixin.py:137} INFO - [2024-04-06T09:38:49.953+0000] {dag.py:3441} INFO - Setting next_dagrun for example_task_group_decorator to 2024-04-05T09:38:49.953253+00:00, run_after=2024-04-06T09:38:49.953253+00:00
[2024-04-06T09:38:49.968+0000] {processor.py:175} INFO - Processing /home/airflow/.local/lib/python3.7/site-packages/airflow/example_dags/example_task_group_decorator.py took 0.080 seconds
[2024-04-06T09:39:20.118+0000] {processor.py:153} INFO - Started process (PID=459) to work on /home/airflow/.local/lib/python3.7/site-packages/airflow/example_dags/example_task_group_decorator.py
[2024-04-06T09:39:20.118+0000] {processor.py:743} INFO - Processing file /home/airflow/.local/lib/python3.7/site-packages/airflow/example_dags/example_task_group_decorator.py for tasks to queue
[2024-04-06T09:39:20.119+0000] {logging_mixin.py:137} INFO - [2024-04-06T09:39:20.119+0000] {dagbag.py:538} INFO - Filling up the DagBag from /home/airflow/.local/lib/python3.7/site-packages/airflow/example_dags/example_task_group_decorator.py
[2024-04-06T09:39:20.143+0000] {processor.py:753} INFO - DAG(s) dict_keys(['example_task_group_decorator']) retrieved from /home/airflow/.local/lib/python3.7/site-packages/airflow/example_dags/example_task_group_decorator.py
[2024-04-06T09:39:20.167+0000] {logging_mixin.py:137} INFO - [2024-04-06T09:39:20.167+0000] {dag.py:2690} INFO - Sync 1 DAGs
[2024-04-06T09:39:20.189+0000] {logging_mixin.py:137} INFO - [2024-04-06T09:39:20.189+0000] {dag.py:3441} INFO - Setting next_dagrun for example_task_group_decorator to 2024-04-05T09:39:20.189178+00:00, run_after=2024-04-06T09:39:20.189178+00:00
[2024-04-06T09:39:20.204+0000] {processor.py:175} INFO - Processing /home/airflow/.local/lib/python3.7/site-packages/airflow/example_dags/example_task_group_decorator.py took 0.089 seconds
[2024-04-06T09:39:50.293+0000] {processor.py:153} INFO - Started process (PID=530) to work on /home/airflow/.local/lib/python3.7/site-packages/airflow/example_dags/example_task_group_decorator.py
[2024-04-06T09:39:50.294+0000] {processor.py:743} INFO - Processing file /home/airflow/.local/lib/python3.7/site-packages/airflow/example_dags/example_task_group_decorator.py for tasks to queue
[2024-04-06T09:39:50.294+0000] {logging_mixin.py:137} INFO - [2024-04-06T09:39:50.294+0000] {dagbag.py:538} INFO - Filling up the DagBag from /home/airflow/.local/lib/python3.7/site-packages/airflow/example_dags/example_task_group_decorator.py
[2024-04-06T09:39:50.318+0000] {processor.py:753} INFO - DAG(s) dict_keys(['example_task_group_decorator']) retrieved from /home/airflow/.local/lib/python3.7/site-packages/airflow/example_dags/example_task_group_decorator.py
[2024-04-06T09:39:50.339+0000] {logging_mixin.py:137} INFO - [2024-04-06T09:39:50.338+0000] {dag.py:2690} INFO - Sync 1 DAGs
[2024-04-06T09:39:50.358+0000] {logging_mixin.py:137} INFO - [2024-04-06T09:39:50.358+0000] {dag.py:3441} INFO - Setting next_dagrun for example_task_group_decorator to 2024-04-05T09:39:50.358176+00:00, run_after=2024-04-06T09:39:50.358176+00:00
[2024-04-06T09:39:50.373+0000] {processor.py:175} INFO - Processing /home/airflow/.local/lib/python3.7/site-packages/airflow/example_dags/example_task_group_decorator.py took 0.083 seconds
[2024-04-06T09:40:20.787+0000] {processor.py:153} INFO - Started process (PID=618) to work on /home/airflow/.local/lib/python3.7/site-packages/airflow/example_dags/example_task_group_decorator.py
[2024-04-06T09:40:20.788+0000] {processor.py:743} INFO - Processing file /home/airflow/.local/lib/python3.7/site-packages/airflow/example_dags/example_task_group_decorator.py for tasks to queue
[2024-04-06T09:40:20.789+0000] {logging_mixin.py:137} INFO - [2024-04-06T09:40:20.788+0000] {dagbag.py:538} INFO - Filling up the DagBag from /home/airflow/.local/lib/python3.7/site-packages/airflow/example_dags/example_task_group_decorator.py
[2024-04-06T09:40:20.815+0000] {processor.py:753} INFO - DAG(s) dict_keys(['example_task_group_decorator']) retrieved from /home/airflow/.local/lib/python3.7/site-packages/airflow/example_dags/example_task_group_decorator.py
[2024-04-06T09:40:20.839+0000] {logging_mixin.py:137} INFO - [2024-04-06T09:40:20.839+0000] {dag.py:2690} INFO - Sync 1 DAGs
[2024-04-06T09:40:20.859+0000] {logging_mixin.py:137} INFO - [2024-04-06T09:40:20.859+0000] {dag.py:3441} INFO - Setting next_dagrun for example_task_group_decorator to 2024-04-05T09:40:20.859501+00:00, run_after=2024-04-06T09:40:20.859501+00:00
[2024-04-06T09:40:20.874+0000] {processor.py:175} INFO - Processing /home/airflow/.local/lib/python3.7/site-packages/airflow/example_dags/example_task_group_decorator.py took 0.091 seconds
[2024-04-06T09:40:51.023+0000] {processor.py:153} INFO - Started process (PID=690) to work on /home/airflow/.local/lib/python3.7/site-packages/airflow/example_dags/example_task_group_decorator.py
[2024-04-06T09:40:51.024+0000] {processor.py:743} INFO - Processing file /home/airflow/.local/lib/python3.7/site-packages/airflow/example_dags/example_task_group_decorator.py for tasks to queue
[2024-04-06T09:40:51.024+0000] {logging_mixin.py:137} INFO - [2024-04-06T09:40:51.024+0000] {dagbag.py:538} INFO - Filling up the DagBag from /home/airflow/.local/lib/python3.7/site-packages/airflow/example_dags/example_task_group_decorator.py
[2024-04-06T09:40:51.048+0000] {processor.py:753} INFO - DAG(s) dict_keys(['example_task_group_decorator']) retrieved from /home/airflow/.local/lib/python3.7/site-packages/airflow/example_dags/example_task_group_decorator.py
[2024-04-06T09:40:51.072+0000] {logging_mixin.py:137} INFO - [2024-04-06T09:40:51.072+0000] {dag.py:2690} INFO - Sync 1 DAGs
[2024-04-06T09:40:51.093+0000] {logging_mixin.py:137} INFO - [2024-04-06T09:40:51.093+0000] {dag.py:3441} INFO - Setting next_dagrun for example_task_group_decorator to 2024-04-05T09:40:51.093163+00:00, run_after=2024-04-06T09:40:51.093163+00:00
[2024-04-06T09:40:51.110+0000] {processor.py:175} INFO - Processing /home/airflow/.local/lib/python3.7/site-packages/airflow/example_dags/example_task_group_decorator.py took 0.089 seconds
[2024-04-06T09:41:21.467+0000] {processor.py:153} INFO - Started process (PID=778) to work on /home/airflow/.local/lib/python3.7/site-packages/airflow/example_dags/example_task_group_decorator.py
[2024-04-06T09:41:21.467+0000] {processor.py:743} INFO - Processing file /home/airflow/.local/lib/python3.7/site-packages/airflow/example_dags/example_task_group_decorator.py for tasks to queue
[2024-04-06T09:41:21.468+0000] {logging_mixin.py:137} INFO - [2024-04-06T09:41:21.468+0000] {dagbag.py:538} INFO - Filling up the DagBag from /home/airflow/.local/lib/python3.7/site-packages/airflow/example_dags/example_task_group_decorator.py
[2024-04-06T09:41:21.496+0000] {processor.py:753} INFO - DAG(s) dict_keys(['example_task_group_decorator']) retrieved from /home/airflow/.local/lib/python3.7/site-packages/airflow/example_dags/example_task_group_decorator.py
[2024-04-06T09:41:21.522+0000] {logging_mixin.py:137} INFO - [2024-04-06T09:41:21.522+0000] {dag.py:2690} INFO - Sync 1 DAGs
[2024-04-06T09:41:21.544+0000] {logging_mixin.py:137} INFO - [2024-04-06T09:41:21.544+0000] {dag.py:3441} INFO - Setting next_dagrun for example_task_group_decorator to 2024-04-05T09:41:21.544565+00:00, run_after=2024-04-06T09:41:21.544565+00:00
[2024-04-06T09:41:21.562+0000] {processor.py:175} INFO - Processing /home/airflow/.local/lib/python3.7/site-packages/airflow/example_dags/example_task_group_decorator.py took 0.099 seconds
[2024-04-06T09:41:51.767+0000] {processor.py:153} INFO - Started process (PID=850) to work on /home/airflow/.local/lib/python3.7/site-packages/airflow/example_dags/example_task_group_decorator.py
[2024-04-06T09:41:51.768+0000] {processor.py:743} INFO - Processing file /home/airflow/.local/lib/python3.7/site-packages/airflow/example_dags/example_task_group_decorator.py for tasks to queue
[2024-04-06T09:41:51.768+0000] {logging_mixin.py:137} INFO - [2024-04-06T09:41:51.768+0000] {dagbag.py:538} INFO - Filling up the DagBag from /home/airflow/.local/lib/python3.7/site-packages/airflow/example_dags/example_task_group_decorator.py
[2024-04-06T09:41:51.793+0000] {processor.py:753} INFO - DAG(s) dict_keys(['example_task_group_decorator']) retrieved from /home/airflow/.local/lib/python3.7/site-packages/airflow/example_dags/example_task_group_decorator.py
[2024-04-06T09:41:51.814+0000] {logging_mixin.py:137} INFO - [2024-04-06T09:41:51.813+0000] {dag.py:2690} INFO - Sync 1 DAGs
[2024-04-06T09:41:51.832+0000] {logging_mixin.py:137} INFO - [2024-04-06T09:41:51.832+0000] {dag.py:3441} INFO - Setting next_dagrun for example_task_group_decorator to 2024-04-05T09:41:51.831922+00:00, run_after=2024-04-06T09:41:51.831922+00:00
[2024-04-06T09:41:51.847+0000] {processor.py:175} INFO - Processing /home/airflow/.local/lib/python3.7/site-packages/airflow/example_dags/example_task_group_decorator.py took 0.083 seconds
[2024-04-06T09:42:22.418+0000] {processor.py:153} INFO - Started process (PID=938) to work on /home/airflow/.local/lib/python3.7/site-packages/airflow/example_dags/example_task_group_decorator.py
[2024-04-06T09:42:22.418+0000] {processor.py:743} INFO - Processing file /home/airflow/.local/lib/python3.7/site-packages/airflow/example_dags/example_task_group_decorator.py for tasks to queue
[2024-04-06T09:42:22.419+0000] {logging_mixin.py:137} INFO - [2024-04-06T09:42:22.419+0000] {dagbag.py:538} INFO - Filling up the DagBag from /home/airflow/.local/lib/python3.7/site-packages/airflow/example_dags/example_task_group_decorator.py
[2024-04-06T09:42:22.450+0000] {processor.py:753} INFO - DAG(s) dict_keys(['example_task_group_decorator']) retrieved from /home/airflow/.local/lib/python3.7/site-packages/airflow/example_dags/example_task_group_decorator.py
[2024-04-06T09:42:22.487+0000] {logging_mixin.py:137} INFO - [2024-04-06T09:42:22.487+0000] {dag.py:2690} INFO - Sync 1 DAGs
[2024-04-06T09:42:22.526+0000] {logging_mixin.py:137} INFO - [2024-04-06T09:42:22.525+0000] {dag.py:3441} INFO - Setting next_dagrun for example_task_group_decorator to 2024-04-05T09:42:22.525367+00:00, run_after=2024-04-06T09:42:22.525367+00:00
[2024-04-06T09:42:22.554+0000] {processor.py:175} INFO - Processing /home/airflow/.local/lib/python3.7/site-packages/airflow/example_dags/example_task_group_decorator.py took 0.138 seconds
[2024-04-06T09:42:52.777+0000] {processor.py:153} INFO - Started process (PID=1010) to work on /home/airflow/.local/lib/python3.7/site-packages/airflow/example_dags/example_task_group_decorator.py
[2024-04-06T09:42:52.777+0000] {processor.py:743} INFO - Processing file /home/airflow/.local/lib/python3.7/site-packages/airflow/example_dags/example_task_group_decorator.py for tasks to queue
[2024-04-06T09:42:52.778+0000] {logging_mixin.py:137} INFO - [2024-04-06T09:42:52.778+0000] {dagbag.py:538} INFO - Filling up the DagBag from /home/airflow/.local/lib/python3.7/site-packages/airflow/example_dags/example_task_group_decorator.py
[2024-04-06T09:42:52.802+0000] {processor.py:753} INFO - DAG(s) dict_keys(['example_task_group_decorator']) retrieved from /home/airflow/.local/lib/python3.7/site-packages/airflow/example_dags/example_task_group_decorator.py
[2024-04-06T09:42:52.822+0000] {logging_mixin.py:137} INFO - [2024-04-06T09:42:52.822+0000] {dag.py:2690} INFO - Sync 1 DAGs
[2024-04-06T09:42:52.841+0000] {logging_mixin.py:137} INFO - [2024-04-06T09:42:52.841+0000] {dag.py:3441} INFO - Setting next_dagrun for example_task_group_decorator to 2024-04-05T09:42:52.841192+00:00, run_after=2024-04-06T09:42:52.841192+00:00
[2024-04-06T09:42:52.859+0000] {processor.py:175} INFO - Processing /home/airflow/.local/lib/python3.7/site-packages/airflow/example_dags/example_task_group_decorator.py took 0.084 seconds
[2024-04-06T09:43:23.417+0000] {processor.py:153} INFO - Started process (PID=1097) to work on /home/airflow/.local/lib/python3.7/site-packages/airflow/example_dags/example_task_group_decorator.py
[2024-04-06T09:43:23.418+0000] {processor.py:743} INFO - Processing file /home/airflow/.local/lib/python3.7/site-packages/airflow/example_dags/example_task_group_decorator.py for tasks to queue
[2024-04-06T09:43:23.419+0000] {logging_mixin.py:137} INFO - [2024-04-06T09:43:23.419+0000] {dagbag.py:538} INFO - Filling up the DagBag from /home/airflow/.local/lib/python3.7/site-packages/airflow/example_dags/example_task_group_decorator.py
[2024-04-06T09:43:23.463+0000] {processor.py:753} INFO - DAG(s) dict_keys(['example_task_group_decorator']) retrieved from /home/airflow/.local/lib/python3.7/site-packages/airflow/example_dags/example_task_group_decorator.py
[2024-04-06T09:43:23.501+0000] {logging_mixin.py:137} INFO - [2024-04-06T09:43:23.501+0000] {dag.py:2690} INFO - Sync 1 DAGs
[2024-04-06T09:43:23.534+0000] {logging_mixin.py:137} INFO - [2024-04-06T09:43:23.534+0000] {dag.py:3441} INFO - Setting next_dagrun for example_task_group_decorator to 2024-04-05T09:43:23.534101+00:00, run_after=2024-04-06T09:43:23.534101+00:00
[2024-04-06T09:43:23.553+0000] {processor.py:175} INFO - Processing /home/airflow/.local/lib/python3.7/site-packages/airflow/example_dags/example_task_group_decorator.py took 0.141 seconds
[2024-04-06T09:43:53.665+0000] {processor.py:153} INFO - Started process (PID=1169) to work on /home/airflow/.local/lib/python3.7/site-packages/airflow/example_dags/example_task_group_decorator.py
[2024-04-06T09:43:53.665+0000] {processor.py:743} INFO - Processing file /home/airflow/.local/lib/python3.7/site-packages/airflow/example_dags/example_task_group_decorator.py for tasks to queue
[2024-04-06T09:43:53.666+0000] {logging_mixin.py:137} INFO - [2024-04-06T09:43:53.666+0000] {dagbag.py:538} INFO - Filling up the DagBag from /home/airflow/.local/lib/python3.7/site-packages/airflow/example_dags/example_task_group_decorator.py
[2024-04-06T09:43:53.689+0000] {processor.py:753} INFO - DAG(s) dict_keys(['example_task_group_decorator']) retrieved from /home/airflow/.local/lib/python3.7/site-packages/airflow/example_dags/example_task_group_decorator.py
[2024-04-06T09:43:53.716+0000] {logging_mixin.py:137} INFO - [2024-04-06T09:43:53.715+0000] {dag.py:2690} INFO - Sync 1 DAGs
[2024-04-06T09:43:53.739+0000] {logging_mixin.py:137} INFO - [2024-04-06T09:43:53.739+0000] {dag.py:3441} INFO - Setting next_dagrun for example_task_group_decorator to 2024-04-05T09:43:53.739054+00:00, run_after=2024-04-06T09:43:53.739054+00:00
[2024-04-06T09:43:53.752+0000] {processor.py:175} INFO - Processing /home/airflow/.local/lib/python3.7/site-packages/airflow/example_dags/example_task_group_decorator.py took 0.091 seconds
[2024-04-06T09:44:24.131+0000] {processor.py:153} INFO - Started process (PID=1250) to work on /home/airflow/.local/lib/python3.7/site-packages/airflow/example_dags/example_task_group_decorator.py
[2024-04-06T09:44:24.132+0000] {processor.py:743} INFO - Processing file /home/airflow/.local/lib/python3.7/site-packages/airflow/example_dags/example_task_group_decorator.py for tasks to queue
[2024-04-06T09:44:24.132+0000] {logging_mixin.py:137} INFO - [2024-04-06T09:44:24.132+0000] {dagbag.py:538} INFO - Filling up the DagBag from /home/airflow/.local/lib/python3.7/site-packages/airflow/example_dags/example_task_group_decorator.py
[2024-04-06T09:44:24.170+0000] {processor.py:753} INFO - DAG(s) dict_keys(['example_task_group_decorator']) retrieved from /home/airflow/.local/lib/python3.7/site-packages/airflow/example_dags/example_task_group_decorator.py
[2024-04-06T09:44:24.203+0000] {logging_mixin.py:137} INFO - [2024-04-06T09:44:24.203+0000] {dag.py:2690} INFO - Sync 1 DAGs
[2024-04-06T09:44:24.234+0000] {logging_mixin.py:137} INFO - [2024-04-06T09:44:24.234+0000] {dag.py:3441} INFO - Setting next_dagrun for example_task_group_decorator to 2024-04-05T09:44:24.234079+00:00, run_after=2024-04-06T09:44:24.234079+00:00
[2024-04-06T09:44:24.253+0000] {processor.py:175} INFO - Processing /home/airflow/.local/lib/python3.7/site-packages/airflow/example_dags/example_task_group_decorator.py took 0.125 seconds
[2024-04-06T09:44:54.628+0000] {processor.py:153} INFO - Started process (PID=1329) to work on /home/airflow/.local/lib/python3.7/site-packages/airflow/example_dags/example_task_group_decorator.py
[2024-04-06T09:44:54.629+0000] {processor.py:743} INFO - Processing file /home/airflow/.local/lib/python3.7/site-packages/airflow/example_dags/example_task_group_decorator.py for tasks to queue
[2024-04-06T09:44:54.630+0000] {logging_mixin.py:137} INFO - [2024-04-06T09:44:54.629+0000] {dagbag.py:538} INFO - Filling up the DagBag from /home/airflow/.local/lib/python3.7/site-packages/airflow/example_dags/example_task_group_decorator.py
[2024-04-06T09:44:54.655+0000] {processor.py:753} INFO - DAG(s) dict_keys(['example_task_group_decorator']) retrieved from /home/airflow/.local/lib/python3.7/site-packages/airflow/example_dags/example_task_group_decorator.py
[2024-04-06T09:44:54.679+0000] {logging_mixin.py:137} INFO - [2024-04-06T09:44:54.679+0000] {dag.py:2690} INFO - Sync 1 DAGs
[2024-04-06T09:44:54.703+0000] {logging_mixin.py:137} INFO - [2024-04-06T09:44:54.703+0000] {dag.py:3441} INFO - Setting next_dagrun for example_task_group_decorator to 2024-04-05T09:44:54.703435+00:00, run_after=2024-04-06T09:44:54.703435+00:00
[2024-04-06T09:44:54.718+0000] {processor.py:175} INFO - Processing /home/airflow/.local/lib/python3.7/site-packages/airflow/example_dags/example_task_group_decorator.py took 0.093 seconds
[2024-04-06T09:45:24.945+0000] {processor.py:153} INFO - Started process (PID=1408) to work on /home/airflow/.local/lib/python3.7/site-packages/airflow/example_dags/example_task_group_decorator.py
[2024-04-06T09:45:24.946+0000] {processor.py:743} INFO - Processing file /home/airflow/.local/lib/python3.7/site-packages/airflow/example_dags/example_task_group_decorator.py for tasks to queue
[2024-04-06T09:45:24.947+0000] {logging_mixin.py:137} INFO - [2024-04-06T09:45:24.947+0000] {dagbag.py:538} INFO - Filling up the DagBag from /home/airflow/.local/lib/python3.7/site-packages/airflow/example_dags/example_task_group_decorator.py
[2024-04-06T09:45:24.983+0000] {processor.py:753} INFO - DAG(s) dict_keys(['example_task_group_decorator']) retrieved from /home/airflow/.local/lib/python3.7/site-packages/airflow/example_dags/example_task_group_decorator.py
[2024-04-06T09:45:25.015+0000] {logging_mixin.py:137} INFO - [2024-04-06T09:45:25.015+0000] {dag.py:2690} INFO - Sync 1 DAGs
[2024-04-06T09:45:25.037+0000] {logging_mixin.py:137} INFO - [2024-04-06T09:45:25.037+0000] {dag.py:3441} INFO - Setting next_dagrun for example_task_group_decorator to 2024-04-05T09:45:25.037322+00:00, run_after=2024-04-06T09:45:25.037322+00:00
[2024-04-06T09:45:25.057+0000] {processor.py:175} INFO - Processing /home/airflow/.local/lib/python3.7/site-packages/airflow/example_dags/example_task_group_decorator.py took 0.115 seconds
[2024-04-06T09:45:55.283+0000] {processor.py:153} INFO - Started process (PID=1489) to work on /home/airflow/.local/lib/python3.7/site-packages/airflow/example_dags/example_task_group_decorator.py
[2024-04-06T09:45:55.284+0000] {processor.py:743} INFO - Processing file /home/airflow/.local/lib/python3.7/site-packages/airflow/example_dags/example_task_group_decorator.py for tasks to queue
[2024-04-06T09:45:55.284+0000] {logging_mixin.py:137} INFO - [2024-04-06T09:45:55.284+0000] {dagbag.py:538} INFO - Filling up the DagBag from /home/airflow/.local/lib/python3.7/site-packages/airflow/example_dags/example_task_group_decorator.py
[2024-04-06T09:45:55.309+0000] {processor.py:753} INFO - DAG(s) dict_keys(['example_task_group_decorator']) retrieved from /home/airflow/.local/lib/python3.7/site-packages/airflow/example_dags/example_task_group_decorator.py
[2024-04-06T09:45:55.329+0000] {logging_mixin.py:137} INFO - [2024-04-06T09:45:55.329+0000] {dag.py:2690} INFO - Sync 1 DAGs
[2024-04-06T09:45:55.347+0000] {logging_mixin.py:137} INFO - [2024-04-06T09:45:55.347+0000] {dag.py:3441} INFO - Setting next_dagrun for example_task_group_decorator to 2024-04-05T09:45:55.346823+00:00, run_after=2024-04-06T09:45:55.346823+00:00
[2024-04-06T09:45:55.359+0000] {processor.py:175} INFO - Processing /home/airflow/.local/lib/python3.7/site-packages/airflow/example_dags/example_task_group_decorator.py took 0.078 seconds
[2024-04-06T09:46:25.746+0000] {processor.py:153} INFO - Started process (PID=1567) to work on /home/airflow/.local/lib/python3.7/site-packages/airflow/example_dags/example_task_group_decorator.py
[2024-04-06T09:46:25.747+0000] {processor.py:743} INFO - Processing file /home/airflow/.local/lib/python3.7/site-packages/airflow/example_dags/example_task_group_decorator.py for tasks to queue
[2024-04-06T09:46:25.747+0000] {logging_mixin.py:137} INFO - [2024-04-06T09:46:25.747+0000] {dagbag.py:538} INFO - Filling up the DagBag from /home/airflow/.local/lib/python3.7/site-packages/airflow/example_dags/example_task_group_decorator.py
[2024-04-06T09:46:25.775+0000] {processor.py:753} INFO - DAG(s) dict_keys(['example_task_group_decorator']) retrieved from /home/airflow/.local/lib/python3.7/site-packages/airflow/example_dags/example_task_group_decorator.py
[2024-04-06T09:46:25.799+0000] {logging_mixin.py:137} INFO - [2024-04-06T09:46:25.799+0000] {dag.py:2690} INFO - Sync 1 DAGs
[2024-04-06T09:46:25.822+0000] {logging_mixin.py:137} INFO - [2024-04-06T09:46:25.822+0000] {dag.py:3441} INFO - Setting next_dagrun for example_task_group_decorator to 2024-04-05T09:46:25.821954+00:00, run_after=2024-04-06T09:46:25.821954+00:00
[2024-04-06T09:46:25.840+0000] {processor.py:175} INFO - Processing /home/airflow/.local/lib/python3.7/site-packages/airflow/example_dags/example_task_group_decorator.py took 0.097 seconds
[2024-04-06T09:46:56.143+0000] {processor.py:153} INFO - Started process (PID=1648) to work on /home/airflow/.local/lib/python3.7/site-packages/airflow/example_dags/example_task_group_decorator.py
[2024-04-06T09:46:56.144+0000] {processor.py:743} INFO - Processing file /home/airflow/.local/lib/python3.7/site-packages/airflow/example_dags/example_task_group_decorator.py for tasks to queue
[2024-04-06T09:46:56.144+0000] {logging_mixin.py:137} INFO - [2024-04-06T09:46:56.144+0000] {dagbag.py:538} INFO - Filling up the DagBag from /home/airflow/.local/lib/python3.7/site-packages/airflow/example_dags/example_task_group_decorator.py
[2024-04-06T09:46:56.169+0000] {processor.py:753} INFO - DAG(s) dict_keys(['example_task_group_decorator']) retrieved from /home/airflow/.local/lib/python3.7/site-packages/airflow/example_dags/example_task_group_decorator.py
[2024-04-06T09:46:56.199+0000] {logging_mixin.py:137} INFO - [2024-04-06T09:46:56.199+0000] {dag.py:2690} INFO - Sync 1 DAGs
[2024-04-06T09:46:56.224+0000] {logging_mixin.py:137} INFO - [2024-04-06T09:46:56.224+0000] {dag.py:3441} INFO - Setting next_dagrun for example_task_group_decorator to 2024-04-05T09:46:56.224025+00:00, run_after=2024-04-06T09:46:56.224025+00:00
[2024-04-06T09:46:56.245+0000] {processor.py:175} INFO - Processing /home/airflow/.local/lib/python3.7/site-packages/airflow/example_dags/example_task_group_decorator.py took 0.104 seconds
[2024-04-06T09:47:26.674+0000] {processor.py:153} INFO - Started process (PID=1729) to work on /home/airflow/.local/lib/python3.7/site-packages/airflow/example_dags/example_task_group_decorator.py
[2024-04-06T09:47:26.674+0000] {processor.py:743} INFO - Processing file /home/airflow/.local/lib/python3.7/site-packages/airflow/example_dags/example_task_group_decorator.py for tasks to queue
[2024-04-06T09:47:26.675+0000] {logging_mixin.py:137} INFO - [2024-04-06T09:47:26.675+0000] {dagbag.py:538} INFO - Filling up the DagBag from /home/airflow/.local/lib/python3.7/site-packages/airflow/example_dags/example_task_group_decorator.py
[2024-04-06T09:47:26.706+0000] {processor.py:753} INFO - DAG(s) dict_keys(['example_task_group_decorator']) retrieved from /home/airflow/.local/lib/python3.7/site-packages/airflow/example_dags/example_task_group_decorator.py
[2024-04-06T09:47:26.738+0000] {logging_mixin.py:137} INFO - [2024-04-06T09:47:26.738+0000] {dag.py:2690} INFO - Sync 1 DAGs
[2024-04-06T09:47:26.773+0000] {logging_mixin.py:137} INFO - [2024-04-06T09:47:26.772+0000] {dag.py:3441} INFO - Setting next_dagrun for example_task_group_decorator to 2024-04-05T09:47:26.772642+00:00, run_after=2024-04-06T09:47:26.772642+00:00
[2024-04-06T09:47:26.805+0000] {processor.py:175} INFO - Processing /home/airflow/.local/lib/python3.7/site-packages/airflow/example_dags/example_task_group_decorator.py took 0.134 seconds
[2024-04-06T09:47:56.850+0000] {processor.py:153} INFO - Started process (PID=1808) to work on /home/airflow/.local/lib/python3.7/site-packages/airflow/example_dags/example_task_group_decorator.py
[2024-04-06T09:47:56.851+0000] {processor.py:743} INFO - Processing file /home/airflow/.local/lib/python3.7/site-packages/airflow/example_dags/example_task_group_decorator.py for tasks to queue
[2024-04-06T09:47:56.851+0000] {logging_mixin.py:137} INFO - [2024-04-06T09:47:56.851+0000] {dagbag.py:538} INFO - Filling up the DagBag from /home/airflow/.local/lib/python3.7/site-packages/airflow/example_dags/example_task_group_decorator.py
[2024-04-06T09:47:56.874+0000] {processor.py:753} INFO - DAG(s) dict_keys(['example_task_group_decorator']) retrieved from /home/airflow/.local/lib/python3.7/site-packages/airflow/example_dags/example_task_group_decorator.py
[2024-04-06T09:47:56.899+0000] {logging_mixin.py:137} INFO - [2024-04-06T09:47:56.898+0000] {dag.py:2690} INFO - Sync 1 DAGs
[2024-04-06T09:47:56.918+0000] {logging_mixin.py:137} INFO - [2024-04-06T09:47:56.917+0000] {dag.py:3441} INFO - Setting next_dagrun for example_task_group_decorator to 2024-04-05T09:47:56.917782+00:00, run_after=2024-04-06T09:47:56.917782+00:00
[2024-04-06T09:47:56.932+0000] {processor.py:175} INFO - Processing /home/airflow/.local/lib/python3.7/site-packages/airflow/example_dags/example_task_group_decorator.py took 0.084 seconds
[2024-04-06T09:48:27.155+0000] {processor.py:153} INFO - Started process (PID=1889) to work on /home/airflow/.local/lib/python3.7/site-packages/airflow/example_dags/example_task_group_decorator.py
[2024-04-06T09:48:27.156+0000] {processor.py:743} INFO - Processing file /home/airflow/.local/lib/python3.7/site-packages/airflow/example_dags/example_task_group_decorator.py for tasks to queue
[2024-04-06T09:48:27.157+0000] {logging_mixin.py:137} INFO - [2024-04-06T09:48:27.157+0000] {dagbag.py:538} INFO - Filling up the DagBag from /home/airflow/.local/lib/python3.7/site-packages/airflow/example_dags/example_task_group_decorator.py
[2024-04-06T09:48:27.194+0000] {processor.py:753} INFO - DAG(s) dict_keys(['example_task_group_decorator']) retrieved from /home/airflow/.local/lib/python3.7/site-packages/airflow/example_dags/example_task_group_decorator.py
[2024-04-06T09:48:27.219+0000] {logging_mixin.py:137} INFO - [2024-04-06T09:48:27.219+0000] {dag.py:2690} INFO - Sync 1 DAGs
[2024-04-06T09:48:27.242+0000] {logging_mixin.py:137} INFO - [2024-04-06T09:48:27.242+0000] {dag.py:3441} INFO - Setting next_dagrun for example_task_group_decorator to 2024-04-05T09:48:27.241971+00:00, run_after=2024-04-06T09:48:27.241971+00:00
[2024-04-06T09:48:27.260+0000] {processor.py:175} INFO - Processing /home/airflow/.local/lib/python3.7/site-packages/airflow/example_dags/example_task_group_decorator.py took 0.109 seconds
[2024-04-06T09:48:57.795+0000] {processor.py:153} INFO - Started process (PID=1968) to work on /home/airflow/.local/lib/python3.7/site-packages/airflow/example_dags/example_task_group_decorator.py
[2024-04-06T09:48:57.796+0000] {processor.py:743} INFO - Processing file /home/airflow/.local/lib/python3.7/site-packages/airflow/example_dags/example_task_group_decorator.py for tasks to queue
[2024-04-06T09:48:57.797+0000] {logging_mixin.py:137} INFO - [2024-04-06T09:48:57.797+0000] {dagbag.py:538} INFO - Filling up the DagBag from /home/airflow/.local/lib/python3.7/site-packages/airflow/example_dags/example_task_group_decorator.py
[2024-04-06T09:48:57.825+0000] {processor.py:753} INFO - DAG(s) dict_keys(['example_task_group_decorator']) retrieved from /home/airflow/.local/lib/python3.7/site-packages/airflow/example_dags/example_task_group_decorator.py
[2024-04-06T09:48:57.850+0000] {logging_mixin.py:137} INFO - [2024-04-06T09:48:57.850+0000] {dag.py:2690} INFO - Sync 1 DAGs
[2024-04-06T09:48:57.871+0000] {logging_mixin.py:137} INFO - [2024-04-06T09:48:57.871+0000] {dag.py:3441} INFO - Setting next_dagrun for example_task_group_decorator to 2024-04-05T09:48:57.871589+00:00, run_after=2024-04-06T09:48:57.871589+00:00
[2024-04-06T09:48:57.886+0000] {processor.py:175} INFO - Processing /home/airflow/.local/lib/python3.7/site-packages/airflow/example_dags/example_task_group_decorator.py took 0.094 seconds
[2024-04-06T09:50:12.741+0000] {processor.py:153} INFO - Started process (PID=50) to work on /home/airflow/.local/lib/python3.7/site-packages/airflow/example_dags/example_task_group_decorator.py
[2024-04-06T09:50:12.742+0000] {processor.py:743} INFO - Processing file /home/airflow/.local/lib/python3.7/site-packages/airflow/example_dags/example_task_group_decorator.py for tasks to queue
[2024-04-06T09:50:12.743+0000] {logging_mixin.py:137} INFO - [2024-04-06T09:50:12.743+0000] {dagbag.py:538} INFO - Filling up the DagBag from /home/airflow/.local/lib/python3.7/site-packages/airflow/example_dags/example_task_group_decorator.py
[2024-04-06T09:50:12.803+0000] {processor.py:753} INFO - DAG(s) dict_keys(['example_task_group_decorator']) retrieved from /home/airflow/.local/lib/python3.7/site-packages/airflow/example_dags/example_task_group_decorator.py
[2024-04-06T09:50:12.853+0000] {logging_mixin.py:137} INFO - [2024-04-06T09:50:12.853+0000] {dag.py:2690} INFO - Sync 1 DAGs
[2024-04-06T09:50:12.902+0000] {logging_mixin.py:137} INFO - [2024-04-06T09:50:12.902+0000] {dag.py:3441} INFO - Setting next_dagrun for example_task_group_decorator to 2024-04-05T09:50:12.901805+00:00, run_after=2024-04-06T09:50:12.901805+00:00
[2024-04-06T09:50:12.927+0000] {processor.py:175} INFO - Processing /home/airflow/.local/lib/python3.7/site-packages/airflow/example_dags/example_task_group_decorator.py took 0.191 seconds
[2024-04-06T09:50:44.402+0000] {processor.py:153} INFO - Started process (PID=122) to work on /home/airflow/.local/lib/python3.7/site-packages/airflow/example_dags/example_task_group_decorator.py
[2024-04-06T09:50:44.403+0000] {processor.py:743} INFO - Processing file /home/airflow/.local/lib/python3.7/site-packages/airflow/example_dags/example_task_group_decorator.py for tasks to queue
[2024-04-06T09:50:44.404+0000] {logging_mixin.py:137} INFO - [2024-04-06T09:50:44.404+0000] {dagbag.py:538} INFO - Filling up the DagBag from /home/airflow/.local/lib/python3.7/site-packages/airflow/example_dags/example_task_group_decorator.py
[2024-04-06T09:50:44.449+0000] {processor.py:753} INFO - DAG(s) dict_keys(['example_task_group_decorator']) retrieved from /home/airflow/.local/lib/python3.7/site-packages/airflow/example_dags/example_task_group_decorator.py
[2024-04-06T09:50:44.491+0000] {logging_mixin.py:137} INFO - [2024-04-06T09:50:44.491+0000] {dag.py:2690} INFO - Sync 1 DAGs
[2024-04-06T09:50:44.534+0000] {logging_mixin.py:137} INFO - [2024-04-06T09:50:44.533+0000] {dag.py:3441} INFO - Setting next_dagrun for example_task_group_decorator to 2024-04-05T09:50:44.533563+00:00, run_after=2024-04-06T09:50:44.533563+00:00
[2024-04-06T09:50:44.561+0000] {processor.py:175} INFO - Processing /home/airflow/.local/lib/python3.7/site-packages/airflow/example_dags/example_task_group_decorator.py took 0.163 seconds
[2024-04-06T09:51:14.780+0000] {processor.py:153} INFO - Started process (PID=211) to work on /home/airflow/.local/lib/python3.7/site-packages/airflow/example_dags/example_task_group_decorator.py
[2024-04-06T09:51:14.781+0000] {processor.py:743} INFO - Processing file /home/airflow/.local/lib/python3.7/site-packages/airflow/example_dags/example_task_group_decorator.py for tasks to queue
[2024-04-06T09:51:14.782+0000] {logging_mixin.py:137} INFO - [2024-04-06T09:51:14.782+0000] {dagbag.py:538} INFO - Filling up the DagBag from /home/airflow/.local/lib/python3.7/site-packages/airflow/example_dags/example_task_group_decorator.py
[2024-04-06T09:51:14.808+0000] {processor.py:753} INFO - DAG(s) dict_keys(['example_task_group_decorator']) retrieved from /home/airflow/.local/lib/python3.7/site-packages/airflow/example_dags/example_task_group_decorator.py
[2024-04-06T09:51:14.835+0000] {logging_mixin.py:137} INFO - [2024-04-06T09:51:14.835+0000] {dag.py:2690} INFO - Sync 1 DAGs
[2024-04-06T09:51:14.861+0000] {logging_mixin.py:137} INFO - [2024-04-06T09:51:14.861+0000] {dag.py:3441} INFO - Setting next_dagrun for example_task_group_decorator to 2024-04-05T09:51:14.860831+00:00, run_after=2024-04-06T09:51:14.860831+00:00
[2024-04-06T09:51:14.881+0000] {processor.py:175} INFO - Processing /home/airflow/.local/lib/python3.7/site-packages/airflow/example_dags/example_task_group_decorator.py took 0.104 seconds
[2024-04-06T09:58:24.071+0000] {processor.py:153} INFO - Started process (PID=60) to work on /home/airflow/.local/lib/python3.7/site-packages/airflow/example_dags/example_task_group_decorator.py
[2024-04-06T09:58:24.072+0000] {processor.py:743} INFO - Processing file /home/airflow/.local/lib/python3.7/site-packages/airflow/example_dags/example_task_group_decorator.py for tasks to queue
[2024-04-06T09:58:24.073+0000] {logging_mixin.py:137} INFO - [2024-04-06T09:58:24.073+0000] {dagbag.py:538} INFO - Filling up the DagBag from /home/airflow/.local/lib/python3.7/site-packages/airflow/example_dags/example_task_group_decorator.py
[2024-04-06T09:58:24.117+0000] {processor.py:753} INFO - DAG(s) dict_keys(['example_task_group_decorator']) retrieved from /home/airflow/.local/lib/python3.7/site-packages/airflow/example_dags/example_task_group_decorator.py
[2024-04-06T09:58:24.136+0000] {logging_mixin.py:137} INFO - [2024-04-06T09:58:24.136+0000] {dag.py:2690} INFO - Sync 1 DAGs
[2024-04-06T09:58:24.178+0000] {logging_mixin.py:137} INFO - [2024-04-06T09:58:24.178+0000] {dag.py:3441} INFO - Setting next_dagrun for example_task_group_decorator to 2024-04-05T09:58:24.178333+00:00, run_after=2024-04-06T09:58:24.178333+00:00
[2024-04-06T09:58:24.202+0000] {processor.py:175} INFO - Processing /home/airflow/.local/lib/python3.7/site-packages/airflow/example_dags/example_task_group_decorator.py took 0.135 seconds
[2024-04-06T09:58:54.262+0000] {processor.py:153} INFO - Started process (PID=139) to work on /home/airflow/.local/lib/python3.7/site-packages/airflow/example_dags/example_task_group_decorator.py
[2024-04-06T09:58:54.263+0000] {processor.py:743} INFO - Processing file /home/airflow/.local/lib/python3.7/site-packages/airflow/example_dags/example_task_group_decorator.py for tasks to queue
[2024-04-06T09:58:54.264+0000] {logging_mixin.py:137} INFO - [2024-04-06T09:58:54.264+0000] {dagbag.py:538} INFO - Filling up the DagBag from /home/airflow/.local/lib/python3.7/site-packages/airflow/example_dags/example_task_group_decorator.py
[2024-04-06T09:58:54.292+0000] {processor.py:753} INFO - DAG(s) dict_keys(['example_task_group_decorator']) retrieved from /home/airflow/.local/lib/python3.7/site-packages/airflow/example_dags/example_task_group_decorator.py
[2024-04-06T09:58:54.305+0000] {logging_mixin.py:137} INFO - [2024-04-06T09:58:54.305+0000] {dag.py:2690} INFO - Sync 1 DAGs
[2024-04-06T09:58:54.344+0000] {logging_mixin.py:137} INFO - [2024-04-06T09:58:54.344+0000] {dag.py:3441} INFO - Setting next_dagrun for example_task_group_decorator to 2024-04-05T09:58:54.344309+00:00, run_after=2024-04-06T09:58:54.344309+00:00
[2024-04-06T09:58:54.364+0000] {processor.py:175} INFO - Processing /home/airflow/.local/lib/python3.7/site-packages/airflow/example_dags/example_task_group_decorator.py took 0.105 seconds
[2024-04-06T09:59:25.740+0000] {processor.py:153} INFO - Started process (PID=212) to work on /home/airflow/.local/lib/python3.7/site-packages/airflow/example_dags/example_task_group_decorator.py
[2024-04-06T09:59:25.748+0000] {processor.py:743} INFO - Processing file /home/airflow/.local/lib/python3.7/site-packages/airflow/example_dags/example_task_group_decorator.py for tasks to queue
[2024-04-06T09:59:25.749+0000] {logging_mixin.py:137} INFO - [2024-04-06T09:59:25.749+0000] {dagbag.py:538} INFO - Filling up the DagBag from /home/airflow/.local/lib/python3.7/site-packages/airflow/example_dags/example_task_group_decorator.py
[2024-04-06T09:59:25.785+0000] {processor.py:753} INFO - DAG(s) dict_keys(['example_task_group_decorator']) retrieved from /home/airflow/.local/lib/python3.7/site-packages/airflow/example_dags/example_task_group_decorator.py
[2024-04-06T09:59:25.813+0000] {logging_mixin.py:137} INFO - [2024-04-06T09:59:25.813+0000] {dag.py:2690} INFO - Sync 1 DAGs
[2024-04-06T09:59:25.841+0000] {logging_mixin.py:137} INFO - [2024-04-06T09:59:25.841+0000] {dag.py:3441} INFO - Setting next_dagrun for example_task_group_decorator to 2024-04-05T09:59:25.840971+00:00, run_after=2024-04-06T09:59:25.840971+00:00
[2024-04-06T09:59:25.866+0000] {processor.py:175} INFO - Processing /home/airflow/.local/lib/python3.7/site-packages/airflow/example_dags/example_task_group_decorator.py took 0.128 seconds
[2024-04-06T09:59:56.497+0000] {processor.py:153} INFO - Started process (PID=283) to work on /home/airflow/.local/lib/python3.7/site-packages/airflow/example_dags/example_task_group_decorator.py
[2024-04-06T09:59:56.498+0000] {processor.py:743} INFO - Processing file /home/airflow/.local/lib/python3.7/site-packages/airflow/example_dags/example_task_group_decorator.py for tasks to queue
[2024-04-06T09:59:56.499+0000] {logging_mixin.py:137} INFO - [2024-04-06T09:59:56.499+0000] {dagbag.py:538} INFO - Filling up the DagBag from /home/airflow/.local/lib/python3.7/site-packages/airflow/example_dags/example_task_group_decorator.py
[2024-04-06T09:59:56.547+0000] {processor.py:753} INFO - DAG(s) dict_keys(['example_task_group_decorator']) retrieved from /home/airflow/.local/lib/python3.7/site-packages/airflow/example_dags/example_task_group_decorator.py
[2024-04-06T09:59:56.593+0000] {logging_mixin.py:137} INFO - [2024-04-06T09:59:56.593+0000] {dag.py:2690} INFO - Sync 1 DAGs
[2024-04-06T09:59:56.629+0000] {logging_mixin.py:137} INFO - [2024-04-06T09:59:56.629+0000] {dag.py:3441} INFO - Setting next_dagrun for example_task_group_decorator to 2024-04-05T09:59:56.628989+00:00, run_after=2024-04-06T09:59:56.628989+00:00
[2024-04-06T09:59:56.654+0000] {processor.py:175} INFO - Processing /home/airflow/.local/lib/python3.7/site-packages/airflow/example_dags/example_task_group_decorator.py took 0.162 seconds
[2024-04-06T10:00:26.834+0000] {processor.py:153} INFO - Started process (PID=355) to work on /home/airflow/.local/lib/python3.7/site-packages/airflow/example_dags/example_task_group_decorator.py
[2024-04-06T10:00:26.835+0000] {processor.py:743} INFO - Processing file /home/airflow/.local/lib/python3.7/site-packages/airflow/example_dags/example_task_group_decorator.py for tasks to queue
[2024-04-06T10:00:26.836+0000] {logging_mixin.py:137} INFO - [2024-04-06T10:00:26.836+0000] {dagbag.py:538} INFO - Filling up the DagBag from /home/airflow/.local/lib/python3.7/site-packages/airflow/example_dags/example_task_group_decorator.py
[2024-04-06T10:00:26.865+0000] {processor.py:753} INFO - DAG(s) dict_keys(['example_task_group_decorator']) retrieved from /home/airflow/.local/lib/python3.7/site-packages/airflow/example_dags/example_task_group_decorator.py
[2024-04-06T10:00:26.892+0000] {logging_mixin.py:137} INFO - [2024-04-06T10:00:26.892+0000] {dag.py:2690} INFO - Sync 1 DAGs
[2024-04-06T10:00:26.931+0000] {logging_mixin.py:137} INFO - [2024-04-06T10:00:26.931+0000] {dag.py:3441} INFO - Setting next_dagrun for example_task_group_decorator to 2024-04-05T10:00:26.930663+00:00, run_after=2024-04-06T10:00:26.930663+00:00
[2024-04-06T10:00:26.958+0000] {processor.py:175} INFO - Processing /home/airflow/.local/lib/python3.7/site-packages/airflow/example_dags/example_task_group_decorator.py took 0.127 seconds
[2024-04-06T10:00:57.812+0000] {processor.py:153} INFO - Started process (PID=443) to work on /home/airflow/.local/lib/python3.7/site-packages/airflow/example_dags/example_task_group_decorator.py
[2024-04-06T10:00:57.813+0000] {processor.py:743} INFO - Processing file /home/airflow/.local/lib/python3.7/site-packages/airflow/example_dags/example_task_group_decorator.py for tasks to queue
[2024-04-06T10:00:57.813+0000] {logging_mixin.py:137} INFO - [2024-04-06T10:00:57.813+0000] {dagbag.py:538} INFO - Filling up the DagBag from /home/airflow/.local/lib/python3.7/site-packages/airflow/example_dags/example_task_group_decorator.py
[2024-04-06T10:00:57.838+0000] {processor.py:753} INFO - DAG(s) dict_keys(['example_task_group_decorator']) retrieved from /home/airflow/.local/lib/python3.7/site-packages/airflow/example_dags/example_task_group_decorator.py
[2024-04-06T10:00:57.861+0000] {logging_mixin.py:137} INFO - [2024-04-06T10:00:57.861+0000] {dag.py:2690} INFO - Sync 1 DAGs
[2024-04-06T10:00:57.888+0000] {logging_mixin.py:137} INFO - [2024-04-06T10:00:57.888+0000] {dag.py:3441} INFO - Setting next_dagrun for example_task_group_decorator to 2024-04-05T10:00:57.887994+00:00, run_after=2024-04-06T10:00:57.887994+00:00
[2024-04-06T10:00:57.909+0000] {processor.py:175} INFO - Processing /home/airflow/.local/lib/python3.7/site-packages/airflow/example_dags/example_task_group_decorator.py took 0.099 seconds
[2024-04-06T10:01:28.147+0000] {processor.py:153} INFO - Started process (PID=515) to work on /home/airflow/.local/lib/python3.7/site-packages/airflow/example_dags/example_task_group_decorator.py
[2024-04-06T10:01:28.148+0000] {processor.py:743} INFO - Processing file /home/airflow/.local/lib/python3.7/site-packages/airflow/example_dags/example_task_group_decorator.py for tasks to queue
[2024-04-06T10:01:28.148+0000] {logging_mixin.py:137} INFO - [2024-04-06T10:01:28.148+0000] {dagbag.py:538} INFO - Filling up the DagBag from /home/airflow/.local/lib/python3.7/site-packages/airflow/example_dags/example_task_group_decorator.py
[2024-04-06T10:01:28.175+0000] {processor.py:753} INFO - DAG(s) dict_keys(['example_task_group_decorator']) retrieved from /home/airflow/.local/lib/python3.7/site-packages/airflow/example_dags/example_task_group_decorator.py
[2024-04-06T10:01:28.199+0000] {logging_mixin.py:137} INFO - [2024-04-06T10:01:28.199+0000] {dag.py:2690} INFO - Sync 1 DAGs
[2024-04-06T10:01:28.222+0000] {logging_mixin.py:137} INFO - [2024-04-06T10:01:28.222+0000] {dag.py:3441} INFO - Setting next_dagrun for example_task_group_decorator to 2024-04-05T10:01:28.222005+00:00, run_after=2024-04-06T10:01:28.222005+00:00
[2024-04-06T10:01:28.243+0000] {processor.py:175} INFO - Processing /home/airflow/.local/lib/python3.7/site-packages/airflow/example_dags/example_task_group_decorator.py took 0.098 seconds
[2024-04-06T10:01:58.497+0000] {processor.py:153} INFO - Started process (PID=603) to work on /home/airflow/.local/lib/python3.7/site-packages/airflow/example_dags/example_task_group_decorator.py
[2024-04-06T10:01:58.497+0000] {processor.py:743} INFO - Processing file /home/airflow/.local/lib/python3.7/site-packages/airflow/example_dags/example_task_group_decorator.py for tasks to queue
[2024-04-06T10:01:58.498+0000] {logging_mixin.py:137} INFO - [2024-04-06T10:01:58.498+0000] {dagbag.py:538} INFO - Filling up the DagBag from /home/airflow/.local/lib/python3.7/site-packages/airflow/example_dags/example_task_group_decorator.py
[2024-04-06T10:01:58.520+0000] {processor.py:753} INFO - DAG(s) dict_keys(['example_task_group_decorator']) retrieved from /home/airflow/.local/lib/python3.7/site-packages/airflow/example_dags/example_task_group_decorator.py
[2024-04-06T10:01:58.542+0000] {logging_mixin.py:137} INFO - [2024-04-06T10:01:58.541+0000] {dag.py:2690} INFO - Sync 1 DAGs
[2024-04-06T10:01:58.564+0000] {logging_mixin.py:137} INFO - [2024-04-06T10:01:58.564+0000] {dag.py:3441} INFO - Setting next_dagrun for example_task_group_decorator to 2024-04-05T10:01:58.563983+00:00, run_after=2024-04-06T10:01:58.563983+00:00
[2024-04-06T10:01:58.582+0000] {processor.py:175} INFO - Processing /home/airflow/.local/lib/python3.7/site-packages/airflow/example_dags/example_task_group_decorator.py took 0.087 seconds
[2024-04-06T10:02:29.006+0000] {processor.py:153} INFO - Started process (PID=675) to work on /home/airflow/.local/lib/python3.7/site-packages/airflow/example_dags/example_task_group_decorator.py
[2024-04-06T10:02:29.007+0000] {processor.py:743} INFO - Processing file /home/airflow/.local/lib/python3.7/site-packages/airflow/example_dags/example_task_group_decorator.py for tasks to queue
[2024-04-06T10:02:29.008+0000] {logging_mixin.py:137} INFO - [2024-04-06T10:02:29.007+0000] {dagbag.py:538} INFO - Filling up the DagBag from /home/airflow/.local/lib/python3.7/site-packages/airflow/example_dags/example_task_group_decorator.py
[2024-04-06T10:02:29.044+0000] {processor.py:753} INFO - DAG(s) dict_keys(['example_task_group_decorator']) retrieved from /home/airflow/.local/lib/python3.7/site-packages/airflow/example_dags/example_task_group_decorator.py
[2024-04-06T10:02:29.073+0000] {logging_mixin.py:137} INFO - [2024-04-06T10:02:29.073+0000] {dag.py:2690} INFO - Sync 1 DAGs
[2024-04-06T10:02:29.100+0000] {logging_mixin.py:137} INFO - [2024-04-06T10:02:29.100+0000] {dag.py:3441} INFO - Setting next_dagrun for example_task_group_decorator to 2024-04-05T10:02:29.099931+00:00, run_after=2024-04-06T10:02:29.099931+00:00
[2024-04-06T10:02:29.117+0000] {processor.py:175} INFO - Processing /home/airflow/.local/lib/python3.7/site-packages/airflow/example_dags/example_task_group_decorator.py took 0.115 seconds
[2024-04-06T10:02:59.701+0000] {processor.py:153} INFO - Started process (PID=763) to work on /home/airflow/.local/lib/python3.7/site-packages/airflow/example_dags/example_task_group_decorator.py
[2024-04-06T10:02:59.701+0000] {processor.py:743} INFO - Processing file /home/airflow/.local/lib/python3.7/site-packages/airflow/example_dags/example_task_group_decorator.py for tasks to queue
[2024-04-06T10:02:59.702+0000] {logging_mixin.py:137} INFO - [2024-04-06T10:02:59.702+0000] {dagbag.py:538} INFO - Filling up the DagBag from /home/airflow/.local/lib/python3.7/site-packages/airflow/example_dags/example_task_group_decorator.py
[2024-04-06T10:02:59.726+0000] {processor.py:753} INFO - DAG(s) dict_keys(['example_task_group_decorator']) retrieved from /home/airflow/.local/lib/python3.7/site-packages/airflow/example_dags/example_task_group_decorator.py
[2024-04-06T10:02:59.749+0000] {logging_mixin.py:137} INFO - [2024-04-06T10:02:59.749+0000] {dag.py:2690} INFO - Sync 1 DAGs
[2024-04-06T10:02:59.774+0000] {logging_mixin.py:137} INFO - [2024-04-06T10:02:59.773+0000] {dag.py:3441} INFO - Setting next_dagrun for example_task_group_decorator to 2024-04-05T10:02:59.773665+00:00, run_after=2024-04-06T10:02:59.773665+00:00
[2024-04-06T10:02:59.789+0000] {processor.py:175} INFO - Processing /home/airflow/.local/lib/python3.7/site-packages/airflow/example_dags/example_task_group_decorator.py took 0.091 seconds
[2024-04-06T10:03:30.076+0000] {processor.py:153} INFO - Started process (PID=852) to work on /home/airflow/.local/lib/python3.7/site-packages/airflow/example_dags/example_task_group_decorator.py
[2024-04-06T10:03:30.077+0000] {processor.py:743} INFO - Processing file /home/airflow/.local/lib/python3.7/site-packages/airflow/example_dags/example_task_group_decorator.py for tasks to queue
[2024-04-06T10:03:30.077+0000] {logging_mixin.py:137} INFO - [2024-04-06T10:03:30.077+0000] {dagbag.py:538} INFO - Filling up the DagBag from /home/airflow/.local/lib/python3.7/site-packages/airflow/example_dags/example_task_group_decorator.py
[2024-04-06T10:03:30.100+0000] {processor.py:753} INFO - DAG(s) dict_keys(['example_task_group_decorator']) retrieved from /home/airflow/.local/lib/python3.7/site-packages/airflow/example_dags/example_task_group_decorator.py
[2024-04-06T10:03:30.124+0000] {logging_mixin.py:137} INFO - [2024-04-06T10:03:30.124+0000] {dag.py:2690} INFO - Sync 1 DAGs
[2024-04-06T10:03:30.147+0000] {logging_mixin.py:137} INFO - [2024-04-06T10:03:30.147+0000] {dag.py:3441} INFO - Setting next_dagrun for example_task_group_decorator to 2024-04-05T10:03:30.146947+00:00, run_after=2024-04-06T10:03:30.146947+00:00
[2024-04-06T10:03:30.163+0000] {processor.py:175} INFO - Processing /home/airflow/.local/lib/python3.7/site-packages/airflow/example_dags/example_task_group_decorator.py took 0.090 seconds
[2024-04-06T10:04:00.517+0000] {processor.py:153} INFO - Started process (PID=923) to work on /home/airflow/.local/lib/python3.7/site-packages/airflow/example_dags/example_task_group_decorator.py
[2024-04-06T10:04:00.518+0000] {processor.py:743} INFO - Processing file /home/airflow/.local/lib/python3.7/site-packages/airflow/example_dags/example_task_group_decorator.py for tasks to queue
[2024-04-06T10:04:00.518+0000] {logging_mixin.py:137} INFO - [2024-04-06T10:04:00.518+0000] {dagbag.py:538} INFO - Filling up the DagBag from /home/airflow/.local/lib/python3.7/site-packages/airflow/example_dags/example_task_group_decorator.py
[2024-04-06T10:04:00.547+0000] {processor.py:753} INFO - DAG(s) dict_keys(['example_task_group_decorator']) retrieved from /home/airflow/.local/lib/python3.7/site-packages/airflow/example_dags/example_task_group_decorator.py
[2024-04-06T10:04:00.575+0000] {logging_mixin.py:137} INFO - [2024-04-06T10:04:00.575+0000] {dag.py:2690} INFO - Sync 1 DAGs
[2024-04-06T10:04:00.601+0000] {logging_mixin.py:137} INFO - [2024-04-06T10:04:00.601+0000] {dag.py:3441} INFO - Setting next_dagrun for example_task_group_decorator to 2024-04-05T10:04:00.601379+00:00, run_after=2024-04-06T10:04:00.601379+00:00
[2024-04-06T10:04:00.622+0000] {processor.py:175} INFO - Processing /home/airflow/.local/lib/python3.7/site-packages/airflow/example_dags/example_task_group_decorator.py took 0.107 seconds
[2024-04-06T10:04:31.104+0000] {processor.py:153} INFO - Started process (PID=1004) to work on /home/airflow/.local/lib/python3.7/site-packages/airflow/example_dags/example_task_group_decorator.py
[2024-04-06T10:04:31.104+0000] {processor.py:743} INFO - Processing file /home/airflow/.local/lib/python3.7/site-packages/airflow/example_dags/example_task_group_decorator.py for tasks to queue
[2024-04-06T10:04:31.105+0000] {logging_mixin.py:137} INFO - [2024-04-06T10:04:31.105+0000] {dagbag.py:538} INFO - Filling up the DagBag from /home/airflow/.local/lib/python3.7/site-packages/airflow/example_dags/example_task_group_decorator.py
[2024-04-06T10:04:31.129+0000] {processor.py:753} INFO - DAG(s) dict_keys(['example_task_group_decorator']) retrieved from /home/airflow/.local/lib/python3.7/site-packages/airflow/example_dags/example_task_group_decorator.py
[2024-04-06T10:04:31.151+0000] {logging_mixin.py:137} INFO - [2024-04-06T10:04:31.151+0000] {dag.py:2690} INFO - Sync 1 DAGs
[2024-04-06T10:04:31.172+0000] {logging_mixin.py:137} INFO - [2024-04-06T10:04:31.172+0000] {dag.py:3441} INFO - Setting next_dagrun for example_task_group_decorator to 2024-04-05T10:04:31.172335+00:00, run_after=2024-04-06T10:04:31.172335+00:00
[2024-04-06T10:04:31.192+0000] {processor.py:175} INFO - Processing /home/airflow/.local/lib/python3.7/site-packages/airflow/example_dags/example_task_group_decorator.py took 0.091 seconds
[2024-04-06T10:05:01.841+0000] {processor.py:153} INFO - Started process (PID=1083) to work on /home/airflow/.local/lib/python3.7/site-packages/airflow/example_dags/example_task_group_decorator.py
[2024-04-06T10:05:01.842+0000] {processor.py:743} INFO - Processing file /home/airflow/.local/lib/python3.7/site-packages/airflow/example_dags/example_task_group_decorator.py for tasks to queue
[2024-04-06T10:05:01.843+0000] {logging_mixin.py:137} INFO - [2024-04-06T10:05:01.843+0000] {dagbag.py:538} INFO - Filling up the DagBag from /home/airflow/.local/lib/python3.7/site-packages/airflow/example_dags/example_task_group_decorator.py
[2024-04-06T10:05:01.885+0000] {processor.py:753} INFO - DAG(s) dict_keys(['example_task_group_decorator']) retrieved from /home/airflow/.local/lib/python3.7/site-packages/airflow/example_dags/example_task_group_decorator.py
[2024-04-06T10:05:01.922+0000] {logging_mixin.py:137} INFO - [2024-04-06T10:05:01.921+0000] {dag.py:2690} INFO - Sync 1 DAGs
[2024-04-06T10:05:01.953+0000] {logging_mixin.py:137} INFO - [2024-04-06T10:05:01.952+0000] {dag.py:3441} INFO - Setting next_dagrun for example_task_group_decorator to 2024-04-05T10:05:01.952770+00:00, run_after=2024-04-06T10:05:01.952770+00:00
[2024-04-06T10:05:01.978+0000] {processor.py:175} INFO - Processing /home/airflow/.local/lib/python3.7/site-packages/airflow/example_dags/example_task_group_decorator.py took 0.141 seconds
[2024-04-06T10:05:32.772+0000] {processor.py:153} INFO - Started process (PID=1171) to work on /home/airflow/.local/lib/python3.7/site-packages/airflow/example_dags/example_task_group_decorator.py
[2024-04-06T10:05:32.773+0000] {processor.py:743} INFO - Processing file /home/airflow/.local/lib/python3.7/site-packages/airflow/example_dags/example_task_group_decorator.py for tasks to queue
[2024-04-06T10:05:32.773+0000] {logging_mixin.py:137} INFO - [2024-04-06T10:05:32.773+0000] {dagbag.py:538} INFO - Filling up the DagBag from /home/airflow/.local/lib/python3.7/site-packages/airflow/example_dags/example_task_group_decorator.py
[2024-04-06T10:05:32.806+0000] {processor.py:753} INFO - DAG(s) dict_keys(['example_task_group_decorator']) retrieved from /home/airflow/.local/lib/python3.7/site-packages/airflow/example_dags/example_task_group_decorator.py
[2024-04-06T10:05:32.841+0000] {logging_mixin.py:137} INFO - [2024-04-06T10:05:32.840+0000] {dag.py:2690} INFO - Sync 1 DAGs
[2024-04-06T10:05:32.870+0000] {logging_mixin.py:137} INFO - [2024-04-06T10:05:32.870+0000] {dag.py:3441} INFO - Setting next_dagrun for example_task_group_decorator to 2024-04-05T10:05:32.870251+00:00, run_after=2024-04-06T10:05:32.870251+00:00
[2024-04-06T10:05:32.891+0000] {processor.py:175} INFO - Processing /home/airflow/.local/lib/python3.7/site-packages/airflow/example_dags/example_task_group_decorator.py took 0.123 seconds
[2024-04-06T10:06:04.137+0000] {processor.py:153} INFO - Started process (PID=1243) to work on /home/airflow/.local/lib/python3.7/site-packages/airflow/example_dags/example_task_group_decorator.py
[2024-04-06T10:06:04.139+0000] {processor.py:743} INFO - Processing file /home/airflow/.local/lib/python3.7/site-packages/airflow/example_dags/example_task_group_decorator.py for tasks to queue
[2024-04-06T10:06:04.141+0000] {logging_mixin.py:137} INFO - [2024-04-06T10:06:04.140+0000] {dagbag.py:538} INFO - Filling up the DagBag from /home/airflow/.local/lib/python3.7/site-packages/airflow/example_dags/example_task_group_decorator.py
[2024-04-06T10:06:04.207+0000] {processor.py:753} INFO - DAG(s) dict_keys(['example_task_group_decorator']) retrieved from /home/airflow/.local/lib/python3.7/site-packages/airflow/example_dags/example_task_group_decorator.py
[2024-04-06T10:06:04.263+0000] {logging_mixin.py:137} INFO - [2024-04-06T10:06:04.263+0000] {dag.py:2690} INFO - Sync 1 DAGs
[2024-04-06T10:06:04.313+0000] {logging_mixin.py:137} INFO - [2024-04-06T10:06:04.313+0000] {dag.py:3441} INFO - Setting next_dagrun for example_task_group_decorator to 2024-04-05T10:06:04.312558+00:00, run_after=2024-04-06T10:06:04.312558+00:00
[2024-04-06T10:06:04.348+0000] {processor.py:175} INFO - Processing /home/airflow/.local/lib/python3.7/site-packages/airflow/example_dags/example_task_group_decorator.py took 0.217 seconds
[2024-04-06T10:06:34.658+0000] {processor.py:153} INFO - Started process (PID=1316) to work on /home/airflow/.local/lib/python3.7/site-packages/airflow/example_dags/example_task_group_decorator.py
[2024-04-06T10:06:34.660+0000] {processor.py:743} INFO - Processing file /home/airflow/.local/lib/python3.7/site-packages/airflow/example_dags/example_task_group_decorator.py for tasks to queue
[2024-04-06T10:06:34.661+0000] {logging_mixin.py:137} INFO - [2024-04-06T10:06:34.660+0000] {dagbag.py:538} INFO - Filling up the DagBag from /home/airflow/.local/lib/python3.7/site-packages/airflow/example_dags/example_task_group_decorator.py
[2024-04-06T10:06:34.714+0000] {processor.py:753} INFO - DAG(s) dict_keys(['example_task_group_decorator']) retrieved from /home/airflow/.local/lib/python3.7/site-packages/airflow/example_dags/example_task_group_decorator.py
[2024-04-06T10:06:34.771+0000] {logging_mixin.py:137} INFO - [2024-04-06T10:06:34.771+0000] {dag.py:2690} INFO - Sync 1 DAGs
[2024-04-06T10:06:34.830+0000] {logging_mixin.py:137} INFO - [2024-04-06T10:06:34.829+0000] {dag.py:3441} INFO - Setting next_dagrun for example_task_group_decorator to 2024-04-05T10:06:34.829376+00:00, run_after=2024-04-06T10:06:34.829376+00:00
[2024-04-06T10:06:34.870+0000] {processor.py:175} INFO - Processing /home/airflow/.local/lib/python3.7/site-packages/airflow/example_dags/example_task_group_decorator.py took 0.217 seconds
[2024-04-06T10:07:05.405+0000] {processor.py:153} INFO - Started process (PID=1387) to work on /home/airflow/.local/lib/python3.7/site-packages/airflow/example_dags/example_task_group_decorator.py
[2024-04-06T10:07:05.406+0000] {processor.py:743} INFO - Processing file /home/airflow/.local/lib/python3.7/site-packages/airflow/example_dags/example_task_group_decorator.py for tasks to queue
[2024-04-06T10:07:05.407+0000] {logging_mixin.py:137} INFO - [2024-04-06T10:07:05.407+0000] {dagbag.py:538} INFO - Filling up the DagBag from /home/airflow/.local/lib/python3.7/site-packages/airflow/example_dags/example_task_group_decorator.py
[2024-04-06T10:07:05.460+0000] {processor.py:753} INFO - DAG(s) dict_keys(['example_task_group_decorator']) retrieved from /home/airflow/.local/lib/python3.7/site-packages/airflow/example_dags/example_task_group_decorator.py
[2024-04-06T10:07:05.508+0000] {logging_mixin.py:137} INFO - [2024-04-06T10:07:05.508+0000] {dag.py:2690} INFO - Sync 1 DAGs
[2024-04-06T10:07:05.554+0000] {logging_mixin.py:137} INFO - [2024-04-06T10:07:05.554+0000] {dag.py:3441} INFO - Setting next_dagrun for example_task_group_decorator to 2024-04-05T10:07:05.553961+00:00, run_after=2024-04-06T10:07:05.553961+00:00
[2024-04-06T10:07:05.594+0000] {processor.py:175} INFO - Processing /home/airflow/.local/lib/python3.7/site-packages/airflow/example_dags/example_task_group_decorator.py took 0.194 seconds
[2024-04-06T10:07:35.943+0000] {processor.py:153} INFO - Started process (PID=1459) to work on /home/airflow/.local/lib/python3.7/site-packages/airflow/example_dags/example_task_group_decorator.py
[2024-04-06T10:07:35.944+0000] {processor.py:743} INFO - Processing file /home/airflow/.local/lib/python3.7/site-packages/airflow/example_dags/example_task_group_decorator.py for tasks to queue
[2024-04-06T10:07:35.946+0000] {logging_mixin.py:137} INFO - [2024-04-06T10:07:35.945+0000] {dagbag.py:538} INFO - Filling up the DagBag from /home/airflow/.local/lib/python3.7/site-packages/airflow/example_dags/example_task_group_decorator.py
[2024-04-06T10:07:35.999+0000] {processor.py:753} INFO - DAG(s) dict_keys(['example_task_group_decorator']) retrieved from /home/airflow/.local/lib/python3.7/site-packages/airflow/example_dags/example_task_group_decorator.py
[2024-04-06T10:07:36.067+0000] {logging_mixin.py:137} INFO - [2024-04-06T10:07:36.067+0000] {dag.py:2690} INFO - Sync 1 DAGs
[2024-04-06T10:07:36.142+0000] {logging_mixin.py:137} INFO - [2024-04-06T10:07:36.142+0000] {dag.py:3441} INFO - Setting next_dagrun for example_task_group_decorator to 2024-04-05T10:07:36.141920+00:00, run_after=2024-04-06T10:07:36.141920+00:00
[2024-04-06T10:07:36.193+0000] {processor.py:175} INFO - Processing /home/airflow/.local/lib/python3.7/site-packages/airflow/example_dags/example_task_group_decorator.py took 0.255 seconds
[2024-04-06T10:08:07.041+0000] {processor.py:153} INFO - Started process (PID=1540) to work on /home/airflow/.local/lib/python3.7/site-packages/airflow/example_dags/example_task_group_decorator.py
[2024-04-06T10:08:07.043+0000] {processor.py:743} INFO - Processing file /home/airflow/.local/lib/python3.7/site-packages/airflow/example_dags/example_task_group_decorator.py for tasks to queue
[2024-04-06T10:08:07.044+0000] {logging_mixin.py:137} INFO - [2024-04-06T10:08:07.043+0000] {dagbag.py:538} INFO - Filling up the DagBag from /home/airflow/.local/lib/python3.7/site-packages/airflow/example_dags/example_task_group_decorator.py
[2024-04-06T10:08:07.101+0000] {processor.py:753} INFO - DAG(s) dict_keys(['example_task_group_decorator']) retrieved from /home/airflow/.local/lib/python3.7/site-packages/airflow/example_dags/example_task_group_decorator.py
[2024-04-06T10:08:07.155+0000] {logging_mixin.py:137} INFO - [2024-04-06T10:08:07.155+0000] {dag.py:2690} INFO - Sync 1 DAGs
[2024-04-06T10:08:07.218+0000] {logging_mixin.py:137} INFO - [2024-04-06T10:08:07.218+0000] {dag.py:3441} INFO - Setting next_dagrun for example_task_group_decorator to 2024-04-05T10:08:07.217656+00:00, run_after=2024-04-06T10:08:07.217656+00:00
[2024-04-06T10:08:07.260+0000] {processor.py:175} INFO - Processing /home/airflow/.local/lib/python3.7/site-packages/airflow/example_dags/example_task_group_decorator.py took 0.224 seconds
[2024-04-06T10:08:37.454+0000] {processor.py:153} INFO - Started process (PID=1612) to work on /home/airflow/.local/lib/python3.7/site-packages/airflow/example_dags/example_task_group_decorator.py
[2024-04-06T10:08:37.456+0000] {processor.py:743} INFO - Processing file /home/airflow/.local/lib/python3.7/site-packages/airflow/example_dags/example_task_group_decorator.py for tasks to queue
[2024-04-06T10:08:37.457+0000] {logging_mixin.py:137} INFO - [2024-04-06T10:08:37.457+0000] {dagbag.py:538} INFO - Filling up the DagBag from /home/airflow/.local/lib/python3.7/site-packages/airflow/example_dags/example_task_group_decorator.py
[2024-04-06T10:08:37.535+0000] {processor.py:753} INFO - DAG(s) dict_keys(['example_task_group_decorator']) retrieved from /home/airflow/.local/lib/python3.7/site-packages/airflow/example_dags/example_task_group_decorator.py
[2024-04-06T10:08:37.600+0000] {logging_mixin.py:137} INFO - [2024-04-06T10:08:37.600+0000] {dag.py:2690} INFO - Sync 1 DAGs
[2024-04-06T10:08:37.649+0000] {logging_mixin.py:137} INFO - [2024-04-06T10:08:37.649+0000] {dag.py:3441} INFO - Setting next_dagrun for example_task_group_decorator to 2024-04-05T10:08:37.649026+00:00, run_after=2024-04-06T10:08:37.649026+00:00
[2024-04-06T10:08:37.685+0000] {processor.py:175} INFO - Processing /home/airflow/.local/lib/python3.7/site-packages/airflow/example_dags/example_task_group_decorator.py took 0.237 seconds
[2024-04-06T10:09:08.475+0000] {processor.py:153} INFO - Started process (PID=1691) to work on /home/airflow/.local/lib/python3.7/site-packages/airflow/example_dags/example_task_group_decorator.py
[2024-04-06T10:09:08.476+0000] {processor.py:743} INFO - Processing file /home/airflow/.local/lib/python3.7/site-packages/airflow/example_dags/example_task_group_decorator.py for tasks to queue
[2024-04-06T10:09:08.477+0000] {logging_mixin.py:137} INFO - [2024-04-06T10:09:08.477+0000] {dagbag.py:538} INFO - Filling up the DagBag from /home/airflow/.local/lib/python3.7/site-packages/airflow/example_dags/example_task_group_decorator.py
[2024-04-06T10:09:08.542+0000] {processor.py:753} INFO - DAG(s) dict_keys(['example_task_group_decorator']) retrieved from /home/airflow/.local/lib/python3.7/site-packages/airflow/example_dags/example_task_group_decorator.py
[2024-04-06T10:09:08.597+0000] {logging_mixin.py:137} INFO - [2024-04-06T10:09:08.597+0000] {dag.py:2690} INFO - Sync 1 DAGs
[2024-04-06T10:09:08.664+0000] {logging_mixin.py:137} INFO - [2024-04-06T10:09:08.663+0000] {dag.py:3441} INFO - Setting next_dagrun for example_task_group_decorator to 2024-04-05T10:09:08.663466+00:00, run_after=2024-04-06T10:09:08.663466+00:00
[2024-04-06T10:09:08.713+0000] {processor.py:175} INFO - Processing /home/airflow/.local/lib/python3.7/site-packages/airflow/example_dags/example_task_group_decorator.py took 0.244 seconds
[2024-04-06T10:09:39.558+0000] {processor.py:153} INFO - Started process (PID=1764) to work on /home/airflow/.local/lib/python3.7/site-packages/airflow/example_dags/example_task_group_decorator.py
[2024-04-06T10:09:39.560+0000] {processor.py:743} INFO - Processing file /home/airflow/.local/lib/python3.7/site-packages/airflow/example_dags/example_task_group_decorator.py for tasks to queue
[2024-04-06T10:09:39.561+0000] {logging_mixin.py:137} INFO - [2024-04-06T10:09:39.561+0000] {dagbag.py:538} INFO - Filling up the DagBag from /home/airflow/.local/lib/python3.7/site-packages/airflow/example_dags/example_task_group_decorator.py
[2024-04-06T10:09:39.622+0000] {processor.py:753} INFO - DAG(s) dict_keys(['example_task_group_decorator']) retrieved from /home/airflow/.local/lib/python3.7/site-packages/airflow/example_dags/example_task_group_decorator.py
[2024-04-06T10:09:39.682+0000] {logging_mixin.py:137} INFO - [2024-04-06T10:09:39.682+0000] {dag.py:2690} INFO - Sync 1 DAGs
[2024-04-06T10:09:39.740+0000] {logging_mixin.py:137} INFO - [2024-04-06T10:09:39.740+0000] {dag.py:3441} INFO - Setting next_dagrun for example_task_group_decorator to 2024-04-05T10:09:39.739963+00:00, run_after=2024-04-06T10:09:39.739963+00:00
[2024-04-06T10:09:39.779+0000] {processor.py:175} INFO - Processing /home/airflow/.local/lib/python3.7/site-packages/airflow/example_dags/example_task_group_decorator.py took 0.228 seconds
[2024-04-06T10:10:10.671+0000] {processor.py:153} INFO - Started process (PID=1835) to work on /home/airflow/.local/lib/python3.7/site-packages/airflow/example_dags/example_task_group_decorator.py
[2024-04-06T10:10:10.672+0000] {processor.py:743} INFO - Processing file /home/airflow/.local/lib/python3.7/site-packages/airflow/example_dags/example_task_group_decorator.py for tasks to queue
[2024-04-06T10:10:10.673+0000] {logging_mixin.py:137} INFO - [2024-04-06T10:10:10.673+0000] {dagbag.py:538} INFO - Filling up the DagBag from /home/airflow/.local/lib/python3.7/site-packages/airflow/example_dags/example_task_group_decorator.py
[2024-04-06T10:10:10.727+0000] {processor.py:753} INFO - DAG(s) dict_keys(['example_task_group_decorator']) retrieved from /home/airflow/.local/lib/python3.7/site-packages/airflow/example_dags/example_task_group_decorator.py
[2024-04-06T10:10:10.775+0000] {logging_mixin.py:137} INFO - [2024-04-06T10:10:10.775+0000] {dag.py:2690} INFO - Sync 1 DAGs
[2024-04-06T10:10:10.844+0000] {logging_mixin.py:137} INFO - [2024-04-06T10:10:10.844+0000] {dag.py:3441} INFO - Setting next_dagrun for example_task_group_decorator to 2024-04-05T10:10:10.843776+00:00, run_after=2024-04-06T10:10:10.843776+00:00
[2024-04-06T10:10:10.896+0000] {processor.py:175} INFO - Processing /home/airflow/.local/lib/python3.7/site-packages/airflow/example_dags/example_task_group_decorator.py took 0.230 seconds
[2024-04-06T10:10:41.179+0000] {processor.py:153} INFO - Started process (PID=1907) to work on /home/airflow/.local/lib/python3.7/site-packages/airflow/example_dags/example_task_group_decorator.py
[2024-04-06T10:10:41.181+0000] {processor.py:743} INFO - Processing file /home/airflow/.local/lib/python3.7/site-packages/airflow/example_dags/example_task_group_decorator.py for tasks to queue
[2024-04-06T10:10:41.183+0000] {logging_mixin.py:137} INFO - [2024-04-06T10:10:41.183+0000] {dagbag.py:538} INFO - Filling up the DagBag from /home/airflow/.local/lib/python3.7/site-packages/airflow/example_dags/example_task_group_decorator.py
[2024-04-06T10:10:41.245+0000] {processor.py:753} INFO - DAG(s) dict_keys(['example_task_group_decorator']) retrieved from /home/airflow/.local/lib/python3.7/site-packages/airflow/example_dags/example_task_group_decorator.py
[2024-04-06T10:10:41.311+0000] {logging_mixin.py:137} INFO - [2024-04-06T10:10:41.310+0000] {dag.py:2690} INFO - Sync 1 DAGs
[2024-04-06T10:10:41.359+0000] {logging_mixin.py:137} INFO - [2024-04-06T10:10:41.359+0000] {dag.py:3441} INFO - Setting next_dagrun for example_task_group_decorator to 2024-04-05T10:10:41.359224+00:00, run_after=2024-04-06T10:10:41.359224+00:00
[2024-04-06T10:10:41.393+0000] {processor.py:175} INFO - Processing /home/airflow/.local/lib/python3.7/site-packages/airflow/example_dags/example_task_group_decorator.py took 0.222 seconds
[2024-04-06T10:11:11.728+0000] {processor.py:153} INFO - Started process (PID=1979) to work on /home/airflow/.local/lib/python3.7/site-packages/airflow/example_dags/example_task_group_decorator.py
[2024-04-06T10:11:11.729+0000] {processor.py:743} INFO - Processing file /home/airflow/.local/lib/python3.7/site-packages/airflow/example_dags/example_task_group_decorator.py for tasks to queue
[2024-04-06T10:11:11.730+0000] {logging_mixin.py:137} INFO - [2024-04-06T10:11:11.730+0000] {dagbag.py:538} INFO - Filling up the DagBag from /home/airflow/.local/lib/python3.7/site-packages/airflow/example_dags/example_task_group_decorator.py
[2024-04-06T10:11:11.784+0000] {processor.py:753} INFO - DAG(s) dict_keys(['example_task_group_decorator']) retrieved from /home/airflow/.local/lib/python3.7/site-packages/airflow/example_dags/example_task_group_decorator.py
[2024-04-06T10:11:11.835+0000] {logging_mixin.py:137} INFO - [2024-04-06T10:11:11.835+0000] {dag.py:2690} INFO - Sync 1 DAGs
[2024-04-06T10:11:11.885+0000] {logging_mixin.py:137} INFO - [2024-04-06T10:11:11.884+0000] {dag.py:3441} INFO - Setting next_dagrun for example_task_group_decorator to 2024-04-05T10:11:11.884511+00:00, run_after=2024-04-06T10:11:11.884511+00:00
[2024-04-06T10:11:11.925+0000] {processor.py:175} INFO - Processing /home/airflow/.local/lib/python3.7/site-packages/airflow/example_dags/example_task_group_decorator.py took 0.203 seconds
[2024-04-06T10:11:42.044+0000] {processor.py:153} INFO - Started process (PID=2051) to work on /home/airflow/.local/lib/python3.7/site-packages/airflow/example_dags/example_task_group_decorator.py
[2024-04-06T10:11:42.045+0000] {processor.py:743} INFO - Processing file /home/airflow/.local/lib/python3.7/site-packages/airflow/example_dags/example_task_group_decorator.py for tasks to queue
[2024-04-06T10:11:42.046+0000] {logging_mixin.py:137} INFO - [2024-04-06T10:11:42.046+0000] {dagbag.py:538} INFO - Filling up the DagBag from /home/airflow/.local/lib/python3.7/site-packages/airflow/example_dags/example_task_group_decorator.py
[2024-04-06T10:11:42.101+0000] {processor.py:753} INFO - DAG(s) dict_keys(['example_task_group_decorator']) retrieved from /home/airflow/.local/lib/python3.7/site-packages/airflow/example_dags/example_task_group_decorator.py
[2024-04-06T10:11:42.156+0000] {logging_mixin.py:137} INFO - [2024-04-06T10:11:42.155+0000] {dag.py:2690} INFO - Sync 1 DAGs
[2024-04-06T10:11:42.227+0000] {logging_mixin.py:137} INFO - [2024-04-06T10:11:42.227+0000] {dag.py:3441} INFO - Setting next_dagrun for example_task_group_decorator to 2024-04-05T10:11:42.226777+00:00, run_after=2024-04-06T10:11:42.226777+00:00
[2024-04-06T10:11:42.275+0000] {processor.py:175} INFO - Processing /home/airflow/.local/lib/python3.7/site-packages/airflow/example_dags/example_task_group_decorator.py took 0.237 seconds
[2024-04-06T10:12:12.393+0000] {processor.py:153} INFO - Started process (PID=2123) to work on /home/airflow/.local/lib/python3.7/site-packages/airflow/example_dags/example_task_group_decorator.py
[2024-04-06T10:12:12.395+0000] {processor.py:743} INFO - Processing file /home/airflow/.local/lib/python3.7/site-packages/airflow/example_dags/example_task_group_decorator.py for tasks to queue
[2024-04-06T10:12:12.397+0000] {logging_mixin.py:137} INFO - [2024-04-06T10:12:12.396+0000] {dagbag.py:538} INFO - Filling up the DagBag from /home/airflow/.local/lib/python3.7/site-packages/airflow/example_dags/example_task_group_decorator.py
[2024-04-06T10:12:12.481+0000] {processor.py:753} INFO - DAG(s) dict_keys(['example_task_group_decorator']) retrieved from /home/airflow/.local/lib/python3.7/site-packages/airflow/example_dags/example_task_group_decorator.py
[2024-04-06T10:12:12.541+0000] {logging_mixin.py:137} INFO - [2024-04-06T10:12:12.541+0000] {dag.py:2690} INFO - Sync 1 DAGs
[2024-04-06T10:12:12.612+0000] {logging_mixin.py:137} INFO - [2024-04-06T10:12:12.611+0000] {dag.py:3441} INFO - Setting next_dagrun for example_task_group_decorator to 2024-04-05T10:12:12.611199+00:00, run_after=2024-04-06T10:12:12.611199+00:00
[2024-04-06T10:12:12.656+0000] {processor.py:175} INFO - Processing /home/airflow/.local/lib/python3.7/site-packages/airflow/example_dags/example_task_group_decorator.py took 0.269 seconds
[2024-04-06T10:12:43.026+0000] {processor.py:153} INFO - Started process (PID=2195) to work on /home/airflow/.local/lib/python3.7/site-packages/airflow/example_dags/example_task_group_decorator.py
[2024-04-06T10:12:43.028+0000] {processor.py:743} INFO - Processing file /home/airflow/.local/lib/python3.7/site-packages/airflow/example_dags/example_task_group_decorator.py for tasks to queue
[2024-04-06T10:12:43.029+0000] {logging_mixin.py:137} INFO - [2024-04-06T10:12:43.029+0000] {dagbag.py:538} INFO - Filling up the DagBag from /home/airflow/.local/lib/python3.7/site-packages/airflow/example_dags/example_task_group_decorator.py
[2024-04-06T10:12:43.097+0000] {processor.py:753} INFO - DAG(s) dict_keys(['example_task_group_decorator']) retrieved from /home/airflow/.local/lib/python3.7/site-packages/airflow/example_dags/example_task_group_decorator.py
[2024-04-06T10:12:43.171+0000] {logging_mixin.py:137} INFO - [2024-04-06T10:12:43.170+0000] {dag.py:2690} INFO - Sync 1 DAGs
[2024-04-06T10:12:43.241+0000] {logging_mixin.py:137} INFO - [2024-04-06T10:12:43.240+0000] {dag.py:3441} INFO - Setting next_dagrun for example_task_group_decorator to 2024-04-05T10:12:43.239949+00:00, run_after=2024-04-06T10:12:43.239949+00:00
[2024-04-06T10:12:43.284+0000] {processor.py:175} INFO - Processing /home/airflow/.local/lib/python3.7/site-packages/airflow/example_dags/example_task_group_decorator.py took 0.264 seconds
[2024-04-06T10:42:03.523+0000] {processor.py:161} INFO - Started process (PID=48) to work on /home/airflow/.local/lib/python3.8/site-packages/airflow/example_dags/example_task_group_decorator.py
[2024-04-06T10:42:03.523+0000] {processor.py:830} INFO - Processing file /home/airflow/.local/lib/python3.8/site-packages/airflow/example_dags/example_task_group_decorator.py for tasks to queue
[2024-04-06T10:42:03.525+0000] {logging_mixin.py:188} INFO - [2024-04-06T10:42:03.524+0000] {dagbag.py:540} INFO - Filling up the DagBag from /home/airflow/.local/lib/python3.8/site-packages/airflow/example_dags/example_task_group_decorator.py
[2024-04-06T10:42:03.535+0000] {processor.py:840} INFO - DAG(s) 'example_task_group_decorator' retrieved from /home/airflow/.local/lib/python3.8/site-packages/airflow/example_dags/example_task_group_decorator.py
[2024-04-06T10:42:03.645+0000] {logging_mixin.py:188} INFO - [2024-04-06T10:42:03.644+0000] {override.py:1769} INFO - Created Permission View: can delete on DAG:example_task_group_decorator
[2024-04-06T10:42:03.652+0000] {logging_mixin.py:188} INFO - [2024-04-06T10:42:03.652+0000] {override.py:1769} INFO - Created Permission View: can read on DAG:example_task_group_decorator
[2024-04-06T10:42:03.657+0000] {logging_mixin.py:188} INFO - [2024-04-06T10:42:03.657+0000] {override.py:1769} INFO - Created Permission View: can edit on DAG:example_task_group_decorator
[2024-04-06T10:42:03.657+0000] {logging_mixin.py:188} INFO - [2024-04-06T10:42:03.657+0000] {dag.py:3047} INFO - Sync 1 DAGs
[2024-04-06T10:42:03.667+0000] {logging_mixin.py:188} INFO - [2024-04-06T10:42:03.666+0000] {dag.py:3069} INFO - Creating ORM DAG for example_task_group_decorator
[2024-04-06T10:42:03.676+0000] {logging_mixin.py:188} INFO - [2024-04-06T10:42:03.676+0000] {dag.py:3834} INFO - Setting next_dagrun for example_task_group_decorator to 2024-04-05 00:00:00+00:00, run_after=2024-04-06 00:00:00+00:00
[2024-04-06T10:42:03.688+0000] {processor.py:183} INFO - Processing /home/airflow/.local/lib/python3.8/site-packages/airflow/example_dags/example_task_group_decorator.py took 0.167 seconds
[2024-04-06T10:42:34.064+0000] {processor.py:161} INFO - Started process (PID=104) to work on /home/airflow/.local/lib/python3.8/site-packages/airflow/example_dags/example_task_group_decorator.py
[2024-04-06T10:42:34.064+0000] {processor.py:830} INFO - Processing file /home/airflow/.local/lib/python3.8/site-packages/airflow/example_dags/example_task_group_decorator.py for tasks to queue
[2024-04-06T10:42:34.065+0000] {logging_mixin.py:188} INFO - [2024-04-06T10:42:34.065+0000] {dagbag.py:540} INFO - Filling up the DagBag from /home/airflow/.local/lib/python3.8/site-packages/airflow/example_dags/example_task_group_decorator.py
[2024-04-06T10:42:34.074+0000] {processor.py:840} INFO - DAG(s) 'example_task_group_decorator' retrieved from /home/airflow/.local/lib/python3.8/site-packages/airflow/example_dags/example_task_group_decorator.py
[2024-04-06T10:42:34.090+0000] {logging_mixin.py:188} INFO - [2024-04-06T10:42:34.089+0000] {dag.py:3047} INFO - Sync 1 DAGs
[2024-04-06T10:42:34.104+0000] {logging_mixin.py:188} INFO - [2024-04-06T10:42:34.104+0000] {dag.py:3834} INFO - Setting next_dagrun for example_task_group_decorator to 2024-04-05 00:00:00+00:00, run_after=2024-04-06 00:00:00+00:00
[2024-04-06T10:42:34.117+0000] {processor.py:183} INFO - Processing /home/airflow/.local/lib/python3.8/site-packages/airflow/example_dags/example_task_group_decorator.py took 0.055 seconds
[2024-04-06T10:43:04.209+0000] {processor.py:161} INFO - Started process (PID=160) to work on /home/airflow/.local/lib/python3.8/site-packages/airflow/example_dags/example_task_group_decorator.py
[2024-04-06T10:43:04.217+0000] {processor.py:830} INFO - Processing file /home/airflow/.local/lib/python3.8/site-packages/airflow/example_dags/example_task_group_decorator.py for tasks to queue
[2024-04-06T10:43:04.218+0000] {logging_mixin.py:188} INFO - [2024-04-06T10:43:04.218+0000] {dagbag.py:540} INFO - Filling up the DagBag from /home/airflow/.local/lib/python3.8/site-packages/airflow/example_dags/example_task_group_decorator.py
[2024-04-06T10:43:04.243+0000] {processor.py:840} INFO - DAG(s) 'example_task_group_decorator' retrieved from /home/airflow/.local/lib/python3.8/site-packages/airflow/example_dags/example_task_group_decorator.py
[2024-04-06T10:43:04.257+0000] {logging_mixin.py:188} INFO - [2024-04-06T10:43:04.257+0000] {dag.py:3047} INFO - Sync 1 DAGs
[2024-04-06T10:43:04.270+0000] {logging_mixin.py:188} INFO - [2024-04-06T10:43:04.270+0000] {dag.py:3834} INFO - Setting next_dagrun for example_task_group_decorator to 2024-04-05 00:00:00+00:00, run_after=2024-04-06 00:00:00+00:00
[2024-04-06T10:43:04.282+0000] {processor.py:183} INFO - Processing /home/airflow/.local/lib/python3.8/site-packages/airflow/example_dags/example_task_group_decorator.py took 0.075 seconds
[2024-04-06T10:43:34.754+0000] {processor.py:161} INFO - Started process (PID=216) to work on /home/airflow/.local/lib/python3.8/site-packages/airflow/example_dags/example_task_group_decorator.py
[2024-04-06T10:43:34.754+0000] {processor.py:830} INFO - Processing file /home/airflow/.local/lib/python3.8/site-packages/airflow/example_dags/example_task_group_decorator.py for tasks to queue
[2024-04-06T10:43:34.756+0000] {logging_mixin.py:188} INFO - [2024-04-06T10:43:34.755+0000] {dagbag.py:540} INFO - Filling up the DagBag from /home/airflow/.local/lib/python3.8/site-packages/airflow/example_dags/example_task_group_decorator.py
[2024-04-06T10:43:34.764+0000] {processor.py:840} INFO - DAG(s) 'example_task_group_decorator' retrieved from /home/airflow/.local/lib/python3.8/site-packages/airflow/example_dags/example_task_group_decorator.py
[2024-04-06T10:43:34.779+0000] {logging_mixin.py:188} INFO - [2024-04-06T10:43:34.779+0000] {dag.py:3047} INFO - Sync 1 DAGs
[2024-04-06T10:43:34.792+0000] {logging_mixin.py:188} INFO - [2024-04-06T10:43:34.792+0000] {dag.py:3834} INFO - Setting next_dagrun for example_task_group_decorator to 2024-04-05 00:00:00+00:00, run_after=2024-04-06 00:00:00+00:00
[2024-04-06T10:43:34.804+0000] {processor.py:183} INFO - Processing /home/airflow/.local/lib/python3.8/site-packages/airflow/example_dags/example_task_group_decorator.py took 0.052 seconds
[2024-04-06T10:44:05.412+0000] {processor.py:161} INFO - Started process (PID=272) to work on /home/airflow/.local/lib/python3.8/site-packages/airflow/example_dags/example_task_group_decorator.py
[2024-04-06T10:44:05.413+0000] {processor.py:830} INFO - Processing file /home/airflow/.local/lib/python3.8/site-packages/airflow/example_dags/example_task_group_decorator.py for tasks to queue
[2024-04-06T10:44:05.414+0000] {logging_mixin.py:188} INFO - [2024-04-06T10:44:05.413+0000] {dagbag.py:540} INFO - Filling up the DagBag from /home/airflow/.local/lib/python3.8/site-packages/airflow/example_dags/example_task_group_decorator.py
[2024-04-06T10:44:05.423+0000] {processor.py:840} INFO - DAG(s) 'example_task_group_decorator' retrieved from /home/airflow/.local/lib/python3.8/site-packages/airflow/example_dags/example_task_group_decorator.py
[2024-04-06T10:44:05.439+0000] {logging_mixin.py:188} INFO - [2024-04-06T10:44:05.438+0000] {dag.py:3047} INFO - Sync 1 DAGs
[2024-04-06T10:44:05.452+0000] {logging_mixin.py:188} INFO - [2024-04-06T10:44:05.452+0000] {dag.py:3834} INFO - Setting next_dagrun for example_task_group_decorator to 2024-04-05 00:00:00+00:00, run_after=2024-04-06 00:00:00+00:00
[2024-04-06T10:44:05.466+0000] {processor.py:183} INFO - Processing /home/airflow/.local/lib/python3.8/site-packages/airflow/example_dags/example_task_group_decorator.py took 0.056 seconds
[2024-04-06T10:44:36.162+0000] {processor.py:161} INFO - Started process (PID=328) to work on /home/airflow/.local/lib/python3.8/site-packages/airflow/example_dags/example_task_group_decorator.py
[2024-04-06T10:44:36.163+0000] {processor.py:830} INFO - Processing file /home/airflow/.local/lib/python3.8/site-packages/airflow/example_dags/example_task_group_decorator.py for tasks to queue
[2024-04-06T10:44:36.164+0000] {logging_mixin.py:188} INFO - [2024-04-06T10:44:36.164+0000] {dagbag.py:540} INFO - Filling up the DagBag from /home/airflow/.local/lib/python3.8/site-packages/airflow/example_dags/example_task_group_decorator.py
[2024-04-06T10:44:36.172+0000] {processor.py:840} INFO - DAG(s) 'example_task_group_decorator' retrieved from /home/airflow/.local/lib/python3.8/site-packages/airflow/example_dags/example_task_group_decorator.py
[2024-04-06T10:44:36.188+0000] {logging_mixin.py:188} INFO - [2024-04-06T10:44:36.188+0000] {dag.py:3047} INFO - Sync 1 DAGs
[2024-04-06T10:44:36.203+0000] {logging_mixin.py:188} INFO - [2024-04-06T10:44:36.202+0000] {dag.py:3834} INFO - Setting next_dagrun for example_task_group_decorator to 2024-04-05 00:00:00+00:00, run_after=2024-04-06 00:00:00+00:00
[2024-04-06T10:44:36.216+0000] {processor.py:183} INFO - Processing /home/airflow/.local/lib/python3.8/site-packages/airflow/example_dags/example_task_group_decorator.py took 0.056 seconds
[2024-04-06T10:45:06.298+0000] {processor.py:161} INFO - Started process (PID=384) to work on /home/airflow/.local/lib/python3.8/site-packages/airflow/example_dags/example_task_group_decorator.py
[2024-04-06T10:45:06.299+0000] {processor.py:830} INFO - Processing file /home/airflow/.local/lib/python3.8/site-packages/airflow/example_dags/example_task_group_decorator.py for tasks to queue
[2024-04-06T10:45:06.300+0000] {logging_mixin.py:188} INFO - [2024-04-06T10:45:06.300+0000] {dagbag.py:540} INFO - Filling up the DagBag from /home/airflow/.local/lib/python3.8/site-packages/airflow/example_dags/example_task_group_decorator.py
[2024-04-06T10:45:06.309+0000] {processor.py:840} INFO - DAG(s) 'example_task_group_decorator' retrieved from /home/airflow/.local/lib/python3.8/site-packages/airflow/example_dags/example_task_group_decorator.py
[2024-04-06T10:45:06.328+0000] {logging_mixin.py:188} INFO - [2024-04-06T10:45:06.328+0000] {dag.py:3047} INFO - Sync 1 DAGs
[2024-04-06T10:45:06.343+0000] {logging_mixin.py:188} INFO - [2024-04-06T10:45:06.342+0000] {dag.py:3834} INFO - Setting next_dagrun for example_task_group_decorator to 2024-04-05 00:00:00+00:00, run_after=2024-04-06 00:00:00+00:00
[2024-04-06T10:45:06.354+0000] {processor.py:183} INFO - Processing /home/airflow/.local/lib/python3.8/site-packages/airflow/example_dags/example_task_group_decorator.py took 0.058 seconds
