[2024-04-06T09:36:49.880+0000] {processor.py:153} INFO - Started process (PID=88) to work on /home/airflow/.local/lib/python3.7/site-packages/airflow/example_dags/example_skip_dag.py
[2024-04-06T09:36:49.880+0000] {processor.py:743} INFO - Processing file /home/airflow/.local/lib/python3.7/site-packages/airflow/example_dags/example_skip_dag.py for tasks to queue
[2024-04-06T09:36:49.881+0000] {logging_mixin.py:137} INFO - [2024-04-06T09:36:49.881+0000] {dagbag.py:538} INFO - Filling up the DagBag from /home/airflow/.local/lib/python3.7/site-packages/airflow/example_dags/example_skip_dag.py
[2024-04-06T09:36:49.896+0000] {processor.py:753} INFO - DAG(s) dict_keys(['example_skip_dag']) retrieved from /home/airflow/.local/lib/python3.7/site-packages/airflow/example_dags/example_skip_dag.py
[2024-04-06T09:36:49.909+0000] {logging_mixin.py:137} INFO - [2024-04-06T09:36:49.909+0000] {dag.py:2690} INFO - Sync 1 DAGs
[2024-04-06T09:36:49.935+0000] {logging_mixin.py:137} INFO - [2024-04-06T09:36:49.935+0000] {dag.py:3441} INFO - Setting next_dagrun for example_skip_dag to 2024-04-05T09:36:49.935035+00:00, run_after=2024-04-06T09:36:49.935035+00:00
[2024-04-06T09:36:49.955+0000] {processor.py:175} INFO - Processing /home/airflow/.local/lib/python3.7/site-packages/airflow/example_dags/example_skip_dag.py took 0.078 seconds
[2024-04-06T09:37:20.276+0000] {processor.py:153} INFO - Started process (PID=160) to work on /home/airflow/.local/lib/python3.7/site-packages/airflow/example_dags/example_skip_dag.py
[2024-04-06T09:37:20.277+0000] {processor.py:743} INFO - Processing file /home/airflow/.local/lib/python3.7/site-packages/airflow/example_dags/example_skip_dag.py for tasks to queue
[2024-04-06T09:37:20.278+0000] {logging_mixin.py:137} INFO - [2024-04-06T09:37:20.278+0000] {dagbag.py:538} INFO - Filling up the DagBag from /home/airflow/.local/lib/python3.7/site-packages/airflow/example_dags/example_skip_dag.py
[2024-04-06T09:37:20.295+0000] {processor.py:753} INFO - DAG(s) dict_keys(['example_skip_dag']) retrieved from /home/airflow/.local/lib/python3.7/site-packages/airflow/example_dags/example_skip_dag.py
[2024-04-06T09:37:20.307+0000] {logging_mixin.py:137} INFO - [2024-04-06T09:37:20.307+0000] {dag.py:2690} INFO - Sync 1 DAGs
[2024-04-06T09:37:20.333+0000] {logging_mixin.py:137} INFO - [2024-04-06T09:37:20.333+0000] {dag.py:3441} INFO - Setting next_dagrun for example_skip_dag to 2024-04-05T09:37:20.333351+00:00, run_after=2024-04-06T09:37:20.333351+00:00
[2024-04-06T09:37:20.354+0000] {processor.py:175} INFO - Processing /home/airflow/.local/lib/python3.7/site-packages/airflow/example_dags/example_skip_dag.py took 0.081 seconds
[2024-04-06T09:37:51.105+0000] {processor.py:153} INFO - Started process (PID=232) to work on /home/airflow/.local/lib/python3.7/site-packages/airflow/example_dags/example_skip_dag.py
[2024-04-06T09:37:51.106+0000] {processor.py:743} INFO - Processing file /home/airflow/.local/lib/python3.7/site-packages/airflow/example_dags/example_skip_dag.py for tasks to queue
[2024-04-06T09:37:51.106+0000] {logging_mixin.py:137} INFO - [2024-04-06T09:37:51.106+0000] {dagbag.py:538} INFO - Filling up the DagBag from /home/airflow/.local/lib/python3.7/site-packages/airflow/example_dags/example_skip_dag.py
[2024-04-06T09:37:51.120+0000] {processor.py:753} INFO - DAG(s) dict_keys(['example_skip_dag']) retrieved from /home/airflow/.local/lib/python3.7/site-packages/airflow/example_dags/example_skip_dag.py
[2024-04-06T09:37:51.144+0000] {logging_mixin.py:137} INFO - [2024-04-06T09:37:51.144+0000] {dag.py:2690} INFO - Sync 1 DAGs
[2024-04-06T09:37:51.171+0000] {logging_mixin.py:137} INFO - [2024-04-06T09:37:51.171+0000] {dag.py:3441} INFO - Setting next_dagrun for example_skip_dag to 2024-04-05T09:37:51.171119+00:00, run_after=2024-04-06T09:37:51.171119+00:00
[2024-04-06T09:37:51.195+0000] {processor.py:175} INFO - Processing /home/airflow/.local/lib/python3.7/site-packages/airflow/example_dags/example_skip_dag.py took 0.093 seconds
[2024-04-06T09:38:21.839+0000] {processor.py:153} INFO - Started process (PID=320) to work on /home/airflow/.local/lib/python3.7/site-packages/airflow/example_dags/example_skip_dag.py
[2024-04-06T09:38:21.840+0000] {processor.py:743} INFO - Processing file /home/airflow/.local/lib/python3.7/site-packages/airflow/example_dags/example_skip_dag.py for tasks to queue
[2024-04-06T09:38:21.840+0000] {logging_mixin.py:137} INFO - [2024-04-06T09:38:21.840+0000] {dagbag.py:538} INFO - Filling up the DagBag from /home/airflow/.local/lib/python3.7/site-packages/airflow/example_dags/example_skip_dag.py
[2024-04-06T09:38:21.855+0000] {processor.py:753} INFO - DAG(s) dict_keys(['example_skip_dag']) retrieved from /home/airflow/.local/lib/python3.7/site-packages/airflow/example_dags/example_skip_dag.py
[2024-04-06T09:38:21.879+0000] {logging_mixin.py:137} INFO - [2024-04-06T09:38:21.879+0000] {dag.py:2690} INFO - Sync 1 DAGs
[2024-04-06T09:38:21.907+0000] {logging_mixin.py:137} INFO - [2024-04-06T09:38:21.907+0000] {dag.py:3441} INFO - Setting next_dagrun for example_skip_dag to 2024-04-05T09:38:21.907355+00:00, run_after=2024-04-06T09:38:21.907355+00:00
[2024-04-06T09:38:21.927+0000] {processor.py:175} INFO - Processing /home/airflow/.local/lib/python3.7/site-packages/airflow/example_dags/example_skip_dag.py took 0.091 seconds
[2024-04-06T09:38:51.981+0000] {processor.py:153} INFO - Started process (PID=391) to work on /home/airflow/.local/lib/python3.7/site-packages/airflow/example_dags/example_skip_dag.py
[2024-04-06T09:38:51.982+0000] {processor.py:743} INFO - Processing file /home/airflow/.local/lib/python3.7/site-packages/airflow/example_dags/example_skip_dag.py for tasks to queue
[2024-04-06T09:38:51.982+0000] {logging_mixin.py:137} INFO - [2024-04-06T09:38:51.982+0000] {dagbag.py:538} INFO - Filling up the DagBag from /home/airflow/.local/lib/python3.7/site-packages/airflow/example_dags/example_skip_dag.py
[2024-04-06T09:38:51.993+0000] {processor.py:753} INFO - DAG(s) dict_keys(['example_skip_dag']) retrieved from /home/airflow/.local/lib/python3.7/site-packages/airflow/example_dags/example_skip_dag.py
[2024-04-06T09:38:52.014+0000] {logging_mixin.py:137} INFO - [2024-04-06T09:38:52.014+0000] {dag.py:2690} INFO - Sync 1 DAGs
[2024-04-06T09:38:52.034+0000] {logging_mixin.py:137} INFO - [2024-04-06T09:38:52.034+0000] {dag.py:3441} INFO - Setting next_dagrun for example_skip_dag to 2024-04-05T09:38:52.033998+00:00, run_after=2024-04-06T09:38:52.033998+00:00
[2024-04-06T09:38:52.048+0000] {processor.py:175} INFO - Processing /home/airflow/.local/lib/python3.7/site-packages/airflow/example_dags/example_skip_dag.py took 0.070 seconds
[2024-04-06T09:39:22.241+0000] {processor.py:153} INFO - Started process (PID=480) to work on /home/airflow/.local/lib/python3.7/site-packages/airflow/example_dags/example_skip_dag.py
[2024-04-06T09:39:22.241+0000] {processor.py:743} INFO - Processing file /home/airflow/.local/lib/python3.7/site-packages/airflow/example_dags/example_skip_dag.py for tasks to queue
[2024-04-06T09:39:22.242+0000] {logging_mixin.py:137} INFO - [2024-04-06T09:39:22.242+0000] {dagbag.py:538} INFO - Filling up the DagBag from /home/airflow/.local/lib/python3.7/site-packages/airflow/example_dags/example_skip_dag.py
[2024-04-06T09:39:22.261+0000] {processor.py:753} INFO - DAG(s) dict_keys(['example_skip_dag']) retrieved from /home/airflow/.local/lib/python3.7/site-packages/airflow/example_dags/example_skip_dag.py
[2024-04-06T09:39:22.286+0000] {logging_mixin.py:137} INFO - [2024-04-06T09:39:22.285+0000] {dag.py:2690} INFO - Sync 1 DAGs
[2024-04-06T09:39:22.311+0000] {logging_mixin.py:137} INFO - [2024-04-06T09:39:22.311+0000] {dag.py:3441} INFO - Setting next_dagrun for example_skip_dag to 2024-04-05T09:39:22.311405+00:00, run_after=2024-04-06T09:39:22.311405+00:00
[2024-04-06T09:39:22.332+0000] {processor.py:175} INFO - Processing /home/airflow/.local/lib/python3.7/site-packages/airflow/example_dags/example_skip_dag.py took 0.095 seconds
[2024-04-06T09:39:52.444+0000] {processor.py:153} INFO - Started process (PID=551) to work on /home/airflow/.local/lib/python3.7/site-packages/airflow/example_dags/example_skip_dag.py
[2024-04-06T09:39:52.445+0000] {processor.py:743} INFO - Processing file /home/airflow/.local/lib/python3.7/site-packages/airflow/example_dags/example_skip_dag.py for tasks to queue
[2024-04-06T09:39:52.446+0000] {logging_mixin.py:137} INFO - [2024-04-06T09:39:52.445+0000] {dagbag.py:538} INFO - Filling up the DagBag from /home/airflow/.local/lib/python3.7/site-packages/airflow/example_dags/example_skip_dag.py
[2024-04-06T09:39:52.459+0000] {processor.py:753} INFO - DAG(s) dict_keys(['example_skip_dag']) retrieved from /home/airflow/.local/lib/python3.7/site-packages/airflow/example_dags/example_skip_dag.py
[2024-04-06T09:39:52.483+0000] {logging_mixin.py:137} INFO - [2024-04-06T09:39:52.483+0000] {dag.py:2690} INFO - Sync 1 DAGs
[2024-04-06T09:39:52.508+0000] {logging_mixin.py:137} INFO - [2024-04-06T09:39:52.508+0000] {dag.py:3441} INFO - Setting next_dagrun for example_skip_dag to 2024-04-05T09:39:52.507826+00:00, run_after=2024-04-06T09:39:52.507826+00:00
[2024-04-06T09:39:52.532+0000] {processor.py:175} INFO - Processing /home/airflow/.local/lib/python3.7/site-packages/airflow/example_dags/example_skip_dag.py took 0.090 seconds
[2024-04-06T09:40:22.848+0000] {processor.py:153} INFO - Started process (PID=639) to work on /home/airflow/.local/lib/python3.7/site-packages/airflow/example_dags/example_skip_dag.py
[2024-04-06T09:40:22.848+0000] {processor.py:743} INFO - Processing file /home/airflow/.local/lib/python3.7/site-packages/airflow/example_dags/example_skip_dag.py for tasks to queue
[2024-04-06T09:40:22.849+0000] {logging_mixin.py:137} INFO - [2024-04-06T09:40:22.849+0000] {dagbag.py:538} INFO - Filling up the DagBag from /home/airflow/.local/lib/python3.7/site-packages/airflow/example_dags/example_skip_dag.py
[2024-04-06T09:40:22.863+0000] {processor.py:753} INFO - DAG(s) dict_keys(['example_skip_dag']) retrieved from /home/airflow/.local/lib/python3.7/site-packages/airflow/example_dags/example_skip_dag.py
[2024-04-06T09:40:22.886+0000] {logging_mixin.py:137} INFO - [2024-04-06T09:40:22.886+0000] {dag.py:2690} INFO - Sync 1 DAGs
[2024-04-06T09:40:22.913+0000] {logging_mixin.py:137} INFO - [2024-04-06T09:40:22.913+0000] {dag.py:3441} INFO - Setting next_dagrun for example_skip_dag to 2024-04-05T09:40:22.913294+00:00, run_after=2024-04-06T09:40:22.913294+00:00
[2024-04-06T09:40:22.932+0000] {processor.py:175} INFO - Processing /home/airflow/.local/lib/python3.7/site-packages/airflow/example_dags/example_skip_dag.py took 0.086 seconds
[2024-04-06T09:40:53.090+0000] {processor.py:153} INFO - Started process (PID=711) to work on /home/airflow/.local/lib/python3.7/site-packages/airflow/example_dags/example_skip_dag.py
[2024-04-06T09:40:53.090+0000] {processor.py:743} INFO - Processing file /home/airflow/.local/lib/python3.7/site-packages/airflow/example_dags/example_skip_dag.py for tasks to queue
[2024-04-06T09:40:53.091+0000] {logging_mixin.py:137} INFO - [2024-04-06T09:40:53.091+0000] {dagbag.py:538} INFO - Filling up the DagBag from /home/airflow/.local/lib/python3.7/site-packages/airflow/example_dags/example_skip_dag.py
[2024-04-06T09:40:53.102+0000] {processor.py:753} INFO - DAG(s) dict_keys(['example_skip_dag']) retrieved from /home/airflow/.local/lib/python3.7/site-packages/airflow/example_dags/example_skip_dag.py
[2024-04-06T09:40:53.123+0000] {logging_mixin.py:137} INFO - [2024-04-06T09:40:53.123+0000] {dag.py:2690} INFO - Sync 1 DAGs
[2024-04-06T09:40:53.144+0000] {logging_mixin.py:137} INFO - [2024-04-06T09:40:53.144+0000] {dag.py:3441} INFO - Setting next_dagrun for example_skip_dag to 2024-04-05T09:40:53.144484+00:00, run_after=2024-04-06T09:40:53.144484+00:00
[2024-04-06T09:40:53.163+0000] {processor.py:175} INFO - Processing /home/airflow/.local/lib/python3.7/site-packages/airflow/example_dags/example_skip_dag.py took 0.076 seconds
[2024-04-06T09:41:23.575+0000] {processor.py:153} INFO - Started process (PID=799) to work on /home/airflow/.local/lib/python3.7/site-packages/airflow/example_dags/example_skip_dag.py
[2024-04-06T09:41:23.576+0000] {processor.py:743} INFO - Processing file /home/airflow/.local/lib/python3.7/site-packages/airflow/example_dags/example_skip_dag.py for tasks to queue
[2024-04-06T09:41:23.576+0000] {logging_mixin.py:137} INFO - [2024-04-06T09:41:23.576+0000] {dagbag.py:538} INFO - Filling up the DagBag from /home/airflow/.local/lib/python3.7/site-packages/airflow/example_dags/example_skip_dag.py
[2024-04-06T09:41:23.587+0000] {processor.py:753} INFO - DAG(s) dict_keys(['example_skip_dag']) retrieved from /home/airflow/.local/lib/python3.7/site-packages/airflow/example_dags/example_skip_dag.py
[2024-04-06T09:41:23.613+0000] {logging_mixin.py:137} INFO - [2024-04-06T09:41:23.613+0000] {dag.py:2690} INFO - Sync 1 DAGs
[2024-04-06T09:41:23.638+0000] {logging_mixin.py:137} INFO - [2024-04-06T09:41:23.638+0000] {dag.py:3441} INFO - Setting next_dagrun for example_skip_dag to 2024-04-05T09:41:23.638460+00:00, run_after=2024-04-06T09:41:23.638460+00:00
[2024-04-06T09:41:23.656+0000] {processor.py:175} INFO - Processing /home/airflow/.local/lib/python3.7/site-packages/airflow/example_dags/example_skip_dag.py took 0.083 seconds
[2024-04-06T09:41:53.911+0000] {processor.py:153} INFO - Started process (PID=871) to work on /home/airflow/.local/lib/python3.7/site-packages/airflow/example_dags/example_skip_dag.py
[2024-04-06T09:41:53.911+0000] {processor.py:743} INFO - Processing file /home/airflow/.local/lib/python3.7/site-packages/airflow/example_dags/example_skip_dag.py for tasks to queue
[2024-04-06T09:41:53.912+0000] {logging_mixin.py:137} INFO - [2024-04-06T09:41:53.912+0000] {dagbag.py:538} INFO - Filling up the DagBag from /home/airflow/.local/lib/python3.7/site-packages/airflow/example_dags/example_skip_dag.py
[2024-04-06T09:41:53.923+0000] {processor.py:753} INFO - DAG(s) dict_keys(['example_skip_dag']) retrieved from /home/airflow/.local/lib/python3.7/site-packages/airflow/example_dags/example_skip_dag.py
[2024-04-06T09:41:53.945+0000] {logging_mixin.py:137} INFO - [2024-04-06T09:41:53.945+0000] {dag.py:2690} INFO - Sync 1 DAGs
[2024-04-06T09:41:53.968+0000] {logging_mixin.py:137} INFO - [2024-04-06T09:41:53.967+0000] {dag.py:3441} INFO - Setting next_dagrun for example_skip_dag to 2024-04-05T09:41:53.967735+00:00, run_after=2024-04-06T09:41:53.967735+00:00
[2024-04-06T09:41:53.996+0000] {processor.py:175} INFO - Processing /home/airflow/.local/lib/python3.7/site-packages/airflow/example_dags/example_skip_dag.py took 0.087 seconds
[2024-04-06T09:42:24.687+0000] {processor.py:153} INFO - Started process (PID=959) to work on /home/airflow/.local/lib/python3.7/site-packages/airflow/example_dags/example_skip_dag.py
[2024-04-06T09:42:24.688+0000] {processor.py:743} INFO - Processing file /home/airflow/.local/lib/python3.7/site-packages/airflow/example_dags/example_skip_dag.py for tasks to queue
[2024-04-06T09:42:24.689+0000] {logging_mixin.py:137} INFO - [2024-04-06T09:42:24.688+0000] {dagbag.py:538} INFO - Filling up the DagBag from /home/airflow/.local/lib/python3.7/site-packages/airflow/example_dags/example_skip_dag.py
[2024-04-06T09:42:24.701+0000] {processor.py:753} INFO - DAG(s) dict_keys(['example_skip_dag']) retrieved from /home/airflow/.local/lib/python3.7/site-packages/airflow/example_dags/example_skip_dag.py
[2024-04-06T09:42:24.729+0000] {logging_mixin.py:137} INFO - [2024-04-06T09:42:24.729+0000] {dag.py:2690} INFO - Sync 1 DAGs
[2024-04-06T09:42:24.767+0000] {logging_mixin.py:137} INFO - [2024-04-06T09:42:24.767+0000] {dag.py:3441} INFO - Setting next_dagrun for example_skip_dag to 2024-04-05T09:42:24.767345+00:00, run_after=2024-04-06T09:42:24.767345+00:00
[2024-04-06T09:42:24.787+0000] {processor.py:175} INFO - Processing /home/airflow/.local/lib/python3.7/site-packages/airflow/example_dags/example_skip_dag.py took 0.102 seconds
[2024-04-06T09:42:54.885+0000] {processor.py:153} INFO - Started process (PID=1031) to work on /home/airflow/.local/lib/python3.7/site-packages/airflow/example_dags/example_skip_dag.py
[2024-04-06T09:42:54.886+0000] {processor.py:743} INFO - Processing file /home/airflow/.local/lib/python3.7/site-packages/airflow/example_dags/example_skip_dag.py for tasks to queue
[2024-04-06T09:42:54.887+0000] {logging_mixin.py:137} INFO - [2024-04-06T09:42:54.886+0000] {dagbag.py:538} INFO - Filling up the DagBag from /home/airflow/.local/lib/python3.7/site-packages/airflow/example_dags/example_skip_dag.py
[2024-04-06T09:42:54.902+0000] {processor.py:753} INFO - DAG(s) dict_keys(['example_skip_dag']) retrieved from /home/airflow/.local/lib/python3.7/site-packages/airflow/example_dags/example_skip_dag.py
[2024-04-06T09:42:54.923+0000] {logging_mixin.py:137} INFO - [2024-04-06T09:42:54.923+0000] {dag.py:2690} INFO - Sync 1 DAGs
[2024-04-06T09:42:54.947+0000] {logging_mixin.py:137} INFO - [2024-04-06T09:42:54.947+0000] {dag.py:3441} INFO - Setting next_dagrun for example_skip_dag to 2024-04-05T09:42:54.947294+00:00, run_after=2024-04-06T09:42:54.947294+00:00
[2024-04-06T09:42:54.966+0000] {processor.py:175} INFO - Processing /home/airflow/.local/lib/python3.7/site-packages/airflow/example_dags/example_skip_dag.py took 0.086 seconds
[2024-04-06T09:43:25.517+0000] {processor.py:153} INFO - Started process (PID=1118) to work on /home/airflow/.local/lib/python3.7/site-packages/airflow/example_dags/example_skip_dag.py
[2024-04-06T09:43:25.517+0000] {processor.py:743} INFO - Processing file /home/airflow/.local/lib/python3.7/site-packages/airflow/example_dags/example_skip_dag.py for tasks to queue
[2024-04-06T09:43:25.518+0000] {logging_mixin.py:137} INFO - [2024-04-06T09:43:25.518+0000] {dagbag.py:538} INFO - Filling up the DagBag from /home/airflow/.local/lib/python3.7/site-packages/airflow/example_dags/example_skip_dag.py
[2024-04-06T09:43:25.528+0000] {processor.py:753} INFO - DAG(s) dict_keys(['example_skip_dag']) retrieved from /home/airflow/.local/lib/python3.7/site-packages/airflow/example_dags/example_skip_dag.py
[2024-04-06T09:43:25.550+0000] {logging_mixin.py:137} INFO - [2024-04-06T09:43:25.549+0000] {dag.py:2690} INFO - Sync 1 DAGs
[2024-04-06T09:43:25.572+0000] {logging_mixin.py:137} INFO - [2024-04-06T09:43:25.572+0000] {dag.py:3441} INFO - Setting next_dagrun for example_skip_dag to 2024-04-05T09:43:25.572218+00:00, run_after=2024-04-06T09:43:25.572218+00:00
[2024-04-06T09:43:25.591+0000] {processor.py:175} INFO - Processing /home/airflow/.local/lib/python3.7/site-packages/airflow/example_dags/example_skip_dag.py took 0.078 seconds
[2024-04-06T09:43:55.785+0000] {processor.py:153} INFO - Started process (PID=1190) to work on /home/airflow/.local/lib/python3.7/site-packages/airflow/example_dags/example_skip_dag.py
[2024-04-06T09:43:55.785+0000] {processor.py:743} INFO - Processing file /home/airflow/.local/lib/python3.7/site-packages/airflow/example_dags/example_skip_dag.py for tasks to queue
[2024-04-06T09:43:55.786+0000] {logging_mixin.py:137} INFO - [2024-04-06T09:43:55.786+0000] {dagbag.py:538} INFO - Filling up the DagBag from /home/airflow/.local/lib/python3.7/site-packages/airflow/example_dags/example_skip_dag.py
[2024-04-06T09:43:55.802+0000] {processor.py:753} INFO - DAG(s) dict_keys(['example_skip_dag']) retrieved from /home/airflow/.local/lib/python3.7/site-packages/airflow/example_dags/example_skip_dag.py
[2024-04-06T09:43:55.829+0000] {logging_mixin.py:137} INFO - [2024-04-06T09:43:55.829+0000] {dag.py:2690} INFO - Sync 1 DAGs
[2024-04-06T09:43:55.860+0000] {logging_mixin.py:137} INFO - [2024-04-06T09:43:55.859+0000] {dag.py:3441} INFO - Setting next_dagrun for example_skip_dag to 2024-04-05T09:43:55.859675+00:00, run_after=2024-04-06T09:43:55.859675+00:00
[2024-04-06T09:43:55.874+0000] {processor.py:175} INFO - Processing /home/airflow/.local/lib/python3.7/site-packages/airflow/example_dags/example_skip_dag.py took 0.092 seconds
[2024-04-06T09:44:26.578+0000] {processor.py:153} INFO - Started process (PID=1278) to work on /home/airflow/.local/lib/python3.7/site-packages/airflow/example_dags/example_skip_dag.py
[2024-04-06T09:44:26.579+0000] {processor.py:743} INFO - Processing file /home/airflow/.local/lib/python3.7/site-packages/airflow/example_dags/example_skip_dag.py for tasks to queue
[2024-04-06T09:44:26.579+0000] {logging_mixin.py:137} INFO - [2024-04-06T09:44:26.579+0000] {dagbag.py:538} INFO - Filling up the DagBag from /home/airflow/.local/lib/python3.7/site-packages/airflow/example_dags/example_skip_dag.py
[2024-04-06T09:44:26.590+0000] {processor.py:753} INFO - DAG(s) dict_keys(['example_skip_dag']) retrieved from /home/airflow/.local/lib/python3.7/site-packages/airflow/example_dags/example_skip_dag.py
[2024-04-06T09:44:26.612+0000] {logging_mixin.py:137} INFO - [2024-04-06T09:44:26.611+0000] {dag.py:2690} INFO - Sync 1 DAGs
[2024-04-06T09:44:26.634+0000] {logging_mixin.py:137} INFO - [2024-04-06T09:44:26.634+0000] {dag.py:3441} INFO - Setting next_dagrun for example_skip_dag to 2024-04-05T09:44:26.633930+00:00, run_after=2024-04-06T09:44:26.633930+00:00
[2024-04-06T09:44:26.653+0000] {processor.py:175} INFO - Processing /home/airflow/.local/lib/python3.7/site-packages/airflow/example_dags/example_skip_dag.py took 0.078 seconds
[2024-04-06T09:44:56.776+0000] {processor.py:153} INFO - Started process (PID=1350) to work on /home/airflow/.local/lib/python3.7/site-packages/airflow/example_dags/example_skip_dag.py
[2024-04-06T09:44:56.777+0000] {processor.py:743} INFO - Processing file /home/airflow/.local/lib/python3.7/site-packages/airflow/example_dags/example_skip_dag.py for tasks to queue
[2024-04-06T09:44:56.777+0000] {logging_mixin.py:137} INFO - [2024-04-06T09:44:56.777+0000] {dagbag.py:538} INFO - Filling up the DagBag from /home/airflow/.local/lib/python3.7/site-packages/airflow/example_dags/example_skip_dag.py
[2024-04-06T09:44:56.788+0000] {processor.py:753} INFO - DAG(s) dict_keys(['example_skip_dag']) retrieved from /home/airflow/.local/lib/python3.7/site-packages/airflow/example_dags/example_skip_dag.py
[2024-04-06T09:44:56.809+0000] {logging_mixin.py:137} INFO - [2024-04-06T09:44:56.809+0000] {dag.py:2690} INFO - Sync 1 DAGs
[2024-04-06T09:44:56.838+0000] {logging_mixin.py:137} INFO - [2024-04-06T09:44:56.838+0000] {dag.py:3441} INFO - Setting next_dagrun for example_skip_dag to 2024-04-05T09:44:56.838053+00:00, run_after=2024-04-06T09:44:56.838053+00:00
[2024-04-06T09:44:56.855+0000] {processor.py:175} INFO - Processing /home/airflow/.local/lib/python3.7/site-packages/airflow/example_dags/example_skip_dag.py took 0.081 seconds
[2024-04-06T09:45:27.201+0000] {processor.py:153} INFO - Started process (PID=1438) to work on /home/airflow/.local/lib/python3.7/site-packages/airflow/example_dags/example_skip_dag.py
[2024-04-06T09:45:27.202+0000] {processor.py:743} INFO - Processing file /home/airflow/.local/lib/python3.7/site-packages/airflow/example_dags/example_skip_dag.py for tasks to queue
[2024-04-06T09:45:27.202+0000] {logging_mixin.py:137} INFO - [2024-04-06T09:45:27.202+0000] {dagbag.py:538} INFO - Filling up the DagBag from /home/airflow/.local/lib/python3.7/site-packages/airflow/example_dags/example_skip_dag.py
[2024-04-06T09:45:27.213+0000] {processor.py:753} INFO - DAG(s) dict_keys(['example_skip_dag']) retrieved from /home/airflow/.local/lib/python3.7/site-packages/airflow/example_dags/example_skip_dag.py
[2024-04-06T09:45:27.234+0000] {logging_mixin.py:137} INFO - [2024-04-06T09:45:27.234+0000] {dag.py:2690} INFO - Sync 1 DAGs
[2024-04-06T09:45:27.254+0000] {logging_mixin.py:137} INFO - [2024-04-06T09:45:27.254+0000] {dag.py:3441} INFO - Setting next_dagrun for example_skip_dag to 2024-04-05T09:45:27.254512+00:00, run_after=2024-04-06T09:45:27.254512+00:00
[2024-04-06T09:45:27.270+0000] {processor.py:175} INFO - Processing /home/airflow/.local/lib/python3.7/site-packages/airflow/example_dags/example_skip_dag.py took 0.072 seconds
[2024-04-06T09:45:57.610+0000] {processor.py:153} INFO - Started process (PID=1510) to work on /home/airflow/.local/lib/python3.7/site-packages/airflow/example_dags/example_skip_dag.py
[2024-04-06T09:45:57.611+0000] {processor.py:743} INFO - Processing file /home/airflow/.local/lib/python3.7/site-packages/airflow/example_dags/example_skip_dag.py for tasks to queue
[2024-04-06T09:45:57.611+0000] {logging_mixin.py:137} INFO - [2024-04-06T09:45:57.611+0000] {dagbag.py:538} INFO - Filling up the DagBag from /home/airflow/.local/lib/python3.7/site-packages/airflow/example_dags/example_skip_dag.py
[2024-04-06T09:45:57.625+0000] {processor.py:753} INFO - DAG(s) dict_keys(['example_skip_dag']) retrieved from /home/airflow/.local/lib/python3.7/site-packages/airflow/example_dags/example_skip_dag.py
[2024-04-06T09:45:57.648+0000] {logging_mixin.py:137} INFO - [2024-04-06T09:45:57.648+0000] {dag.py:2690} INFO - Sync 1 DAGs
[2024-04-06T09:45:57.673+0000] {logging_mixin.py:137} INFO - [2024-04-06T09:45:57.673+0000] {dag.py:3441} INFO - Setting next_dagrun for example_skip_dag to 2024-04-05T09:45:57.672924+00:00, run_after=2024-04-06T09:45:57.672924+00:00
[2024-04-06T09:45:57.693+0000] {processor.py:175} INFO - Processing /home/airflow/.local/lib/python3.7/site-packages/airflow/example_dags/example_skip_dag.py took 0.086 seconds
[2024-04-06T09:46:27.969+0000] {processor.py:153} INFO - Started process (PID=1597) to work on /home/airflow/.local/lib/python3.7/site-packages/airflow/example_dags/example_skip_dag.py
[2024-04-06T09:46:27.970+0000] {processor.py:743} INFO - Processing file /home/airflow/.local/lib/python3.7/site-packages/airflow/example_dags/example_skip_dag.py for tasks to queue
[2024-04-06T09:46:27.970+0000] {logging_mixin.py:137} INFO - [2024-04-06T09:46:27.970+0000] {dagbag.py:538} INFO - Filling up the DagBag from /home/airflow/.local/lib/python3.7/site-packages/airflow/example_dags/example_skip_dag.py
[2024-04-06T09:46:27.981+0000] {processor.py:753} INFO - DAG(s) dict_keys(['example_skip_dag']) retrieved from /home/airflow/.local/lib/python3.7/site-packages/airflow/example_dags/example_skip_dag.py
[2024-04-06T09:46:28.002+0000] {logging_mixin.py:137} INFO - [2024-04-06T09:46:28.002+0000] {dag.py:2690} INFO - Sync 1 DAGs
[2024-04-06T09:46:28.023+0000] {logging_mixin.py:137} INFO - [2024-04-06T09:46:28.023+0000] {dag.py:3441} INFO - Setting next_dagrun for example_skip_dag to 2024-04-05T09:46:28.022931+00:00, run_after=2024-04-06T09:46:28.022931+00:00
[2024-04-06T09:46:28.042+0000] {processor.py:175} INFO - Processing /home/airflow/.local/lib/python3.7/site-packages/airflow/example_dags/example_skip_dag.py took 0.075 seconds
[2024-04-06T09:46:58.337+0000] {processor.py:153} INFO - Started process (PID=1669) to work on /home/airflow/.local/lib/python3.7/site-packages/airflow/example_dags/example_skip_dag.py
[2024-04-06T09:46:58.338+0000] {processor.py:743} INFO - Processing file /home/airflow/.local/lib/python3.7/site-packages/airflow/example_dags/example_skip_dag.py for tasks to queue
[2024-04-06T09:46:58.338+0000] {logging_mixin.py:137} INFO - [2024-04-06T09:46:58.338+0000] {dagbag.py:538} INFO - Filling up the DagBag from /home/airflow/.local/lib/python3.7/site-packages/airflow/example_dags/example_skip_dag.py
[2024-04-06T09:46:58.351+0000] {processor.py:753} INFO - DAG(s) dict_keys(['example_skip_dag']) retrieved from /home/airflow/.local/lib/python3.7/site-packages/airflow/example_dags/example_skip_dag.py
[2024-04-06T09:46:58.374+0000] {logging_mixin.py:137} INFO - [2024-04-06T09:46:58.374+0000] {dag.py:2690} INFO - Sync 1 DAGs
[2024-04-06T09:46:58.400+0000] {logging_mixin.py:137} INFO - [2024-04-06T09:46:58.399+0000] {dag.py:3441} INFO - Setting next_dagrun for example_skip_dag to 2024-04-05T09:46:58.399633+00:00, run_after=2024-04-06T09:46:58.399633+00:00
[2024-04-06T09:46:58.420+0000] {processor.py:175} INFO - Processing /home/airflow/.local/lib/python3.7/site-packages/airflow/example_dags/example_skip_dag.py took 0.087 seconds
[2024-04-06T09:47:28.856+0000] {processor.py:153} INFO - Started process (PID=1757) to work on /home/airflow/.local/lib/python3.7/site-packages/airflow/example_dags/example_skip_dag.py
[2024-04-06T09:47:28.857+0000] {processor.py:743} INFO - Processing file /home/airflow/.local/lib/python3.7/site-packages/airflow/example_dags/example_skip_dag.py for tasks to queue
[2024-04-06T09:47:28.857+0000] {logging_mixin.py:137} INFO - [2024-04-06T09:47:28.857+0000] {dagbag.py:538} INFO - Filling up the DagBag from /home/airflow/.local/lib/python3.7/site-packages/airflow/example_dags/example_skip_dag.py
[2024-04-06T09:47:28.869+0000] {processor.py:753} INFO - DAG(s) dict_keys(['example_skip_dag']) retrieved from /home/airflow/.local/lib/python3.7/site-packages/airflow/example_dags/example_skip_dag.py
[2024-04-06T09:47:28.893+0000] {logging_mixin.py:137} INFO - [2024-04-06T09:47:28.893+0000] {dag.py:2690} INFO - Sync 1 DAGs
[2024-04-06T09:47:28.918+0000] {logging_mixin.py:137} INFO - [2024-04-06T09:47:28.917+0000] {dag.py:3441} INFO - Setting next_dagrun for example_skip_dag to 2024-04-05T09:47:28.917580+00:00, run_after=2024-04-06T09:47:28.917580+00:00
[2024-04-06T09:47:28.935+0000] {processor.py:175} INFO - Processing /home/airflow/.local/lib/python3.7/site-packages/airflow/example_dags/example_skip_dag.py took 0.081 seconds
[2024-04-06T09:47:59.042+0000] {processor.py:153} INFO - Started process (PID=1829) to work on /home/airflow/.local/lib/python3.7/site-packages/airflow/example_dags/example_skip_dag.py
[2024-04-06T09:47:59.043+0000] {processor.py:743} INFO - Processing file /home/airflow/.local/lib/python3.7/site-packages/airflow/example_dags/example_skip_dag.py for tasks to queue
[2024-04-06T09:47:59.043+0000] {logging_mixin.py:137} INFO - [2024-04-06T09:47:59.043+0000] {dagbag.py:538} INFO - Filling up the DagBag from /home/airflow/.local/lib/python3.7/site-packages/airflow/example_dags/example_skip_dag.py
[2024-04-06T09:47:59.054+0000] {processor.py:753} INFO - DAG(s) dict_keys(['example_skip_dag']) retrieved from /home/airflow/.local/lib/python3.7/site-packages/airflow/example_dags/example_skip_dag.py
[2024-04-06T09:47:59.074+0000] {logging_mixin.py:137} INFO - [2024-04-06T09:47:59.074+0000] {dag.py:2690} INFO - Sync 1 DAGs
[2024-04-06T09:47:59.095+0000] {logging_mixin.py:137} INFO - [2024-04-06T09:47:59.095+0000] {dag.py:3441} INFO - Setting next_dagrun for example_skip_dag to 2024-04-05T09:47:59.095165+00:00, run_after=2024-04-06T09:47:59.095165+00:00
[2024-04-06T09:47:59.113+0000] {processor.py:175} INFO - Processing /home/airflow/.local/lib/python3.7/site-packages/airflow/example_dags/example_skip_dag.py took 0.073 seconds
[2024-04-06T09:48:29.612+0000] {processor.py:153} INFO - Started process (PID=1917) to work on /home/airflow/.local/lib/python3.7/site-packages/airflow/example_dags/example_skip_dag.py
[2024-04-06T09:48:29.613+0000] {processor.py:743} INFO - Processing file /home/airflow/.local/lib/python3.7/site-packages/airflow/example_dags/example_skip_dag.py for tasks to queue
[2024-04-06T09:48:29.613+0000] {logging_mixin.py:137} INFO - [2024-04-06T09:48:29.613+0000] {dagbag.py:538} INFO - Filling up the DagBag from /home/airflow/.local/lib/python3.7/site-packages/airflow/example_dags/example_skip_dag.py
[2024-04-06T09:48:29.625+0000] {processor.py:753} INFO - DAG(s) dict_keys(['example_skip_dag']) retrieved from /home/airflow/.local/lib/python3.7/site-packages/airflow/example_dags/example_skip_dag.py
[2024-04-06T09:48:29.654+0000] {logging_mixin.py:137} INFO - [2024-04-06T09:48:29.654+0000] {dag.py:2690} INFO - Sync 1 DAGs
[2024-04-06T09:48:29.686+0000] {logging_mixin.py:137} INFO - [2024-04-06T09:48:29.686+0000] {dag.py:3441} INFO - Setting next_dagrun for example_skip_dag to 2024-04-05T09:48:29.685590+00:00, run_after=2024-04-06T09:48:29.685590+00:00
[2024-04-06T09:48:29.719+0000] {processor.py:175} INFO - Processing /home/airflow/.local/lib/python3.7/site-packages/airflow/example_dags/example_skip_dag.py took 0.109 seconds
[2024-04-06T09:49:00.715+0000] {processor.py:153} INFO - Started process (PID=1989) to work on /home/airflow/.local/lib/python3.7/site-packages/airflow/example_dags/example_skip_dag.py
[2024-04-06T09:49:00.716+0000] {processor.py:743} INFO - Processing file /home/airflow/.local/lib/python3.7/site-packages/airflow/example_dags/example_skip_dag.py for tasks to queue
[2024-04-06T09:49:00.716+0000] {logging_mixin.py:137} INFO - [2024-04-06T09:49:00.716+0000] {dagbag.py:538} INFO - Filling up the DagBag from /home/airflow/.local/lib/python3.7/site-packages/airflow/example_dags/example_skip_dag.py
[2024-04-06T09:49:00.737+0000] {processor.py:753} INFO - DAG(s) dict_keys(['example_skip_dag']) retrieved from /home/airflow/.local/lib/python3.7/site-packages/airflow/example_dags/example_skip_dag.py
[2024-04-06T09:49:00.776+0000] {logging_mixin.py:137} INFO - [2024-04-06T09:49:00.776+0000] {dag.py:2690} INFO - Sync 1 DAGs
[2024-04-06T09:49:00.809+0000] {logging_mixin.py:137} INFO - [2024-04-06T09:49:00.809+0000] {dag.py:3441} INFO - Setting next_dagrun for example_skip_dag to 2024-04-05T09:49:00.809163+00:00, run_after=2024-04-06T09:49:00.809163+00:00
[2024-04-06T09:49:00.837+0000] {processor.py:175} INFO - Processing /home/airflow/.local/lib/python3.7/site-packages/airflow/example_dags/example_skip_dag.py took 0.126 seconds
[2024-04-06T09:50:15.470+0000] {processor.py:153} INFO - Started process (PID=87) to work on /home/airflow/.local/lib/python3.7/site-packages/airflow/example_dags/example_skip_dag.py
[2024-04-06T09:50:15.471+0000] {processor.py:743} INFO - Processing file /home/airflow/.local/lib/python3.7/site-packages/airflow/example_dags/example_skip_dag.py for tasks to queue
[2024-04-06T09:50:15.472+0000] {logging_mixin.py:137} INFO - [2024-04-06T09:50:15.472+0000] {dagbag.py:538} INFO - Filling up the DagBag from /home/airflow/.local/lib/python3.7/site-packages/airflow/example_dags/example_skip_dag.py
[2024-04-06T09:50:15.493+0000] {processor.py:753} INFO - DAG(s) dict_keys(['example_skip_dag']) retrieved from /home/airflow/.local/lib/python3.7/site-packages/airflow/example_dags/example_skip_dag.py
[2024-04-06T09:50:15.531+0000] {logging_mixin.py:137} INFO - [2024-04-06T09:50:15.531+0000] {dag.py:2690} INFO - Sync 1 DAGs
[2024-04-06T09:50:15.581+0000] {logging_mixin.py:137} INFO - [2024-04-06T09:50:15.580+0000] {dag.py:3441} INFO - Setting next_dagrun for example_skip_dag to 2024-04-05T09:50:15.579833+00:00, run_after=2024-04-06T09:50:15.579833+00:00
[2024-04-06T09:50:15.629+0000] {processor.py:175} INFO - Processing /home/airflow/.local/lib/python3.7/site-packages/airflow/example_dags/example_skip_dag.py took 0.163 seconds
[2024-04-06T09:50:46.356+0000] {processor.py:153} INFO - Started process (PID=143) to work on /home/airflow/.local/lib/python3.7/site-packages/airflow/example_dags/example_skip_dag.py
[2024-04-06T09:50:46.357+0000] {processor.py:743} INFO - Processing file /home/airflow/.local/lib/python3.7/site-packages/airflow/example_dags/example_skip_dag.py for tasks to queue
[2024-04-06T09:50:46.358+0000] {logging_mixin.py:137} INFO - [2024-04-06T09:50:46.358+0000] {dagbag.py:538} INFO - Filling up the DagBag from /home/airflow/.local/lib/python3.7/site-packages/airflow/example_dags/example_skip_dag.py
[2024-04-06T09:50:46.373+0000] {processor.py:753} INFO - DAG(s) dict_keys(['example_skip_dag']) retrieved from /home/airflow/.local/lib/python3.7/site-packages/airflow/example_dags/example_skip_dag.py
[2024-04-06T09:50:46.406+0000] {logging_mixin.py:137} INFO - [2024-04-06T09:50:46.405+0000] {dag.py:2690} INFO - Sync 1 DAGs
[2024-04-06T09:50:46.443+0000] {logging_mixin.py:137} INFO - [2024-04-06T09:50:46.443+0000] {dag.py:3441} INFO - Setting next_dagrun for example_skip_dag to 2024-04-05T09:50:46.443140+00:00, run_after=2024-04-06T09:50:46.443140+00:00
[2024-04-06T09:50:46.468+0000] {processor.py:175} INFO - Processing /home/airflow/.local/lib/python3.7/site-packages/airflow/example_dags/example_skip_dag.py took 0.115 seconds
[2024-04-06T09:51:16.944+0000] {processor.py:153} INFO - Started process (PID=232) to work on /home/airflow/.local/lib/python3.7/site-packages/airflow/example_dags/example_skip_dag.py
[2024-04-06T09:51:16.944+0000] {processor.py:743} INFO - Processing file /home/airflow/.local/lib/python3.7/site-packages/airflow/example_dags/example_skip_dag.py for tasks to queue
[2024-04-06T09:51:16.945+0000] {logging_mixin.py:137} INFO - [2024-04-06T09:51:16.945+0000] {dagbag.py:538} INFO - Filling up the DagBag from /home/airflow/.local/lib/python3.7/site-packages/airflow/example_dags/example_skip_dag.py
[2024-04-06T09:51:16.956+0000] {processor.py:753} INFO - DAG(s) dict_keys(['example_skip_dag']) retrieved from /home/airflow/.local/lib/python3.7/site-packages/airflow/example_dags/example_skip_dag.py
[2024-04-06T09:51:16.978+0000] {logging_mixin.py:137} INFO - [2024-04-06T09:51:16.978+0000] {dag.py:2690} INFO - Sync 1 DAGs
[2024-04-06T09:51:17.000+0000] {logging_mixin.py:137} INFO - [2024-04-06T09:51:17.000+0000] {dag.py:3441} INFO - Setting next_dagrun for example_skip_dag to 2024-04-05T09:51:16.999925+00:00, run_after=2024-04-06T09:51:16.999925+00:00
[2024-04-06T09:51:17.016+0000] {processor.py:175} INFO - Processing /home/airflow/.local/lib/python3.7/site-packages/airflow/example_dags/example_skip_dag.py took 0.075 seconds
[2024-04-06T09:58:25.776+0000] {processor.py:153} INFO - Started process (PID=88) to work on /home/airflow/.local/lib/python3.7/site-packages/airflow/example_dags/example_skip_dag.py
[2024-04-06T09:58:25.777+0000] {processor.py:743} INFO - Processing file /home/airflow/.local/lib/python3.7/site-packages/airflow/example_dags/example_skip_dag.py for tasks to queue
[2024-04-06T09:58:25.778+0000] {logging_mixin.py:137} INFO - [2024-04-06T09:58:25.778+0000] {dagbag.py:538} INFO - Filling up the DagBag from /home/airflow/.local/lib/python3.7/site-packages/airflow/example_dags/example_skip_dag.py
[2024-04-06T09:58:25.803+0000] {processor.py:753} INFO - DAG(s) dict_keys(['example_skip_dag']) retrieved from /home/airflow/.local/lib/python3.7/site-packages/airflow/example_dags/example_skip_dag.py
[2024-04-06T09:58:25.824+0000] {logging_mixin.py:137} INFO - [2024-04-06T09:58:25.823+0000] {dag.py:2690} INFO - Sync 1 DAGs
[2024-04-06T09:58:25.871+0000] {logging_mixin.py:137} INFO - [2024-04-06T09:58:25.871+0000] {dag.py:3441} INFO - Setting next_dagrun for example_skip_dag to 2024-04-05T09:58:25.871251+00:00, run_after=2024-04-06T09:58:25.871251+00:00
[2024-04-06T09:58:25.903+0000] {processor.py:175} INFO - Processing /home/airflow/.local/lib/python3.7/site-packages/airflow/example_dags/example_skip_dag.py took 0.133 seconds
[2024-04-06T09:58:56.561+0000] {processor.py:153} INFO - Started process (PID=160) to work on /home/airflow/.local/lib/python3.7/site-packages/airflow/example_dags/example_skip_dag.py
[2024-04-06T09:58:56.562+0000] {processor.py:743} INFO - Processing file /home/airflow/.local/lib/python3.7/site-packages/airflow/example_dags/example_skip_dag.py for tasks to queue
[2024-04-06T09:58:56.563+0000] {logging_mixin.py:137} INFO - [2024-04-06T09:58:56.563+0000] {dagbag.py:538} INFO - Filling up the DagBag from /home/airflow/.local/lib/python3.7/site-packages/airflow/example_dags/example_skip_dag.py
[2024-04-06T09:58:56.578+0000] {processor.py:753} INFO - DAG(s) dict_keys(['example_skip_dag']) retrieved from /home/airflow/.local/lib/python3.7/site-packages/airflow/example_dags/example_skip_dag.py
[2024-04-06T09:58:56.594+0000] {logging_mixin.py:137} INFO - [2024-04-06T09:58:56.594+0000] {dag.py:2690} INFO - Sync 1 DAGs
[2024-04-06T09:58:56.629+0000] {logging_mixin.py:137} INFO - [2024-04-06T09:58:56.629+0000] {dag.py:3441} INFO - Setting next_dagrun for example_skip_dag to 2024-04-05T09:58:56.629416+00:00, run_after=2024-04-06T09:58:56.629416+00:00
[2024-04-06T09:58:56.649+0000] {processor.py:175} INFO - Processing /home/airflow/.local/lib/python3.7/site-packages/airflow/example_dags/example_skip_dag.py took 0.090 seconds
[2024-04-06T09:59:28.718+0000] {processor.py:153} INFO - Started process (PID=241) to work on /home/airflow/.local/lib/python3.7/site-packages/airflow/example_dags/example_skip_dag.py
[2024-04-06T09:59:28.719+0000] {processor.py:743} INFO - Processing file /home/airflow/.local/lib/python3.7/site-packages/airflow/example_dags/example_skip_dag.py for tasks to queue
[2024-04-06T09:59:28.720+0000] {logging_mixin.py:137} INFO - [2024-04-06T09:59:28.720+0000] {dagbag.py:538} INFO - Filling up the DagBag from /home/airflow/.local/lib/python3.7/site-packages/airflow/example_dags/example_skip_dag.py
[2024-04-06T09:59:28.741+0000] {processor.py:753} INFO - DAG(s) dict_keys(['example_skip_dag']) retrieved from /home/airflow/.local/lib/python3.7/site-packages/airflow/example_dags/example_skip_dag.py
[2024-04-06T09:59:28.778+0000] {logging_mixin.py:137} INFO - [2024-04-06T09:59:28.777+0000] {dag.py:2690} INFO - Sync 1 DAGs
[2024-04-06T09:59:28.816+0000] {logging_mixin.py:137} INFO - [2024-04-06T09:59:28.816+0000] {dag.py:3441} INFO - Setting next_dagrun for example_skip_dag to 2024-04-05T09:59:28.816024+00:00, run_after=2024-04-06T09:59:28.816024+00:00
[2024-04-06T09:59:28.851+0000] {processor.py:175} INFO - Processing /home/airflow/.local/lib/python3.7/site-packages/airflow/example_dags/example_skip_dag.py took 0.136 seconds
[2024-04-06T09:59:59.367+0000] {processor.py:153} INFO - Started process (PID=304) to work on /home/airflow/.local/lib/python3.7/site-packages/airflow/example_dags/example_skip_dag.py
[2024-04-06T09:59:59.368+0000] {processor.py:743} INFO - Processing file /home/airflow/.local/lib/python3.7/site-packages/airflow/example_dags/example_skip_dag.py for tasks to queue
[2024-04-06T09:59:59.369+0000] {logging_mixin.py:137} INFO - [2024-04-06T09:59:59.369+0000] {dagbag.py:538} INFO - Filling up the DagBag from /home/airflow/.local/lib/python3.7/site-packages/airflow/example_dags/example_skip_dag.py
[2024-04-06T09:59:59.384+0000] {processor.py:753} INFO - DAG(s) dict_keys(['example_skip_dag']) retrieved from /home/airflow/.local/lib/python3.7/site-packages/airflow/example_dags/example_skip_dag.py
[2024-04-06T09:59:59.410+0000] {logging_mixin.py:137} INFO - [2024-04-06T09:59:59.410+0000] {dag.py:2690} INFO - Sync 1 DAGs
[2024-04-06T09:59:59.440+0000] {logging_mixin.py:137} INFO - [2024-04-06T09:59:59.440+0000] {dag.py:3441} INFO - Setting next_dagrun for example_skip_dag to 2024-04-05T09:59:59.439732+00:00, run_after=2024-04-06T09:59:59.439732+00:00
[2024-04-06T09:59:59.460+0000] {processor.py:175} INFO - Processing /home/airflow/.local/lib/python3.7/site-packages/airflow/example_dags/example_skip_dag.py took 0.095 seconds
[2024-04-06T10:00:29.558+0000] {processor.py:153} INFO - Started process (PID=376) to work on /home/airflow/.local/lib/python3.7/site-packages/airflow/example_dags/example_skip_dag.py
[2024-04-06T10:00:29.558+0000] {processor.py:743} INFO - Processing file /home/airflow/.local/lib/python3.7/site-packages/airflow/example_dags/example_skip_dag.py for tasks to queue
[2024-04-06T10:00:29.559+0000] {logging_mixin.py:137} INFO - [2024-04-06T10:00:29.559+0000] {dagbag.py:538} INFO - Filling up the DagBag from /home/airflow/.local/lib/python3.7/site-packages/airflow/example_dags/example_skip_dag.py
[2024-04-06T10:00:29.573+0000] {processor.py:753} INFO - DAG(s) dict_keys(['example_skip_dag']) retrieved from /home/airflow/.local/lib/python3.7/site-packages/airflow/example_dags/example_skip_dag.py
[2024-04-06T10:00:29.598+0000] {logging_mixin.py:137} INFO - [2024-04-06T10:00:29.597+0000] {dag.py:2690} INFO - Sync 1 DAGs
[2024-04-06T10:00:29.625+0000] {logging_mixin.py:137} INFO - [2024-04-06T10:00:29.624+0000] {dag.py:3441} INFO - Setting next_dagrun for example_skip_dag to 2024-04-05T10:00:29.624626+00:00, run_after=2024-04-06T10:00:29.624626+00:00
[2024-04-06T10:00:29.645+0000] {processor.py:175} INFO - Processing /home/airflow/.local/lib/python3.7/site-packages/airflow/example_dags/example_skip_dag.py took 0.090 seconds
[2024-04-06T10:00:59.983+0000] {processor.py:153} INFO - Started process (PID=464) to work on /home/airflow/.local/lib/python3.7/site-packages/airflow/example_dags/example_skip_dag.py
[2024-04-06T10:00:59.984+0000] {processor.py:743} INFO - Processing file /home/airflow/.local/lib/python3.7/site-packages/airflow/example_dags/example_skip_dag.py for tasks to queue
[2024-04-06T10:00:59.984+0000] {logging_mixin.py:137} INFO - [2024-04-06T10:00:59.984+0000] {dagbag.py:538} INFO - Filling up the DagBag from /home/airflow/.local/lib/python3.7/site-packages/airflow/example_dags/example_skip_dag.py
[2024-04-06T10:00:59.995+0000] {processor.py:753} INFO - DAG(s) dict_keys(['example_skip_dag']) retrieved from /home/airflow/.local/lib/python3.7/site-packages/airflow/example_dags/example_skip_dag.py
[2024-04-06T10:01:00.016+0000] {logging_mixin.py:137} INFO - [2024-04-06T10:01:00.015+0000] {dag.py:2690} INFO - Sync 1 DAGs
[2024-04-06T10:01:00.039+0000] {logging_mixin.py:137} INFO - [2024-04-06T10:01:00.038+0000] {dag.py:3441} INFO - Setting next_dagrun for example_skip_dag to 2024-04-05T10:01:00.038764+00:00, run_after=2024-04-06T10:01:00.038764+00:00
[2024-04-06T10:01:00.055+0000] {processor.py:175} INFO - Processing /home/airflow/.local/lib/python3.7/site-packages/airflow/example_dags/example_skip_dag.py took 0.074 seconds
[2024-04-06T10:01:30.379+0000] {processor.py:153} INFO - Started process (PID=536) to work on /home/airflow/.local/lib/python3.7/site-packages/airflow/example_dags/example_skip_dag.py
[2024-04-06T10:01:30.379+0000] {processor.py:743} INFO - Processing file /home/airflow/.local/lib/python3.7/site-packages/airflow/example_dags/example_skip_dag.py for tasks to queue
[2024-04-06T10:01:30.380+0000] {logging_mixin.py:137} INFO - [2024-04-06T10:01:30.380+0000] {dagbag.py:538} INFO - Filling up the DagBag from /home/airflow/.local/lib/python3.7/site-packages/airflow/example_dags/example_skip_dag.py
[2024-04-06T10:01:30.393+0000] {processor.py:753} INFO - DAG(s) dict_keys(['example_skip_dag']) retrieved from /home/airflow/.local/lib/python3.7/site-packages/airflow/example_dags/example_skip_dag.py
[2024-04-06T10:01:30.416+0000] {logging_mixin.py:137} INFO - [2024-04-06T10:01:30.416+0000] {dag.py:2690} INFO - Sync 1 DAGs
[2024-04-06T10:01:30.440+0000] {logging_mixin.py:137} INFO - [2024-04-06T10:01:30.440+0000] {dag.py:3441} INFO - Setting next_dagrun for example_skip_dag to 2024-04-05T10:01:30.440253+00:00, run_after=2024-04-06T10:01:30.440253+00:00
[2024-04-06T10:01:30.457+0000] {processor.py:175} INFO - Processing /home/airflow/.local/lib/python3.7/site-packages/airflow/example_dags/example_skip_dag.py took 0.080 seconds
[2024-04-06T10:02:00.728+0000] {processor.py:153} INFO - Started process (PID=624) to work on /home/airflow/.local/lib/python3.7/site-packages/airflow/example_dags/example_skip_dag.py
[2024-04-06T10:02:00.728+0000] {processor.py:743} INFO - Processing file /home/airflow/.local/lib/python3.7/site-packages/airflow/example_dags/example_skip_dag.py for tasks to queue
[2024-04-06T10:02:00.729+0000] {logging_mixin.py:137} INFO - [2024-04-06T10:02:00.729+0000] {dagbag.py:538} INFO - Filling up the DagBag from /home/airflow/.local/lib/python3.7/site-packages/airflow/example_dags/example_skip_dag.py
[2024-04-06T10:02:00.742+0000] {processor.py:753} INFO - DAG(s) dict_keys(['example_skip_dag']) retrieved from /home/airflow/.local/lib/python3.7/site-packages/airflow/example_dags/example_skip_dag.py
[2024-04-06T10:02:00.764+0000] {logging_mixin.py:137} INFO - [2024-04-06T10:02:00.764+0000] {dag.py:2690} INFO - Sync 1 DAGs
[2024-04-06T10:02:00.788+0000] {logging_mixin.py:137} INFO - [2024-04-06T10:02:00.788+0000] {dag.py:3441} INFO - Setting next_dagrun for example_skip_dag to 2024-04-05T10:02:00.787964+00:00, run_after=2024-04-06T10:02:00.787964+00:00
[2024-04-06T10:02:00.806+0000] {processor.py:175} INFO - Processing /home/airflow/.local/lib/python3.7/site-packages/airflow/example_dags/example_skip_dag.py took 0.080 seconds
[2024-04-06T10:02:31.450+0000] {processor.py:153} INFO - Started process (PID=712) to work on /home/airflow/.local/lib/python3.7/site-packages/airflow/example_dags/example_skip_dag.py
[2024-04-06T10:02:31.451+0000] {processor.py:743} INFO - Processing file /home/airflow/.local/lib/python3.7/site-packages/airflow/example_dags/example_skip_dag.py for tasks to queue
[2024-04-06T10:02:31.452+0000] {logging_mixin.py:137} INFO - [2024-04-06T10:02:31.451+0000] {dagbag.py:538} INFO - Filling up the DagBag from /home/airflow/.local/lib/python3.7/site-packages/airflow/example_dags/example_skip_dag.py
[2024-04-06T10:02:31.463+0000] {processor.py:753} INFO - DAG(s) dict_keys(['example_skip_dag']) retrieved from /home/airflow/.local/lib/python3.7/site-packages/airflow/example_dags/example_skip_dag.py
[2024-04-06T10:02:31.486+0000] {logging_mixin.py:137} INFO - [2024-04-06T10:02:31.486+0000] {dag.py:2690} INFO - Sync 1 DAGs
[2024-04-06T10:02:31.508+0000] {logging_mixin.py:137} INFO - [2024-04-06T10:02:31.508+0000] {dag.py:3441} INFO - Setting next_dagrun for example_skip_dag to 2024-04-05T10:02:31.508335+00:00, run_after=2024-04-06T10:02:31.508335+00:00
[2024-04-06T10:02:31.525+0000] {processor.py:175} INFO - Processing /home/airflow/.local/lib/python3.7/site-packages/airflow/example_dags/example_skip_dag.py took 0.079 seconds
[2024-04-06T10:03:01.775+0000] {processor.py:153} INFO - Started process (PID=784) to work on /home/airflow/.local/lib/python3.7/site-packages/airflow/example_dags/example_skip_dag.py
[2024-04-06T10:03:01.776+0000] {processor.py:743} INFO - Processing file /home/airflow/.local/lib/python3.7/site-packages/airflow/example_dags/example_skip_dag.py for tasks to queue
[2024-04-06T10:03:01.776+0000] {logging_mixin.py:137} INFO - [2024-04-06T10:03:01.776+0000] {dagbag.py:538} INFO - Filling up the DagBag from /home/airflow/.local/lib/python3.7/site-packages/airflow/example_dags/example_skip_dag.py
[2024-04-06T10:03:01.786+0000] {processor.py:753} INFO - DAG(s) dict_keys(['example_skip_dag']) retrieved from /home/airflow/.local/lib/python3.7/site-packages/airflow/example_dags/example_skip_dag.py
[2024-04-06T10:03:01.805+0000] {logging_mixin.py:137} INFO - [2024-04-06T10:03:01.805+0000] {dag.py:2690} INFO - Sync 1 DAGs
[2024-04-06T10:03:01.827+0000] {logging_mixin.py:137} INFO - [2024-04-06T10:03:01.826+0000] {dag.py:3441} INFO - Setting next_dagrun for example_skip_dag to 2024-04-05T10:03:01.826680+00:00, run_after=2024-04-06T10:03:01.826680+00:00
[2024-04-06T10:03:01.842+0000] {processor.py:175} INFO - Processing /home/airflow/.local/lib/python3.7/site-packages/airflow/example_dags/example_skip_dag.py took 0.069 seconds
[2024-04-06T10:03:32.283+0000] {processor.py:153} INFO - Started process (PID=873) to work on /home/airflow/.local/lib/python3.7/site-packages/airflow/example_dags/example_skip_dag.py
[2024-04-06T10:03:32.284+0000] {processor.py:743} INFO - Processing file /home/airflow/.local/lib/python3.7/site-packages/airflow/example_dags/example_skip_dag.py for tasks to queue
[2024-04-06T10:03:32.285+0000] {logging_mixin.py:137} INFO - [2024-04-06T10:03:32.285+0000] {dagbag.py:538} INFO - Filling up the DagBag from /home/airflow/.local/lib/python3.7/site-packages/airflow/example_dags/example_skip_dag.py
[2024-04-06T10:03:32.296+0000] {processor.py:753} INFO - DAG(s) dict_keys(['example_skip_dag']) retrieved from /home/airflow/.local/lib/python3.7/site-packages/airflow/example_dags/example_skip_dag.py
[2024-04-06T10:03:32.320+0000] {logging_mixin.py:137} INFO - [2024-04-06T10:03:32.320+0000] {dag.py:2690} INFO - Sync 1 DAGs
[2024-04-06T10:03:32.342+0000] {logging_mixin.py:137} INFO - [2024-04-06T10:03:32.342+0000] {dag.py:3441} INFO - Setting next_dagrun for example_skip_dag to 2024-04-05T10:03:32.342033+00:00, run_after=2024-04-06T10:03:32.342033+00:00
[2024-04-06T10:03:32.358+0000] {processor.py:175} INFO - Processing /home/airflow/.local/lib/python3.7/site-packages/airflow/example_dags/example_skip_dag.py took 0.077 seconds
[2024-04-06T10:04:02.839+0000] {processor.py:153} INFO - Started process (PID=944) to work on /home/airflow/.local/lib/python3.7/site-packages/airflow/example_dags/example_skip_dag.py
[2024-04-06T10:04:02.839+0000] {processor.py:743} INFO - Processing file /home/airflow/.local/lib/python3.7/site-packages/airflow/example_dags/example_skip_dag.py for tasks to queue
[2024-04-06T10:04:02.840+0000] {logging_mixin.py:137} INFO - [2024-04-06T10:04:02.840+0000] {dagbag.py:538} INFO - Filling up the DagBag from /home/airflow/.local/lib/python3.7/site-packages/airflow/example_dags/example_skip_dag.py
[2024-04-06T10:04:02.854+0000] {processor.py:753} INFO - DAG(s) dict_keys(['example_skip_dag']) retrieved from /home/airflow/.local/lib/python3.7/site-packages/airflow/example_dags/example_skip_dag.py
[2024-04-06T10:04:02.879+0000] {logging_mixin.py:137} INFO - [2024-04-06T10:04:02.879+0000] {dag.py:2690} INFO - Sync 1 DAGs
[2024-04-06T10:04:02.906+0000] {logging_mixin.py:137} INFO - [2024-04-06T10:04:02.906+0000] {dag.py:3441} INFO - Setting next_dagrun for example_skip_dag to 2024-04-05T10:04:02.906030+00:00, run_after=2024-04-06T10:04:02.906030+00:00
[2024-04-06T10:04:02.927+0000] {processor.py:175} INFO - Processing /home/airflow/.local/lib/python3.7/site-packages/airflow/example_dags/example_skip_dag.py took 0.091 seconds
[2024-04-06T10:04:33.524+0000] {processor.py:153} INFO - Started process (PID=1032) to work on /home/airflow/.local/lib/python3.7/site-packages/airflow/example_dags/example_skip_dag.py
[2024-04-06T10:04:33.526+0000] {processor.py:743} INFO - Processing file /home/airflow/.local/lib/python3.7/site-packages/airflow/example_dags/example_skip_dag.py for tasks to queue
[2024-04-06T10:04:33.527+0000] {logging_mixin.py:137} INFO - [2024-04-06T10:04:33.527+0000] {dagbag.py:538} INFO - Filling up the DagBag from /home/airflow/.local/lib/python3.7/site-packages/airflow/example_dags/example_skip_dag.py
[2024-04-06T10:04:33.551+0000] {processor.py:753} INFO - DAG(s) dict_keys(['example_skip_dag']) retrieved from /home/airflow/.local/lib/python3.7/site-packages/airflow/example_dags/example_skip_dag.py
[2024-04-06T10:04:33.594+0000] {logging_mixin.py:137} INFO - [2024-04-06T10:04:33.593+0000] {dag.py:2690} INFO - Sync 1 DAGs
[2024-04-06T10:04:33.639+0000] {logging_mixin.py:137} INFO - [2024-04-06T10:04:33.639+0000] {dag.py:3441} INFO - Setting next_dagrun for example_skip_dag to 2024-04-05T10:04:33.639426+00:00, run_after=2024-04-06T10:04:33.639426+00:00
[2024-04-06T10:04:33.674+0000] {processor.py:175} INFO - Processing /home/airflow/.local/lib/python3.7/site-packages/airflow/example_dags/example_skip_dag.py took 0.155 seconds
[2024-04-06T10:05:04.468+0000] {processor.py:153} INFO - Started process (PID=1104) to work on /home/airflow/.local/lib/python3.7/site-packages/airflow/example_dags/example_skip_dag.py
[2024-04-06T10:05:04.469+0000] {processor.py:743} INFO - Processing file /home/airflow/.local/lib/python3.7/site-packages/airflow/example_dags/example_skip_dag.py for tasks to queue
[2024-04-06T10:05:04.469+0000] {logging_mixin.py:137} INFO - [2024-04-06T10:05:04.469+0000] {dagbag.py:538} INFO - Filling up the DagBag from /home/airflow/.local/lib/python3.7/site-packages/airflow/example_dags/example_skip_dag.py
[2024-04-06T10:05:04.491+0000] {processor.py:753} INFO - DAG(s) dict_keys(['example_skip_dag']) retrieved from /home/airflow/.local/lib/python3.7/site-packages/airflow/example_dags/example_skip_dag.py
[2024-04-06T10:05:04.526+0000] {logging_mixin.py:137} INFO - [2024-04-06T10:05:04.526+0000] {dag.py:2690} INFO - Sync 1 DAGs
[2024-04-06T10:05:04.553+0000] {logging_mixin.py:137} INFO - [2024-04-06T10:05:04.553+0000] {dag.py:3441} INFO - Setting next_dagrun for example_skip_dag to 2024-04-05T10:05:04.553468+00:00, run_after=2024-04-06T10:05:04.553468+00:00
[2024-04-06T10:05:04.573+0000] {processor.py:175} INFO - Processing /home/airflow/.local/lib/python3.7/site-packages/airflow/example_dags/example_skip_dag.py took 0.110 seconds
[2024-04-06T10:05:35.246+0000] {processor.py:153} INFO - Started process (PID=1192) to work on /home/airflow/.local/lib/python3.7/site-packages/airflow/example_dags/example_skip_dag.py
[2024-04-06T10:05:35.246+0000] {processor.py:743} INFO - Processing file /home/airflow/.local/lib/python3.7/site-packages/airflow/example_dags/example_skip_dag.py for tasks to queue
[2024-04-06T10:05:35.247+0000] {logging_mixin.py:137} INFO - [2024-04-06T10:05:35.247+0000] {dagbag.py:538} INFO - Filling up the DagBag from /home/airflow/.local/lib/python3.7/site-packages/airflow/example_dags/example_skip_dag.py
[2024-04-06T10:05:35.260+0000] {processor.py:753} INFO - DAG(s) dict_keys(['example_skip_dag']) retrieved from /home/airflow/.local/lib/python3.7/site-packages/airflow/example_dags/example_skip_dag.py
[2024-04-06T10:05:35.285+0000] {logging_mixin.py:137} INFO - [2024-04-06T10:05:35.285+0000] {dag.py:2690} INFO - Sync 1 DAGs
[2024-04-06T10:05:35.312+0000] {logging_mixin.py:137} INFO - [2024-04-06T10:05:35.312+0000] {dag.py:3441} INFO - Setting next_dagrun for example_skip_dag to 2024-04-05T10:05:35.312114+00:00, run_after=2024-04-06T10:05:35.312114+00:00
[2024-04-06T10:05:35.331+0000] {processor.py:175} INFO - Processing /home/airflow/.local/lib/python3.7/site-packages/airflow/example_dags/example_skip_dag.py took 0.088 seconds
[2024-04-06T10:06:07.149+0000] {processor.py:153} INFO - Started process (PID=1272) to work on /home/airflow/.local/lib/python3.7/site-packages/airflow/example_dags/example_skip_dag.py
[2024-04-06T10:06:07.150+0000] {processor.py:743} INFO - Processing file /home/airflow/.local/lib/python3.7/site-packages/airflow/example_dags/example_skip_dag.py for tasks to queue
[2024-04-06T10:06:07.151+0000] {logging_mixin.py:137} INFO - [2024-04-06T10:06:07.151+0000] {dagbag.py:538} INFO - Filling up the DagBag from /home/airflow/.local/lib/python3.7/site-packages/airflow/example_dags/example_skip_dag.py
[2024-04-06T10:06:07.179+0000] {processor.py:753} INFO - DAG(s) dict_keys(['example_skip_dag']) retrieved from /home/airflow/.local/lib/python3.7/site-packages/airflow/example_dags/example_skip_dag.py
[2024-04-06T10:06:07.238+0000] {logging_mixin.py:137} INFO - [2024-04-06T10:06:07.237+0000] {dag.py:2690} INFO - Sync 1 DAGs
[2024-04-06T10:06:07.309+0000] {logging_mixin.py:137} INFO - [2024-04-06T10:06:07.308+0000] {dag.py:3441} INFO - Setting next_dagrun for example_skip_dag to 2024-04-05T10:06:07.308157+00:00, run_after=2024-04-06T10:06:07.308157+00:00
[2024-04-06T10:06:07.351+0000] {processor.py:175} INFO - Processing /home/airflow/.local/lib/python3.7/site-packages/airflow/example_dags/example_skip_dag.py took 0.208 seconds
[2024-04-06T10:06:37.752+0000] {processor.py:153} INFO - Started process (PID=1346) to work on /home/airflow/.local/lib/python3.7/site-packages/airflow/example_dags/example_skip_dag.py
[2024-04-06T10:06:37.753+0000] {processor.py:743} INFO - Processing file /home/airflow/.local/lib/python3.7/site-packages/airflow/example_dags/example_skip_dag.py for tasks to queue
[2024-04-06T10:06:37.754+0000] {logging_mixin.py:137} INFO - [2024-04-06T10:06:37.754+0000] {dagbag.py:538} INFO - Filling up the DagBag from /home/airflow/.local/lib/python3.7/site-packages/airflow/example_dags/example_skip_dag.py
[2024-04-06T10:06:37.779+0000] {processor.py:753} INFO - DAG(s) dict_keys(['example_skip_dag']) retrieved from /home/airflow/.local/lib/python3.7/site-packages/airflow/example_dags/example_skip_dag.py
[2024-04-06T10:06:37.841+0000] {logging_mixin.py:137} INFO - [2024-04-06T10:06:37.841+0000] {dag.py:2690} INFO - Sync 1 DAGs
[2024-04-06T10:06:37.923+0000] {logging_mixin.py:137} INFO - [2024-04-06T10:06:37.922+0000] {dag.py:3441} INFO - Setting next_dagrun for example_skip_dag to 2024-04-05T10:06:37.922456+00:00, run_after=2024-04-06T10:06:37.922456+00:00
[2024-04-06T10:06:37.968+0000] {processor.py:175} INFO - Processing /home/airflow/.local/lib/python3.7/site-packages/airflow/example_dags/example_skip_dag.py took 0.222 seconds
[2024-04-06T10:07:08.218+0000] {processor.py:153} INFO - Started process (PID=1417) to work on /home/airflow/.local/lib/python3.7/site-packages/airflow/example_dags/example_skip_dag.py
[2024-04-06T10:07:08.219+0000] {processor.py:743} INFO - Processing file /home/airflow/.local/lib/python3.7/site-packages/airflow/example_dags/example_skip_dag.py for tasks to queue
[2024-04-06T10:07:08.221+0000] {logging_mixin.py:137} INFO - [2024-04-06T10:07:08.220+0000] {dagbag.py:538} INFO - Filling up the DagBag from /home/airflow/.local/lib/python3.7/site-packages/airflow/example_dags/example_skip_dag.py
[2024-04-06T10:07:08.247+0000] {processor.py:753} INFO - DAG(s) dict_keys(['example_skip_dag']) retrieved from /home/airflow/.local/lib/python3.7/site-packages/airflow/example_dags/example_skip_dag.py
[2024-04-06T10:07:08.301+0000] {logging_mixin.py:137} INFO - [2024-04-06T10:07:08.301+0000] {dag.py:2690} INFO - Sync 1 DAGs
[2024-04-06T10:07:08.366+0000] {logging_mixin.py:137} INFO - [2024-04-06T10:07:08.366+0000] {dag.py:3441} INFO - Setting next_dagrun for example_skip_dag to 2024-04-05T10:07:08.365528+00:00, run_after=2024-04-06T10:07:08.365528+00:00
[2024-04-06T10:07:08.416+0000] {processor.py:175} INFO - Processing /home/airflow/.local/lib/python3.7/site-packages/airflow/example_dags/example_skip_dag.py took 0.205 seconds
[2024-04-06T10:07:39.236+0000] {processor.py:153} INFO - Started process (PID=1496) to work on /home/airflow/.local/lib/python3.7/site-packages/airflow/example_dags/example_skip_dag.py
[2024-04-06T10:07:39.237+0000] {processor.py:743} INFO - Processing file /home/airflow/.local/lib/python3.7/site-packages/airflow/example_dags/example_skip_dag.py for tasks to queue
[2024-04-06T10:07:39.238+0000] {logging_mixin.py:137} INFO - [2024-04-06T10:07:39.238+0000] {dagbag.py:538} INFO - Filling up the DagBag from /home/airflow/.local/lib/python3.7/site-packages/airflow/example_dags/example_skip_dag.py
[2024-04-06T10:07:39.262+0000] {processor.py:753} INFO - DAG(s) dict_keys(['example_skip_dag']) retrieved from /home/airflow/.local/lib/python3.7/site-packages/airflow/example_dags/example_skip_dag.py
[2024-04-06T10:07:39.307+0000] {logging_mixin.py:137} INFO - [2024-04-06T10:07:39.307+0000] {dag.py:2690} INFO - Sync 1 DAGs
[2024-04-06T10:07:39.353+0000] {logging_mixin.py:137} INFO - [2024-04-06T10:07:39.352+0000] {dag.py:3441} INFO - Setting next_dagrun for example_skip_dag to 2024-04-05T10:07:39.352497+00:00, run_after=2024-04-06T10:07:39.352497+00:00
[2024-04-06T10:07:39.387+0000] {processor.py:175} INFO - Processing /home/airflow/.local/lib/python3.7/site-packages/airflow/example_dags/example_skip_dag.py took 0.157 seconds
[2024-04-06T10:08:09.738+0000] {processor.py:153} INFO - Started process (PID=1568) to work on /home/airflow/.local/lib/python3.7/site-packages/airflow/example_dags/example_skip_dag.py
[2024-04-06T10:08:09.739+0000] {processor.py:743} INFO - Processing file /home/airflow/.local/lib/python3.7/site-packages/airflow/example_dags/example_skip_dag.py for tasks to queue
[2024-04-06T10:08:09.741+0000] {logging_mixin.py:137} INFO - [2024-04-06T10:08:09.740+0000] {dagbag.py:538} INFO - Filling up the DagBag from /home/airflow/.local/lib/python3.7/site-packages/airflow/example_dags/example_skip_dag.py
[2024-04-06T10:08:09.775+0000] {processor.py:753} INFO - DAG(s) dict_keys(['example_skip_dag']) retrieved from /home/airflow/.local/lib/python3.7/site-packages/airflow/example_dags/example_skip_dag.py
[2024-04-06T10:08:09.826+0000] {logging_mixin.py:137} INFO - [2024-04-06T10:08:09.826+0000] {dag.py:2690} INFO - Sync 1 DAGs
[2024-04-06T10:08:09.890+0000] {logging_mixin.py:137} INFO - [2024-04-06T10:08:09.890+0000] {dag.py:3441} INFO - Setting next_dagrun for example_skip_dag to 2024-04-05T10:08:09.889574+00:00, run_after=2024-04-06T10:08:09.889574+00:00
[2024-04-06T10:08:09.937+0000] {processor.py:175} INFO - Processing /home/airflow/.local/lib/python3.7/site-packages/airflow/example_dags/example_skip_dag.py took 0.205 seconds
[2024-04-06T10:08:40.703+0000] {processor.py:153} INFO - Started process (PID=1640) to work on /home/airflow/.local/lib/python3.7/site-packages/airflow/example_dags/example_skip_dag.py
[2024-04-06T10:08:40.705+0000] {processor.py:743} INFO - Processing file /home/airflow/.local/lib/python3.7/site-packages/airflow/example_dags/example_skip_dag.py for tasks to queue
[2024-04-06T10:08:40.706+0000] {logging_mixin.py:137} INFO - [2024-04-06T10:08:40.706+0000] {dagbag.py:538} INFO - Filling up the DagBag from /home/airflow/.local/lib/python3.7/site-packages/airflow/example_dags/example_skip_dag.py
[2024-04-06T10:08:40.737+0000] {processor.py:753} INFO - DAG(s) dict_keys(['example_skip_dag']) retrieved from /home/airflow/.local/lib/python3.7/site-packages/airflow/example_dags/example_skip_dag.py
[2024-04-06T10:08:40.791+0000] {logging_mixin.py:137} INFO - [2024-04-06T10:08:40.791+0000] {dag.py:2690} INFO - Sync 1 DAGs
[2024-04-06T10:08:40.848+0000] {logging_mixin.py:137} INFO - [2024-04-06T10:08:40.848+0000] {dag.py:3441} INFO - Setting next_dagrun for example_skip_dag to 2024-04-05T10:08:40.847844+00:00, run_after=2024-04-06T10:08:40.847844+00:00
[2024-04-06T10:08:40.889+0000] {processor.py:175} INFO - Processing /home/airflow/.local/lib/python3.7/site-packages/airflow/example_dags/example_skip_dag.py took 0.192 seconds
[2024-04-06T10:09:11.257+0000] {processor.py:153} INFO - Started process (PID=1712) to work on /home/airflow/.local/lib/python3.7/site-packages/airflow/example_dags/example_skip_dag.py
[2024-04-06T10:09:11.259+0000] {processor.py:743} INFO - Processing file /home/airflow/.local/lib/python3.7/site-packages/airflow/example_dags/example_skip_dag.py for tasks to queue
[2024-04-06T10:09:11.260+0000] {logging_mixin.py:137} INFO - [2024-04-06T10:09:11.260+0000] {dagbag.py:538} INFO - Filling up the DagBag from /home/airflow/.local/lib/python3.7/site-packages/airflow/example_dags/example_skip_dag.py
[2024-04-06T10:09:11.301+0000] {processor.py:753} INFO - DAG(s) dict_keys(['example_skip_dag']) retrieved from /home/airflow/.local/lib/python3.7/site-packages/airflow/example_dags/example_skip_dag.py
[2024-04-06T10:09:11.357+0000] {logging_mixin.py:137} INFO - [2024-04-06T10:09:11.357+0000] {dag.py:2690} INFO - Sync 1 DAGs
[2024-04-06T10:09:11.422+0000] {logging_mixin.py:137} INFO - [2024-04-06T10:09:11.421+0000] {dag.py:3441} INFO - Setting next_dagrun for example_skip_dag to 2024-04-05T10:09:11.420839+00:00, run_after=2024-04-06T10:09:11.420839+00:00
[2024-04-06T10:09:11.474+0000] {processor.py:175} INFO - Processing /home/airflow/.local/lib/python3.7/site-packages/airflow/example_dags/example_skip_dag.py took 0.225 seconds
[2024-04-06T10:09:42.321+0000] {processor.py:153} INFO - Started process (PID=1785) to work on /home/airflow/.local/lib/python3.7/site-packages/airflow/example_dags/example_skip_dag.py
[2024-04-06T10:09:42.323+0000] {processor.py:743} INFO - Processing file /home/airflow/.local/lib/python3.7/site-packages/airflow/example_dags/example_skip_dag.py for tasks to queue
[2024-04-06T10:09:42.324+0000] {logging_mixin.py:137} INFO - [2024-04-06T10:09:42.323+0000] {dagbag.py:538} INFO - Filling up the DagBag from /home/airflow/.local/lib/python3.7/site-packages/airflow/example_dags/example_skip_dag.py
[2024-04-06T10:09:42.351+0000] {processor.py:753} INFO - DAG(s) dict_keys(['example_skip_dag']) retrieved from /home/airflow/.local/lib/python3.7/site-packages/airflow/example_dags/example_skip_dag.py
[2024-04-06T10:09:42.406+0000] {logging_mixin.py:137} INFO - [2024-04-06T10:09:42.406+0000] {dag.py:2690} INFO - Sync 1 DAGs
[2024-04-06T10:09:42.479+0000] {logging_mixin.py:137} INFO - [2024-04-06T10:09:42.478+0000] {dag.py:3441} INFO - Setting next_dagrun for example_skip_dag to 2024-04-05T10:09:42.478181+00:00, run_after=2024-04-06T10:09:42.478181+00:00
[2024-04-06T10:09:42.522+0000] {processor.py:175} INFO - Processing /home/airflow/.local/lib/python3.7/site-packages/airflow/example_dags/example_skip_dag.py took 0.206 seconds
[2024-04-06T10:10:13.557+0000] {processor.py:153} INFO - Started process (PID=1856) to work on /home/airflow/.local/lib/python3.7/site-packages/airflow/example_dags/example_skip_dag.py
[2024-04-06T10:10:13.558+0000] {processor.py:743} INFO - Processing file /home/airflow/.local/lib/python3.7/site-packages/airflow/example_dags/example_skip_dag.py for tasks to queue
[2024-04-06T10:10:13.560+0000] {logging_mixin.py:137} INFO - [2024-04-06T10:10:13.559+0000] {dagbag.py:538} INFO - Filling up the DagBag from /home/airflow/.local/lib/python3.7/site-packages/airflow/example_dags/example_skip_dag.py
[2024-04-06T10:10:13.586+0000] {processor.py:753} INFO - DAG(s) dict_keys(['example_skip_dag']) retrieved from /home/airflow/.local/lib/python3.7/site-packages/airflow/example_dags/example_skip_dag.py
[2024-04-06T10:10:13.636+0000] {logging_mixin.py:137} INFO - [2024-04-06T10:10:13.635+0000] {dag.py:2690} INFO - Sync 1 DAGs
[2024-04-06T10:10:13.686+0000] {logging_mixin.py:137} INFO - [2024-04-06T10:10:13.686+0000] {dag.py:3441} INFO - Setting next_dagrun for example_skip_dag to 2024-04-05T10:10:13.685855+00:00, run_after=2024-04-06T10:10:13.685855+00:00
[2024-04-06T10:10:13.731+0000] {processor.py:175} INFO - Processing /home/airflow/.local/lib/python3.7/site-packages/airflow/example_dags/example_skip_dag.py took 0.179 seconds
[2024-04-06T10:10:44.090+0000] {processor.py:153} INFO - Started process (PID=1928) to work on /home/airflow/.local/lib/python3.7/site-packages/airflow/example_dags/example_skip_dag.py
[2024-04-06T10:10:44.091+0000] {processor.py:743} INFO - Processing file /home/airflow/.local/lib/python3.7/site-packages/airflow/example_dags/example_skip_dag.py for tasks to queue
[2024-04-06T10:10:44.092+0000] {logging_mixin.py:137} INFO - [2024-04-06T10:10:44.092+0000] {dagbag.py:538} INFO - Filling up the DagBag from /home/airflow/.local/lib/python3.7/site-packages/airflow/example_dags/example_skip_dag.py
[2024-04-06T10:10:44.117+0000] {processor.py:753} INFO - DAG(s) dict_keys(['example_skip_dag']) retrieved from /home/airflow/.local/lib/python3.7/site-packages/airflow/example_dags/example_skip_dag.py
[2024-04-06T10:10:44.163+0000] {logging_mixin.py:137} INFO - [2024-04-06T10:10:44.163+0000] {dag.py:2690} INFO - Sync 1 DAGs
[2024-04-06T10:10:44.215+0000] {logging_mixin.py:137} INFO - [2024-04-06T10:10:44.215+0000] {dag.py:3441} INFO - Setting next_dagrun for example_skip_dag to 2024-04-05T10:10:44.214905+00:00, run_after=2024-04-06T10:10:44.214905+00:00
[2024-04-06T10:10:44.259+0000] {processor.py:175} INFO - Processing /home/airflow/.local/lib/python3.7/site-packages/airflow/example_dags/example_skip_dag.py took 0.174 seconds
[2024-04-06T10:11:14.625+0000] {processor.py:153} INFO - Started process (PID=2000) to work on /home/airflow/.local/lib/python3.7/site-packages/airflow/example_dags/example_skip_dag.py
[2024-04-06T10:11:14.626+0000] {processor.py:743} INFO - Processing file /home/airflow/.local/lib/python3.7/site-packages/airflow/example_dags/example_skip_dag.py for tasks to queue
[2024-04-06T10:11:14.628+0000] {logging_mixin.py:137} INFO - [2024-04-06T10:11:14.628+0000] {dagbag.py:538} INFO - Filling up the DagBag from /home/airflow/.local/lib/python3.7/site-packages/airflow/example_dags/example_skip_dag.py
[2024-04-06T10:11:14.668+0000] {processor.py:753} INFO - DAG(s) dict_keys(['example_skip_dag']) retrieved from /home/airflow/.local/lib/python3.7/site-packages/airflow/example_dags/example_skip_dag.py
[2024-04-06T10:11:14.716+0000] {logging_mixin.py:137} INFO - [2024-04-06T10:11:14.716+0000] {dag.py:2690} INFO - Sync 1 DAGs
[2024-04-06T10:11:14.780+0000] {logging_mixin.py:137} INFO - [2024-04-06T10:11:14.779+0000] {dag.py:3441} INFO - Setting next_dagrun for example_skip_dag to 2024-04-05T10:11:14.779548+00:00, run_after=2024-04-06T10:11:14.779548+00:00
[2024-04-06T10:11:14.820+0000] {processor.py:175} INFO - Processing /home/airflow/.local/lib/python3.7/site-packages/airflow/example_dags/example_skip_dag.py took 0.203 seconds
[2024-04-06T10:11:45.289+0000] {processor.py:153} INFO - Started process (PID=2072) to work on /home/airflow/.local/lib/python3.7/site-packages/airflow/example_dags/example_skip_dag.py
[2024-04-06T10:11:45.290+0000] {processor.py:743} INFO - Processing file /home/airflow/.local/lib/python3.7/site-packages/airflow/example_dags/example_skip_dag.py for tasks to queue
[2024-04-06T10:11:45.291+0000] {logging_mixin.py:137} INFO - [2024-04-06T10:11:45.291+0000] {dagbag.py:538} INFO - Filling up the DagBag from /home/airflow/.local/lib/python3.7/site-packages/airflow/example_dags/example_skip_dag.py
[2024-04-06T10:11:45.317+0000] {processor.py:753} INFO - DAG(s) dict_keys(['example_skip_dag']) retrieved from /home/airflow/.local/lib/python3.7/site-packages/airflow/example_dags/example_skip_dag.py
[2024-04-06T10:11:45.362+0000] {logging_mixin.py:137} INFO - [2024-04-06T10:11:45.362+0000] {dag.py:2690} INFO - Sync 1 DAGs
[2024-04-06T10:11:45.416+0000] {logging_mixin.py:137} INFO - [2024-04-06T10:11:45.415+0000] {dag.py:3441} INFO - Setting next_dagrun for example_skip_dag to 2024-04-05T10:11:45.415407+00:00, run_after=2024-04-06T10:11:45.415407+00:00
[2024-04-06T10:11:45.456+0000] {processor.py:175} INFO - Processing /home/airflow/.local/lib/python3.7/site-packages/airflow/example_dags/example_skip_dag.py took 0.172 seconds
[2024-04-06T10:12:15.817+0000] {processor.py:153} INFO - Started process (PID=2153) to work on /home/airflow/.local/lib/python3.7/site-packages/airflow/example_dags/example_skip_dag.py
[2024-04-06T10:12:15.819+0000] {processor.py:743} INFO - Processing file /home/airflow/.local/lib/python3.7/site-packages/airflow/example_dags/example_skip_dag.py for tasks to queue
[2024-04-06T10:12:15.821+0000] {logging_mixin.py:137} INFO - [2024-04-06T10:12:15.820+0000] {dagbag.py:538} INFO - Filling up the DagBag from /home/airflow/.local/lib/python3.7/site-packages/airflow/example_dags/example_skip_dag.py
[2024-04-06T10:12:15.856+0000] {processor.py:753} INFO - DAG(s) dict_keys(['example_skip_dag']) retrieved from /home/airflow/.local/lib/python3.7/site-packages/airflow/example_dags/example_skip_dag.py
[2024-04-06T10:12:15.917+0000] {logging_mixin.py:137} INFO - [2024-04-06T10:12:15.917+0000] {dag.py:2690} INFO - Sync 1 DAGs
[2024-04-06T10:12:15.990+0000] {logging_mixin.py:137} INFO - [2024-04-06T10:12:15.990+0000] {dag.py:3441} INFO - Setting next_dagrun for example_skip_dag to 2024-04-05T10:12:15.990069+00:00, run_after=2024-04-06T10:12:15.990069+00:00
[2024-04-06T10:12:16.033+0000] {processor.py:175} INFO - Processing /home/airflow/.local/lib/python3.7/site-packages/airflow/example_dags/example_skip_dag.py took 0.223 seconds
[2024-04-06T10:12:46.447+0000] {processor.py:153} INFO - Started process (PID=2225) to work on /home/airflow/.local/lib/python3.7/site-packages/airflow/example_dags/example_skip_dag.py
[2024-04-06T10:12:46.448+0000] {processor.py:743} INFO - Processing file /home/airflow/.local/lib/python3.7/site-packages/airflow/example_dags/example_skip_dag.py for tasks to queue
[2024-04-06T10:12:46.449+0000] {logging_mixin.py:137} INFO - [2024-04-06T10:12:46.449+0000] {dagbag.py:538} INFO - Filling up the DagBag from /home/airflow/.local/lib/python3.7/site-packages/airflow/example_dags/example_skip_dag.py
[2024-04-06T10:12:46.479+0000] {processor.py:753} INFO - DAG(s) dict_keys(['example_skip_dag']) retrieved from /home/airflow/.local/lib/python3.7/site-packages/airflow/example_dags/example_skip_dag.py
[2024-04-06T10:12:46.530+0000] {logging_mixin.py:137} INFO - [2024-04-06T10:12:46.530+0000] {dag.py:2690} INFO - Sync 1 DAGs
[2024-04-06T10:12:46.583+0000] {logging_mixin.py:137} INFO - [2024-04-06T10:12:46.583+0000] {dag.py:3441} INFO - Setting next_dagrun for example_skip_dag to 2024-04-05T10:12:46.582696+00:00, run_after=2024-04-06T10:12:46.582696+00:00
[2024-04-06T10:12:46.620+0000] {processor.py:175} INFO - Processing /home/airflow/.local/lib/python3.7/site-packages/airflow/example_dags/example_skip_dag.py took 0.181 seconds
[2024-04-06T10:42:05.896+0000] {processor.py:161} INFO - Started process (PID=74) to work on /home/airflow/.local/lib/python3.8/site-packages/airflow/example_dags/example_skip_dag.py
[2024-04-06T10:42:05.897+0000] {processor.py:830} INFO - Processing file /home/airflow/.local/lib/python3.8/site-packages/airflow/example_dags/example_skip_dag.py for tasks to queue
[2024-04-06T10:42:05.898+0000] {logging_mixin.py:188} INFO - [2024-04-06T10:42:05.898+0000] {dagbag.py:540} INFO - Filling up the DagBag from /home/airflow/.local/lib/python3.8/site-packages/airflow/example_dags/example_skip_dag.py
[2024-04-06T10:42:05.904+0000] {processor.py:840} INFO - DAG(s) 'example_skip_dag' retrieved from /home/airflow/.local/lib/python3.8/site-packages/airflow/example_dags/example_skip_dag.py
[2024-04-06T10:42:05.989+0000] {logging_mixin.py:188} INFO - [2024-04-06T10:42:05.988+0000] {override.py:1769} INFO - Created Permission View: can delete on DAG:example_skip_dag
[2024-04-06T10:42:05.997+0000] {logging_mixin.py:188} INFO - [2024-04-06T10:42:05.996+0000] {override.py:1769} INFO - Created Permission View: can read on DAG:example_skip_dag
[2024-04-06T10:42:06.003+0000] {logging_mixin.py:188} INFO - [2024-04-06T10:42:06.002+0000] {override.py:1769} INFO - Created Permission View: can edit on DAG:example_skip_dag
[2024-04-06T10:42:06.003+0000] {logging_mixin.py:188} INFO - [2024-04-06T10:42:06.003+0000] {dag.py:3047} INFO - Sync 1 DAGs
[2024-04-06T10:42:06.012+0000] {logging_mixin.py:188} INFO - [2024-04-06T10:42:06.011+0000] {dag.py:3069} INFO - Creating ORM DAG for example_skip_dag
[2024-04-06T10:42:06.020+0000] {logging_mixin.py:188} INFO - [2024-04-06T10:42:06.020+0000] {dag.py:3834} INFO - Setting next_dagrun for example_skip_dag to 2024-04-05 00:00:00+00:00, run_after=2024-04-06 00:00:00+00:00
[2024-04-06T10:42:06.033+0000] {processor.py:183} INFO - Processing /home/airflow/.local/lib/python3.8/site-packages/airflow/example_dags/example_skip_dag.py took 0.140 seconds
[2024-04-06T10:42:36.098+0000] {processor.py:161} INFO - Started process (PID=130) to work on /home/airflow/.local/lib/python3.8/site-packages/airflow/example_dags/example_skip_dag.py
[2024-04-06T10:42:36.098+0000] {processor.py:830} INFO - Processing file /home/airflow/.local/lib/python3.8/site-packages/airflow/example_dags/example_skip_dag.py for tasks to queue
[2024-04-06T10:42:36.099+0000] {logging_mixin.py:188} INFO - [2024-04-06T10:42:36.099+0000] {dagbag.py:540} INFO - Filling up the DagBag from /home/airflow/.local/lib/python3.8/site-packages/airflow/example_dags/example_skip_dag.py
[2024-04-06T10:42:36.103+0000] {processor.py:840} INFO - DAG(s) 'example_skip_dag' retrieved from /home/airflow/.local/lib/python3.8/site-packages/airflow/example_dags/example_skip_dag.py
[2024-04-06T10:42:36.116+0000] {logging_mixin.py:188} INFO - [2024-04-06T10:42:36.116+0000] {dag.py:3047} INFO - Sync 1 DAGs
[2024-04-06T10:42:36.129+0000] {logging_mixin.py:188} INFO - [2024-04-06T10:42:36.129+0000] {dag.py:3834} INFO - Setting next_dagrun for example_skip_dag to 2024-04-05 00:00:00+00:00, run_after=2024-04-06 00:00:00+00:00
[2024-04-06T10:42:36.140+0000] {processor.py:183} INFO - Processing /home/airflow/.local/lib/python3.8/site-packages/airflow/example_dags/example_skip_dag.py took 0.044 seconds
[2024-04-06T10:43:06.862+0000] {processor.py:161} INFO - Started process (PID=186) to work on /home/airflow/.local/lib/python3.8/site-packages/airflow/example_dags/example_skip_dag.py
[2024-04-06T10:43:06.873+0000] {processor.py:830} INFO - Processing file /home/airflow/.local/lib/python3.8/site-packages/airflow/example_dags/example_skip_dag.py for tasks to queue
[2024-04-06T10:43:06.874+0000] {logging_mixin.py:188} INFO - [2024-04-06T10:43:06.874+0000] {dagbag.py:540} INFO - Filling up the DagBag from /home/airflow/.local/lib/python3.8/site-packages/airflow/example_dags/example_skip_dag.py
[2024-04-06T10:43:06.895+0000] {processor.py:840} INFO - DAG(s) 'example_skip_dag' retrieved from /home/airflow/.local/lib/python3.8/site-packages/airflow/example_dags/example_skip_dag.py
[2024-04-06T10:43:06.907+0000] {logging_mixin.py:188} INFO - [2024-04-06T10:43:06.907+0000] {dag.py:3047} INFO - Sync 1 DAGs
[2024-04-06T10:43:06.923+0000] {logging_mixin.py:188} INFO - [2024-04-06T10:43:06.923+0000] {dag.py:3834} INFO - Setting next_dagrun for example_skip_dag to 2024-04-05 00:00:00+00:00, run_after=2024-04-06 00:00:00+00:00
[2024-04-06T10:43:06.933+0000] {processor.py:183} INFO - Processing /home/airflow/.local/lib/python3.8/site-packages/airflow/example_dags/example_skip_dag.py took 0.073 seconds
[2024-04-06T10:43:37.632+0000] {processor.py:161} INFO - Started process (PID=242) to work on /home/airflow/.local/lib/python3.8/site-packages/airflow/example_dags/example_skip_dag.py
[2024-04-06T10:43:37.632+0000] {processor.py:830} INFO - Processing file /home/airflow/.local/lib/python3.8/site-packages/airflow/example_dags/example_skip_dag.py for tasks to queue
[2024-04-06T10:43:37.633+0000] {logging_mixin.py:188} INFO - [2024-04-06T10:43:37.633+0000] {dagbag.py:540} INFO - Filling up the DagBag from /home/airflow/.local/lib/python3.8/site-packages/airflow/example_dags/example_skip_dag.py
[2024-04-06T10:43:37.637+0000] {processor.py:840} INFO - DAG(s) 'example_skip_dag' retrieved from /home/airflow/.local/lib/python3.8/site-packages/airflow/example_dags/example_skip_dag.py
[2024-04-06T10:43:37.649+0000] {logging_mixin.py:188} INFO - [2024-04-06T10:43:37.649+0000] {dag.py:3047} INFO - Sync 1 DAGs
[2024-04-06T10:43:37.662+0000] {logging_mixin.py:188} INFO - [2024-04-06T10:43:37.662+0000] {dag.py:3834} INFO - Setting next_dagrun for example_skip_dag to 2024-04-05 00:00:00+00:00, run_after=2024-04-06 00:00:00+00:00
[2024-04-06T10:43:37.672+0000] {processor.py:183} INFO - Processing /home/airflow/.local/lib/python3.8/site-packages/airflow/example_dags/example_skip_dag.py took 0.042 seconds
[2024-04-06T10:44:08.347+0000] {processor.py:161} INFO - Started process (PID=298) to work on /home/airflow/.local/lib/python3.8/site-packages/airflow/example_dags/example_skip_dag.py
[2024-04-06T10:44:08.348+0000] {processor.py:830} INFO - Processing file /home/airflow/.local/lib/python3.8/site-packages/airflow/example_dags/example_skip_dag.py for tasks to queue
[2024-04-06T10:44:08.349+0000] {logging_mixin.py:188} INFO - [2024-04-06T10:44:08.348+0000] {dagbag.py:540} INFO - Filling up the DagBag from /home/airflow/.local/lib/python3.8/site-packages/airflow/example_dags/example_skip_dag.py
[2024-04-06T10:44:08.352+0000] {processor.py:840} INFO - DAG(s) 'example_skip_dag' retrieved from /home/airflow/.local/lib/python3.8/site-packages/airflow/example_dags/example_skip_dag.py
[2024-04-06T10:44:08.366+0000] {logging_mixin.py:188} INFO - [2024-04-06T10:44:08.366+0000] {dag.py:3047} INFO - Sync 1 DAGs
[2024-04-06T10:44:08.381+0000] {logging_mixin.py:188} INFO - [2024-04-06T10:44:08.381+0000] {dag.py:3834} INFO - Setting next_dagrun for example_skip_dag to 2024-04-05 00:00:00+00:00, run_after=2024-04-06 00:00:00+00:00
[2024-04-06T10:44:08.392+0000] {processor.py:183} INFO - Processing /home/airflow/.local/lib/python3.8/site-packages/airflow/example_dags/example_skip_dag.py took 0.047 seconds
[2024-04-06T10:44:39.082+0000] {processor.py:161} INFO - Started process (PID=354) to work on /home/airflow/.local/lib/python3.8/site-packages/airflow/example_dags/example_skip_dag.py
[2024-04-06T10:44:39.083+0000] {processor.py:830} INFO - Processing file /home/airflow/.local/lib/python3.8/site-packages/airflow/example_dags/example_skip_dag.py for tasks to queue
[2024-04-06T10:44:39.084+0000] {logging_mixin.py:188} INFO - [2024-04-06T10:44:39.084+0000] {dagbag.py:540} INFO - Filling up the DagBag from /home/airflow/.local/lib/python3.8/site-packages/airflow/example_dags/example_skip_dag.py
[2024-04-06T10:44:39.088+0000] {processor.py:840} INFO - DAG(s) 'example_skip_dag' retrieved from /home/airflow/.local/lib/python3.8/site-packages/airflow/example_dags/example_skip_dag.py
[2024-04-06T10:44:39.100+0000] {logging_mixin.py:188} INFO - [2024-04-06T10:44:39.100+0000] {dag.py:3047} INFO - Sync 1 DAGs
[2024-04-06T10:44:39.113+0000] {logging_mixin.py:188} INFO - [2024-04-06T10:44:39.113+0000] {dag.py:3834} INFO - Setting next_dagrun for example_skip_dag to 2024-04-05 00:00:00+00:00, run_after=2024-04-06 00:00:00+00:00
[2024-04-06T10:44:39.126+0000] {processor.py:183} INFO - Processing /home/airflow/.local/lib/python3.8/site-packages/airflow/example_dags/example_skip_dag.py took 0.045 seconds
[2024-04-06T10:45:09.307+0000] {processor.py:161} INFO - Started process (PID=410) to work on /home/airflow/.local/lib/python3.8/site-packages/airflow/example_dags/example_skip_dag.py
[2024-04-06T10:45:09.308+0000] {processor.py:830} INFO - Processing file /home/airflow/.local/lib/python3.8/site-packages/airflow/example_dags/example_skip_dag.py for tasks to queue
[2024-04-06T10:45:09.309+0000] {logging_mixin.py:188} INFO - [2024-04-06T10:45:09.309+0000] {dagbag.py:540} INFO - Filling up the DagBag from /home/airflow/.local/lib/python3.8/site-packages/airflow/example_dags/example_skip_dag.py
[2024-04-06T10:45:09.313+0000] {processor.py:840} INFO - DAG(s) 'example_skip_dag' retrieved from /home/airflow/.local/lib/python3.8/site-packages/airflow/example_dags/example_skip_dag.py
[2024-04-06T10:45:09.330+0000] {logging_mixin.py:188} INFO - [2024-04-06T10:45:09.329+0000] {dag.py:3047} INFO - Sync 1 DAGs
[2024-04-06T10:45:09.343+0000] {logging_mixin.py:188} INFO - [2024-04-06T10:45:09.343+0000] {dag.py:3834} INFO - Setting next_dagrun for example_skip_dag to 2024-04-05 00:00:00+00:00, run_after=2024-04-06 00:00:00+00:00
[2024-04-06T10:45:09.353+0000] {processor.py:183} INFO - Processing /home/airflow/.local/lib/python3.8/site-packages/airflow/example_dags/example_skip_dag.py took 0.048 seconds
