[2024-04-06T09:36:47.267+0000] {processor.py:153} INFO - Started process (PID=53) to work on /home/airflow/.local/lib/python3.7/site-packages/airflow/example_dags/example_latest_only.py
[2024-04-06T09:36:47.268+0000] {processor.py:743} INFO - Processing file /home/airflow/.local/lib/python3.7/site-packages/airflow/example_dags/example_latest_only.py for tasks to queue
[2024-04-06T09:36:47.269+0000] {logging_mixin.py:137} INFO - [2024-04-06T09:36:47.269+0000] {dagbag.py:538} INFO - Filling up the DagBag from /home/airflow/.local/lib/python3.7/site-packages/airflow/example_dags/example_latest_only.py
[2024-04-06T09:36:47.293+0000] {processor.py:753} INFO - DAG(s) dict_keys(['latest_only']) retrieved from /home/airflow/.local/lib/python3.7/site-packages/airflow/example_dags/example_latest_only.py
[2024-04-06T09:36:47.345+0000] {logging_mixin.py:137} INFO - [2024-04-06T09:36:47.345+0000] {dag.py:2690} INFO - Sync 1 DAGs
[2024-04-06T09:36:47.386+0000] {logging_mixin.py:137} INFO - [2024-04-06T09:36:47.386+0000] {dag.py:3441} INFO - Setting next_dagrun for latest_only to 2024-04-06T05:36:47.386153+00:00, run_after=2024-04-06T09:36:47.386153+00:00
[2024-04-06T09:36:47.430+0000] {processor.py:175} INFO - Processing /home/airflow/.local/lib/python3.7/site-packages/airflow/example_dags/example_latest_only.py took 0.168 seconds
[2024-04-06T09:37:17.625+0000] {processor.py:153} INFO - Started process (PID=132) to work on /home/airflow/.local/lib/python3.7/site-packages/airflow/example_dags/example_latest_only.py
[2024-04-06T09:37:17.626+0000] {processor.py:743} INFO - Processing file /home/airflow/.local/lib/python3.7/site-packages/airflow/example_dags/example_latest_only.py for tasks to queue
[2024-04-06T09:37:17.626+0000] {logging_mixin.py:137} INFO - [2024-04-06T09:37:17.626+0000] {dagbag.py:538} INFO - Filling up the DagBag from /home/airflow/.local/lib/python3.7/site-packages/airflow/example_dags/example_latest_only.py
[2024-04-06T09:37:17.639+0000] {processor.py:753} INFO - DAG(s) dict_keys(['latest_only']) retrieved from /home/airflow/.local/lib/python3.7/site-packages/airflow/example_dags/example_latest_only.py
[2024-04-06T09:37:17.651+0000] {logging_mixin.py:137} INFO - [2024-04-06T09:37:17.651+0000] {dag.py:2690} INFO - Sync 1 DAGs
[2024-04-06T09:37:17.682+0000] {logging_mixin.py:137} INFO - [2024-04-06T09:37:17.682+0000] {dag.py:3441} INFO - Setting next_dagrun for latest_only to 2024-04-06T05:37:17.682075+00:00, run_after=2024-04-06T09:37:17.682075+00:00
[2024-04-06T09:37:17.702+0000] {processor.py:175} INFO - Processing /home/airflow/.local/lib/python3.7/site-packages/airflow/example_dags/example_latest_only.py took 0.079 seconds
[2024-04-06T09:37:48.140+0000] {processor.py:153} INFO - Started process (PID=204) to work on /home/airflow/.local/lib/python3.7/site-packages/airflow/example_dags/example_latest_only.py
[2024-04-06T09:37:48.141+0000] {processor.py:743} INFO - Processing file /home/airflow/.local/lib/python3.7/site-packages/airflow/example_dags/example_latest_only.py for tasks to queue
[2024-04-06T09:37:48.142+0000] {logging_mixin.py:137} INFO - [2024-04-06T09:37:48.142+0000] {dagbag.py:538} INFO - Filling up the DagBag from /home/airflow/.local/lib/python3.7/site-packages/airflow/example_dags/example_latest_only.py
[2024-04-06T09:37:48.159+0000] {processor.py:753} INFO - DAG(s) dict_keys(['latest_only']) retrieved from /home/airflow/.local/lib/python3.7/site-packages/airflow/example_dags/example_latest_only.py
[2024-04-06T09:37:48.196+0000] {logging_mixin.py:137} INFO - [2024-04-06T09:37:48.196+0000] {dag.py:2690} INFO - Sync 1 DAGs
[2024-04-06T09:37:48.229+0000] {logging_mixin.py:137} INFO - [2024-04-06T09:37:48.228+0000] {dag.py:3441} INFO - Setting next_dagrun for latest_only to 2024-04-06T05:37:48.228682+00:00, run_after=2024-04-06T09:37:48.228682+00:00
[2024-04-06T09:37:48.255+0000] {processor.py:175} INFO - Processing /home/airflow/.local/lib/python3.7/site-packages/airflow/example_dags/example_latest_only.py took 0.119 seconds
[2024-04-06T09:38:19.188+0000] {processor.py:153} INFO - Started process (PID=292) to work on /home/airflow/.local/lib/python3.7/site-packages/airflow/example_dags/example_latest_only.py
[2024-04-06T09:38:19.189+0000] {processor.py:743} INFO - Processing file /home/airflow/.local/lib/python3.7/site-packages/airflow/example_dags/example_latest_only.py for tasks to queue
[2024-04-06T09:38:19.189+0000] {logging_mixin.py:137} INFO - [2024-04-06T09:38:19.189+0000] {dagbag.py:538} INFO - Filling up the DagBag from /home/airflow/.local/lib/python3.7/site-packages/airflow/example_dags/example_latest_only.py
[2024-04-06T09:38:19.203+0000] {processor.py:753} INFO - DAG(s) dict_keys(['latest_only']) retrieved from /home/airflow/.local/lib/python3.7/site-packages/airflow/example_dags/example_latest_only.py
[2024-04-06T09:38:19.228+0000] {logging_mixin.py:137} INFO - [2024-04-06T09:38:19.228+0000] {dag.py:2690} INFO - Sync 1 DAGs
[2024-04-06T09:38:19.254+0000] {logging_mixin.py:137} INFO - [2024-04-06T09:38:19.253+0000] {dag.py:3441} INFO - Setting next_dagrun for latest_only to 2024-04-06T05:38:19.253692+00:00, run_after=2024-04-06T09:38:19.253692+00:00
[2024-04-06T09:38:19.271+0000] {processor.py:175} INFO - Processing /home/airflow/.local/lib/python3.7/site-packages/airflow/example_dags/example_latest_only.py took 0.086 seconds
[2024-04-06T09:38:49.545+0000] {processor.py:153} INFO - Started process (PID=363) to work on /home/airflow/.local/lib/python3.7/site-packages/airflow/example_dags/example_latest_only.py
[2024-04-06T09:38:49.546+0000] {processor.py:743} INFO - Processing file /home/airflow/.local/lib/python3.7/site-packages/airflow/example_dags/example_latest_only.py for tasks to queue
[2024-04-06T09:38:49.547+0000] {logging_mixin.py:137} INFO - [2024-04-06T09:38:49.546+0000] {dagbag.py:538} INFO - Filling up the DagBag from /home/airflow/.local/lib/python3.7/site-packages/airflow/example_dags/example_latest_only.py
[2024-04-06T09:38:49.557+0000] {processor.py:753} INFO - DAG(s) dict_keys(['latest_only']) retrieved from /home/airflow/.local/lib/python3.7/site-packages/airflow/example_dags/example_latest_only.py
[2024-04-06T09:38:49.578+0000] {logging_mixin.py:137} INFO - [2024-04-06T09:38:49.578+0000] {dag.py:2690} INFO - Sync 1 DAGs
[2024-04-06T09:38:49.599+0000] {logging_mixin.py:137} INFO - [2024-04-06T09:38:49.599+0000] {dag.py:3441} INFO - Setting next_dagrun for latest_only to 2024-04-06T05:38:49.599407+00:00, run_after=2024-04-06T09:38:49.599407+00:00
[2024-04-06T09:38:49.616+0000] {processor.py:175} INFO - Processing /home/airflow/.local/lib/python3.7/site-packages/airflow/example_dags/example_latest_only.py took 0.072 seconds
[2024-04-06T09:39:19.757+0000] {processor.py:153} INFO - Started process (PID=452) to work on /home/airflow/.local/lib/python3.7/site-packages/airflow/example_dags/example_latest_only.py
[2024-04-06T09:39:19.757+0000] {processor.py:743} INFO - Processing file /home/airflow/.local/lib/python3.7/site-packages/airflow/example_dags/example_latest_only.py for tasks to queue
[2024-04-06T09:39:19.758+0000] {logging_mixin.py:137} INFO - [2024-04-06T09:39:19.758+0000] {dagbag.py:538} INFO - Filling up the DagBag from /home/airflow/.local/lib/python3.7/site-packages/airflow/example_dags/example_latest_only.py
[2024-04-06T09:39:19.772+0000] {processor.py:753} INFO - DAG(s) dict_keys(['latest_only']) retrieved from /home/airflow/.local/lib/python3.7/site-packages/airflow/example_dags/example_latest_only.py
[2024-04-06T09:39:19.799+0000] {logging_mixin.py:137} INFO - [2024-04-06T09:39:19.799+0000] {dag.py:2690} INFO - Sync 1 DAGs
[2024-04-06T09:39:19.827+0000] {logging_mixin.py:137} INFO - [2024-04-06T09:39:19.827+0000] {dag.py:3441} INFO - Setting next_dagrun for latest_only to 2024-04-06T05:39:19.827080+00:00, run_after=2024-04-06T09:39:19.827080+00:00
[2024-04-06T09:39:19.843+0000] {processor.py:175} INFO - Processing /home/airflow/.local/lib/python3.7/site-packages/airflow/example_dags/example_latest_only.py took 0.089 seconds
[2024-04-06T09:39:49.940+0000] {processor.py:153} INFO - Started process (PID=523) to work on /home/airflow/.local/lib/python3.7/site-packages/airflow/example_dags/example_latest_only.py
[2024-04-06T09:39:49.941+0000] {processor.py:743} INFO - Processing file /home/airflow/.local/lib/python3.7/site-packages/airflow/example_dags/example_latest_only.py for tasks to queue
[2024-04-06T09:39:49.941+0000] {logging_mixin.py:137} INFO - [2024-04-06T09:39:49.941+0000] {dagbag.py:538} INFO - Filling up the DagBag from /home/airflow/.local/lib/python3.7/site-packages/airflow/example_dags/example_latest_only.py
[2024-04-06T09:39:49.951+0000] {processor.py:753} INFO - DAG(s) dict_keys(['latest_only']) retrieved from /home/airflow/.local/lib/python3.7/site-packages/airflow/example_dags/example_latest_only.py
[2024-04-06T09:39:49.971+0000] {logging_mixin.py:137} INFO - [2024-04-06T09:39:49.971+0000] {dag.py:2690} INFO - Sync 1 DAGs
[2024-04-06T09:39:49.993+0000] {logging_mixin.py:137} INFO - [2024-04-06T09:39:49.993+0000] {dag.py:3441} INFO - Setting next_dagrun for latest_only to 2024-04-06T05:39:49.993205+00:00, run_after=2024-04-06T09:39:49.993205+00:00
[2024-04-06T09:39:50.008+0000] {processor.py:175} INFO - Processing /home/airflow/.local/lib/python3.7/site-packages/airflow/example_dags/example_latest_only.py took 0.070 seconds
[2024-04-06T09:40:20.315+0000] {processor.py:153} INFO - Started process (PID=611) to work on /home/airflow/.local/lib/python3.7/site-packages/airflow/example_dags/example_latest_only.py
[2024-04-06T09:40:20.316+0000] {processor.py:743} INFO - Processing file /home/airflow/.local/lib/python3.7/site-packages/airflow/example_dags/example_latest_only.py for tasks to queue
[2024-04-06T09:40:20.317+0000] {logging_mixin.py:137} INFO - [2024-04-06T09:40:20.316+0000] {dagbag.py:538} INFO - Filling up the DagBag from /home/airflow/.local/lib/python3.7/site-packages/airflow/example_dags/example_latest_only.py
[2024-04-06T09:40:20.328+0000] {processor.py:753} INFO - DAG(s) dict_keys(['latest_only']) retrieved from /home/airflow/.local/lib/python3.7/site-packages/airflow/example_dags/example_latest_only.py
[2024-04-06T09:40:20.352+0000] {logging_mixin.py:137} INFO - [2024-04-06T09:40:20.352+0000] {dag.py:2690} INFO - Sync 1 DAGs
[2024-04-06T09:40:20.375+0000] {logging_mixin.py:137} INFO - [2024-04-06T09:40:20.375+0000] {dag.py:3441} INFO - Setting next_dagrun for latest_only to 2024-04-06T05:40:20.375099+00:00, run_after=2024-04-06T09:40:20.375099+00:00
[2024-04-06T09:40:20.394+0000] {processor.py:175} INFO - Processing /home/airflow/.local/lib/python3.7/site-packages/airflow/example_dags/example_latest_only.py took 0.081 seconds
[2024-04-06T09:40:50.597+0000] {processor.py:153} INFO - Started process (PID=683) to work on /home/airflow/.local/lib/python3.7/site-packages/airflow/example_dags/example_latest_only.py
[2024-04-06T09:40:50.598+0000] {processor.py:743} INFO - Processing file /home/airflow/.local/lib/python3.7/site-packages/airflow/example_dags/example_latest_only.py for tasks to queue
[2024-04-06T09:40:50.599+0000] {logging_mixin.py:137} INFO - [2024-04-06T09:40:50.598+0000] {dagbag.py:538} INFO - Filling up the DagBag from /home/airflow/.local/lib/python3.7/site-packages/airflow/example_dags/example_latest_only.py
[2024-04-06T09:40:50.612+0000] {processor.py:753} INFO - DAG(s) dict_keys(['latest_only']) retrieved from /home/airflow/.local/lib/python3.7/site-packages/airflow/example_dags/example_latest_only.py
[2024-04-06T09:40:50.635+0000] {logging_mixin.py:137} INFO - [2024-04-06T09:40:50.635+0000] {dag.py:2690} INFO - Sync 1 DAGs
[2024-04-06T09:40:50.661+0000] {logging_mixin.py:137} INFO - [2024-04-06T09:40:50.661+0000] {dag.py:3441} INFO - Setting next_dagrun for latest_only to 2024-04-06T05:40:50.661302+00:00, run_after=2024-04-06T09:40:50.661302+00:00
[2024-04-06T09:40:50.679+0000] {processor.py:175} INFO - Processing /home/airflow/.local/lib/python3.7/site-packages/airflow/example_dags/example_latest_only.py took 0.084 seconds
[2024-04-06T09:41:20.957+0000] {processor.py:153} INFO - Started process (PID=771) to work on /home/airflow/.local/lib/python3.7/site-packages/airflow/example_dags/example_latest_only.py
[2024-04-06T09:41:20.958+0000] {processor.py:743} INFO - Processing file /home/airflow/.local/lib/python3.7/site-packages/airflow/example_dags/example_latest_only.py for tasks to queue
[2024-04-06T09:41:20.959+0000] {logging_mixin.py:137} INFO - [2024-04-06T09:41:20.959+0000] {dagbag.py:538} INFO - Filling up the DagBag from /home/airflow/.local/lib/python3.7/site-packages/airflow/example_dags/example_latest_only.py
[2024-04-06T09:41:20.976+0000] {processor.py:753} INFO - DAG(s) dict_keys(['latest_only']) retrieved from /home/airflow/.local/lib/python3.7/site-packages/airflow/example_dags/example_latest_only.py
[2024-04-06T09:41:20.999+0000] {logging_mixin.py:137} INFO - [2024-04-06T09:41:20.999+0000] {dag.py:2690} INFO - Sync 1 DAGs
[2024-04-06T09:41:21.022+0000] {logging_mixin.py:137} INFO - [2024-04-06T09:41:21.022+0000] {dag.py:3441} INFO - Setting next_dagrun for latest_only to 2024-04-06T05:41:21.022531+00:00, run_after=2024-04-06T09:41:21.022531+00:00
[2024-04-06T09:41:21.040+0000] {processor.py:175} INFO - Processing /home/airflow/.local/lib/python3.7/site-packages/airflow/example_dags/example_latest_only.py took 0.085 seconds
[2024-04-06T09:41:51.406+0000] {processor.py:153} INFO - Started process (PID=843) to work on /home/airflow/.local/lib/python3.7/site-packages/airflow/example_dags/example_latest_only.py
[2024-04-06T09:41:51.406+0000] {processor.py:743} INFO - Processing file /home/airflow/.local/lib/python3.7/site-packages/airflow/example_dags/example_latest_only.py for tasks to queue
[2024-04-06T09:41:51.407+0000] {logging_mixin.py:137} INFO - [2024-04-06T09:41:51.407+0000] {dagbag.py:538} INFO - Filling up the DagBag from /home/airflow/.local/lib/python3.7/site-packages/airflow/example_dags/example_latest_only.py
[2024-04-06T09:41:51.417+0000] {processor.py:753} INFO - DAG(s) dict_keys(['latest_only']) retrieved from /home/airflow/.local/lib/python3.7/site-packages/airflow/example_dags/example_latest_only.py
[2024-04-06T09:41:51.439+0000] {logging_mixin.py:137} INFO - [2024-04-06T09:41:51.439+0000] {dag.py:2690} INFO - Sync 1 DAGs
[2024-04-06T09:41:51.463+0000] {logging_mixin.py:137} INFO - [2024-04-06T09:41:51.463+0000] {dag.py:3441} INFO - Setting next_dagrun for latest_only to 2024-04-06T05:41:51.462778+00:00, run_after=2024-04-06T09:41:51.462778+00:00
[2024-04-06T09:41:51.480+0000] {processor.py:175} INFO - Processing /home/airflow/.local/lib/python3.7/site-packages/airflow/example_dags/example_latest_only.py took 0.076 seconds
[2024-04-06T09:42:21.886+0000] {processor.py:153} INFO - Started process (PID=931) to work on /home/airflow/.local/lib/python3.7/site-packages/airflow/example_dags/example_latest_only.py
[2024-04-06T09:42:21.887+0000] {processor.py:743} INFO - Processing file /home/airflow/.local/lib/python3.7/site-packages/airflow/example_dags/example_latest_only.py for tasks to queue
[2024-04-06T09:42:21.888+0000] {logging_mixin.py:137} INFO - [2024-04-06T09:42:21.888+0000] {dagbag.py:538} INFO - Filling up the DagBag from /home/airflow/.local/lib/python3.7/site-packages/airflow/example_dags/example_latest_only.py
[2024-04-06T09:42:21.900+0000] {processor.py:753} INFO - DAG(s) dict_keys(['latest_only']) retrieved from /home/airflow/.local/lib/python3.7/site-packages/airflow/example_dags/example_latest_only.py
[2024-04-06T09:42:21.926+0000] {logging_mixin.py:137} INFO - [2024-04-06T09:42:21.926+0000] {dag.py:2690} INFO - Sync 1 DAGs
[2024-04-06T09:42:21.953+0000] {logging_mixin.py:137} INFO - [2024-04-06T09:42:21.953+0000] {dag.py:3441} INFO - Setting next_dagrun for latest_only to 2024-04-06T05:42:21.953076+00:00, run_after=2024-04-06T09:42:21.953076+00:00
[2024-04-06T09:42:21.976+0000] {processor.py:175} INFO - Processing /home/airflow/.local/lib/python3.7/site-packages/airflow/example_dags/example_latest_only.py took 0.093 seconds
[2024-04-06T09:42:52.406+0000] {processor.py:153} INFO - Started process (PID=1003) to work on /home/airflow/.local/lib/python3.7/site-packages/airflow/example_dags/example_latest_only.py
[2024-04-06T09:42:52.406+0000] {processor.py:743} INFO - Processing file /home/airflow/.local/lib/python3.7/site-packages/airflow/example_dags/example_latest_only.py for tasks to queue
[2024-04-06T09:42:52.407+0000] {logging_mixin.py:137} INFO - [2024-04-06T09:42:52.407+0000] {dagbag.py:538} INFO - Filling up the DagBag from /home/airflow/.local/lib/python3.7/site-packages/airflow/example_dags/example_latest_only.py
[2024-04-06T09:42:52.417+0000] {processor.py:753} INFO - DAG(s) dict_keys(['latest_only']) retrieved from /home/airflow/.local/lib/python3.7/site-packages/airflow/example_dags/example_latest_only.py
[2024-04-06T09:42:52.437+0000] {logging_mixin.py:137} INFO - [2024-04-06T09:42:52.437+0000] {dag.py:2690} INFO - Sync 1 DAGs
[2024-04-06T09:42:52.456+0000] {logging_mixin.py:137} INFO - [2024-04-06T09:42:52.456+0000] {dag.py:3441} INFO - Setting next_dagrun for latest_only to 2024-04-06T05:42:52.456606+00:00, run_after=2024-04-06T09:42:52.456606+00:00
[2024-04-06T09:42:52.474+0000] {processor.py:175} INFO - Processing /home/airflow/.local/lib/python3.7/site-packages/airflow/example_dags/example_latest_only.py took 0.070 seconds
[2024-04-06T09:43:22.832+0000] {processor.py:153} INFO - Started process (PID=1090) to work on /home/airflow/.local/lib/python3.7/site-packages/airflow/example_dags/example_latest_only.py
[2024-04-06T09:43:22.832+0000] {processor.py:743} INFO - Processing file /home/airflow/.local/lib/python3.7/site-packages/airflow/example_dags/example_latest_only.py for tasks to queue
[2024-04-06T09:43:22.833+0000] {logging_mixin.py:137} INFO - [2024-04-06T09:43:22.833+0000] {dagbag.py:538} INFO - Filling up the DagBag from /home/airflow/.local/lib/python3.7/site-packages/airflow/example_dags/example_latest_only.py
[2024-04-06T09:43:22.847+0000] {processor.py:753} INFO - DAG(s) dict_keys(['latest_only']) retrieved from /home/airflow/.local/lib/python3.7/site-packages/airflow/example_dags/example_latest_only.py
[2024-04-06T09:43:22.880+0000] {logging_mixin.py:137} INFO - [2024-04-06T09:43:22.880+0000] {dag.py:2690} INFO - Sync 1 DAGs
[2024-04-06T09:43:22.917+0000] {logging_mixin.py:137} INFO - [2024-04-06T09:43:22.917+0000] {dag.py:3441} INFO - Setting next_dagrun for latest_only to 2024-04-06T05:43:22.917312+00:00, run_after=2024-04-06T09:43:22.917312+00:00
[2024-04-06T09:43:22.955+0000] {processor.py:175} INFO - Processing /home/airflow/.local/lib/python3.7/site-packages/airflow/example_dags/example_latest_only.py took 0.126 seconds
[2024-04-06T09:43:53.197+0000] {processor.py:153} INFO - Started process (PID=1162) to work on /home/airflow/.local/lib/python3.7/site-packages/airflow/example_dags/example_latest_only.py
[2024-04-06T09:43:53.198+0000] {processor.py:743} INFO - Processing file /home/airflow/.local/lib/python3.7/site-packages/airflow/example_dags/example_latest_only.py for tasks to queue
[2024-04-06T09:43:53.198+0000] {logging_mixin.py:137} INFO - [2024-04-06T09:43:53.198+0000] {dagbag.py:538} INFO - Filling up the DagBag from /home/airflow/.local/lib/python3.7/site-packages/airflow/example_dags/example_latest_only.py
[2024-04-06T09:43:53.208+0000] {processor.py:753} INFO - DAG(s) dict_keys(['latest_only']) retrieved from /home/airflow/.local/lib/python3.7/site-packages/airflow/example_dags/example_latest_only.py
[2024-04-06T09:43:53.229+0000] {logging_mixin.py:137} INFO - [2024-04-06T09:43:53.229+0000] {dag.py:2690} INFO - Sync 1 DAGs
[2024-04-06T09:43:53.256+0000] {logging_mixin.py:137} INFO - [2024-04-06T09:43:53.256+0000] {dag.py:3441} INFO - Setting next_dagrun for latest_only to 2024-04-06T05:43:53.256371+00:00, run_after=2024-04-06T09:43:53.256371+00:00
[2024-04-06T09:43:53.274+0000] {processor.py:175} INFO - Processing /home/airflow/.local/lib/python3.7/site-packages/airflow/example_dags/example_latest_only.py took 0.079 seconds
[2024-04-06T09:44:23.585+0000] {processor.py:153} INFO - Started process (PID=1241) to work on /home/airflow/.local/lib/python3.7/site-packages/airflow/example_dags/example_latest_only.py
[2024-04-06T09:44:23.587+0000] {processor.py:743} INFO - Processing file /home/airflow/.local/lib/python3.7/site-packages/airflow/example_dags/example_latest_only.py for tasks to queue
[2024-04-06T09:44:23.587+0000] {logging_mixin.py:137} INFO - [2024-04-06T09:44:23.587+0000] {dagbag.py:538} INFO - Filling up the DagBag from /home/airflow/.local/lib/python3.7/site-packages/airflow/example_dags/example_latest_only.py
[2024-04-06T09:44:23.612+0000] {processor.py:753} INFO - DAG(s) dict_keys(['latest_only']) retrieved from /home/airflow/.local/lib/python3.7/site-packages/airflow/example_dags/example_latest_only.py
[2024-04-06T09:44:23.651+0000] {logging_mixin.py:137} INFO - [2024-04-06T09:44:23.651+0000] {dag.py:2690} INFO - Sync 1 DAGs
[2024-04-06T09:44:23.690+0000] {logging_mixin.py:137} INFO - [2024-04-06T09:44:23.690+0000] {dag.py:3441} INFO - Setting next_dagrun for latest_only to 2024-04-06T05:44:23.690177+00:00, run_after=2024-04-06T09:44:23.690177+00:00
[2024-04-06T09:44:23.710+0000] {processor.py:175} INFO - Processing /home/airflow/.local/lib/python3.7/site-packages/airflow/example_dags/example_latest_only.py took 0.130 seconds
[2024-04-06T09:44:54.235+0000] {processor.py:153} INFO - Started process (PID=1322) to work on /home/airflow/.local/lib/python3.7/site-packages/airflow/example_dags/example_latest_only.py
[2024-04-06T09:44:54.236+0000] {processor.py:743} INFO - Processing file /home/airflow/.local/lib/python3.7/site-packages/airflow/example_dags/example_latest_only.py for tasks to queue
[2024-04-06T09:44:54.236+0000] {logging_mixin.py:137} INFO - [2024-04-06T09:44:54.236+0000] {dagbag.py:538} INFO - Filling up the DagBag from /home/airflow/.local/lib/python3.7/site-packages/airflow/example_dags/example_latest_only.py
[2024-04-06T09:44:54.248+0000] {processor.py:753} INFO - DAG(s) dict_keys(['latest_only']) retrieved from /home/airflow/.local/lib/python3.7/site-packages/airflow/example_dags/example_latest_only.py
[2024-04-06T09:44:54.276+0000] {logging_mixin.py:137} INFO - [2024-04-06T09:44:54.276+0000] {dag.py:2690} INFO - Sync 1 DAGs
[2024-04-06T09:44:54.305+0000] {logging_mixin.py:137} INFO - [2024-04-06T09:44:54.304+0000] {dag.py:3441} INFO - Setting next_dagrun for latest_only to 2024-04-06T05:44:54.304590+00:00, run_after=2024-04-06T09:44:54.304590+00:00
[2024-04-06T09:44:54.322+0000] {processor.py:175} INFO - Processing /home/airflow/.local/lib/python3.7/site-packages/airflow/example_dags/example_latest_only.py took 0.089 seconds
[2024-04-06T09:45:24.537+0000] {processor.py:153} INFO - Started process (PID=1394) to work on /home/airflow/.local/lib/python3.7/site-packages/airflow/example_dags/example_latest_only.py
[2024-04-06T09:45:24.538+0000] {processor.py:743} INFO - Processing file /home/airflow/.local/lib/python3.7/site-packages/airflow/example_dags/example_latest_only.py for tasks to queue
[2024-04-06T09:45:24.538+0000] {logging_mixin.py:137} INFO - [2024-04-06T09:45:24.538+0000] {dagbag.py:538} INFO - Filling up the DagBag from /home/airflow/.local/lib/python3.7/site-packages/airflow/example_dags/example_latest_only.py
[2024-04-06T09:45:24.548+0000] {processor.py:753} INFO - DAG(s) dict_keys(['latest_only']) retrieved from /home/airflow/.local/lib/python3.7/site-packages/airflow/example_dags/example_latest_only.py
[2024-04-06T09:45:24.569+0000] {logging_mixin.py:137} INFO - [2024-04-06T09:45:24.569+0000] {dag.py:2690} INFO - Sync 1 DAGs
[2024-04-06T09:45:24.589+0000] {logging_mixin.py:137} INFO - [2024-04-06T09:45:24.589+0000] {dag.py:3441} INFO - Setting next_dagrun for latest_only to 2024-04-06T05:45:24.589395+00:00, run_after=2024-04-06T09:45:24.589395+00:00
[2024-04-06T09:45:24.607+0000] {processor.py:175} INFO - Processing /home/airflow/.local/lib/python3.7/site-packages/airflow/example_dags/example_latest_only.py took 0.072 seconds
[2024-04-06T09:45:54.836+0000] {processor.py:153} INFO - Started process (PID=1482) to work on /home/airflow/.local/lib/python3.7/site-packages/airflow/example_dags/example_latest_only.py
[2024-04-06T09:45:54.837+0000] {processor.py:743} INFO - Processing file /home/airflow/.local/lib/python3.7/site-packages/airflow/example_dags/example_latest_only.py for tasks to queue
[2024-04-06T09:45:54.838+0000] {logging_mixin.py:137} INFO - [2024-04-06T09:45:54.837+0000] {dagbag.py:538} INFO - Filling up the DagBag from /home/airflow/.local/lib/python3.7/site-packages/airflow/example_dags/example_latest_only.py
[2024-04-06T09:45:54.848+0000] {processor.py:753} INFO - DAG(s) dict_keys(['latest_only']) retrieved from /home/airflow/.local/lib/python3.7/site-packages/airflow/example_dags/example_latest_only.py
[2024-04-06T09:45:54.868+0000] {logging_mixin.py:137} INFO - [2024-04-06T09:45:54.868+0000] {dag.py:2690} INFO - Sync 1 DAGs
[2024-04-06T09:45:54.889+0000] {logging_mixin.py:137} INFO - [2024-04-06T09:45:54.888+0000] {dag.py:3441} INFO - Setting next_dagrun for latest_only to 2024-04-06T05:45:54.888744+00:00, run_after=2024-04-06T09:45:54.888744+00:00
[2024-04-06T09:45:54.905+0000] {processor.py:175} INFO - Processing /home/airflow/.local/lib/python3.7/site-packages/airflow/example_dags/example_latest_only.py took 0.071 seconds
[2024-04-06T09:46:25.326+0000] {processor.py:153} INFO - Started process (PID=1553) to work on /home/airflow/.local/lib/python3.7/site-packages/airflow/example_dags/example_latest_only.py
[2024-04-06T09:46:25.327+0000] {processor.py:743} INFO - Processing file /home/airflow/.local/lib/python3.7/site-packages/airflow/example_dags/example_latest_only.py for tasks to queue
[2024-04-06T09:46:25.327+0000] {logging_mixin.py:137} INFO - [2024-04-06T09:46:25.327+0000] {dagbag.py:538} INFO - Filling up the DagBag from /home/airflow/.local/lib/python3.7/site-packages/airflow/example_dags/example_latest_only.py
[2024-04-06T09:46:25.337+0000] {processor.py:753} INFO - DAG(s) dict_keys(['latest_only']) retrieved from /home/airflow/.local/lib/python3.7/site-packages/airflow/example_dags/example_latest_only.py
[2024-04-06T09:46:25.357+0000] {logging_mixin.py:137} INFO - [2024-04-06T09:46:25.357+0000] {dag.py:2690} INFO - Sync 1 DAGs
[2024-04-06T09:46:25.379+0000] {logging_mixin.py:137} INFO - [2024-04-06T09:46:25.379+0000] {dag.py:3441} INFO - Setting next_dagrun for latest_only to 2024-04-06T05:46:25.378869+00:00, run_after=2024-04-06T09:46:25.378869+00:00
[2024-04-06T09:46:25.399+0000] {processor.py:175} INFO - Processing /home/airflow/.local/lib/python3.7/site-packages/airflow/example_dags/example_latest_only.py took 0.075 seconds
[2024-04-06T09:46:55.753+0000] {processor.py:153} INFO - Started process (PID=1641) to work on /home/airflow/.local/lib/python3.7/site-packages/airflow/example_dags/example_latest_only.py
[2024-04-06T09:46:55.754+0000] {processor.py:743} INFO - Processing file /home/airflow/.local/lib/python3.7/site-packages/airflow/example_dags/example_latest_only.py for tasks to queue
[2024-04-06T09:46:55.754+0000] {logging_mixin.py:137} INFO - [2024-04-06T09:46:55.754+0000] {dagbag.py:538} INFO - Filling up the DagBag from /home/airflow/.local/lib/python3.7/site-packages/airflow/example_dags/example_latest_only.py
[2024-04-06T09:46:55.765+0000] {processor.py:753} INFO - DAG(s) dict_keys(['latest_only']) retrieved from /home/airflow/.local/lib/python3.7/site-packages/airflow/example_dags/example_latest_only.py
[2024-04-06T09:46:55.788+0000] {logging_mixin.py:137} INFO - [2024-04-06T09:46:55.788+0000] {dag.py:2690} INFO - Sync 1 DAGs
[2024-04-06T09:46:55.812+0000] {logging_mixin.py:137} INFO - [2024-04-06T09:46:55.812+0000] {dag.py:3441} INFO - Setting next_dagrun for latest_only to 2024-04-06T05:46:55.812495+00:00, run_after=2024-04-06T09:46:55.812495+00:00
[2024-04-06T09:46:55.831+0000] {processor.py:175} INFO - Processing /home/airflow/.local/lib/python3.7/site-packages/airflow/example_dags/example_latest_only.py took 0.081 seconds
[2024-04-06T09:47:26.195+0000] {processor.py:153} INFO - Started process (PID=1720) to work on /home/airflow/.local/lib/python3.7/site-packages/airflow/example_dags/example_latest_only.py
[2024-04-06T09:47:26.196+0000] {processor.py:743} INFO - Processing file /home/airflow/.local/lib/python3.7/site-packages/airflow/example_dags/example_latest_only.py for tasks to queue
[2024-04-06T09:47:26.197+0000] {logging_mixin.py:137} INFO - [2024-04-06T09:47:26.197+0000] {dagbag.py:538} INFO - Filling up the DagBag from /home/airflow/.local/lib/python3.7/site-packages/airflow/example_dags/example_latest_only.py
[2024-04-06T09:47:26.210+0000] {processor.py:753} INFO - DAG(s) dict_keys(['latest_only']) retrieved from /home/airflow/.local/lib/python3.7/site-packages/airflow/example_dags/example_latest_only.py
[2024-04-06T09:47:26.242+0000] {logging_mixin.py:137} INFO - [2024-04-06T09:47:26.242+0000] {dag.py:2690} INFO - Sync 1 DAGs
[2024-04-06T09:47:26.274+0000] {logging_mixin.py:137} INFO - [2024-04-06T09:47:26.274+0000] {dag.py:3441} INFO - Setting next_dagrun for latest_only to 2024-04-06T05:47:26.274145+00:00, run_after=2024-04-06T09:47:26.274145+00:00
[2024-04-06T09:47:26.300+0000] {processor.py:175} INFO - Processing /home/airflow/.local/lib/python3.7/site-packages/airflow/example_dags/example_latest_only.py took 0.107 seconds
[2024-04-06T09:47:56.510+0000] {processor.py:153} INFO - Started process (PID=1801) to work on /home/airflow/.local/lib/python3.7/site-packages/airflow/example_dags/example_latest_only.py
[2024-04-06T09:47:56.511+0000] {processor.py:743} INFO - Processing file /home/airflow/.local/lib/python3.7/site-packages/airflow/example_dags/example_latest_only.py for tasks to queue
[2024-04-06T09:47:56.511+0000] {logging_mixin.py:137} INFO - [2024-04-06T09:47:56.511+0000] {dagbag.py:538} INFO - Filling up the DagBag from /home/airflow/.local/lib/python3.7/site-packages/airflow/example_dags/example_latest_only.py
[2024-04-06T09:47:56.522+0000] {processor.py:753} INFO - DAG(s) dict_keys(['latest_only']) retrieved from /home/airflow/.local/lib/python3.7/site-packages/airflow/example_dags/example_latest_only.py
[2024-04-06T09:47:56.541+0000] {logging_mixin.py:137} INFO - [2024-04-06T09:47:56.541+0000] {dag.py:2690} INFO - Sync 1 DAGs
[2024-04-06T09:47:56.562+0000] {logging_mixin.py:137} INFO - [2024-04-06T09:47:56.562+0000] {dag.py:3441} INFO - Setting next_dagrun for latest_only to 2024-04-06T05:47:56.561979+00:00, run_after=2024-04-06T09:47:56.561979+00:00
[2024-04-06T09:47:56.578+0000] {processor.py:175} INFO - Processing /home/airflow/.local/lib/python3.7/site-packages/airflow/example_dags/example_latest_only.py took 0.070 seconds
[2024-04-06T09:48:26.707+0000] {processor.py:153} INFO - Started process (PID=1880) to work on /home/airflow/.local/lib/python3.7/site-packages/airflow/example_dags/example_latest_only.py
[2024-04-06T09:48:26.708+0000] {processor.py:743} INFO - Processing file /home/airflow/.local/lib/python3.7/site-packages/airflow/example_dags/example_latest_only.py for tasks to queue
[2024-04-06T09:48:26.708+0000] {logging_mixin.py:137} INFO - [2024-04-06T09:48:26.708+0000] {dagbag.py:538} INFO - Filling up the DagBag from /home/airflow/.local/lib/python3.7/site-packages/airflow/example_dags/example_latest_only.py
[2024-04-06T09:48:26.722+0000] {processor.py:753} INFO - DAG(s) dict_keys(['latest_only']) retrieved from /home/airflow/.local/lib/python3.7/site-packages/airflow/example_dags/example_latest_only.py
[2024-04-06T09:48:26.746+0000] {logging_mixin.py:137} INFO - [2024-04-06T09:48:26.745+0000] {dag.py:2690} INFO - Sync 1 DAGs
[2024-04-06T09:48:26.772+0000] {logging_mixin.py:137} INFO - [2024-04-06T09:48:26.772+0000] {dag.py:3441} INFO - Setting next_dagrun for latest_only to 2024-04-06T05:48:26.772222+00:00, run_after=2024-04-06T09:48:26.772222+00:00
[2024-04-06T09:48:26.793+0000] {processor.py:175} INFO - Processing /home/airflow/.local/lib/python3.7/site-packages/airflow/example_dags/example_latest_only.py took 0.089 seconds
[2024-04-06T09:48:57.323+0000] {processor.py:153} INFO - Started process (PID=1961) to work on /home/airflow/.local/lib/python3.7/site-packages/airflow/example_dags/example_latest_only.py
[2024-04-06T09:48:57.323+0000] {processor.py:743} INFO - Processing file /home/airflow/.local/lib/python3.7/site-packages/airflow/example_dags/example_latest_only.py for tasks to queue
[2024-04-06T09:48:57.324+0000] {logging_mixin.py:137} INFO - [2024-04-06T09:48:57.324+0000] {dagbag.py:538} INFO - Filling up the DagBag from /home/airflow/.local/lib/python3.7/site-packages/airflow/example_dags/example_latest_only.py
[2024-04-06T09:48:57.335+0000] {processor.py:753} INFO - DAG(s) dict_keys(['latest_only']) retrieved from /home/airflow/.local/lib/python3.7/site-packages/airflow/example_dags/example_latest_only.py
[2024-04-06T09:48:57.355+0000] {logging_mixin.py:137} INFO - [2024-04-06T09:48:57.355+0000] {dag.py:2690} INFO - Sync 1 DAGs
[2024-04-06T09:48:57.376+0000] {logging_mixin.py:137} INFO - [2024-04-06T09:48:57.376+0000] {dag.py:3441} INFO - Setting next_dagrun for latest_only to 2024-04-06T05:48:57.375795+00:00, run_after=2024-04-06T09:48:57.375795+00:00
[2024-04-06T09:48:57.393+0000] {processor.py:175} INFO - Processing /home/airflow/.local/lib/python3.7/site-packages/airflow/example_dags/example_latest_only.py took 0.073 seconds
[2024-04-06T09:50:12.162+0000] {processor.py:153} INFO - Started process (PID=43) to work on /home/airflow/.local/lib/python3.7/site-packages/airflow/example_dags/example_latest_only.py
[2024-04-06T09:50:12.162+0000] {processor.py:743} INFO - Processing file /home/airflow/.local/lib/python3.7/site-packages/airflow/example_dags/example_latest_only.py for tasks to queue
[2024-04-06T09:50:12.163+0000] {logging_mixin.py:137} INFO - [2024-04-06T09:50:12.163+0000] {dagbag.py:538} INFO - Filling up the DagBag from /home/airflow/.local/lib/python3.7/site-packages/airflow/example_dags/example_latest_only.py
[2024-04-06T09:50:12.176+0000] {processor.py:753} INFO - DAG(s) dict_keys(['latest_only']) retrieved from /home/airflow/.local/lib/python3.7/site-packages/airflow/example_dags/example_latest_only.py
[2024-04-06T09:50:12.206+0000] {logging_mixin.py:137} INFO - [2024-04-06T09:50:12.206+0000] {dag.py:2690} INFO - Sync 1 DAGs
[2024-04-06T09:50:12.244+0000] {logging_mixin.py:137} INFO - [2024-04-06T09:50:12.243+0000] {dag.py:3441} INFO - Setting next_dagrun for latest_only to 2024-04-06T05:50:12.243679+00:00, run_after=2024-04-06T09:50:12.243679+00:00
[2024-04-06T09:50:12.267+0000] {processor.py:175} INFO - Processing /home/airflow/.local/lib/python3.7/site-packages/airflow/example_dags/example_latest_only.py took 0.109 seconds
[2024-04-06T09:50:43.717+0000] {processor.py:153} INFO - Started process (PID=115) to work on /home/airflow/.local/lib/python3.7/site-packages/airflow/example_dags/example_latest_only.py
[2024-04-06T09:50:43.718+0000] {processor.py:743} INFO - Processing file /home/airflow/.local/lib/python3.7/site-packages/airflow/example_dags/example_latest_only.py for tasks to queue
[2024-04-06T09:50:43.719+0000] {logging_mixin.py:137} INFO - [2024-04-06T09:50:43.719+0000] {dagbag.py:538} INFO - Filling up the DagBag from /home/airflow/.local/lib/python3.7/site-packages/airflow/example_dags/example_latest_only.py
[2024-04-06T09:50:43.741+0000] {processor.py:753} INFO - DAG(s) dict_keys(['latest_only']) retrieved from /home/airflow/.local/lib/python3.7/site-packages/airflow/example_dags/example_latest_only.py
[2024-04-06T09:50:43.777+0000] {logging_mixin.py:137} INFO - [2024-04-06T09:50:43.777+0000] {dag.py:2690} INFO - Sync 1 DAGs
[2024-04-06T09:50:43.815+0000] {logging_mixin.py:137} INFO - [2024-04-06T09:50:43.815+0000] {dag.py:3441} INFO - Setting next_dagrun for latest_only to 2024-04-06T05:50:43.815028+00:00, run_after=2024-04-06T09:50:43.815028+00:00
[2024-04-06T09:50:43.842+0000] {processor.py:175} INFO - Processing /home/airflow/.local/lib/python3.7/site-packages/airflow/example_dags/example_latest_only.py took 0.130 seconds
[2024-04-06T09:51:14.249+0000] {processor.py:153} INFO - Started process (PID=197) to work on /home/airflow/.local/lib/python3.7/site-packages/airflow/example_dags/example_latest_only.py
[2024-04-06T09:51:14.249+0000] {processor.py:743} INFO - Processing file /home/airflow/.local/lib/python3.7/site-packages/airflow/example_dags/example_latest_only.py for tasks to queue
[2024-04-06T09:51:14.250+0000] {logging_mixin.py:137} INFO - [2024-04-06T09:51:14.250+0000] {dagbag.py:538} INFO - Filling up the DagBag from /home/airflow/.local/lib/python3.7/site-packages/airflow/example_dags/example_latest_only.py
[2024-04-06T09:51:14.262+0000] {processor.py:753} INFO - DAG(s) dict_keys(['latest_only']) retrieved from /home/airflow/.local/lib/python3.7/site-packages/airflow/example_dags/example_latest_only.py
[2024-04-06T09:51:14.289+0000] {logging_mixin.py:137} INFO - [2024-04-06T09:51:14.289+0000] {dag.py:2690} INFO - Sync 1 DAGs
[2024-04-06T09:51:14.321+0000] {logging_mixin.py:137} INFO - [2024-04-06T09:51:14.321+0000] {dag.py:3441} INFO - Setting next_dagrun for latest_only to 2024-04-06T05:51:14.321473+00:00, run_after=2024-04-06T09:51:14.321473+00:00
[2024-04-06T09:51:14.345+0000] {processor.py:175} INFO - Processing /home/airflow/.local/lib/python3.7/site-packages/airflow/example_dags/example_latest_only.py took 0.099 seconds
[2024-04-06T09:58:23.476+0000] {processor.py:153} INFO - Started process (PID=53) to work on /home/airflow/.local/lib/python3.7/site-packages/airflow/example_dags/example_latest_only.py
[2024-04-06T09:58:23.477+0000] {processor.py:743} INFO - Processing file /home/airflow/.local/lib/python3.7/site-packages/airflow/example_dags/example_latest_only.py for tasks to queue
[2024-04-06T09:58:23.478+0000] {logging_mixin.py:137} INFO - [2024-04-06T09:58:23.477+0000] {dagbag.py:538} INFO - Filling up the DagBag from /home/airflow/.local/lib/python3.7/site-packages/airflow/example_dags/example_latest_only.py
[2024-04-06T09:58:23.501+0000] {processor.py:753} INFO - DAG(s) dict_keys(['latest_only']) retrieved from /home/airflow/.local/lib/python3.7/site-packages/airflow/example_dags/example_latest_only.py
[2024-04-06T09:58:23.515+0000] {logging_mixin.py:137} INFO - [2024-04-06T09:58:23.515+0000] {dag.py:2690} INFO - Sync 1 DAGs
[2024-04-06T09:58:23.549+0000] {logging_mixin.py:137} INFO - [2024-04-06T09:58:23.549+0000] {dag.py:3441} INFO - Setting next_dagrun for latest_only to 2024-04-06T05:58:23.548793+00:00, run_after=2024-04-06T09:58:23.548793+00:00
[2024-04-06T09:58:23.578+0000] {processor.py:175} INFO - Processing /home/airflow/.local/lib/python3.7/site-packages/airflow/example_dags/example_latest_only.py took 0.106 seconds
[2024-04-06T09:58:53.751+0000] {processor.py:153} INFO - Started process (PID=132) to work on /home/airflow/.local/lib/python3.7/site-packages/airflow/example_dags/example_latest_only.py
[2024-04-06T09:58:53.752+0000] {processor.py:743} INFO - Processing file /home/airflow/.local/lib/python3.7/site-packages/airflow/example_dags/example_latest_only.py for tasks to queue
[2024-04-06T09:58:53.753+0000] {logging_mixin.py:137} INFO - [2024-04-06T09:58:53.753+0000] {dagbag.py:538} INFO - Filling up the DagBag from /home/airflow/.local/lib/python3.7/site-packages/airflow/example_dags/example_latest_only.py
[2024-04-06T09:58:53.772+0000] {processor.py:753} INFO - DAG(s) dict_keys(['latest_only']) retrieved from /home/airflow/.local/lib/python3.7/site-packages/airflow/example_dags/example_latest_only.py
[2024-04-06T09:58:53.786+0000] {logging_mixin.py:137} INFO - [2024-04-06T09:58:53.786+0000] {dag.py:2690} INFO - Sync 1 DAGs
[2024-04-06T09:58:53.815+0000] {logging_mixin.py:137} INFO - [2024-04-06T09:58:53.815+0000] {dag.py:3441} INFO - Setting next_dagrun for latest_only to 2024-04-06T05:58:53.815517+00:00, run_after=2024-04-06T09:58:53.815517+00:00
[2024-04-06T09:58:53.835+0000] {processor.py:175} INFO - Processing /home/airflow/.local/lib/python3.7/site-packages/airflow/example_dags/example_latest_only.py took 0.088 seconds
[2024-04-06T09:59:25.117+0000] {processor.py:153} INFO - Started process (PID=205) to work on /home/airflow/.local/lib/python3.7/site-packages/airflow/example_dags/example_latest_only.py
[2024-04-06T09:59:25.117+0000] {processor.py:743} INFO - Processing file /home/airflow/.local/lib/python3.7/site-packages/airflow/example_dags/example_latest_only.py for tasks to queue
[2024-04-06T09:59:25.118+0000] {logging_mixin.py:137} INFO - [2024-04-06T09:59:25.118+0000] {dagbag.py:538} INFO - Filling up the DagBag from /home/airflow/.local/lib/python3.7/site-packages/airflow/example_dags/example_latest_only.py
[2024-04-06T09:59:25.131+0000] {processor.py:753} INFO - DAG(s) dict_keys(['latest_only']) retrieved from /home/airflow/.local/lib/python3.7/site-packages/airflow/example_dags/example_latest_only.py
[2024-04-06T09:59:25.156+0000] {logging_mixin.py:137} INFO - [2024-04-06T09:59:25.156+0000] {dag.py:2690} INFO - Sync 1 DAGs
[2024-04-06T09:59:25.182+0000] {logging_mixin.py:137} INFO - [2024-04-06T09:59:25.182+0000] {dag.py:3441} INFO - Setting next_dagrun for latest_only to 2024-04-06T05:59:25.182206+00:00, run_after=2024-04-06T09:59:25.182206+00:00
[2024-04-06T09:59:25.211+0000] {processor.py:175} INFO - Processing /home/airflow/.local/lib/python3.7/site-packages/airflow/example_dags/example_latest_only.py took 0.098 seconds
[2024-04-06T09:59:55.966+0000] {processor.py:153} INFO - Started process (PID=276) to work on /home/airflow/.local/lib/python3.7/site-packages/airflow/example_dags/example_latest_only.py
[2024-04-06T09:59:55.967+0000] {processor.py:743} INFO - Processing file /home/airflow/.local/lib/python3.7/site-packages/airflow/example_dags/example_latest_only.py for tasks to queue
[2024-04-06T09:59:55.968+0000] {logging_mixin.py:137} INFO - [2024-04-06T09:59:55.968+0000] {dagbag.py:538} INFO - Filling up the DagBag from /home/airflow/.local/lib/python3.7/site-packages/airflow/example_dags/example_latest_only.py
[2024-04-06T09:59:55.989+0000] {processor.py:753} INFO - DAG(s) dict_keys(['latest_only']) retrieved from /home/airflow/.local/lib/python3.7/site-packages/airflow/example_dags/example_latest_only.py
[2024-04-06T09:59:56.029+0000] {logging_mixin.py:137} INFO - [2024-04-06T09:59:56.028+0000] {dag.py:2690} INFO - Sync 1 DAGs
[2024-04-06T09:59:56.069+0000] {logging_mixin.py:137} INFO - [2024-04-06T09:59:56.069+0000] {dag.py:3441} INFO - Setting next_dagrun for latest_only to 2024-04-06T05:59:56.068864+00:00, run_after=2024-04-06T09:59:56.068864+00:00
[2024-04-06T09:59:56.098+0000] {processor.py:175} INFO - Processing /home/airflow/.local/lib/python3.7/site-packages/airflow/example_dags/example_latest_only.py took 0.137 seconds
[2024-04-06T10:00:26.378+0000] {processor.py:153} INFO - Started process (PID=348) to work on /home/airflow/.local/lib/python3.7/site-packages/airflow/example_dags/example_latest_only.py
[2024-04-06T10:00:26.379+0000] {processor.py:743} INFO - Processing file /home/airflow/.local/lib/python3.7/site-packages/airflow/example_dags/example_latest_only.py for tasks to queue
[2024-04-06T10:00:26.379+0000] {logging_mixin.py:137} INFO - [2024-04-06T10:00:26.379+0000] {dagbag.py:538} INFO - Filling up the DagBag from /home/airflow/.local/lib/python3.7/site-packages/airflow/example_dags/example_latest_only.py
[2024-04-06T10:00:26.393+0000] {processor.py:753} INFO - DAG(s) dict_keys(['latest_only']) retrieved from /home/airflow/.local/lib/python3.7/site-packages/airflow/example_dags/example_latest_only.py
[2024-04-06T10:00:26.415+0000] {logging_mixin.py:137} INFO - [2024-04-06T10:00:26.415+0000] {dag.py:2690} INFO - Sync 1 DAGs
[2024-04-06T10:00:26.438+0000] {logging_mixin.py:137} INFO - [2024-04-06T10:00:26.438+0000] {dag.py:3441} INFO - Setting next_dagrun for latest_only to 2024-04-06T06:00:26.437829+00:00, run_after=2024-04-06T10:00:26.437829+00:00
[2024-04-06T10:00:26.464+0000] {processor.py:175} INFO - Processing /home/airflow/.local/lib/python3.7/site-packages/airflow/example_dags/example_latest_only.py took 0.089 seconds
[2024-04-06T10:00:57.459+0000] {processor.py:153} INFO - Started process (PID=436) to work on /home/airflow/.local/lib/python3.7/site-packages/airflow/example_dags/example_latest_only.py
[2024-04-06T10:00:57.460+0000] {processor.py:743} INFO - Processing file /home/airflow/.local/lib/python3.7/site-packages/airflow/example_dags/example_latest_only.py for tasks to queue
[2024-04-06T10:00:57.460+0000] {logging_mixin.py:137} INFO - [2024-04-06T10:00:57.460+0000] {dagbag.py:538} INFO - Filling up the DagBag from /home/airflow/.local/lib/python3.7/site-packages/airflow/example_dags/example_latest_only.py
[2024-04-06T10:00:57.473+0000] {processor.py:753} INFO - DAG(s) dict_keys(['latest_only']) retrieved from /home/airflow/.local/lib/python3.7/site-packages/airflow/example_dags/example_latest_only.py
[2024-04-06T10:00:57.493+0000] {logging_mixin.py:137} INFO - [2024-04-06T10:00:57.493+0000] {dag.py:2690} INFO - Sync 1 DAGs
[2024-04-06T10:00:57.515+0000] {logging_mixin.py:137} INFO - [2024-04-06T10:00:57.515+0000] {dag.py:3441} INFO - Setting next_dagrun for latest_only to 2024-04-06T06:00:57.515086+00:00, run_after=2024-04-06T10:00:57.515086+00:00
[2024-04-06T10:00:57.532+0000] {processor.py:175} INFO - Processing /home/airflow/.local/lib/python3.7/site-packages/airflow/example_dags/example_latest_only.py took 0.076 seconds
[2024-04-06T10:01:27.815+0000] {processor.py:153} INFO - Started process (PID=508) to work on /home/airflow/.local/lib/python3.7/site-packages/airflow/example_dags/example_latest_only.py
[2024-04-06T10:01:27.816+0000] {processor.py:743} INFO - Processing file /home/airflow/.local/lib/python3.7/site-packages/airflow/example_dags/example_latest_only.py for tasks to queue
[2024-04-06T10:01:27.817+0000] {logging_mixin.py:137} INFO - [2024-04-06T10:01:27.817+0000] {dagbag.py:538} INFO - Filling up the DagBag from /home/airflow/.local/lib/python3.7/site-packages/airflow/example_dags/example_latest_only.py
[2024-04-06T10:01:27.830+0000] {processor.py:753} INFO - DAG(s) dict_keys(['latest_only']) retrieved from /home/airflow/.local/lib/python3.7/site-packages/airflow/example_dags/example_latest_only.py
[2024-04-06T10:01:27.851+0000] {logging_mixin.py:137} INFO - [2024-04-06T10:01:27.851+0000] {dag.py:2690} INFO - Sync 1 DAGs
[2024-04-06T10:01:27.875+0000] {logging_mixin.py:137} INFO - [2024-04-06T10:01:27.875+0000] {dag.py:3441} INFO - Setting next_dagrun for latest_only to 2024-04-06T06:01:27.875481+00:00, run_after=2024-04-06T10:01:27.875481+00:00
[2024-04-06T10:01:27.893+0000] {processor.py:175} INFO - Processing /home/airflow/.local/lib/python3.7/site-packages/airflow/example_dags/example_latest_only.py took 0.080 seconds
[2024-04-06T10:01:58.189+0000] {processor.py:153} INFO - Started process (PID=596) to work on /home/airflow/.local/lib/python3.7/site-packages/airflow/example_dags/example_latest_only.py
[2024-04-06T10:01:58.189+0000] {processor.py:743} INFO - Processing file /home/airflow/.local/lib/python3.7/site-packages/airflow/example_dags/example_latest_only.py for tasks to queue
[2024-04-06T10:01:58.190+0000] {logging_mixin.py:137} INFO - [2024-04-06T10:01:58.190+0000] {dagbag.py:538} INFO - Filling up the DagBag from /home/airflow/.local/lib/python3.7/site-packages/airflow/example_dags/example_latest_only.py
[2024-04-06T10:01:58.201+0000] {processor.py:753} INFO - DAG(s) dict_keys(['latest_only']) retrieved from /home/airflow/.local/lib/python3.7/site-packages/airflow/example_dags/example_latest_only.py
[2024-04-06T10:01:58.222+0000] {logging_mixin.py:137} INFO - [2024-04-06T10:01:58.222+0000] {dag.py:2690} INFO - Sync 1 DAGs
[2024-04-06T10:01:58.244+0000] {logging_mixin.py:137} INFO - [2024-04-06T10:01:58.244+0000] {dag.py:3441} INFO - Setting next_dagrun for latest_only to 2024-04-06T06:01:58.244446+00:00, run_after=2024-04-06T10:01:58.244446+00:00
[2024-04-06T10:01:58.263+0000] {processor.py:175} INFO - Processing /home/airflow/.local/lib/python3.7/site-packages/airflow/example_dags/example_latest_only.py took 0.077 seconds
[2024-04-06T10:02:28.641+0000] {processor.py:153} INFO - Started process (PID=668) to work on /home/airflow/.local/lib/python3.7/site-packages/airflow/example_dags/example_latest_only.py
[2024-04-06T10:02:28.642+0000] {processor.py:743} INFO - Processing file /home/airflow/.local/lib/python3.7/site-packages/airflow/example_dags/example_latest_only.py for tasks to queue
[2024-04-06T10:02:28.643+0000] {logging_mixin.py:137} INFO - [2024-04-06T10:02:28.643+0000] {dagbag.py:538} INFO - Filling up the DagBag from /home/airflow/.local/lib/python3.7/site-packages/airflow/example_dags/example_latest_only.py
[2024-04-06T10:02:28.657+0000] {processor.py:753} INFO - DAG(s) dict_keys(['latest_only']) retrieved from /home/airflow/.local/lib/python3.7/site-packages/airflow/example_dags/example_latest_only.py
[2024-04-06T10:02:28.679+0000] {logging_mixin.py:137} INFO - [2024-04-06T10:02:28.679+0000] {dag.py:2690} INFO - Sync 1 DAGs
[2024-04-06T10:02:28.703+0000] {logging_mixin.py:137} INFO - [2024-04-06T10:02:28.703+0000] {dag.py:3441} INFO - Setting next_dagrun for latest_only to 2024-04-06T06:02:28.703138+00:00, run_after=2024-04-06T10:02:28.703138+00:00
[2024-04-06T10:02:28.721+0000] {processor.py:175} INFO - Processing /home/airflow/.local/lib/python3.7/site-packages/airflow/example_dags/example_latest_only.py took 0.083 seconds
[2024-04-06T10:02:59.283+0000] {processor.py:153} INFO - Started process (PID=756) to work on /home/airflow/.local/lib/python3.7/site-packages/airflow/example_dags/example_latest_only.py
[2024-04-06T10:02:59.284+0000] {processor.py:743} INFO - Processing file /home/airflow/.local/lib/python3.7/site-packages/airflow/example_dags/example_latest_only.py for tasks to queue
[2024-04-06T10:02:59.284+0000] {logging_mixin.py:137} INFO - [2024-04-06T10:02:59.284+0000] {dagbag.py:538} INFO - Filling up the DagBag from /home/airflow/.local/lib/python3.7/site-packages/airflow/example_dags/example_latest_only.py
[2024-04-06T10:02:59.296+0000] {processor.py:753} INFO - DAG(s) dict_keys(['latest_only']) retrieved from /home/airflow/.local/lib/python3.7/site-packages/airflow/example_dags/example_latest_only.py
[2024-04-06T10:02:59.317+0000] {logging_mixin.py:137} INFO - [2024-04-06T10:02:59.316+0000] {dag.py:2690} INFO - Sync 1 DAGs
[2024-04-06T10:02:59.346+0000] {logging_mixin.py:137} INFO - [2024-04-06T10:02:59.345+0000] {dag.py:3441} INFO - Setting next_dagrun for latest_only to 2024-04-06T06:02:59.345605+00:00, run_after=2024-04-06T10:02:59.345605+00:00
[2024-04-06T10:02:59.369+0000] {processor.py:175} INFO - Processing /home/airflow/.local/lib/python3.7/site-packages/airflow/example_dags/example_latest_only.py took 0.089 seconds
[2024-04-06T10:03:29.642+0000] {processor.py:153} INFO - Started process (PID=845) to work on /home/airflow/.local/lib/python3.7/site-packages/airflow/example_dags/example_latest_only.py
[2024-04-06T10:03:29.643+0000] {processor.py:743} INFO - Processing file /home/airflow/.local/lib/python3.7/site-packages/airflow/example_dags/example_latest_only.py for tasks to queue
[2024-04-06T10:03:29.643+0000] {logging_mixin.py:137} INFO - [2024-04-06T10:03:29.643+0000] {dagbag.py:538} INFO - Filling up the DagBag from /home/airflow/.local/lib/python3.7/site-packages/airflow/example_dags/example_latest_only.py
[2024-04-06T10:03:29.656+0000] {processor.py:753} INFO - DAG(s) dict_keys(['latest_only']) retrieved from /home/airflow/.local/lib/python3.7/site-packages/airflow/example_dags/example_latest_only.py
[2024-04-06T10:03:29.679+0000] {logging_mixin.py:137} INFO - [2024-04-06T10:03:29.679+0000] {dag.py:2690} INFO - Sync 1 DAGs
[2024-04-06T10:03:29.704+0000] {logging_mixin.py:137} INFO - [2024-04-06T10:03:29.704+0000] {dag.py:3441} INFO - Setting next_dagrun for latest_only to 2024-04-06T06:03:29.703980+00:00, run_after=2024-04-06T10:03:29.703980+00:00
[2024-04-06T10:03:29.726+0000] {processor.py:175} INFO - Processing /home/airflow/.local/lib/python3.7/site-packages/airflow/example_dags/example_latest_only.py took 0.087 seconds
[2024-04-06T10:04:00.028+0000] {processor.py:153} INFO - Started process (PID=916) to work on /home/airflow/.local/lib/python3.7/site-packages/airflow/example_dags/example_latest_only.py
[2024-04-06T10:04:00.029+0000] {processor.py:743} INFO - Processing file /home/airflow/.local/lib/python3.7/site-packages/airflow/example_dags/example_latest_only.py for tasks to queue
[2024-04-06T10:04:00.030+0000] {logging_mixin.py:137} INFO - [2024-04-06T10:04:00.029+0000] {dagbag.py:538} INFO - Filling up the DagBag from /home/airflow/.local/lib/python3.7/site-packages/airflow/example_dags/example_latest_only.py
[2024-04-06T10:04:00.044+0000] {processor.py:753} INFO - DAG(s) dict_keys(['latest_only']) retrieved from /home/airflow/.local/lib/python3.7/site-packages/airflow/example_dags/example_latest_only.py
[2024-04-06T10:04:00.069+0000] {logging_mixin.py:137} INFO - [2024-04-06T10:04:00.069+0000] {dag.py:2690} INFO - Sync 1 DAGs
[2024-04-06T10:04:00.097+0000] {logging_mixin.py:137} INFO - [2024-04-06T10:04:00.097+0000] {dag.py:3441} INFO - Setting next_dagrun for latest_only to 2024-04-06T06:04:00.097301+00:00, run_after=2024-04-06T10:04:00.097301+00:00
[2024-04-06T10:04:00.117+0000] {processor.py:175} INFO - Processing /home/airflow/.local/lib/python3.7/site-packages/airflow/example_dags/example_latest_only.py took 0.092 seconds
[2024-04-06T10:04:30.744+0000] {processor.py:153} INFO - Started process (PID=997) to work on /home/airflow/.local/lib/python3.7/site-packages/airflow/example_dags/example_latest_only.py
[2024-04-06T10:04:30.745+0000] {processor.py:743} INFO - Processing file /home/airflow/.local/lib/python3.7/site-packages/airflow/example_dags/example_latest_only.py for tasks to queue
[2024-04-06T10:04:30.746+0000] {logging_mixin.py:137} INFO - [2024-04-06T10:04:30.746+0000] {dagbag.py:538} INFO - Filling up the DagBag from /home/airflow/.local/lib/python3.7/site-packages/airflow/example_dags/example_latest_only.py
[2024-04-06T10:04:30.757+0000] {processor.py:753} INFO - DAG(s) dict_keys(['latest_only']) retrieved from /home/airflow/.local/lib/python3.7/site-packages/airflow/example_dags/example_latest_only.py
[2024-04-06T10:04:30.781+0000] {logging_mixin.py:137} INFO - [2024-04-06T10:04:30.781+0000] {dag.py:2690} INFO - Sync 1 DAGs
[2024-04-06T10:04:30.803+0000] {logging_mixin.py:137} INFO - [2024-04-06T10:04:30.803+0000] {dag.py:3441} INFO - Setting next_dagrun for latest_only to 2024-04-06T06:04:30.803185+00:00, run_after=2024-04-06T10:04:30.803185+00:00
[2024-04-06T10:04:30.823+0000] {processor.py:175} INFO - Processing /home/airflow/.local/lib/python3.7/site-packages/airflow/example_dags/example_latest_only.py took 0.080 seconds
[2024-04-06T10:05:01.451+0000] {processor.py:153} INFO - Started process (PID=1076) to work on /home/airflow/.local/lib/python3.7/site-packages/airflow/example_dags/example_latest_only.py
[2024-04-06T10:05:01.452+0000] {processor.py:743} INFO - Processing file /home/airflow/.local/lib/python3.7/site-packages/airflow/example_dags/example_latest_only.py for tasks to queue
[2024-04-06T10:05:01.452+0000] {logging_mixin.py:137} INFO - [2024-04-06T10:05:01.452+0000] {dagbag.py:538} INFO - Filling up the DagBag from /home/airflow/.local/lib/python3.7/site-packages/airflow/example_dags/example_latest_only.py
[2024-04-06T10:05:01.467+0000] {processor.py:753} INFO - DAG(s) dict_keys(['latest_only']) retrieved from /home/airflow/.local/lib/python3.7/site-packages/airflow/example_dags/example_latest_only.py
[2024-04-06T10:05:01.491+0000] {logging_mixin.py:137} INFO - [2024-04-06T10:05:01.491+0000] {dag.py:2690} INFO - Sync 1 DAGs
[2024-04-06T10:05:01.515+0000] {logging_mixin.py:137} INFO - [2024-04-06T10:05:01.515+0000] {dag.py:3441} INFO - Setting next_dagrun for latest_only to 2024-04-06T06:05:01.515591+00:00, run_after=2024-04-06T10:05:01.515591+00:00
[2024-04-06T10:05:01.534+0000] {processor.py:175} INFO - Processing /home/airflow/.local/lib/python3.7/site-packages/airflow/example_dags/example_latest_only.py took 0.085 seconds
[2024-04-06T10:05:32.335+0000] {processor.py:153} INFO - Started process (PID=1164) to work on /home/airflow/.local/lib/python3.7/site-packages/airflow/example_dags/example_latest_only.py
[2024-04-06T10:05:32.336+0000] {processor.py:743} INFO - Processing file /home/airflow/.local/lib/python3.7/site-packages/airflow/example_dags/example_latest_only.py for tasks to queue
[2024-04-06T10:05:32.336+0000] {logging_mixin.py:137} INFO - [2024-04-06T10:05:32.336+0000] {dagbag.py:538} INFO - Filling up the DagBag from /home/airflow/.local/lib/python3.7/site-packages/airflow/example_dags/example_latest_only.py
[2024-04-06T10:05:32.349+0000] {processor.py:753} INFO - DAG(s) dict_keys(['latest_only']) retrieved from /home/airflow/.local/lib/python3.7/site-packages/airflow/example_dags/example_latest_only.py
[2024-04-06T10:05:32.376+0000] {logging_mixin.py:137} INFO - [2024-04-06T10:05:32.376+0000] {dag.py:2690} INFO - Sync 1 DAGs
[2024-04-06T10:05:32.404+0000] {logging_mixin.py:137} INFO - [2024-04-06T10:05:32.403+0000] {dag.py:3441} INFO - Setting next_dagrun for latest_only to 2024-04-06T06:05:32.403624+00:00, run_after=2024-04-06T10:05:32.403624+00:00
[2024-04-06T10:05:32.432+0000] {processor.py:175} INFO - Processing /home/airflow/.local/lib/python3.7/site-packages/airflow/example_dags/example_latest_only.py took 0.099 seconds
[2024-04-06T10:06:03.435+0000] {processor.py:153} INFO - Started process (PID=1236) to work on /home/airflow/.local/lib/python3.7/site-packages/airflow/example_dags/example_latest_only.py
[2024-04-06T10:06:03.437+0000] {processor.py:743} INFO - Processing file /home/airflow/.local/lib/python3.7/site-packages/airflow/example_dags/example_latest_only.py for tasks to queue
[2024-04-06T10:06:03.438+0000] {logging_mixin.py:137} INFO - [2024-04-06T10:06:03.438+0000] {dagbag.py:538} INFO - Filling up the DagBag from /home/airflow/.local/lib/python3.7/site-packages/airflow/example_dags/example_latest_only.py
[2024-04-06T10:06:03.463+0000] {processor.py:753} INFO - DAG(s) dict_keys(['latest_only']) retrieved from /home/airflow/.local/lib/python3.7/site-packages/airflow/example_dags/example_latest_only.py
[2024-04-06T10:06:03.506+0000] {logging_mixin.py:137} INFO - [2024-04-06T10:06:03.505+0000] {dag.py:2690} INFO - Sync 1 DAGs
[2024-04-06T10:06:03.554+0000] {logging_mixin.py:137} INFO - [2024-04-06T10:06:03.554+0000] {dag.py:3441} INFO - Setting next_dagrun for latest_only to 2024-04-06T06:06:03.553757+00:00, run_after=2024-04-06T10:06:03.553757+00:00
[2024-04-06T10:06:03.589+0000] {processor.py:175} INFO - Processing /home/airflow/.local/lib/python3.7/site-packages/airflow/example_dags/example_latest_only.py took 0.161 seconds
[2024-04-06T10:06:33.746+0000] {processor.py:153} INFO - Started process (PID=1309) to work on /home/airflow/.local/lib/python3.7/site-packages/airflow/example_dags/example_latest_only.py
[2024-04-06T10:06:33.747+0000] {processor.py:743} INFO - Processing file /home/airflow/.local/lib/python3.7/site-packages/airflow/example_dags/example_latest_only.py for tasks to queue
[2024-04-06T10:06:33.748+0000] {logging_mixin.py:137} INFO - [2024-04-06T10:06:33.748+0000] {dagbag.py:538} INFO - Filling up the DagBag from /home/airflow/.local/lib/python3.7/site-packages/airflow/example_dags/example_latest_only.py
[2024-04-06T10:06:33.775+0000] {processor.py:753} INFO - DAG(s) dict_keys(['latest_only']) retrieved from /home/airflow/.local/lib/python3.7/site-packages/airflow/example_dags/example_latest_only.py
[2024-04-06T10:06:33.817+0000] {logging_mixin.py:137} INFO - [2024-04-06T10:06:33.817+0000] {dag.py:2690} INFO - Sync 1 DAGs
[2024-04-06T10:06:33.864+0000] {logging_mixin.py:137} INFO - [2024-04-06T10:06:33.864+0000] {dag.py:3441} INFO - Setting next_dagrun for latest_only to 2024-04-06T06:06:33.864091+00:00, run_after=2024-04-06T10:06:33.864091+00:00
[2024-04-06T10:06:33.904+0000] {processor.py:175} INFO - Processing /home/airflow/.local/lib/python3.7/site-packages/airflow/example_dags/example_latest_only.py took 0.164 seconds
[2024-04-06T10:07:04.419+0000] {processor.py:153} INFO - Started process (PID=1380) to work on /home/airflow/.local/lib/python3.7/site-packages/airflow/example_dags/example_latest_only.py
[2024-04-06T10:07:04.421+0000] {processor.py:743} INFO - Processing file /home/airflow/.local/lib/python3.7/site-packages/airflow/example_dags/example_latest_only.py for tasks to queue
[2024-04-06T10:07:04.422+0000] {logging_mixin.py:137} INFO - [2024-04-06T10:07:04.422+0000] {dagbag.py:538} INFO - Filling up the DagBag from /home/airflow/.local/lib/python3.7/site-packages/airflow/example_dags/example_latest_only.py
[2024-04-06T10:07:04.446+0000] {processor.py:753} INFO - DAG(s) dict_keys(['latest_only']) retrieved from /home/airflow/.local/lib/python3.7/site-packages/airflow/example_dags/example_latest_only.py
[2024-04-06T10:07:04.490+0000] {logging_mixin.py:137} INFO - [2024-04-06T10:07:04.489+0000] {dag.py:2690} INFO - Sync 1 DAGs
[2024-04-06T10:07:04.539+0000] {logging_mixin.py:137} INFO - [2024-04-06T10:07:04.538+0000] {dag.py:3441} INFO - Setting next_dagrun for latest_only to 2024-04-06T06:07:04.538577+00:00, run_after=2024-04-06T10:07:04.538577+00:00
[2024-04-06T10:07:04.574+0000] {processor.py:175} INFO - Processing /home/airflow/.local/lib/python3.7/site-packages/airflow/example_dags/example_latest_only.py took 0.160 seconds
[2024-04-06T10:07:34.778+0000] {processor.py:153} INFO - Started process (PID=1452) to work on /home/airflow/.local/lib/python3.7/site-packages/airflow/example_dags/example_latest_only.py
[2024-04-06T10:07:34.779+0000] {processor.py:743} INFO - Processing file /home/airflow/.local/lib/python3.7/site-packages/airflow/example_dags/example_latest_only.py for tasks to queue
[2024-04-06T10:07:34.780+0000] {logging_mixin.py:137} INFO - [2024-04-06T10:07:34.780+0000] {dagbag.py:538} INFO - Filling up the DagBag from /home/airflow/.local/lib/python3.7/site-packages/airflow/example_dags/example_latest_only.py
[2024-04-06T10:07:34.804+0000] {processor.py:753} INFO - DAG(s) dict_keys(['latest_only']) retrieved from /home/airflow/.local/lib/python3.7/site-packages/airflow/example_dags/example_latest_only.py
[2024-04-06T10:07:34.849+0000] {logging_mixin.py:137} INFO - [2024-04-06T10:07:34.849+0000] {dag.py:2690} INFO - Sync 1 DAGs
[2024-04-06T10:07:34.898+0000] {logging_mixin.py:137} INFO - [2024-04-06T10:07:34.897+0000] {dag.py:3441} INFO - Setting next_dagrun for latest_only to 2024-04-06T06:07:34.897594+00:00, run_after=2024-04-06T10:07:34.897594+00:00
[2024-04-06T10:07:34.940+0000] {processor.py:175} INFO - Processing /home/airflow/.local/lib/python3.7/site-packages/airflow/example_dags/example_latest_only.py took 0.168 seconds
[2024-04-06T10:08:06.052+0000] {processor.py:153} INFO - Started process (PID=1525) to work on /home/airflow/.local/lib/python3.7/site-packages/airflow/example_dags/example_latest_only.py
[2024-04-06T10:08:06.054+0000] {processor.py:743} INFO - Processing file /home/airflow/.local/lib/python3.7/site-packages/airflow/example_dags/example_latest_only.py for tasks to queue
[2024-04-06T10:08:06.056+0000] {logging_mixin.py:137} INFO - [2024-04-06T10:08:06.056+0000] {dagbag.py:538} INFO - Filling up the DagBag from /home/airflow/.local/lib/python3.7/site-packages/airflow/example_dags/example_latest_only.py
[2024-04-06T10:08:06.092+0000] {processor.py:753} INFO - DAG(s) dict_keys(['latest_only']) retrieved from /home/airflow/.local/lib/python3.7/site-packages/airflow/example_dags/example_latest_only.py
[2024-04-06T10:08:06.155+0000] {logging_mixin.py:137} INFO - [2024-04-06T10:08:06.155+0000] {dag.py:2690} INFO - Sync 1 DAGs
[2024-04-06T10:08:06.227+0000] {logging_mixin.py:137} INFO - [2024-04-06T10:08:06.226+0000] {dag.py:3441} INFO - Setting next_dagrun for latest_only to 2024-04-06T06:08:06.226083+00:00, run_after=2024-04-06T10:08:06.226083+00:00
[2024-04-06T10:08:06.281+0000] {processor.py:175} INFO - Processing /home/airflow/.local/lib/python3.7/site-packages/airflow/example_dags/example_latest_only.py took 0.236 seconds
[2024-04-06T10:08:36.652+0000] {processor.py:153} INFO - Started process (PID=1605) to work on /home/airflow/.local/lib/python3.7/site-packages/airflow/example_dags/example_latest_only.py
[2024-04-06T10:08:36.653+0000] {processor.py:743} INFO - Processing file /home/airflow/.local/lib/python3.7/site-packages/airflow/example_dags/example_latest_only.py for tasks to queue
[2024-04-06T10:08:36.654+0000] {logging_mixin.py:137} INFO - [2024-04-06T10:08:36.654+0000] {dagbag.py:538} INFO - Filling up the DagBag from /home/airflow/.local/lib/python3.7/site-packages/airflow/example_dags/example_latest_only.py
[2024-04-06T10:08:36.684+0000] {processor.py:753} INFO - DAG(s) dict_keys(['latest_only']) retrieved from /home/airflow/.local/lib/python3.7/site-packages/airflow/example_dags/example_latest_only.py
[2024-04-06T10:08:36.751+0000] {logging_mixin.py:137} INFO - [2024-04-06T10:08:36.750+0000] {dag.py:2690} INFO - Sync 1 DAGs
[2024-04-06T10:08:36.826+0000] {logging_mixin.py:137} INFO - [2024-04-06T10:08:36.826+0000] {dag.py:3441} INFO - Setting next_dagrun for latest_only to 2024-04-06T06:08:36.826041+00:00, run_after=2024-04-06T10:08:36.826041+00:00
[2024-04-06T10:08:36.866+0000] {processor.py:175} INFO - Processing /home/airflow/.local/lib/python3.7/site-packages/airflow/example_dags/example_latest_only.py took 0.220 seconds
[2024-04-06T10:09:07.167+0000] {processor.py:153} INFO - Started process (PID=1677) to work on /home/airflow/.local/lib/python3.7/site-packages/airflow/example_dags/example_latest_only.py
[2024-04-06T10:09:07.168+0000] {processor.py:743} INFO - Processing file /home/airflow/.local/lib/python3.7/site-packages/airflow/example_dags/example_latest_only.py for tasks to queue
[2024-04-06T10:09:07.170+0000] {logging_mixin.py:137} INFO - [2024-04-06T10:09:07.170+0000] {dagbag.py:538} INFO - Filling up the DagBag from /home/airflow/.local/lib/python3.7/site-packages/airflow/example_dags/example_latest_only.py
[2024-04-06T10:09:07.197+0000] {processor.py:753} INFO - DAG(s) dict_keys(['latest_only']) retrieved from /home/airflow/.local/lib/python3.7/site-packages/airflow/example_dags/example_latest_only.py
[2024-04-06T10:09:07.244+0000] {logging_mixin.py:137} INFO - [2024-04-06T10:09:07.243+0000] {dag.py:2690} INFO - Sync 1 DAGs
[2024-04-06T10:09:07.297+0000] {logging_mixin.py:137} INFO - [2024-04-06T10:09:07.297+0000] {dag.py:3441} INFO - Setting next_dagrun for latest_only to 2024-04-06T06:09:07.296939+00:00, run_after=2024-04-06T10:09:07.296939+00:00
[2024-04-06T10:09:07.339+0000] {processor.py:175} INFO - Processing /home/airflow/.local/lib/python3.7/site-packages/airflow/example_dags/example_latest_only.py took 0.178 seconds
[2024-04-06T10:09:37.829+0000] {processor.py:153} INFO - Started process (PID=1757) to work on /home/airflow/.local/lib/python3.7/site-packages/airflow/example_dags/example_latest_only.py
[2024-04-06T10:09:37.830+0000] {processor.py:743} INFO - Processing file /home/airflow/.local/lib/python3.7/site-packages/airflow/example_dags/example_latest_only.py for tasks to queue
[2024-04-06T10:09:37.831+0000] {logging_mixin.py:137} INFO - [2024-04-06T10:09:37.831+0000] {dagbag.py:538} INFO - Filling up the DagBag from /home/airflow/.local/lib/python3.7/site-packages/airflow/example_dags/example_latest_only.py
[2024-04-06T10:09:37.860+0000] {processor.py:753} INFO - DAG(s) dict_keys(['latest_only']) retrieved from /home/airflow/.local/lib/python3.7/site-packages/airflow/example_dags/example_latest_only.py
[2024-04-06T10:09:37.913+0000] {logging_mixin.py:137} INFO - [2024-04-06T10:09:37.913+0000] {dag.py:2690} INFO - Sync 1 DAGs
[2024-04-06T10:09:37.967+0000] {logging_mixin.py:137} INFO - [2024-04-06T10:09:37.966+0000] {dag.py:3441} INFO - Setting next_dagrun for latest_only to 2024-04-06T06:09:37.966272+00:00, run_after=2024-04-06T10:09:37.966272+00:00
[2024-04-06T10:09:38.006+0000] {processor.py:175} INFO - Processing /home/airflow/.local/lib/python3.7/site-packages/airflow/example_dags/example_latest_only.py took 0.183 seconds
[2024-04-06T10:10:08.940+0000] {processor.py:153} INFO - Started process (PID=1828) to work on /home/airflow/.local/lib/python3.7/site-packages/airflow/example_dags/example_latest_only.py
[2024-04-06T10:10:08.941+0000] {processor.py:743} INFO - Processing file /home/airflow/.local/lib/python3.7/site-packages/airflow/example_dags/example_latest_only.py for tasks to queue
[2024-04-06T10:10:08.942+0000] {logging_mixin.py:137} INFO - [2024-04-06T10:10:08.942+0000] {dagbag.py:538} INFO - Filling up the DagBag from /home/airflow/.local/lib/python3.7/site-packages/airflow/example_dags/example_latest_only.py
[2024-04-06T10:10:08.968+0000] {processor.py:753} INFO - DAG(s) dict_keys(['latest_only']) retrieved from /home/airflow/.local/lib/python3.7/site-packages/airflow/example_dags/example_latest_only.py
[2024-04-06T10:10:09.023+0000] {logging_mixin.py:137} INFO - [2024-04-06T10:10:09.023+0000] {dag.py:2690} INFO - Sync 1 DAGs
[2024-04-06T10:10:09.081+0000] {logging_mixin.py:137} INFO - [2024-04-06T10:10:09.080+0000] {dag.py:3441} INFO - Setting next_dagrun for latest_only to 2024-04-06T06:10:09.080318+00:00, run_after=2024-04-06T10:10:09.080318+00:00
[2024-04-06T10:10:09.121+0000] {processor.py:175} INFO - Processing /home/airflow/.local/lib/python3.7/site-packages/airflow/example_dags/example_latest_only.py took 0.186 seconds
[2024-04-06T10:10:39.385+0000] {processor.py:153} INFO - Started process (PID=1900) to work on /home/airflow/.local/lib/python3.7/site-packages/airflow/example_dags/example_latest_only.py
[2024-04-06T10:10:39.387+0000] {processor.py:743} INFO - Processing file /home/airflow/.local/lib/python3.7/site-packages/airflow/example_dags/example_latest_only.py for tasks to queue
[2024-04-06T10:10:39.389+0000] {logging_mixin.py:137} INFO - [2024-04-06T10:10:39.388+0000] {dagbag.py:538} INFO - Filling up the DagBag from /home/airflow/.local/lib/python3.7/site-packages/airflow/example_dags/example_latest_only.py
[2024-04-06T10:10:39.428+0000] {processor.py:753} INFO - DAG(s) dict_keys(['latest_only']) retrieved from /home/airflow/.local/lib/python3.7/site-packages/airflow/example_dags/example_latest_only.py
[2024-04-06T10:10:39.489+0000] {logging_mixin.py:137} INFO - [2024-04-06T10:10:39.489+0000] {dag.py:2690} INFO - Sync 1 DAGs
[2024-04-06T10:10:39.558+0000] {logging_mixin.py:137} INFO - [2024-04-06T10:10:39.558+0000] {dag.py:3441} INFO - Setting next_dagrun for latest_only to 2024-04-06T06:10:39.557832+00:00, run_after=2024-04-06T10:10:39.557832+00:00
[2024-04-06T10:10:39.610+0000] {processor.py:175} INFO - Processing /home/airflow/.local/lib/python3.7/site-packages/airflow/example_dags/example_latest_only.py took 0.234 seconds
[2024-04-06T10:11:09.723+0000] {processor.py:153} INFO - Started process (PID=1972) to work on /home/airflow/.local/lib/python3.7/site-packages/airflow/example_dags/example_latest_only.py
[2024-04-06T10:11:09.725+0000] {processor.py:743} INFO - Processing file /home/airflow/.local/lib/python3.7/site-packages/airflow/example_dags/example_latest_only.py for tasks to queue
[2024-04-06T10:11:09.727+0000] {logging_mixin.py:137} INFO - [2024-04-06T10:11:09.726+0000] {dagbag.py:538} INFO - Filling up the DagBag from /home/airflow/.local/lib/python3.7/site-packages/airflow/example_dags/example_latest_only.py
[2024-04-06T10:11:09.754+0000] {processor.py:753} INFO - DAG(s) dict_keys(['latest_only']) retrieved from /home/airflow/.local/lib/python3.7/site-packages/airflow/example_dags/example_latest_only.py
[2024-04-06T10:11:09.813+0000] {logging_mixin.py:137} INFO - [2024-04-06T10:11:09.812+0000] {dag.py:2690} INFO - Sync 1 DAGs
[2024-04-06T10:11:09.911+0000] {logging_mixin.py:137} INFO - [2024-04-06T10:11:09.910+0000] {dag.py:3441} INFO - Setting next_dagrun for latest_only to 2024-04-06T06:11:09.909987+00:00, run_after=2024-04-06T10:11:09.909987+00:00
[2024-04-06T10:11:09.956+0000] {processor.py:175} INFO - Processing /home/airflow/.local/lib/python3.7/site-packages/airflow/example_dags/example_latest_only.py took 0.238 seconds
[2024-04-06T10:11:40.251+0000] {processor.py:153} INFO - Started process (PID=2044) to work on /home/airflow/.local/lib/python3.7/site-packages/airflow/example_dags/example_latest_only.py
[2024-04-06T10:11:40.253+0000] {processor.py:743} INFO - Processing file /home/airflow/.local/lib/python3.7/site-packages/airflow/example_dags/example_latest_only.py for tasks to queue
[2024-04-06T10:11:40.254+0000] {logging_mixin.py:137} INFO - [2024-04-06T10:11:40.254+0000] {dagbag.py:538} INFO - Filling up the DagBag from /home/airflow/.local/lib/python3.7/site-packages/airflow/example_dags/example_latest_only.py
[2024-04-06T10:11:40.280+0000] {processor.py:753} INFO - DAG(s) dict_keys(['latest_only']) retrieved from /home/airflow/.local/lib/python3.7/site-packages/airflow/example_dags/example_latest_only.py
[2024-04-06T10:11:40.333+0000] {logging_mixin.py:137} INFO - [2024-04-06T10:11:40.333+0000] {dag.py:2690} INFO - Sync 1 DAGs
[2024-04-06T10:11:40.386+0000] {logging_mixin.py:137} INFO - [2024-04-06T10:11:40.386+0000] {dag.py:3441} INFO - Setting next_dagrun for latest_only to 2024-04-06T06:11:40.385860+00:00, run_after=2024-04-06T10:11:40.385860+00:00
[2024-04-06T10:11:40.426+0000] {processor.py:175} INFO - Processing /home/airflow/.local/lib/python3.7/site-packages/airflow/example_dags/example_latest_only.py took 0.181 seconds
[2024-04-06T10:12:10.482+0000] {processor.py:153} INFO - Started process (PID=2115) to work on /home/airflow/.local/lib/python3.7/site-packages/airflow/example_dags/example_latest_only.py
[2024-04-06T10:12:10.483+0000] {processor.py:743} INFO - Processing file /home/airflow/.local/lib/python3.7/site-packages/airflow/example_dags/example_latest_only.py for tasks to queue
[2024-04-06T10:12:10.485+0000] {logging_mixin.py:137} INFO - [2024-04-06T10:12:10.484+0000] {dagbag.py:538} INFO - Filling up the DagBag from /home/airflow/.local/lib/python3.7/site-packages/airflow/example_dags/example_latest_only.py
[2024-04-06T10:12:10.512+0000] {processor.py:753} INFO - DAG(s) dict_keys(['latest_only']) retrieved from /home/airflow/.local/lib/python3.7/site-packages/airflow/example_dags/example_latest_only.py
[2024-04-06T10:12:10.556+0000] {logging_mixin.py:137} INFO - [2024-04-06T10:12:10.556+0000] {dag.py:2690} INFO - Sync 1 DAGs
[2024-04-06T10:12:10.603+0000] {logging_mixin.py:137} INFO - [2024-04-06T10:12:10.603+0000] {dag.py:3441} INFO - Setting next_dagrun for latest_only to 2024-04-06T06:12:10.602946+00:00, run_after=2024-04-06T10:12:10.602946+00:00
[2024-04-06T10:12:10.639+0000] {processor.py:175} INFO - Processing /home/airflow/.local/lib/python3.7/site-packages/airflow/example_dags/example_latest_only.py took 0.163 seconds
[2024-04-06T10:12:41.373+0000] {processor.py:153} INFO - Started process (PID=2188) to work on /home/airflow/.local/lib/python3.7/site-packages/airflow/example_dags/example_latest_only.py
[2024-04-06T10:12:41.375+0000] {processor.py:743} INFO - Processing file /home/airflow/.local/lib/python3.7/site-packages/airflow/example_dags/example_latest_only.py for tasks to queue
[2024-04-06T10:12:41.376+0000] {logging_mixin.py:137} INFO - [2024-04-06T10:12:41.376+0000] {dagbag.py:538} INFO - Filling up the DagBag from /home/airflow/.local/lib/python3.7/site-packages/airflow/example_dags/example_latest_only.py
[2024-04-06T10:12:41.401+0000] {processor.py:753} INFO - DAG(s) dict_keys(['latest_only']) retrieved from /home/airflow/.local/lib/python3.7/site-packages/airflow/example_dags/example_latest_only.py
[2024-04-06T10:12:41.446+0000] {logging_mixin.py:137} INFO - [2024-04-06T10:12:41.445+0000] {dag.py:2690} INFO - Sync 1 DAGs
[2024-04-06T10:12:41.498+0000] {logging_mixin.py:137} INFO - [2024-04-06T10:12:41.498+0000] {dag.py:3441} INFO - Setting next_dagrun for latest_only to 2024-04-06T06:12:41.497708+00:00, run_after=2024-04-06T10:12:41.497708+00:00
[2024-04-06T10:12:41.544+0000] {processor.py:175} INFO - Processing /home/airflow/.local/lib/python3.7/site-packages/airflow/example_dags/example_latest_only.py took 0.176 seconds
[2024-04-06T10:42:02.784+0000] {processor.py:161} INFO - Started process (PID=40) to work on /home/airflow/.local/lib/python3.8/site-packages/airflow/example_dags/example_latest_only.py
[2024-04-06T10:42:02.785+0000] {processor.py:830} INFO - Processing file /home/airflow/.local/lib/python3.8/site-packages/airflow/example_dags/example_latest_only.py for tasks to queue
[2024-04-06T10:42:02.787+0000] {logging_mixin.py:188} INFO - [2024-04-06T10:42:02.787+0000] {dagbag.py:540} INFO - Filling up the DagBag from /home/airflow/.local/lib/python3.8/site-packages/airflow/example_dags/example_latest_only.py
[2024-04-06T10:42:02.791+0000] {processor.py:840} INFO - DAG(s) 'latest_only' retrieved from /home/airflow/.local/lib/python3.8/site-packages/airflow/example_dags/example_latest_only.py
[2024-04-06T10:42:02.900+0000] {logging_mixin.py:188} INFO - [2024-04-06T10:42:02.899+0000] {override.py:1769} INFO - Created Permission View: can delete on DAG:latest_only
[2024-04-06T10:42:02.911+0000] {logging_mixin.py:188} INFO - [2024-04-06T10:42:02.911+0000] {override.py:1769} INFO - Created Permission View: can read on DAG:latest_only
[2024-04-06T10:42:02.916+0000] {logging_mixin.py:188} INFO - [2024-04-06T10:42:02.916+0000] {override.py:1769} INFO - Created Permission View: can edit on DAG:latest_only
[2024-04-06T10:42:02.917+0000] {logging_mixin.py:188} INFO - [2024-04-06T10:42:02.917+0000] {dag.py:3047} INFO - Sync 1 DAGs
[2024-04-06T10:42:02.924+0000] {logging_mixin.py:188} INFO - [2024-04-06T10:42:02.924+0000] {dag.py:3069} INFO - Creating ORM DAG for latest_only
[2024-04-06T10:42:02.932+0000] {logging_mixin.py:188} INFO - [2024-04-06T10:42:02.932+0000] {dag.py:3834} INFO - Setting next_dagrun for latest_only to 2024-04-06 04:00:00+00:00, run_after=2024-04-06 08:00:00+00:00
[2024-04-06T10:42:02.948+0000] {processor.py:183} INFO - Processing /home/airflow/.local/lib/python3.8/site-packages/airflow/example_dags/example_latest_only.py took 0.167 seconds
[2024-04-06T10:42:33.675+0000] {processor.py:161} INFO - Started process (PID=96) to work on /home/airflow/.local/lib/python3.8/site-packages/airflow/example_dags/example_latest_only.py
[2024-04-06T10:42:33.676+0000] {processor.py:830} INFO - Processing file /home/airflow/.local/lib/python3.8/site-packages/airflow/example_dags/example_latest_only.py for tasks to queue
[2024-04-06T10:42:33.678+0000] {logging_mixin.py:188} INFO - [2024-04-06T10:42:33.677+0000] {dagbag.py:540} INFO - Filling up the DagBag from /home/airflow/.local/lib/python3.8/site-packages/airflow/example_dags/example_latest_only.py
[2024-04-06T10:42:33.681+0000] {processor.py:840} INFO - DAG(s) 'latest_only' retrieved from /home/airflow/.local/lib/python3.8/site-packages/airflow/example_dags/example_latest_only.py
[2024-04-06T10:42:33.694+0000] {logging_mixin.py:188} INFO - [2024-04-06T10:42:33.694+0000] {dag.py:3047} INFO - Sync 1 DAGs
[2024-04-06T10:42:33.708+0000] {logging_mixin.py:188} INFO - [2024-04-06T10:42:33.708+0000] {dag.py:3834} INFO - Setting next_dagrun for latest_only to 2024-04-06 04:00:00+00:00, run_after=2024-04-06 08:00:00+00:00
[2024-04-06T10:42:33.722+0000] {processor.py:183} INFO - Processing /home/airflow/.local/lib/python3.8/site-packages/airflow/example_dags/example_latest_only.py took 0.050 seconds
[2024-04-06T10:43:03.820+0000] {processor.py:161} INFO - Started process (PID=152) to work on /home/airflow/.local/lib/python3.8/site-packages/airflow/example_dags/example_latest_only.py
[2024-04-06T10:43:03.820+0000] {processor.py:830} INFO - Processing file /home/airflow/.local/lib/python3.8/site-packages/airflow/example_dags/example_latest_only.py for tasks to queue
[2024-04-06T10:43:03.821+0000] {logging_mixin.py:188} INFO - [2024-04-06T10:43:03.821+0000] {dagbag.py:540} INFO - Filling up the DagBag from /home/airflow/.local/lib/python3.8/site-packages/airflow/example_dags/example_latest_only.py
[2024-04-06T10:43:03.825+0000] {processor.py:840} INFO - DAG(s) 'latest_only' retrieved from /home/airflow/.local/lib/python3.8/site-packages/airflow/example_dags/example_latest_only.py
[2024-04-06T10:43:03.837+0000] {logging_mixin.py:188} INFO - [2024-04-06T10:43:03.837+0000] {dag.py:3047} INFO - Sync 1 DAGs
[2024-04-06T10:43:03.851+0000] {logging_mixin.py:188} INFO - [2024-04-06T10:43:03.851+0000] {dag.py:3834} INFO - Setting next_dagrun for latest_only to 2024-04-06 04:00:00+00:00, run_after=2024-04-06 08:00:00+00:00
[2024-04-06T10:43:03.864+0000] {processor.py:183} INFO - Processing /home/airflow/.local/lib/python3.8/site-packages/airflow/example_dags/example_latest_only.py took 0.046 seconds
[2024-04-06T10:43:34.494+0000] {processor.py:161} INFO - Started process (PID=208) to work on /home/airflow/.local/lib/python3.8/site-packages/airflow/example_dags/example_latest_only.py
[2024-04-06T10:43:34.495+0000] {processor.py:830} INFO - Processing file /home/airflow/.local/lib/python3.8/site-packages/airflow/example_dags/example_latest_only.py for tasks to queue
[2024-04-06T10:43:34.496+0000] {logging_mixin.py:188} INFO - [2024-04-06T10:43:34.496+0000] {dagbag.py:540} INFO - Filling up the DagBag from /home/airflow/.local/lib/python3.8/site-packages/airflow/example_dags/example_latest_only.py
[2024-04-06T10:43:34.499+0000] {processor.py:840} INFO - DAG(s) 'latest_only' retrieved from /home/airflow/.local/lib/python3.8/site-packages/airflow/example_dags/example_latest_only.py
[2024-04-06T10:43:34.511+0000] {logging_mixin.py:188} INFO - [2024-04-06T10:43:34.511+0000] {dag.py:3047} INFO - Sync 1 DAGs
[2024-04-06T10:43:34.526+0000] {logging_mixin.py:188} INFO - [2024-04-06T10:43:34.525+0000] {dag.py:3834} INFO - Setting next_dagrun for latest_only to 2024-04-06 04:00:00+00:00, run_after=2024-04-06 08:00:00+00:00
[2024-04-06T10:43:34.538+0000] {processor.py:183} INFO - Processing /home/airflow/.local/lib/python3.8/site-packages/airflow/example_dags/example_latest_only.py took 0.045 seconds
[2024-04-06T10:44:05.141+0000] {processor.py:161} INFO - Started process (PID=264) to work on /home/airflow/.local/lib/python3.8/site-packages/airflow/example_dags/example_latest_only.py
[2024-04-06T10:44:05.142+0000] {processor.py:830} INFO - Processing file /home/airflow/.local/lib/python3.8/site-packages/airflow/example_dags/example_latest_only.py for tasks to queue
[2024-04-06T10:44:05.143+0000] {logging_mixin.py:188} INFO - [2024-04-06T10:44:05.143+0000] {dagbag.py:540} INFO - Filling up the DagBag from /home/airflow/.local/lib/python3.8/site-packages/airflow/example_dags/example_latest_only.py
[2024-04-06T10:44:05.147+0000] {processor.py:840} INFO - DAG(s) 'latest_only' retrieved from /home/airflow/.local/lib/python3.8/site-packages/airflow/example_dags/example_latest_only.py
[2024-04-06T10:44:05.160+0000] {logging_mixin.py:188} INFO - [2024-04-06T10:44:05.159+0000] {dag.py:3047} INFO - Sync 1 DAGs
[2024-04-06T10:44:05.174+0000] {logging_mixin.py:188} INFO - [2024-04-06T10:44:05.174+0000] {dag.py:3834} INFO - Setting next_dagrun for latest_only to 2024-04-06 04:00:00+00:00, run_after=2024-04-06 08:00:00+00:00
[2024-04-06T10:44:05.187+0000] {processor.py:183} INFO - Processing /home/airflow/.local/lib/python3.8/site-packages/airflow/example_dags/example_latest_only.py took 0.048 seconds
[2024-04-06T10:44:35.895+0000] {processor.py:161} INFO - Started process (PID=320) to work on /home/airflow/.local/lib/python3.8/site-packages/airflow/example_dags/example_latest_only.py
[2024-04-06T10:44:35.896+0000] {processor.py:830} INFO - Processing file /home/airflow/.local/lib/python3.8/site-packages/airflow/example_dags/example_latest_only.py for tasks to queue
[2024-04-06T10:44:35.897+0000] {logging_mixin.py:188} INFO - [2024-04-06T10:44:35.897+0000] {dagbag.py:540} INFO - Filling up the DagBag from /home/airflow/.local/lib/python3.8/site-packages/airflow/example_dags/example_latest_only.py
[2024-04-06T10:44:35.900+0000] {processor.py:840} INFO - DAG(s) 'latest_only' retrieved from /home/airflow/.local/lib/python3.8/site-packages/airflow/example_dags/example_latest_only.py
[2024-04-06T10:44:35.913+0000] {logging_mixin.py:188} INFO - [2024-04-06T10:44:35.913+0000] {dag.py:3047} INFO - Sync 1 DAGs
[2024-04-06T10:44:35.927+0000] {logging_mixin.py:188} INFO - [2024-04-06T10:44:35.927+0000] {dag.py:3834} INFO - Setting next_dagrun for latest_only to 2024-04-06 04:00:00+00:00, run_after=2024-04-06 08:00:00+00:00
[2024-04-06T10:44:35.938+0000] {processor.py:183} INFO - Processing /home/airflow/.local/lib/python3.8/site-packages/airflow/example_dags/example_latest_only.py took 0.045 seconds
[2024-04-06T10:45:05.996+0000] {processor.py:161} INFO - Started process (PID=376) to work on /home/airflow/.local/lib/python3.8/site-packages/airflow/example_dags/example_latest_only.py
[2024-04-06T10:45:05.997+0000] {processor.py:830} INFO - Processing file /home/airflow/.local/lib/python3.8/site-packages/airflow/example_dags/example_latest_only.py for tasks to queue
[2024-04-06T10:45:05.998+0000] {logging_mixin.py:188} INFO - [2024-04-06T10:45:05.998+0000] {dagbag.py:540} INFO - Filling up the DagBag from /home/airflow/.local/lib/python3.8/site-packages/airflow/example_dags/example_latest_only.py
[2024-04-06T10:45:06.002+0000] {processor.py:840} INFO - DAG(s) 'latest_only' retrieved from /home/airflow/.local/lib/python3.8/site-packages/airflow/example_dags/example_latest_only.py
[2024-04-06T10:45:06.018+0000] {logging_mixin.py:188} INFO - [2024-04-06T10:45:06.018+0000] {dag.py:3047} INFO - Sync 1 DAGs
[2024-04-06T10:45:06.035+0000] {logging_mixin.py:188} INFO - [2024-04-06T10:45:06.035+0000] {dag.py:3834} INFO - Setting next_dagrun for latest_only to 2024-04-06 04:00:00+00:00, run_after=2024-04-06 08:00:00+00:00
[2024-04-06T10:45:06.050+0000] {processor.py:183} INFO - Processing /home/airflow/.local/lib/python3.8/site-packages/airflow/example_dags/example_latest_only.py took 0.056 seconds
