[2024-04-06T09:36:48.875+0000] {processor.py:153} INFO - Started process (PID=76) to work on /home/airflow/.local/lib/python3.7/site-packages/airflow/example_dags/example_short_circuit_operator.py
[2024-04-06T09:36:48.876+0000] {processor.py:743} INFO - Processing file /home/airflow/.local/lib/python3.7/site-packages/airflow/example_dags/example_short_circuit_operator.py for tasks to queue
[2024-04-06T09:36:48.877+0000] {logging_mixin.py:137} INFO - [2024-04-06T09:36:48.876+0000] {dagbag.py:538} INFO - Filling up the DagBag from /home/airflow/.local/lib/python3.7/site-packages/airflow/example_dags/example_short_circuit_operator.py
[2024-04-06T09:36:48.905+0000] {processor.py:753} INFO - DAG(s) dict_keys(['example_short_circuit_operator']) retrieved from /home/airflow/.local/lib/python3.7/site-packages/airflow/example_dags/example_short_circuit_operator.py
[2024-04-06T09:36:48.922+0000] {logging_mixin.py:137} INFO - [2024-04-06T09:36:48.922+0000] {dag.py:2690} INFO - Sync 1 DAGs
[2024-04-06T09:36:48.966+0000] {logging_mixin.py:137} INFO - [2024-04-06T09:36:48.966+0000] {dag.py:3441} INFO - Setting next_dagrun for example_short_circuit_operator to 2024-04-05T09:36:48.965939+00:00, run_after=2024-04-06T09:36:48.965939+00:00
[2024-04-06T09:36:48.996+0000] {processor.py:175} INFO - Processing /home/airflow/.local/lib/python3.7/site-packages/airflow/example_dags/example_short_circuit_operator.py took 0.126 seconds
[2024-04-06T09:37:19.604+0000] {processor.py:153} INFO - Started process (PID=148) to work on /home/airflow/.local/lib/python3.7/site-packages/airflow/example_dags/example_short_circuit_operator.py
[2024-04-06T09:37:19.605+0000] {processor.py:743} INFO - Processing file /home/airflow/.local/lib/python3.7/site-packages/airflow/example_dags/example_short_circuit_operator.py for tasks to queue
[2024-04-06T09:37:19.606+0000] {logging_mixin.py:137} INFO - [2024-04-06T09:37:19.605+0000] {dagbag.py:538} INFO - Filling up the DagBag from /home/airflow/.local/lib/python3.7/site-packages/airflow/example_dags/example_short_circuit_operator.py
[2024-04-06T09:37:19.629+0000] {processor.py:753} INFO - DAG(s) dict_keys(['example_short_circuit_operator']) retrieved from /home/airflow/.local/lib/python3.7/site-packages/airflow/example_dags/example_short_circuit_operator.py
[2024-04-06T09:37:19.642+0000] {logging_mixin.py:137} INFO - [2024-04-06T09:37:19.642+0000] {dag.py:2690} INFO - Sync 1 DAGs
[2024-04-06T09:37:19.669+0000] {logging_mixin.py:137} INFO - [2024-04-06T09:37:19.669+0000] {dag.py:3441} INFO - Setting next_dagrun for example_short_circuit_operator to 2024-04-05T09:37:19.669068+00:00, run_after=2024-04-06T09:37:19.669068+00:00
[2024-04-06T09:37:19.689+0000] {processor.py:175} INFO - Processing /home/airflow/.local/lib/python3.7/site-packages/airflow/example_dags/example_short_circuit_operator.py took 0.089 seconds
[2024-04-06T09:37:50.399+0000] {processor.py:153} INFO - Started process (PID=220) to work on /home/airflow/.local/lib/python3.7/site-packages/airflow/example_dags/example_short_circuit_operator.py
[2024-04-06T09:37:50.400+0000] {processor.py:743} INFO - Processing file /home/airflow/.local/lib/python3.7/site-packages/airflow/example_dags/example_short_circuit_operator.py for tasks to queue
[2024-04-06T09:37:50.400+0000] {logging_mixin.py:137} INFO - [2024-04-06T09:37:50.400+0000] {dagbag.py:538} INFO - Filling up the DagBag from /home/airflow/.local/lib/python3.7/site-packages/airflow/example_dags/example_short_circuit_operator.py
[2024-04-06T09:37:50.417+0000] {processor.py:753} INFO - DAG(s) dict_keys(['example_short_circuit_operator']) retrieved from /home/airflow/.local/lib/python3.7/site-packages/airflow/example_dags/example_short_circuit_operator.py
[2024-04-06T09:37:50.442+0000] {logging_mixin.py:137} INFO - [2024-04-06T09:37:50.442+0000] {dag.py:2690} INFO - Sync 1 DAGs
[2024-04-06T09:37:50.472+0000] {logging_mixin.py:137} INFO - [2024-04-06T09:37:50.472+0000] {dag.py:3441} INFO - Setting next_dagrun for example_short_circuit_operator to 2024-04-05T09:37:50.471810+00:00, run_after=2024-04-06T09:37:50.471810+00:00
[2024-04-06T09:37:50.491+0000] {processor.py:175} INFO - Processing /home/airflow/.local/lib/python3.7/site-packages/airflow/example_dags/example_short_circuit_operator.py took 0.095 seconds
[2024-04-06T09:38:21.090+0000] {processor.py:153} INFO - Started process (PID=308) to work on /home/airflow/.local/lib/python3.7/site-packages/airflow/example_dags/example_short_circuit_operator.py
[2024-04-06T09:38:21.091+0000] {processor.py:743} INFO - Processing file /home/airflow/.local/lib/python3.7/site-packages/airflow/example_dags/example_short_circuit_operator.py for tasks to queue
[2024-04-06T09:38:21.092+0000] {logging_mixin.py:137} INFO - [2024-04-06T09:38:21.092+0000] {dagbag.py:538} INFO - Filling up the DagBag from /home/airflow/.local/lib/python3.7/site-packages/airflow/example_dags/example_short_circuit_operator.py
[2024-04-06T09:38:21.117+0000] {processor.py:753} INFO - DAG(s) dict_keys(['example_short_circuit_operator']) retrieved from /home/airflow/.local/lib/python3.7/site-packages/airflow/example_dags/example_short_circuit_operator.py
[2024-04-06T09:38:21.154+0000] {logging_mixin.py:137} INFO - [2024-04-06T09:38:21.153+0000] {dag.py:2690} INFO - Sync 1 DAGs
[2024-04-06T09:38:21.191+0000] {logging_mixin.py:137} INFO - [2024-04-06T09:38:21.191+0000] {dag.py:3441} INFO - Setting next_dagrun for example_short_circuit_operator to 2024-04-05T09:38:21.191367+00:00, run_after=2024-04-06T09:38:21.191367+00:00
[2024-04-06T09:38:21.211+0000] {processor.py:175} INFO - Processing /home/airflow/.local/lib/python3.7/site-packages/airflow/example_dags/example_short_circuit_operator.py took 0.124 seconds
[2024-04-06T09:38:51.333+0000] {processor.py:153} INFO - Started process (PID=379) to work on /home/airflow/.local/lib/python3.7/site-packages/airflow/example_dags/example_short_circuit_operator.py
[2024-04-06T09:38:51.334+0000] {processor.py:743} INFO - Processing file /home/airflow/.local/lib/python3.7/site-packages/airflow/example_dags/example_short_circuit_operator.py for tasks to queue
[2024-04-06T09:38:51.334+0000] {logging_mixin.py:137} INFO - [2024-04-06T09:38:51.334+0000] {dagbag.py:538} INFO - Filling up the DagBag from /home/airflow/.local/lib/python3.7/site-packages/airflow/example_dags/example_short_circuit_operator.py
[2024-04-06T09:38:51.347+0000] {processor.py:753} INFO - DAG(s) dict_keys(['example_short_circuit_operator']) retrieved from /home/airflow/.local/lib/python3.7/site-packages/airflow/example_dags/example_short_circuit_operator.py
[2024-04-06T09:38:51.368+0000] {logging_mixin.py:137} INFO - [2024-04-06T09:38:51.368+0000] {dag.py:2690} INFO - Sync 1 DAGs
[2024-04-06T09:38:51.390+0000] {logging_mixin.py:137} INFO - [2024-04-06T09:38:51.390+0000] {dag.py:3441} INFO - Setting next_dagrun for example_short_circuit_operator to 2024-04-05T09:38:51.389901+00:00, run_after=2024-04-06T09:38:51.389901+00:00
[2024-04-06T09:38:51.406+0000] {processor.py:175} INFO - Processing /home/airflow/.local/lib/python3.7/site-packages/airflow/example_dags/example_short_circuit_operator.py took 0.075 seconds
[2024-04-06T09:39:21.559+0000] {processor.py:153} INFO - Started process (PID=468) to work on /home/airflow/.local/lib/python3.7/site-packages/airflow/example_dags/example_short_circuit_operator.py
[2024-04-06T09:39:21.559+0000] {processor.py:743} INFO - Processing file /home/airflow/.local/lib/python3.7/site-packages/airflow/example_dags/example_short_circuit_operator.py for tasks to queue
[2024-04-06T09:39:21.560+0000] {logging_mixin.py:137} INFO - [2024-04-06T09:39:21.560+0000] {dagbag.py:538} INFO - Filling up the DagBag from /home/airflow/.local/lib/python3.7/site-packages/airflow/example_dags/example_short_circuit_operator.py
[2024-04-06T09:39:21.575+0000] {processor.py:753} INFO - DAG(s) dict_keys(['example_short_circuit_operator']) retrieved from /home/airflow/.local/lib/python3.7/site-packages/airflow/example_dags/example_short_circuit_operator.py
[2024-04-06T09:39:21.599+0000] {logging_mixin.py:137} INFO - [2024-04-06T09:39:21.599+0000] {dag.py:2690} INFO - Sync 1 DAGs
[2024-04-06T09:39:21.626+0000] {logging_mixin.py:137} INFO - [2024-04-06T09:39:21.626+0000] {dag.py:3441} INFO - Setting next_dagrun for example_short_circuit_operator to 2024-04-05T09:39:21.626436+00:00, run_after=2024-04-06T09:39:21.626436+00:00
[2024-04-06T09:39:21.645+0000] {processor.py:175} INFO - Processing /home/airflow/.local/lib/python3.7/site-packages/airflow/example_dags/example_short_circuit_operator.py took 0.089 seconds
[2024-04-06T09:39:51.739+0000] {processor.py:153} INFO - Started process (PID=539) to work on /home/airflow/.local/lib/python3.7/site-packages/airflow/example_dags/example_short_circuit_operator.py
[2024-04-06T09:39:51.740+0000] {processor.py:743} INFO - Processing file /home/airflow/.local/lib/python3.7/site-packages/airflow/example_dags/example_short_circuit_operator.py for tasks to queue
[2024-04-06T09:39:51.740+0000] {logging_mixin.py:137} INFO - [2024-04-06T09:39:51.740+0000] {dagbag.py:538} INFO - Filling up the DagBag from /home/airflow/.local/lib/python3.7/site-packages/airflow/example_dags/example_short_circuit_operator.py
[2024-04-06T09:39:51.753+0000] {processor.py:753} INFO - DAG(s) dict_keys(['example_short_circuit_operator']) retrieved from /home/airflow/.local/lib/python3.7/site-packages/airflow/example_dags/example_short_circuit_operator.py
[2024-04-06T09:39:51.775+0000] {logging_mixin.py:137} INFO - [2024-04-06T09:39:51.775+0000] {dag.py:2690} INFO - Sync 1 DAGs
[2024-04-06T09:39:51.799+0000] {logging_mixin.py:137} INFO - [2024-04-06T09:39:51.799+0000] {dag.py:3441} INFO - Setting next_dagrun for example_short_circuit_operator to 2024-04-05T09:39:51.798930+00:00, run_after=2024-04-06T09:39:51.798930+00:00
[2024-04-06T09:39:51.817+0000] {processor.py:175} INFO - Processing /home/airflow/.local/lib/python3.7/site-packages/airflow/example_dags/example_short_circuit_operator.py took 0.080 seconds
[2024-04-06T09:40:22.198+0000] {processor.py:153} INFO - Started process (PID=627) to work on /home/airflow/.local/lib/python3.7/site-packages/airflow/example_dags/example_short_circuit_operator.py
[2024-04-06T09:40:22.199+0000] {processor.py:743} INFO - Processing file /home/airflow/.local/lib/python3.7/site-packages/airflow/example_dags/example_short_circuit_operator.py for tasks to queue
[2024-04-06T09:40:22.200+0000] {logging_mixin.py:137} INFO - [2024-04-06T09:40:22.200+0000] {dagbag.py:538} INFO - Filling up the DagBag from /home/airflow/.local/lib/python3.7/site-packages/airflow/example_dags/example_short_circuit_operator.py
[2024-04-06T09:40:22.213+0000] {processor.py:753} INFO - DAG(s) dict_keys(['example_short_circuit_operator']) retrieved from /home/airflow/.local/lib/python3.7/site-packages/airflow/example_dags/example_short_circuit_operator.py
[2024-04-06T09:40:22.234+0000] {logging_mixin.py:137} INFO - [2024-04-06T09:40:22.234+0000] {dag.py:2690} INFO - Sync 1 DAGs
[2024-04-06T09:40:22.256+0000] {logging_mixin.py:137} INFO - [2024-04-06T09:40:22.256+0000] {dag.py:3441} INFO - Setting next_dagrun for example_short_circuit_operator to 2024-04-05T09:40:22.255959+00:00, run_after=2024-04-06T09:40:22.255959+00:00
[2024-04-06T09:40:22.272+0000] {processor.py:175} INFO - Processing /home/airflow/.local/lib/python3.7/site-packages/airflow/example_dags/example_short_circuit_operator.py took 0.077 seconds
[2024-04-06T09:40:52.474+0000] {processor.py:153} INFO - Started process (PID=699) to work on /home/airflow/.local/lib/python3.7/site-packages/airflow/example_dags/example_short_circuit_operator.py
[2024-04-06T09:40:52.474+0000] {processor.py:743} INFO - Processing file /home/airflow/.local/lib/python3.7/site-packages/airflow/example_dags/example_short_circuit_operator.py for tasks to queue
[2024-04-06T09:40:52.475+0000] {logging_mixin.py:137} INFO - [2024-04-06T09:40:52.475+0000] {dagbag.py:538} INFO - Filling up the DagBag from /home/airflow/.local/lib/python3.7/site-packages/airflow/example_dags/example_short_circuit_operator.py
[2024-04-06T09:40:52.490+0000] {processor.py:753} INFO - DAG(s) dict_keys(['example_short_circuit_operator']) retrieved from /home/airflow/.local/lib/python3.7/site-packages/airflow/example_dags/example_short_circuit_operator.py
[2024-04-06T09:40:52.514+0000] {logging_mixin.py:137} INFO - [2024-04-06T09:40:52.514+0000] {dag.py:2690} INFO - Sync 1 DAGs
[2024-04-06T09:40:52.536+0000] {logging_mixin.py:137} INFO - [2024-04-06T09:40:52.536+0000] {dag.py:3441} INFO - Setting next_dagrun for example_short_circuit_operator to 2024-04-05T09:40:52.535907+00:00, run_after=2024-04-06T09:40:52.535907+00:00
[2024-04-06T09:40:52.553+0000] {processor.py:175} INFO - Processing /home/airflow/.local/lib/python3.7/site-packages/airflow/example_dags/example_short_circuit_operator.py took 0.082 seconds
[2024-04-06T09:41:22.937+0000] {processor.py:153} INFO - Started process (PID=787) to work on /home/airflow/.local/lib/python3.7/site-packages/airflow/example_dags/example_short_circuit_operator.py
[2024-04-06T09:41:22.938+0000] {processor.py:743} INFO - Processing file /home/airflow/.local/lib/python3.7/site-packages/airflow/example_dags/example_short_circuit_operator.py for tasks to queue
[2024-04-06T09:41:22.939+0000] {logging_mixin.py:137} INFO - [2024-04-06T09:41:22.938+0000] {dagbag.py:538} INFO - Filling up the DagBag from /home/airflow/.local/lib/python3.7/site-packages/airflow/example_dags/example_short_circuit_operator.py
[2024-04-06T09:41:22.951+0000] {processor.py:753} INFO - DAG(s) dict_keys(['example_short_circuit_operator']) retrieved from /home/airflow/.local/lib/python3.7/site-packages/airflow/example_dags/example_short_circuit_operator.py
[2024-04-06T09:41:22.981+0000] {logging_mixin.py:137} INFO - [2024-04-06T09:41:22.981+0000] {dag.py:2690} INFO - Sync 1 DAGs
[2024-04-06T09:41:23.006+0000] {logging_mixin.py:137} INFO - [2024-04-06T09:41:23.006+0000] {dag.py:3441} INFO - Setting next_dagrun for example_short_circuit_operator to 2024-04-05T09:41:23.006010+00:00, run_after=2024-04-06T09:41:23.006010+00:00
[2024-04-06T09:41:23.022+0000] {processor.py:175} INFO - Processing /home/airflow/.local/lib/python3.7/site-packages/airflow/example_dags/example_short_circuit_operator.py took 0.087 seconds
[2024-04-06T09:41:53.226+0000] {processor.py:153} INFO - Started process (PID=859) to work on /home/airflow/.local/lib/python3.7/site-packages/airflow/example_dags/example_short_circuit_operator.py
[2024-04-06T09:41:53.227+0000] {processor.py:743} INFO - Processing file /home/airflow/.local/lib/python3.7/site-packages/airflow/example_dags/example_short_circuit_operator.py for tasks to queue
[2024-04-06T09:41:53.227+0000] {logging_mixin.py:137} INFO - [2024-04-06T09:41:53.227+0000] {dagbag.py:538} INFO - Filling up the DagBag from /home/airflow/.local/lib/python3.7/site-packages/airflow/example_dags/example_short_circuit_operator.py
[2024-04-06T09:41:53.241+0000] {processor.py:753} INFO - DAG(s) dict_keys(['example_short_circuit_operator']) retrieved from /home/airflow/.local/lib/python3.7/site-packages/airflow/example_dags/example_short_circuit_operator.py
[2024-04-06T09:41:53.267+0000] {logging_mixin.py:137} INFO - [2024-04-06T09:41:53.267+0000] {dag.py:2690} INFO - Sync 1 DAGs
[2024-04-06T09:41:53.292+0000] {logging_mixin.py:137} INFO - [2024-04-06T09:41:53.292+0000] {dag.py:3441} INFO - Setting next_dagrun for example_short_circuit_operator to 2024-04-05T09:41:53.291696+00:00, run_after=2024-04-06T09:41:53.291696+00:00
[2024-04-06T09:41:53.309+0000] {processor.py:175} INFO - Processing /home/airflow/.local/lib/python3.7/site-packages/airflow/example_dags/example_short_circuit_operator.py took 0.087 seconds
[2024-04-06T09:42:23.960+0000] {processor.py:153} INFO - Started process (PID=947) to work on /home/airflow/.local/lib/python3.7/site-packages/airflow/example_dags/example_short_circuit_operator.py
[2024-04-06T09:42:23.960+0000] {processor.py:743} INFO - Processing file /home/airflow/.local/lib/python3.7/site-packages/airflow/example_dags/example_short_circuit_operator.py for tasks to queue
[2024-04-06T09:42:23.961+0000] {logging_mixin.py:137} INFO - [2024-04-06T09:42:23.961+0000] {dagbag.py:538} INFO - Filling up the DagBag from /home/airflow/.local/lib/python3.7/site-packages/airflow/example_dags/example_short_circuit_operator.py
[2024-04-06T09:42:23.980+0000] {processor.py:753} INFO - DAG(s) dict_keys(['example_short_circuit_operator']) retrieved from /home/airflow/.local/lib/python3.7/site-packages/airflow/example_dags/example_short_circuit_operator.py
[2024-04-06T09:42:24.009+0000] {logging_mixin.py:137} INFO - [2024-04-06T09:42:24.009+0000] {dag.py:2690} INFO - Sync 1 DAGs
[2024-04-06T09:42:24.042+0000] {logging_mixin.py:137} INFO - [2024-04-06T09:42:24.042+0000] {dag.py:3441} INFO - Setting next_dagrun for example_short_circuit_operator to 2024-04-05T09:42:24.041877+00:00, run_after=2024-04-06T09:42:24.041877+00:00
[2024-04-06T09:42:24.061+0000] {processor.py:175} INFO - Processing /home/airflow/.local/lib/python3.7/site-packages/airflow/example_dags/example_short_circuit_operator.py took 0.104 seconds
[2024-04-06T09:42:54.214+0000] {processor.py:153} INFO - Started process (PID=1019) to work on /home/airflow/.local/lib/python3.7/site-packages/airflow/example_dags/example_short_circuit_operator.py
[2024-04-06T09:42:54.215+0000] {processor.py:743} INFO - Processing file /home/airflow/.local/lib/python3.7/site-packages/airflow/example_dags/example_short_circuit_operator.py for tasks to queue
[2024-04-06T09:42:54.216+0000] {logging_mixin.py:137} INFO - [2024-04-06T09:42:54.216+0000] {dagbag.py:538} INFO - Filling up the DagBag from /home/airflow/.local/lib/python3.7/site-packages/airflow/example_dags/example_short_circuit_operator.py
[2024-04-06T09:42:54.230+0000] {processor.py:753} INFO - DAG(s) dict_keys(['example_short_circuit_operator']) retrieved from /home/airflow/.local/lib/python3.7/site-packages/airflow/example_dags/example_short_circuit_operator.py
[2024-04-06T09:42:54.251+0000] {logging_mixin.py:137} INFO - [2024-04-06T09:42:54.250+0000] {dag.py:2690} INFO - Sync 1 DAGs
[2024-04-06T09:42:54.272+0000] {logging_mixin.py:137} INFO - [2024-04-06T09:42:54.272+0000] {dag.py:3441} INFO - Setting next_dagrun for example_short_circuit_operator to 2024-04-05T09:42:54.272211+00:00, run_after=2024-04-06T09:42:54.272211+00:00
[2024-04-06T09:42:54.290+0000] {processor.py:175} INFO - Processing /home/airflow/.local/lib/python3.7/site-packages/airflow/example_dags/example_short_circuit_operator.py took 0.079 seconds
[2024-04-06T09:43:24.895+0000] {processor.py:153} INFO - Started process (PID=1106) to work on /home/airflow/.local/lib/python3.7/site-packages/airflow/example_dags/example_short_circuit_operator.py
[2024-04-06T09:43:24.896+0000] {processor.py:743} INFO - Processing file /home/airflow/.local/lib/python3.7/site-packages/airflow/example_dags/example_short_circuit_operator.py for tasks to queue
[2024-04-06T09:43:24.897+0000] {logging_mixin.py:137} INFO - [2024-04-06T09:43:24.897+0000] {dagbag.py:538} INFO - Filling up the DagBag from /home/airflow/.local/lib/python3.7/site-packages/airflow/example_dags/example_short_circuit_operator.py
[2024-04-06T09:43:24.910+0000] {processor.py:753} INFO - DAG(s) dict_keys(['example_short_circuit_operator']) retrieved from /home/airflow/.local/lib/python3.7/site-packages/airflow/example_dags/example_short_circuit_operator.py
[2024-04-06T09:43:24.929+0000] {logging_mixin.py:137} INFO - [2024-04-06T09:43:24.929+0000] {dag.py:2690} INFO - Sync 1 DAGs
[2024-04-06T09:43:24.952+0000] {logging_mixin.py:137} INFO - [2024-04-06T09:43:24.952+0000] {dag.py:3441} INFO - Setting next_dagrun for example_short_circuit_operator to 2024-04-05T09:43:24.951847+00:00, run_after=2024-04-06T09:43:24.951847+00:00
[2024-04-06T09:43:24.970+0000] {processor.py:175} INFO - Processing /home/airflow/.local/lib/python3.7/site-packages/airflow/example_dags/example_short_circuit_operator.py took 0.077 seconds
[2024-04-06T09:43:55.054+0000] {processor.py:153} INFO - Started process (PID=1178) to work on /home/airflow/.local/lib/python3.7/site-packages/airflow/example_dags/example_short_circuit_operator.py
[2024-04-06T09:43:55.055+0000] {processor.py:743} INFO - Processing file /home/airflow/.local/lib/python3.7/site-packages/airflow/example_dags/example_short_circuit_operator.py for tasks to queue
[2024-04-06T09:43:55.055+0000] {logging_mixin.py:137} INFO - [2024-04-06T09:43:55.055+0000] {dagbag.py:538} INFO - Filling up the DagBag from /home/airflow/.local/lib/python3.7/site-packages/airflow/example_dags/example_short_circuit_operator.py
[2024-04-06T09:43:55.068+0000] {processor.py:753} INFO - DAG(s) dict_keys(['example_short_circuit_operator']) retrieved from /home/airflow/.local/lib/python3.7/site-packages/airflow/example_dags/example_short_circuit_operator.py
[2024-04-06T09:43:55.088+0000] {logging_mixin.py:137} INFO - [2024-04-06T09:43:55.088+0000] {dag.py:2690} INFO - Sync 1 DAGs
[2024-04-06T09:43:55.112+0000] {logging_mixin.py:137} INFO - [2024-04-06T09:43:55.112+0000] {dag.py:3441} INFO - Setting next_dagrun for example_short_circuit_operator to 2024-04-05T09:43:55.112145+00:00, run_after=2024-04-06T09:43:55.112145+00:00
[2024-04-06T09:43:55.133+0000] {processor.py:175} INFO - Processing /home/airflow/.local/lib/python3.7/site-packages/airflow/example_dags/example_short_circuit_operator.py took 0.082 seconds
[2024-04-06T09:44:25.812+0000] {processor.py:153} INFO - Started process (PID=1266) to work on /home/airflow/.local/lib/python3.7/site-packages/airflow/example_dags/example_short_circuit_operator.py
[2024-04-06T09:44:25.813+0000] {processor.py:743} INFO - Processing file /home/airflow/.local/lib/python3.7/site-packages/airflow/example_dags/example_short_circuit_operator.py for tasks to queue
[2024-04-06T09:44:25.813+0000] {logging_mixin.py:137} INFO - [2024-04-06T09:44:25.813+0000] {dagbag.py:538} INFO - Filling up the DagBag from /home/airflow/.local/lib/python3.7/site-packages/airflow/example_dags/example_short_circuit_operator.py
[2024-04-06T09:44:25.829+0000] {processor.py:753} INFO - DAG(s) dict_keys(['example_short_circuit_operator']) retrieved from /home/airflow/.local/lib/python3.7/site-packages/airflow/example_dags/example_short_circuit_operator.py
[2024-04-06T09:44:25.855+0000] {logging_mixin.py:137} INFO - [2024-04-06T09:44:25.855+0000] {dag.py:2690} INFO - Sync 1 DAGs
[2024-04-06T09:44:25.887+0000] {logging_mixin.py:137} INFO - [2024-04-06T09:44:25.887+0000] {dag.py:3441} INFO - Setting next_dagrun for example_short_circuit_operator to 2024-04-05T09:44:25.886680+00:00, run_after=2024-04-06T09:44:25.886680+00:00
[2024-04-06T09:44:25.914+0000] {processor.py:175} INFO - Processing /home/airflow/.local/lib/python3.7/site-packages/airflow/example_dags/example_short_circuit_operator.py took 0.105 seconds
[2024-04-06T09:44:56.048+0000] {processor.py:153} INFO - Started process (PID=1338) to work on /home/airflow/.local/lib/python3.7/site-packages/airflow/example_dags/example_short_circuit_operator.py
[2024-04-06T09:44:56.049+0000] {processor.py:743} INFO - Processing file /home/airflow/.local/lib/python3.7/site-packages/airflow/example_dags/example_short_circuit_operator.py for tasks to queue
[2024-04-06T09:44:56.049+0000] {logging_mixin.py:137} INFO - [2024-04-06T09:44:56.049+0000] {dagbag.py:538} INFO - Filling up the DagBag from /home/airflow/.local/lib/python3.7/site-packages/airflow/example_dags/example_short_circuit_operator.py
[2024-04-06T09:44:56.061+0000] {processor.py:753} INFO - DAG(s) dict_keys(['example_short_circuit_operator']) retrieved from /home/airflow/.local/lib/python3.7/site-packages/airflow/example_dags/example_short_circuit_operator.py
[2024-04-06T09:44:56.083+0000] {logging_mixin.py:137} INFO - [2024-04-06T09:44:56.083+0000] {dag.py:2690} INFO - Sync 1 DAGs
[2024-04-06T09:44:56.105+0000] {logging_mixin.py:137} INFO - [2024-04-06T09:44:56.105+0000] {dag.py:3441} INFO - Setting next_dagrun for example_short_circuit_operator to 2024-04-05T09:44:56.104913+00:00, run_after=2024-04-06T09:44:56.104913+00:00
[2024-04-06T09:44:56.122+0000] {processor.py:175} INFO - Processing /home/airflow/.local/lib/python3.7/site-packages/airflow/example_dags/example_short_circuit_operator.py took 0.077 seconds
[2024-04-06T09:45:26.500+0000] {processor.py:153} INFO - Started process (PID=1426) to work on /home/airflow/.local/lib/python3.7/site-packages/airflow/example_dags/example_short_circuit_operator.py
[2024-04-06T09:45:26.501+0000] {processor.py:743} INFO - Processing file /home/airflow/.local/lib/python3.7/site-packages/airflow/example_dags/example_short_circuit_operator.py for tasks to queue
[2024-04-06T09:45:26.502+0000] {logging_mixin.py:137} INFO - [2024-04-06T09:45:26.501+0000] {dagbag.py:538} INFO - Filling up the DagBag from /home/airflow/.local/lib/python3.7/site-packages/airflow/example_dags/example_short_circuit_operator.py
[2024-04-06T09:45:26.518+0000] {processor.py:753} INFO - DAG(s) dict_keys(['example_short_circuit_operator']) retrieved from /home/airflow/.local/lib/python3.7/site-packages/airflow/example_dags/example_short_circuit_operator.py
[2024-04-06T09:45:26.548+0000] {logging_mixin.py:137} INFO - [2024-04-06T09:45:26.547+0000] {dag.py:2690} INFO - Sync 1 DAGs
[2024-04-06T09:45:26.582+0000] {logging_mixin.py:137} INFO - [2024-04-06T09:45:26.582+0000] {dag.py:3441} INFO - Setting next_dagrun for example_short_circuit_operator to 2024-04-05T09:45:26.582364+00:00, run_after=2024-04-06T09:45:26.582364+00:00
[2024-04-06T09:45:26.600+0000] {processor.py:175} INFO - Processing /home/airflow/.local/lib/python3.7/site-packages/airflow/example_dags/example_short_circuit_operator.py took 0.103 seconds
[2024-04-06T09:45:56.808+0000] {processor.py:153} INFO - Started process (PID=1498) to work on /home/airflow/.local/lib/python3.7/site-packages/airflow/example_dags/example_short_circuit_operator.py
[2024-04-06T09:45:56.809+0000] {processor.py:743} INFO - Processing file /home/airflow/.local/lib/python3.7/site-packages/airflow/example_dags/example_short_circuit_operator.py for tasks to queue
[2024-04-06T09:45:56.811+0000] {logging_mixin.py:137} INFO - [2024-04-06T09:45:56.810+0000] {dagbag.py:538} INFO - Filling up the DagBag from /home/airflow/.local/lib/python3.7/site-packages/airflow/example_dags/example_short_circuit_operator.py
[2024-04-06T09:45:56.826+0000] {processor.py:753} INFO - DAG(s) dict_keys(['example_short_circuit_operator']) retrieved from /home/airflow/.local/lib/python3.7/site-packages/airflow/example_dags/example_short_circuit_operator.py
[2024-04-06T09:45:56.852+0000] {logging_mixin.py:137} INFO - [2024-04-06T09:45:56.852+0000] {dag.py:2690} INFO - Sync 1 DAGs
[2024-04-06T09:45:56.881+0000] {logging_mixin.py:137} INFO - [2024-04-06T09:45:56.881+0000] {dag.py:3441} INFO - Setting next_dagrun for example_short_circuit_operator to 2024-04-05T09:45:56.881426+00:00, run_after=2024-04-06T09:45:56.881426+00:00
[2024-04-06T09:45:56.906+0000] {processor.py:175} INFO - Processing /home/airflow/.local/lib/python3.7/site-packages/airflow/example_dags/example_short_circuit_operator.py took 0.101 seconds
[2024-04-06T09:46:27.249+0000] {processor.py:153} INFO - Started process (PID=1585) to work on /home/airflow/.local/lib/python3.7/site-packages/airflow/example_dags/example_short_circuit_operator.py
[2024-04-06T09:46:27.250+0000] {processor.py:743} INFO - Processing file /home/airflow/.local/lib/python3.7/site-packages/airflow/example_dags/example_short_circuit_operator.py for tasks to queue
[2024-04-06T09:46:27.250+0000] {logging_mixin.py:137} INFO - [2024-04-06T09:46:27.250+0000] {dagbag.py:538} INFO - Filling up the DagBag from /home/airflow/.local/lib/python3.7/site-packages/airflow/example_dags/example_short_circuit_operator.py
[2024-04-06T09:46:27.265+0000] {processor.py:753} INFO - DAG(s) dict_keys(['example_short_circuit_operator']) retrieved from /home/airflow/.local/lib/python3.7/site-packages/airflow/example_dags/example_short_circuit_operator.py
[2024-04-06T09:46:27.300+0000] {logging_mixin.py:137} INFO - [2024-04-06T09:46:27.300+0000] {dag.py:2690} INFO - Sync 1 DAGs
[2024-04-06T09:46:27.337+0000] {logging_mixin.py:137} INFO - [2024-04-06T09:46:27.335+0000] {dag.py:3441} INFO - Setting next_dagrun for example_short_circuit_operator to 2024-04-05T09:46:27.335494+00:00, run_after=2024-04-06T09:46:27.335494+00:00
[2024-04-06T09:46:27.362+0000] {processor.py:175} INFO - Processing /home/airflow/.local/lib/python3.7/site-packages/airflow/example_dags/example_short_circuit_operator.py took 0.115 seconds
[2024-04-06T09:46:57.692+0000] {processor.py:153} INFO - Started process (PID=1657) to work on /home/airflow/.local/lib/python3.7/site-packages/airflow/example_dags/example_short_circuit_operator.py
[2024-04-06T09:46:57.692+0000] {processor.py:743} INFO - Processing file /home/airflow/.local/lib/python3.7/site-packages/airflow/example_dags/example_short_circuit_operator.py for tasks to queue
[2024-04-06T09:46:57.693+0000] {logging_mixin.py:137} INFO - [2024-04-06T09:46:57.693+0000] {dagbag.py:538} INFO - Filling up the DagBag from /home/airflow/.local/lib/python3.7/site-packages/airflow/example_dags/example_short_circuit_operator.py
[2024-04-06T09:46:57.707+0000] {processor.py:753} INFO - DAG(s) dict_keys(['example_short_circuit_operator']) retrieved from /home/airflow/.local/lib/python3.7/site-packages/airflow/example_dags/example_short_circuit_operator.py
[2024-04-06T09:46:57.728+0000] {logging_mixin.py:137} INFO - [2024-04-06T09:46:57.728+0000] {dag.py:2690} INFO - Sync 1 DAGs
[2024-04-06T09:46:57.749+0000] {logging_mixin.py:137} INFO - [2024-04-06T09:46:57.749+0000] {dag.py:3441} INFO - Setting next_dagrun for example_short_circuit_operator to 2024-04-05T09:46:57.748816+00:00, run_after=2024-04-06T09:46:57.748816+00:00
[2024-04-06T09:46:57.764+0000] {processor.py:175} INFO - Processing /home/airflow/.local/lib/python3.7/site-packages/airflow/example_dags/example_short_circuit_operator.py took 0.075 seconds
[2024-04-06T09:47:28.262+0000] {processor.py:153} INFO - Started process (PID=1745) to work on /home/airflow/.local/lib/python3.7/site-packages/airflow/example_dags/example_short_circuit_operator.py
[2024-04-06T09:47:28.263+0000] {processor.py:743} INFO - Processing file /home/airflow/.local/lib/python3.7/site-packages/airflow/example_dags/example_short_circuit_operator.py for tasks to queue
[2024-04-06T09:47:28.263+0000] {logging_mixin.py:137} INFO - [2024-04-06T09:47:28.263+0000] {dagbag.py:538} INFO - Filling up the DagBag from /home/airflow/.local/lib/python3.7/site-packages/airflow/example_dags/example_short_circuit_operator.py
[2024-04-06T09:47:28.283+0000] {processor.py:753} INFO - DAG(s) dict_keys(['example_short_circuit_operator']) retrieved from /home/airflow/.local/lib/python3.7/site-packages/airflow/example_dags/example_short_circuit_operator.py
[2024-04-06T09:47:28.311+0000] {logging_mixin.py:137} INFO - [2024-04-06T09:47:28.311+0000] {dag.py:2690} INFO - Sync 1 DAGs
[2024-04-06T09:47:28.334+0000] {logging_mixin.py:137} INFO - [2024-04-06T09:47:28.334+0000] {dag.py:3441} INFO - Setting next_dagrun for example_short_circuit_operator to 2024-04-05T09:47:28.334574+00:00, run_after=2024-04-06T09:47:28.334574+00:00
[2024-04-06T09:47:28.352+0000] {processor.py:175} INFO - Processing /home/airflow/.local/lib/python3.7/site-packages/airflow/example_dags/example_short_circuit_operator.py took 0.093 seconds
[2024-04-06T09:47:58.445+0000] {processor.py:153} INFO - Started process (PID=1817) to work on /home/airflow/.local/lib/python3.7/site-packages/airflow/example_dags/example_short_circuit_operator.py
[2024-04-06T09:47:58.445+0000] {processor.py:743} INFO - Processing file /home/airflow/.local/lib/python3.7/site-packages/airflow/example_dags/example_short_circuit_operator.py for tasks to queue
[2024-04-06T09:47:58.446+0000] {logging_mixin.py:137} INFO - [2024-04-06T09:47:58.446+0000] {dagbag.py:538} INFO - Filling up the DagBag from /home/airflow/.local/lib/python3.7/site-packages/airflow/example_dags/example_short_circuit_operator.py
[2024-04-06T09:47:58.456+0000] {processor.py:753} INFO - DAG(s) dict_keys(['example_short_circuit_operator']) retrieved from /home/airflow/.local/lib/python3.7/site-packages/airflow/example_dags/example_short_circuit_operator.py
[2024-04-06T09:47:58.475+0000] {logging_mixin.py:137} INFO - [2024-04-06T09:47:58.475+0000] {dag.py:2690} INFO - Sync 1 DAGs
[2024-04-06T09:47:58.495+0000] {logging_mixin.py:137} INFO - [2024-04-06T09:47:58.495+0000] {dag.py:3441} INFO - Setting next_dagrun for example_short_circuit_operator to 2024-04-05T09:47:58.495073+00:00, run_after=2024-04-06T09:47:58.495073+00:00
[2024-04-06T09:47:58.510+0000] {processor.py:175} INFO - Processing /home/airflow/.local/lib/python3.7/site-packages/airflow/example_dags/example_short_circuit_operator.py took 0.067 seconds
[2024-04-06T09:48:28.776+0000] {processor.py:153} INFO - Started process (PID=1905) to work on /home/airflow/.local/lib/python3.7/site-packages/airflow/example_dags/example_short_circuit_operator.py
[2024-04-06T09:48:28.776+0000] {processor.py:743} INFO - Processing file /home/airflow/.local/lib/python3.7/site-packages/airflow/example_dags/example_short_circuit_operator.py for tasks to queue
[2024-04-06T09:48:28.777+0000] {logging_mixin.py:137} INFO - [2024-04-06T09:48:28.777+0000] {dagbag.py:538} INFO - Filling up the DagBag from /home/airflow/.local/lib/python3.7/site-packages/airflow/example_dags/example_short_circuit_operator.py
[2024-04-06T09:48:28.795+0000] {processor.py:753} INFO - DAG(s) dict_keys(['example_short_circuit_operator']) retrieved from /home/airflow/.local/lib/python3.7/site-packages/airflow/example_dags/example_short_circuit_operator.py
[2024-04-06T09:48:28.823+0000] {logging_mixin.py:137} INFO - [2024-04-06T09:48:28.823+0000] {dag.py:2690} INFO - Sync 1 DAGs
[2024-04-06T09:48:28.852+0000] {logging_mixin.py:137} INFO - [2024-04-06T09:48:28.852+0000] {dag.py:3441} INFO - Setting next_dagrun for example_short_circuit_operator to 2024-04-05T09:48:28.851733+00:00, run_after=2024-04-06T09:48:28.851733+00:00
[2024-04-06T09:48:28.875+0000] {processor.py:175} INFO - Processing /home/airflow/.local/lib/python3.7/site-packages/airflow/example_dags/example_short_circuit_operator.py took 0.103 seconds
[2024-04-06T09:48:59.346+0000] {processor.py:153} INFO - Started process (PID=1977) to work on /home/airflow/.local/lib/python3.7/site-packages/airflow/example_dags/example_short_circuit_operator.py
[2024-04-06T09:48:59.347+0000] {processor.py:743} INFO - Processing file /home/airflow/.local/lib/python3.7/site-packages/airflow/example_dags/example_short_circuit_operator.py for tasks to queue
[2024-04-06T09:48:59.348+0000] {logging_mixin.py:137} INFO - [2024-04-06T09:48:59.348+0000] {dagbag.py:538} INFO - Filling up the DagBag from /home/airflow/.local/lib/python3.7/site-packages/airflow/example_dags/example_short_circuit_operator.py
[2024-04-06T09:48:59.377+0000] {processor.py:753} INFO - DAG(s) dict_keys(['example_short_circuit_operator']) retrieved from /home/airflow/.local/lib/python3.7/site-packages/airflow/example_dags/example_short_circuit_operator.py
[2024-04-06T09:48:59.426+0000] {logging_mixin.py:137} INFO - [2024-04-06T09:48:59.426+0000] {dag.py:2690} INFO - Sync 1 DAGs
[2024-04-06T09:48:59.469+0000] {logging_mixin.py:137} INFO - [2024-04-06T09:48:59.469+0000] {dag.py:3441} INFO - Setting next_dagrun for example_short_circuit_operator to 2024-04-05T09:48:59.468657+00:00, run_after=2024-04-06T09:48:59.468657+00:00
[2024-04-06T09:48:59.505+0000] {processor.py:175} INFO - Processing /home/airflow/.local/lib/python3.7/site-packages/airflow/example_dags/example_short_circuit_operator.py took 0.163 seconds
[2024-04-06T09:50:13.683+0000] {processor.py:153} INFO - Started process (PID=68) to work on /home/airflow/.local/lib/python3.7/site-packages/airflow/example_dags/example_short_circuit_operator.py
[2024-04-06T09:50:13.697+0000] {processor.py:743} INFO - Processing file /home/airflow/.local/lib/python3.7/site-packages/airflow/example_dags/example_short_circuit_operator.py for tasks to queue
[2024-04-06T09:50:13.698+0000] {logging_mixin.py:137} INFO - [2024-04-06T09:50:13.698+0000] {dagbag.py:538} INFO - Filling up the DagBag from /home/airflow/.local/lib/python3.7/site-packages/airflow/example_dags/example_short_circuit_operator.py
[2024-04-06T09:50:13.743+0000] {processor.py:753} INFO - DAG(s) dict_keys(['example_short_circuit_operator']) retrieved from /home/airflow/.local/lib/python3.7/site-packages/airflow/example_dags/example_short_circuit_operator.py
[2024-04-06T09:50:13.813+0000] {logging_mixin.py:137} INFO - [2024-04-06T09:50:13.813+0000] {dag.py:2690} INFO - Sync 1 DAGs
[2024-04-06T09:50:13.907+0000] {logging_mixin.py:137} INFO - [2024-04-06T09:50:13.907+0000] {dag.py:3441} INFO - Setting next_dagrun for example_short_circuit_operator to 2024-04-05T09:50:13.906870+00:00, run_after=2024-04-06T09:50:13.906870+00:00
[2024-04-06T09:50:13.981+0000] {processor.py:175} INFO - Processing /home/airflow/.local/lib/python3.7/site-packages/airflow/example_dags/example_short_circuit_operator.py took 0.303 seconds
[2024-04-06T09:50:45.130+0000] {processor.py:153} INFO - Started process (PID=131) to work on /home/airflow/.local/lib/python3.7/site-packages/airflow/example_dags/example_short_circuit_operator.py
[2024-04-06T09:50:45.131+0000] {processor.py:743} INFO - Processing file /home/airflow/.local/lib/python3.7/site-packages/airflow/example_dags/example_short_circuit_operator.py for tasks to queue
[2024-04-06T09:50:45.131+0000] {logging_mixin.py:137} INFO - [2024-04-06T09:50:45.131+0000] {dagbag.py:538} INFO - Filling up the DagBag from /home/airflow/.local/lib/python3.7/site-packages/airflow/example_dags/example_short_circuit_operator.py
[2024-04-06T09:50:45.153+0000] {processor.py:753} INFO - DAG(s) dict_keys(['example_short_circuit_operator']) retrieved from /home/airflow/.local/lib/python3.7/site-packages/airflow/example_dags/example_short_circuit_operator.py
[2024-04-06T09:50:45.186+0000] {logging_mixin.py:137} INFO - [2024-04-06T09:50:45.186+0000] {dag.py:2690} INFO - Sync 1 DAGs
[2024-04-06T09:50:45.223+0000] {logging_mixin.py:137} INFO - [2024-04-06T09:50:45.223+0000] {dag.py:3441} INFO - Setting next_dagrun for example_short_circuit_operator to 2024-04-05T09:50:45.223004+00:00, run_after=2024-04-06T09:50:45.223004+00:00
[2024-04-06T09:50:45.256+0000] {processor.py:175} INFO - Processing /home/airflow/.local/lib/python3.7/site-packages/airflow/example_dags/example_short_circuit_operator.py took 0.130 seconds
[2024-04-06T09:51:16.183+0000] {processor.py:153} INFO - Started process (PID=220) to work on /home/airflow/.local/lib/python3.7/site-packages/airflow/example_dags/example_short_circuit_operator.py
[2024-04-06T09:51:16.183+0000] {processor.py:743} INFO - Processing file /home/airflow/.local/lib/python3.7/site-packages/airflow/example_dags/example_short_circuit_operator.py for tasks to queue
[2024-04-06T09:51:16.184+0000] {logging_mixin.py:137} INFO - [2024-04-06T09:51:16.184+0000] {dagbag.py:538} INFO - Filling up the DagBag from /home/airflow/.local/lib/python3.7/site-packages/airflow/example_dags/example_short_circuit_operator.py
[2024-04-06T09:51:16.198+0000] {processor.py:753} INFO - DAG(s) dict_keys(['example_short_circuit_operator']) retrieved from /home/airflow/.local/lib/python3.7/site-packages/airflow/example_dags/example_short_circuit_operator.py
[2024-04-06T09:51:16.223+0000] {logging_mixin.py:137} INFO - [2024-04-06T09:51:16.223+0000] {dag.py:2690} INFO - Sync 1 DAGs
[2024-04-06T09:51:16.248+0000] {logging_mixin.py:137} INFO - [2024-04-06T09:51:16.248+0000] {dag.py:3441} INFO - Setting next_dagrun for example_short_circuit_operator to 2024-04-05T09:51:16.247861+00:00, run_after=2024-04-06T09:51:16.247861+00:00
[2024-04-06T09:51:16.267+0000] {processor.py:175} INFO - Processing /home/airflow/.local/lib/python3.7/site-packages/airflow/example_dags/example_short_circuit_operator.py took 0.086 seconds
[2024-04-06T09:58:24.859+0000] {processor.py:153} INFO - Started process (PID=76) to work on /home/airflow/.local/lib/python3.7/site-packages/airflow/example_dags/example_short_circuit_operator.py
[2024-04-06T09:58:24.860+0000] {processor.py:743} INFO - Processing file /home/airflow/.local/lib/python3.7/site-packages/airflow/example_dags/example_short_circuit_operator.py for tasks to queue
[2024-04-06T09:58:24.861+0000] {logging_mixin.py:137} INFO - [2024-04-06T09:58:24.861+0000] {dagbag.py:538} INFO - Filling up the DagBag from /home/airflow/.local/lib/python3.7/site-packages/airflow/example_dags/example_short_circuit_operator.py
[2024-04-06T09:58:24.887+0000] {processor.py:753} INFO - DAG(s) dict_keys(['example_short_circuit_operator']) retrieved from /home/airflow/.local/lib/python3.7/site-packages/airflow/example_dags/example_short_circuit_operator.py
[2024-04-06T09:58:24.901+0000] {logging_mixin.py:137} INFO - [2024-04-06T09:58:24.900+0000] {dag.py:2690} INFO - Sync 1 DAGs
[2024-04-06T09:58:24.928+0000] {logging_mixin.py:137} INFO - [2024-04-06T09:58:24.928+0000] {dag.py:3441} INFO - Setting next_dagrun for example_short_circuit_operator to 2024-04-05T09:58:24.927784+00:00, run_after=2024-04-06T09:58:24.927784+00:00
[2024-04-06T09:58:24.954+0000] {processor.py:175} INFO - Processing /home/airflow/.local/lib/python3.7/site-packages/airflow/example_dags/example_short_circuit_operator.py took 0.100 seconds
[2024-04-06T09:58:55.770+0000] {processor.py:153} INFO - Started process (PID=148) to work on /home/airflow/.local/lib/python3.7/site-packages/airflow/example_dags/example_short_circuit_operator.py
[2024-04-06T09:58:55.771+0000] {processor.py:743} INFO - Processing file /home/airflow/.local/lib/python3.7/site-packages/airflow/example_dags/example_short_circuit_operator.py for tasks to queue
[2024-04-06T09:58:55.771+0000] {logging_mixin.py:137} INFO - [2024-04-06T09:58:55.771+0000] {dagbag.py:538} INFO - Filling up the DagBag from /home/airflow/.local/lib/python3.7/site-packages/airflow/example_dags/example_short_circuit_operator.py
[2024-04-06T09:58:55.787+0000] {processor.py:753} INFO - DAG(s) dict_keys(['example_short_circuit_operator']) retrieved from /home/airflow/.local/lib/python3.7/site-packages/airflow/example_dags/example_short_circuit_operator.py
[2024-04-06T09:58:55.800+0000] {logging_mixin.py:137} INFO - [2024-04-06T09:58:55.800+0000] {dag.py:2690} INFO - Sync 1 DAGs
[2024-04-06T09:58:55.837+0000] {logging_mixin.py:137} INFO - [2024-04-06T09:58:55.837+0000] {dag.py:3441} INFO - Setting next_dagrun for example_short_circuit_operator to 2024-04-05T09:58:55.837019+00:00, run_after=2024-04-06T09:58:55.837019+00:00
[2024-04-06T09:58:55.863+0000] {processor.py:175} INFO - Processing /home/airflow/.local/lib/python3.7/site-packages/airflow/example_dags/example_short_circuit_operator.py took 0.095 seconds
[2024-04-06T09:59:26.503+0000] {processor.py:153} INFO - Started process (PID=221) to work on /home/airflow/.local/lib/python3.7/site-packages/airflow/example_dags/example_short_circuit_operator.py
[2024-04-06T09:59:26.504+0000] {processor.py:743} INFO - Processing file /home/airflow/.local/lib/python3.7/site-packages/airflow/example_dags/example_short_circuit_operator.py for tasks to queue
[2024-04-06T09:59:26.504+0000] {logging_mixin.py:137} INFO - [2024-04-06T09:59:26.504+0000] {dagbag.py:538} INFO - Filling up the DagBag from /home/airflow/.local/lib/python3.7/site-packages/airflow/example_dags/example_short_circuit_operator.py
[2024-04-06T09:59:26.520+0000] {processor.py:753} INFO - DAG(s) dict_keys(['example_short_circuit_operator']) retrieved from /home/airflow/.local/lib/python3.7/site-packages/airflow/example_dags/example_short_circuit_operator.py
[2024-04-06T09:59:26.542+0000] {logging_mixin.py:137} INFO - [2024-04-06T09:59:26.542+0000] {dag.py:2690} INFO - Sync 1 DAGs
[2024-04-06T09:59:26.570+0000] {logging_mixin.py:137} INFO - [2024-04-06T09:59:26.569+0000] {dag.py:3441} INFO - Setting next_dagrun for example_short_circuit_operator to 2024-04-05T09:59:26.569480+00:00, run_after=2024-04-06T09:59:26.569480+00:00
[2024-04-06T09:59:26.699+0000] {processor.py:175} INFO - Processing /home/airflow/.local/lib/python3.7/site-packages/airflow/example_dags/example_short_circuit_operator.py took 0.198 seconds
[2024-04-06T09:59:57.340+0000] {processor.py:153} INFO - Started process (PID=292) to work on /home/airflow/.local/lib/python3.7/site-packages/airflow/example_dags/example_short_circuit_operator.py
[2024-04-06T09:59:57.342+0000] {processor.py:743} INFO - Processing file /home/airflow/.local/lib/python3.7/site-packages/airflow/example_dags/example_short_circuit_operator.py for tasks to queue
[2024-04-06T09:59:57.343+0000] {logging_mixin.py:137} INFO - [2024-04-06T09:59:57.342+0000] {dagbag.py:538} INFO - Filling up the DagBag from /home/airflow/.local/lib/python3.7/site-packages/airflow/example_dags/example_short_circuit_operator.py
[2024-04-06T09:59:57.364+0000] {processor.py:753} INFO - DAG(s) dict_keys(['example_short_circuit_operator']) retrieved from /home/airflow/.local/lib/python3.7/site-packages/airflow/example_dags/example_short_circuit_operator.py
[2024-04-06T09:59:57.397+0000] {logging_mixin.py:137} INFO - [2024-04-06T09:59:57.397+0000] {dag.py:2690} INFO - Sync 1 DAGs
[2024-04-06T09:59:57.434+0000] {logging_mixin.py:137} INFO - [2024-04-06T09:59:57.434+0000] {dag.py:3441} INFO - Setting next_dagrun for example_short_circuit_operator to 2024-04-05T09:59:57.433900+00:00, run_after=2024-04-06T09:59:57.433900+00:00
[2024-04-06T09:59:57.458+0000] {processor.py:175} INFO - Processing /home/airflow/.local/lib/python3.7/site-packages/airflow/example_dags/example_short_circuit_operator.py took 0.123 seconds
[2024-04-06T10:00:27.523+0000] {processor.py:153} INFO - Started process (PID=364) to work on /home/airflow/.local/lib/python3.7/site-packages/airflow/example_dags/example_short_circuit_operator.py
[2024-04-06T10:00:27.524+0000] {processor.py:743} INFO - Processing file /home/airflow/.local/lib/python3.7/site-packages/airflow/example_dags/example_short_circuit_operator.py for tasks to queue
[2024-04-06T10:00:27.525+0000] {logging_mixin.py:137} INFO - [2024-04-06T10:00:27.525+0000] {dagbag.py:538} INFO - Filling up the DagBag from /home/airflow/.local/lib/python3.7/site-packages/airflow/example_dags/example_short_circuit_operator.py
[2024-04-06T10:00:27.550+0000] {processor.py:753} INFO - DAG(s) dict_keys(['example_short_circuit_operator']) retrieved from /home/airflow/.local/lib/python3.7/site-packages/airflow/example_dags/example_short_circuit_operator.py
[2024-04-06T10:00:27.587+0000] {logging_mixin.py:137} INFO - [2024-04-06T10:00:27.587+0000] {dag.py:2690} INFO - Sync 1 DAGs
[2024-04-06T10:00:27.621+0000] {logging_mixin.py:137} INFO - [2024-04-06T10:00:27.621+0000] {dag.py:3441} INFO - Setting next_dagrun for example_short_circuit_operator to 2024-04-05T10:00:27.621214+00:00, run_after=2024-04-06T10:00:27.621214+00:00
[2024-04-06T10:00:27.642+0000] {processor.py:175} INFO - Processing /home/airflow/.local/lib/python3.7/site-packages/airflow/example_dags/example_short_circuit_operator.py took 0.121 seconds
[2024-04-06T10:00:58.429+0000] {processor.py:153} INFO - Started process (PID=452) to work on /home/airflow/.local/lib/python3.7/site-packages/airflow/example_dags/example_short_circuit_operator.py
[2024-04-06T10:00:58.430+0000] {processor.py:743} INFO - Processing file /home/airflow/.local/lib/python3.7/site-packages/airflow/example_dags/example_short_circuit_operator.py for tasks to queue
[2024-04-06T10:00:58.430+0000] {logging_mixin.py:137} INFO - [2024-04-06T10:00:58.430+0000] {dagbag.py:538} INFO - Filling up the DagBag from /home/airflow/.local/lib/python3.7/site-packages/airflow/example_dags/example_short_circuit_operator.py
[2024-04-06T10:00:58.443+0000] {processor.py:753} INFO - DAG(s) dict_keys(['example_short_circuit_operator']) retrieved from /home/airflow/.local/lib/python3.7/site-packages/airflow/example_dags/example_short_circuit_operator.py
[2024-04-06T10:00:58.467+0000] {logging_mixin.py:137} INFO - [2024-04-06T10:00:58.466+0000] {dag.py:2690} INFO - Sync 1 DAGs
[2024-04-06T10:00:58.496+0000] {logging_mixin.py:137} INFO - [2024-04-06T10:00:58.495+0000] {dag.py:3441} INFO - Setting next_dagrun for example_short_circuit_operator to 2024-04-05T10:00:58.495615+00:00, run_after=2024-04-06T10:00:58.495615+00:00
[2024-04-06T10:00:58.514+0000] {processor.py:175} INFO - Processing /home/airflow/.local/lib/python3.7/site-packages/airflow/example_dags/example_short_circuit_operator.py took 0.087 seconds
[2024-04-06T10:01:28.722+0000] {processor.py:153} INFO - Started process (PID=524) to work on /home/airflow/.local/lib/python3.7/site-packages/airflow/example_dags/example_short_circuit_operator.py
[2024-04-06T10:01:28.723+0000] {processor.py:743} INFO - Processing file /home/airflow/.local/lib/python3.7/site-packages/airflow/example_dags/example_short_circuit_operator.py for tasks to queue
[2024-04-06T10:01:28.723+0000] {logging_mixin.py:137} INFO - [2024-04-06T10:01:28.723+0000] {dagbag.py:538} INFO - Filling up the DagBag from /home/airflow/.local/lib/python3.7/site-packages/airflow/example_dags/example_short_circuit_operator.py
[2024-04-06T10:01:28.736+0000] {processor.py:753} INFO - DAG(s) dict_keys(['example_short_circuit_operator']) retrieved from /home/airflow/.local/lib/python3.7/site-packages/airflow/example_dags/example_short_circuit_operator.py
[2024-04-06T10:01:28.759+0000] {logging_mixin.py:137} INFO - [2024-04-06T10:01:28.759+0000] {dag.py:2690} INFO - Sync 1 DAGs
[2024-04-06T10:01:28.782+0000] {logging_mixin.py:137} INFO - [2024-04-06T10:01:28.782+0000] {dag.py:3441} INFO - Setting next_dagrun for example_short_circuit_operator to 2024-04-05T10:01:28.782447+00:00, run_after=2024-04-06T10:01:28.782447+00:00
[2024-04-06T10:01:28.801+0000] {processor.py:175} INFO - Processing /home/airflow/.local/lib/python3.7/site-packages/airflow/example_dags/example_short_circuit_operator.py took 0.081 seconds
[2024-04-06T10:01:59.075+0000] {processor.py:153} INFO - Started process (PID=612) to work on /home/airflow/.local/lib/python3.7/site-packages/airflow/example_dags/example_short_circuit_operator.py
[2024-04-06T10:01:59.075+0000] {processor.py:743} INFO - Processing file /home/airflow/.local/lib/python3.7/site-packages/airflow/example_dags/example_short_circuit_operator.py for tasks to queue
[2024-04-06T10:01:59.076+0000] {logging_mixin.py:137} INFO - [2024-04-06T10:01:59.076+0000] {dagbag.py:538} INFO - Filling up the DagBag from /home/airflow/.local/lib/python3.7/site-packages/airflow/example_dags/example_short_circuit_operator.py
[2024-04-06T10:01:59.087+0000] {processor.py:753} INFO - DAG(s) dict_keys(['example_short_circuit_operator']) retrieved from /home/airflow/.local/lib/python3.7/site-packages/airflow/example_dags/example_short_circuit_operator.py
[2024-04-06T10:01:59.114+0000] {logging_mixin.py:137} INFO - [2024-04-06T10:01:59.113+0000] {dag.py:2690} INFO - Sync 1 DAGs
[2024-04-06T10:01:59.141+0000] {logging_mixin.py:137} INFO - [2024-04-06T10:01:59.141+0000] {dag.py:3441} INFO - Setting next_dagrun for example_short_circuit_operator to 2024-04-05T10:01:59.141332+00:00, run_after=2024-04-06T10:01:59.141332+00:00
[2024-04-06T10:01:59.160+0000] {processor.py:175} INFO - Processing /home/airflow/.local/lib/python3.7/site-packages/airflow/example_dags/example_short_circuit_operator.py took 0.087 seconds
[2024-04-06T10:02:29.569+0000] {processor.py:153} INFO - Started process (PID=691) to work on /home/airflow/.local/lib/python3.7/site-packages/airflow/example_dags/example_short_circuit_operator.py
[2024-04-06T10:02:29.569+0000] {processor.py:743} INFO - Processing file /home/airflow/.local/lib/python3.7/site-packages/airflow/example_dags/example_short_circuit_operator.py for tasks to queue
[2024-04-06T10:02:29.570+0000] {logging_mixin.py:137} INFO - [2024-04-06T10:02:29.570+0000] {dagbag.py:538} INFO - Filling up the DagBag from /home/airflow/.local/lib/python3.7/site-packages/airflow/example_dags/example_short_circuit_operator.py
[2024-04-06T10:02:29.586+0000] {processor.py:753} INFO - DAG(s) dict_keys(['example_short_circuit_operator']) retrieved from /home/airflow/.local/lib/python3.7/site-packages/airflow/example_dags/example_short_circuit_operator.py
[2024-04-06T10:02:29.613+0000] {logging_mixin.py:137} INFO - [2024-04-06T10:02:29.613+0000] {dag.py:2690} INFO - Sync 1 DAGs
[2024-04-06T10:02:29.639+0000] {logging_mixin.py:137} INFO - [2024-04-06T10:02:29.639+0000] {dag.py:3441} INFO - Setting next_dagrun for example_short_circuit_operator to 2024-04-05T10:02:29.638947+00:00, run_after=2024-04-06T10:02:29.638947+00:00
[2024-04-06T10:02:29.657+0000] {processor.py:175} INFO - Processing /home/airflow/.local/lib/python3.7/site-packages/airflow/example_dags/example_short_circuit_operator.py took 0.091 seconds
[2024-04-06T10:03:00.218+0000] {processor.py:153} INFO - Started process (PID=772) to work on /home/airflow/.local/lib/python3.7/site-packages/airflow/example_dags/example_short_circuit_operator.py
[2024-04-06T10:03:00.219+0000] {processor.py:743} INFO - Processing file /home/airflow/.local/lib/python3.7/site-packages/airflow/example_dags/example_short_circuit_operator.py for tasks to queue
[2024-04-06T10:03:00.219+0000] {logging_mixin.py:137} INFO - [2024-04-06T10:03:00.219+0000] {dagbag.py:538} INFO - Filling up the DagBag from /home/airflow/.local/lib/python3.7/site-packages/airflow/example_dags/example_short_circuit_operator.py
[2024-04-06T10:03:00.232+0000] {processor.py:753} INFO - DAG(s) dict_keys(['example_short_circuit_operator']) retrieved from /home/airflow/.local/lib/python3.7/site-packages/airflow/example_dags/example_short_circuit_operator.py
[2024-04-06T10:03:00.255+0000] {logging_mixin.py:137} INFO - [2024-04-06T10:03:00.255+0000] {dag.py:2690} INFO - Sync 1 DAGs
[2024-04-06T10:03:00.279+0000] {logging_mixin.py:137} INFO - [2024-04-06T10:03:00.278+0000] {dag.py:3441} INFO - Setting next_dagrun for example_short_circuit_operator to 2024-04-05T10:03:00.278676+00:00, run_after=2024-04-06T10:03:00.278676+00:00
[2024-04-06T10:03:00.295+0000] {processor.py:175} INFO - Processing /home/airflow/.local/lib/python3.7/site-packages/airflow/example_dags/example_short_circuit_operator.py took 0.079 seconds
[2024-04-06T10:03:30.533+0000] {processor.py:153} INFO - Started process (PID=861) to work on /home/airflow/.local/lib/python3.7/site-packages/airflow/example_dags/example_short_circuit_operator.py
[2024-04-06T10:03:30.533+0000] {processor.py:743} INFO - Processing file /home/airflow/.local/lib/python3.7/site-packages/airflow/example_dags/example_short_circuit_operator.py for tasks to queue
[2024-04-06T10:03:30.534+0000] {logging_mixin.py:137} INFO - [2024-04-06T10:03:30.534+0000] {dagbag.py:538} INFO - Filling up the DagBag from /home/airflow/.local/lib/python3.7/site-packages/airflow/example_dags/example_short_circuit_operator.py
[2024-04-06T10:03:30.548+0000] {processor.py:753} INFO - DAG(s) dict_keys(['example_short_circuit_operator']) retrieved from /home/airflow/.local/lib/python3.7/site-packages/airflow/example_dags/example_short_circuit_operator.py
[2024-04-06T10:03:30.571+0000] {logging_mixin.py:137} INFO - [2024-04-06T10:03:30.571+0000] {dag.py:2690} INFO - Sync 1 DAGs
[2024-04-06T10:03:30.594+0000] {logging_mixin.py:137} INFO - [2024-04-06T10:03:30.594+0000] {dag.py:3441} INFO - Setting next_dagrun for example_short_circuit_operator to 2024-04-05T10:03:30.594286+00:00, run_after=2024-04-06T10:03:30.594286+00:00
[2024-04-06T10:03:30.610+0000] {processor.py:175} INFO - Processing /home/airflow/.local/lib/python3.7/site-packages/airflow/example_dags/example_short_circuit_operator.py took 0.080 seconds
[2024-04-06T10:04:01.123+0000] {processor.py:153} INFO - Started process (PID=932) to work on /home/airflow/.local/lib/python3.7/site-packages/airflow/example_dags/example_short_circuit_operator.py
[2024-04-06T10:04:01.124+0000] {processor.py:743} INFO - Processing file /home/airflow/.local/lib/python3.7/site-packages/airflow/example_dags/example_short_circuit_operator.py for tasks to queue
[2024-04-06T10:04:01.124+0000] {logging_mixin.py:137} INFO - [2024-04-06T10:04:01.124+0000] {dagbag.py:538} INFO - Filling up the DagBag from /home/airflow/.local/lib/python3.7/site-packages/airflow/example_dags/example_short_circuit_operator.py
[2024-04-06T10:04:01.141+0000] {processor.py:753} INFO - DAG(s) dict_keys(['example_short_circuit_operator']) retrieved from /home/airflow/.local/lib/python3.7/site-packages/airflow/example_dags/example_short_circuit_operator.py
[2024-04-06T10:04:01.165+0000] {logging_mixin.py:137} INFO - [2024-04-06T10:04:01.165+0000] {dag.py:2690} INFO - Sync 1 DAGs
[2024-04-06T10:04:01.190+0000] {logging_mixin.py:137} INFO - [2024-04-06T10:04:01.189+0000] {dag.py:3441} INFO - Setting next_dagrun for example_short_circuit_operator to 2024-04-05T10:04:01.189680+00:00, run_after=2024-04-06T10:04:01.189680+00:00
[2024-04-06T10:04:01.207+0000] {processor.py:175} INFO - Processing /home/airflow/.local/lib/python3.7/site-packages/airflow/example_dags/example_short_circuit_operator.py took 0.086 seconds
[2024-04-06T10:04:31.699+0000] {processor.py:153} INFO - Started process (PID=1020) to work on /home/airflow/.local/lib/python3.7/site-packages/airflow/example_dags/example_short_circuit_operator.py
[2024-04-06T10:04:31.699+0000] {processor.py:743} INFO - Processing file /home/airflow/.local/lib/python3.7/site-packages/airflow/example_dags/example_short_circuit_operator.py for tasks to queue
[2024-04-06T10:04:31.700+0000] {logging_mixin.py:137} INFO - [2024-04-06T10:04:31.700+0000] {dagbag.py:538} INFO - Filling up the DagBag from /home/airflow/.local/lib/python3.7/site-packages/airflow/example_dags/example_short_circuit_operator.py
[2024-04-06T10:04:31.713+0000] {processor.py:753} INFO - DAG(s) dict_keys(['example_short_circuit_operator']) retrieved from /home/airflow/.local/lib/python3.7/site-packages/airflow/example_dags/example_short_circuit_operator.py
[2024-04-06T10:04:31.735+0000] {logging_mixin.py:137} INFO - [2024-04-06T10:04:31.735+0000] {dag.py:2690} INFO - Sync 1 DAGs
[2024-04-06T10:04:31.760+0000] {logging_mixin.py:137} INFO - [2024-04-06T10:04:31.760+0000] {dag.py:3441} INFO - Setting next_dagrun for example_short_circuit_operator to 2024-04-05T10:04:31.760041+00:00, run_after=2024-04-06T10:04:31.760041+00:00
[2024-04-06T10:04:31.778+0000] {processor.py:175} INFO - Processing /home/airflow/.local/lib/python3.7/site-packages/airflow/example_dags/example_short_circuit_operator.py took 0.082 seconds
[2024-04-06T10:05:02.511+0000] {processor.py:153} INFO - Started process (PID=1092) to work on /home/airflow/.local/lib/python3.7/site-packages/airflow/example_dags/example_short_circuit_operator.py
[2024-04-06T10:05:02.512+0000] {processor.py:743} INFO - Processing file /home/airflow/.local/lib/python3.7/site-packages/airflow/example_dags/example_short_circuit_operator.py for tasks to queue
[2024-04-06T10:05:02.512+0000] {logging_mixin.py:137} INFO - [2024-04-06T10:05:02.512+0000] {dagbag.py:538} INFO - Filling up the DagBag from /home/airflow/.local/lib/python3.7/site-packages/airflow/example_dags/example_short_circuit_operator.py
[2024-04-06T10:05:02.530+0000] {processor.py:753} INFO - DAG(s) dict_keys(['example_short_circuit_operator']) retrieved from /home/airflow/.local/lib/python3.7/site-packages/airflow/example_dags/example_short_circuit_operator.py
[2024-04-06T10:05:02.559+0000] {logging_mixin.py:137} INFO - [2024-04-06T10:05:02.559+0000] {dag.py:2690} INFO - Sync 1 DAGs
[2024-04-06T10:05:02.596+0000] {logging_mixin.py:137} INFO - [2024-04-06T10:05:02.596+0000] {dag.py:3441} INFO - Setting next_dagrun for example_short_circuit_operator to 2024-04-05T10:05:02.596093+00:00, run_after=2024-04-06T10:05:02.596093+00:00
[2024-04-06T10:05:02.618+0000] {processor.py:175} INFO - Processing /home/airflow/.local/lib/python3.7/site-packages/airflow/example_dags/example_short_circuit_operator.py took 0.110 seconds
[2024-04-06T10:05:33.471+0000] {processor.py:153} INFO - Started process (PID=1180) to work on /home/airflow/.local/lib/python3.7/site-packages/airflow/example_dags/example_short_circuit_operator.py
[2024-04-06T10:05:33.471+0000] {processor.py:743} INFO - Processing file /home/airflow/.local/lib/python3.7/site-packages/airflow/example_dags/example_short_circuit_operator.py for tasks to queue
[2024-04-06T10:05:33.472+0000] {logging_mixin.py:137} INFO - [2024-04-06T10:05:33.472+0000] {dagbag.py:538} INFO - Filling up the DagBag from /home/airflow/.local/lib/python3.7/site-packages/airflow/example_dags/example_short_circuit_operator.py
[2024-04-06T10:05:33.488+0000] {processor.py:753} INFO - DAG(s) dict_keys(['example_short_circuit_operator']) retrieved from /home/airflow/.local/lib/python3.7/site-packages/airflow/example_dags/example_short_circuit_operator.py
[2024-04-06T10:05:33.521+0000] {logging_mixin.py:137} INFO - [2024-04-06T10:05:33.521+0000] {dag.py:2690} INFO - Sync 1 DAGs
[2024-04-06T10:05:33.554+0000] {logging_mixin.py:137} INFO - [2024-04-06T10:05:33.554+0000] {dag.py:3441} INFO - Setting next_dagrun for example_short_circuit_operator to 2024-04-05T10:05:33.554140+00:00, run_after=2024-04-06T10:05:33.554140+00:00
[2024-04-06T10:05:33.577+0000] {processor.py:175} INFO - Processing /home/airflow/.local/lib/python3.7/site-packages/airflow/example_dags/example_short_circuit_operator.py took 0.109 seconds
[2024-04-06T10:06:05.605+0000] {processor.py:153} INFO - Started process (PID=1252) to work on /home/airflow/.local/lib/python3.7/site-packages/airflow/example_dags/example_short_circuit_operator.py
[2024-04-06T10:06:05.607+0000] {processor.py:743} INFO - Processing file /home/airflow/.local/lib/python3.7/site-packages/airflow/example_dags/example_short_circuit_operator.py for tasks to queue
[2024-04-06T10:06:05.608+0000] {logging_mixin.py:137} INFO - [2024-04-06T10:06:05.608+0000] {dagbag.py:538} INFO - Filling up the DagBag from /home/airflow/.local/lib/python3.7/site-packages/airflow/example_dags/example_short_circuit_operator.py
[2024-04-06T10:06:05.636+0000] {processor.py:753} INFO - DAG(s) dict_keys(['example_short_circuit_operator']) retrieved from /home/airflow/.local/lib/python3.7/site-packages/airflow/example_dags/example_short_circuit_operator.py
[2024-04-06T10:06:05.683+0000] {logging_mixin.py:137} INFO - [2024-04-06T10:06:05.683+0000] {dag.py:2690} INFO - Sync 1 DAGs
[2024-04-06T10:06:05.731+0000] {logging_mixin.py:137} INFO - [2024-04-06T10:06:05.731+0000] {dag.py:3441} INFO - Setting next_dagrun for example_short_circuit_operator to 2024-04-05T10:06:05.730633+00:00, run_after=2024-04-06T10:06:05.730633+00:00
[2024-04-06T10:06:05.769+0000] {processor.py:175} INFO - Processing /home/airflow/.local/lib/python3.7/site-packages/airflow/example_dags/example_short_circuit_operator.py took 0.170 seconds
[2024-04-06T10:06:35.938+0000] {processor.py:153} INFO - Started process (PID=1325) to work on /home/airflow/.local/lib/python3.7/site-packages/airflow/example_dags/example_short_circuit_operator.py
[2024-04-06T10:06:35.939+0000] {processor.py:743} INFO - Processing file /home/airflow/.local/lib/python3.7/site-packages/airflow/example_dags/example_short_circuit_operator.py for tasks to queue
[2024-04-06T10:06:35.940+0000] {logging_mixin.py:137} INFO - [2024-04-06T10:06:35.940+0000] {dagbag.py:538} INFO - Filling up the DagBag from /home/airflow/.local/lib/python3.7/site-packages/airflow/example_dags/example_short_circuit_operator.py
[2024-04-06T10:06:35.968+0000] {processor.py:753} INFO - DAG(s) dict_keys(['example_short_circuit_operator']) retrieved from /home/airflow/.local/lib/python3.7/site-packages/airflow/example_dags/example_short_circuit_operator.py
[2024-04-06T10:06:36.015+0000] {logging_mixin.py:137} INFO - [2024-04-06T10:06:36.015+0000] {dag.py:2690} INFO - Sync 1 DAGs
[2024-04-06T10:06:36.063+0000] {logging_mixin.py:137} INFO - [2024-04-06T10:06:36.063+0000] {dag.py:3441} INFO - Setting next_dagrun for example_short_circuit_operator to 2024-04-05T10:06:36.062888+00:00, run_after=2024-04-06T10:06:36.062888+00:00
[2024-04-06T10:06:36.106+0000] {processor.py:175} INFO - Processing /home/airflow/.local/lib/python3.7/site-packages/airflow/example_dags/example_short_circuit_operator.py took 0.174 seconds
[2024-04-06T10:07:06.540+0000] {processor.py:153} INFO - Started process (PID=1403) to work on /home/airflow/.local/lib/python3.7/site-packages/airflow/example_dags/example_short_circuit_operator.py
[2024-04-06T10:07:06.541+0000] {processor.py:743} INFO - Processing file /home/airflow/.local/lib/python3.7/site-packages/airflow/example_dags/example_short_circuit_operator.py for tasks to queue
[2024-04-06T10:07:06.542+0000] {logging_mixin.py:137} INFO - [2024-04-06T10:07:06.542+0000] {dagbag.py:538} INFO - Filling up the DagBag from /home/airflow/.local/lib/python3.7/site-packages/airflow/example_dags/example_short_circuit_operator.py
[2024-04-06T10:07:06.572+0000] {processor.py:753} INFO - DAG(s) dict_keys(['example_short_circuit_operator']) retrieved from /home/airflow/.local/lib/python3.7/site-packages/airflow/example_dags/example_short_circuit_operator.py
[2024-04-06T10:07:06.635+0000] {logging_mixin.py:137} INFO - [2024-04-06T10:07:06.635+0000] {dag.py:2690} INFO - Sync 1 DAGs
[2024-04-06T10:07:06.700+0000] {logging_mixin.py:137} INFO - [2024-04-06T10:07:06.700+0000] {dag.py:3441} INFO - Setting next_dagrun for example_short_circuit_operator to 2024-04-05T10:07:06.699607+00:00, run_after=2024-04-06T10:07:06.699607+00:00
[2024-04-06T10:07:06.741+0000] {processor.py:175} INFO - Processing /home/airflow/.local/lib/python3.7/site-packages/airflow/example_dags/example_short_circuit_operator.py took 0.208 seconds
[2024-04-06T10:07:37.326+0000] {processor.py:153} INFO - Started process (PID=1477) to work on /home/airflow/.local/lib/python3.7/site-packages/airflow/example_dags/example_short_circuit_operator.py
[2024-04-06T10:07:37.332+0000] {processor.py:743} INFO - Processing file /home/airflow/.local/lib/python3.7/site-packages/airflow/example_dags/example_short_circuit_operator.py for tasks to queue
[2024-04-06T10:07:37.334+0000] {logging_mixin.py:137} INFO - [2024-04-06T10:07:37.333+0000] {dagbag.py:538} INFO - Filling up the DagBag from /home/airflow/.local/lib/python3.7/site-packages/airflow/example_dags/example_short_circuit_operator.py
[2024-04-06T10:07:37.376+0000] {processor.py:753} INFO - DAG(s) dict_keys(['example_short_circuit_operator']) retrieved from /home/airflow/.local/lib/python3.7/site-packages/airflow/example_dags/example_short_circuit_operator.py
[2024-04-06T10:07:37.434+0000] {logging_mixin.py:137} INFO - [2024-04-06T10:07:37.434+0000] {dag.py:2690} INFO - Sync 1 DAGs
[2024-04-06T10:07:37.498+0000] {logging_mixin.py:137} INFO - [2024-04-06T10:07:37.497+0000] {dag.py:3441} INFO - Setting next_dagrun for example_short_circuit_operator to 2024-04-05T10:07:37.497121+00:00, run_after=2024-04-06T10:07:37.497121+00:00
[2024-04-06T10:07:37.550+0000] {processor.py:175} INFO - Processing /home/airflow/.local/lib/python3.7/site-packages/airflow/example_dags/example_short_circuit_operator.py took 0.252 seconds
[2024-04-06T10:08:08.387+0000] {processor.py:153} INFO - Started process (PID=1549) to work on /home/airflow/.local/lib/python3.7/site-packages/airflow/example_dags/example_short_circuit_operator.py
[2024-04-06T10:08:08.388+0000] {processor.py:743} INFO - Processing file /home/airflow/.local/lib/python3.7/site-packages/airflow/example_dags/example_short_circuit_operator.py for tasks to queue
[2024-04-06T10:08:08.389+0000] {logging_mixin.py:137} INFO - [2024-04-06T10:08:08.389+0000] {dagbag.py:538} INFO - Filling up the DagBag from /home/airflow/.local/lib/python3.7/site-packages/airflow/example_dags/example_short_circuit_operator.py
[2024-04-06T10:08:08.419+0000] {processor.py:753} INFO - DAG(s) dict_keys(['example_short_circuit_operator']) retrieved from /home/airflow/.local/lib/python3.7/site-packages/airflow/example_dags/example_short_circuit_operator.py
[2024-04-06T10:08:08.465+0000] {logging_mixin.py:137} INFO - [2024-04-06T10:08:08.465+0000] {dag.py:2690} INFO - Sync 1 DAGs
[2024-04-06T10:08:08.513+0000] {logging_mixin.py:137} INFO - [2024-04-06T10:08:08.513+0000] {dag.py:3441} INFO - Setting next_dagrun for example_short_circuit_operator to 2024-04-05T10:08:08.512961+00:00, run_after=2024-04-06T10:08:08.512961+00:00
[2024-04-06T10:08:08.553+0000] {processor.py:175} INFO - Processing /home/airflow/.local/lib/python3.7/site-packages/airflow/example_dags/example_short_circuit_operator.py took 0.172 seconds
[2024-04-06T10:08:38.812+0000] {processor.py:153} INFO - Started process (PID=1628) to work on /home/airflow/.local/lib/python3.7/site-packages/airflow/example_dags/example_short_circuit_operator.py
[2024-04-06T10:08:38.813+0000] {processor.py:743} INFO - Processing file /home/airflow/.local/lib/python3.7/site-packages/airflow/example_dags/example_short_circuit_operator.py for tasks to queue
[2024-04-06T10:08:38.814+0000] {logging_mixin.py:137} INFO - [2024-04-06T10:08:38.814+0000] {dagbag.py:538} INFO - Filling up the DagBag from /home/airflow/.local/lib/python3.7/site-packages/airflow/example_dags/example_short_circuit_operator.py
[2024-04-06T10:08:38.846+0000] {processor.py:753} INFO - DAG(s) dict_keys(['example_short_circuit_operator']) retrieved from /home/airflow/.local/lib/python3.7/site-packages/airflow/example_dags/example_short_circuit_operator.py
[2024-04-06T10:08:38.895+0000] {logging_mixin.py:137} INFO - [2024-04-06T10:08:38.895+0000] {dag.py:2690} INFO - Sync 1 DAGs
[2024-04-06T10:08:38.946+0000] {logging_mixin.py:137} INFO - [2024-04-06T10:08:38.946+0000] {dag.py:3441} INFO - Setting next_dagrun for example_short_circuit_operator to 2024-04-05T10:08:38.946116+00:00, run_after=2024-04-06T10:08:38.946116+00:00
[2024-04-06T10:08:38.983+0000] {processor.py:175} INFO - Processing /home/airflow/.local/lib/python3.7/site-packages/airflow/example_dags/example_short_circuit_operator.py took 0.176 seconds
[2024-04-06T10:09:09.709+0000] {processor.py:153} INFO - Started process (PID=1700) to work on /home/airflow/.local/lib/python3.7/site-packages/airflow/example_dags/example_short_circuit_operator.py
[2024-04-06T10:09:09.710+0000] {processor.py:743} INFO - Processing file /home/airflow/.local/lib/python3.7/site-packages/airflow/example_dags/example_short_circuit_operator.py for tasks to queue
[2024-04-06T10:09:09.712+0000] {logging_mixin.py:137} INFO - [2024-04-06T10:09:09.711+0000] {dagbag.py:538} INFO - Filling up the DagBag from /home/airflow/.local/lib/python3.7/site-packages/airflow/example_dags/example_short_circuit_operator.py
[2024-04-06T10:09:09.748+0000] {processor.py:753} INFO - DAG(s) dict_keys(['example_short_circuit_operator']) retrieved from /home/airflow/.local/lib/python3.7/site-packages/airflow/example_dags/example_short_circuit_operator.py
[2024-04-06T10:09:09.799+0000] {logging_mixin.py:137} INFO - [2024-04-06T10:09:09.798+0000] {dag.py:2690} INFO - Sync 1 DAGs
[2024-04-06T10:09:09.850+0000] {logging_mixin.py:137} INFO - [2024-04-06T10:09:09.849+0000] {dag.py:3441} INFO - Setting next_dagrun for example_short_circuit_operator to 2024-04-05T10:09:09.849452+00:00, run_after=2024-04-06T10:09:09.849452+00:00
[2024-04-06T10:09:09.890+0000] {processor.py:175} INFO - Processing /home/airflow/.local/lib/python3.7/site-packages/airflow/example_dags/example_short_circuit_operator.py took 0.187 seconds
[2024-04-06T10:09:40.934+0000] {processor.py:153} INFO - Started process (PID=1773) to work on /home/airflow/.local/lib/python3.7/site-packages/airflow/example_dags/example_short_circuit_operator.py
[2024-04-06T10:09:40.936+0000] {processor.py:743} INFO - Processing file /home/airflow/.local/lib/python3.7/site-packages/airflow/example_dags/example_short_circuit_operator.py for tasks to queue
[2024-04-06T10:09:40.937+0000] {logging_mixin.py:137} INFO - [2024-04-06T10:09:40.937+0000] {dagbag.py:538} INFO - Filling up the DagBag from /home/airflow/.local/lib/python3.7/site-packages/airflow/example_dags/example_short_circuit_operator.py
[2024-04-06T10:09:40.967+0000] {processor.py:753} INFO - DAG(s) dict_keys(['example_short_circuit_operator']) retrieved from /home/airflow/.local/lib/python3.7/site-packages/airflow/example_dags/example_short_circuit_operator.py
[2024-04-06T10:09:41.015+0000] {logging_mixin.py:137} INFO - [2024-04-06T10:09:41.015+0000] {dag.py:2690} INFO - Sync 1 DAGs
[2024-04-06T10:09:41.060+0000] {logging_mixin.py:137} INFO - [2024-04-06T10:09:41.060+0000] {dag.py:3441} INFO - Setting next_dagrun for example_short_circuit_operator to 2024-04-05T10:09:41.059606+00:00, run_after=2024-04-06T10:09:41.059606+00:00
[2024-04-06T10:09:41.092+0000] {processor.py:175} INFO - Processing /home/airflow/.local/lib/python3.7/site-packages/airflow/example_dags/example_short_circuit_operator.py took 0.163 seconds
[2024-04-06T10:10:11.757+0000] {processor.py:153} INFO - Started process (PID=1844) to work on /home/airflow/.local/lib/python3.7/site-packages/airflow/example_dags/example_short_circuit_operator.py
[2024-04-06T10:10:11.759+0000] {processor.py:743} INFO - Processing file /home/airflow/.local/lib/python3.7/site-packages/airflow/example_dags/example_short_circuit_operator.py for tasks to queue
[2024-04-06T10:10:11.760+0000] {logging_mixin.py:137} INFO - [2024-04-06T10:10:11.760+0000] {dagbag.py:538} INFO - Filling up the DagBag from /home/airflow/.local/lib/python3.7/site-packages/airflow/example_dags/example_short_circuit_operator.py
[2024-04-06T10:10:11.796+0000] {processor.py:753} INFO - DAG(s) dict_keys(['example_short_circuit_operator']) retrieved from /home/airflow/.local/lib/python3.7/site-packages/airflow/example_dags/example_short_circuit_operator.py
[2024-04-06T10:10:11.843+0000] {logging_mixin.py:137} INFO - [2024-04-06T10:10:11.842+0000] {dag.py:2690} INFO - Sync 1 DAGs
[2024-04-06T10:10:11.891+0000] {logging_mixin.py:137} INFO - [2024-04-06T10:10:11.890+0000] {dag.py:3441} INFO - Setting next_dagrun for example_short_circuit_operator to 2024-04-05T10:10:11.890481+00:00, run_after=2024-04-06T10:10:11.890481+00:00
[2024-04-06T10:10:11.933+0000] {processor.py:175} INFO - Processing /home/airflow/.local/lib/python3.7/site-packages/airflow/example_dags/example_short_circuit_operator.py took 0.182 seconds
[2024-04-06T10:10:42.760+0000] {processor.py:153} INFO - Started process (PID=1916) to work on /home/airflow/.local/lib/python3.7/site-packages/airflow/example_dags/example_short_circuit_operator.py
[2024-04-06T10:10:42.762+0000] {processor.py:743} INFO - Processing file /home/airflow/.local/lib/python3.7/site-packages/airflow/example_dags/example_short_circuit_operator.py for tasks to queue
[2024-04-06T10:10:42.763+0000] {logging_mixin.py:137} INFO - [2024-04-06T10:10:42.763+0000] {dagbag.py:538} INFO - Filling up the DagBag from /home/airflow/.local/lib/python3.7/site-packages/airflow/example_dags/example_short_circuit_operator.py
[2024-04-06T10:10:42.795+0000] {processor.py:753} INFO - DAG(s) dict_keys(['example_short_circuit_operator']) retrieved from /home/airflow/.local/lib/python3.7/site-packages/airflow/example_dags/example_short_circuit_operator.py
[2024-04-06T10:10:42.843+0000] {logging_mixin.py:137} INFO - [2024-04-06T10:10:42.842+0000] {dag.py:2690} INFO - Sync 1 DAGs
[2024-04-06T10:10:42.894+0000] {logging_mixin.py:137} INFO - [2024-04-06T10:10:42.893+0000] {dag.py:3441} INFO - Setting next_dagrun for example_short_circuit_operator to 2024-04-05T10:10:42.893546+00:00, run_after=2024-04-06T10:10:42.893546+00:00
[2024-04-06T10:10:42.934+0000] {processor.py:175} INFO - Processing /home/airflow/.local/lib/python3.7/site-packages/airflow/example_dags/example_short_circuit_operator.py took 0.181 seconds
[2024-04-06T10:11:13.164+0000] {processor.py:153} INFO - Started process (PID=1988) to work on /home/airflow/.local/lib/python3.7/site-packages/airflow/example_dags/example_short_circuit_operator.py
[2024-04-06T10:11:13.165+0000] {processor.py:743} INFO - Processing file /home/airflow/.local/lib/python3.7/site-packages/airflow/example_dags/example_short_circuit_operator.py for tasks to queue
[2024-04-06T10:11:13.167+0000] {logging_mixin.py:137} INFO - [2024-04-06T10:11:13.166+0000] {dagbag.py:538} INFO - Filling up the DagBag from /home/airflow/.local/lib/python3.7/site-packages/airflow/example_dags/example_short_circuit_operator.py
[2024-04-06T10:11:13.196+0000] {processor.py:753} INFO - DAG(s) dict_keys(['example_short_circuit_operator']) retrieved from /home/airflow/.local/lib/python3.7/site-packages/airflow/example_dags/example_short_circuit_operator.py
[2024-04-06T10:11:13.251+0000] {logging_mixin.py:137} INFO - [2024-04-06T10:11:13.251+0000] {dag.py:2690} INFO - Sync 1 DAGs
[2024-04-06T10:11:13.310+0000] {logging_mixin.py:137} INFO - [2024-04-06T10:11:13.310+0000] {dag.py:3441} INFO - Setting next_dagrun for example_short_circuit_operator to 2024-04-05T10:11:13.310048+00:00, run_after=2024-04-06T10:11:13.310048+00:00
[2024-04-06T10:11:13.350+0000] {processor.py:175} INFO - Processing /home/airflow/.local/lib/python3.7/site-packages/airflow/example_dags/example_short_circuit_operator.py took 0.193 seconds
[2024-04-06T10:11:43.568+0000] {processor.py:153} INFO - Started process (PID=2060) to work on /home/airflow/.local/lib/python3.7/site-packages/airflow/example_dags/example_short_circuit_operator.py
[2024-04-06T10:11:43.569+0000] {processor.py:743} INFO - Processing file /home/airflow/.local/lib/python3.7/site-packages/airflow/example_dags/example_short_circuit_operator.py for tasks to queue
[2024-04-06T10:11:43.570+0000] {logging_mixin.py:137} INFO - [2024-04-06T10:11:43.570+0000] {dagbag.py:538} INFO - Filling up the DagBag from /home/airflow/.local/lib/python3.7/site-packages/airflow/example_dags/example_short_circuit_operator.py
[2024-04-06T10:11:43.603+0000] {processor.py:753} INFO - DAG(s) dict_keys(['example_short_circuit_operator']) retrieved from /home/airflow/.local/lib/python3.7/site-packages/airflow/example_dags/example_short_circuit_operator.py
[2024-04-06T10:11:43.653+0000] {logging_mixin.py:137} INFO - [2024-04-06T10:11:43.652+0000] {dag.py:2690} INFO - Sync 1 DAGs
[2024-04-06T10:11:43.702+0000] {logging_mixin.py:137} INFO - [2024-04-06T10:11:43.702+0000] {dag.py:3441} INFO - Setting next_dagrun for example_short_circuit_operator to 2024-04-05T10:11:43.702118+00:00, run_after=2024-04-06T10:11:43.702118+00:00
[2024-04-06T10:11:43.740+0000] {processor.py:175} INFO - Processing /home/airflow/.local/lib/python3.7/site-packages/airflow/example_dags/example_short_circuit_operator.py took 0.177 seconds
[2024-04-06T10:12:13.825+0000] {processor.py:153} INFO - Started process (PID=2132) to work on /home/airflow/.local/lib/python3.7/site-packages/airflow/example_dags/example_short_circuit_operator.py
[2024-04-06T10:12:13.826+0000] {processor.py:743} INFO - Processing file /home/airflow/.local/lib/python3.7/site-packages/airflow/example_dags/example_short_circuit_operator.py for tasks to queue
[2024-04-06T10:12:13.828+0000] {logging_mixin.py:137} INFO - [2024-04-06T10:12:13.827+0000] {dagbag.py:538} INFO - Filling up the DagBag from /home/airflow/.local/lib/python3.7/site-packages/airflow/example_dags/example_short_circuit_operator.py
[2024-04-06T10:12:13.857+0000] {processor.py:753} INFO - DAG(s) dict_keys(['example_short_circuit_operator']) retrieved from /home/airflow/.local/lib/python3.7/site-packages/airflow/example_dags/example_short_circuit_operator.py
[2024-04-06T10:12:13.908+0000] {logging_mixin.py:137} INFO - [2024-04-06T10:12:13.907+0000] {dag.py:2690} INFO - Sync 1 DAGs
[2024-04-06T10:12:13.987+0000] {logging_mixin.py:137} INFO - [2024-04-06T10:12:13.987+0000] {dag.py:3441} INFO - Setting next_dagrun for example_short_circuit_operator to 2024-04-05T10:12:13.986922+00:00, run_after=2024-04-06T10:12:13.986922+00:00
[2024-04-06T10:12:14.041+0000] {processor.py:175} INFO - Processing /home/airflow/.local/lib/python3.7/site-packages/airflow/example_dags/example_short_circuit_operator.py took 0.221 seconds
[2024-04-06T10:12:44.087+0000] {processor.py:153} INFO - Started process (PID=2203) to work on /home/airflow/.local/lib/python3.7/site-packages/airflow/example_dags/example_short_circuit_operator.py
[2024-04-06T10:12:44.088+0000] {processor.py:743} INFO - Processing file /home/airflow/.local/lib/python3.7/site-packages/airflow/example_dags/example_short_circuit_operator.py for tasks to queue
[2024-04-06T10:12:44.089+0000] {logging_mixin.py:137} INFO - [2024-04-06T10:12:44.089+0000] {dagbag.py:538} INFO - Filling up the DagBag from /home/airflow/.local/lib/python3.7/site-packages/airflow/example_dags/example_short_circuit_operator.py
[2024-04-06T10:12:44.125+0000] {processor.py:753} INFO - DAG(s) dict_keys(['example_short_circuit_operator']) retrieved from /home/airflow/.local/lib/python3.7/site-packages/airflow/example_dags/example_short_circuit_operator.py
[2024-04-06T10:12:44.188+0000] {logging_mixin.py:137} INFO - [2024-04-06T10:12:44.187+0000] {dag.py:2690} INFO - Sync 1 DAGs
[2024-04-06T10:12:44.276+0000] {logging_mixin.py:137} INFO - [2024-04-06T10:12:44.275+0000] {dag.py:3441} INFO - Setting next_dagrun for example_short_circuit_operator to 2024-04-05T10:12:44.275285+00:00, run_after=2024-04-06T10:12:44.275285+00:00
[2024-04-06T10:12:44.362+0000] {processor.py:175} INFO - Processing /home/airflow/.local/lib/python3.7/site-packages/airflow/example_dags/example_short_circuit_operator.py took 0.282 seconds
[2024-04-06T10:42:04.563+0000] {processor.py:161} INFO - Started process (PID=58) to work on /home/airflow/.local/lib/python3.8/site-packages/airflow/example_dags/example_short_circuit_operator.py
[2024-04-06T10:42:04.564+0000] {processor.py:830} INFO - Processing file /home/airflow/.local/lib/python3.8/site-packages/airflow/example_dags/example_short_circuit_operator.py for tasks to queue
[2024-04-06T10:42:04.565+0000] {logging_mixin.py:188} INFO - [2024-04-06T10:42:04.565+0000] {dagbag.py:540} INFO - Filling up the DagBag from /home/airflow/.local/lib/python3.8/site-packages/airflow/example_dags/example_short_circuit_operator.py
[2024-04-06T10:42:04.571+0000] {processor.py:840} INFO - DAG(s) 'example_short_circuit_operator' retrieved from /home/airflow/.local/lib/python3.8/site-packages/airflow/example_dags/example_short_circuit_operator.py
[2024-04-06T10:42:04.675+0000] {logging_mixin.py:188} INFO - [2024-04-06T10:42:04.675+0000] {override.py:1769} INFO - Created Permission View: can delete on DAG:example_short_circuit_operator
[2024-04-06T10:42:04.682+0000] {logging_mixin.py:188} INFO - [2024-04-06T10:42:04.682+0000] {override.py:1769} INFO - Created Permission View: can read on DAG:example_short_circuit_operator
[2024-04-06T10:42:04.686+0000] {logging_mixin.py:188} INFO - [2024-04-06T10:42:04.686+0000] {override.py:1769} INFO - Created Permission View: can edit on DAG:example_short_circuit_operator
[2024-04-06T10:42:04.686+0000] {logging_mixin.py:188} INFO - [2024-04-06T10:42:04.686+0000] {dag.py:3047} INFO - Sync 1 DAGs
[2024-04-06T10:42:04.694+0000] {logging_mixin.py:188} INFO - [2024-04-06T10:42:04.694+0000] {dag.py:3069} INFO - Creating ORM DAG for example_short_circuit_operator
[2024-04-06T10:42:04.702+0000] {logging_mixin.py:188} INFO - [2024-04-06T10:42:04.702+0000] {dag.py:3834} INFO - Setting next_dagrun for example_short_circuit_operator to 2024-04-05 00:00:00+00:00, run_after=2024-04-06 00:00:00+00:00
[2024-04-06T10:42:04.713+0000] {processor.py:183} INFO - Processing /home/airflow/.local/lib/python3.8/site-packages/airflow/example_dags/example_short_circuit_operator.py took 0.152 seconds
[2024-04-06T10:42:35.488+0000] {processor.py:161} INFO - Started process (PID=114) to work on /home/airflow/.local/lib/python3.8/site-packages/airflow/example_dags/example_short_circuit_operator.py
[2024-04-06T10:42:35.488+0000] {processor.py:830} INFO - Processing file /home/airflow/.local/lib/python3.8/site-packages/airflow/example_dags/example_short_circuit_operator.py for tasks to queue
[2024-04-06T10:42:35.489+0000] {logging_mixin.py:188} INFO - [2024-04-06T10:42:35.489+0000] {dagbag.py:540} INFO - Filling up the DagBag from /home/airflow/.local/lib/python3.8/site-packages/airflow/example_dags/example_short_circuit_operator.py
[2024-04-06T10:42:35.495+0000] {processor.py:840} INFO - DAG(s) 'example_short_circuit_operator' retrieved from /home/airflow/.local/lib/python3.8/site-packages/airflow/example_dags/example_short_circuit_operator.py
[2024-04-06T10:42:35.509+0000] {logging_mixin.py:188} INFO - [2024-04-06T10:42:35.509+0000] {dag.py:3047} INFO - Sync 1 DAGs
[2024-04-06T10:42:35.523+0000] {logging_mixin.py:188} INFO - [2024-04-06T10:42:35.523+0000] {dag.py:3834} INFO - Setting next_dagrun for example_short_circuit_operator to 2024-04-05 00:00:00+00:00, run_after=2024-04-06 00:00:00+00:00
[2024-04-06T10:42:35.534+0000] {processor.py:183} INFO - Processing /home/airflow/.local/lib/python3.8/site-packages/airflow/example_dags/example_short_circuit_operator.py took 0.048 seconds
[2024-04-06T10:43:05.710+0000] {processor.py:161} INFO - Started process (PID=170) to work on /home/airflow/.local/lib/python3.8/site-packages/airflow/example_dags/example_short_circuit_operator.py
[2024-04-06T10:43:05.711+0000] {processor.py:830} INFO - Processing file /home/airflow/.local/lib/python3.8/site-packages/airflow/example_dags/example_short_circuit_operator.py for tasks to queue
[2024-04-06T10:43:05.712+0000] {logging_mixin.py:188} INFO - [2024-04-06T10:43:05.712+0000] {dagbag.py:540} INFO - Filling up the DagBag from /home/airflow/.local/lib/python3.8/site-packages/airflow/example_dags/example_short_circuit_operator.py
[2024-04-06T10:43:05.717+0000] {processor.py:840} INFO - DAG(s) 'example_short_circuit_operator' retrieved from /home/airflow/.local/lib/python3.8/site-packages/airflow/example_dags/example_short_circuit_operator.py
[2024-04-06T10:43:05.731+0000] {logging_mixin.py:188} INFO - [2024-04-06T10:43:05.731+0000] {dag.py:3047} INFO - Sync 1 DAGs
[2024-04-06T10:43:05.745+0000] {logging_mixin.py:188} INFO - [2024-04-06T10:43:05.745+0000] {dag.py:3834} INFO - Setting next_dagrun for example_short_circuit_operator to 2024-04-05 00:00:00+00:00, run_after=2024-04-06 00:00:00+00:00
[2024-04-06T10:43:05.774+0000] {processor.py:183} INFO - Processing /home/airflow/.local/lib/python3.8/site-packages/airflow/example_dags/example_short_circuit_operator.py took 0.066 seconds
[2024-04-06T10:43:36.075+0000] {processor.py:161} INFO - Started process (PID=226) to work on /home/airflow/.local/lib/python3.8/site-packages/airflow/example_dags/example_short_circuit_operator.py
[2024-04-06T10:43:36.076+0000] {processor.py:830} INFO - Processing file /home/airflow/.local/lib/python3.8/site-packages/airflow/example_dags/example_short_circuit_operator.py for tasks to queue
[2024-04-06T10:43:36.077+0000] {logging_mixin.py:188} INFO - [2024-04-06T10:43:36.077+0000] {dagbag.py:540} INFO - Filling up the DagBag from /home/airflow/.local/lib/python3.8/site-packages/airflow/example_dags/example_short_circuit_operator.py
[2024-04-06T10:43:36.081+0000] {processor.py:840} INFO - DAG(s) 'example_short_circuit_operator' retrieved from /home/airflow/.local/lib/python3.8/site-packages/airflow/example_dags/example_short_circuit_operator.py
[2024-04-06T10:43:36.095+0000] {logging_mixin.py:188} INFO - [2024-04-06T10:43:36.094+0000] {dag.py:3047} INFO - Sync 1 DAGs
[2024-04-06T10:43:36.108+0000] {logging_mixin.py:188} INFO - [2024-04-06T10:43:36.108+0000] {dag.py:3834} INFO - Setting next_dagrun for example_short_circuit_operator to 2024-04-05 00:00:00+00:00, run_after=2024-04-06 00:00:00+00:00
[2024-04-06T10:43:36.119+0000] {processor.py:183} INFO - Processing /home/airflow/.local/lib/python3.8/site-packages/airflow/example_dags/example_short_circuit_operator.py took 0.045 seconds
[2024-04-06T10:44:06.736+0000] {processor.py:161} INFO - Started process (PID=282) to work on /home/airflow/.local/lib/python3.8/site-packages/airflow/example_dags/example_short_circuit_operator.py
[2024-04-06T10:44:06.736+0000] {processor.py:830} INFO - Processing file /home/airflow/.local/lib/python3.8/site-packages/airflow/example_dags/example_short_circuit_operator.py for tasks to queue
[2024-04-06T10:44:06.737+0000] {logging_mixin.py:188} INFO - [2024-04-06T10:44:06.737+0000] {dagbag.py:540} INFO - Filling up the DagBag from /home/airflow/.local/lib/python3.8/site-packages/airflow/example_dags/example_short_circuit_operator.py
[2024-04-06T10:44:06.741+0000] {processor.py:840} INFO - DAG(s) 'example_short_circuit_operator' retrieved from /home/airflow/.local/lib/python3.8/site-packages/airflow/example_dags/example_short_circuit_operator.py
[2024-04-06T10:44:06.756+0000] {logging_mixin.py:188} INFO - [2024-04-06T10:44:06.755+0000] {dag.py:3047} INFO - Sync 1 DAGs
[2024-04-06T10:44:06.769+0000] {logging_mixin.py:188} INFO - [2024-04-06T10:44:06.769+0000] {dag.py:3834} INFO - Setting next_dagrun for example_short_circuit_operator to 2024-04-05 00:00:00+00:00, run_after=2024-04-06 00:00:00+00:00
[2024-04-06T10:44:06.781+0000] {processor.py:183} INFO - Processing /home/airflow/.local/lib/python3.8/site-packages/airflow/example_dags/example_short_circuit_operator.py took 0.047 seconds
[2024-04-06T10:44:37.484+0000] {processor.py:161} INFO - Started process (PID=338) to work on /home/airflow/.local/lib/python3.8/site-packages/airflow/example_dags/example_short_circuit_operator.py
[2024-04-06T10:44:37.484+0000] {processor.py:830} INFO - Processing file /home/airflow/.local/lib/python3.8/site-packages/airflow/example_dags/example_short_circuit_operator.py for tasks to queue
[2024-04-06T10:44:37.485+0000] {logging_mixin.py:188} INFO - [2024-04-06T10:44:37.485+0000] {dagbag.py:540} INFO - Filling up the DagBag from /home/airflow/.local/lib/python3.8/site-packages/airflow/example_dags/example_short_circuit_operator.py
[2024-04-06T10:44:37.490+0000] {processor.py:840} INFO - DAG(s) 'example_short_circuit_operator' retrieved from /home/airflow/.local/lib/python3.8/site-packages/airflow/example_dags/example_short_circuit_operator.py
[2024-04-06T10:44:37.503+0000] {logging_mixin.py:188} INFO - [2024-04-06T10:44:37.503+0000] {dag.py:3047} INFO - Sync 1 DAGs
[2024-04-06T10:44:37.517+0000] {logging_mixin.py:188} INFO - [2024-04-06T10:44:37.517+0000] {dag.py:3834} INFO - Setting next_dagrun for example_short_circuit_operator to 2024-04-05 00:00:00+00:00, run_after=2024-04-06 00:00:00+00:00
[2024-04-06T10:44:37.530+0000] {processor.py:183} INFO - Processing /home/airflow/.local/lib/python3.8/site-packages/airflow/example_dags/example_short_circuit_operator.py took 0.048 seconds
[2024-04-06T10:45:07.624+0000] {processor.py:161} INFO - Started process (PID=394) to work on /home/airflow/.local/lib/python3.8/site-packages/airflow/example_dags/example_short_circuit_operator.py
[2024-04-06T10:45:07.624+0000] {processor.py:830} INFO - Processing file /home/airflow/.local/lib/python3.8/site-packages/airflow/example_dags/example_short_circuit_operator.py for tasks to queue
[2024-04-06T10:45:07.626+0000] {logging_mixin.py:188} INFO - [2024-04-06T10:45:07.626+0000] {dagbag.py:540} INFO - Filling up the DagBag from /home/airflow/.local/lib/python3.8/site-packages/airflow/example_dags/example_short_circuit_operator.py
[2024-04-06T10:45:07.631+0000] {processor.py:840} INFO - DAG(s) 'example_short_circuit_operator' retrieved from /home/airflow/.local/lib/python3.8/site-packages/airflow/example_dags/example_short_circuit_operator.py
[2024-04-06T10:45:07.645+0000] {logging_mixin.py:188} INFO - [2024-04-06T10:45:07.645+0000] {dag.py:3047} INFO - Sync 1 DAGs
[2024-04-06T10:45:07.659+0000] {logging_mixin.py:188} INFO - [2024-04-06T10:45:07.658+0000] {dag.py:3834} INFO - Setting next_dagrun for example_short_circuit_operator to 2024-04-05 00:00:00+00:00, run_after=2024-04-06 00:00:00+00:00
[2024-04-06T10:45:07.670+0000] {processor.py:183} INFO - Processing /home/airflow/.local/lib/python3.8/site-packages/airflow/example_dags/example_short_circuit_operator.py took 0.048 seconds
