[2024-04-06T10:42:04.971+0000] {processor.py:161} INFO - Started process (PID=62) to work on /home/airflow/.local/lib/python3.8/site-packages/airflow/example_dags/example_params_ui_tutorial.py
[2024-04-06T10:42:04.972+0000] {processor.py:830} INFO - Processing file /home/airflow/.local/lib/python3.8/site-packages/airflow/example_dags/example_params_ui_tutorial.py for tasks to queue
[2024-04-06T10:42:04.973+0000] {logging_mixin.py:188} INFO - [2024-04-06T10:42:04.973+0000] {dagbag.py:540} INFO - Filling up the DagBag from /home/airflow/.local/lib/python3.8/site-packages/airflow/example_dags/example_params_ui_tutorial.py
[2024-04-06T10:42:04.982+0000] {processor.py:840} INFO - DAG(s) 'example_params_ui_tutorial' retrieved from /home/airflow/.local/lib/python3.8/site-packages/airflow/example_dags/example_params_ui_tutorial.py
[2024-04-06T10:42:05.085+0000] {logging_mixin.py:188} INFO - [2024-04-06T10:42:05.084+0000] {override.py:1769} INFO - Created Permission View: can delete on DAG:example_params_ui_tutorial
[2024-04-06T10:42:05.092+0000] {logging_mixin.py:188} INFO - [2024-04-06T10:42:05.092+0000] {override.py:1769} INFO - Created Permission View: can read on DAG:example_params_ui_tutorial
[2024-04-06T10:42:05.096+0000] {logging_mixin.py:188} INFO - [2024-04-06T10:42:05.096+0000] {override.py:1769} INFO - Created Permission View: can edit on DAG:example_params_ui_tutorial
[2024-04-06T10:42:05.097+0000] {logging_mixin.py:188} INFO - [2024-04-06T10:42:05.097+0000] {dag.py:3047} INFO - Sync 1 DAGs
[2024-04-06T10:42:05.104+0000] {logging_mixin.py:188} INFO - [2024-04-06T10:42:05.104+0000] {dag.py:3069} INFO - Creating ORM DAG for example_params_ui_tutorial
[2024-04-06T10:42:05.105+0000] {logging_mixin.py:188} INFO - [2024-04-06T10:42:05.105+0000] {dag.py:3834} INFO - Setting next_dagrun for example_params_ui_tutorial to None, run_after=None
[2024-04-06T10:42:05.116+0000] {processor.py:183} INFO - Processing /home/airflow/.local/lib/python3.8/site-packages/airflow/example_dags/example_params_ui_tutorial.py took 0.147 seconds
[2024-04-06T10:42:35.665+0000] {processor.py:161} INFO - Started process (PID=118) to work on /home/airflow/.local/lib/python3.8/site-packages/airflow/example_dags/example_params_ui_tutorial.py
[2024-04-06T10:42:35.665+0000] {processor.py:830} INFO - Processing file /home/airflow/.local/lib/python3.8/site-packages/airflow/example_dags/example_params_ui_tutorial.py for tasks to queue
[2024-04-06T10:42:35.666+0000] {logging_mixin.py:188} INFO - [2024-04-06T10:42:35.666+0000] {dagbag.py:540} INFO - Filling up the DagBag from /home/airflow/.local/lib/python3.8/site-packages/airflow/example_dags/example_params_ui_tutorial.py
[2024-04-06T10:42:35.673+0000] {processor.py:840} INFO - DAG(s) 'example_params_ui_tutorial' retrieved from /home/airflow/.local/lib/python3.8/site-packages/airflow/example_dags/example_params_ui_tutorial.py
[2024-04-06T10:42:35.710+0000] {logging_mixin.py:188} INFO - [2024-04-06T10:42:35.710+0000] {dag.py:3047} INFO - Sync 1 DAGs
[2024-04-06T10:42:35.718+0000] {logging_mixin.py:188} INFO - [2024-04-06T10:42:35.717+0000] {dag.py:3834} INFO - Setting next_dagrun for example_params_ui_tutorial to None, run_after=None
[2024-04-06T10:42:35.728+0000] {processor.py:183} INFO - Processing /home/airflow/.local/lib/python3.8/site-packages/airflow/example_dags/example_params_ui_tutorial.py took 0.065 seconds
[2024-04-06T10:43:05.963+0000] {processor.py:161} INFO - Started process (PID=174) to work on /home/airflow/.local/lib/python3.8/site-packages/airflow/example_dags/example_params_ui_tutorial.py
[2024-04-06T10:43:05.974+0000] {processor.py:830} INFO - Processing file /home/airflow/.local/lib/python3.8/site-packages/airflow/example_dags/example_params_ui_tutorial.py for tasks to queue
[2024-04-06T10:43:05.975+0000] {logging_mixin.py:188} INFO - [2024-04-06T10:43:05.975+0000] {dagbag.py:540} INFO - Filling up the DagBag from /home/airflow/.local/lib/python3.8/site-packages/airflow/example_dags/example_params_ui_tutorial.py
[2024-04-06T10:43:06.005+0000] {processor.py:840} INFO - DAG(s) 'example_params_ui_tutorial' retrieved from /home/airflow/.local/lib/python3.8/site-packages/airflow/example_dags/example_params_ui_tutorial.py
[2024-04-06T10:43:06.047+0000] {logging_mixin.py:188} INFO - [2024-04-06T10:43:06.047+0000] {dag.py:3047} INFO - Sync 1 DAGs
[2024-04-06T10:43:06.054+0000] {logging_mixin.py:188} INFO - [2024-04-06T10:43:06.054+0000] {dag.py:3834} INFO - Setting next_dagrun for example_params_ui_tutorial to None, run_after=None
[2024-04-06T10:43:06.065+0000] {processor.py:183} INFO - Processing /home/airflow/.local/lib/python3.8/site-packages/airflow/example_dags/example_params_ui_tutorial.py took 0.103 seconds
[2024-04-06T10:43:36.143+0000] {processor.py:161} INFO - Started process (PID=229) to work on /home/airflow/.local/lib/python3.8/site-packages/airflow/example_dags/example_params_ui_tutorial.py
[2024-04-06T10:43:36.143+0000] {processor.py:830} INFO - Processing file /home/airflow/.local/lib/python3.8/site-packages/airflow/example_dags/example_params_ui_tutorial.py for tasks to queue
[2024-04-06T10:43:36.144+0000] {logging_mixin.py:188} INFO - [2024-04-06T10:43:36.144+0000] {dagbag.py:540} INFO - Filling up the DagBag from /home/airflow/.local/lib/python3.8/site-packages/airflow/example_dags/example_params_ui_tutorial.py
[2024-04-06T10:43:36.151+0000] {processor.py:840} INFO - DAG(s) 'example_params_ui_tutorial' retrieved from /home/airflow/.local/lib/python3.8/site-packages/airflow/example_dags/example_params_ui_tutorial.py
[2024-04-06T10:43:36.189+0000] {logging_mixin.py:188} INFO - [2024-04-06T10:43:36.189+0000] {dag.py:3047} INFO - Sync 1 DAGs
[2024-04-06T10:43:36.196+0000] {logging_mixin.py:188} INFO - [2024-04-06T10:43:36.196+0000] {dag.py:3834} INFO - Setting next_dagrun for example_params_ui_tutorial to None, run_after=None
[2024-04-06T10:43:36.208+0000] {processor.py:183} INFO - Processing /home/airflow/.local/lib/python3.8/site-packages/airflow/example_dags/example_params_ui_tutorial.py took 0.067 seconds
[2024-04-06T10:44:06.851+0000] {processor.py:161} INFO - Started process (PID=285) to work on /home/airflow/.local/lib/python3.8/site-packages/airflow/example_dags/example_params_ui_tutorial.py
[2024-04-06T10:44:06.851+0000] {processor.py:830} INFO - Processing file /home/airflow/.local/lib/python3.8/site-packages/airflow/example_dags/example_params_ui_tutorial.py for tasks to queue
[2024-04-06T10:44:06.853+0000] {logging_mixin.py:188} INFO - [2024-04-06T10:44:06.852+0000] {dagbag.py:540} INFO - Filling up the DagBag from /home/airflow/.local/lib/python3.8/site-packages/airflow/example_dags/example_params_ui_tutorial.py
[2024-04-06T10:44:06.859+0000] {processor.py:840} INFO - DAG(s) 'example_params_ui_tutorial' retrieved from /home/airflow/.local/lib/python3.8/site-packages/airflow/example_dags/example_params_ui_tutorial.py
[2024-04-06T10:44:06.916+0000] {logging_mixin.py:188} INFO - [2024-04-06T10:44:06.915+0000] {dag.py:3047} INFO - Sync 1 DAGs
[2024-04-06T10:44:06.923+0000] {logging_mixin.py:188} INFO - [2024-04-06T10:44:06.923+0000] {dag.py:3834} INFO - Setting next_dagrun for example_params_ui_tutorial to None, run_after=None
[2024-04-06T10:44:06.933+0000] {processor.py:183} INFO - Processing /home/airflow/.local/lib/python3.8/site-packages/airflow/example_dags/example_params_ui_tutorial.py took 0.084 seconds
[2024-04-06T10:44:37.601+0000] {processor.py:161} INFO - Started process (PID=341) to work on /home/airflow/.local/lib/python3.8/site-packages/airflow/example_dags/example_params_ui_tutorial.py
[2024-04-06T10:44:37.601+0000] {processor.py:830} INFO - Processing file /home/airflow/.local/lib/python3.8/site-packages/airflow/example_dags/example_params_ui_tutorial.py for tasks to queue
[2024-04-06T10:44:37.602+0000] {logging_mixin.py:188} INFO - [2024-04-06T10:44:37.602+0000] {dagbag.py:540} INFO - Filling up the DagBag from /home/airflow/.local/lib/python3.8/site-packages/airflow/example_dags/example_params_ui_tutorial.py
[2024-04-06T10:44:37.609+0000] {processor.py:840} INFO - DAG(s) 'example_params_ui_tutorial' retrieved from /home/airflow/.local/lib/python3.8/site-packages/airflow/example_dags/example_params_ui_tutorial.py
[2024-04-06T10:44:37.647+0000] {logging_mixin.py:188} INFO - [2024-04-06T10:44:37.647+0000] {dag.py:3047} INFO - Sync 1 DAGs
[2024-04-06T10:44:37.655+0000] {logging_mixin.py:188} INFO - [2024-04-06T10:44:37.655+0000] {dag.py:3834} INFO - Setting next_dagrun for example_params_ui_tutorial to None, run_after=None
[2024-04-06T10:44:37.666+0000] {processor.py:183} INFO - Processing /home/airflow/.local/lib/python3.8/site-packages/airflow/example_dags/example_params_ui_tutorial.py took 0.067 seconds
[2024-04-06T10:45:07.741+0000] {processor.py:161} INFO - Started process (PID=397) to work on /home/airflow/.local/lib/python3.8/site-packages/airflow/example_dags/example_params_ui_tutorial.py
[2024-04-06T10:45:07.741+0000] {processor.py:830} INFO - Processing file /home/airflow/.local/lib/python3.8/site-packages/airflow/example_dags/example_params_ui_tutorial.py for tasks to queue
[2024-04-06T10:45:07.742+0000] {logging_mixin.py:188} INFO - [2024-04-06T10:45:07.742+0000] {dagbag.py:540} INFO - Filling up the DagBag from /home/airflow/.local/lib/python3.8/site-packages/airflow/example_dags/example_params_ui_tutorial.py
[2024-04-06T10:45:07.750+0000] {processor.py:840} INFO - DAG(s) 'example_params_ui_tutorial' retrieved from /home/airflow/.local/lib/python3.8/site-packages/airflow/example_dags/example_params_ui_tutorial.py
[2024-04-06T10:45:07.788+0000] {logging_mixin.py:188} INFO - [2024-04-06T10:45:07.788+0000] {dag.py:3047} INFO - Sync 1 DAGs
[2024-04-06T10:45:07.796+0000] {logging_mixin.py:188} INFO - [2024-04-06T10:45:07.796+0000] {dag.py:3834} INFO - Setting next_dagrun for example_params_ui_tutorial to None, run_after=None
[2024-04-06T10:45:07.810+0000] {processor.py:183} INFO - Processing /home/airflow/.local/lib/python3.8/site-packages/airflow/example_dags/example_params_ui_tutorial.py took 0.071 seconds
