[2024-04-06T09:36:49.335+0000] {processor.py:153} INFO - Started process (PID=81) to work on /home/airflow/.local/lib/python3.7/site-packages/airflow/example_dags/example_branch_operator.py
[2024-04-06T09:36:49.336+0000] {processor.py:743} INFO - Processing file /home/airflow/.local/lib/python3.7/site-packages/airflow/example_dags/example_branch_operator.py for tasks to queue
[2024-04-06T09:36:49.337+0000] {logging_mixin.py:137} INFO - [2024-04-06T09:36:49.337+0000] {dagbag.py:538} INFO - Filling up the DagBag from /home/airflow/.local/lib/python3.7/site-packages/airflow/example_dags/example_branch_operator.py
[2024-04-06T09:36:49.372+0000] {processor.py:753} INFO - DAG(s) dict_keys(['example_branch_operator']) retrieved from /home/airflow/.local/lib/python3.7/site-packages/airflow/example_dags/example_branch_operator.py
[2024-04-06T09:36:49.388+0000] {logging_mixin.py:137} INFO - [2024-04-06T09:36:49.388+0000] {dag.py:2690} INFO - Sync 1 DAGs
[2024-04-06T09:36:49.436+0000] {logging_mixin.py:137} INFO - [2024-04-06T09:36:49.436+0000] {dag.py:3441} INFO - Setting next_dagrun for example_branch_operator to 2024-04-05T00:00:00+00:00, run_after=2024-04-06T00:00:00+00:00
[2024-04-06T09:36:49.469+0000] {processor.py:175} INFO - Processing /home/airflow/.local/lib/python3.7/site-packages/airflow/example_dags/example_branch_operator.py took 0.139 seconds
[2024-04-06T09:37:19.895+0000] {processor.py:153} INFO - Started process (PID=153) to work on /home/airflow/.local/lib/python3.7/site-packages/airflow/example_dags/example_branch_operator.py
[2024-04-06T09:37:19.896+0000] {processor.py:743} INFO - Processing file /home/airflow/.local/lib/python3.7/site-packages/airflow/example_dags/example_branch_operator.py for tasks to queue
[2024-04-06T09:37:19.896+0000] {logging_mixin.py:137} INFO - [2024-04-06T09:37:19.896+0000] {dagbag.py:538} INFO - Filling up the DagBag from /home/airflow/.local/lib/python3.7/site-packages/airflow/example_dags/example_branch_operator.py
[2024-04-06T09:37:19.913+0000] {processor.py:753} INFO - DAG(s) dict_keys(['example_branch_operator']) retrieved from /home/airflow/.local/lib/python3.7/site-packages/airflow/example_dags/example_branch_operator.py
[2024-04-06T09:37:19.926+0000] {logging_mixin.py:137} INFO - [2024-04-06T09:37:19.925+0000] {dag.py:2690} INFO - Sync 1 DAGs
[2024-04-06T09:37:19.954+0000] {logging_mixin.py:137} INFO - [2024-04-06T09:37:19.954+0000] {dag.py:3441} INFO - Setting next_dagrun for example_branch_operator to 2024-04-05T00:00:00+00:00, run_after=2024-04-06T00:00:00+00:00
[2024-04-06T09:37:19.973+0000] {processor.py:175} INFO - Processing /home/airflow/.local/lib/python3.7/site-packages/airflow/example_dags/example_branch_operator.py took 0.081 seconds
[2024-04-06T09:37:50.741+0000] {processor.py:153} INFO - Started process (PID=225) to work on /home/airflow/.local/lib/python3.7/site-packages/airflow/example_dags/example_branch_operator.py
[2024-04-06T09:37:50.742+0000] {processor.py:743} INFO - Processing file /home/airflow/.local/lib/python3.7/site-packages/airflow/example_dags/example_branch_operator.py for tasks to queue
[2024-04-06T09:37:50.742+0000] {logging_mixin.py:137} INFO - [2024-04-06T09:37:50.742+0000] {dagbag.py:538} INFO - Filling up the DagBag from /home/airflow/.local/lib/python3.7/site-packages/airflow/example_dags/example_branch_operator.py
[2024-04-06T09:37:50.761+0000] {processor.py:753} INFO - DAG(s) dict_keys(['example_branch_operator']) retrieved from /home/airflow/.local/lib/python3.7/site-packages/airflow/example_dags/example_branch_operator.py
[2024-04-06T09:37:50.788+0000] {logging_mixin.py:137} INFO - [2024-04-06T09:37:50.787+0000] {dag.py:2690} INFO - Sync 1 DAGs
[2024-04-06T09:37:50.817+0000] {logging_mixin.py:137} INFO - [2024-04-06T09:37:50.817+0000] {dag.py:3441} INFO - Setting next_dagrun for example_branch_operator to 2024-04-05T00:00:00+00:00, run_after=2024-04-06T00:00:00+00:00
[2024-04-06T09:37:50.838+0000] {processor.py:175} INFO - Processing /home/airflow/.local/lib/python3.7/site-packages/airflow/example_dags/example_branch_operator.py took 0.100 seconds
[2024-04-06T09:38:21.453+0000] {processor.py:153} INFO - Started process (PID=313) to work on /home/airflow/.local/lib/python3.7/site-packages/airflow/example_dags/example_branch_operator.py
[2024-04-06T09:38:21.453+0000] {processor.py:743} INFO - Processing file /home/airflow/.local/lib/python3.7/site-packages/airflow/example_dags/example_branch_operator.py for tasks to queue
[2024-04-06T09:38:21.454+0000] {logging_mixin.py:137} INFO - [2024-04-06T09:38:21.454+0000] {dagbag.py:538} INFO - Filling up the DagBag from /home/airflow/.local/lib/python3.7/site-packages/airflow/example_dags/example_branch_operator.py
[2024-04-06T09:38:21.471+0000] {processor.py:753} INFO - DAG(s) dict_keys(['example_branch_operator']) retrieved from /home/airflow/.local/lib/python3.7/site-packages/airflow/example_dags/example_branch_operator.py
[2024-04-06T09:38:21.500+0000] {logging_mixin.py:137} INFO - [2024-04-06T09:38:21.499+0000] {dag.py:2690} INFO - Sync 1 DAGs
[2024-04-06T09:38:21.526+0000] {logging_mixin.py:137} INFO - [2024-04-06T09:38:21.526+0000] {dag.py:3441} INFO - Setting next_dagrun for example_branch_operator to 2024-04-05T00:00:00+00:00, run_after=2024-04-06T00:00:00+00:00
[2024-04-06T09:38:21.544+0000] {processor.py:175} INFO - Processing /home/airflow/.local/lib/python3.7/site-packages/airflow/example_dags/example_branch_operator.py took 0.094 seconds
[2024-04-06T09:38:51.616+0000] {processor.py:153} INFO - Started process (PID=384) to work on /home/airflow/.local/lib/python3.7/site-packages/airflow/example_dags/example_branch_operator.py
[2024-04-06T09:38:51.617+0000] {processor.py:743} INFO - Processing file /home/airflow/.local/lib/python3.7/site-packages/airflow/example_dags/example_branch_operator.py for tasks to queue
[2024-04-06T09:38:51.618+0000] {logging_mixin.py:137} INFO - [2024-04-06T09:38:51.618+0000] {dagbag.py:538} INFO - Filling up the DagBag from /home/airflow/.local/lib/python3.7/site-packages/airflow/example_dags/example_branch_operator.py
[2024-04-06T09:38:51.631+0000] {processor.py:753} INFO - DAG(s) dict_keys(['example_branch_operator']) retrieved from /home/airflow/.local/lib/python3.7/site-packages/airflow/example_dags/example_branch_operator.py
[2024-04-06T09:38:51.655+0000] {logging_mixin.py:137} INFO - [2024-04-06T09:38:51.655+0000] {dag.py:2690} INFO - Sync 1 DAGs
[2024-04-06T09:38:51.678+0000] {logging_mixin.py:137} INFO - [2024-04-06T09:38:51.678+0000] {dag.py:3441} INFO - Setting next_dagrun for example_branch_operator to 2024-04-05T00:00:00+00:00, run_after=2024-04-06T00:00:00+00:00
[2024-04-06T09:38:51.695+0000] {processor.py:175} INFO - Processing /home/airflow/.local/lib/python3.7/site-packages/airflow/example_dags/example_branch_operator.py took 0.080 seconds
[2024-04-06T09:39:21.835+0000] {processor.py:153} INFO - Started process (PID=473) to work on /home/airflow/.local/lib/python3.7/site-packages/airflow/example_dags/example_branch_operator.py
[2024-04-06T09:39:21.836+0000] {processor.py:743} INFO - Processing file /home/airflow/.local/lib/python3.7/site-packages/airflow/example_dags/example_branch_operator.py for tasks to queue
[2024-04-06T09:39:21.837+0000] {logging_mixin.py:137} INFO - [2024-04-06T09:39:21.837+0000] {dagbag.py:538} INFO - Filling up the DagBag from /home/airflow/.local/lib/python3.7/site-packages/airflow/example_dags/example_branch_operator.py
[2024-04-06T09:39:21.854+0000] {processor.py:753} INFO - DAG(s) dict_keys(['example_branch_operator']) retrieved from /home/airflow/.local/lib/python3.7/site-packages/airflow/example_dags/example_branch_operator.py
[2024-04-06T09:39:21.878+0000] {logging_mixin.py:137} INFO - [2024-04-06T09:39:21.877+0000] {dag.py:2690} INFO - Sync 1 DAGs
[2024-04-06T09:39:21.903+0000] {logging_mixin.py:137} INFO - [2024-04-06T09:39:21.903+0000] {dag.py:3441} INFO - Setting next_dagrun for example_branch_operator to 2024-04-05T00:00:00+00:00, run_after=2024-04-06T00:00:00+00:00
[2024-04-06T09:39:21.920+0000] {processor.py:175} INFO - Processing /home/airflow/.local/lib/python3.7/site-packages/airflow/example_dags/example_branch_operator.py took 0.087 seconds
[2024-04-06T09:39:52.027+0000] {processor.py:153} INFO - Started process (PID=544) to work on /home/airflow/.local/lib/python3.7/site-packages/airflow/example_dags/example_branch_operator.py
[2024-04-06T09:39:52.028+0000] {processor.py:743} INFO - Processing file /home/airflow/.local/lib/python3.7/site-packages/airflow/example_dags/example_branch_operator.py for tasks to queue
[2024-04-06T09:39:52.028+0000] {logging_mixin.py:137} INFO - [2024-04-06T09:39:52.028+0000] {dagbag.py:538} INFO - Filling up the DagBag from /home/airflow/.local/lib/python3.7/site-packages/airflow/example_dags/example_branch_operator.py
[2024-04-06T09:39:52.043+0000] {processor.py:753} INFO - DAG(s) dict_keys(['example_branch_operator']) retrieved from /home/airflow/.local/lib/python3.7/site-packages/airflow/example_dags/example_branch_operator.py
[2024-04-06T09:39:52.069+0000] {logging_mixin.py:137} INFO - [2024-04-06T09:39:52.068+0000] {dag.py:2690} INFO - Sync 1 DAGs
[2024-04-06T09:39:52.099+0000] {logging_mixin.py:137} INFO - [2024-04-06T09:39:52.099+0000] {dag.py:3441} INFO - Setting next_dagrun for example_branch_operator to 2024-04-05T00:00:00+00:00, run_after=2024-04-06T00:00:00+00:00
[2024-04-06T09:39:52.117+0000] {processor.py:175} INFO - Processing /home/airflow/.local/lib/python3.7/site-packages/airflow/example_dags/example_branch_operator.py took 0.093 seconds
[2024-04-06T09:40:22.480+0000] {processor.py:153} INFO - Started process (PID=632) to work on /home/airflow/.local/lib/python3.7/site-packages/airflow/example_dags/example_branch_operator.py
[2024-04-06T09:40:22.481+0000] {processor.py:743} INFO - Processing file /home/airflow/.local/lib/python3.7/site-packages/airflow/example_dags/example_branch_operator.py for tasks to queue
[2024-04-06T09:40:22.481+0000] {logging_mixin.py:137} INFO - [2024-04-06T09:40:22.481+0000] {dagbag.py:538} INFO - Filling up the DagBag from /home/airflow/.local/lib/python3.7/site-packages/airflow/example_dags/example_branch_operator.py
[2024-04-06T09:40:22.499+0000] {processor.py:753} INFO - DAG(s) dict_keys(['example_branch_operator']) retrieved from /home/airflow/.local/lib/python3.7/site-packages/airflow/example_dags/example_branch_operator.py
[2024-04-06T09:40:22.524+0000] {logging_mixin.py:137} INFO - [2024-04-06T09:40:22.524+0000] {dag.py:2690} INFO - Sync 1 DAGs
[2024-04-06T09:40:22.550+0000] {logging_mixin.py:137} INFO - [2024-04-06T09:40:22.550+0000] {dag.py:3441} INFO - Setting next_dagrun for example_branch_operator to 2024-04-05T00:00:00+00:00, run_after=2024-04-06T00:00:00+00:00
[2024-04-06T09:40:22.568+0000] {processor.py:175} INFO - Processing /home/airflow/.local/lib/python3.7/site-packages/airflow/example_dags/example_branch_operator.py took 0.091 seconds
[2024-04-06T09:40:52.785+0000] {processor.py:153} INFO - Started process (PID=704) to work on /home/airflow/.local/lib/python3.7/site-packages/airflow/example_dags/example_branch_operator.py
[2024-04-06T09:40:52.786+0000] {processor.py:743} INFO - Processing file /home/airflow/.local/lib/python3.7/site-packages/airflow/example_dags/example_branch_operator.py for tasks to queue
[2024-04-06T09:40:52.786+0000] {logging_mixin.py:137} INFO - [2024-04-06T09:40:52.786+0000] {dagbag.py:538} INFO - Filling up the DagBag from /home/airflow/.local/lib/python3.7/site-packages/airflow/example_dags/example_branch_operator.py
[2024-04-06T09:40:52.800+0000] {processor.py:753} INFO - DAG(s) dict_keys(['example_branch_operator']) retrieved from /home/airflow/.local/lib/python3.7/site-packages/airflow/example_dags/example_branch_operator.py
[2024-04-06T09:40:52.822+0000] {logging_mixin.py:137} INFO - [2024-04-06T09:40:52.822+0000] {dag.py:2690} INFO - Sync 1 DAGs
[2024-04-06T09:40:52.843+0000] {logging_mixin.py:137} INFO - [2024-04-06T09:40:52.843+0000] {dag.py:3441} INFO - Setting next_dagrun for example_branch_operator to 2024-04-05T00:00:00+00:00, run_after=2024-04-06T00:00:00+00:00
[2024-04-06T09:40:52.860+0000] {processor.py:175} INFO - Processing /home/airflow/.local/lib/python3.7/site-packages/airflow/example_dags/example_branch_operator.py took 0.077 seconds
[2024-04-06T09:41:23.234+0000] {processor.py:153} INFO - Started process (PID=792) to work on /home/airflow/.local/lib/python3.7/site-packages/airflow/example_dags/example_branch_operator.py
[2024-04-06T09:41:23.234+0000] {processor.py:743} INFO - Processing file /home/airflow/.local/lib/python3.7/site-packages/airflow/example_dags/example_branch_operator.py for tasks to queue
[2024-04-06T09:41:23.235+0000] {logging_mixin.py:137} INFO - [2024-04-06T09:41:23.235+0000] {dagbag.py:538} INFO - Filling up the DagBag from /home/airflow/.local/lib/python3.7/site-packages/airflow/example_dags/example_branch_operator.py
[2024-04-06T09:41:23.253+0000] {processor.py:753} INFO - DAG(s) dict_keys(['example_branch_operator']) retrieved from /home/airflow/.local/lib/python3.7/site-packages/airflow/example_dags/example_branch_operator.py
[2024-04-06T09:41:23.287+0000] {logging_mixin.py:137} INFO - [2024-04-06T09:41:23.287+0000] {dag.py:2690} INFO - Sync 1 DAGs
[2024-04-06T09:41:23.309+0000] {logging_mixin.py:137} INFO - [2024-04-06T09:41:23.309+0000] {dag.py:3441} INFO - Setting next_dagrun for example_branch_operator to 2024-04-05T00:00:00+00:00, run_after=2024-04-06T00:00:00+00:00
[2024-04-06T09:41:23.325+0000] {processor.py:175} INFO - Processing /home/airflow/.local/lib/python3.7/site-packages/airflow/example_dags/example_branch_operator.py took 0.094 seconds
[2024-04-06T09:41:53.573+0000] {processor.py:153} INFO - Started process (PID=864) to work on /home/airflow/.local/lib/python3.7/site-packages/airflow/example_dags/example_branch_operator.py
[2024-04-06T09:41:53.574+0000] {processor.py:743} INFO - Processing file /home/airflow/.local/lib/python3.7/site-packages/airflow/example_dags/example_branch_operator.py for tasks to queue
[2024-04-06T09:41:53.575+0000] {logging_mixin.py:137} INFO - [2024-04-06T09:41:53.575+0000] {dagbag.py:538} INFO - Filling up the DagBag from /home/airflow/.local/lib/python3.7/site-packages/airflow/example_dags/example_branch_operator.py
[2024-04-06T09:41:53.593+0000] {processor.py:753} INFO - DAG(s) dict_keys(['example_branch_operator']) retrieved from /home/airflow/.local/lib/python3.7/site-packages/airflow/example_dags/example_branch_operator.py
[2024-04-06T09:41:53.619+0000] {logging_mixin.py:137} INFO - [2024-04-06T09:41:53.618+0000] {dag.py:2690} INFO - Sync 1 DAGs
[2024-04-06T09:41:53.642+0000] {logging_mixin.py:137} INFO - [2024-04-06T09:41:53.642+0000] {dag.py:3441} INFO - Setting next_dagrun for example_branch_operator to 2024-04-05T00:00:00+00:00, run_after=2024-04-06T00:00:00+00:00
[2024-04-06T09:41:53.659+0000] {processor.py:175} INFO - Processing /home/airflow/.local/lib/python3.7/site-packages/airflow/example_dags/example_branch_operator.py took 0.088 seconds
[2024-04-06T09:42:24.346+0000] {processor.py:153} INFO - Started process (PID=952) to work on /home/airflow/.local/lib/python3.7/site-packages/airflow/example_dags/example_branch_operator.py
[2024-04-06T09:42:24.347+0000] {processor.py:743} INFO - Processing file /home/airflow/.local/lib/python3.7/site-packages/airflow/example_dags/example_branch_operator.py for tasks to queue
[2024-04-06T09:42:24.347+0000] {logging_mixin.py:137} INFO - [2024-04-06T09:42:24.347+0000] {dagbag.py:538} INFO - Filling up the DagBag from /home/airflow/.local/lib/python3.7/site-packages/airflow/example_dags/example_branch_operator.py
[2024-04-06T09:42:24.362+0000] {processor.py:753} INFO - DAG(s) dict_keys(['example_branch_operator']) retrieved from /home/airflow/.local/lib/python3.7/site-packages/airflow/example_dags/example_branch_operator.py
[2024-04-06T09:42:24.386+0000] {logging_mixin.py:137} INFO - [2024-04-06T09:42:24.386+0000] {dag.py:2690} INFO - Sync 1 DAGs
[2024-04-06T09:42:24.413+0000] {logging_mixin.py:137} INFO - [2024-04-06T09:42:24.413+0000] {dag.py:3441} INFO - Setting next_dagrun for example_branch_operator to 2024-04-05T00:00:00+00:00, run_after=2024-04-06T00:00:00+00:00
[2024-04-06T09:42:24.432+0000] {processor.py:175} INFO - Processing /home/airflow/.local/lib/python3.7/site-packages/airflow/example_dags/example_branch_operator.py took 0.090 seconds
[2024-04-06T09:42:54.508+0000] {processor.py:153} INFO - Started process (PID=1024) to work on /home/airflow/.local/lib/python3.7/site-packages/airflow/example_dags/example_branch_operator.py
[2024-04-06T09:42:54.509+0000] {processor.py:743} INFO - Processing file /home/airflow/.local/lib/python3.7/site-packages/airflow/example_dags/example_branch_operator.py for tasks to queue
[2024-04-06T09:42:54.509+0000] {logging_mixin.py:137} INFO - [2024-04-06T09:42:54.509+0000] {dagbag.py:538} INFO - Filling up the DagBag from /home/airflow/.local/lib/python3.7/site-packages/airflow/example_dags/example_branch_operator.py
[2024-04-06T09:42:54.525+0000] {processor.py:753} INFO - DAG(s) dict_keys(['example_branch_operator']) retrieved from /home/airflow/.local/lib/python3.7/site-packages/airflow/example_dags/example_branch_operator.py
[2024-04-06T09:42:54.549+0000] {logging_mixin.py:137} INFO - [2024-04-06T09:42:54.549+0000] {dag.py:2690} INFO - Sync 1 DAGs
[2024-04-06T09:42:54.573+0000] {logging_mixin.py:137} INFO - [2024-04-06T09:42:54.572+0000] {dag.py:3441} INFO - Setting next_dagrun for example_branch_operator to 2024-04-05T00:00:00+00:00, run_after=2024-04-06T00:00:00+00:00
[2024-04-06T09:42:54.587+0000] {processor.py:175} INFO - Processing /home/airflow/.local/lib/python3.7/site-packages/airflow/example_dags/example_branch_operator.py took 0.082 seconds
[2024-04-06T09:43:25.178+0000] {processor.py:153} INFO - Started process (PID=1111) to work on /home/airflow/.local/lib/python3.7/site-packages/airflow/example_dags/example_branch_operator.py
[2024-04-06T09:43:25.178+0000] {processor.py:743} INFO - Processing file /home/airflow/.local/lib/python3.7/site-packages/airflow/example_dags/example_branch_operator.py for tasks to queue
[2024-04-06T09:43:25.179+0000] {logging_mixin.py:137} INFO - [2024-04-06T09:43:25.179+0000] {dagbag.py:538} INFO - Filling up the DagBag from /home/airflow/.local/lib/python3.7/site-packages/airflow/example_dags/example_branch_operator.py
[2024-04-06T09:43:25.194+0000] {processor.py:753} INFO - DAG(s) dict_keys(['example_branch_operator']) retrieved from /home/airflow/.local/lib/python3.7/site-packages/airflow/example_dags/example_branch_operator.py
[2024-04-06T09:43:25.220+0000] {logging_mixin.py:137} INFO - [2024-04-06T09:43:25.220+0000] {dag.py:2690} INFO - Sync 1 DAGs
[2024-04-06T09:43:25.248+0000] {logging_mixin.py:137} INFO - [2024-04-06T09:43:25.248+0000] {dag.py:3441} INFO - Setting next_dagrun for example_branch_operator to 2024-04-05T00:00:00+00:00, run_after=2024-04-06T00:00:00+00:00
[2024-04-06T09:43:25.264+0000] {processor.py:175} INFO - Processing /home/airflow/.local/lib/python3.7/site-packages/airflow/example_dags/example_branch_operator.py took 0.089 seconds
[2024-04-06T09:43:55.373+0000] {processor.py:153} INFO - Started process (PID=1183) to work on /home/airflow/.local/lib/python3.7/site-packages/airflow/example_dags/example_branch_operator.py
[2024-04-06T09:43:55.373+0000] {processor.py:743} INFO - Processing file /home/airflow/.local/lib/python3.7/site-packages/airflow/example_dags/example_branch_operator.py for tasks to queue
[2024-04-06T09:43:55.374+0000] {logging_mixin.py:137} INFO - [2024-04-06T09:43:55.374+0000] {dagbag.py:538} INFO - Filling up the DagBag from /home/airflow/.local/lib/python3.7/site-packages/airflow/example_dags/example_branch_operator.py
[2024-04-06T09:43:55.389+0000] {processor.py:753} INFO - DAG(s) dict_keys(['example_branch_operator']) retrieved from /home/airflow/.local/lib/python3.7/site-packages/airflow/example_dags/example_branch_operator.py
[2024-04-06T09:43:55.412+0000] {logging_mixin.py:137} INFO - [2024-04-06T09:43:55.412+0000] {dag.py:2690} INFO - Sync 1 DAGs
[2024-04-06T09:43:55.435+0000] {logging_mixin.py:137} INFO - [2024-04-06T09:43:55.435+0000] {dag.py:3441} INFO - Setting next_dagrun for example_branch_operator to 2024-04-05T00:00:00+00:00, run_after=2024-04-06T00:00:00+00:00
[2024-04-06T09:43:55.454+0000] {processor.py:175} INFO - Processing /home/airflow/.local/lib/python3.7/site-packages/airflow/example_dags/example_branch_operator.py took 0.084 seconds
[2024-04-06T09:44:26.219+0000] {processor.py:153} INFO - Started process (PID=1271) to work on /home/airflow/.local/lib/python3.7/site-packages/airflow/example_dags/example_branch_operator.py
[2024-04-06T09:44:26.220+0000] {processor.py:743} INFO - Processing file /home/airflow/.local/lib/python3.7/site-packages/airflow/example_dags/example_branch_operator.py for tasks to queue
[2024-04-06T09:44:26.220+0000] {logging_mixin.py:137} INFO - [2024-04-06T09:44:26.220+0000] {dagbag.py:538} INFO - Filling up the DagBag from /home/airflow/.local/lib/python3.7/site-packages/airflow/example_dags/example_branch_operator.py
[2024-04-06T09:44:26.235+0000] {processor.py:753} INFO - DAG(s) dict_keys(['example_branch_operator']) retrieved from /home/airflow/.local/lib/python3.7/site-packages/airflow/example_dags/example_branch_operator.py
[2024-04-06T09:44:26.265+0000] {logging_mixin.py:137} INFO - [2024-04-06T09:44:26.265+0000] {dag.py:2690} INFO - Sync 1 DAGs
[2024-04-06T09:44:26.292+0000] {logging_mixin.py:137} INFO - [2024-04-06T09:44:26.292+0000] {dag.py:3441} INFO - Setting next_dagrun for example_branch_operator to 2024-04-05T00:00:00+00:00, run_after=2024-04-06T00:00:00+00:00
[2024-04-06T09:44:26.313+0000] {processor.py:175} INFO - Processing /home/airflow/.local/lib/python3.7/site-packages/airflow/example_dags/example_branch_operator.py took 0.096 seconds
[2024-04-06T09:44:56.340+0000] {processor.py:153} INFO - Started process (PID=1343) to work on /home/airflow/.local/lib/python3.7/site-packages/airflow/example_dags/example_branch_operator.py
[2024-04-06T09:44:56.340+0000] {processor.py:743} INFO - Processing file /home/airflow/.local/lib/python3.7/site-packages/airflow/example_dags/example_branch_operator.py for tasks to queue
[2024-04-06T09:44:56.341+0000] {logging_mixin.py:137} INFO - [2024-04-06T09:44:56.341+0000] {dagbag.py:538} INFO - Filling up the DagBag from /home/airflow/.local/lib/python3.7/site-packages/airflow/example_dags/example_branch_operator.py
[2024-04-06T09:44:56.352+0000] {processor.py:753} INFO - DAG(s) dict_keys(['example_branch_operator']) retrieved from /home/airflow/.local/lib/python3.7/site-packages/airflow/example_dags/example_branch_operator.py
[2024-04-06T09:44:56.371+0000] {logging_mixin.py:137} INFO - [2024-04-06T09:44:56.371+0000] {dag.py:2690} INFO - Sync 1 DAGs
[2024-04-06T09:44:56.390+0000] {logging_mixin.py:137} INFO - [2024-04-06T09:44:56.390+0000] {dag.py:3441} INFO - Setting next_dagrun for example_branch_operator to 2024-04-05T00:00:00+00:00, run_after=2024-04-06T00:00:00+00:00
[2024-04-06T09:44:56.404+0000] {processor.py:175} INFO - Processing /home/airflow/.local/lib/python3.7/site-packages/airflow/example_dags/example_branch_operator.py took 0.066 seconds
[2024-04-06T09:45:26.833+0000] {processor.py:153} INFO - Started process (PID=1431) to work on /home/airflow/.local/lib/python3.7/site-packages/airflow/example_dags/example_branch_operator.py
[2024-04-06T09:45:26.834+0000] {processor.py:743} INFO - Processing file /home/airflow/.local/lib/python3.7/site-packages/airflow/example_dags/example_branch_operator.py for tasks to queue
[2024-04-06T09:45:26.834+0000] {logging_mixin.py:137} INFO - [2024-04-06T09:45:26.834+0000] {dagbag.py:538} INFO - Filling up the DagBag from /home/airflow/.local/lib/python3.7/site-packages/airflow/example_dags/example_branch_operator.py
[2024-04-06T09:45:26.852+0000] {processor.py:753} INFO - DAG(s) dict_keys(['example_branch_operator']) retrieved from /home/airflow/.local/lib/python3.7/site-packages/airflow/example_dags/example_branch_operator.py
[2024-04-06T09:45:26.876+0000] {logging_mixin.py:137} INFO - [2024-04-06T09:45:26.876+0000] {dag.py:2690} INFO - Sync 1 DAGs
[2024-04-06T09:45:26.900+0000] {logging_mixin.py:137} INFO - [2024-04-06T09:45:26.899+0000] {dag.py:3441} INFO - Setting next_dagrun for example_branch_operator to 2024-04-05T00:00:00+00:00, run_after=2024-04-06T00:00:00+00:00
[2024-04-06T09:45:26.916+0000] {processor.py:175} INFO - Processing /home/airflow/.local/lib/python3.7/site-packages/airflow/example_dags/example_branch_operator.py took 0.085 seconds
[2024-04-06T09:45:57.196+0000] {processor.py:153} INFO - Started process (PID=1503) to work on /home/airflow/.local/lib/python3.7/site-packages/airflow/example_dags/example_branch_operator.py
[2024-04-06T09:45:57.197+0000] {processor.py:743} INFO - Processing file /home/airflow/.local/lib/python3.7/site-packages/airflow/example_dags/example_branch_operator.py for tasks to queue
[2024-04-06T09:45:57.198+0000] {logging_mixin.py:137} INFO - [2024-04-06T09:45:57.197+0000] {dagbag.py:538} INFO - Filling up the DagBag from /home/airflow/.local/lib/python3.7/site-packages/airflow/example_dags/example_branch_operator.py
[2024-04-06T09:45:57.215+0000] {processor.py:753} INFO - DAG(s) dict_keys(['example_branch_operator']) retrieved from /home/airflow/.local/lib/python3.7/site-packages/airflow/example_dags/example_branch_operator.py
[2024-04-06T09:45:57.245+0000] {logging_mixin.py:137} INFO - [2024-04-06T09:45:57.245+0000] {dag.py:2690} INFO - Sync 1 DAGs
[2024-04-06T09:45:57.271+0000] {logging_mixin.py:137} INFO - [2024-04-06T09:45:57.271+0000] {dag.py:3441} INFO - Setting next_dagrun for example_branch_operator to 2024-04-05T00:00:00+00:00, run_after=2024-04-06T00:00:00+00:00
[2024-04-06T09:45:57.290+0000] {processor.py:175} INFO - Processing /home/airflow/.local/lib/python3.7/site-packages/airflow/example_dags/example_branch_operator.py took 0.096 seconds
[2024-04-06T09:46:27.618+0000] {processor.py:153} INFO - Started process (PID=1590) to work on /home/airflow/.local/lib/python3.7/site-packages/airflow/example_dags/example_branch_operator.py
[2024-04-06T09:46:27.618+0000] {processor.py:743} INFO - Processing file /home/airflow/.local/lib/python3.7/site-packages/airflow/example_dags/example_branch_operator.py for tasks to queue
[2024-04-06T09:46:27.619+0000] {logging_mixin.py:137} INFO - [2024-04-06T09:46:27.619+0000] {dagbag.py:538} INFO - Filling up the DagBag from /home/airflow/.local/lib/python3.7/site-packages/airflow/example_dags/example_branch_operator.py
[2024-04-06T09:46:27.634+0000] {processor.py:753} INFO - DAG(s) dict_keys(['example_branch_operator']) retrieved from /home/airflow/.local/lib/python3.7/site-packages/airflow/example_dags/example_branch_operator.py
[2024-04-06T09:46:27.661+0000] {logging_mixin.py:137} INFO - [2024-04-06T09:46:27.661+0000] {dag.py:2690} INFO - Sync 1 DAGs
[2024-04-06T09:46:27.695+0000] {logging_mixin.py:137} INFO - [2024-04-06T09:46:27.695+0000] {dag.py:3441} INFO - Setting next_dagrun for example_branch_operator to 2024-04-05T00:00:00+00:00, run_after=2024-04-06T00:00:00+00:00
[2024-04-06T09:46:27.718+0000] {processor.py:175} INFO - Processing /home/airflow/.local/lib/python3.7/site-packages/airflow/example_dags/example_branch_operator.py took 0.103 seconds
[2024-04-06T09:46:57.947+0000] {processor.py:153} INFO - Started process (PID=1662) to work on /home/airflow/.local/lib/python3.7/site-packages/airflow/example_dags/example_branch_operator.py
[2024-04-06T09:46:57.947+0000] {processor.py:743} INFO - Processing file /home/airflow/.local/lib/python3.7/site-packages/airflow/example_dags/example_branch_operator.py for tasks to queue
[2024-04-06T09:46:57.948+0000] {logging_mixin.py:137} INFO - [2024-04-06T09:46:57.948+0000] {dagbag.py:538} INFO - Filling up the DagBag from /home/airflow/.local/lib/python3.7/site-packages/airflow/example_dags/example_branch_operator.py
[2024-04-06T09:46:57.968+0000] {processor.py:753} INFO - DAG(s) dict_keys(['example_branch_operator']) retrieved from /home/airflow/.local/lib/python3.7/site-packages/airflow/example_dags/example_branch_operator.py
[2024-04-06T09:46:57.994+0000] {logging_mixin.py:137} INFO - [2024-04-06T09:46:57.993+0000] {dag.py:2690} INFO - Sync 1 DAGs
[2024-04-06T09:46:58.019+0000] {logging_mixin.py:137} INFO - [2024-04-06T09:46:58.019+0000] {dag.py:3441} INFO - Setting next_dagrun for example_branch_operator to 2024-04-05T00:00:00+00:00, run_after=2024-04-06T00:00:00+00:00
[2024-04-06T09:46:58.038+0000] {processor.py:175} INFO - Processing /home/airflow/.local/lib/python3.7/site-packages/airflow/example_dags/example_branch_operator.py took 0.094 seconds
[2024-04-06T09:47:28.554+0000] {processor.py:153} INFO - Started process (PID=1750) to work on /home/airflow/.local/lib/python3.7/site-packages/airflow/example_dags/example_branch_operator.py
[2024-04-06T09:47:28.555+0000] {processor.py:743} INFO - Processing file /home/airflow/.local/lib/python3.7/site-packages/airflow/example_dags/example_branch_operator.py for tasks to queue
[2024-04-06T09:47:28.555+0000] {logging_mixin.py:137} INFO - [2024-04-06T09:47:28.555+0000] {dagbag.py:538} INFO - Filling up the DagBag from /home/airflow/.local/lib/python3.7/site-packages/airflow/example_dags/example_branch_operator.py
[2024-04-06T09:47:28.568+0000] {processor.py:753} INFO - DAG(s) dict_keys(['example_branch_operator']) retrieved from /home/airflow/.local/lib/python3.7/site-packages/airflow/example_dags/example_branch_operator.py
[2024-04-06T09:47:28.590+0000] {logging_mixin.py:137} INFO - [2024-04-06T09:47:28.590+0000] {dag.py:2690} INFO - Sync 1 DAGs
[2024-04-06T09:47:28.612+0000] {logging_mixin.py:137} INFO - [2024-04-06T09:47:28.612+0000] {dag.py:3441} INFO - Setting next_dagrun for example_branch_operator to 2024-04-05T00:00:00+00:00, run_after=2024-04-06T00:00:00+00:00
[2024-04-06T09:47:28.629+0000] {processor.py:175} INFO - Processing /home/airflow/.local/lib/python3.7/site-packages/airflow/example_dags/example_branch_operator.py took 0.077 seconds
[2024-04-06T09:47:58.722+0000] {processor.py:153} INFO - Started process (PID=1822) to work on /home/airflow/.local/lib/python3.7/site-packages/airflow/example_dags/example_branch_operator.py
[2024-04-06T09:47:58.723+0000] {processor.py:743} INFO - Processing file /home/airflow/.local/lib/python3.7/site-packages/airflow/example_dags/example_branch_operator.py for tasks to queue
[2024-04-06T09:47:58.723+0000] {logging_mixin.py:137} INFO - [2024-04-06T09:47:58.723+0000] {dagbag.py:538} INFO - Filling up the DagBag from /home/airflow/.local/lib/python3.7/site-packages/airflow/example_dags/example_branch_operator.py
[2024-04-06T09:47:58.737+0000] {processor.py:753} INFO - DAG(s) dict_keys(['example_branch_operator']) retrieved from /home/airflow/.local/lib/python3.7/site-packages/airflow/example_dags/example_branch_operator.py
[2024-04-06T09:47:58.759+0000] {logging_mixin.py:137} INFO - [2024-04-06T09:47:58.758+0000] {dag.py:2690} INFO - Sync 1 DAGs
[2024-04-06T09:47:58.781+0000] {logging_mixin.py:137} INFO - [2024-04-06T09:47:58.781+0000] {dag.py:3441} INFO - Setting next_dagrun for example_branch_operator to 2024-04-05T00:00:00+00:00, run_after=2024-04-06T00:00:00+00:00
[2024-04-06T09:47:58.799+0000] {processor.py:175} INFO - Processing /home/airflow/.local/lib/python3.7/site-packages/airflow/example_dags/example_branch_operator.py took 0.079 seconds
[2024-04-06T09:48:29.172+0000] {processor.py:153} INFO - Started process (PID=1910) to work on /home/airflow/.local/lib/python3.7/site-packages/airflow/example_dags/example_branch_operator.py
[2024-04-06T09:48:29.172+0000] {processor.py:743} INFO - Processing file /home/airflow/.local/lib/python3.7/site-packages/airflow/example_dags/example_branch_operator.py for tasks to queue
[2024-04-06T09:48:29.173+0000] {logging_mixin.py:137} INFO - [2024-04-06T09:48:29.173+0000] {dagbag.py:538} INFO - Filling up the DagBag from /home/airflow/.local/lib/python3.7/site-packages/airflow/example_dags/example_branch_operator.py
[2024-04-06T09:48:29.190+0000] {processor.py:753} INFO - DAG(s) dict_keys(['example_branch_operator']) retrieved from /home/airflow/.local/lib/python3.7/site-packages/airflow/example_dags/example_branch_operator.py
[2024-04-06T09:48:29.214+0000] {logging_mixin.py:137} INFO - [2024-04-06T09:48:29.214+0000] {dag.py:2690} INFO - Sync 1 DAGs
[2024-04-06T09:48:29.239+0000] {logging_mixin.py:137} INFO - [2024-04-06T09:48:29.239+0000] {dag.py:3441} INFO - Setting next_dagrun for example_branch_operator to 2024-04-05T00:00:00+00:00, run_after=2024-04-06T00:00:00+00:00
[2024-04-06T09:48:29.256+0000] {processor.py:175} INFO - Processing /home/airflow/.local/lib/python3.7/site-packages/airflow/example_dags/example_branch_operator.py took 0.087 seconds
[2024-04-06T09:48:59.956+0000] {processor.py:153} INFO - Started process (PID=1982) to work on /home/airflow/.local/lib/python3.7/site-packages/airflow/example_dags/example_branch_operator.py
[2024-04-06T09:48:59.959+0000] {processor.py:743} INFO - Processing file /home/airflow/.local/lib/python3.7/site-packages/airflow/example_dags/example_branch_operator.py for tasks to queue
[2024-04-06T09:48:59.960+0000] {logging_mixin.py:137} INFO - [2024-04-06T09:48:59.960+0000] {dagbag.py:538} INFO - Filling up the DagBag from /home/airflow/.local/lib/python3.7/site-packages/airflow/example_dags/example_branch_operator.py
[2024-04-06T09:48:59.990+0000] {processor.py:753} INFO - DAG(s) dict_keys(['example_branch_operator']) retrieved from /home/airflow/.local/lib/python3.7/site-packages/airflow/example_dags/example_branch_operator.py
[2024-04-06T09:49:00.031+0000] {logging_mixin.py:137} INFO - [2024-04-06T09:49:00.031+0000] {dag.py:2690} INFO - Sync 1 DAGs
[2024-04-06T09:49:00.072+0000] {logging_mixin.py:137} INFO - [2024-04-06T09:49:00.072+0000] {dag.py:3441} INFO - Setting next_dagrun for example_branch_operator to 2024-04-05T00:00:00+00:00, run_after=2024-04-06T00:00:00+00:00
[2024-04-06T09:49:00.102+0000] {processor.py:175} INFO - Processing /home/airflow/.local/lib/python3.7/site-packages/airflow/example_dags/example_branch_operator.py took 0.150 seconds
[2024-04-06T09:50:14.591+0000] {processor.py:153} INFO - Started process (PID=73) to work on /home/airflow/.local/lib/python3.7/site-packages/airflow/example_dags/example_branch_operator.py
[2024-04-06T09:50:14.599+0000] {processor.py:743} INFO - Processing file /home/airflow/.local/lib/python3.7/site-packages/airflow/example_dags/example_branch_operator.py for tasks to queue
[2024-04-06T09:50:14.601+0000] {logging_mixin.py:137} INFO - [2024-04-06T09:50:14.600+0000] {dagbag.py:538} INFO - Filling up the DagBag from /home/airflow/.local/lib/python3.7/site-packages/airflow/example_dags/example_branch_operator.py
[2024-04-06T09:50:14.668+0000] {processor.py:753} INFO - DAG(s) dict_keys(['example_branch_operator']) retrieved from /home/airflow/.local/lib/python3.7/site-packages/airflow/example_dags/example_branch_operator.py
[2024-04-06T09:50:14.710+0000] {logging_mixin.py:137} INFO - [2024-04-06T09:50:14.709+0000] {dag.py:2690} INFO - Sync 1 DAGs
[2024-04-06T09:50:14.748+0000] {logging_mixin.py:137} INFO - [2024-04-06T09:50:14.748+0000] {dag.py:3441} INFO - Setting next_dagrun for example_branch_operator to 2024-04-05T00:00:00+00:00, run_after=2024-04-06T00:00:00+00:00
[2024-04-06T09:50:14.770+0000] {processor.py:175} INFO - Processing /home/airflow/.local/lib/python3.7/site-packages/airflow/example_dags/example_branch_operator.py took 0.185 seconds
[2024-04-06T09:50:45.770+0000] {processor.py:153} INFO - Started process (PID=136) to work on /home/airflow/.local/lib/python3.7/site-packages/airflow/example_dags/example_branch_operator.py
[2024-04-06T09:50:45.770+0000] {processor.py:743} INFO - Processing file /home/airflow/.local/lib/python3.7/site-packages/airflow/example_dags/example_branch_operator.py for tasks to queue
[2024-04-06T09:50:45.771+0000] {logging_mixin.py:137} INFO - [2024-04-06T09:50:45.771+0000] {dagbag.py:538} INFO - Filling up the DagBag from /home/airflow/.local/lib/python3.7/site-packages/airflow/example_dags/example_branch_operator.py
[2024-04-06T09:50:45.793+0000] {processor.py:753} INFO - DAG(s) dict_keys(['example_branch_operator']) retrieved from /home/airflow/.local/lib/python3.7/site-packages/airflow/example_dags/example_branch_operator.py
[2024-04-06T09:50:45.829+0000] {logging_mixin.py:137} INFO - [2024-04-06T09:50:45.829+0000] {dag.py:2690} INFO - Sync 1 DAGs
[2024-04-06T09:50:45.872+0000] {logging_mixin.py:137} INFO - [2024-04-06T09:50:45.872+0000] {dag.py:3441} INFO - Setting next_dagrun for example_branch_operator to 2024-04-05T00:00:00+00:00, run_after=2024-04-06T00:00:00+00:00
[2024-04-06T09:50:45.903+0000] {processor.py:175} INFO - Processing /home/airflow/.local/lib/python3.7/site-packages/airflow/example_dags/example_branch_operator.py took 0.136 seconds
[2024-04-06T09:51:16.525+0000] {processor.py:153} INFO - Started process (PID=225) to work on /home/airflow/.local/lib/python3.7/site-packages/airflow/example_dags/example_branch_operator.py
[2024-04-06T09:51:16.526+0000] {processor.py:743} INFO - Processing file /home/airflow/.local/lib/python3.7/site-packages/airflow/example_dags/example_branch_operator.py for tasks to queue
[2024-04-06T09:51:16.526+0000] {logging_mixin.py:137} INFO - [2024-04-06T09:51:16.526+0000] {dagbag.py:538} INFO - Filling up the DagBag from /home/airflow/.local/lib/python3.7/site-packages/airflow/example_dags/example_branch_operator.py
[2024-04-06T09:51:16.545+0000] {processor.py:753} INFO - DAG(s) dict_keys(['example_branch_operator']) retrieved from /home/airflow/.local/lib/python3.7/site-packages/airflow/example_dags/example_branch_operator.py
[2024-04-06T09:51:16.575+0000] {logging_mixin.py:137} INFO - [2024-04-06T09:51:16.575+0000] {dag.py:2690} INFO - Sync 1 DAGs
[2024-04-06T09:51:16.601+0000] {logging_mixin.py:137} INFO - [2024-04-06T09:51:16.601+0000] {dag.py:3441} INFO - Setting next_dagrun for example_branch_operator to 2024-04-05T00:00:00+00:00, run_after=2024-04-06T00:00:00+00:00
[2024-04-06T09:51:16.618+0000] {processor.py:175} INFO - Processing /home/airflow/.local/lib/python3.7/site-packages/airflow/example_dags/example_branch_operator.py took 0.095 seconds
[2024-04-06T09:58:25.221+0000] {processor.py:153} INFO - Started process (PID=81) to work on /home/airflow/.local/lib/python3.7/site-packages/airflow/example_dags/example_branch_operator.py
[2024-04-06T09:58:25.223+0000] {processor.py:743} INFO - Processing file /home/airflow/.local/lib/python3.7/site-packages/airflow/example_dags/example_branch_operator.py for tasks to queue
[2024-04-06T09:58:25.224+0000] {logging_mixin.py:137} INFO - [2024-04-06T09:58:25.223+0000] {dagbag.py:538} INFO - Filling up the DagBag from /home/airflow/.local/lib/python3.7/site-packages/airflow/example_dags/example_branch_operator.py
[2024-04-06T09:58:25.251+0000] {processor.py:753} INFO - DAG(s) dict_keys(['example_branch_operator']) retrieved from /home/airflow/.local/lib/python3.7/site-packages/airflow/example_dags/example_branch_operator.py
[2024-04-06T09:58:25.267+0000] {logging_mixin.py:137} INFO - [2024-04-06T09:58:25.267+0000] {dag.py:2690} INFO - Sync 1 DAGs
[2024-04-06T09:58:25.323+0000] {logging_mixin.py:137} INFO - [2024-04-06T09:58:25.322+0000] {dag.py:3441} INFO - Setting next_dagrun for example_branch_operator to 2024-04-05T00:00:00+00:00, run_after=2024-04-06T00:00:00+00:00
[2024-04-06T09:58:25.383+0000] {processor.py:175} INFO - Processing /home/airflow/.local/lib/python3.7/site-packages/airflow/example_dags/example_branch_operator.py took 0.165 seconds
[2024-04-06T09:58:56.109+0000] {processor.py:153} INFO - Started process (PID=153) to work on /home/airflow/.local/lib/python3.7/site-packages/airflow/example_dags/example_branch_operator.py
[2024-04-06T09:58:56.110+0000] {processor.py:743} INFO - Processing file /home/airflow/.local/lib/python3.7/site-packages/airflow/example_dags/example_branch_operator.py for tasks to queue
[2024-04-06T09:58:56.111+0000] {logging_mixin.py:137} INFO - [2024-04-06T09:58:56.111+0000] {dagbag.py:538} INFO - Filling up the DagBag from /home/airflow/.local/lib/python3.7/site-packages/airflow/example_dags/example_branch_operator.py
[2024-04-06T09:58:56.127+0000] {processor.py:753} INFO - DAG(s) dict_keys(['example_branch_operator']) retrieved from /home/airflow/.local/lib/python3.7/site-packages/airflow/example_dags/example_branch_operator.py
[2024-04-06T09:58:56.140+0000] {logging_mixin.py:137} INFO - [2024-04-06T09:58:56.140+0000] {dag.py:2690} INFO - Sync 1 DAGs
[2024-04-06T09:58:56.182+0000] {logging_mixin.py:137} INFO - [2024-04-06T09:58:56.182+0000] {dag.py:3441} INFO - Setting next_dagrun for example_branch_operator to 2024-04-05T00:00:00+00:00, run_after=2024-04-06T00:00:00+00:00
[2024-04-06T09:58:56.205+0000] {processor.py:175} INFO - Processing /home/airflow/.local/lib/python3.7/site-packages/airflow/example_dags/example_branch_operator.py took 0.099 seconds
[2024-04-06T09:59:26.904+0000] {processor.py:153} INFO - Started process (PID=226) to work on /home/airflow/.local/lib/python3.7/site-packages/airflow/example_dags/example_branch_operator.py
[2024-04-06T09:59:26.905+0000] {processor.py:743} INFO - Processing file /home/airflow/.local/lib/python3.7/site-packages/airflow/example_dags/example_branch_operator.py for tasks to queue
[2024-04-06T09:59:26.905+0000] {logging_mixin.py:137} INFO - [2024-04-06T09:59:26.905+0000] {dagbag.py:538} INFO - Filling up the DagBag from /home/airflow/.local/lib/python3.7/site-packages/airflow/example_dags/example_branch_operator.py
[2024-04-06T09:59:26.926+0000] {processor.py:753} INFO - DAG(s) dict_keys(['example_branch_operator']) retrieved from /home/airflow/.local/lib/python3.7/site-packages/airflow/example_dags/example_branch_operator.py
[2024-04-06T09:59:26.963+0000] {logging_mixin.py:137} INFO - [2024-04-06T09:59:26.963+0000] {dag.py:2690} INFO - Sync 1 DAGs
[2024-04-06T09:59:27.006+0000] {logging_mixin.py:137} INFO - [2024-04-06T09:59:27.005+0000] {dag.py:3441} INFO - Setting next_dagrun for example_branch_operator to 2024-04-05T00:00:00+00:00, run_after=2024-04-06T00:00:00+00:00
[2024-04-06T09:59:27.034+0000] {processor.py:175} INFO - Processing /home/airflow/.local/lib/python3.7/site-packages/airflow/example_dags/example_branch_operator.py took 0.133 seconds
[2024-04-06T09:59:57.857+0000] {processor.py:153} INFO - Started process (PID=297) to work on /home/airflow/.local/lib/python3.7/site-packages/airflow/example_dags/example_branch_operator.py
[2024-04-06T09:59:57.859+0000] {processor.py:743} INFO - Processing file /home/airflow/.local/lib/python3.7/site-packages/airflow/example_dags/example_branch_operator.py for tasks to queue
[2024-04-06T09:59:57.861+0000] {logging_mixin.py:137} INFO - [2024-04-06T09:59:57.860+0000] {dagbag.py:538} INFO - Filling up the DagBag from /home/airflow/.local/lib/python3.7/site-packages/airflow/example_dags/example_branch_operator.py
[2024-04-06T09:59:57.892+0000] {processor.py:753} INFO - DAG(s) dict_keys(['example_branch_operator']) retrieved from /home/airflow/.local/lib/python3.7/site-packages/airflow/example_dags/example_branch_operator.py
[2024-04-06T09:59:57.932+0000] {logging_mixin.py:137} INFO - [2024-04-06T09:59:57.932+0000] {dag.py:2690} INFO - Sync 1 DAGs
[2024-04-06T09:59:57.980+0000] {logging_mixin.py:137} INFO - [2024-04-06T09:59:57.980+0000] {dag.py:3441} INFO - Setting next_dagrun for example_branch_operator to 2024-04-05T00:00:00+00:00, run_after=2024-04-06T00:00:00+00:00
[2024-04-06T09:59:58.010+0000] {processor.py:175} INFO - Processing /home/airflow/.local/lib/python3.7/site-packages/airflow/example_dags/example_branch_operator.py took 0.158 seconds
[2024-04-06T10:00:28.120+0000] {processor.py:153} INFO - Started process (PID=369) to work on /home/airflow/.local/lib/python3.7/site-packages/airflow/example_dags/example_branch_operator.py
[2024-04-06T10:00:28.121+0000] {processor.py:743} INFO - Processing file /home/airflow/.local/lib/python3.7/site-packages/airflow/example_dags/example_branch_operator.py for tasks to queue
[2024-04-06T10:00:28.122+0000] {logging_mixin.py:137} INFO - [2024-04-06T10:00:28.122+0000] {dagbag.py:538} INFO - Filling up the DagBag from /home/airflow/.local/lib/python3.7/site-packages/airflow/example_dags/example_branch_operator.py
[2024-04-06T10:00:28.144+0000] {processor.py:753} INFO - DAG(s) dict_keys(['example_branch_operator']) retrieved from /home/airflow/.local/lib/python3.7/site-packages/airflow/example_dags/example_branch_operator.py
[2024-04-06T10:00:28.176+0000] {logging_mixin.py:137} INFO - [2024-04-06T10:00:28.176+0000] {dag.py:2690} INFO - Sync 1 DAGs
[2024-04-06T10:00:28.206+0000] {logging_mixin.py:137} INFO - [2024-04-06T10:00:28.205+0000] {dag.py:3441} INFO - Setting next_dagrun for example_branch_operator to 2024-04-05T00:00:00+00:00, run_after=2024-04-06T00:00:00+00:00
[2024-04-06T10:00:28.225+0000] {processor.py:175} INFO - Processing /home/airflow/.local/lib/python3.7/site-packages/airflow/example_dags/example_branch_operator.py took 0.107 seconds
[2024-04-06T10:00:58.673+0000] {processor.py:153} INFO - Started process (PID=457) to work on /home/airflow/.local/lib/python3.7/site-packages/airflow/example_dags/example_branch_operator.py
[2024-04-06T10:00:58.673+0000] {processor.py:743} INFO - Processing file /home/airflow/.local/lib/python3.7/site-packages/airflow/example_dags/example_branch_operator.py for tasks to queue
[2024-04-06T10:00:58.674+0000] {logging_mixin.py:137} INFO - [2024-04-06T10:00:58.674+0000] {dagbag.py:538} INFO - Filling up the DagBag from /home/airflow/.local/lib/python3.7/site-packages/airflow/example_dags/example_branch_operator.py
[2024-04-06T10:00:58.687+0000] {processor.py:753} INFO - DAG(s) dict_keys(['example_branch_operator']) retrieved from /home/airflow/.local/lib/python3.7/site-packages/airflow/example_dags/example_branch_operator.py
[2024-04-06T10:00:58.708+0000] {logging_mixin.py:137} INFO - [2024-04-06T10:00:58.708+0000] {dag.py:2690} INFO - Sync 1 DAGs
[2024-04-06T10:00:58.732+0000] {logging_mixin.py:137} INFO - [2024-04-06T10:00:58.732+0000] {dag.py:3441} INFO - Setting next_dagrun for example_branch_operator to 2024-04-05T00:00:00+00:00, run_after=2024-04-06T00:00:00+00:00
[2024-04-06T10:00:58.749+0000] {processor.py:175} INFO - Processing /home/airflow/.local/lib/python3.7/site-packages/airflow/example_dags/example_branch_operator.py took 0.079 seconds
[2024-04-06T10:01:29.049+0000] {processor.py:153} INFO - Started process (PID=529) to work on /home/airflow/.local/lib/python3.7/site-packages/airflow/example_dags/example_branch_operator.py
[2024-04-06T10:01:29.049+0000] {processor.py:743} INFO - Processing file /home/airflow/.local/lib/python3.7/site-packages/airflow/example_dags/example_branch_operator.py for tasks to queue
[2024-04-06T10:01:29.050+0000] {logging_mixin.py:137} INFO - [2024-04-06T10:01:29.050+0000] {dagbag.py:538} INFO - Filling up the DagBag from /home/airflow/.local/lib/python3.7/site-packages/airflow/example_dags/example_branch_operator.py
[2024-04-06T10:01:29.065+0000] {processor.py:753} INFO - DAG(s) dict_keys(['example_branch_operator']) retrieved from /home/airflow/.local/lib/python3.7/site-packages/airflow/example_dags/example_branch_operator.py
[2024-04-06T10:01:29.088+0000] {logging_mixin.py:137} INFO - [2024-04-06T10:01:29.088+0000] {dag.py:2690} INFO - Sync 1 DAGs
[2024-04-06T10:01:29.116+0000] {logging_mixin.py:137} INFO - [2024-04-06T10:01:29.116+0000] {dag.py:3441} INFO - Setting next_dagrun for example_branch_operator to 2024-04-05T00:00:00+00:00, run_after=2024-04-06T00:00:00+00:00
[2024-04-06T10:01:29.134+0000] {processor.py:175} INFO - Processing /home/airflow/.local/lib/python3.7/site-packages/airflow/example_dags/example_branch_operator.py took 0.088 seconds
[2024-04-06T10:01:59.411+0000] {processor.py:153} INFO - Started process (PID=617) to work on /home/airflow/.local/lib/python3.7/site-packages/airflow/example_dags/example_branch_operator.py
[2024-04-06T10:01:59.411+0000] {processor.py:743} INFO - Processing file /home/airflow/.local/lib/python3.7/site-packages/airflow/example_dags/example_branch_operator.py for tasks to queue
[2024-04-06T10:01:59.412+0000] {logging_mixin.py:137} INFO - [2024-04-06T10:01:59.411+0000] {dagbag.py:538} INFO - Filling up the DagBag from /home/airflow/.local/lib/python3.7/site-packages/airflow/example_dags/example_branch_operator.py
[2024-04-06T10:01:59.424+0000] {processor.py:753} INFO - DAG(s) dict_keys(['example_branch_operator']) retrieved from /home/airflow/.local/lib/python3.7/site-packages/airflow/example_dags/example_branch_operator.py
[2024-04-06T10:01:59.445+0000] {logging_mixin.py:137} INFO - [2024-04-06T10:01:59.445+0000] {dag.py:2690} INFO - Sync 1 DAGs
[2024-04-06T10:01:59.467+0000] {logging_mixin.py:137} INFO - [2024-04-06T10:01:59.467+0000] {dag.py:3441} INFO - Setting next_dagrun for example_branch_operator to 2024-04-05T00:00:00+00:00, run_after=2024-04-06T00:00:00+00:00
[2024-04-06T10:01:59.483+0000] {processor.py:175} INFO - Processing /home/airflow/.local/lib/python3.7/site-packages/airflow/example_dags/example_branch_operator.py took 0.075 seconds
[2024-04-06T10:02:29.968+0000] {processor.py:153} INFO - Started process (PID=698) to work on /home/airflow/.local/lib/python3.7/site-packages/airflow/example_dags/example_branch_operator.py
[2024-04-06T10:02:29.969+0000] {processor.py:743} INFO - Processing file /home/airflow/.local/lib/python3.7/site-packages/airflow/example_dags/example_branch_operator.py for tasks to queue
[2024-04-06T10:02:29.970+0000] {logging_mixin.py:137} INFO - [2024-04-06T10:02:29.970+0000] {dagbag.py:538} INFO - Filling up the DagBag from /home/airflow/.local/lib/python3.7/site-packages/airflow/example_dags/example_branch_operator.py
[2024-04-06T10:02:29.986+0000] {processor.py:753} INFO - DAG(s) dict_keys(['example_branch_operator']) retrieved from /home/airflow/.local/lib/python3.7/site-packages/airflow/example_dags/example_branch_operator.py
[2024-04-06T10:02:30.014+0000] {logging_mixin.py:137} INFO - [2024-04-06T10:02:30.014+0000] {dag.py:2690} INFO - Sync 1 DAGs
[2024-04-06T10:02:30.048+0000] {logging_mixin.py:137} INFO - [2024-04-06T10:02:30.048+0000] {dag.py:3441} INFO - Setting next_dagrun for example_branch_operator to 2024-04-05T00:00:00+00:00, run_after=2024-04-06T00:00:00+00:00
[2024-04-06T10:02:30.071+0000] {processor.py:175} INFO - Processing /home/airflow/.local/lib/python3.7/site-packages/airflow/example_dags/example_branch_operator.py took 0.105 seconds
[2024-04-06T10:03:00.466+0000] {processor.py:153} INFO - Started process (PID=777) to work on /home/airflow/.local/lib/python3.7/site-packages/airflow/example_dags/example_branch_operator.py
[2024-04-06T10:03:00.467+0000] {processor.py:743} INFO - Processing file /home/airflow/.local/lib/python3.7/site-packages/airflow/example_dags/example_branch_operator.py for tasks to queue
[2024-04-06T10:03:00.467+0000] {logging_mixin.py:137} INFO - [2024-04-06T10:03:00.467+0000] {dagbag.py:538} INFO - Filling up the DagBag from /home/airflow/.local/lib/python3.7/site-packages/airflow/example_dags/example_branch_operator.py
[2024-04-06T10:03:00.479+0000] {processor.py:753} INFO - DAG(s) dict_keys(['example_branch_operator']) retrieved from /home/airflow/.local/lib/python3.7/site-packages/airflow/example_dags/example_branch_operator.py
[2024-04-06T10:03:00.500+0000] {logging_mixin.py:137} INFO - [2024-04-06T10:03:00.500+0000] {dag.py:2690} INFO - Sync 1 DAGs
[2024-04-06T10:03:00.521+0000] {logging_mixin.py:137} INFO - [2024-04-06T10:03:00.521+0000] {dag.py:3441} INFO - Setting next_dagrun for example_branch_operator to 2024-04-05T00:00:00+00:00, run_after=2024-04-06T00:00:00+00:00
[2024-04-06T10:03:00.538+0000] {processor.py:175} INFO - Processing /home/airflow/.local/lib/python3.7/site-packages/airflow/example_dags/example_branch_operator.py took 0.074 seconds
[2024-04-06T10:03:30.818+0000] {processor.py:153} INFO - Started process (PID=866) to work on /home/airflow/.local/lib/python3.7/site-packages/airflow/example_dags/example_branch_operator.py
[2024-04-06T10:03:30.819+0000] {processor.py:743} INFO - Processing file /home/airflow/.local/lib/python3.7/site-packages/airflow/example_dags/example_branch_operator.py for tasks to queue
[2024-04-06T10:03:30.819+0000] {logging_mixin.py:137} INFO - [2024-04-06T10:03:30.819+0000] {dagbag.py:538} INFO - Filling up the DagBag from /home/airflow/.local/lib/python3.7/site-packages/airflow/example_dags/example_branch_operator.py
[2024-04-06T10:03:30.834+0000] {processor.py:753} INFO - DAG(s) dict_keys(['example_branch_operator']) retrieved from /home/airflow/.local/lib/python3.7/site-packages/airflow/example_dags/example_branch_operator.py
[2024-04-06T10:03:30.858+0000] {logging_mixin.py:137} INFO - [2024-04-06T10:03:30.858+0000] {dag.py:2690} INFO - Sync 1 DAGs
[2024-04-06T10:03:30.883+0000] {logging_mixin.py:137} INFO - [2024-04-06T10:03:30.883+0000] {dag.py:3441} INFO - Setting next_dagrun for example_branch_operator to 2024-04-05T00:00:00+00:00, run_after=2024-04-06T00:00:00+00:00
[2024-04-06T10:03:30.901+0000] {processor.py:175} INFO - Processing /home/airflow/.local/lib/python3.7/site-packages/airflow/example_dags/example_branch_operator.py took 0.086 seconds
[2024-04-06T10:04:01.467+0000] {processor.py:153} INFO - Started process (PID=937) to work on /home/airflow/.local/lib/python3.7/site-packages/airflow/example_dags/example_branch_operator.py
[2024-04-06T10:04:01.468+0000] {processor.py:743} INFO - Processing file /home/airflow/.local/lib/python3.7/site-packages/airflow/example_dags/example_branch_operator.py for tasks to queue
[2024-04-06T10:04:01.469+0000] {logging_mixin.py:137} INFO - [2024-04-06T10:04:01.469+0000] {dagbag.py:538} INFO - Filling up the DagBag from /home/airflow/.local/lib/python3.7/site-packages/airflow/example_dags/example_branch_operator.py
[2024-04-06T10:04:01.487+0000] {processor.py:753} INFO - DAG(s) dict_keys(['example_branch_operator']) retrieved from /home/airflow/.local/lib/python3.7/site-packages/airflow/example_dags/example_branch_operator.py
[2024-04-06T10:04:01.517+0000] {logging_mixin.py:137} INFO - [2024-04-06T10:04:01.517+0000] {dag.py:2690} INFO - Sync 1 DAGs
[2024-04-06T10:04:01.546+0000] {logging_mixin.py:137} INFO - [2024-04-06T10:04:01.546+0000] {dag.py:3441} INFO - Setting next_dagrun for example_branch_operator to 2024-04-05T00:00:00+00:00, run_after=2024-04-06T00:00:00+00:00
[2024-04-06T10:04:01.565+0000] {processor.py:175} INFO - Processing /home/airflow/.local/lib/python3.7/site-packages/airflow/example_dags/example_branch_operator.py took 0.100 seconds
[2024-04-06T10:04:32.010+0000] {processor.py:153} INFO - Started process (PID=1025) to work on /home/airflow/.local/lib/python3.7/site-packages/airflow/example_dags/example_branch_operator.py
[2024-04-06T10:04:32.011+0000] {processor.py:743} INFO - Processing file /home/airflow/.local/lib/python3.7/site-packages/airflow/example_dags/example_branch_operator.py for tasks to queue
[2024-04-06T10:04:32.012+0000] {logging_mixin.py:137} INFO - [2024-04-06T10:04:32.011+0000] {dagbag.py:538} INFO - Filling up the DagBag from /home/airflow/.local/lib/python3.7/site-packages/airflow/example_dags/example_branch_operator.py
[2024-04-06T10:04:32.028+0000] {processor.py:753} INFO - DAG(s) dict_keys(['example_branch_operator']) retrieved from /home/airflow/.local/lib/python3.7/site-packages/airflow/example_dags/example_branch_operator.py
[2024-04-06T10:04:32.051+0000] {logging_mixin.py:137} INFO - [2024-04-06T10:04:32.051+0000] {dag.py:2690} INFO - Sync 1 DAGs
[2024-04-06T10:04:32.077+0000] {logging_mixin.py:137} INFO - [2024-04-06T10:04:32.076+0000] {dag.py:3441} INFO - Setting next_dagrun for example_branch_operator to 2024-04-05T00:00:00+00:00, run_after=2024-04-06T00:00:00+00:00
[2024-04-06T10:04:32.093+0000] {processor.py:175} INFO - Processing /home/airflow/.local/lib/python3.7/site-packages/airflow/example_dags/example_branch_operator.py took 0.085 seconds
[2024-04-06T10:05:02.904+0000] {processor.py:153} INFO - Started process (PID=1097) to work on /home/airflow/.local/lib/python3.7/site-packages/airflow/example_dags/example_branch_operator.py
[2024-04-06T10:05:02.905+0000] {processor.py:743} INFO - Processing file /home/airflow/.local/lib/python3.7/site-packages/airflow/example_dags/example_branch_operator.py for tasks to queue
[2024-04-06T10:05:02.906+0000] {logging_mixin.py:137} INFO - [2024-04-06T10:05:02.906+0000] {dagbag.py:538} INFO - Filling up the DagBag from /home/airflow/.local/lib/python3.7/site-packages/airflow/example_dags/example_branch_operator.py
[2024-04-06T10:05:02.927+0000] {processor.py:753} INFO - DAG(s) dict_keys(['example_branch_operator']) retrieved from /home/airflow/.local/lib/python3.7/site-packages/airflow/example_dags/example_branch_operator.py
[2024-04-06T10:05:02.956+0000] {logging_mixin.py:137} INFO - [2024-04-06T10:05:02.955+0000] {dag.py:2690} INFO - Sync 1 DAGs
[2024-04-06T10:05:02.985+0000] {logging_mixin.py:137} INFO - [2024-04-06T10:05:02.984+0000] {dag.py:3441} INFO - Setting next_dagrun for example_branch_operator to 2024-04-05T00:00:00+00:00, run_after=2024-04-06T00:00:00+00:00
[2024-04-06T10:05:03.005+0000] {processor.py:175} INFO - Processing /home/airflow/.local/lib/python3.7/site-packages/airflow/example_dags/example_branch_operator.py took 0.103 seconds
[2024-04-06T10:05:33.843+0000] {processor.py:153} INFO - Started process (PID=1185) to work on /home/airflow/.local/lib/python3.7/site-packages/airflow/example_dags/example_branch_operator.py
[2024-04-06T10:05:33.844+0000] {processor.py:743} INFO - Processing file /home/airflow/.local/lib/python3.7/site-packages/airflow/example_dags/example_branch_operator.py for tasks to queue
[2024-04-06T10:05:33.844+0000] {logging_mixin.py:137} INFO - [2024-04-06T10:05:33.844+0000] {dagbag.py:538} INFO - Filling up the DagBag from /home/airflow/.local/lib/python3.7/site-packages/airflow/example_dags/example_branch_operator.py
[2024-04-06T10:05:33.860+0000] {processor.py:753} INFO - DAG(s) dict_keys(['example_branch_operator']) retrieved from /home/airflow/.local/lib/python3.7/site-packages/airflow/example_dags/example_branch_operator.py
[2024-04-06T10:05:33.890+0000] {logging_mixin.py:137} INFO - [2024-04-06T10:05:33.890+0000] {dag.py:2690} INFO - Sync 1 DAGs
[2024-04-06T10:05:33.917+0000] {logging_mixin.py:137} INFO - [2024-04-06T10:05:33.917+0000] {dag.py:3441} INFO - Setting next_dagrun for example_branch_operator to 2024-04-05T00:00:00+00:00, run_after=2024-04-06T00:00:00+00:00
[2024-04-06T10:05:33.936+0000] {processor.py:175} INFO - Processing /home/airflow/.local/lib/python3.7/site-packages/airflow/example_dags/example_branch_operator.py took 0.096 seconds
[2024-04-06T10:06:06.289+0000] {processor.py:153} INFO - Started process (PID=1257) to work on /home/airflow/.local/lib/python3.7/site-packages/airflow/example_dags/example_branch_operator.py
[2024-04-06T10:06:06.291+0000] {processor.py:743} INFO - Processing file /home/airflow/.local/lib/python3.7/site-packages/airflow/example_dags/example_branch_operator.py for tasks to queue
[2024-04-06T10:06:06.292+0000] {logging_mixin.py:137} INFO - [2024-04-06T10:06:06.292+0000] {dagbag.py:538} INFO - Filling up the DagBag from /home/airflow/.local/lib/python3.7/site-packages/airflow/example_dags/example_branch_operator.py
[2024-04-06T10:06:06.329+0000] {processor.py:753} INFO - DAG(s) dict_keys(['example_branch_operator']) retrieved from /home/airflow/.local/lib/python3.7/site-packages/airflow/example_dags/example_branch_operator.py
[2024-04-06T10:06:06.377+0000] {logging_mixin.py:137} INFO - [2024-04-06T10:06:06.377+0000] {dag.py:2690} INFO - Sync 1 DAGs
[2024-04-06T10:06:06.429+0000] {logging_mixin.py:137} INFO - [2024-04-06T10:06:06.428+0000] {dag.py:3441} INFO - Setting next_dagrun for example_branch_operator to 2024-04-05T00:00:00+00:00, run_after=2024-04-06T00:00:00+00:00
[2024-04-06T10:06:06.463+0000] {processor.py:175} INFO - Processing /home/airflow/.local/lib/python3.7/site-packages/airflow/example_dags/example_branch_operator.py took 0.179 seconds
[2024-04-06T10:06:36.792+0000] {processor.py:153} INFO - Started process (PID=1337) to work on /home/airflow/.local/lib/python3.7/site-packages/airflow/example_dags/example_branch_operator.py
[2024-04-06T10:06:36.793+0000] {processor.py:743} INFO - Processing file /home/airflow/.local/lib/python3.7/site-packages/airflow/example_dags/example_branch_operator.py for tasks to queue
[2024-04-06T10:06:36.794+0000] {logging_mixin.py:137} INFO - [2024-04-06T10:06:36.794+0000] {dagbag.py:538} INFO - Filling up the DagBag from /home/airflow/.local/lib/python3.7/site-packages/airflow/example_dags/example_branch_operator.py
[2024-04-06T10:06:36.832+0000] {processor.py:753} INFO - DAG(s) dict_keys(['example_branch_operator']) retrieved from /home/airflow/.local/lib/python3.7/site-packages/airflow/example_dags/example_branch_operator.py
[2024-04-06T10:06:36.896+0000] {logging_mixin.py:137} INFO - [2024-04-06T10:06:36.896+0000] {dag.py:2690} INFO - Sync 1 DAGs
[2024-04-06T10:06:36.981+0000] {logging_mixin.py:137} INFO - [2024-04-06T10:06:36.981+0000] {dag.py:3441} INFO - Setting next_dagrun for example_branch_operator to 2024-04-05T00:00:00+00:00, run_after=2024-04-06T00:00:00+00:00
[2024-04-06T10:06:37.034+0000] {processor.py:175} INFO - Processing /home/airflow/.local/lib/python3.7/site-packages/airflow/example_dags/example_branch_operator.py took 0.247 seconds
[2024-04-06T10:07:07.274+0000] {processor.py:153} INFO - Started process (PID=1410) to work on /home/airflow/.local/lib/python3.7/site-packages/airflow/example_dags/example_branch_operator.py
[2024-04-06T10:07:07.276+0000] {processor.py:743} INFO - Processing file /home/airflow/.local/lib/python3.7/site-packages/airflow/example_dags/example_branch_operator.py for tasks to queue
[2024-04-06T10:07:07.278+0000] {logging_mixin.py:137} INFO - [2024-04-06T10:07:07.277+0000] {dagbag.py:538} INFO - Filling up the DagBag from /home/airflow/.local/lib/python3.7/site-packages/airflow/example_dags/example_branch_operator.py
[2024-04-06T10:07:07.310+0000] {processor.py:753} INFO - DAG(s) dict_keys(['example_branch_operator']) retrieved from /home/airflow/.local/lib/python3.7/site-packages/airflow/example_dags/example_branch_operator.py
[2024-04-06T10:07:07.366+0000] {logging_mixin.py:137} INFO - [2024-04-06T10:07:07.366+0000] {dag.py:2690} INFO - Sync 1 DAGs
[2024-04-06T10:07:07.419+0000] {logging_mixin.py:137} INFO - [2024-04-06T10:07:07.419+0000] {dag.py:3441} INFO - Setting next_dagrun for example_branch_operator to 2024-04-05T00:00:00+00:00, run_after=2024-04-06T00:00:00+00:00
[2024-04-06T10:07:07.454+0000] {processor.py:175} INFO - Processing /home/airflow/.local/lib/python3.7/site-packages/airflow/example_dags/example_branch_operator.py took 0.185 seconds
[2024-04-06T10:07:38.126+0000] {processor.py:153} INFO - Started process (PID=1482) to work on /home/airflow/.local/lib/python3.7/site-packages/airflow/example_dags/example_branch_operator.py
[2024-04-06T10:07:38.127+0000] {processor.py:743} INFO - Processing file /home/airflow/.local/lib/python3.7/site-packages/airflow/example_dags/example_branch_operator.py for tasks to queue
[2024-04-06T10:07:38.128+0000] {logging_mixin.py:137} INFO - [2024-04-06T10:07:38.128+0000] {dagbag.py:538} INFO - Filling up the DagBag from /home/airflow/.local/lib/python3.7/site-packages/airflow/example_dags/example_branch_operator.py
[2024-04-06T10:07:38.163+0000] {processor.py:753} INFO - DAG(s) dict_keys(['example_branch_operator']) retrieved from /home/airflow/.local/lib/python3.7/site-packages/airflow/example_dags/example_branch_operator.py
[2024-04-06T10:07:38.234+0000] {logging_mixin.py:137} INFO - [2024-04-06T10:07:38.234+0000] {dag.py:2690} INFO - Sync 1 DAGs
[2024-04-06T10:07:38.316+0000] {logging_mixin.py:137} INFO - [2024-04-06T10:07:38.315+0000] {dag.py:3441} INFO - Setting next_dagrun for example_branch_operator to 2024-04-05T00:00:00+00:00, run_after=2024-04-06T00:00:00+00:00
[2024-04-06T10:07:38.370+0000] {processor.py:175} INFO - Processing /home/airflow/.local/lib/python3.7/site-packages/airflow/example_dags/example_branch_operator.py took 0.250 seconds
[2024-04-06T10:08:08.979+0000] {processor.py:153} INFO - Started process (PID=1561) to work on /home/airflow/.local/lib/python3.7/site-packages/airflow/example_dags/example_branch_operator.py
[2024-04-06T10:08:08.980+0000] {processor.py:743} INFO - Processing file /home/airflow/.local/lib/python3.7/site-packages/airflow/example_dags/example_branch_operator.py for tasks to queue
[2024-04-06T10:08:08.981+0000] {logging_mixin.py:137} INFO - [2024-04-06T10:08:08.981+0000] {dagbag.py:538} INFO - Filling up the DagBag from /home/airflow/.local/lib/python3.7/site-packages/airflow/example_dags/example_branch_operator.py
[2024-04-06T10:08:09.012+0000] {processor.py:753} INFO - DAG(s) dict_keys(['example_branch_operator']) retrieved from /home/airflow/.local/lib/python3.7/site-packages/airflow/example_dags/example_branch_operator.py
[2024-04-06T10:08:09.059+0000] {logging_mixin.py:137} INFO - [2024-04-06T10:08:09.059+0000] {dag.py:2690} INFO - Sync 1 DAGs
[2024-04-06T10:08:09.115+0000] {logging_mixin.py:137} INFO - [2024-04-06T10:08:09.115+0000] {dag.py:3441} INFO - Setting next_dagrun for example_branch_operator to 2024-04-05T00:00:00+00:00, run_after=2024-04-06T00:00:00+00:00
[2024-04-06T10:08:09.148+0000] {processor.py:175} INFO - Processing /home/airflow/.local/lib/python3.7/site-packages/airflow/example_dags/example_branch_operator.py took 0.174 seconds
[2024-04-06T10:08:39.519+0000] {processor.py:153} INFO - Started process (PID=1633) to work on /home/airflow/.local/lib/python3.7/site-packages/airflow/example_dags/example_branch_operator.py
[2024-04-06T10:08:39.520+0000] {processor.py:743} INFO - Processing file /home/airflow/.local/lib/python3.7/site-packages/airflow/example_dags/example_branch_operator.py for tasks to queue
[2024-04-06T10:08:39.521+0000] {logging_mixin.py:137} INFO - [2024-04-06T10:08:39.521+0000] {dagbag.py:538} INFO - Filling up the DagBag from /home/airflow/.local/lib/python3.7/site-packages/airflow/example_dags/example_branch_operator.py
[2024-04-06T10:08:39.553+0000] {processor.py:753} INFO - DAG(s) dict_keys(['example_branch_operator']) retrieved from /home/airflow/.local/lib/python3.7/site-packages/airflow/example_dags/example_branch_operator.py
[2024-04-06T10:08:39.602+0000] {logging_mixin.py:137} INFO - [2024-04-06T10:08:39.602+0000] {dag.py:2690} INFO - Sync 1 DAGs
[2024-04-06T10:08:39.656+0000] {logging_mixin.py:137} INFO - [2024-04-06T10:08:39.655+0000] {dag.py:3441} INFO - Setting next_dagrun for example_branch_operator to 2024-04-05T00:00:00+00:00, run_after=2024-04-06T00:00:00+00:00
[2024-04-06T10:08:39.693+0000] {processor.py:175} INFO - Processing /home/airflow/.local/lib/python3.7/site-packages/airflow/example_dags/example_branch_operator.py took 0.179 seconds
[2024-04-06T10:09:10.412+0000] {processor.py:153} INFO - Started process (PID=1705) to work on /home/airflow/.local/lib/python3.7/site-packages/airflow/example_dags/example_branch_operator.py
[2024-04-06T10:09:10.413+0000] {processor.py:743} INFO - Processing file /home/airflow/.local/lib/python3.7/site-packages/airflow/example_dags/example_branch_operator.py for tasks to queue
[2024-04-06T10:09:10.414+0000] {logging_mixin.py:137} INFO - [2024-04-06T10:09:10.414+0000] {dagbag.py:538} INFO - Filling up the DagBag from /home/airflow/.local/lib/python3.7/site-packages/airflow/example_dags/example_branch_operator.py
[2024-04-06T10:09:10.445+0000] {processor.py:753} INFO - DAG(s) dict_keys(['example_branch_operator']) retrieved from /home/airflow/.local/lib/python3.7/site-packages/airflow/example_dags/example_branch_operator.py
[2024-04-06T10:09:10.492+0000] {logging_mixin.py:137} INFO - [2024-04-06T10:09:10.492+0000] {dag.py:2690} INFO - Sync 1 DAGs
[2024-04-06T10:09:10.552+0000] {logging_mixin.py:137} INFO - [2024-04-06T10:09:10.551+0000] {dag.py:3441} INFO - Setting next_dagrun for example_branch_operator to 2024-04-05T00:00:00+00:00, run_after=2024-04-06T00:00:00+00:00
[2024-04-06T10:09:10.590+0000] {processor.py:175} INFO - Processing /home/airflow/.local/lib/python3.7/site-packages/airflow/example_dags/example_branch_operator.py took 0.184 seconds
[2024-04-06T10:09:41.561+0000] {processor.py:153} INFO - Started process (PID=1778) to work on /home/airflow/.local/lib/python3.7/site-packages/airflow/example_dags/example_branch_operator.py
[2024-04-06T10:09:41.563+0000] {processor.py:743} INFO - Processing file /home/airflow/.local/lib/python3.7/site-packages/airflow/example_dags/example_branch_operator.py for tasks to queue
[2024-04-06T10:09:41.564+0000] {logging_mixin.py:137} INFO - [2024-04-06T10:09:41.564+0000] {dagbag.py:538} INFO - Filling up the DagBag from /home/airflow/.local/lib/python3.7/site-packages/airflow/example_dags/example_branch_operator.py
[2024-04-06T10:09:41.596+0000] {processor.py:753} INFO - DAG(s) dict_keys(['example_branch_operator']) retrieved from /home/airflow/.local/lib/python3.7/site-packages/airflow/example_dags/example_branch_operator.py
[2024-04-06T10:09:41.644+0000] {logging_mixin.py:137} INFO - [2024-04-06T10:09:41.643+0000] {dag.py:2690} INFO - Sync 1 DAGs
[2024-04-06T10:09:41.695+0000] {logging_mixin.py:137} INFO - [2024-04-06T10:09:41.694+0000] {dag.py:3441} INFO - Setting next_dagrun for example_branch_operator to 2024-04-05T00:00:00+00:00, run_after=2024-04-06T00:00:00+00:00
[2024-04-06T10:09:41.731+0000] {processor.py:175} INFO - Processing /home/airflow/.local/lib/python3.7/site-packages/airflow/example_dags/example_branch_operator.py took 0.174 seconds
[2024-04-06T10:10:12.369+0000] {processor.py:153} INFO - Started process (PID=1849) to work on /home/airflow/.local/lib/python3.7/site-packages/airflow/example_dags/example_branch_operator.py
[2024-04-06T10:10:12.371+0000] {processor.py:743} INFO - Processing file /home/airflow/.local/lib/python3.7/site-packages/airflow/example_dags/example_branch_operator.py for tasks to queue
[2024-04-06T10:10:12.372+0000] {logging_mixin.py:137} INFO - [2024-04-06T10:10:12.372+0000] {dagbag.py:538} INFO - Filling up the DagBag from /home/airflow/.local/lib/python3.7/site-packages/airflow/example_dags/example_branch_operator.py
[2024-04-06T10:10:12.407+0000] {processor.py:753} INFO - DAG(s) dict_keys(['example_branch_operator']) retrieved from /home/airflow/.local/lib/python3.7/site-packages/airflow/example_dags/example_branch_operator.py
[2024-04-06T10:10:12.473+0000] {logging_mixin.py:137} INFO - [2024-04-06T10:10:12.472+0000] {dag.py:2690} INFO - Sync 1 DAGs
[2024-04-06T10:10:12.534+0000] {logging_mixin.py:137} INFO - [2024-04-06T10:10:12.533+0000] {dag.py:3441} INFO - Setting next_dagrun for example_branch_operator to 2024-04-05T00:00:00+00:00, run_after=2024-04-06T00:00:00+00:00
[2024-04-06T10:10:12.576+0000] {processor.py:175} INFO - Processing /home/airflow/.local/lib/python3.7/site-packages/airflow/example_dags/example_branch_operator.py took 0.213 seconds
[2024-04-06T10:10:43.342+0000] {processor.py:153} INFO - Started process (PID=1921) to work on /home/airflow/.local/lib/python3.7/site-packages/airflow/example_dags/example_branch_operator.py
[2024-04-06T10:10:43.343+0000] {processor.py:743} INFO - Processing file /home/airflow/.local/lib/python3.7/site-packages/airflow/example_dags/example_branch_operator.py for tasks to queue
[2024-04-06T10:10:43.344+0000] {logging_mixin.py:137} INFO - [2024-04-06T10:10:43.344+0000] {dagbag.py:538} INFO - Filling up the DagBag from /home/airflow/.local/lib/python3.7/site-packages/airflow/example_dags/example_branch_operator.py
[2024-04-06T10:10:43.381+0000] {processor.py:753} INFO - DAG(s) dict_keys(['example_branch_operator']) retrieved from /home/airflow/.local/lib/python3.7/site-packages/airflow/example_dags/example_branch_operator.py
[2024-04-06T10:10:43.436+0000] {logging_mixin.py:137} INFO - [2024-04-06T10:10:43.436+0000] {dag.py:2690} INFO - Sync 1 DAGs
[2024-04-06T10:10:43.493+0000] {logging_mixin.py:137} INFO - [2024-04-06T10:10:43.493+0000] {dag.py:3441} INFO - Setting next_dagrun for example_branch_operator to 2024-04-05T00:00:00+00:00, run_after=2024-04-06T00:00:00+00:00
[2024-04-06T10:10:43.531+0000] {processor.py:175} INFO - Processing /home/airflow/.local/lib/python3.7/site-packages/airflow/example_dags/example_branch_operator.py took 0.195 seconds
[2024-04-06T10:11:13.863+0000] {processor.py:153} INFO - Started process (PID=1993) to work on /home/airflow/.local/lib/python3.7/site-packages/airflow/example_dags/example_branch_operator.py
[2024-04-06T10:11:13.865+0000] {processor.py:743} INFO - Processing file /home/airflow/.local/lib/python3.7/site-packages/airflow/example_dags/example_branch_operator.py for tasks to queue
[2024-04-06T10:11:13.866+0000] {logging_mixin.py:137} INFO - [2024-04-06T10:11:13.866+0000] {dagbag.py:538} INFO - Filling up the DagBag from /home/airflow/.local/lib/python3.7/site-packages/airflow/example_dags/example_branch_operator.py
[2024-04-06T10:11:13.897+0000] {processor.py:753} INFO - DAG(s) dict_keys(['example_branch_operator']) retrieved from /home/airflow/.local/lib/python3.7/site-packages/airflow/example_dags/example_branch_operator.py
[2024-04-06T10:11:13.950+0000] {logging_mixin.py:137} INFO - [2024-04-06T10:11:13.949+0000] {dag.py:2690} INFO - Sync 1 DAGs
[2024-04-06T10:11:14.007+0000] {logging_mixin.py:137} INFO - [2024-04-06T10:11:14.007+0000] {dag.py:3441} INFO - Setting next_dagrun for example_branch_operator to 2024-04-05T00:00:00+00:00, run_after=2024-04-06T00:00:00+00:00
[2024-04-06T10:11:14.045+0000] {processor.py:175} INFO - Processing /home/airflow/.local/lib/python3.7/site-packages/airflow/example_dags/example_branch_operator.py took 0.186 seconds
[2024-04-06T10:11:44.346+0000] {processor.py:153} INFO - Started process (PID=2065) to work on /home/airflow/.local/lib/python3.7/site-packages/airflow/example_dags/example_branch_operator.py
[2024-04-06T10:11:44.348+0000] {processor.py:743} INFO - Processing file /home/airflow/.local/lib/python3.7/site-packages/airflow/example_dags/example_branch_operator.py for tasks to queue
[2024-04-06T10:11:44.350+0000] {logging_mixin.py:137} INFO - [2024-04-06T10:11:44.349+0000] {dagbag.py:538} INFO - Filling up the DagBag from /home/airflow/.local/lib/python3.7/site-packages/airflow/example_dags/example_branch_operator.py
[2024-04-06T10:11:44.400+0000] {processor.py:753} INFO - DAG(s) dict_keys(['example_branch_operator']) retrieved from /home/airflow/.local/lib/python3.7/site-packages/airflow/example_dags/example_branch_operator.py
[2024-04-06T10:11:44.456+0000] {logging_mixin.py:137} INFO - [2024-04-06T10:11:44.456+0000] {dag.py:2690} INFO - Sync 1 DAGs
[2024-04-06T10:11:44.509+0000] {logging_mixin.py:137} INFO - [2024-04-06T10:11:44.509+0000] {dag.py:3441} INFO - Setting next_dagrun for example_branch_operator to 2024-04-05T00:00:00+00:00, run_after=2024-04-06T00:00:00+00:00
[2024-04-06T10:11:44.549+0000] {processor.py:175} INFO - Processing /home/airflow/.local/lib/python3.7/site-packages/airflow/example_dags/example_branch_operator.py took 0.210 seconds
[2024-04-06T10:12:14.762+0000] {processor.py:153} INFO - Started process (PID=2137) to work on /home/airflow/.local/lib/python3.7/site-packages/airflow/example_dags/example_branch_operator.py
[2024-04-06T10:12:14.763+0000] {processor.py:743} INFO - Processing file /home/airflow/.local/lib/python3.7/site-packages/airflow/example_dags/example_branch_operator.py for tasks to queue
[2024-04-06T10:12:14.764+0000] {logging_mixin.py:137} INFO - [2024-04-06T10:12:14.764+0000] {dagbag.py:538} INFO - Filling up the DagBag from /home/airflow/.local/lib/python3.7/site-packages/airflow/example_dags/example_branch_operator.py
[2024-04-06T10:12:14.795+0000] {processor.py:753} INFO - DAG(s) dict_keys(['example_branch_operator']) retrieved from /home/airflow/.local/lib/python3.7/site-packages/airflow/example_dags/example_branch_operator.py
[2024-04-06T10:12:14.842+0000] {logging_mixin.py:137} INFO - [2024-04-06T10:12:14.842+0000] {dag.py:2690} INFO - Sync 1 DAGs
[2024-04-06T10:12:14.890+0000] {logging_mixin.py:137} INFO - [2024-04-06T10:12:14.890+0000] {dag.py:3441} INFO - Setting next_dagrun for example_branch_operator to 2024-04-05T00:00:00+00:00, run_after=2024-04-06T00:00:00+00:00
[2024-04-06T10:12:14.931+0000] {processor.py:175} INFO - Processing /home/airflow/.local/lib/python3.7/site-packages/airflow/example_dags/example_branch_operator.py took 0.175 seconds
[2024-04-06T10:12:45.350+0000] {processor.py:153} INFO - Started process (PID=2218) to work on /home/airflow/.local/lib/python3.7/site-packages/airflow/example_dags/example_branch_operator.py
[2024-04-06T10:12:45.351+0000] {processor.py:743} INFO - Processing file /home/airflow/.local/lib/python3.7/site-packages/airflow/example_dags/example_branch_operator.py for tasks to queue
[2024-04-06T10:12:45.353+0000] {logging_mixin.py:137} INFO - [2024-04-06T10:12:45.353+0000] {dagbag.py:538} INFO - Filling up the DagBag from /home/airflow/.local/lib/python3.7/site-packages/airflow/example_dags/example_branch_operator.py
[2024-04-06T10:12:45.397+0000] {processor.py:753} INFO - DAG(s) dict_keys(['example_branch_operator']) retrieved from /home/airflow/.local/lib/python3.7/site-packages/airflow/example_dags/example_branch_operator.py
[2024-04-06T10:12:45.464+0000] {logging_mixin.py:137} INFO - [2024-04-06T10:12:45.463+0000] {dag.py:2690} INFO - Sync 1 DAGs
[2024-04-06T10:12:45.543+0000] {logging_mixin.py:137} INFO - [2024-04-06T10:12:45.542+0000] {dag.py:3441} INFO - Setting next_dagrun for example_branch_operator to 2024-04-05T00:00:00+00:00, run_after=2024-04-06T00:00:00+00:00
[2024-04-06T10:12:45.579+0000] {processor.py:175} INFO - Processing /home/airflow/.local/lib/python3.7/site-packages/airflow/example_dags/example_branch_operator.py took 0.236 seconds
[2024-04-06T10:42:05.273+0000] {processor.py:161} INFO - Started process (PID=66) to work on /home/airflow/.local/lib/python3.8/site-packages/airflow/example_dags/example_branch_operator.py
[2024-04-06T10:42:05.274+0000] {processor.py:830} INFO - Processing file /home/airflow/.local/lib/python3.8/site-packages/airflow/example_dags/example_branch_operator.py for tasks to queue
[2024-04-06T10:42:05.275+0000] {logging_mixin.py:188} INFO - [2024-04-06T10:42:05.275+0000] {dagbag.py:540} INFO - Filling up the DagBag from /home/airflow/.local/lib/python3.8/site-packages/airflow/example_dags/example_branch_operator.py
[2024-04-06T10:42:05.287+0000] {processor.py:840} INFO - DAG(s) 'example_branch_operator' retrieved from /home/airflow/.local/lib/python3.8/site-packages/airflow/example_dags/example_branch_operator.py
[2024-04-06T10:42:05.365+0000] {logging_mixin.py:188} INFO - [2024-04-06T10:42:05.365+0000] {override.py:1769} INFO - Created Permission View: can delete on DAG:example_branch_operator
[2024-04-06T10:42:05.374+0000] {logging_mixin.py:188} INFO - [2024-04-06T10:42:05.373+0000] {override.py:1769} INFO - Created Permission View: can read on DAG:example_branch_operator
[2024-04-06T10:42:05.379+0000] {logging_mixin.py:188} INFO - [2024-04-06T10:42:05.379+0000] {override.py:1769} INFO - Created Permission View: can edit on DAG:example_branch_operator
[2024-04-06T10:42:05.380+0000] {logging_mixin.py:188} INFO - [2024-04-06T10:42:05.379+0000] {dag.py:3047} INFO - Sync 1 DAGs
[2024-04-06T10:42:05.387+0000] {logging_mixin.py:188} INFO - [2024-04-06T10:42:05.387+0000] {dag.py:3069} INFO - Creating ORM DAG for example_branch_operator
[2024-04-06T10:42:05.395+0000] {logging_mixin.py:188} INFO - [2024-04-06T10:42:05.395+0000] {dag.py:3834} INFO - Setting next_dagrun for example_branch_operator to 2024-04-05 00:00:00+00:00, run_after=2024-04-06 00:00:00+00:00
[2024-04-06T10:42:05.408+0000] {processor.py:183} INFO - Processing /home/airflow/.local/lib/python3.8/site-packages/airflow/example_dags/example_branch_operator.py took 0.137 seconds
[2024-04-06T10:42:35.821+0000] {processor.py:161} INFO - Started process (PID=122) to work on /home/airflow/.local/lib/python3.8/site-packages/airflow/example_dags/example_branch_operator.py
[2024-04-06T10:42:35.823+0000] {processor.py:830} INFO - Processing file /home/airflow/.local/lib/python3.8/site-packages/airflow/example_dags/example_branch_operator.py for tasks to queue
[2024-04-06T10:42:35.824+0000] {logging_mixin.py:188} INFO - [2024-04-06T10:42:35.824+0000] {dagbag.py:540} INFO - Filling up the DagBag from /home/airflow/.local/lib/python3.8/site-packages/airflow/example_dags/example_branch_operator.py
[2024-04-06T10:42:35.834+0000] {processor.py:840} INFO - DAG(s) 'example_branch_operator' retrieved from /home/airflow/.local/lib/python3.8/site-packages/airflow/example_dags/example_branch_operator.py
[2024-04-06T10:42:35.853+0000] {logging_mixin.py:188} INFO - [2024-04-06T10:42:35.852+0000] {dag.py:3047} INFO - Sync 1 DAGs
[2024-04-06T10:42:35.867+0000] {logging_mixin.py:188} INFO - [2024-04-06T10:42:35.867+0000] {dag.py:3834} INFO - Setting next_dagrun for example_branch_operator to 2024-04-05 00:00:00+00:00, run_after=2024-04-06 00:00:00+00:00
[2024-04-06T10:42:35.878+0000] {processor.py:183} INFO - Processing /home/airflow/.local/lib/python3.8/site-packages/airflow/example_dags/example_branch_operator.py took 0.059 seconds
[2024-04-06T10:43:06.313+0000] {processor.py:161} INFO - Started process (PID=178) to work on /home/airflow/.local/lib/python3.8/site-packages/airflow/example_dags/example_branch_operator.py
[2024-04-06T10:43:06.314+0000] {processor.py:830} INFO - Processing file /home/airflow/.local/lib/python3.8/site-packages/airflow/example_dags/example_branch_operator.py for tasks to queue
[2024-04-06T10:43:06.315+0000] {logging_mixin.py:188} INFO - [2024-04-06T10:43:06.314+0000] {dagbag.py:540} INFO - Filling up the DagBag from /home/airflow/.local/lib/python3.8/site-packages/airflow/example_dags/example_branch_operator.py
[2024-04-06T10:43:06.325+0000] {processor.py:840} INFO - DAG(s) 'example_branch_operator' retrieved from /home/airflow/.local/lib/python3.8/site-packages/airflow/example_dags/example_branch_operator.py
[2024-04-06T10:43:06.342+0000] {logging_mixin.py:188} INFO - [2024-04-06T10:43:06.342+0000] {dag.py:3047} INFO - Sync 1 DAGs
[2024-04-06T10:43:06.357+0000] {logging_mixin.py:188} INFO - [2024-04-06T10:43:06.357+0000] {dag.py:3834} INFO - Setting next_dagrun for example_branch_operator to 2024-04-05 00:00:00+00:00, run_after=2024-04-06 00:00:00+00:00
[2024-04-06T10:43:06.395+0000] {processor.py:183} INFO - Processing /home/airflow/.local/lib/python3.8/site-packages/airflow/example_dags/example_branch_operator.py took 0.084 seconds
[2024-04-06T10:43:37.372+0000] {processor.py:161} INFO - Started process (PID=234) to work on /home/airflow/.local/lib/python3.8/site-packages/airflow/example_dags/example_branch_operator.py
[2024-04-06T10:43:37.373+0000] {processor.py:830} INFO - Processing file /home/airflow/.local/lib/python3.8/site-packages/airflow/example_dags/example_branch_operator.py for tasks to queue
[2024-04-06T10:43:37.374+0000] {logging_mixin.py:188} INFO - [2024-04-06T10:43:37.374+0000] {dagbag.py:540} INFO - Filling up the DagBag from /home/airflow/.local/lib/python3.8/site-packages/airflow/example_dags/example_branch_operator.py
[2024-04-06T10:43:37.385+0000] {processor.py:840} INFO - DAG(s) 'example_branch_operator' retrieved from /home/airflow/.local/lib/python3.8/site-packages/airflow/example_dags/example_branch_operator.py
[2024-04-06T10:43:37.402+0000] {logging_mixin.py:188} INFO - [2024-04-06T10:43:37.402+0000] {dag.py:3047} INFO - Sync 1 DAGs
[2024-04-06T10:43:37.417+0000] {logging_mixin.py:188} INFO - [2024-04-06T10:43:37.417+0000] {dag.py:3834} INFO - Setting next_dagrun for example_branch_operator to 2024-04-05 00:00:00+00:00, run_after=2024-04-06 00:00:00+00:00
[2024-04-06T10:43:37.428+0000] {processor.py:183} INFO - Processing /home/airflow/.local/lib/python3.8/site-packages/airflow/example_dags/example_branch_operator.py took 0.058 seconds
[2024-04-06T10:44:08.069+0000] {processor.py:161} INFO - Started process (PID=290) to work on /home/airflow/.local/lib/python3.8/site-packages/airflow/example_dags/example_branch_operator.py
[2024-04-06T10:44:08.069+0000] {processor.py:830} INFO - Processing file /home/airflow/.local/lib/python3.8/site-packages/airflow/example_dags/example_branch_operator.py for tasks to queue
[2024-04-06T10:44:08.071+0000] {logging_mixin.py:188} INFO - [2024-04-06T10:44:08.070+0000] {dagbag.py:540} INFO - Filling up the DagBag from /home/airflow/.local/lib/python3.8/site-packages/airflow/example_dags/example_branch_operator.py
[2024-04-06T10:44:08.082+0000] {processor.py:840} INFO - DAG(s) 'example_branch_operator' retrieved from /home/airflow/.local/lib/python3.8/site-packages/airflow/example_dags/example_branch_operator.py
[2024-04-06T10:44:08.099+0000] {logging_mixin.py:188} INFO - [2024-04-06T10:44:08.098+0000] {dag.py:3047} INFO - Sync 1 DAGs
[2024-04-06T10:44:08.114+0000] {logging_mixin.py:188} INFO - [2024-04-06T10:44:08.114+0000] {dag.py:3834} INFO - Setting next_dagrun for example_branch_operator to 2024-04-05 00:00:00+00:00, run_after=2024-04-06 00:00:00+00:00
[2024-04-06T10:44:08.125+0000] {processor.py:183} INFO - Processing /home/airflow/.local/lib/python3.8/site-packages/airflow/example_dags/example_branch_operator.py took 0.059 seconds
[2024-04-06T10:44:38.807+0000] {processor.py:161} INFO - Started process (PID=346) to work on /home/airflow/.local/lib/python3.8/site-packages/airflow/example_dags/example_branch_operator.py
[2024-04-06T10:44:38.808+0000] {processor.py:830} INFO - Processing file /home/airflow/.local/lib/python3.8/site-packages/airflow/example_dags/example_branch_operator.py for tasks to queue
[2024-04-06T10:44:38.809+0000] {logging_mixin.py:188} INFO - [2024-04-06T10:44:38.809+0000] {dagbag.py:540} INFO - Filling up the DagBag from /home/airflow/.local/lib/python3.8/site-packages/airflow/example_dags/example_branch_operator.py
[2024-04-06T10:44:38.819+0000] {processor.py:840} INFO - DAG(s) 'example_branch_operator' retrieved from /home/airflow/.local/lib/python3.8/site-packages/airflow/example_dags/example_branch_operator.py
[2024-04-06T10:44:38.837+0000] {logging_mixin.py:188} INFO - [2024-04-06T10:44:38.837+0000] {dag.py:3047} INFO - Sync 1 DAGs
[2024-04-06T10:44:38.852+0000] {logging_mixin.py:188} INFO - [2024-04-06T10:44:38.852+0000] {dag.py:3834} INFO - Setting next_dagrun for example_branch_operator to 2024-04-05 00:00:00+00:00, run_after=2024-04-06 00:00:00+00:00
[2024-04-06T10:44:38.863+0000] {processor.py:183} INFO - Processing /home/airflow/.local/lib/python3.8/site-packages/airflow/example_dags/example_branch_operator.py took 0.058 seconds
[2024-04-06T10:45:09.030+0000] {processor.py:161} INFO - Started process (PID=402) to work on /home/airflow/.local/lib/python3.8/site-packages/airflow/example_dags/example_branch_operator.py
[2024-04-06T10:45:09.030+0000] {processor.py:830} INFO - Processing file /home/airflow/.local/lib/python3.8/site-packages/airflow/example_dags/example_branch_operator.py for tasks to queue
[2024-04-06T10:45:09.031+0000] {logging_mixin.py:188} INFO - [2024-04-06T10:45:09.031+0000] {dagbag.py:540} INFO - Filling up the DagBag from /home/airflow/.local/lib/python3.8/site-packages/airflow/example_dags/example_branch_operator.py
[2024-04-06T10:45:09.041+0000] {processor.py:840} INFO - DAG(s) 'example_branch_operator' retrieved from /home/airflow/.local/lib/python3.8/site-packages/airflow/example_dags/example_branch_operator.py
[2024-04-06T10:45:09.056+0000] {logging_mixin.py:188} INFO - [2024-04-06T10:45:09.056+0000] {dag.py:3047} INFO - Sync 1 DAGs
[2024-04-06T10:45:09.076+0000] {logging_mixin.py:188} INFO - [2024-04-06T10:45:09.076+0000] {dag.py:3834} INFO - Setting next_dagrun for example_branch_operator to 2024-04-05 00:00:00+00:00, run_after=2024-04-06 00:00:00+00:00
[2024-04-06T10:45:09.087+0000] {processor.py:183} INFO - Processing /home/airflow/.local/lib/python3.8/site-packages/airflow/example_dags/example_branch_operator.py took 0.059 seconds
