[2024-04-06T10:42:05.650+0000] {processor.py:161} INFO - Started process (PID=71) to work on /home/airflow/.local/lib/python3.8/site-packages/airflow/example_dags/example_python_decorator.py
[2024-04-06T10:42:05.651+0000] {processor.py:830} INFO - Processing file /home/airflow/.local/lib/python3.8/site-packages/airflow/example_dags/example_python_decorator.py for tasks to queue
[2024-04-06T10:42:05.652+0000] {logging_mixin.py:188} INFO - [2024-04-06T10:42:05.652+0000] {dagbag.py:540} INFO - Filling up the DagBag from /home/airflow/.local/lib/python3.8/site-packages/airflow/example_dags/example_python_decorator.py
[2024-04-06T10:42:05.664+0000] {processor.py:840} INFO - DAG(s) 'example_python_decorator' retrieved from /home/airflow/.local/lib/python3.8/site-packages/airflow/example_dags/example_python_decorator.py
[2024-04-06T10:42:05.746+0000] {logging_mixin.py:188} INFO - [2024-04-06T10:42:05.745+0000] {override.py:1769} INFO - Created Permission View: can delete on DAG:example_python_decorator
[2024-04-06T10:42:05.754+0000] {logging_mixin.py:188} INFO - [2024-04-06T10:42:05.754+0000] {override.py:1769} INFO - Created Permission View: can read on DAG:example_python_decorator
[2024-04-06T10:42:05.760+0000] {logging_mixin.py:188} INFO - [2024-04-06T10:42:05.759+0000] {override.py:1769} INFO - Created Permission View: can edit on DAG:example_python_decorator
[2024-04-06T10:42:05.760+0000] {logging_mixin.py:188} INFO - [2024-04-06T10:42:05.760+0000] {dag.py:3047} INFO - Sync 1 DAGs
[2024-04-06T10:42:05.769+0000] {logging_mixin.py:188} INFO - [2024-04-06T10:42:05.769+0000] {dag.py:3069} INFO - Creating ORM DAG for example_python_decorator
[2024-04-06T10:42:05.770+0000] {logging_mixin.py:188} INFO - [2024-04-06T10:42:05.770+0000] {dag.py:3834} INFO - Setting next_dagrun for example_python_decorator to None, run_after=None
[2024-04-06T10:42:05.790+0000] {processor.py:183} INFO - Processing /home/airflow/.local/lib/python3.8/site-packages/airflow/example_dags/example_python_decorator.py took 0.142 seconds
[2024-04-06T10:42:35.999+0000] {processor.py:161} INFO - Started process (PID=127) to work on /home/airflow/.local/lib/python3.8/site-packages/airflow/example_dags/example_python_decorator.py
[2024-04-06T10:42:35.999+0000] {processor.py:830} INFO - Processing file /home/airflow/.local/lib/python3.8/site-packages/airflow/example_dags/example_python_decorator.py for tasks to queue
[2024-04-06T10:42:36.001+0000] {logging_mixin.py:188} INFO - [2024-04-06T10:42:36.000+0000] {dagbag.py:540} INFO - Filling up the DagBag from /home/airflow/.local/lib/python3.8/site-packages/airflow/example_dags/example_python_decorator.py
[2024-04-06T10:42:36.008+0000] {processor.py:840} INFO - DAG(s) 'example_python_decorator' retrieved from /home/airflow/.local/lib/python3.8/site-packages/airflow/example_dags/example_python_decorator.py
[2024-04-06T10:42:36.022+0000] {logging_mixin.py:188} INFO - [2024-04-06T10:42:36.022+0000] {dag.py:3047} INFO - Sync 1 DAGs
[2024-04-06T10:42:36.031+0000] {logging_mixin.py:188} INFO - [2024-04-06T10:42:36.031+0000] {dag.py:3834} INFO - Setting next_dagrun for example_python_decorator to None, run_after=None
[2024-04-06T10:42:36.044+0000] {processor.py:183} INFO - Processing /home/airflow/.local/lib/python3.8/site-packages/airflow/example_dags/example_python_decorator.py took 0.047 seconds
[2024-04-06T10:43:06.673+0000] {processor.py:161} INFO - Started process (PID=183) to work on /home/airflow/.local/lib/python3.8/site-packages/airflow/example_dags/example_python_decorator.py
[2024-04-06T10:43:06.683+0000] {processor.py:830} INFO - Processing file /home/airflow/.local/lib/python3.8/site-packages/airflow/example_dags/example_python_decorator.py for tasks to queue
[2024-04-06T10:43:06.684+0000] {logging_mixin.py:188} INFO - [2024-04-06T10:43:06.684+0000] {dagbag.py:540} INFO - Filling up the DagBag from /home/airflow/.local/lib/python3.8/site-packages/airflow/example_dags/example_python_decorator.py
[2024-04-06T10:43:06.692+0000] {processor.py:840} INFO - DAG(s) 'example_python_decorator' retrieved from /home/airflow/.local/lib/python3.8/site-packages/airflow/example_dags/example_python_decorator.py
[2024-04-06T10:43:06.705+0000] {logging_mixin.py:188} INFO - [2024-04-06T10:43:06.705+0000] {dag.py:3047} INFO - Sync 1 DAGs
[2024-04-06T10:43:06.713+0000] {logging_mixin.py:188} INFO - [2024-04-06T10:43:06.713+0000] {dag.py:3834} INFO - Setting next_dagrun for example_python_decorator to None, run_after=None
[2024-04-06T10:43:06.733+0000] {processor.py:183} INFO - Processing /home/airflow/.local/lib/python3.8/site-packages/airflow/example_dags/example_python_decorator.py took 0.062 seconds
[2024-04-06T10:43:37.519+0000] {processor.py:161} INFO - Started process (PID=239) to work on /home/airflow/.local/lib/python3.8/site-packages/airflow/example_dags/example_python_decorator.py
[2024-04-06T10:43:37.520+0000] {processor.py:830} INFO - Processing file /home/airflow/.local/lib/python3.8/site-packages/airflow/example_dags/example_python_decorator.py for tasks to queue
[2024-04-06T10:43:37.521+0000] {logging_mixin.py:188} INFO - [2024-04-06T10:43:37.521+0000] {dagbag.py:540} INFO - Filling up the DagBag from /home/airflow/.local/lib/python3.8/site-packages/airflow/example_dags/example_python_decorator.py
[2024-04-06T10:43:37.528+0000] {processor.py:840} INFO - DAG(s) 'example_python_decorator' retrieved from /home/airflow/.local/lib/python3.8/site-packages/airflow/example_dags/example_python_decorator.py
[2024-04-06T10:43:37.543+0000] {logging_mixin.py:188} INFO - [2024-04-06T10:43:37.542+0000] {dag.py:3047} INFO - Sync 1 DAGs
[2024-04-06T10:43:37.552+0000] {logging_mixin.py:188} INFO - [2024-04-06T10:43:37.552+0000] {dag.py:3834} INFO - Setting next_dagrun for example_python_decorator to None, run_after=None
[2024-04-06T10:43:37.563+0000] {processor.py:183} INFO - Processing /home/airflow/.local/lib/python3.8/site-packages/airflow/example_dags/example_python_decorator.py took 0.046 seconds
[2024-04-06T10:44:08.215+0000] {processor.py:161} INFO - Started process (PID=295) to work on /home/airflow/.local/lib/python3.8/site-packages/airflow/example_dags/example_python_decorator.py
[2024-04-06T10:44:08.216+0000] {processor.py:830} INFO - Processing file /home/airflow/.local/lib/python3.8/site-packages/airflow/example_dags/example_python_decorator.py for tasks to queue
[2024-04-06T10:44:08.217+0000] {logging_mixin.py:188} INFO - [2024-04-06T10:44:08.217+0000] {dagbag.py:540} INFO - Filling up the DagBag from /home/airflow/.local/lib/python3.8/site-packages/airflow/example_dags/example_python_decorator.py
[2024-04-06T10:44:08.227+0000] {processor.py:840} INFO - DAG(s) 'example_python_decorator' retrieved from /home/airflow/.local/lib/python3.8/site-packages/airflow/example_dags/example_python_decorator.py
[2024-04-06T10:44:08.241+0000] {logging_mixin.py:188} INFO - [2024-04-06T10:44:08.241+0000] {dag.py:3047} INFO - Sync 1 DAGs
[2024-04-06T10:44:08.249+0000] {logging_mixin.py:188} INFO - [2024-04-06T10:44:08.249+0000] {dag.py:3834} INFO - Setting next_dagrun for example_python_decorator to None, run_after=None
[2024-04-06T10:44:08.264+0000] {processor.py:183} INFO - Processing /home/airflow/.local/lib/python3.8/site-packages/airflow/example_dags/example_python_decorator.py took 0.051 seconds
[2024-04-06T10:44:38.974+0000] {processor.py:161} INFO - Started process (PID=351) to work on /home/airflow/.local/lib/python3.8/site-packages/airflow/example_dags/example_python_decorator.py
[2024-04-06T10:44:38.975+0000] {processor.py:830} INFO - Processing file /home/airflow/.local/lib/python3.8/site-packages/airflow/example_dags/example_python_decorator.py for tasks to queue
[2024-04-06T10:44:38.976+0000] {logging_mixin.py:188} INFO - [2024-04-06T10:44:38.976+0000] {dagbag.py:540} INFO - Filling up the DagBag from /home/airflow/.local/lib/python3.8/site-packages/airflow/example_dags/example_python_decorator.py
[2024-04-06T10:44:38.984+0000] {processor.py:840} INFO - DAG(s) 'example_python_decorator' retrieved from /home/airflow/.local/lib/python3.8/site-packages/airflow/example_dags/example_python_decorator.py
[2024-04-06T10:44:38.998+0000] {logging_mixin.py:188} INFO - [2024-04-06T10:44:38.998+0000] {dag.py:3047} INFO - Sync 1 DAGs
[2024-04-06T10:44:39.005+0000] {logging_mixin.py:188} INFO - [2024-04-06T10:44:39.005+0000] {dag.py:3834} INFO - Setting next_dagrun for example_python_decorator to None, run_after=None
[2024-04-06T10:44:39.016+0000] {processor.py:183} INFO - Processing /home/airflow/.local/lib/python3.8/site-packages/airflow/example_dags/example_python_decorator.py took 0.044 seconds
[2024-04-06T10:45:09.215+0000] {processor.py:161} INFO - Started process (PID=407) to work on /home/airflow/.local/lib/python3.8/site-packages/airflow/example_dags/example_python_decorator.py
[2024-04-06T10:45:09.215+0000] {processor.py:830} INFO - Processing file /home/airflow/.local/lib/python3.8/site-packages/airflow/example_dags/example_python_decorator.py for tasks to queue
[2024-04-06T10:45:09.217+0000] {logging_mixin.py:188} INFO - [2024-04-06T10:45:09.216+0000] {dagbag.py:540} INFO - Filling up the DagBag from /home/airflow/.local/lib/python3.8/site-packages/airflow/example_dags/example_python_decorator.py
[2024-04-06T10:45:09.225+0000] {processor.py:840} INFO - DAG(s) 'example_python_decorator' retrieved from /home/airflow/.local/lib/python3.8/site-packages/airflow/example_dags/example_python_decorator.py
[2024-04-06T10:45:09.238+0000] {logging_mixin.py:188} INFO - [2024-04-06T10:45:09.238+0000] {dag.py:3047} INFO - Sync 1 DAGs
[2024-04-06T10:45:09.246+0000] {logging_mixin.py:188} INFO - [2024-04-06T10:45:09.246+0000] {dag.py:3834} INFO - Setting next_dagrun for example_python_decorator to None, run_after=None
[2024-04-06T10:45:09.261+0000] {processor.py:183} INFO - Processing /home/airflow/.local/lib/python3.8/site-packages/airflow/example_dags/example_python_decorator.py took 0.048 seconds
