[2024-04-06T09:36:49.768+0000] {processor.py:153} INFO - Started process (PID=87) to work on /home/airflow/.local/lib/python3.7/site-packages/airflow/example_dags/example_xcomargs.py
[2024-04-06T09:36:49.768+0000] {processor.py:743} INFO - Processing file /home/airflow/.local/lib/python3.7/site-packages/airflow/example_dags/example_xcomargs.py for tasks to queue
[2024-04-06T09:36:49.769+0000] {logging_mixin.py:137} INFO - [2024-04-06T09:36:49.769+0000] {dagbag.py:538} INFO - Filling up the DagBag from /home/airflow/.local/lib/python3.7/site-packages/airflow/example_dags/example_xcomargs.py
[2024-04-06T09:36:49.796+0000] {processor.py:753} INFO - DAG(s) dict_keys(['example_xcom_args_with_operators', 'example_xcom_args']) retrieved from /home/airflow/.local/lib/python3.7/site-packages/airflow/example_dags/example_xcomargs.py
[2024-04-06T09:36:49.810+0000] {logging_mixin.py:137} INFO - [2024-04-06T09:36:49.810+0000] {dag.py:2690} INFO - Sync 2 DAGs
[2024-04-06T09:36:49.838+0000] {logging_mixin.py:137} INFO - [2024-04-06T09:36:49.837+0000] {dag.py:3441} INFO - Setting next_dagrun for example_xcom_args to None, run_after=None
[2024-04-06T09:36:49.841+0000] {logging_mixin.py:137} INFO - [2024-04-06T09:36:49.841+0000] {dag.py:3441} INFO - Setting next_dagrun for example_xcom_args_with_operators to None, run_after=None
[2024-04-06T09:36:49.861+0000] {processor.py:175} INFO - Processing /home/airflow/.local/lib/python3.7/site-packages/airflow/example_dags/example_xcomargs.py took 0.096 seconds
[2024-04-06T09:37:20.202+0000] {processor.py:153} INFO - Started process (PID=159) to work on /home/airflow/.local/lib/python3.7/site-packages/airflow/example_dags/example_xcomargs.py
[2024-04-06T09:37:20.203+0000] {processor.py:743} INFO - Processing file /home/airflow/.local/lib/python3.7/site-packages/airflow/example_dags/example_xcomargs.py for tasks to queue
[2024-04-06T09:37:20.203+0000] {logging_mixin.py:137} INFO - [2024-04-06T09:37:20.203+0000] {dagbag.py:538} INFO - Filling up the DagBag from /home/airflow/.local/lib/python3.7/site-packages/airflow/example_dags/example_xcomargs.py
[2024-04-06T09:37:20.227+0000] {processor.py:753} INFO - DAG(s) dict_keys(['example_xcom_args_with_operators', 'example_xcom_args']) retrieved from /home/airflow/.local/lib/python3.7/site-packages/airflow/example_dags/example_xcomargs.py
[2024-04-06T09:37:20.241+0000] {logging_mixin.py:137} INFO - [2024-04-06T09:37:20.241+0000] {dag.py:2690} INFO - Sync 2 DAGs
[2024-04-06T09:37:20.274+0000] {logging_mixin.py:137} INFO - [2024-04-06T09:37:20.274+0000] {dag.py:3441} INFO - Setting next_dagrun for example_xcom_args to None, run_after=None
[2024-04-06T09:37:20.281+0000] {logging_mixin.py:137} INFO - [2024-04-06T09:37:20.281+0000] {dag.py:3441} INFO - Setting next_dagrun for example_xcom_args_with_operators to None, run_after=None
[2024-04-06T09:37:20.300+0000] {processor.py:175} INFO - Processing /home/airflow/.local/lib/python3.7/site-packages/airflow/example_dags/example_xcomargs.py took 0.101 seconds
[2024-04-06T09:37:51.080+0000] {processor.py:153} INFO - Started process (PID=231) to work on /home/airflow/.local/lib/python3.7/site-packages/airflow/example_dags/example_xcomargs.py
[2024-04-06T09:37:51.081+0000] {processor.py:743} INFO - Processing file /home/airflow/.local/lib/python3.7/site-packages/airflow/example_dags/example_xcomargs.py for tasks to queue
[2024-04-06T09:37:51.082+0000] {logging_mixin.py:137} INFO - [2024-04-06T09:37:51.082+0000] {dagbag.py:538} INFO - Filling up the DagBag from /home/airflow/.local/lib/python3.7/site-packages/airflow/example_dags/example_xcomargs.py
[2024-04-06T09:37:51.106+0000] {processor.py:753} INFO - DAG(s) dict_keys(['example_xcom_args_with_operators', 'example_xcom_args']) retrieved from /home/airflow/.local/lib/python3.7/site-packages/airflow/example_dags/example_xcomargs.py
[2024-04-06T09:37:51.135+0000] {logging_mixin.py:137} INFO - [2024-04-06T09:37:51.135+0000] {dag.py:2690} INFO - Sync 2 DAGs
[2024-04-06T09:37:51.160+0000] {logging_mixin.py:137} INFO - [2024-04-06T09:37:51.160+0000] {dag.py:3441} INFO - Setting next_dagrun for example_xcom_args to None, run_after=None
[2024-04-06T09:37:51.163+0000] {logging_mixin.py:137} INFO - [2024-04-06T09:37:51.163+0000] {dag.py:3441} INFO - Setting next_dagrun for example_xcom_args_with_operators to None, run_after=None
[2024-04-06T09:37:51.185+0000] {processor.py:175} INFO - Processing /home/airflow/.local/lib/python3.7/site-packages/airflow/example_dags/example_xcomargs.py took 0.108 seconds
[2024-04-06T09:38:21.791+0000] {processor.py:153} INFO - Started process (PID=319) to work on /home/airflow/.local/lib/python3.7/site-packages/airflow/example_dags/example_xcomargs.py
[2024-04-06T09:38:21.792+0000] {processor.py:743} INFO - Processing file /home/airflow/.local/lib/python3.7/site-packages/airflow/example_dags/example_xcomargs.py for tasks to queue
[2024-04-06T09:38:21.793+0000] {logging_mixin.py:137} INFO - [2024-04-06T09:38:21.792+0000] {dagbag.py:538} INFO - Filling up the DagBag from /home/airflow/.local/lib/python3.7/site-packages/airflow/example_dags/example_xcomargs.py
[2024-04-06T09:38:21.818+0000] {processor.py:753} INFO - DAG(s) dict_keys(['example_xcom_args', 'example_xcom_args_with_operators']) retrieved from /home/airflow/.local/lib/python3.7/site-packages/airflow/example_dags/example_xcomargs.py
[2024-04-06T09:38:21.846+0000] {logging_mixin.py:137} INFO - [2024-04-06T09:38:21.846+0000] {dag.py:2690} INFO - Sync 2 DAGs
[2024-04-06T09:38:21.872+0000] {logging_mixin.py:137} INFO - [2024-04-06T09:38:21.872+0000] {dag.py:3441} INFO - Setting next_dagrun for example_xcom_args to None, run_after=None
[2024-04-06T09:38:21.875+0000] {logging_mixin.py:137} INFO - [2024-04-06T09:38:21.875+0000] {dag.py:3441} INFO - Setting next_dagrun for example_xcom_args_with_operators to None, run_after=None
[2024-04-06T09:38:21.894+0000] {processor.py:175} INFO - Processing /home/airflow/.local/lib/python3.7/site-packages/airflow/example_dags/example_xcomargs.py took 0.105 seconds
[2024-04-06T09:38:51.977+0000] {processor.py:153} INFO - Started process (PID=390) to work on /home/airflow/.local/lib/python3.7/site-packages/airflow/example_dags/example_xcomargs.py
[2024-04-06T09:38:51.978+0000] {processor.py:743} INFO - Processing file /home/airflow/.local/lib/python3.7/site-packages/airflow/example_dags/example_xcomargs.py for tasks to queue
[2024-04-06T09:38:51.978+0000] {logging_mixin.py:137} INFO - [2024-04-06T09:38:51.978+0000] {dagbag.py:538} INFO - Filling up the DagBag from /home/airflow/.local/lib/python3.7/site-packages/airflow/example_dags/example_xcomargs.py
[2024-04-06T09:38:51.997+0000] {processor.py:753} INFO - DAG(s) dict_keys(['example_xcom_args_with_operators', 'example_xcom_args']) retrieved from /home/airflow/.local/lib/python3.7/site-packages/airflow/example_dags/example_xcomargs.py
[2024-04-06T09:38:52.020+0000] {logging_mixin.py:137} INFO - [2024-04-06T09:38:52.020+0000] {dag.py:2690} INFO - Sync 2 DAGs
[2024-04-06T09:38:52.041+0000] {logging_mixin.py:137} INFO - [2024-04-06T09:38:52.041+0000] {dag.py:3441} INFO - Setting next_dagrun for example_xcom_args to None, run_after=None
[2024-04-06T09:38:52.044+0000] {logging_mixin.py:137} INFO - [2024-04-06T09:38:52.044+0000] {dag.py:3441} INFO - Setting next_dagrun for example_xcom_args_with_operators to None, run_after=None
[2024-04-06T09:38:52.059+0000] {processor.py:175} INFO - Processing /home/airflow/.local/lib/python3.7/site-packages/airflow/example_dags/example_xcomargs.py took 0.084 seconds
[2024-04-06T09:39:22.164+0000] {processor.py:153} INFO - Started process (PID=479) to work on /home/airflow/.local/lib/python3.7/site-packages/airflow/example_dags/example_xcomargs.py
[2024-04-06T09:39:22.164+0000] {processor.py:743} INFO - Processing file /home/airflow/.local/lib/python3.7/site-packages/airflow/example_dags/example_xcomargs.py for tasks to queue
[2024-04-06T09:39:22.165+0000] {logging_mixin.py:137} INFO - [2024-04-06T09:39:22.165+0000] {dagbag.py:538} INFO - Filling up the DagBag from /home/airflow/.local/lib/python3.7/site-packages/airflow/example_dags/example_xcomargs.py
[2024-04-06T09:39:22.187+0000] {processor.py:753} INFO - DAG(s) dict_keys(['example_xcom_args', 'example_xcom_args_with_operators']) retrieved from /home/airflow/.local/lib/python3.7/site-packages/airflow/example_dags/example_xcomargs.py
[2024-04-06T09:39:22.213+0000] {logging_mixin.py:137} INFO - [2024-04-06T09:39:22.212+0000] {dag.py:2690} INFO - Sync 2 DAGs
[2024-04-06T09:39:22.238+0000] {logging_mixin.py:137} INFO - [2024-04-06T09:39:22.238+0000] {dag.py:3441} INFO - Setting next_dagrun for example_xcom_args to None, run_after=None
[2024-04-06T09:39:22.243+0000] {logging_mixin.py:137} INFO - [2024-04-06T09:39:22.243+0000] {dag.py:3441} INFO - Setting next_dagrun for example_xcom_args_with_operators to None, run_after=None
[2024-04-06T09:39:22.259+0000] {processor.py:175} INFO - Processing /home/airflow/.local/lib/python3.7/site-packages/airflow/example_dags/example_xcomargs.py took 0.097 seconds
[2024-04-06T09:39:52.356+0000] {processor.py:153} INFO - Started process (PID=550) to work on /home/airflow/.local/lib/python3.7/site-packages/airflow/example_dags/example_xcomargs.py
[2024-04-06T09:39:52.357+0000] {processor.py:743} INFO - Processing file /home/airflow/.local/lib/python3.7/site-packages/airflow/example_dags/example_xcomargs.py for tasks to queue
[2024-04-06T09:39:52.358+0000] {logging_mixin.py:137} INFO - [2024-04-06T09:39:52.358+0000] {dagbag.py:538} INFO - Filling up the DagBag from /home/airflow/.local/lib/python3.7/site-packages/airflow/example_dags/example_xcomargs.py
[2024-04-06T09:39:52.387+0000] {processor.py:753} INFO - DAG(s) dict_keys(['example_xcom_args', 'example_xcom_args_with_operators']) retrieved from /home/airflow/.local/lib/python3.7/site-packages/airflow/example_dags/example_xcomargs.py
[2024-04-06T09:39:52.414+0000] {logging_mixin.py:137} INFO - [2024-04-06T09:39:52.414+0000] {dag.py:2690} INFO - Sync 2 DAGs
[2024-04-06T09:39:52.439+0000] {logging_mixin.py:137} INFO - [2024-04-06T09:39:52.439+0000] {dag.py:3441} INFO - Setting next_dagrun for example_xcom_args to None, run_after=None
[2024-04-06T09:39:52.443+0000] {logging_mixin.py:137} INFO - [2024-04-06T09:39:52.443+0000] {dag.py:3441} INFO - Setting next_dagrun for example_xcom_args_with_operators to None, run_after=None
[2024-04-06T09:39:52.459+0000] {processor.py:175} INFO - Processing /home/airflow/.local/lib/python3.7/site-packages/airflow/example_dags/example_xcomargs.py took 0.106 seconds
[2024-04-06T09:40:22.807+0000] {processor.py:153} INFO - Started process (PID=638) to work on /home/airflow/.local/lib/python3.7/site-packages/airflow/example_dags/example_xcomargs.py
[2024-04-06T09:40:22.807+0000] {processor.py:743} INFO - Processing file /home/airflow/.local/lib/python3.7/site-packages/airflow/example_dags/example_xcomargs.py for tasks to queue
[2024-04-06T09:40:22.808+0000] {logging_mixin.py:137} INFO - [2024-04-06T09:40:22.808+0000] {dagbag.py:538} INFO - Filling up the DagBag from /home/airflow/.local/lib/python3.7/site-packages/airflow/example_dags/example_xcomargs.py
[2024-04-06T09:40:22.830+0000] {processor.py:753} INFO - DAG(s) dict_keys(['example_xcom_args', 'example_xcom_args_with_operators']) retrieved from /home/airflow/.local/lib/python3.7/site-packages/airflow/example_dags/example_xcomargs.py
[2024-04-06T09:40:22.856+0000] {logging_mixin.py:137} INFO - [2024-04-06T09:40:22.856+0000] {dag.py:2690} INFO - Sync 2 DAGs
[2024-04-06T09:40:22.880+0000] {logging_mixin.py:137} INFO - [2024-04-06T09:40:22.879+0000] {dag.py:3441} INFO - Setting next_dagrun for example_xcom_args to None, run_after=None
[2024-04-06T09:40:22.883+0000] {logging_mixin.py:137} INFO - [2024-04-06T09:40:22.883+0000] {dag.py:3441} INFO - Setting next_dagrun for example_xcom_args_with_operators to None, run_after=None
[2024-04-06T09:40:22.897+0000] {processor.py:175} INFO - Processing /home/airflow/.local/lib/python3.7/site-packages/airflow/example_dags/example_xcomargs.py took 0.094 seconds
[2024-04-06T09:40:53.064+0000] {processor.py:153} INFO - Started process (PID=710) to work on /home/airflow/.local/lib/python3.7/site-packages/airflow/example_dags/example_xcomargs.py
[2024-04-06T09:40:53.064+0000] {processor.py:743} INFO - Processing file /home/airflow/.local/lib/python3.7/site-packages/airflow/example_dags/example_xcomargs.py for tasks to queue
[2024-04-06T09:40:53.065+0000] {logging_mixin.py:137} INFO - [2024-04-06T09:40:53.065+0000] {dagbag.py:538} INFO - Filling up the DagBag from /home/airflow/.local/lib/python3.7/site-packages/airflow/example_dags/example_xcomargs.py
[2024-04-06T09:40:53.085+0000] {processor.py:753} INFO - DAG(s) dict_keys(['example_xcom_args_with_operators', 'example_xcom_args']) retrieved from /home/airflow/.local/lib/python3.7/site-packages/airflow/example_dags/example_xcomargs.py
[2024-04-06T09:40:53.109+0000] {logging_mixin.py:137} INFO - [2024-04-06T09:40:53.109+0000] {dag.py:2690} INFO - Sync 2 DAGs
[2024-04-06T09:40:53.131+0000] {logging_mixin.py:137} INFO - [2024-04-06T09:40:53.131+0000] {dag.py:3441} INFO - Setting next_dagrun for example_xcom_args to None, run_after=None
[2024-04-06T09:40:53.134+0000] {logging_mixin.py:137} INFO - [2024-04-06T09:40:53.134+0000] {dag.py:3441} INFO - Setting next_dagrun for example_xcom_args_with_operators to None, run_after=None
[2024-04-06T09:40:53.148+0000] {processor.py:175} INFO - Processing /home/airflow/.local/lib/python3.7/site-packages/airflow/example_dags/example_xcomargs.py took 0.086 seconds
[2024-04-06T09:41:23.539+0000] {processor.py:153} INFO - Started process (PID=798) to work on /home/airflow/.local/lib/python3.7/site-packages/airflow/example_dags/example_xcomargs.py
[2024-04-06T09:41:23.540+0000] {processor.py:743} INFO - Processing file /home/airflow/.local/lib/python3.7/site-packages/airflow/example_dags/example_xcomargs.py for tasks to queue
[2024-04-06T09:41:23.540+0000] {logging_mixin.py:137} INFO - [2024-04-06T09:41:23.540+0000] {dagbag.py:538} INFO - Filling up the DagBag from /home/airflow/.local/lib/python3.7/site-packages/airflow/example_dags/example_xcomargs.py
[2024-04-06T09:41:23.560+0000] {processor.py:753} INFO - DAG(s) dict_keys(['example_xcom_args_with_operators', 'example_xcom_args']) retrieved from /home/airflow/.local/lib/python3.7/site-packages/airflow/example_dags/example_xcomargs.py
[2024-04-06T09:41:23.584+0000] {logging_mixin.py:137} INFO - [2024-04-06T09:41:23.584+0000] {dag.py:2690} INFO - Sync 2 DAGs
[2024-04-06T09:41:23.605+0000] {logging_mixin.py:137} INFO - [2024-04-06T09:41:23.605+0000] {dag.py:3441} INFO - Setting next_dagrun for example_xcom_args to None, run_after=None
[2024-04-06T09:41:23.609+0000] {logging_mixin.py:137} INFO - [2024-04-06T09:41:23.609+0000] {dag.py:3441} INFO - Setting next_dagrun for example_xcom_args_with_operators to None, run_after=None
[2024-04-06T09:41:23.623+0000] {processor.py:175} INFO - Processing /home/airflow/.local/lib/python3.7/site-packages/airflow/example_dags/example_xcomargs.py took 0.087 seconds
[2024-04-06T09:41:53.888+0000] {processor.py:153} INFO - Started process (PID=870) to work on /home/airflow/.local/lib/python3.7/site-packages/airflow/example_dags/example_xcomargs.py
[2024-04-06T09:41:53.889+0000] {processor.py:743} INFO - Processing file /home/airflow/.local/lib/python3.7/site-packages/airflow/example_dags/example_xcomargs.py for tasks to queue
[2024-04-06T09:41:53.890+0000] {logging_mixin.py:137} INFO - [2024-04-06T09:41:53.890+0000] {dagbag.py:538} INFO - Filling up the DagBag from /home/airflow/.local/lib/python3.7/site-packages/airflow/example_dags/example_xcomargs.py
[2024-04-06T09:41:53.910+0000] {processor.py:753} INFO - DAG(s) dict_keys(['example_xcom_args', 'example_xcom_args_with_operators']) retrieved from /home/airflow/.local/lib/python3.7/site-packages/airflow/example_dags/example_xcomargs.py
[2024-04-06T09:41:53.935+0000] {logging_mixin.py:137} INFO - [2024-04-06T09:41:53.935+0000] {dag.py:2690} INFO - Sync 2 DAGs
[2024-04-06T09:41:53.959+0000] {logging_mixin.py:137} INFO - [2024-04-06T09:41:53.958+0000] {dag.py:3441} INFO - Setting next_dagrun for example_xcom_args to None, run_after=None
[2024-04-06T09:41:53.962+0000] {logging_mixin.py:137} INFO - [2024-04-06T09:41:53.962+0000] {dag.py:3441} INFO - Setting next_dagrun for example_xcom_args_with_operators to None, run_after=None
[2024-04-06T09:41:53.980+0000] {processor.py:175} INFO - Processing /home/airflow/.local/lib/python3.7/site-packages/airflow/example_dags/example_xcomargs.py took 0.095 seconds
[2024-04-06T09:42:24.670+0000] {processor.py:153} INFO - Started process (PID=958) to work on /home/airflow/.local/lib/python3.7/site-packages/airflow/example_dags/example_xcomargs.py
[2024-04-06T09:42:24.671+0000] {processor.py:743} INFO - Processing file /home/airflow/.local/lib/python3.7/site-packages/airflow/example_dags/example_xcomargs.py for tasks to queue
[2024-04-06T09:42:24.672+0000] {logging_mixin.py:137} INFO - [2024-04-06T09:42:24.671+0000] {dagbag.py:538} INFO - Filling up the DagBag from /home/airflow/.local/lib/python3.7/site-packages/airflow/example_dags/example_xcomargs.py
[2024-04-06T09:42:24.692+0000] {processor.py:753} INFO - DAG(s) dict_keys(['example_xcom_args_with_operators', 'example_xcom_args']) retrieved from /home/airflow/.local/lib/python3.7/site-packages/airflow/example_dags/example_xcomargs.py
[2024-04-06T09:42:24.716+0000] {logging_mixin.py:137} INFO - [2024-04-06T09:42:24.715+0000] {dag.py:2690} INFO - Sync 2 DAGs
[2024-04-06T09:42:24.743+0000] {logging_mixin.py:137} INFO - [2024-04-06T09:42:24.743+0000] {dag.py:3441} INFO - Setting next_dagrun for example_xcom_args to None, run_after=None
[2024-04-06T09:42:24.748+0000] {logging_mixin.py:137} INFO - [2024-04-06T09:42:24.747+0000] {dag.py:3441} INFO - Setting next_dagrun for example_xcom_args_with_operators to None, run_after=None
[2024-04-06T09:42:24.763+0000] {processor.py:175} INFO - Processing /home/airflow/.local/lib/python3.7/site-packages/airflow/example_dags/example_xcomargs.py took 0.096 seconds
[2024-04-06T09:42:54.817+0000] {processor.py:153} INFO - Started process (PID=1030) to work on /home/airflow/.local/lib/python3.7/site-packages/airflow/example_dags/example_xcomargs.py
[2024-04-06T09:42:54.818+0000] {processor.py:743} INFO - Processing file /home/airflow/.local/lib/python3.7/site-packages/airflow/example_dags/example_xcomargs.py for tasks to queue
[2024-04-06T09:42:54.818+0000] {logging_mixin.py:137} INFO - [2024-04-06T09:42:54.818+0000] {dagbag.py:538} INFO - Filling up the DagBag from /home/airflow/.local/lib/python3.7/site-packages/airflow/example_dags/example_xcomargs.py
[2024-04-06T09:42:54.842+0000] {processor.py:753} INFO - DAG(s) dict_keys(['example_xcom_args_with_operators', 'example_xcom_args']) retrieved from /home/airflow/.local/lib/python3.7/site-packages/airflow/example_dags/example_xcomargs.py
[2024-04-06T09:42:54.873+0000] {logging_mixin.py:137} INFO - [2024-04-06T09:42:54.873+0000] {dag.py:2690} INFO - Sync 2 DAGs
[2024-04-06T09:42:54.907+0000] {logging_mixin.py:137} INFO - [2024-04-06T09:42:54.906+0000] {dag.py:3441} INFO - Setting next_dagrun for example_xcom_args to None, run_after=None
[2024-04-06T09:42:54.910+0000] {logging_mixin.py:137} INFO - [2024-04-06T09:42:54.910+0000] {dag.py:3441} INFO - Setting next_dagrun for example_xcom_args_with_operators to None, run_after=None
[2024-04-06T09:42:54.925+0000] {processor.py:175} INFO - Processing /home/airflow/.local/lib/python3.7/site-packages/airflow/example_dags/example_xcomargs.py took 0.111 seconds
[2024-04-06T09:43:25.483+0000] {processor.py:153} INFO - Started process (PID=1117) to work on /home/airflow/.local/lib/python3.7/site-packages/airflow/example_dags/example_xcomargs.py
[2024-04-06T09:43:25.484+0000] {processor.py:743} INFO - Processing file /home/airflow/.local/lib/python3.7/site-packages/airflow/example_dags/example_xcomargs.py for tasks to queue
[2024-04-06T09:43:25.484+0000] {logging_mixin.py:137} INFO - [2024-04-06T09:43:25.484+0000] {dagbag.py:538} INFO - Filling up the DagBag from /home/airflow/.local/lib/python3.7/site-packages/airflow/example_dags/example_xcomargs.py
[2024-04-06T09:43:25.504+0000] {processor.py:753} INFO - DAG(s) dict_keys(['example_xcom_args_with_operators', 'example_xcom_args']) retrieved from /home/airflow/.local/lib/python3.7/site-packages/airflow/example_dags/example_xcomargs.py
[2024-04-06T09:43:25.528+0000] {logging_mixin.py:137} INFO - [2024-04-06T09:43:25.528+0000] {dag.py:2690} INFO - Sync 2 DAGs
[2024-04-06T09:43:25.550+0000] {logging_mixin.py:137} INFO - [2024-04-06T09:43:25.550+0000] {dag.py:3441} INFO - Setting next_dagrun for example_xcom_args to None, run_after=None
[2024-04-06T09:43:25.553+0000] {logging_mixin.py:137} INFO - [2024-04-06T09:43:25.553+0000] {dag.py:3441} INFO - Setting next_dagrun for example_xcom_args_with_operators to None, run_after=None
[2024-04-06T09:43:25.567+0000] {processor.py:175} INFO - Processing /home/airflow/.local/lib/python3.7/site-packages/airflow/example_dags/example_xcomargs.py took 0.087 seconds
[2024-04-06T09:43:55.687+0000] {processor.py:153} INFO - Started process (PID=1189) to work on /home/airflow/.local/lib/python3.7/site-packages/airflow/example_dags/example_xcomargs.py
[2024-04-06T09:43:55.687+0000] {processor.py:743} INFO - Processing file /home/airflow/.local/lib/python3.7/site-packages/airflow/example_dags/example_xcomargs.py for tasks to queue
[2024-04-06T09:43:55.688+0000] {logging_mixin.py:137} INFO - [2024-04-06T09:43:55.688+0000] {dagbag.py:538} INFO - Filling up the DagBag from /home/airflow/.local/lib/python3.7/site-packages/airflow/example_dags/example_xcomargs.py
[2024-04-06T09:43:55.707+0000] {processor.py:753} INFO - DAG(s) dict_keys(['example_xcom_args', 'example_xcom_args_with_operators']) retrieved from /home/airflow/.local/lib/python3.7/site-packages/airflow/example_dags/example_xcomargs.py
[2024-04-06T09:43:55.733+0000] {logging_mixin.py:137} INFO - [2024-04-06T09:43:55.733+0000] {dag.py:2690} INFO - Sync 2 DAGs
[2024-04-06T09:43:55.752+0000] {logging_mixin.py:137} INFO - [2024-04-06T09:43:55.752+0000] {dag.py:3441} INFO - Setting next_dagrun for example_xcom_args to None, run_after=None
[2024-04-06T09:43:55.755+0000] {logging_mixin.py:137} INFO - [2024-04-06T09:43:55.755+0000] {dag.py:3441} INFO - Setting next_dagrun for example_xcom_args_with_operators to None, run_after=None
[2024-04-06T09:43:55.768+0000] {processor.py:175} INFO - Processing /home/airflow/.local/lib/python3.7/site-packages/airflow/example_dags/example_xcomargs.py took 0.084 seconds
[2024-04-06T09:44:26.561+0000] {processor.py:153} INFO - Started process (PID=1277) to work on /home/airflow/.local/lib/python3.7/site-packages/airflow/example_dags/example_xcomargs.py
[2024-04-06T09:44:26.562+0000] {processor.py:743} INFO - Processing file /home/airflow/.local/lib/python3.7/site-packages/airflow/example_dags/example_xcomargs.py for tasks to queue
[2024-04-06T09:44:26.563+0000] {logging_mixin.py:137} INFO - [2024-04-06T09:44:26.563+0000] {dagbag.py:538} INFO - Filling up the DagBag from /home/airflow/.local/lib/python3.7/site-packages/airflow/example_dags/example_xcomargs.py
[2024-04-06T09:44:26.585+0000] {processor.py:753} INFO - DAG(s) dict_keys(['example_xcom_args', 'example_xcom_args_with_operators']) retrieved from /home/airflow/.local/lib/python3.7/site-packages/airflow/example_dags/example_xcomargs.py
[2024-04-06T09:44:26.611+0000] {logging_mixin.py:137} INFO - [2024-04-06T09:44:26.611+0000] {dag.py:2690} INFO - Sync 2 DAGs
[2024-04-06T09:44:26.634+0000] {logging_mixin.py:137} INFO - [2024-04-06T09:44:26.634+0000] {dag.py:3441} INFO - Setting next_dagrun for example_xcom_args to None, run_after=None
[2024-04-06T09:44:26.637+0000] {logging_mixin.py:137} INFO - [2024-04-06T09:44:26.637+0000] {dag.py:3441} INFO - Setting next_dagrun for example_xcom_args_with_operators to None, run_after=None
[2024-04-06T09:44:26.654+0000] {processor.py:175} INFO - Processing /home/airflow/.local/lib/python3.7/site-packages/airflow/example_dags/example_xcomargs.py took 0.096 seconds
[2024-04-06T09:44:56.772+0000] {processor.py:153} INFO - Started process (PID=1349) to work on /home/airflow/.local/lib/python3.7/site-packages/airflow/example_dags/example_xcomargs.py
[2024-04-06T09:44:56.773+0000] {processor.py:743} INFO - Processing file /home/airflow/.local/lib/python3.7/site-packages/airflow/example_dags/example_xcomargs.py for tasks to queue
[2024-04-06T09:44:56.773+0000] {logging_mixin.py:137} INFO - [2024-04-06T09:44:56.773+0000] {dagbag.py:538} INFO - Filling up the DagBag from /home/airflow/.local/lib/python3.7/site-packages/airflow/example_dags/example_xcomargs.py
[2024-04-06T09:44:56.793+0000] {processor.py:753} INFO - DAG(s) dict_keys(['example_xcom_args', 'example_xcom_args_with_operators']) retrieved from /home/airflow/.local/lib/python3.7/site-packages/airflow/example_dags/example_xcomargs.py
[2024-04-06T09:44:56.817+0000] {logging_mixin.py:137} INFO - [2024-04-06T09:44:56.817+0000] {dag.py:2690} INFO - Sync 2 DAGs
[2024-04-06T09:44:56.839+0000] {logging_mixin.py:137} INFO - [2024-04-06T09:44:56.839+0000] {dag.py:3441} INFO - Setting next_dagrun for example_xcom_args to None, run_after=None
[2024-04-06T09:44:56.842+0000] {logging_mixin.py:137} INFO - [2024-04-06T09:44:56.842+0000] {dag.py:3441} INFO - Setting next_dagrun for example_xcom_args_with_operators to None, run_after=None
[2024-04-06T09:44:56.859+0000] {processor.py:175} INFO - Processing /home/airflow/.local/lib/python3.7/site-packages/airflow/example_dags/example_xcomargs.py took 0.089 seconds
[2024-04-06T09:45:27.116+0000] {processor.py:153} INFO - Started process (PID=1437) to work on /home/airflow/.local/lib/python3.7/site-packages/airflow/example_dags/example_xcomargs.py
[2024-04-06T09:45:27.117+0000] {processor.py:743} INFO - Processing file /home/airflow/.local/lib/python3.7/site-packages/airflow/example_dags/example_xcomargs.py for tasks to queue
[2024-04-06T09:45:27.118+0000] {logging_mixin.py:137} INFO - [2024-04-06T09:45:27.117+0000] {dagbag.py:538} INFO - Filling up the DagBag from /home/airflow/.local/lib/python3.7/site-packages/airflow/example_dags/example_xcomargs.py
[2024-04-06T09:45:27.137+0000] {processor.py:753} INFO - DAG(s) dict_keys(['example_xcom_args_with_operators', 'example_xcom_args']) retrieved from /home/airflow/.local/lib/python3.7/site-packages/airflow/example_dags/example_xcomargs.py
[2024-04-06T09:45:27.161+0000] {logging_mixin.py:137} INFO - [2024-04-06T09:45:27.161+0000] {dag.py:2690} INFO - Sync 2 DAGs
[2024-04-06T09:45:27.183+0000] {logging_mixin.py:137} INFO - [2024-04-06T09:45:27.183+0000] {dag.py:3441} INFO - Setting next_dagrun for example_xcom_args to None, run_after=None
[2024-04-06T09:45:27.187+0000] {logging_mixin.py:137} INFO - [2024-04-06T09:45:27.187+0000] {dag.py:3441} INFO - Setting next_dagrun for example_xcom_args_with_operators to None, run_after=None
[2024-04-06T09:45:27.201+0000] {processor.py:175} INFO - Processing /home/airflow/.local/lib/python3.7/site-packages/airflow/example_dags/example_xcomargs.py took 0.086 seconds
[2024-04-06T09:45:57.552+0000] {processor.py:153} INFO - Started process (PID=1509) to work on /home/airflow/.local/lib/python3.7/site-packages/airflow/example_dags/example_xcomargs.py
[2024-04-06T09:45:57.553+0000] {processor.py:743} INFO - Processing file /home/airflow/.local/lib/python3.7/site-packages/airflow/example_dags/example_xcomargs.py for tasks to queue
[2024-04-06T09:45:57.553+0000] {logging_mixin.py:137} INFO - [2024-04-06T09:45:57.553+0000] {dagbag.py:538} INFO - Filling up the DagBag from /home/airflow/.local/lib/python3.7/site-packages/airflow/example_dags/example_xcomargs.py
[2024-04-06T09:45:57.576+0000] {processor.py:753} INFO - DAG(s) dict_keys(['example_xcom_args_with_operators', 'example_xcom_args']) retrieved from /home/airflow/.local/lib/python3.7/site-packages/airflow/example_dags/example_xcomargs.py
[2024-04-06T09:45:57.604+0000] {logging_mixin.py:137} INFO - [2024-04-06T09:45:57.604+0000] {dag.py:2690} INFO - Sync 2 DAGs
[2024-04-06T09:45:57.628+0000] {logging_mixin.py:137} INFO - [2024-04-06T09:45:57.628+0000] {dag.py:3441} INFO - Setting next_dagrun for example_xcom_args to None, run_after=None
[2024-04-06T09:45:57.631+0000] {logging_mixin.py:137} INFO - [2024-04-06T09:45:57.631+0000] {dag.py:3441} INFO - Setting next_dagrun for example_xcom_args_with_operators to None, run_after=None
[2024-04-06T09:45:57.648+0000] {processor.py:175} INFO - Processing /home/airflow/.local/lib/python3.7/site-packages/airflow/example_dags/example_xcomargs.py took 0.100 seconds
[2024-04-06T09:46:27.951+0000] {processor.py:153} INFO - Started process (PID=1596) to work on /home/airflow/.local/lib/python3.7/site-packages/airflow/example_dags/example_xcomargs.py
[2024-04-06T09:46:27.952+0000] {processor.py:743} INFO - Processing file /home/airflow/.local/lib/python3.7/site-packages/airflow/example_dags/example_xcomargs.py for tasks to queue
[2024-04-06T09:46:27.953+0000] {logging_mixin.py:137} INFO - [2024-04-06T09:46:27.953+0000] {dagbag.py:538} INFO - Filling up the DagBag from /home/airflow/.local/lib/python3.7/site-packages/airflow/example_dags/example_xcomargs.py
[2024-04-06T09:46:27.972+0000] {processor.py:753} INFO - DAG(s) dict_keys(['example_xcom_args', 'example_xcom_args_with_operators']) retrieved from /home/airflow/.local/lib/python3.7/site-packages/airflow/example_dags/example_xcomargs.py
[2024-04-06T09:46:27.995+0000] {logging_mixin.py:137} INFO - [2024-04-06T09:46:27.994+0000] {dag.py:2690} INFO - Sync 2 DAGs
[2024-04-06T09:46:28.015+0000] {logging_mixin.py:137} INFO - [2024-04-06T09:46:28.015+0000] {dag.py:3441} INFO - Setting next_dagrun for example_xcom_args to None, run_after=None
[2024-04-06T09:46:28.018+0000] {logging_mixin.py:137} INFO - [2024-04-06T09:46:28.017+0000] {dag.py:3441} INFO - Setting next_dagrun for example_xcom_args_with_operators to None, run_after=None
[2024-04-06T09:46:28.031+0000] {processor.py:175} INFO - Processing /home/airflow/.local/lib/python3.7/site-packages/airflow/example_dags/example_xcomargs.py took 0.084 seconds
[2024-04-06T09:46:58.291+0000] {processor.py:153} INFO - Started process (PID=1668) to work on /home/airflow/.local/lib/python3.7/site-packages/airflow/example_dags/example_xcomargs.py
[2024-04-06T09:46:58.292+0000] {processor.py:743} INFO - Processing file /home/airflow/.local/lib/python3.7/site-packages/airflow/example_dags/example_xcomargs.py for tasks to queue
[2024-04-06T09:46:58.292+0000] {logging_mixin.py:137} INFO - [2024-04-06T09:46:58.292+0000] {dagbag.py:538} INFO - Filling up the DagBag from /home/airflow/.local/lib/python3.7/site-packages/airflow/example_dags/example_xcomargs.py
[2024-04-06T09:46:58.319+0000] {processor.py:753} INFO - DAG(s) dict_keys(['example_xcom_args', 'example_xcom_args_with_operators']) retrieved from /home/airflow/.local/lib/python3.7/site-packages/airflow/example_dags/example_xcomargs.py
[2024-04-06T09:46:58.349+0000] {logging_mixin.py:137} INFO - [2024-04-06T09:46:58.349+0000] {dag.py:2690} INFO - Sync 2 DAGs
[2024-04-06T09:46:58.376+0000] {logging_mixin.py:137} INFO - [2024-04-06T09:46:58.376+0000] {dag.py:3441} INFO - Setting next_dagrun for example_xcom_args to None, run_after=None
[2024-04-06T09:46:58.379+0000] {logging_mixin.py:137} INFO - [2024-04-06T09:46:58.379+0000] {dag.py:3441} INFO - Setting next_dagrun for example_xcom_args_with_operators to None, run_after=None
[2024-04-06T09:46:58.398+0000] {processor.py:175} INFO - Processing /home/airflow/.local/lib/python3.7/site-packages/airflow/example_dags/example_xcomargs.py took 0.110 seconds
[2024-04-06T09:47:28.825+0000] {processor.py:153} INFO - Started process (PID=1756) to work on /home/airflow/.local/lib/python3.7/site-packages/airflow/example_dags/example_xcomargs.py
[2024-04-06T09:47:28.825+0000] {processor.py:743} INFO - Processing file /home/airflow/.local/lib/python3.7/site-packages/airflow/example_dags/example_xcomargs.py for tasks to queue
[2024-04-06T09:47:28.826+0000] {logging_mixin.py:137} INFO - [2024-04-06T09:47:28.826+0000] {dagbag.py:538} INFO - Filling up the DagBag from /home/airflow/.local/lib/python3.7/site-packages/airflow/example_dags/example_xcomargs.py
[2024-04-06T09:47:28.847+0000] {processor.py:753} INFO - DAG(s) dict_keys(['example_xcom_args_with_operators', 'example_xcom_args']) retrieved from /home/airflow/.local/lib/python3.7/site-packages/airflow/example_dags/example_xcomargs.py
[2024-04-06T09:47:28.873+0000] {logging_mixin.py:137} INFO - [2024-04-06T09:47:28.873+0000] {dag.py:2690} INFO - Sync 2 DAGs
[2024-04-06T09:47:28.899+0000] {logging_mixin.py:137} INFO - [2024-04-06T09:47:28.899+0000] {dag.py:3441} INFO - Setting next_dagrun for example_xcom_args to None, run_after=None
[2024-04-06T09:47:28.902+0000] {logging_mixin.py:137} INFO - [2024-04-06T09:47:28.902+0000] {dag.py:3441} INFO - Setting next_dagrun for example_xcom_args_with_operators to None, run_after=None
[2024-04-06T09:47:28.919+0000] {processor.py:175} INFO - Processing /home/airflow/.local/lib/python3.7/site-packages/airflow/example_dags/example_xcomargs.py took 0.096 seconds
[2024-04-06T09:47:59.000+0000] {processor.py:153} INFO - Started process (PID=1828) to work on /home/airflow/.local/lib/python3.7/site-packages/airflow/example_dags/example_xcomargs.py
[2024-04-06T09:47:59.001+0000] {processor.py:743} INFO - Processing file /home/airflow/.local/lib/python3.7/site-packages/airflow/example_dags/example_xcomargs.py for tasks to queue
[2024-04-06T09:47:59.001+0000] {logging_mixin.py:137} INFO - [2024-04-06T09:47:59.001+0000] {dagbag.py:538} INFO - Filling up the DagBag from /home/airflow/.local/lib/python3.7/site-packages/airflow/example_dags/example_xcomargs.py
[2024-04-06T09:47:59.020+0000] {processor.py:753} INFO - DAG(s) dict_keys(['example_xcom_args_with_operators', 'example_xcom_args']) retrieved from /home/airflow/.local/lib/python3.7/site-packages/airflow/example_dags/example_xcomargs.py
[2024-04-06T09:47:59.048+0000] {logging_mixin.py:137} INFO - [2024-04-06T09:47:59.048+0000] {dag.py:2690} INFO - Sync 2 DAGs
[2024-04-06T09:47:59.075+0000] {logging_mixin.py:137} INFO - [2024-04-06T09:47:59.075+0000] {dag.py:3441} INFO - Setting next_dagrun for example_xcom_args to None, run_after=None
[2024-04-06T09:47:59.078+0000] {logging_mixin.py:137} INFO - [2024-04-06T09:47:59.077+0000] {dag.py:3441} INFO - Setting next_dagrun for example_xcom_args_with_operators to None, run_after=None
[2024-04-06T09:47:59.091+0000] {processor.py:175} INFO - Processing /home/airflow/.local/lib/python3.7/site-packages/airflow/example_dags/example_xcomargs.py took 0.093 seconds
[2024-04-06T09:48:29.521+0000] {processor.py:153} INFO - Started process (PID=1916) to work on /home/airflow/.local/lib/python3.7/site-packages/airflow/example_dags/example_xcomargs.py
[2024-04-06T09:48:29.522+0000] {processor.py:743} INFO - Processing file /home/airflow/.local/lib/python3.7/site-packages/airflow/example_dags/example_xcomargs.py for tasks to queue
[2024-04-06T09:48:29.523+0000] {logging_mixin.py:137} INFO - [2024-04-06T09:48:29.523+0000] {dagbag.py:538} INFO - Filling up the DagBag from /home/airflow/.local/lib/python3.7/site-packages/airflow/example_dags/example_xcomargs.py
[2024-04-06T09:48:29.566+0000] {processor.py:753} INFO - DAG(s) dict_keys(['example_xcom_args', 'example_xcom_args_with_operators']) retrieved from /home/airflow/.local/lib/python3.7/site-packages/airflow/example_dags/example_xcomargs.py
[2024-04-06T09:48:29.594+0000] {logging_mixin.py:137} INFO - [2024-04-06T09:48:29.594+0000] {dag.py:2690} INFO - Sync 2 DAGs
[2024-04-06T09:48:29.617+0000] {logging_mixin.py:137} INFO - [2024-04-06T09:48:29.617+0000] {dag.py:3441} INFO - Setting next_dagrun for example_xcom_args to None, run_after=None
[2024-04-06T09:48:29.620+0000] {logging_mixin.py:137} INFO - [2024-04-06T09:48:29.620+0000] {dag.py:3441} INFO - Setting next_dagrun for example_xcom_args_with_operators to None, run_after=None
[2024-04-06T09:48:29.637+0000] {processor.py:175} INFO - Processing /home/airflow/.local/lib/python3.7/site-packages/airflow/example_dags/example_xcomargs.py took 0.121 seconds
[2024-04-06T09:49:00.695+0000] {processor.py:153} INFO - Started process (PID=1988) to work on /home/airflow/.local/lib/python3.7/site-packages/airflow/example_dags/example_xcomargs.py
[2024-04-06T09:49:00.696+0000] {processor.py:743} INFO - Processing file /home/airflow/.local/lib/python3.7/site-packages/airflow/example_dags/example_xcomargs.py for tasks to queue
[2024-04-06T09:49:00.697+0000] {logging_mixin.py:137} INFO - [2024-04-06T09:49:00.697+0000] {dagbag.py:538} INFO - Filling up the DagBag from /home/airflow/.local/lib/python3.7/site-packages/airflow/example_dags/example_xcomargs.py
[2024-04-06T09:49:00.741+0000] {processor.py:753} INFO - DAG(s) dict_keys(['example_xcom_args_with_operators', 'example_xcom_args']) retrieved from /home/airflow/.local/lib/python3.7/site-packages/airflow/example_dags/example_xcomargs.py
[2024-04-06T09:49:00.781+0000] {logging_mixin.py:137} INFO - [2024-04-06T09:49:00.780+0000] {dag.py:2690} INFO - Sync 2 DAGs
[2024-04-06T09:49:00.815+0000] {logging_mixin.py:137} INFO - [2024-04-06T09:49:00.815+0000] {dag.py:3441} INFO - Setting next_dagrun for example_xcom_args to None, run_after=None
[2024-04-06T09:49:00.820+0000] {logging_mixin.py:137} INFO - [2024-04-06T09:49:00.820+0000] {dag.py:3441} INFO - Setting next_dagrun for example_xcom_args_with_operators to None, run_after=None
[2024-04-06T09:49:00.841+0000] {processor.py:175} INFO - Processing /home/airflow/.local/lib/python3.7/site-packages/airflow/example_dags/example_xcomargs.py took 0.151 seconds
[2024-04-06T09:50:15.335+0000] {processor.py:153} INFO - Started process (PID=86) to work on /home/airflow/.local/lib/python3.7/site-packages/airflow/example_dags/example_xcomargs.py
[2024-04-06T09:50:15.337+0000] {processor.py:743} INFO - Processing file /home/airflow/.local/lib/python3.7/site-packages/airflow/example_dags/example_xcomargs.py for tasks to queue
[2024-04-06T09:50:15.339+0000] {logging_mixin.py:137} INFO - [2024-04-06T09:50:15.339+0000] {dagbag.py:538} INFO - Filling up the DagBag from /home/airflow/.local/lib/python3.7/site-packages/airflow/example_dags/example_xcomargs.py
[2024-04-06T09:50:15.387+0000] {processor.py:753} INFO - DAG(s) dict_keys(['example_xcom_args_with_operators', 'example_xcom_args']) retrieved from /home/airflow/.local/lib/python3.7/site-packages/airflow/example_dags/example_xcomargs.py
[2024-04-06T09:50:15.437+0000] {logging_mixin.py:137} INFO - [2024-04-06T09:50:15.436+0000] {dag.py:2690} INFO - Sync 2 DAGs
[2024-04-06T09:50:15.499+0000] {logging_mixin.py:137} INFO - [2024-04-06T09:50:15.499+0000] {dag.py:3441} INFO - Setting next_dagrun for example_xcom_args to None, run_after=None
[2024-04-06T09:50:15.513+0000] {logging_mixin.py:137} INFO - [2024-04-06T09:50:15.513+0000] {dag.py:3441} INFO - Setting next_dagrun for example_xcom_args_with_operators to None, run_after=None
[2024-04-06T09:50:15.558+0000] {processor.py:175} INFO - Processing /home/airflow/.local/lib/python3.7/site-packages/airflow/example_dags/example_xcomargs.py took 0.230 seconds
[2024-04-06T09:50:46.342+0000] {processor.py:153} INFO - Started process (PID=142) to work on /home/airflow/.local/lib/python3.7/site-packages/airflow/example_dags/example_xcomargs.py
[2024-04-06T09:50:46.344+0000] {processor.py:743} INFO - Processing file /home/airflow/.local/lib/python3.7/site-packages/airflow/example_dags/example_xcomargs.py for tasks to queue
[2024-04-06T09:50:46.345+0000] {logging_mixin.py:137} INFO - [2024-04-06T09:50:46.344+0000] {dagbag.py:538} INFO - Filling up the DagBag from /home/airflow/.local/lib/python3.7/site-packages/airflow/example_dags/example_xcomargs.py
[2024-04-06T09:50:46.374+0000] {processor.py:753} INFO - DAG(s) dict_keys(['example_xcom_args_with_operators', 'example_xcom_args']) retrieved from /home/airflow/.local/lib/python3.7/site-packages/airflow/example_dags/example_xcomargs.py
[2024-04-06T09:50:46.410+0000] {logging_mixin.py:137} INFO - [2024-04-06T09:50:46.410+0000] {dag.py:2690} INFO - Sync 2 DAGs
[2024-04-06T09:50:46.447+0000] {logging_mixin.py:137} INFO - [2024-04-06T09:50:46.446+0000] {dag.py:3441} INFO - Setting next_dagrun for example_xcom_args to None, run_after=None
[2024-04-06T09:50:46.451+0000] {logging_mixin.py:137} INFO - [2024-04-06T09:50:46.451+0000] {dag.py:3441} INFO - Setting next_dagrun for example_xcom_args_with_operators to None, run_after=None
[2024-04-06T09:50:46.473+0000] {processor.py:175} INFO - Processing /home/airflow/.local/lib/python3.7/site-packages/airflow/example_dags/example_xcomargs.py took 0.134 seconds
[2024-04-06T09:51:16.873+0000] {processor.py:153} INFO - Started process (PID=231) to work on /home/airflow/.local/lib/python3.7/site-packages/airflow/example_dags/example_xcomargs.py
[2024-04-06T09:51:16.873+0000] {processor.py:743} INFO - Processing file /home/airflow/.local/lib/python3.7/site-packages/airflow/example_dags/example_xcomargs.py for tasks to queue
[2024-04-06T09:51:16.874+0000] {logging_mixin.py:137} INFO - [2024-04-06T09:51:16.874+0000] {dagbag.py:538} INFO - Filling up the DagBag from /home/airflow/.local/lib/python3.7/site-packages/airflow/example_dags/example_xcomargs.py
[2024-04-06T09:51:16.895+0000] {processor.py:753} INFO - DAG(s) dict_keys(['example_xcom_args_with_operators', 'example_xcom_args']) retrieved from /home/airflow/.local/lib/python3.7/site-packages/airflow/example_dags/example_xcomargs.py
[2024-04-06T09:51:16.924+0000] {logging_mixin.py:137} INFO - [2024-04-06T09:51:16.924+0000] {dag.py:2690} INFO - Sync 2 DAGs
[2024-04-06T09:51:16.953+0000] {logging_mixin.py:137} INFO - [2024-04-06T09:51:16.952+0000] {dag.py:3441} INFO - Setting next_dagrun for example_xcom_args to None, run_after=None
[2024-04-06T09:51:16.958+0000] {logging_mixin.py:137} INFO - [2024-04-06T09:51:16.958+0000] {dag.py:3441} INFO - Setting next_dagrun for example_xcom_args_with_operators to None, run_after=None
[2024-04-06T09:51:16.982+0000] {processor.py:175} INFO - Processing /home/airflow/.local/lib/python3.7/site-packages/airflow/example_dags/example_xcomargs.py took 0.112 seconds
[2024-04-06T09:58:25.750+0000] {processor.py:153} INFO - Started process (PID=87) to work on /home/airflow/.local/lib/python3.7/site-packages/airflow/example_dags/example_xcomargs.py
[2024-04-06T09:58:25.752+0000] {processor.py:743} INFO - Processing file /home/airflow/.local/lib/python3.7/site-packages/airflow/example_dags/example_xcomargs.py for tasks to queue
[2024-04-06T09:58:25.753+0000] {logging_mixin.py:137} INFO - [2024-04-06T09:58:25.752+0000] {dagbag.py:538} INFO - Filling up the DagBag from /home/airflow/.local/lib/python3.7/site-packages/airflow/example_dags/example_xcomargs.py
[2024-04-06T09:58:25.807+0000] {processor.py:753} INFO - DAG(s) dict_keys(['example_xcom_args_with_operators', 'example_xcom_args']) retrieved from /home/airflow/.local/lib/python3.7/site-packages/airflow/example_dags/example_xcomargs.py
[2024-04-06T09:58:25.827+0000] {logging_mixin.py:137} INFO - [2024-04-06T09:58:25.827+0000] {dag.py:2690} INFO - Sync 2 DAGs
[2024-04-06T09:58:25.871+0000] {logging_mixin.py:137} INFO - [2024-04-06T09:58:25.870+0000] {dag.py:3441} INFO - Setting next_dagrun for example_xcom_args to None, run_after=None
[2024-04-06T09:58:25.877+0000] {logging_mixin.py:137} INFO - [2024-04-06T09:58:25.877+0000] {dag.py:3441} INFO - Setting next_dagrun for example_xcom_args_with_operators to None, run_after=None
[2024-04-06T09:58:25.905+0000] {processor.py:175} INFO - Processing /home/airflow/.local/lib/python3.7/site-packages/airflow/example_dags/example_xcomargs.py took 0.160 seconds
[2024-04-06T09:58:56.523+0000] {processor.py:153} INFO - Started process (PID=159) to work on /home/airflow/.local/lib/python3.7/site-packages/airflow/example_dags/example_xcomargs.py
[2024-04-06T09:58:56.524+0000] {processor.py:743} INFO - Processing file /home/airflow/.local/lib/python3.7/site-packages/airflow/example_dags/example_xcomargs.py for tasks to queue
[2024-04-06T09:58:56.524+0000] {logging_mixin.py:137} INFO - [2024-04-06T09:58:56.524+0000] {dagbag.py:538} INFO - Filling up the DagBag from /home/airflow/.local/lib/python3.7/site-packages/airflow/example_dags/example_xcomargs.py
[2024-04-06T09:58:56.550+0000] {processor.py:753} INFO - DAG(s) dict_keys(['example_xcom_args', 'example_xcom_args_with_operators']) retrieved from /home/airflow/.local/lib/python3.7/site-packages/airflow/example_dags/example_xcomargs.py
[2024-04-06T09:58:56.562+0000] {logging_mixin.py:137} INFO - [2024-04-06T09:58:56.562+0000] {dag.py:2690} INFO - Sync 2 DAGs
[2024-04-06T09:58:56.592+0000] {logging_mixin.py:137} INFO - [2024-04-06T09:58:56.592+0000] {dag.py:3441} INFO - Setting next_dagrun for example_xcom_args to None, run_after=None
[2024-04-06T09:58:56.598+0000] {logging_mixin.py:137} INFO - [2024-04-06T09:58:56.598+0000] {dag.py:3441} INFO - Setting next_dagrun for example_xcom_args_with_operators to None, run_after=None
[2024-04-06T09:58:56.621+0000] {processor.py:175} INFO - Processing /home/airflow/.local/lib/python3.7/site-packages/airflow/example_dags/example_xcomargs.py took 0.101 seconds
[2024-04-06T09:59:28.664+0000] {processor.py:153} INFO - Started process (PID=240) to work on /home/airflow/.local/lib/python3.7/site-packages/airflow/example_dags/example_xcomargs.py
[2024-04-06T09:59:28.668+0000] {processor.py:743} INFO - Processing file /home/airflow/.local/lib/python3.7/site-packages/airflow/example_dags/example_xcomargs.py for tasks to queue
[2024-04-06T09:59:28.669+0000] {logging_mixin.py:137} INFO - [2024-04-06T09:59:28.669+0000] {dagbag.py:538} INFO - Filling up the DagBag from /home/airflow/.local/lib/python3.7/site-packages/airflow/example_dags/example_xcomargs.py
[2024-04-06T09:59:28.704+0000] {processor.py:753} INFO - DAG(s) dict_keys(['example_xcom_args', 'example_xcom_args_with_operators']) retrieved from /home/airflow/.local/lib/python3.7/site-packages/airflow/example_dags/example_xcomargs.py
[2024-04-06T09:59:28.747+0000] {logging_mixin.py:137} INFO - [2024-04-06T09:59:28.747+0000] {dag.py:2690} INFO - Sync 2 DAGs
[2024-04-06T09:59:28.789+0000] {logging_mixin.py:137} INFO - [2024-04-06T09:59:28.788+0000] {dag.py:3441} INFO - Setting next_dagrun for example_xcom_args to None, run_after=None
[2024-04-06T09:59:28.794+0000] {logging_mixin.py:137} INFO - [2024-04-06T09:59:28.794+0000] {dag.py:3441} INFO - Setting next_dagrun for example_xcom_args_with_operators to None, run_after=None
[2024-04-06T09:59:28.826+0000] {processor.py:175} INFO - Processing /home/airflow/.local/lib/python3.7/site-packages/airflow/example_dags/example_xcomargs.py took 0.165 seconds
[2024-04-06T09:59:59.352+0000] {processor.py:153} INFO - Started process (PID=303) to work on /home/airflow/.local/lib/python3.7/site-packages/airflow/example_dags/example_xcomargs.py
[2024-04-06T09:59:59.353+0000] {processor.py:743} INFO - Processing file /home/airflow/.local/lib/python3.7/site-packages/airflow/example_dags/example_xcomargs.py for tasks to queue
[2024-04-06T09:59:59.353+0000] {logging_mixin.py:137} INFO - [2024-04-06T09:59:59.353+0000] {dagbag.py:538} INFO - Filling up the DagBag from /home/airflow/.local/lib/python3.7/site-packages/airflow/example_dags/example_xcomargs.py
[2024-04-06T09:59:59.380+0000] {processor.py:753} INFO - DAG(s) dict_keys(['example_xcom_args', 'example_xcom_args_with_operators']) retrieved from /home/airflow/.local/lib/python3.7/site-packages/airflow/example_dags/example_xcomargs.py
[2024-04-06T09:59:59.411+0000] {logging_mixin.py:137} INFO - [2024-04-06T09:59:59.411+0000] {dag.py:2690} INFO - Sync 2 DAGs
[2024-04-06T09:59:59.439+0000] {logging_mixin.py:137} INFO - [2024-04-06T09:59:59.439+0000] {dag.py:3441} INFO - Setting next_dagrun for example_xcom_args to None, run_after=None
[2024-04-06T09:59:59.444+0000] {logging_mixin.py:137} INFO - [2024-04-06T09:59:59.444+0000] {dag.py:3441} INFO - Setting next_dagrun for example_xcom_args_with_operators to None, run_after=None
[2024-04-06T09:59:59.461+0000] {processor.py:175} INFO - Processing /home/airflow/.local/lib/python3.7/site-packages/airflow/example_dags/example_xcomargs.py took 0.112 seconds
[2024-04-06T10:00:29.520+0000] {processor.py:153} INFO - Started process (PID=375) to work on /home/airflow/.local/lib/python3.7/site-packages/airflow/example_dags/example_xcomargs.py
[2024-04-06T10:00:29.521+0000] {processor.py:743} INFO - Processing file /home/airflow/.local/lib/python3.7/site-packages/airflow/example_dags/example_xcomargs.py for tasks to queue
[2024-04-06T10:00:29.522+0000] {logging_mixin.py:137} INFO - [2024-04-06T10:00:29.521+0000] {dagbag.py:538} INFO - Filling up the DagBag from /home/airflow/.local/lib/python3.7/site-packages/airflow/example_dags/example_xcomargs.py
[2024-04-06T10:00:29.546+0000] {processor.py:753} INFO - DAG(s) dict_keys(['example_xcom_args', 'example_xcom_args_with_operators']) retrieved from /home/airflow/.local/lib/python3.7/site-packages/airflow/example_dags/example_xcomargs.py
[2024-04-06T10:00:29.575+0000] {logging_mixin.py:137} INFO - [2024-04-06T10:00:29.575+0000] {dag.py:2690} INFO - Sync 2 DAGs
[2024-04-06T10:00:29.602+0000] {logging_mixin.py:137} INFO - [2024-04-06T10:00:29.602+0000] {dag.py:3441} INFO - Setting next_dagrun for example_xcom_args to None, run_after=None
[2024-04-06T10:00:29.607+0000] {logging_mixin.py:137} INFO - [2024-04-06T10:00:29.606+0000] {dag.py:3441} INFO - Setting next_dagrun for example_xcom_args_with_operators to None, run_after=None
[2024-04-06T10:00:29.625+0000] {processor.py:175} INFO - Processing /home/airflow/.local/lib/python3.7/site-packages/airflow/example_dags/example_xcomargs.py took 0.108 seconds
[2024-04-06T10:00:59.970+0000] {processor.py:153} INFO - Started process (PID=463) to work on /home/airflow/.local/lib/python3.7/site-packages/airflow/example_dags/example_xcomargs.py
[2024-04-06T10:00:59.971+0000] {processor.py:743} INFO - Processing file /home/airflow/.local/lib/python3.7/site-packages/airflow/example_dags/example_xcomargs.py for tasks to queue
[2024-04-06T10:00:59.971+0000] {logging_mixin.py:137} INFO - [2024-04-06T10:00:59.971+0000] {dagbag.py:538} INFO - Filling up the DagBag from /home/airflow/.local/lib/python3.7/site-packages/airflow/example_dags/example_xcomargs.py
[2024-04-06T10:00:59.991+0000] {processor.py:753} INFO - DAG(s) dict_keys(['example_xcom_args_with_operators', 'example_xcom_args']) retrieved from /home/airflow/.local/lib/python3.7/site-packages/airflow/example_dags/example_xcomargs.py
[2024-04-06T10:01:00.015+0000] {logging_mixin.py:137} INFO - [2024-04-06T10:01:00.015+0000] {dag.py:2690} INFO - Sync 2 DAGs
[2024-04-06T10:01:00.037+0000] {logging_mixin.py:137} INFO - [2024-04-06T10:01:00.037+0000] {dag.py:3441} INFO - Setting next_dagrun for example_xcom_args to None, run_after=None
[2024-04-06T10:01:00.040+0000] {logging_mixin.py:137} INFO - [2024-04-06T10:01:00.040+0000] {dag.py:3441} INFO - Setting next_dagrun for example_xcom_args_with_operators to None, run_after=None
[2024-04-06T10:01:00.055+0000] {processor.py:175} INFO - Processing /home/airflow/.local/lib/python3.7/site-packages/airflow/example_dags/example_xcomargs.py took 0.087 seconds
[2024-04-06T10:01:30.368+0000] {processor.py:153} INFO - Started process (PID=535) to work on /home/airflow/.local/lib/python3.7/site-packages/airflow/example_dags/example_xcomargs.py
[2024-04-06T10:01:30.369+0000] {processor.py:743} INFO - Processing file /home/airflow/.local/lib/python3.7/site-packages/airflow/example_dags/example_xcomargs.py for tasks to queue
[2024-04-06T10:01:30.370+0000] {logging_mixin.py:137} INFO - [2024-04-06T10:01:30.370+0000] {dagbag.py:538} INFO - Filling up the DagBag from /home/airflow/.local/lib/python3.7/site-packages/airflow/example_dags/example_xcomargs.py
[2024-04-06T10:01:30.405+0000] {processor.py:753} INFO - DAG(s) dict_keys(['example_xcom_args_with_operators', 'example_xcom_args']) retrieved from /home/airflow/.local/lib/python3.7/site-packages/airflow/example_dags/example_xcomargs.py
[2024-04-06T10:01:30.445+0000] {logging_mixin.py:137} INFO - [2024-04-06T10:01:30.445+0000] {dag.py:2690} INFO - Sync 2 DAGs
[2024-04-06T10:01:30.485+0000] {logging_mixin.py:137} INFO - [2024-04-06T10:01:30.484+0000] {dag.py:3441} INFO - Setting next_dagrun for example_xcom_args to None, run_after=None
[2024-04-06T10:01:30.491+0000] {logging_mixin.py:137} INFO - [2024-04-06T10:01:30.491+0000] {dag.py:3441} INFO - Setting next_dagrun for example_xcom_args_with_operators to None, run_after=None
[2024-04-06T10:01:30.511+0000] {processor.py:175} INFO - Processing /home/airflow/.local/lib/python3.7/site-packages/airflow/example_dags/example_xcomargs.py took 0.146 seconds
[2024-04-06T10:02:00.713+0000] {processor.py:153} INFO - Started process (PID=623) to work on /home/airflow/.local/lib/python3.7/site-packages/airflow/example_dags/example_xcomargs.py
[2024-04-06T10:02:00.714+0000] {processor.py:743} INFO - Processing file /home/airflow/.local/lib/python3.7/site-packages/airflow/example_dags/example_xcomargs.py for tasks to queue
[2024-04-06T10:02:00.715+0000] {logging_mixin.py:137} INFO - [2024-04-06T10:02:00.715+0000] {dagbag.py:538} INFO - Filling up the DagBag from /home/airflow/.local/lib/python3.7/site-packages/airflow/example_dags/example_xcomargs.py
[2024-04-06T10:02:00.737+0000] {processor.py:753} INFO - DAG(s) dict_keys(['example_xcom_args', 'example_xcom_args_with_operators']) retrieved from /home/airflow/.local/lib/python3.7/site-packages/airflow/example_dags/example_xcomargs.py
[2024-04-06T10:02:00.764+0000] {logging_mixin.py:137} INFO - [2024-04-06T10:02:00.764+0000] {dag.py:2690} INFO - Sync 2 DAGs
[2024-04-06T10:02:00.788+0000] {logging_mixin.py:137} INFO - [2024-04-06T10:02:00.788+0000] {dag.py:3441} INFO - Setting next_dagrun for example_xcom_args to None, run_after=None
[2024-04-06T10:02:00.791+0000] {logging_mixin.py:137} INFO - [2024-04-06T10:02:00.791+0000] {dag.py:3441} INFO - Setting next_dagrun for example_xcom_args_with_operators to None, run_after=None
[2024-04-06T10:02:00.807+0000] {processor.py:175} INFO - Processing /home/airflow/.local/lib/python3.7/site-packages/airflow/example_dags/example_xcomargs.py took 0.097 seconds
[2024-04-06T10:02:31.439+0000] {processor.py:153} INFO - Started process (PID=711) to work on /home/airflow/.local/lib/python3.7/site-packages/airflow/example_dags/example_xcomargs.py
[2024-04-06T10:02:31.440+0000] {processor.py:743} INFO - Processing file /home/airflow/.local/lib/python3.7/site-packages/airflow/example_dags/example_xcomargs.py for tasks to queue
[2024-04-06T10:02:31.440+0000] {logging_mixin.py:137} INFO - [2024-04-06T10:02:31.440+0000] {dagbag.py:538} INFO - Filling up the DagBag from /home/airflow/.local/lib/python3.7/site-packages/airflow/example_dags/example_xcomargs.py
[2024-04-06T10:02:31.462+0000] {processor.py:753} INFO - DAG(s) dict_keys(['example_xcom_args_with_operators', 'example_xcom_args']) retrieved from /home/airflow/.local/lib/python3.7/site-packages/airflow/example_dags/example_xcomargs.py
[2024-04-06T10:02:31.488+0000] {logging_mixin.py:137} INFO - [2024-04-06T10:02:31.488+0000] {dag.py:2690} INFO - Sync 2 DAGs
[2024-04-06T10:02:31.511+0000] {logging_mixin.py:137} INFO - [2024-04-06T10:02:31.510+0000] {dag.py:3441} INFO - Setting next_dagrun for example_xcom_args to None, run_after=None
[2024-04-06T10:02:31.514+0000] {logging_mixin.py:137} INFO - [2024-04-06T10:02:31.514+0000] {dag.py:3441} INFO - Setting next_dagrun for example_xcom_args_with_operators to None, run_after=None
[2024-04-06T10:02:31.529+0000] {processor.py:175} INFO - Processing /home/airflow/.local/lib/python3.7/site-packages/airflow/example_dags/example_xcomargs.py took 0.093 seconds
[2024-04-06T10:03:01.765+0000] {processor.py:153} INFO - Started process (PID=783) to work on /home/airflow/.local/lib/python3.7/site-packages/airflow/example_dags/example_xcomargs.py
[2024-04-06T10:03:01.765+0000] {processor.py:743} INFO - Processing file /home/airflow/.local/lib/python3.7/site-packages/airflow/example_dags/example_xcomargs.py for tasks to queue
[2024-04-06T10:03:01.766+0000] {logging_mixin.py:137} INFO - [2024-04-06T10:03:01.766+0000] {dagbag.py:538} INFO - Filling up the DagBag from /home/airflow/.local/lib/python3.7/site-packages/airflow/example_dags/example_xcomargs.py
[2024-04-06T10:03:01.784+0000] {processor.py:753} INFO - DAG(s) dict_keys(['example_xcom_args', 'example_xcom_args_with_operators']) retrieved from /home/airflow/.local/lib/python3.7/site-packages/airflow/example_dags/example_xcomargs.py
[2024-04-06T10:03:01.808+0000] {logging_mixin.py:137} INFO - [2024-04-06T10:03:01.808+0000] {dag.py:2690} INFO - Sync 2 DAGs
[2024-04-06T10:03:01.830+0000] {logging_mixin.py:137} INFO - [2024-04-06T10:03:01.830+0000] {dag.py:3441} INFO - Setting next_dagrun for example_xcom_args to None, run_after=None
[2024-04-06T10:03:01.834+0000] {logging_mixin.py:137} INFO - [2024-04-06T10:03:01.833+0000] {dag.py:3441} INFO - Setting next_dagrun for example_xcom_args_with_operators to None, run_after=None
[2024-04-06T10:03:01.849+0000] {processor.py:175} INFO - Processing /home/airflow/.local/lib/python3.7/site-packages/airflow/example_dags/example_xcomargs.py took 0.086 seconds
[2024-04-06T10:03:32.162+0000] {processor.py:153} INFO - Started process (PID=872) to work on /home/airflow/.local/lib/python3.7/site-packages/airflow/example_dags/example_xcomargs.py
[2024-04-06T10:03:32.163+0000] {processor.py:743} INFO - Processing file /home/airflow/.local/lib/python3.7/site-packages/airflow/example_dags/example_xcomargs.py for tasks to queue
[2024-04-06T10:03:32.164+0000] {logging_mixin.py:137} INFO - [2024-04-06T10:03:32.164+0000] {dagbag.py:538} INFO - Filling up the DagBag from /home/airflow/.local/lib/python3.7/site-packages/airflow/example_dags/example_xcomargs.py
[2024-04-06T10:03:32.191+0000] {processor.py:753} INFO - DAG(s) dict_keys(['example_xcom_args', 'example_xcom_args_with_operators']) retrieved from /home/airflow/.local/lib/python3.7/site-packages/airflow/example_dags/example_xcomargs.py
[2024-04-06T10:03:32.226+0000] {logging_mixin.py:137} INFO - [2024-04-06T10:03:32.225+0000] {dag.py:2690} INFO - Sync 2 DAGs
[2024-04-06T10:03:32.251+0000] {logging_mixin.py:137} INFO - [2024-04-06T10:03:32.251+0000] {dag.py:3441} INFO - Setting next_dagrun for example_xcom_args to None, run_after=None
[2024-04-06T10:03:32.253+0000] {logging_mixin.py:137} INFO - [2024-04-06T10:03:32.253+0000] {dag.py:3441} INFO - Setting next_dagrun for example_xcom_args_with_operators to None, run_after=None
[2024-04-06T10:03:32.266+0000] {processor.py:175} INFO - Processing /home/airflow/.local/lib/python3.7/site-packages/airflow/example_dags/example_xcomargs.py took 0.107 seconds
[2024-04-06T10:04:02.828+0000] {processor.py:153} INFO - Started process (PID=943) to work on /home/airflow/.local/lib/python3.7/site-packages/airflow/example_dags/example_xcomargs.py
[2024-04-06T10:04:02.828+0000] {processor.py:743} INFO - Processing file /home/airflow/.local/lib/python3.7/site-packages/airflow/example_dags/example_xcomargs.py for tasks to queue
[2024-04-06T10:04:02.829+0000] {logging_mixin.py:137} INFO - [2024-04-06T10:04:02.829+0000] {dagbag.py:538} INFO - Filling up the DagBag from /home/airflow/.local/lib/python3.7/site-packages/airflow/example_dags/example_xcomargs.py
[2024-04-06T10:04:02.854+0000] {processor.py:753} INFO - DAG(s) dict_keys(['example_xcom_args_with_operators', 'example_xcom_args']) retrieved from /home/airflow/.local/lib/python3.7/site-packages/airflow/example_dags/example_xcomargs.py
[2024-04-06T10:04:02.883+0000] {logging_mixin.py:137} INFO - [2024-04-06T10:04:02.883+0000] {dag.py:2690} INFO - Sync 2 DAGs
[2024-04-06T10:04:02.910+0000] {logging_mixin.py:137} INFO - [2024-04-06T10:04:02.910+0000] {dag.py:3441} INFO - Setting next_dagrun for example_xcom_args to None, run_after=None
[2024-04-06T10:04:02.914+0000] {logging_mixin.py:137} INFO - [2024-04-06T10:04:02.914+0000] {dag.py:3441} INFO - Setting next_dagrun for example_xcom_args_with_operators to None, run_after=None
[2024-04-06T10:04:02.935+0000] {processor.py:175} INFO - Processing /home/airflow/.local/lib/python3.7/site-packages/airflow/example_dags/example_xcomargs.py took 0.110 seconds
[2024-04-06T10:04:33.373+0000] {processor.py:153} INFO - Started process (PID=1031) to work on /home/airflow/.local/lib/python3.7/site-packages/airflow/example_dags/example_xcomargs.py
[2024-04-06T10:04:33.374+0000] {processor.py:743} INFO - Processing file /home/airflow/.local/lib/python3.7/site-packages/airflow/example_dags/example_xcomargs.py for tasks to queue
[2024-04-06T10:04:33.375+0000] {logging_mixin.py:137} INFO - [2024-04-06T10:04:33.375+0000] {dagbag.py:538} INFO - Filling up the DagBag from /home/airflow/.local/lib/python3.7/site-packages/airflow/example_dags/example_xcomargs.py
[2024-04-06T10:04:33.396+0000] {processor.py:753} INFO - DAG(s) dict_keys(['example_xcom_args_with_operators', 'example_xcom_args']) retrieved from /home/airflow/.local/lib/python3.7/site-packages/airflow/example_dags/example_xcomargs.py
[2024-04-06T10:04:33.424+0000] {logging_mixin.py:137} INFO - [2024-04-06T10:04:33.424+0000] {dag.py:2690} INFO - Sync 2 DAGs
[2024-04-06T10:04:33.453+0000] {logging_mixin.py:137} INFO - [2024-04-06T10:04:33.453+0000] {dag.py:3441} INFO - Setting next_dagrun for example_xcom_args to None, run_after=None
[2024-04-06T10:04:33.459+0000] {logging_mixin.py:137} INFO - [2024-04-06T10:04:33.458+0000] {dag.py:3441} INFO - Setting next_dagrun for example_xcom_args_with_operators to None, run_after=None
[2024-04-06T10:04:33.487+0000] {processor.py:175} INFO - Processing /home/airflow/.local/lib/python3.7/site-packages/airflow/example_dags/example_xcomargs.py took 0.116 seconds
[2024-04-06T10:05:04.287+0000] {processor.py:153} INFO - Started process (PID=1103) to work on /home/airflow/.local/lib/python3.7/site-packages/airflow/example_dags/example_xcomargs.py
[2024-04-06T10:05:04.287+0000] {processor.py:743} INFO - Processing file /home/airflow/.local/lib/python3.7/site-packages/airflow/example_dags/example_xcomargs.py for tasks to queue
[2024-04-06T10:05:04.288+0000] {logging_mixin.py:137} INFO - [2024-04-06T10:05:04.288+0000] {dagbag.py:538} INFO - Filling up the DagBag from /home/airflow/.local/lib/python3.7/site-packages/airflow/example_dags/example_xcomargs.py
[2024-04-06T10:05:04.317+0000] {processor.py:753} INFO - DAG(s) dict_keys(['example_xcom_args_with_operators', 'example_xcom_args']) retrieved from /home/airflow/.local/lib/python3.7/site-packages/airflow/example_dags/example_xcomargs.py
[2024-04-06T10:05:04.358+0000] {logging_mixin.py:137} INFO - [2024-04-06T10:05:04.357+0000] {dag.py:2690} INFO - Sync 2 DAGs
[2024-04-06T10:05:04.397+0000] {logging_mixin.py:137} INFO - [2024-04-06T10:05:04.397+0000] {dag.py:3441} INFO - Setting next_dagrun for example_xcom_args to None, run_after=None
[2024-04-06T10:05:04.402+0000] {logging_mixin.py:137} INFO - [2024-04-06T10:05:04.402+0000] {dag.py:3441} INFO - Setting next_dagrun for example_xcom_args_with_operators to None, run_after=None
[2024-04-06T10:05:04.423+0000] {processor.py:175} INFO - Processing /home/airflow/.local/lib/python3.7/site-packages/airflow/example_dags/example_xcomargs.py took 0.140 seconds
[2024-04-06T10:05:35.204+0000] {processor.py:153} INFO - Started process (PID=1191) to work on /home/airflow/.local/lib/python3.7/site-packages/airflow/example_dags/example_xcomargs.py
[2024-04-06T10:05:35.205+0000] {processor.py:743} INFO - Processing file /home/airflow/.local/lib/python3.7/site-packages/airflow/example_dags/example_xcomargs.py for tasks to queue
[2024-04-06T10:05:35.206+0000] {logging_mixin.py:137} INFO - [2024-04-06T10:05:35.206+0000] {dagbag.py:538} INFO - Filling up the DagBag from /home/airflow/.local/lib/python3.7/site-packages/airflow/example_dags/example_xcomargs.py
[2024-04-06T10:05:35.231+0000] {processor.py:753} INFO - DAG(s) dict_keys(['example_xcom_args_with_operators', 'example_xcom_args']) retrieved from /home/airflow/.local/lib/python3.7/site-packages/airflow/example_dags/example_xcomargs.py
[2024-04-06T10:05:35.260+0000] {logging_mixin.py:137} INFO - [2024-04-06T10:05:35.260+0000] {dag.py:2690} INFO - Sync 2 DAGs
[2024-04-06T10:05:35.286+0000] {logging_mixin.py:137} INFO - [2024-04-06T10:05:35.286+0000] {dag.py:3441} INFO - Setting next_dagrun for example_xcom_args to None, run_after=None
[2024-04-06T10:05:35.290+0000] {logging_mixin.py:137} INFO - [2024-04-06T10:05:35.290+0000] {dag.py:3441} INFO - Setting next_dagrun for example_xcom_args_with_operators to None, run_after=None
[2024-04-06T10:05:35.305+0000] {processor.py:175} INFO - Processing /home/airflow/.local/lib/python3.7/site-packages/airflow/example_dags/example_xcomargs.py took 0.104 seconds
[2024-04-06T10:06:07.109+0000] {processor.py:153} INFO - Started process (PID=1271) to work on /home/airflow/.local/lib/python3.7/site-packages/airflow/example_dags/example_xcomargs.py
[2024-04-06T10:06:07.111+0000] {processor.py:743} INFO - Processing file /home/airflow/.local/lib/python3.7/site-packages/airflow/example_dags/example_xcomargs.py for tasks to queue
[2024-04-06T10:06:07.112+0000] {logging_mixin.py:137} INFO - [2024-04-06T10:06:07.111+0000] {dagbag.py:538} INFO - Filling up the DagBag from /home/airflow/.local/lib/python3.7/site-packages/airflow/example_dags/example_xcomargs.py
[2024-04-06T10:06:07.160+0000] {processor.py:753} INFO - DAG(s) dict_keys(['example_xcom_args', 'example_xcom_args_with_operators']) retrieved from /home/airflow/.local/lib/python3.7/site-packages/airflow/example_dags/example_xcomargs.py
[2024-04-06T10:06:07.231+0000] {logging_mixin.py:137} INFO - [2024-04-06T10:06:07.230+0000] {dag.py:2690} INFO - Sync 2 DAGs
[2024-04-06T10:06:07.282+0000] {logging_mixin.py:137} INFO - [2024-04-06T10:06:07.281+0000] {dag.py:3441} INFO - Setting next_dagrun for example_xcom_args to None, run_after=None
[2024-04-06T10:06:07.291+0000] {logging_mixin.py:137} INFO - [2024-04-06T10:06:07.290+0000] {dag.py:3441} INFO - Setting next_dagrun for example_xcom_args_with_operators to None, run_after=None
[2024-04-06T10:06:07.328+0000] {processor.py:175} INFO - Processing /home/airflow/.local/lib/python3.7/site-packages/airflow/example_dags/example_xcomargs.py took 0.225 seconds
[2024-04-06T10:06:37.642+0000] {processor.py:153} INFO - Started process (PID=1345) to work on /home/airflow/.local/lib/python3.7/site-packages/airflow/example_dags/example_xcomargs.py
[2024-04-06T10:06:37.645+0000] {processor.py:743} INFO - Processing file /home/airflow/.local/lib/python3.7/site-packages/airflow/example_dags/example_xcomargs.py for tasks to queue
[2024-04-06T10:06:37.647+0000] {logging_mixin.py:137} INFO - [2024-04-06T10:06:37.647+0000] {dagbag.py:538} INFO - Filling up the DagBag from /home/airflow/.local/lib/python3.7/site-packages/airflow/example_dags/example_xcomargs.py
[2024-04-06T10:06:37.710+0000] {processor.py:753} INFO - DAG(s) dict_keys(['example_xcom_args_with_operators', 'example_xcom_args']) retrieved from /home/airflow/.local/lib/python3.7/site-packages/airflow/example_dags/example_xcomargs.py
[2024-04-06T10:06:37.786+0000] {logging_mixin.py:137} INFO - [2024-04-06T10:06:37.786+0000] {dag.py:2690} INFO - Sync 2 DAGs
[2024-04-06T10:06:37.854+0000] {logging_mixin.py:137} INFO - [2024-04-06T10:06:37.854+0000] {dag.py:3441} INFO - Setting next_dagrun for example_xcom_args to None, run_after=None
[2024-04-06T10:06:37.862+0000] {logging_mixin.py:137} INFO - [2024-04-06T10:06:37.862+0000] {dag.py:3441} INFO - Setting next_dagrun for example_xcom_args_with_operators to None, run_after=None
[2024-04-06T10:06:37.906+0000] {processor.py:175} INFO - Processing /home/airflow/.local/lib/python3.7/site-packages/airflow/example_dags/example_xcomargs.py took 0.271 seconds
[2024-04-06T10:07:08.053+0000] {processor.py:153} INFO - Started process (PID=1416) to work on /home/airflow/.local/lib/python3.7/site-packages/airflow/example_dags/example_xcomargs.py
[2024-04-06T10:07:08.054+0000] {processor.py:743} INFO - Processing file /home/airflow/.local/lib/python3.7/site-packages/airflow/example_dags/example_xcomargs.py for tasks to queue
[2024-04-06T10:07:08.056+0000] {logging_mixin.py:137} INFO - [2024-04-06T10:07:08.055+0000] {dagbag.py:538} INFO - Filling up the DagBag from /home/airflow/.local/lib/python3.7/site-packages/airflow/example_dags/example_xcomargs.py
[2024-04-06T10:07:08.105+0000] {processor.py:753} INFO - DAG(s) dict_keys(['example_xcom_args', 'example_xcom_args_with_operators']) retrieved from /home/airflow/.local/lib/python3.7/site-packages/airflow/example_dags/example_xcomargs.py
[2024-04-06T10:07:08.179+0000] {logging_mixin.py:137} INFO - [2024-04-06T10:07:08.178+0000] {dag.py:2690} INFO - Sync 2 DAGs
[2024-04-06T10:07:08.252+0000] {logging_mixin.py:137} INFO - [2024-04-06T10:07:08.252+0000] {dag.py:3441} INFO - Setting next_dagrun for example_xcom_args to None, run_after=None
[2024-04-06T10:07:08.262+0000] {logging_mixin.py:137} INFO - [2024-04-06T10:07:08.262+0000] {dag.py:3441} INFO - Setting next_dagrun for example_xcom_args_with_operators to None, run_after=None
[2024-04-06T10:07:08.307+0000] {processor.py:175} INFO - Processing /home/airflow/.local/lib/python3.7/site-packages/airflow/example_dags/example_xcomargs.py took 0.259 seconds
[2024-04-06T10:07:39.012+0000] {processor.py:153} INFO - Started process (PID=1495) to work on /home/airflow/.local/lib/python3.7/site-packages/airflow/example_dags/example_xcomargs.py
[2024-04-06T10:07:39.014+0000] {processor.py:743} INFO - Processing file /home/airflow/.local/lib/python3.7/site-packages/airflow/example_dags/example_xcomargs.py for tasks to queue
[2024-04-06T10:07:39.015+0000] {logging_mixin.py:137} INFO - [2024-04-06T10:07:39.014+0000] {dagbag.py:538} INFO - Filling up the DagBag from /home/airflow/.local/lib/python3.7/site-packages/airflow/example_dags/example_xcomargs.py
[2024-04-06T10:07:39.063+0000] {processor.py:753} INFO - DAG(s) dict_keys(['example_xcom_args', 'example_xcom_args_with_operators']) retrieved from /home/airflow/.local/lib/python3.7/site-packages/airflow/example_dags/example_xcomargs.py
[2024-04-06T10:07:39.113+0000] {logging_mixin.py:137} INFO - [2024-04-06T10:07:39.113+0000] {dag.py:2690} INFO - Sync 2 DAGs
[2024-04-06T10:07:39.163+0000] {logging_mixin.py:137} INFO - [2024-04-06T10:07:39.163+0000] {dag.py:3441} INFO - Setting next_dagrun for example_xcom_args to None, run_after=None
[2024-04-06T10:07:39.170+0000] {logging_mixin.py:137} INFO - [2024-04-06T10:07:39.169+0000] {dag.py:3441} INFO - Setting next_dagrun for example_xcom_args_with_operators to None, run_after=None
[2024-04-06T10:07:39.200+0000] {processor.py:175} INFO - Processing /home/airflow/.local/lib/python3.7/site-packages/airflow/example_dags/example_xcomargs.py took 0.193 seconds
[2024-04-06T10:08:09.613+0000] {processor.py:153} INFO - Started process (PID=1567) to work on /home/airflow/.local/lib/python3.7/site-packages/airflow/example_dags/example_xcomargs.py
[2024-04-06T10:08:09.614+0000] {processor.py:743} INFO - Processing file /home/airflow/.local/lib/python3.7/site-packages/airflow/example_dags/example_xcomargs.py for tasks to queue
[2024-04-06T10:08:09.615+0000] {logging_mixin.py:137} INFO - [2024-04-06T10:08:09.615+0000] {dagbag.py:538} INFO - Filling up the DagBag from /home/airflow/.local/lib/python3.7/site-packages/airflow/example_dags/example_xcomargs.py
[2024-04-06T10:08:09.659+0000] {processor.py:753} INFO - DAG(s) dict_keys(['example_xcom_args_with_operators', 'example_xcom_args']) retrieved from /home/airflow/.local/lib/python3.7/site-packages/airflow/example_dags/example_xcomargs.py
[2024-04-06T10:08:09.713+0000] {logging_mixin.py:137} INFO - [2024-04-06T10:08:09.713+0000] {dag.py:2690} INFO - Sync 2 DAGs
[2024-04-06T10:08:09.770+0000] {logging_mixin.py:137} INFO - [2024-04-06T10:08:09.770+0000] {dag.py:3441} INFO - Setting next_dagrun for example_xcom_args to None, run_after=None
[2024-04-06T10:08:09.783+0000] {logging_mixin.py:137} INFO - [2024-04-06T10:08:09.782+0000] {dag.py:3441} INFO - Setting next_dagrun for example_xcom_args_with_operators to None, run_after=None
[2024-04-06T10:08:09.816+0000] {processor.py:175} INFO - Processing /home/airflow/.local/lib/python3.7/site-packages/airflow/example_dags/example_xcomargs.py took 0.208 seconds
[2024-04-06T10:08:40.433+0000] {processor.py:153} INFO - Started process (PID=1639) to work on /home/airflow/.local/lib/python3.7/site-packages/airflow/example_dags/example_xcomargs.py
[2024-04-06T10:08:40.435+0000] {processor.py:743} INFO - Processing file /home/airflow/.local/lib/python3.7/site-packages/airflow/example_dags/example_xcomargs.py for tasks to queue
[2024-04-06T10:08:40.436+0000] {logging_mixin.py:137} INFO - [2024-04-06T10:08:40.436+0000] {dagbag.py:538} INFO - Filling up the DagBag from /home/airflow/.local/lib/python3.7/site-packages/airflow/example_dags/example_xcomargs.py
[2024-04-06T10:08:40.487+0000] {processor.py:753} INFO - DAG(s) dict_keys(['example_xcom_args', 'example_xcom_args_with_operators']) retrieved from /home/airflow/.local/lib/python3.7/site-packages/airflow/example_dags/example_xcomargs.py
[2024-04-06T10:08:40.548+0000] {logging_mixin.py:137} INFO - [2024-04-06T10:08:40.548+0000] {dag.py:2690} INFO - Sync 2 DAGs
[2024-04-06T10:08:40.610+0000] {logging_mixin.py:137} INFO - [2024-04-06T10:08:40.610+0000] {dag.py:3441} INFO - Setting next_dagrun for example_xcom_args to None, run_after=None
[2024-04-06T10:08:40.618+0000] {logging_mixin.py:137} INFO - [2024-04-06T10:08:40.618+0000] {dag.py:3441} INFO - Setting next_dagrun for example_xcom_args_with_operators to None, run_after=None
[2024-04-06T10:08:40.659+0000] {processor.py:175} INFO - Processing /home/airflow/.local/lib/python3.7/site-packages/airflow/example_dags/example_xcomargs.py took 0.232 seconds
[2024-04-06T10:09:11.113+0000] {processor.py:153} INFO - Started process (PID=1711) to work on /home/airflow/.local/lib/python3.7/site-packages/airflow/example_dags/example_xcomargs.py
[2024-04-06T10:09:11.114+0000] {processor.py:743} INFO - Processing file /home/airflow/.local/lib/python3.7/site-packages/airflow/example_dags/example_xcomargs.py for tasks to queue
[2024-04-06T10:09:11.115+0000] {logging_mixin.py:137} INFO - [2024-04-06T10:09:11.115+0000] {dagbag.py:538} INFO - Filling up the DagBag from /home/airflow/.local/lib/python3.7/site-packages/airflow/example_dags/example_xcomargs.py
[2024-04-06T10:09:11.162+0000] {processor.py:753} INFO - DAG(s) dict_keys(['example_xcom_args_with_operators', 'example_xcom_args']) retrieved from /home/airflow/.local/lib/python3.7/site-packages/airflow/example_dags/example_xcomargs.py
[2024-04-06T10:09:11.215+0000] {logging_mixin.py:137} INFO - [2024-04-06T10:09:11.215+0000] {dag.py:2690} INFO - Sync 2 DAGs
[2024-04-06T10:09:11.279+0000] {logging_mixin.py:137} INFO - [2024-04-06T10:09:11.278+0000] {dag.py:3441} INFO - Setting next_dagrun for example_xcom_args to None, run_after=None
[2024-04-06T10:09:11.287+0000] {logging_mixin.py:137} INFO - [2024-04-06T10:09:11.286+0000] {dag.py:3441} INFO - Setting next_dagrun for example_xcom_args_with_operators to None, run_after=None
[2024-04-06T10:09:11.320+0000] {processor.py:175} INFO - Processing /home/airflow/.local/lib/python3.7/site-packages/airflow/example_dags/example_xcomargs.py took 0.212 seconds
[2024-04-06T10:09:42.226+0000] {processor.py:153} INFO - Started process (PID=1784) to work on /home/airflow/.local/lib/python3.7/site-packages/airflow/example_dags/example_xcomargs.py
[2024-04-06T10:09:42.227+0000] {processor.py:743} INFO - Processing file /home/airflow/.local/lib/python3.7/site-packages/airflow/example_dags/example_xcomargs.py for tasks to queue
[2024-04-06T10:09:42.228+0000] {logging_mixin.py:137} INFO - [2024-04-06T10:09:42.228+0000] {dagbag.py:538} INFO - Filling up the DagBag from /home/airflow/.local/lib/python3.7/site-packages/airflow/example_dags/example_xcomargs.py
[2024-04-06T10:09:42.274+0000] {processor.py:753} INFO - DAG(s) dict_keys(['example_xcom_args_with_operators', 'example_xcom_args']) retrieved from /home/airflow/.local/lib/python3.7/site-packages/airflow/example_dags/example_xcomargs.py
[2024-04-06T10:09:42.337+0000] {logging_mixin.py:137} INFO - [2024-04-06T10:09:42.337+0000] {dag.py:2690} INFO - Sync 2 DAGs
[2024-04-06T10:09:42.395+0000] {logging_mixin.py:137} INFO - [2024-04-06T10:09:42.394+0000] {dag.py:3441} INFO - Setting next_dagrun for example_xcom_args to None, run_after=None
[2024-04-06T10:09:42.405+0000] {logging_mixin.py:137} INFO - [2024-04-06T10:09:42.405+0000] {dag.py:3441} INFO - Setting next_dagrun for example_xcom_args_with_operators to None, run_after=None
[2024-04-06T10:09:42.449+0000] {processor.py:175} INFO - Processing /home/airflow/.local/lib/python3.7/site-packages/airflow/example_dags/example_xcomargs.py took 0.228 seconds
[2024-04-06T10:10:13.312+0000] {processor.py:153} INFO - Started process (PID=1855) to work on /home/airflow/.local/lib/python3.7/site-packages/airflow/example_dags/example_xcomargs.py
[2024-04-06T10:10:13.313+0000] {processor.py:743} INFO - Processing file /home/airflow/.local/lib/python3.7/site-packages/airflow/example_dags/example_xcomargs.py for tasks to queue
[2024-04-06T10:10:13.315+0000] {logging_mixin.py:137} INFO - [2024-04-06T10:10:13.314+0000] {dagbag.py:538} INFO - Filling up the DagBag from /home/airflow/.local/lib/python3.7/site-packages/airflow/example_dags/example_xcomargs.py
[2024-04-06T10:10:13.358+0000] {processor.py:753} INFO - DAG(s) dict_keys(['example_xcom_args_with_operators', 'example_xcom_args']) retrieved from /home/airflow/.local/lib/python3.7/site-packages/airflow/example_dags/example_xcomargs.py
[2024-04-06T10:10:13.412+0000] {logging_mixin.py:137} INFO - [2024-04-06T10:10:13.412+0000] {dag.py:2690} INFO - Sync 2 DAGs
[2024-04-06T10:10:13.469+0000] {logging_mixin.py:137} INFO - [2024-04-06T10:10:13.469+0000] {dag.py:3441} INFO - Setting next_dagrun for example_xcom_args to None, run_after=None
[2024-04-06T10:10:13.476+0000] {logging_mixin.py:137} INFO - [2024-04-06T10:10:13.476+0000] {dag.py:3441} INFO - Setting next_dagrun for example_xcom_args_with_operators to None, run_after=None
[2024-04-06T10:10:13.513+0000] {processor.py:175} INFO - Processing /home/airflow/.local/lib/python3.7/site-packages/airflow/example_dags/example_xcomargs.py took 0.206 seconds
[2024-04-06T10:10:44.013+0000] {processor.py:153} INFO - Started process (PID=1927) to work on /home/airflow/.local/lib/python3.7/site-packages/airflow/example_dags/example_xcomargs.py
[2024-04-06T10:10:44.015+0000] {processor.py:743} INFO - Processing file /home/airflow/.local/lib/python3.7/site-packages/airflow/example_dags/example_xcomargs.py for tasks to queue
[2024-04-06T10:10:44.016+0000] {logging_mixin.py:137} INFO - [2024-04-06T10:10:44.015+0000] {dagbag.py:538} INFO - Filling up the DagBag from /home/airflow/.local/lib/python3.7/site-packages/airflow/example_dags/example_xcomargs.py
[2024-04-06T10:10:44.061+0000] {processor.py:753} INFO - DAG(s) dict_keys(['example_xcom_args', 'example_xcom_args_with_operators']) retrieved from /home/airflow/.local/lib/python3.7/site-packages/airflow/example_dags/example_xcomargs.py
[2024-04-06T10:10:44.112+0000] {logging_mixin.py:137} INFO - [2024-04-06T10:10:44.112+0000] {dag.py:2690} INFO - Sync 2 DAGs
[2024-04-06T10:10:44.164+0000] {logging_mixin.py:137} INFO - [2024-04-06T10:10:44.164+0000] {dag.py:3441} INFO - Setting next_dagrun for example_xcom_args to None, run_after=None
[2024-04-06T10:10:44.171+0000] {logging_mixin.py:137} INFO - [2024-04-06T10:10:44.171+0000] {dag.py:3441} INFO - Setting next_dagrun for example_xcom_args_with_operators to None, run_after=None
[2024-04-06T10:10:44.202+0000] {processor.py:175} INFO - Processing /home/airflow/.local/lib/python3.7/site-packages/airflow/example_dags/example_xcomargs.py took 0.194 seconds
[2024-04-06T10:11:14.516+0000] {processor.py:153} INFO - Started process (PID=1999) to work on /home/airflow/.local/lib/python3.7/site-packages/airflow/example_dags/example_xcomargs.py
[2024-04-06T10:11:14.517+0000] {processor.py:743} INFO - Processing file /home/airflow/.local/lib/python3.7/site-packages/airflow/example_dags/example_xcomargs.py for tasks to queue
[2024-04-06T10:11:14.518+0000] {logging_mixin.py:137} INFO - [2024-04-06T10:11:14.518+0000] {dagbag.py:538} INFO - Filling up the DagBag from /home/airflow/.local/lib/python3.7/site-packages/airflow/example_dags/example_xcomargs.py
[2024-04-06T10:11:14.566+0000] {processor.py:753} INFO - DAG(s) dict_keys(['example_xcom_args_with_operators', 'example_xcom_args']) retrieved from /home/airflow/.local/lib/python3.7/site-packages/airflow/example_dags/example_xcomargs.py
[2024-04-06T10:11:14.634+0000] {logging_mixin.py:137} INFO - [2024-04-06T10:11:14.633+0000] {dag.py:2690} INFO - Sync 2 DAGs
[2024-04-06T10:11:14.698+0000] {logging_mixin.py:137} INFO - [2024-04-06T10:11:14.697+0000] {dag.py:3441} INFO - Setting next_dagrun for example_xcom_args to None, run_after=None
[2024-04-06T10:11:14.704+0000] {logging_mixin.py:137} INFO - [2024-04-06T10:11:14.704+0000] {dag.py:3441} INFO - Setting next_dagrun for example_xcom_args_with_operators to None, run_after=None
[2024-04-06T10:11:14.744+0000] {processor.py:175} INFO - Processing /home/airflow/.local/lib/python3.7/site-packages/airflow/example_dags/example_xcomargs.py took 0.233 seconds
[2024-04-06T10:11:45.036+0000] {processor.py:153} INFO - Started process (PID=2071) to work on /home/airflow/.local/lib/python3.7/site-packages/airflow/example_dags/example_xcomargs.py
[2024-04-06T10:11:45.038+0000] {processor.py:743} INFO - Processing file /home/airflow/.local/lib/python3.7/site-packages/airflow/example_dags/example_xcomargs.py for tasks to queue
[2024-04-06T10:11:45.039+0000] {logging_mixin.py:137} INFO - [2024-04-06T10:11:45.038+0000] {dagbag.py:538} INFO - Filling up the DagBag from /home/airflow/.local/lib/python3.7/site-packages/airflow/example_dags/example_xcomargs.py
[2024-04-06T10:11:45.089+0000] {processor.py:753} INFO - DAG(s) dict_keys(['example_xcom_args_with_operators', 'example_xcom_args']) retrieved from /home/airflow/.local/lib/python3.7/site-packages/airflow/example_dags/example_xcomargs.py
[2024-04-06T10:11:45.163+0000] {logging_mixin.py:137} INFO - [2024-04-06T10:11:45.163+0000] {dag.py:2690} INFO - Sync 2 DAGs
[2024-04-06T10:11:45.231+0000] {logging_mixin.py:137} INFO - [2024-04-06T10:11:45.231+0000] {dag.py:3441} INFO - Setting next_dagrun for example_xcom_args to None, run_after=None
[2024-04-06T10:11:45.240+0000] {logging_mixin.py:137} INFO - [2024-04-06T10:11:45.240+0000] {dag.py:3441} INFO - Setting next_dagrun for example_xcom_args_with_operators to None, run_after=None
[2024-04-06T10:11:45.277+0000] {processor.py:175} INFO - Processing /home/airflow/.local/lib/python3.7/site-packages/airflow/example_dags/example_xcomargs.py took 0.246 seconds
[2024-04-06T10:12:15.739+0000] {processor.py:153} INFO - Started process (PID=2152) to work on /home/airflow/.local/lib/python3.7/site-packages/airflow/example_dags/example_xcomargs.py
[2024-04-06T10:12:15.740+0000] {processor.py:743} INFO - Processing file /home/airflow/.local/lib/python3.7/site-packages/airflow/example_dags/example_xcomargs.py for tasks to queue
[2024-04-06T10:12:15.742+0000] {logging_mixin.py:137} INFO - [2024-04-06T10:12:15.741+0000] {dagbag.py:538} INFO - Filling up the DagBag from /home/airflow/.local/lib/python3.7/site-packages/airflow/example_dags/example_xcomargs.py
[2024-04-06T10:12:15.791+0000] {processor.py:753} INFO - DAG(s) dict_keys(['example_xcom_args', 'example_xcom_args_with_operators']) retrieved from /home/airflow/.local/lib/python3.7/site-packages/airflow/example_dags/example_xcomargs.py
[2024-04-06T10:12:15.860+0000] {logging_mixin.py:137} INFO - [2024-04-06T10:12:15.860+0000] {dag.py:2690} INFO - Sync 2 DAGs
[2024-04-06T10:12:15.928+0000] {logging_mixin.py:137} INFO - [2024-04-06T10:12:15.927+0000] {dag.py:3441} INFO - Setting next_dagrun for example_xcom_args to None, run_after=None
[2024-04-06T10:12:15.934+0000] {logging_mixin.py:137} INFO - [2024-04-06T10:12:15.934+0000] {dag.py:3441} INFO - Setting next_dagrun for example_xcom_args_with_operators to None, run_after=None
[2024-04-06T10:12:15.971+0000] {processor.py:175} INFO - Processing /home/airflow/.local/lib/python3.7/site-packages/airflow/example_dags/example_xcomargs.py took 0.238 seconds
[2024-04-06T10:12:46.161+0000] {processor.py:153} INFO - Started process (PID=2224) to work on /home/airflow/.local/lib/python3.7/site-packages/airflow/example_dags/example_xcomargs.py
[2024-04-06T10:12:46.162+0000] {processor.py:743} INFO - Processing file /home/airflow/.local/lib/python3.7/site-packages/airflow/example_dags/example_xcomargs.py for tasks to queue
[2024-04-06T10:12:46.164+0000] {logging_mixin.py:137} INFO - [2024-04-06T10:12:46.163+0000] {dagbag.py:538} INFO - Filling up the DagBag from /home/airflow/.local/lib/python3.7/site-packages/airflow/example_dags/example_xcomargs.py
[2024-04-06T10:12:46.217+0000] {processor.py:753} INFO - DAG(s) dict_keys(['example_xcom_args_with_operators', 'example_xcom_args']) retrieved from /home/airflow/.local/lib/python3.7/site-packages/airflow/example_dags/example_xcomargs.py
[2024-04-06T10:12:46.293+0000] {logging_mixin.py:137} INFO - [2024-04-06T10:12:46.292+0000] {dag.py:2690} INFO - Sync 2 DAGs
[2024-04-06T10:12:46.356+0000] {logging_mixin.py:137} INFO - [2024-04-06T10:12:46.356+0000] {dag.py:3441} INFO - Setting next_dagrun for example_xcom_args to None, run_after=None
[2024-04-06T10:12:46.363+0000] {logging_mixin.py:137} INFO - [2024-04-06T10:12:46.363+0000] {dag.py:3441} INFO - Setting next_dagrun for example_xcom_args_with_operators to None, run_after=None
[2024-04-06T10:12:46.401+0000] {processor.py:175} INFO - Processing /home/airflow/.local/lib/python3.7/site-packages/airflow/example_dags/example_xcomargs.py took 0.247 seconds
[2024-04-06T10:42:05.813+0000] {processor.py:161} INFO - Started process (PID=73) to work on /home/airflow/.local/lib/python3.8/site-packages/airflow/example_dags/example_xcomargs.py
[2024-04-06T10:42:05.814+0000] {processor.py:830} INFO - Processing file /home/airflow/.local/lib/python3.8/site-packages/airflow/example_dags/example_xcomargs.py for tasks to queue
[2024-04-06T10:42:05.816+0000] {logging_mixin.py:188} INFO - [2024-04-06T10:42:05.815+0000] {dagbag.py:540} INFO - Filling up the DagBag from /home/airflow/.local/lib/python3.8/site-packages/airflow/example_dags/example_xcomargs.py
[2024-04-06T10:42:05.822+0000] {processor.py:840} INFO - DAG(s) 'example_xcom_args_with_operators', 'example_xcom_args' retrieved from /home/airflow/.local/lib/python3.8/site-packages/airflow/example_dags/example_xcomargs.py
[2024-04-06T10:42:05.907+0000] {logging_mixin.py:188} INFO - [2024-04-06T10:42:05.906+0000] {override.py:1769} INFO - Created Permission View: can delete on DAG:example_xcom_args_with_operators
[2024-04-06T10:42:05.916+0000] {logging_mixin.py:188} INFO - [2024-04-06T10:42:05.916+0000] {override.py:1769} INFO - Created Permission View: can read on DAG:example_xcom_args_with_operators
[2024-04-06T10:42:05.921+0000] {logging_mixin.py:188} INFO - [2024-04-06T10:42:05.921+0000] {override.py:1769} INFO - Created Permission View: can edit on DAG:example_xcom_args_with_operators
[2024-04-06T10:42:05.931+0000] {logging_mixin.py:188} INFO - [2024-04-06T10:42:05.930+0000] {override.py:1769} INFO - Created Permission View: can delete on DAG:example_xcom_args
[2024-04-06T10:42:05.935+0000] {logging_mixin.py:188} INFO - [2024-04-06T10:42:05.935+0000] {override.py:1769} INFO - Created Permission View: can read on DAG:example_xcom_args
[2024-04-06T10:42:05.941+0000] {logging_mixin.py:188} INFO - [2024-04-06T10:42:05.941+0000] {override.py:1769} INFO - Created Permission View: can edit on DAG:example_xcom_args
[2024-04-06T10:42:05.941+0000] {logging_mixin.py:188} INFO - [2024-04-06T10:42:05.941+0000] {dag.py:3047} INFO - Sync 2 DAGs
[2024-04-06T10:42:05.951+0000] {logging_mixin.py:188} INFO - [2024-04-06T10:42:05.950+0000] {dag.py:3069} INFO - Creating ORM DAG for example_xcom_args_with_operators
[2024-04-06T10:42:05.951+0000] {logging_mixin.py:188} INFO - [2024-04-06T10:42:05.951+0000] {dag.py:3069} INFO - Creating ORM DAG for example_xcom_args
[2024-04-06T10:42:05.951+0000] {logging_mixin.py:188} INFO - [2024-04-06T10:42:05.951+0000] {dag.py:3834} INFO - Setting next_dagrun for example_xcom_args to None, run_after=None
[2024-04-06T10:42:05.952+0000] {logging_mixin.py:188} INFO - [2024-04-06T10:42:05.952+0000] {dag.py:3834} INFO - Setting next_dagrun for example_xcom_args_with_operators to None, run_after=None
[2024-04-06T10:42:05.969+0000] {processor.py:183} INFO - Processing /home/airflow/.local/lib/python3.8/site-packages/airflow/example_dags/example_xcomargs.py took 0.158 seconds
[2024-04-06T10:42:36.060+0000] {processor.py:161} INFO - Started process (PID=129) to work on /home/airflow/.local/lib/python3.8/site-packages/airflow/example_dags/example_xcomargs.py
[2024-04-06T10:42:36.060+0000] {processor.py:830} INFO - Processing file /home/airflow/.local/lib/python3.8/site-packages/airflow/example_dags/example_xcomargs.py for tasks to queue
[2024-04-06T10:42:36.061+0000] {logging_mixin.py:188} INFO - [2024-04-06T10:42:36.061+0000] {dagbag.py:540} INFO - Filling up the DagBag from /home/airflow/.local/lib/python3.8/site-packages/airflow/example_dags/example_xcomargs.py
[2024-04-06T10:42:36.066+0000] {processor.py:840} INFO - DAG(s) 'example_xcom_args_with_operators', 'example_xcom_args' retrieved from /home/airflow/.local/lib/python3.8/site-packages/airflow/example_dags/example_xcomargs.py
[2024-04-06T10:42:36.081+0000] {logging_mixin.py:188} INFO - [2024-04-06T10:42:36.080+0000] {dag.py:3047} INFO - Sync 2 DAGs
[2024-04-06T10:42:36.088+0000] {logging_mixin.py:188} INFO - [2024-04-06T10:42:36.088+0000] {dag.py:3834} INFO - Setting next_dagrun for example_xcom_args to None, run_after=None
[2024-04-06T10:42:36.091+0000] {logging_mixin.py:188} INFO - [2024-04-06T10:42:36.091+0000] {dag.py:3834} INFO - Setting next_dagrun for example_xcom_args_with_operators to None, run_after=None
[2024-04-06T10:42:36.101+0000] {processor.py:183} INFO - Processing /home/airflow/.local/lib/python3.8/site-packages/airflow/example_dags/example_xcomargs.py took 0.044 seconds
[2024-04-06T10:43:06.842+0000] {processor.py:161} INFO - Started process (PID=185) to work on /home/airflow/.local/lib/python3.8/site-packages/airflow/example_dags/example_xcomargs.py
[2024-04-06T10:43:06.855+0000] {processor.py:830} INFO - Processing file /home/airflow/.local/lib/python3.8/site-packages/airflow/example_dags/example_xcomargs.py for tasks to queue
[2024-04-06T10:43:06.856+0000] {logging_mixin.py:188} INFO - [2024-04-06T10:43:06.856+0000] {dagbag.py:540} INFO - Filling up the DagBag from /home/airflow/.local/lib/python3.8/site-packages/airflow/example_dags/example_xcomargs.py
[2024-04-06T10:43:06.877+0000] {processor.py:840} INFO - DAG(s) 'example_xcom_args', 'example_xcom_args_with_operators' retrieved from /home/airflow/.local/lib/python3.8/site-packages/airflow/example_dags/example_xcomargs.py
[2024-04-06T10:43:06.891+0000] {logging_mixin.py:188} INFO - [2024-04-06T10:43:06.891+0000] {dag.py:3047} INFO - Sync 2 DAGs
[2024-04-06T10:43:06.899+0000] {logging_mixin.py:188} INFO - [2024-04-06T10:43:06.899+0000] {dag.py:3834} INFO - Setting next_dagrun for example_xcom_args to None, run_after=None
[2024-04-06T10:43:06.902+0000] {logging_mixin.py:188} INFO - [2024-04-06T10:43:06.902+0000] {dag.py:3834} INFO - Setting next_dagrun for example_xcom_args_with_operators to None, run_after=None
[2024-04-06T10:43:06.913+0000] {processor.py:183} INFO - Processing /home/airflow/.local/lib/python3.8/site-packages/airflow/example_dags/example_xcomargs.py took 0.073 seconds
[2024-04-06T10:43:37.579+0000] {processor.py:161} INFO - Started process (PID=241) to work on /home/airflow/.local/lib/python3.8/site-packages/airflow/example_dags/example_xcomargs.py
[2024-04-06T10:43:37.579+0000] {processor.py:830} INFO - Processing file /home/airflow/.local/lib/python3.8/site-packages/airflow/example_dags/example_xcomargs.py for tasks to queue
[2024-04-06T10:43:37.581+0000] {logging_mixin.py:188} INFO - [2024-04-06T10:43:37.580+0000] {dagbag.py:540} INFO - Filling up the DagBag from /home/airflow/.local/lib/python3.8/site-packages/airflow/example_dags/example_xcomargs.py
[2024-04-06T10:43:37.585+0000] {processor.py:840} INFO - DAG(s) 'example_xcom_args_with_operators', 'example_xcom_args' retrieved from /home/airflow/.local/lib/python3.8/site-packages/airflow/example_dags/example_xcomargs.py
[2024-04-06T10:43:37.601+0000] {logging_mixin.py:188} INFO - [2024-04-06T10:43:37.601+0000] {dag.py:3047} INFO - Sync 2 DAGs
[2024-04-06T10:43:37.609+0000] {logging_mixin.py:188} INFO - [2024-04-06T10:43:37.609+0000] {dag.py:3834} INFO - Setting next_dagrun for example_xcom_args to None, run_after=None
[2024-04-06T10:43:37.612+0000] {logging_mixin.py:188} INFO - [2024-04-06T10:43:37.612+0000] {dag.py:3834} INFO - Setting next_dagrun for example_xcom_args_with_operators to None, run_after=None
[2024-04-06T10:43:37.622+0000] {processor.py:183} INFO - Processing /home/airflow/.local/lib/python3.8/site-packages/airflow/example_dags/example_xcomargs.py took 0.046 seconds
[2024-04-06T10:44:08.284+0000] {processor.py:161} INFO - Started process (PID=297) to work on /home/airflow/.local/lib/python3.8/site-packages/airflow/example_dags/example_xcomargs.py
[2024-04-06T10:44:08.285+0000] {processor.py:830} INFO - Processing file /home/airflow/.local/lib/python3.8/site-packages/airflow/example_dags/example_xcomargs.py for tasks to queue
[2024-04-06T10:44:08.286+0000] {logging_mixin.py:188} INFO - [2024-04-06T10:44:08.286+0000] {dagbag.py:540} INFO - Filling up the DagBag from /home/airflow/.local/lib/python3.8/site-packages/airflow/example_dags/example_xcomargs.py
[2024-04-06T10:44:08.292+0000] {processor.py:840} INFO - DAG(s) 'example_xcom_args_with_operators', 'example_xcom_args' retrieved from /home/airflow/.local/lib/python3.8/site-packages/airflow/example_dags/example_xcomargs.py
[2024-04-06T10:44:08.309+0000] {logging_mixin.py:188} INFO - [2024-04-06T10:44:08.309+0000] {dag.py:3047} INFO - Sync 2 DAGs
[2024-04-06T10:44:08.318+0000] {logging_mixin.py:188} INFO - [2024-04-06T10:44:08.318+0000] {dag.py:3834} INFO - Setting next_dagrun for example_xcom_args to None, run_after=None
[2024-04-06T10:44:08.320+0000] {logging_mixin.py:188} INFO - [2024-04-06T10:44:08.320+0000] {dag.py:3834} INFO - Setting next_dagrun for example_xcom_args_with_operators to None, run_after=None
[2024-04-06T10:44:08.331+0000] {processor.py:183} INFO - Processing /home/airflow/.local/lib/python3.8/site-packages/airflow/example_dags/example_xcomargs.py took 0.049 seconds
[2024-04-06T10:44:39.032+0000] {processor.py:161} INFO - Started process (PID=353) to work on /home/airflow/.local/lib/python3.8/site-packages/airflow/example_dags/example_xcomargs.py
[2024-04-06T10:44:39.033+0000] {processor.py:830} INFO - Processing file /home/airflow/.local/lib/python3.8/site-packages/airflow/example_dags/example_xcomargs.py for tasks to queue
[2024-04-06T10:44:39.034+0000] {logging_mixin.py:188} INFO - [2024-04-06T10:44:39.034+0000] {dagbag.py:540} INFO - Filling up the DagBag from /home/airflow/.local/lib/python3.8/site-packages/airflow/example_dags/example_xcomargs.py
[2024-04-06T10:44:39.039+0000] {processor.py:840} INFO - DAG(s) 'example_xcom_args_with_operators', 'example_xcom_args' retrieved from /home/airflow/.local/lib/python3.8/site-packages/airflow/example_dags/example_xcomargs.py
[2024-04-06T10:44:39.055+0000] {logging_mixin.py:188} INFO - [2024-04-06T10:44:39.055+0000] {dag.py:3047} INFO - Sync 2 DAGs
[2024-04-06T10:44:39.063+0000] {logging_mixin.py:188} INFO - [2024-04-06T10:44:39.063+0000] {dag.py:3834} INFO - Setting next_dagrun for example_xcom_args to None, run_after=None
[2024-04-06T10:44:39.066+0000] {logging_mixin.py:188} INFO - [2024-04-06T10:44:39.066+0000] {dag.py:3834} INFO - Setting next_dagrun for example_xcom_args_with_operators to None, run_after=None
[2024-04-06T10:44:39.077+0000] {processor.py:183} INFO - Processing /home/airflow/.local/lib/python3.8/site-packages/airflow/example_dags/example_xcomargs.py took 0.046 seconds
[2024-04-06T10:45:09.279+0000] {processor.py:161} INFO - Started process (PID=409) to work on /home/airflow/.local/lib/python3.8/site-packages/airflow/example_dags/example_xcomargs.py
[2024-04-06T10:45:09.279+0000] {processor.py:830} INFO - Processing file /home/airflow/.local/lib/python3.8/site-packages/airflow/example_dags/example_xcomargs.py for tasks to queue
[2024-04-06T10:45:09.281+0000] {logging_mixin.py:188} INFO - [2024-04-06T10:45:09.280+0000] {dagbag.py:540} INFO - Filling up the DagBag from /home/airflow/.local/lib/python3.8/site-packages/airflow/example_dags/example_xcomargs.py
[2024-04-06T10:45:09.286+0000] {processor.py:840} INFO - DAG(s) 'example_xcom_args', 'example_xcom_args_with_operators' retrieved from /home/airflow/.local/lib/python3.8/site-packages/airflow/example_dags/example_xcomargs.py
[2024-04-06T10:45:09.301+0000] {logging_mixin.py:188} INFO - [2024-04-06T10:45:09.301+0000] {dag.py:3047} INFO - Sync 2 DAGs
[2024-04-06T10:45:09.309+0000] {logging_mixin.py:188} INFO - [2024-04-06T10:45:09.308+0000] {dag.py:3834} INFO - Setting next_dagrun for example_xcom_args to None, run_after=None
[2024-04-06T10:45:09.311+0000] {logging_mixin.py:188} INFO - [2024-04-06T10:45:09.311+0000] {dag.py:3834} INFO - Setting next_dagrun for example_xcom_args_with_operators to None, run_after=None
[2024-04-06T10:45:09.322+0000] {processor.py:183} INFO - Processing /home/airflow/.local/lib/python3.8/site-packages/airflow/example_dags/example_xcomargs.py took 0.046 seconds
