[2024-04-06T10:42:02.971+0000] {processor.py:161} INFO - Started process (PID=42) to work on /home/airflow/.local/lib/python3.8/site-packages/airflow/example_dags/example_params_trigger_ui.py
[2024-04-06T10:42:02.972+0000] {processor.py:830} INFO - Processing file /home/airflow/.local/lib/python3.8/site-packages/airflow/example_dags/example_params_trigger_ui.py for tasks to queue
[2024-04-06T10:42:02.973+0000] {logging_mixin.py:188} INFO - [2024-04-06T10:42:02.973+0000] {dagbag.py:540} INFO - Filling up the DagBag from /home/airflow/.local/lib/python3.8/site-packages/airflow/example_dags/example_params_trigger_ui.py
[2024-04-06T10:42:02.986+0000] {processor.py:840} INFO - DAG(s) 'example_params_trigger_ui' retrieved from /home/airflow/.local/lib/python3.8/site-packages/airflow/example_dags/example_params_trigger_ui.py
[2024-04-06T10:42:03.101+0000] {logging_mixin.py:188} INFO - [2024-04-06T10:42:03.100+0000] {override.py:1769} INFO - Created Permission View: can delete on DAG:example_params_trigger_ui
[2024-04-06T10:42:03.108+0000] {logging_mixin.py:188} INFO - [2024-04-06T10:42:03.108+0000] {override.py:1769} INFO - Created Permission View: can read on DAG:example_params_trigger_ui
[2024-04-06T10:42:03.112+0000] {logging_mixin.py:188} INFO - [2024-04-06T10:42:03.111+0000] {override.py:1769} INFO - Created Permission View: can edit on DAG:example_params_trigger_ui
[2024-04-06T10:42:03.112+0000] {logging_mixin.py:188} INFO - [2024-04-06T10:42:03.112+0000] {dag.py:3047} INFO - Sync 1 DAGs
[2024-04-06T10:42:03.118+0000] {logging_mixin.py:188} INFO - [2024-04-06T10:42:03.118+0000] {dag.py:3069} INFO - Creating ORM DAG for example_params_trigger_ui
[2024-04-06T10:42:03.119+0000] {logging_mixin.py:188} INFO - [2024-04-06T10:42:03.119+0000] {dag.py:3834} INFO - Setting next_dagrun for example_params_trigger_ui to None, run_after=None
[2024-04-06T10:42:03.131+0000] {processor.py:183} INFO - Processing /home/airflow/.local/lib/python3.8/site-packages/airflow/example_dags/example_params_trigger_ui.py took 0.162 seconds
[2024-04-06T10:42:33.797+0000] {processor.py:161} INFO - Started process (PID=98) to work on /home/airflow/.local/lib/python3.8/site-packages/airflow/example_dags/example_params_trigger_ui.py
[2024-04-06T10:42:33.798+0000] {processor.py:830} INFO - Processing file /home/airflow/.local/lib/python3.8/site-packages/airflow/example_dags/example_params_trigger_ui.py for tasks to queue
[2024-04-06T10:42:33.799+0000] {logging_mixin.py:188} INFO - [2024-04-06T10:42:33.799+0000] {dagbag.py:540} INFO - Filling up the DagBag from /home/airflow/.local/lib/python3.8/site-packages/airflow/example_dags/example_params_trigger_ui.py
[2024-04-06T10:42:33.807+0000] {processor.py:840} INFO - DAG(s) 'example_params_trigger_ui' retrieved from /home/airflow/.local/lib/python3.8/site-packages/airflow/example_dags/example_params_trigger_ui.py
[2024-04-06T10:42:33.841+0000] {logging_mixin.py:188} INFO - [2024-04-06T10:42:33.840+0000] {dag.py:3047} INFO - Sync 1 DAGs
[2024-04-06T10:42:33.849+0000] {logging_mixin.py:188} INFO - [2024-04-06T10:42:33.849+0000] {dag.py:3834} INFO - Setting next_dagrun for example_params_trigger_ui to None, run_after=None
[2024-04-06T10:42:33.877+0000] {processor.py:183} INFO - Processing /home/airflow/.local/lib/python3.8/site-packages/airflow/example_dags/example_params_trigger_ui.py took 0.082 seconds
[2024-04-06T10:43:03.931+0000] {processor.py:161} INFO - Started process (PID=154) to work on /home/airflow/.local/lib/python3.8/site-packages/airflow/example_dags/example_params_trigger_ui.py
[2024-04-06T10:43:03.939+0000] {processor.py:830} INFO - Processing file /home/airflow/.local/lib/python3.8/site-packages/airflow/example_dags/example_params_trigger_ui.py for tasks to queue
[2024-04-06T10:43:03.941+0000] {logging_mixin.py:188} INFO - [2024-04-06T10:43:03.940+0000] {dagbag.py:540} INFO - Filling up the DagBag from /home/airflow/.local/lib/python3.8/site-packages/airflow/example_dags/example_params_trigger_ui.py
[2024-04-06T10:43:03.981+0000] {processor.py:840} INFO - DAG(s) 'example_params_trigger_ui' retrieved from /home/airflow/.local/lib/python3.8/site-packages/airflow/example_dags/example_params_trigger_ui.py
[2024-04-06T10:43:04.013+0000] {logging_mixin.py:188} INFO - [2024-04-06T10:43:04.013+0000] {dag.py:3047} INFO - Sync 1 DAGs
[2024-04-06T10:43:04.021+0000] {logging_mixin.py:188} INFO - [2024-04-06T10:43:04.021+0000] {dag.py:3834} INFO - Setting next_dagrun for example_params_trigger_ui to None, run_after=None
[2024-04-06T10:43:04.034+0000] {processor.py:183} INFO - Processing /home/airflow/.local/lib/python3.8/site-packages/airflow/example_dags/example_params_trigger_ui.py took 0.105 seconds
[2024-04-06T10:43:34.560+0000] {processor.py:161} INFO - Started process (PID=210) to work on /home/airflow/.local/lib/python3.8/site-packages/airflow/example_dags/example_params_trigger_ui.py
[2024-04-06T10:43:34.560+0000] {processor.py:830} INFO - Processing file /home/airflow/.local/lib/python3.8/site-packages/airflow/example_dags/example_params_trigger_ui.py for tasks to queue
[2024-04-06T10:43:34.561+0000] {logging_mixin.py:188} INFO - [2024-04-06T10:43:34.561+0000] {dagbag.py:540} INFO - Filling up the DagBag from /home/airflow/.local/lib/python3.8/site-packages/airflow/example_dags/example_params_trigger_ui.py
[2024-04-06T10:43:34.569+0000] {processor.py:840} INFO - DAG(s) 'example_params_trigger_ui' retrieved from /home/airflow/.local/lib/python3.8/site-packages/airflow/example_dags/example_params_trigger_ui.py
[2024-04-06T10:43:34.601+0000] {logging_mixin.py:188} INFO - [2024-04-06T10:43:34.601+0000] {dag.py:3047} INFO - Sync 1 DAGs
[2024-04-06T10:43:34.608+0000] {logging_mixin.py:188} INFO - [2024-04-06T10:43:34.608+0000] {dag.py:3834} INFO - Setting next_dagrun for example_params_trigger_ui to None, run_after=None
[2024-04-06T10:43:34.620+0000] {processor.py:183} INFO - Processing /home/airflow/.local/lib/python3.8/site-packages/airflow/example_dags/example_params_trigger_ui.py took 0.062 seconds
[2024-04-06T10:44:05.211+0000] {processor.py:161} INFO - Started process (PID=266) to work on /home/airflow/.local/lib/python3.8/site-packages/airflow/example_dags/example_params_trigger_ui.py
[2024-04-06T10:44:05.212+0000] {processor.py:830} INFO - Processing file /home/airflow/.local/lib/python3.8/site-packages/airflow/example_dags/example_params_trigger_ui.py for tasks to queue
[2024-04-06T10:44:05.213+0000] {logging_mixin.py:188} INFO - [2024-04-06T10:44:05.213+0000] {dagbag.py:540} INFO - Filling up the DagBag from /home/airflow/.local/lib/python3.8/site-packages/airflow/example_dags/example_params_trigger_ui.py
[2024-04-06T10:44:05.222+0000] {processor.py:840} INFO - DAG(s) 'example_params_trigger_ui' retrieved from /home/airflow/.local/lib/python3.8/site-packages/airflow/example_dags/example_params_trigger_ui.py
[2024-04-06T10:44:05.256+0000] {logging_mixin.py:188} INFO - [2024-04-06T10:44:05.256+0000] {dag.py:3047} INFO - Sync 1 DAGs
[2024-04-06T10:44:05.265+0000] {logging_mixin.py:188} INFO - [2024-04-06T10:44:05.265+0000] {dag.py:3834} INFO - Setting next_dagrun for example_params_trigger_ui to None, run_after=None
[2024-04-06T10:44:05.277+0000] {processor.py:183} INFO - Processing /home/airflow/.local/lib/python3.8/site-packages/airflow/example_dags/example_params_trigger_ui.py took 0.069 seconds
[2024-04-06T10:44:35.959+0000] {processor.py:161} INFO - Started process (PID=322) to work on /home/airflow/.local/lib/python3.8/site-packages/airflow/example_dags/example_params_trigger_ui.py
[2024-04-06T10:44:35.960+0000] {processor.py:830} INFO - Processing file /home/airflow/.local/lib/python3.8/site-packages/airflow/example_dags/example_params_trigger_ui.py for tasks to queue
[2024-04-06T10:44:35.961+0000] {logging_mixin.py:188} INFO - [2024-04-06T10:44:35.961+0000] {dagbag.py:540} INFO - Filling up the DagBag from /home/airflow/.local/lib/python3.8/site-packages/airflow/example_dags/example_params_trigger_ui.py
[2024-04-06T10:44:35.973+0000] {processor.py:840} INFO - DAG(s) 'example_params_trigger_ui' retrieved from /home/airflow/.local/lib/python3.8/site-packages/airflow/example_dags/example_params_trigger_ui.py
[2024-04-06T10:44:36.013+0000] {logging_mixin.py:188} INFO - [2024-04-06T10:44:36.013+0000] {dag.py:3047} INFO - Sync 1 DAGs
[2024-04-06T10:44:36.021+0000] {logging_mixin.py:188} INFO - [2024-04-06T10:44:36.021+0000] {dag.py:3834} INFO - Setting next_dagrun for example_params_trigger_ui to None, run_after=None
[2024-04-06T10:44:36.032+0000] {processor.py:183} INFO - Processing /home/airflow/.local/lib/python3.8/site-packages/airflow/example_dags/example_params_trigger_ui.py took 0.075 seconds
[2024-04-06T10:45:06.079+0000] {processor.py:161} INFO - Started process (PID=378) to work on /home/airflow/.local/lib/python3.8/site-packages/airflow/example_dags/example_params_trigger_ui.py
[2024-04-06T10:45:06.079+0000] {processor.py:830} INFO - Processing file /home/airflow/.local/lib/python3.8/site-packages/airflow/example_dags/example_params_trigger_ui.py for tasks to queue
[2024-04-06T10:45:06.080+0000] {logging_mixin.py:188} INFO - [2024-04-06T10:45:06.080+0000] {dagbag.py:540} INFO - Filling up the DagBag from /home/airflow/.local/lib/python3.8/site-packages/airflow/example_dags/example_params_trigger_ui.py
[2024-04-06T10:45:06.090+0000] {processor.py:840} INFO - DAG(s) 'example_params_trigger_ui' retrieved from /home/airflow/.local/lib/python3.8/site-packages/airflow/example_dags/example_params_trigger_ui.py
[2024-04-06T10:45:06.130+0000] {logging_mixin.py:188} INFO - [2024-04-06T10:45:06.130+0000] {dag.py:3047} INFO - Sync 1 DAGs
[2024-04-06T10:45:06.141+0000] {logging_mixin.py:188} INFO - [2024-04-06T10:45:06.140+0000] {dag.py:3834} INFO - Setting next_dagrun for example_params_trigger_ui to None, run_after=None
[2024-04-06T10:45:06.157+0000] {processor.py:183} INFO - Processing /home/airflow/.local/lib/python3.8/site-packages/airflow/example_dags/example_params_trigger_ui.py took 0.080 seconds
