[2024-04-06T09:36:47.662+0000] {processor.py:153} INFO - Started process (PID=57) to work on /home/airflow/.local/lib/python3.7/site-packages/airflow/example_dags/example_sensors.py
[2024-04-06T09:36:47.663+0000] {processor.py:743} INFO - Processing file /home/airflow/.local/lib/python3.7/site-packages/airflow/example_dags/example_sensors.py for tasks to queue
[2024-04-06T09:36:47.663+0000] {logging_mixin.py:137} INFO - [2024-04-06T09:36:47.663+0000] {dagbag.py:538} INFO - Filling up the DagBag from /home/airflow/.local/lib/python3.7/site-packages/airflow/example_dags/example_sensors.py
[2024-04-06T09:36:47.710+0000] {processor.py:753} INFO - DAG(s) dict_keys(['example_sensors']) retrieved from /home/airflow/.local/lib/python3.7/site-packages/airflow/example_dags/example_sensors.py
[2024-04-06T09:36:47.778+0000] {logging_mixin.py:137} INFO - [2024-04-06T09:36:47.778+0000] {dag.py:2690} INFO - Sync 1 DAGs
[2024-04-06T09:36:47.845+0000] {logging_mixin.py:137} INFO - [2024-04-06T09:36:47.845+0000] {dag.py:3441} INFO - Setting next_dagrun for example_sensors to None, run_after=None
[2024-04-06T09:36:47.875+0000] {processor.py:175} INFO - Processing /home/airflow/.local/lib/python3.7/site-packages/airflow/example_dags/example_sensors.py took 0.218 seconds
[2024-04-06T09:37:17.902+0000] {processor.py:153} INFO - Started process (PID=136) to work on /home/airflow/.local/lib/python3.7/site-packages/airflow/example_dags/example_sensors.py
[2024-04-06T09:37:17.903+0000] {processor.py:743} INFO - Processing file /home/airflow/.local/lib/python3.7/site-packages/airflow/example_dags/example_sensors.py for tasks to queue
[2024-04-06T09:37:17.903+0000] {logging_mixin.py:137} INFO - [2024-04-06T09:37:17.903+0000] {dagbag.py:538} INFO - Filling up the DagBag from /home/airflow/.local/lib/python3.7/site-packages/airflow/example_dags/example_sensors.py
[2024-04-06T09:37:17.922+0000] {processor.py:753} INFO - DAG(s) dict_keys(['example_sensors']) retrieved from /home/airflow/.local/lib/python3.7/site-packages/airflow/example_dags/example_sensors.py
[2024-04-06T09:37:17.934+0000] {logging_mixin.py:137} INFO - [2024-04-06T09:37:17.933+0000] {dag.py:2690} INFO - Sync 1 DAGs
[2024-04-06T09:37:17.963+0000] {logging_mixin.py:137} INFO - [2024-04-06T09:37:17.962+0000] {dag.py:3441} INFO - Setting next_dagrun for example_sensors to None, run_after=None
[2024-04-06T09:37:17.986+0000] {processor.py:175} INFO - Processing /home/airflow/.local/lib/python3.7/site-packages/airflow/example_dags/example_sensors.py took 0.087 seconds
[2024-04-06T09:37:48.540+0000] {processor.py:153} INFO - Started process (PID=208) to work on /home/airflow/.local/lib/python3.7/site-packages/airflow/example_dags/example_sensors.py
[2024-04-06T09:37:48.541+0000] {processor.py:743} INFO - Processing file /home/airflow/.local/lib/python3.7/site-packages/airflow/example_dags/example_sensors.py for tasks to queue
[2024-04-06T09:37:48.541+0000] {logging_mixin.py:137} INFO - [2024-04-06T09:37:48.541+0000] {dagbag.py:538} INFO - Filling up the DagBag from /home/airflow/.local/lib/python3.7/site-packages/airflow/example_dags/example_sensors.py
[2024-04-06T09:37:48.561+0000] {processor.py:753} INFO - DAG(s) dict_keys(['example_sensors']) retrieved from /home/airflow/.local/lib/python3.7/site-packages/airflow/example_dags/example_sensors.py
[2024-04-06T09:37:48.589+0000] {logging_mixin.py:137} INFO - [2024-04-06T09:37:48.589+0000] {dag.py:2690} INFO - Sync 1 DAGs
[2024-04-06T09:37:48.614+0000] {logging_mixin.py:137} INFO - [2024-04-06T09:37:48.614+0000] {dag.py:3441} INFO - Setting next_dagrun for example_sensors to None, run_after=None
[2024-04-06T09:37:48.631+0000] {processor.py:175} INFO - Processing /home/airflow/.local/lib/python3.7/site-packages/airflow/example_dags/example_sensors.py took 0.094 seconds
[2024-04-06T09:38:19.407+0000] {processor.py:153} INFO - Started process (PID=296) to work on /home/airflow/.local/lib/python3.7/site-packages/airflow/example_dags/example_sensors.py
[2024-04-06T09:38:19.407+0000] {processor.py:743} INFO - Processing file /home/airflow/.local/lib/python3.7/site-packages/airflow/example_dags/example_sensors.py for tasks to queue
[2024-04-06T09:38:19.408+0000] {logging_mixin.py:137} INFO - [2024-04-06T09:38:19.408+0000] {dagbag.py:538} INFO - Filling up the DagBag from /home/airflow/.local/lib/python3.7/site-packages/airflow/example_dags/example_sensors.py
[2024-04-06T09:38:19.429+0000] {processor.py:753} INFO - DAG(s) dict_keys(['example_sensors']) retrieved from /home/airflow/.local/lib/python3.7/site-packages/airflow/example_dags/example_sensors.py
[2024-04-06T09:38:19.457+0000] {logging_mixin.py:137} INFO - [2024-04-06T09:38:19.456+0000] {dag.py:2690} INFO - Sync 1 DAGs
[2024-04-06T09:38:19.481+0000] {logging_mixin.py:137} INFO - [2024-04-06T09:38:19.481+0000] {dag.py:3441} INFO - Setting next_dagrun for example_sensors to None, run_after=None
[2024-04-06T09:38:19.498+0000] {processor.py:175} INFO - Processing /home/airflow/.local/lib/python3.7/site-packages/airflow/example_dags/example_sensors.py took 0.095 seconds
[2024-04-06T09:38:49.728+0000] {processor.py:153} INFO - Started process (PID=367) to work on /home/airflow/.local/lib/python3.7/site-packages/airflow/example_dags/example_sensors.py
[2024-04-06T09:38:49.729+0000] {processor.py:743} INFO - Processing file /home/airflow/.local/lib/python3.7/site-packages/airflow/example_dags/example_sensors.py for tasks to queue
[2024-04-06T09:38:49.729+0000] {logging_mixin.py:137} INFO - [2024-04-06T09:38:49.729+0000] {dagbag.py:538} INFO - Filling up the DagBag from /home/airflow/.local/lib/python3.7/site-packages/airflow/example_dags/example_sensors.py
[2024-04-06T09:38:49.746+0000] {processor.py:753} INFO - DAG(s) dict_keys(['example_sensors']) retrieved from /home/airflow/.local/lib/python3.7/site-packages/airflow/example_dags/example_sensors.py
[2024-04-06T09:38:49.770+0000] {logging_mixin.py:137} INFO - [2024-04-06T09:38:49.769+0000] {dag.py:2690} INFO - Sync 1 DAGs
[2024-04-06T09:38:49.790+0000] {logging_mixin.py:137} INFO - [2024-04-06T09:38:49.790+0000] {dag.py:3441} INFO - Setting next_dagrun for example_sensors to None, run_after=None
[2024-04-06T09:38:49.807+0000] {processor.py:175} INFO - Processing /home/airflow/.local/lib/python3.7/site-packages/airflow/example_dags/example_sensors.py took 0.081 seconds
[2024-04-06T09:39:19.968+0000] {processor.py:153} INFO - Started process (PID=456) to work on /home/airflow/.local/lib/python3.7/site-packages/airflow/example_dags/example_sensors.py
[2024-04-06T09:39:19.969+0000] {processor.py:743} INFO - Processing file /home/airflow/.local/lib/python3.7/site-packages/airflow/example_dags/example_sensors.py for tasks to queue
[2024-04-06T09:39:19.969+0000] {logging_mixin.py:137} INFO - [2024-04-06T09:39:19.969+0000] {dagbag.py:538} INFO - Filling up the DagBag from /home/airflow/.local/lib/python3.7/site-packages/airflow/example_dags/example_sensors.py
[2024-04-06T09:39:19.984+0000] {processor.py:753} INFO - DAG(s) dict_keys(['example_sensors']) retrieved from /home/airflow/.local/lib/python3.7/site-packages/airflow/example_dags/example_sensors.py
[2024-04-06T09:39:20.008+0000] {logging_mixin.py:137} INFO - [2024-04-06T09:39:20.008+0000] {dag.py:2690} INFO - Sync 1 DAGs
[2024-04-06T09:39:20.035+0000] {logging_mixin.py:137} INFO - [2024-04-06T09:39:20.035+0000] {dag.py:3441} INFO - Setting next_dagrun for example_sensors to None, run_after=None
[2024-04-06T09:39:20.054+0000] {processor.py:175} INFO - Processing /home/airflow/.local/lib/python3.7/site-packages/airflow/example_dags/example_sensors.py took 0.089 seconds
[2024-04-06T09:39:50.131+0000] {processor.py:153} INFO - Started process (PID=527) to work on /home/airflow/.local/lib/python3.7/site-packages/airflow/example_dags/example_sensors.py
[2024-04-06T09:39:50.132+0000] {processor.py:743} INFO - Processing file /home/airflow/.local/lib/python3.7/site-packages/airflow/example_dags/example_sensors.py for tasks to queue
[2024-04-06T09:39:50.132+0000] {logging_mixin.py:137} INFO - [2024-04-06T09:39:50.132+0000] {dagbag.py:538} INFO - Filling up the DagBag from /home/airflow/.local/lib/python3.7/site-packages/airflow/example_dags/example_sensors.py
[2024-04-06T09:39:50.148+0000] {processor.py:753} INFO - DAG(s) dict_keys(['example_sensors']) retrieved from /home/airflow/.local/lib/python3.7/site-packages/airflow/example_dags/example_sensors.py
[2024-04-06T09:39:50.171+0000] {logging_mixin.py:137} INFO - [2024-04-06T09:39:50.171+0000] {dag.py:2690} INFO - Sync 1 DAGs
[2024-04-06T09:39:50.193+0000] {logging_mixin.py:137} INFO - [2024-04-06T09:39:50.193+0000] {dag.py:3441} INFO - Setting next_dagrun for example_sensors to None, run_after=None
[2024-04-06T09:39:50.209+0000] {processor.py:175} INFO - Processing /home/airflow/.local/lib/python3.7/site-packages/airflow/example_dags/example_sensors.py took 0.080 seconds
[2024-04-06T09:40:20.582+0000] {processor.py:153} INFO - Started process (PID=615) to work on /home/airflow/.local/lib/python3.7/site-packages/airflow/example_dags/example_sensors.py
[2024-04-06T09:40:20.583+0000] {processor.py:743} INFO - Processing file /home/airflow/.local/lib/python3.7/site-packages/airflow/example_dags/example_sensors.py for tasks to queue
[2024-04-06T09:40:20.584+0000] {logging_mixin.py:137} INFO - [2024-04-06T09:40:20.583+0000] {dagbag.py:538} INFO - Filling up the DagBag from /home/airflow/.local/lib/python3.7/site-packages/airflow/example_dags/example_sensors.py
[2024-04-06T09:40:20.603+0000] {processor.py:753} INFO - DAG(s) dict_keys(['example_sensors']) retrieved from /home/airflow/.local/lib/python3.7/site-packages/airflow/example_dags/example_sensors.py
[2024-04-06T09:40:20.635+0000] {logging_mixin.py:137} INFO - [2024-04-06T09:40:20.635+0000] {dag.py:2690} INFO - Sync 1 DAGs
[2024-04-06T09:40:20.662+0000] {logging_mixin.py:137} INFO - [2024-04-06T09:40:20.662+0000] {dag.py:3441} INFO - Setting next_dagrun for example_sensors to None, run_after=None
[2024-04-06T09:40:20.684+0000] {processor.py:175} INFO - Processing /home/airflow/.local/lib/python3.7/site-packages/airflow/example_dags/example_sensors.py took 0.104 seconds
[2024-04-06T09:40:50.845+0000] {processor.py:153} INFO - Started process (PID=687) to work on /home/airflow/.local/lib/python3.7/site-packages/airflow/example_dags/example_sensors.py
[2024-04-06T09:40:50.846+0000] {processor.py:743} INFO - Processing file /home/airflow/.local/lib/python3.7/site-packages/airflow/example_dags/example_sensors.py for tasks to queue
[2024-04-06T09:40:50.846+0000] {logging_mixin.py:137} INFO - [2024-04-06T09:40:50.846+0000] {dagbag.py:538} INFO - Filling up the DagBag from /home/airflow/.local/lib/python3.7/site-packages/airflow/example_dags/example_sensors.py
[2024-04-06T09:40:50.869+0000] {processor.py:753} INFO - DAG(s) dict_keys(['example_sensors']) retrieved from /home/airflow/.local/lib/python3.7/site-packages/airflow/example_dags/example_sensors.py
[2024-04-06T09:40:50.895+0000] {logging_mixin.py:137} INFO - [2024-04-06T09:40:50.894+0000] {dag.py:2690} INFO - Sync 1 DAGs
[2024-04-06T09:40:50.923+0000] {logging_mixin.py:137} INFO - [2024-04-06T09:40:50.922+0000] {dag.py:3441} INFO - Setting next_dagrun for example_sensors to None, run_after=None
[2024-04-06T09:40:50.940+0000] {processor.py:175} INFO - Processing /home/airflow/.local/lib/python3.7/site-packages/airflow/example_dags/example_sensors.py took 0.098 seconds
[2024-04-06T09:41:21.307+0000] {processor.py:153} INFO - Started process (PID=775) to work on /home/airflow/.local/lib/python3.7/site-packages/airflow/example_dags/example_sensors.py
[2024-04-06T09:41:21.308+0000] {processor.py:743} INFO - Processing file /home/airflow/.local/lib/python3.7/site-packages/airflow/example_dags/example_sensors.py for tasks to queue
[2024-04-06T09:41:21.309+0000] {logging_mixin.py:137} INFO - [2024-04-06T09:41:21.309+0000] {dagbag.py:538} INFO - Filling up the DagBag from /home/airflow/.local/lib/python3.7/site-packages/airflow/example_dags/example_sensors.py
[2024-04-06T09:41:21.335+0000] {processor.py:753} INFO - DAG(s) dict_keys(['example_sensors']) retrieved from /home/airflow/.local/lib/python3.7/site-packages/airflow/example_dags/example_sensors.py
[2024-04-06T09:41:21.376+0000] {logging_mixin.py:137} INFO - [2024-04-06T09:41:21.376+0000] {dag.py:2690} INFO - Sync 1 DAGs
[2024-04-06T09:41:21.417+0000] {logging_mixin.py:137} INFO - [2024-04-06T09:41:21.417+0000] {dag.py:3441} INFO - Setting next_dagrun for example_sensors to None, run_after=None
[2024-04-06T09:41:21.446+0000] {processor.py:175} INFO - Processing /home/airflow/.local/lib/python3.7/site-packages/airflow/example_dags/example_sensors.py took 0.143 seconds
[2024-04-06T09:41:51.598+0000] {processor.py:153} INFO - Started process (PID=847) to work on /home/airflow/.local/lib/python3.7/site-packages/airflow/example_dags/example_sensors.py
[2024-04-06T09:41:51.599+0000] {processor.py:743} INFO - Processing file /home/airflow/.local/lib/python3.7/site-packages/airflow/example_dags/example_sensors.py for tasks to queue
[2024-04-06T09:41:51.599+0000] {logging_mixin.py:137} INFO - [2024-04-06T09:41:51.599+0000] {dagbag.py:538} INFO - Filling up the DagBag from /home/airflow/.local/lib/python3.7/site-packages/airflow/example_dags/example_sensors.py
[2024-04-06T09:41:51.614+0000] {processor.py:753} INFO - DAG(s) dict_keys(['example_sensors']) retrieved from /home/airflow/.local/lib/python3.7/site-packages/airflow/example_dags/example_sensors.py
[2024-04-06T09:41:51.637+0000] {logging_mixin.py:137} INFO - [2024-04-06T09:41:51.637+0000] {dag.py:2690} INFO - Sync 1 DAGs
[2024-04-06T09:41:51.665+0000] {logging_mixin.py:137} INFO - [2024-04-06T09:41:51.665+0000] {dag.py:3441} INFO - Setting next_dagrun for example_sensors to None, run_after=None
[2024-04-06T09:41:51.680+0000] {processor.py:175} INFO - Processing /home/airflow/.local/lib/python3.7/site-packages/airflow/example_dags/example_sensors.py took 0.085 seconds
[2024-04-06T09:42:22.306+0000] {processor.py:153} INFO - Started process (PID=935) to work on /home/airflow/.local/lib/python3.7/site-packages/airflow/example_dags/example_sensors.py
[2024-04-06T09:42:22.306+0000] {processor.py:743} INFO - Processing file /home/airflow/.local/lib/python3.7/site-packages/airflow/example_dags/example_sensors.py for tasks to queue
[2024-04-06T09:42:22.307+0000] {logging_mixin.py:137} INFO - [2024-04-06T09:42:22.307+0000] {dagbag.py:538} INFO - Filling up the DagBag from /home/airflow/.local/lib/python3.7/site-packages/airflow/example_dags/example_sensors.py
[2024-04-06T09:42:22.325+0000] {processor.py:753} INFO - DAG(s) dict_keys(['example_sensors']) retrieved from /home/airflow/.local/lib/python3.7/site-packages/airflow/example_dags/example_sensors.py
[2024-04-06T09:42:22.351+0000] {logging_mixin.py:137} INFO - [2024-04-06T09:42:22.351+0000] {dag.py:2690} INFO - Sync 1 DAGs
[2024-04-06T09:42:22.375+0000] {logging_mixin.py:137} INFO - [2024-04-06T09:42:22.375+0000] {dag.py:3441} INFO - Setting next_dagrun for example_sensors to None, run_after=None
[2024-04-06T09:42:22.397+0000] {processor.py:175} INFO - Processing /home/airflow/.local/lib/python3.7/site-packages/airflow/example_dags/example_sensors.py took 0.094 seconds
[2024-04-06T09:42:52.620+0000] {processor.py:153} INFO - Started process (PID=1007) to work on /home/airflow/.local/lib/python3.7/site-packages/airflow/example_dags/example_sensors.py
[2024-04-06T09:42:52.621+0000] {processor.py:743} INFO - Processing file /home/airflow/.local/lib/python3.7/site-packages/airflow/example_dags/example_sensors.py for tasks to queue
[2024-04-06T09:42:52.621+0000] {logging_mixin.py:137} INFO - [2024-04-06T09:42:52.621+0000] {dagbag.py:538} INFO - Filling up the DagBag from /home/airflow/.local/lib/python3.7/site-packages/airflow/example_dags/example_sensors.py
[2024-04-06T09:42:52.636+0000] {processor.py:753} INFO - DAG(s) dict_keys(['example_sensors']) retrieved from /home/airflow/.local/lib/python3.7/site-packages/airflow/example_dags/example_sensors.py
[2024-04-06T09:42:52.661+0000] {logging_mixin.py:137} INFO - [2024-04-06T09:42:52.661+0000] {dag.py:2690} INFO - Sync 1 DAGs
[2024-04-06T09:42:52.686+0000] {logging_mixin.py:137} INFO - [2024-04-06T09:42:52.686+0000] {dag.py:3441} INFO - Setting next_dagrun for example_sensors to None, run_after=None
[2024-04-06T09:42:52.703+0000] {processor.py:175} INFO - Processing /home/airflow/.local/lib/python3.7/site-packages/airflow/example_dags/example_sensors.py took 0.086 seconds
[2024-04-06T09:43:23.182+0000] {processor.py:153} INFO - Started process (PID=1094) to work on /home/airflow/.local/lib/python3.7/site-packages/airflow/example_dags/example_sensors.py
[2024-04-06T09:43:23.183+0000] {processor.py:743} INFO - Processing file /home/airflow/.local/lib/python3.7/site-packages/airflow/example_dags/example_sensors.py for tasks to queue
[2024-04-06T09:43:23.184+0000] {logging_mixin.py:137} INFO - [2024-04-06T09:43:23.184+0000] {dagbag.py:538} INFO - Filling up the DagBag from /home/airflow/.local/lib/python3.7/site-packages/airflow/example_dags/example_sensors.py
[2024-04-06T09:43:23.214+0000] {processor.py:753} INFO - DAG(s) dict_keys(['example_sensors']) retrieved from /home/airflow/.local/lib/python3.7/site-packages/airflow/example_dags/example_sensors.py
[2024-04-06T09:43:23.254+0000] {logging_mixin.py:137} INFO - [2024-04-06T09:43:23.254+0000] {dag.py:2690} INFO - Sync 1 DAGs
[2024-04-06T09:43:23.295+0000] {logging_mixin.py:137} INFO - [2024-04-06T09:43:23.295+0000] {dag.py:3441} INFO - Setting next_dagrun for example_sensors to None, run_after=None
[2024-04-06T09:43:23.346+0000] {processor.py:175} INFO - Processing /home/airflow/.local/lib/python3.7/site-packages/airflow/example_dags/example_sensors.py took 0.168 seconds
[2024-04-06T09:43:53.401+0000] {processor.py:153} INFO - Started process (PID=1166) to work on /home/airflow/.local/lib/python3.7/site-packages/airflow/example_dags/example_sensors.py
[2024-04-06T09:43:53.402+0000] {processor.py:743} INFO - Processing file /home/airflow/.local/lib/python3.7/site-packages/airflow/example_dags/example_sensors.py for tasks to queue
[2024-04-06T09:43:53.403+0000] {logging_mixin.py:137} INFO - [2024-04-06T09:43:53.402+0000] {dagbag.py:538} INFO - Filling up the DagBag from /home/airflow/.local/lib/python3.7/site-packages/airflow/example_dags/example_sensors.py
[2024-04-06T09:43:53.419+0000] {processor.py:753} INFO - DAG(s) dict_keys(['example_sensors']) retrieved from /home/airflow/.local/lib/python3.7/site-packages/airflow/example_dags/example_sensors.py
[2024-04-06T09:43:53.441+0000] {logging_mixin.py:137} INFO - [2024-04-06T09:43:53.441+0000] {dag.py:2690} INFO - Sync 1 DAGs
[2024-04-06T09:43:53.462+0000] {logging_mixin.py:137} INFO - [2024-04-06T09:43:53.462+0000] {dag.py:3441} INFO - Setting next_dagrun for example_sensors to None, run_after=None
[2024-04-06T09:43:53.482+0000] {processor.py:175} INFO - Processing /home/airflow/.local/lib/python3.7/site-packages/airflow/example_dags/example_sensors.py took 0.083 seconds
[2024-04-06T09:44:23.938+0000] {processor.py:153} INFO - Started process (PID=1245) to work on /home/airflow/.local/lib/python3.7/site-packages/airflow/example_dags/example_sensors.py
[2024-04-06T09:44:23.939+0000] {processor.py:743} INFO - Processing file /home/airflow/.local/lib/python3.7/site-packages/airflow/example_dags/example_sensors.py for tasks to queue
[2024-04-06T09:44:23.939+0000] {logging_mixin.py:137} INFO - [2024-04-06T09:44:23.939+0000] {dagbag.py:538} INFO - Filling up the DagBag from /home/airflow/.local/lib/python3.7/site-packages/airflow/example_dags/example_sensors.py
[2024-04-06T09:44:23.966+0000] {processor.py:753} INFO - DAG(s) dict_keys(['example_sensors']) retrieved from /home/airflow/.local/lib/python3.7/site-packages/airflow/example_dags/example_sensors.py
[2024-04-06T09:44:24.006+0000] {logging_mixin.py:137} INFO - [2024-04-06T09:44:24.006+0000] {dag.py:2690} INFO - Sync 1 DAGs
[2024-04-06T09:44:24.044+0000] {logging_mixin.py:137} INFO - [2024-04-06T09:44:24.044+0000] {dag.py:3441} INFO - Setting next_dagrun for example_sensors to None, run_after=None
[2024-04-06T09:44:24.071+0000] {processor.py:175} INFO - Processing /home/airflow/.local/lib/python3.7/site-packages/airflow/example_dags/example_sensors.py took 0.136 seconds
[2024-04-06T09:44:54.445+0000] {processor.py:153} INFO - Started process (PID=1326) to work on /home/airflow/.local/lib/python3.7/site-packages/airflow/example_dags/example_sensors.py
[2024-04-06T09:44:54.445+0000] {processor.py:743} INFO - Processing file /home/airflow/.local/lib/python3.7/site-packages/airflow/example_dags/example_sensors.py for tasks to queue
[2024-04-06T09:44:54.446+0000] {logging_mixin.py:137} INFO - [2024-04-06T09:44:54.446+0000] {dagbag.py:538} INFO - Filling up the DagBag from /home/airflow/.local/lib/python3.7/site-packages/airflow/example_dags/example_sensors.py
[2024-04-06T09:44:54.462+0000] {processor.py:753} INFO - DAG(s) dict_keys(['example_sensors']) retrieved from /home/airflow/.local/lib/python3.7/site-packages/airflow/example_dags/example_sensors.py
[2024-04-06T09:44:54.490+0000] {logging_mixin.py:137} INFO - [2024-04-06T09:44:54.490+0000] {dag.py:2690} INFO - Sync 1 DAGs
[2024-04-06T09:44:54.514+0000] {logging_mixin.py:137} INFO - [2024-04-06T09:44:54.514+0000] {dag.py:3441} INFO - Setting next_dagrun for example_sensors to None, run_after=None
[2024-04-06T09:44:54.538+0000] {processor.py:175} INFO - Processing /home/airflow/.local/lib/python3.7/site-packages/airflow/example_dags/example_sensors.py took 0.097 seconds
[2024-04-06T09:45:24.761+0000] {processor.py:153} INFO - Started process (PID=1405) to work on /home/airflow/.local/lib/python3.7/site-packages/airflow/example_dags/example_sensors.py
[2024-04-06T09:45:24.762+0000] {processor.py:743} INFO - Processing file /home/airflow/.local/lib/python3.7/site-packages/airflow/example_dags/example_sensors.py for tasks to queue
[2024-04-06T09:45:24.763+0000] {logging_mixin.py:137} INFO - [2024-04-06T09:45:24.762+0000] {dagbag.py:538} INFO - Filling up the DagBag from /home/airflow/.local/lib/python3.7/site-packages/airflow/example_dags/example_sensors.py
[2024-04-06T09:45:24.781+0000] {processor.py:753} INFO - DAG(s) dict_keys(['example_sensors']) retrieved from /home/airflow/.local/lib/python3.7/site-packages/airflow/example_dags/example_sensors.py
[2024-04-06T09:45:24.816+0000] {logging_mixin.py:137} INFO - [2024-04-06T09:45:24.816+0000] {dag.py:2690} INFO - Sync 1 DAGs
[2024-04-06T09:45:24.852+0000] {logging_mixin.py:137} INFO - [2024-04-06T09:45:24.851+0000] {dag.py:3441} INFO - Setting next_dagrun for example_sensors to None, run_after=None
[2024-04-06T09:45:24.872+0000] {processor.py:175} INFO - Processing /home/airflow/.local/lib/python3.7/site-packages/airflow/example_dags/example_sensors.py took 0.114 seconds
[2024-04-06T09:45:55.091+0000] {processor.py:153} INFO - Started process (PID=1486) to work on /home/airflow/.local/lib/python3.7/site-packages/airflow/example_dags/example_sensors.py
[2024-04-06T09:45:55.092+0000] {processor.py:743} INFO - Processing file /home/airflow/.local/lib/python3.7/site-packages/airflow/example_dags/example_sensors.py for tasks to queue
[2024-04-06T09:45:55.092+0000] {logging_mixin.py:137} INFO - [2024-04-06T09:45:55.092+0000] {dagbag.py:538} INFO - Filling up the DagBag from /home/airflow/.local/lib/python3.7/site-packages/airflow/example_dags/example_sensors.py
[2024-04-06T09:45:55.110+0000] {processor.py:753} INFO - DAG(s) dict_keys(['example_sensors']) retrieved from /home/airflow/.local/lib/python3.7/site-packages/airflow/example_dags/example_sensors.py
[2024-04-06T09:45:55.139+0000] {logging_mixin.py:137} INFO - [2024-04-06T09:45:55.139+0000] {dag.py:2690} INFO - Sync 1 DAGs
[2024-04-06T09:45:55.162+0000] {logging_mixin.py:137} INFO - [2024-04-06T09:45:55.162+0000] {dag.py:3441} INFO - Setting next_dagrun for example_sensors to None, run_after=None
[2024-04-06T09:45:55.181+0000] {processor.py:175} INFO - Processing /home/airflow/.local/lib/python3.7/site-packages/airflow/example_dags/example_sensors.py took 0.091 seconds
[2024-04-06T09:46:25.530+0000] {processor.py:153} INFO - Started process (PID=1557) to work on /home/airflow/.local/lib/python3.7/site-packages/airflow/example_dags/example_sensors.py
[2024-04-06T09:46:25.531+0000] {processor.py:743} INFO - Processing file /home/airflow/.local/lib/python3.7/site-packages/airflow/example_dags/example_sensors.py for tasks to queue
[2024-04-06T09:46:25.532+0000] {logging_mixin.py:137} INFO - [2024-04-06T09:46:25.532+0000] {dagbag.py:538} INFO - Filling up the DagBag from /home/airflow/.local/lib/python3.7/site-packages/airflow/example_dags/example_sensors.py
[2024-04-06T09:46:25.558+0000] {processor.py:753} INFO - DAG(s) dict_keys(['example_sensors']) retrieved from /home/airflow/.local/lib/python3.7/site-packages/airflow/example_dags/example_sensors.py
[2024-04-06T09:46:25.583+0000] {logging_mixin.py:137} INFO - [2024-04-06T09:46:25.583+0000] {dag.py:2690} INFO - Sync 1 DAGs
[2024-04-06T09:46:25.608+0000] {logging_mixin.py:137} INFO - [2024-04-06T09:46:25.608+0000] {dag.py:3441} INFO - Setting next_dagrun for example_sensors to None, run_after=None
[2024-04-06T09:46:25.633+0000] {processor.py:175} INFO - Processing /home/airflow/.local/lib/python3.7/site-packages/airflow/example_dags/example_sensors.py took 0.105 seconds
[2024-04-06T09:46:55.978+0000] {processor.py:153} INFO - Started process (PID=1645) to work on /home/airflow/.local/lib/python3.7/site-packages/airflow/example_dags/example_sensors.py
[2024-04-06T09:46:55.978+0000] {processor.py:743} INFO - Processing file /home/airflow/.local/lib/python3.7/site-packages/airflow/example_dags/example_sensors.py for tasks to queue
[2024-04-06T09:46:55.979+0000] {logging_mixin.py:137} INFO - [2024-04-06T09:46:55.979+0000] {dagbag.py:538} INFO - Filling up the DagBag from /home/airflow/.local/lib/python3.7/site-packages/airflow/example_dags/example_sensors.py
[2024-04-06T09:46:55.994+0000] {processor.py:753} INFO - DAG(s) dict_keys(['example_sensors']) retrieved from /home/airflow/.local/lib/python3.7/site-packages/airflow/example_dags/example_sensors.py
[2024-04-06T09:46:56.019+0000] {logging_mixin.py:137} INFO - [2024-04-06T09:46:56.019+0000] {dag.py:2690} INFO - Sync 1 DAGs
[2024-04-06T09:46:56.042+0000] {logging_mixin.py:137} INFO - [2024-04-06T09:46:56.042+0000] {dag.py:3441} INFO - Setting next_dagrun for example_sensors to None, run_after=None
[2024-04-06T09:46:56.059+0000] {processor.py:175} INFO - Processing /home/airflow/.local/lib/python3.7/site-packages/airflow/example_dags/example_sensors.py took 0.084 seconds
[2024-04-06T09:47:26.470+0000] {processor.py:153} INFO - Started process (PID=1726) to work on /home/airflow/.local/lib/python3.7/site-packages/airflow/example_dags/example_sensors.py
[2024-04-06T09:47:26.471+0000] {processor.py:743} INFO - Processing file /home/airflow/.local/lib/python3.7/site-packages/airflow/example_dags/example_sensors.py for tasks to queue
[2024-04-06T09:47:26.471+0000] {logging_mixin.py:137} INFO - [2024-04-06T09:47:26.471+0000] {dagbag.py:538} INFO - Filling up the DagBag from /home/airflow/.local/lib/python3.7/site-packages/airflow/example_dags/example_sensors.py
[2024-04-06T09:47:26.491+0000] {processor.py:753} INFO - DAG(s) dict_keys(['example_sensors']) retrieved from /home/airflow/.local/lib/python3.7/site-packages/airflow/example_dags/example_sensors.py
[2024-04-06T09:47:26.517+0000] {logging_mixin.py:137} INFO - [2024-04-06T09:47:26.517+0000] {dag.py:2690} INFO - Sync 1 DAGs
[2024-04-06T09:47:26.542+0000] {logging_mixin.py:137} INFO - [2024-04-06T09:47:26.541+0000] {dag.py:3441} INFO - Setting next_dagrun for example_sensors to None, run_after=None
[2024-04-06T09:47:26.564+0000] {processor.py:175} INFO - Processing /home/airflow/.local/lib/python3.7/site-packages/airflow/example_dags/example_sensors.py took 0.098 seconds
[2024-04-06T09:47:56.695+0000] {processor.py:153} INFO - Started process (PID=1805) to work on /home/airflow/.local/lib/python3.7/site-packages/airflow/example_dags/example_sensors.py
[2024-04-06T09:47:56.695+0000] {processor.py:743} INFO - Processing file /home/airflow/.local/lib/python3.7/site-packages/airflow/example_dags/example_sensors.py for tasks to queue
[2024-04-06T09:47:56.696+0000] {logging_mixin.py:137} INFO - [2024-04-06T09:47:56.696+0000] {dagbag.py:538} INFO - Filling up the DagBag from /home/airflow/.local/lib/python3.7/site-packages/airflow/example_dags/example_sensors.py
[2024-04-06T09:47:56.711+0000] {processor.py:753} INFO - DAG(s) dict_keys(['example_sensors']) retrieved from /home/airflow/.local/lib/python3.7/site-packages/airflow/example_dags/example_sensors.py
[2024-04-06T09:47:56.739+0000] {logging_mixin.py:137} INFO - [2024-04-06T09:47:56.739+0000] {dag.py:2690} INFO - Sync 1 DAGs
[2024-04-06T09:47:56.762+0000] {logging_mixin.py:137} INFO - [2024-04-06T09:47:56.761+0000] {dag.py:3441} INFO - Setting next_dagrun for example_sensors to None, run_after=None
[2024-04-06T09:47:56.784+0000] {processor.py:175} INFO - Processing /home/airflow/.local/lib/python3.7/site-packages/airflow/example_dags/example_sensors.py took 0.092 seconds
[2024-04-06T09:48:26.949+0000] {processor.py:153} INFO - Started process (PID=1886) to work on /home/airflow/.local/lib/python3.7/site-packages/airflow/example_dags/example_sensors.py
[2024-04-06T09:48:26.950+0000] {processor.py:743} INFO - Processing file /home/airflow/.local/lib/python3.7/site-packages/airflow/example_dags/example_sensors.py for tasks to queue
[2024-04-06T09:48:26.951+0000] {logging_mixin.py:137} INFO - [2024-04-06T09:48:26.950+0000] {dagbag.py:538} INFO - Filling up the DagBag from /home/airflow/.local/lib/python3.7/site-packages/airflow/example_dags/example_sensors.py
[2024-04-06T09:48:26.967+0000] {processor.py:753} INFO - DAG(s) dict_keys(['example_sensors']) retrieved from /home/airflow/.local/lib/python3.7/site-packages/airflow/example_dags/example_sensors.py
[2024-04-06T09:48:26.992+0000] {logging_mixin.py:137} INFO - [2024-04-06T09:48:26.992+0000] {dag.py:2690} INFO - Sync 1 DAGs
[2024-04-06T09:48:27.018+0000] {logging_mixin.py:137} INFO - [2024-04-06T09:48:27.018+0000] {dag.py:3441} INFO - Setting next_dagrun for example_sensors to None, run_after=None
[2024-04-06T09:48:27.040+0000] {processor.py:175} INFO - Processing /home/airflow/.local/lib/python3.7/site-packages/airflow/example_dags/example_sensors.py took 0.094 seconds
[2024-04-06T09:48:57.605+0000] {processor.py:153} INFO - Started process (PID=1965) to work on /home/airflow/.local/lib/python3.7/site-packages/airflow/example_dags/example_sensors.py
[2024-04-06T09:48:57.606+0000] {processor.py:743} INFO - Processing file /home/airflow/.local/lib/python3.7/site-packages/airflow/example_dags/example_sensors.py for tasks to queue
[2024-04-06T09:48:57.606+0000] {logging_mixin.py:137} INFO - [2024-04-06T09:48:57.606+0000] {dagbag.py:538} INFO - Filling up the DagBag from /home/airflow/.local/lib/python3.7/site-packages/airflow/example_dags/example_sensors.py
[2024-04-06T09:48:57.623+0000] {processor.py:753} INFO - DAG(s) dict_keys(['example_sensors']) retrieved from /home/airflow/.local/lib/python3.7/site-packages/airflow/example_dags/example_sensors.py
[2024-04-06T09:48:57.647+0000] {logging_mixin.py:137} INFO - [2024-04-06T09:48:57.647+0000] {dag.py:2690} INFO - Sync 1 DAGs
[2024-04-06T09:48:57.666+0000] {logging_mixin.py:137} INFO - [2024-04-06T09:48:57.666+0000] {dag.py:3441} INFO - Setting next_dagrun for example_sensors to None, run_after=None
[2024-04-06T09:48:57.682+0000] {processor.py:175} INFO - Processing /home/airflow/.local/lib/python3.7/site-packages/airflow/example_dags/example_sensors.py took 0.079 seconds
[2024-04-06T09:50:12.414+0000] {processor.py:153} INFO - Started process (PID=47) to work on /home/airflow/.local/lib/python3.7/site-packages/airflow/example_dags/example_sensors.py
[2024-04-06T09:50:12.415+0000] {processor.py:743} INFO - Processing file /home/airflow/.local/lib/python3.7/site-packages/airflow/example_dags/example_sensors.py for tasks to queue
[2024-04-06T09:50:12.416+0000] {logging_mixin.py:137} INFO - [2024-04-06T09:50:12.416+0000] {dagbag.py:538} INFO - Filling up the DagBag from /home/airflow/.local/lib/python3.7/site-packages/airflow/example_dags/example_sensors.py
[2024-04-06T09:50:12.442+0000] {processor.py:753} INFO - DAG(s) dict_keys(['example_sensors']) retrieved from /home/airflow/.local/lib/python3.7/site-packages/airflow/example_dags/example_sensors.py
[2024-04-06T09:50:12.470+0000] {logging_mixin.py:137} INFO - [2024-04-06T09:50:12.470+0000] {dag.py:2690} INFO - Sync 1 DAGs
[2024-04-06T09:50:12.495+0000] {logging_mixin.py:137} INFO - [2024-04-06T09:50:12.495+0000] {dag.py:3441} INFO - Setting next_dagrun for example_sensors to None, run_after=None
[2024-04-06T09:50:12.515+0000] {processor.py:175} INFO - Processing /home/airflow/.local/lib/python3.7/site-packages/airflow/example_dags/example_sensors.py took 0.103 seconds
[2024-04-06T09:50:44.084+0000] {processor.py:153} INFO - Started process (PID=119) to work on /home/airflow/.local/lib/python3.7/site-packages/airflow/example_dags/example_sensors.py
[2024-04-06T09:50:44.086+0000] {processor.py:743} INFO - Processing file /home/airflow/.local/lib/python3.7/site-packages/airflow/example_dags/example_sensors.py for tasks to queue
[2024-04-06T09:50:44.087+0000] {logging_mixin.py:137} INFO - [2024-04-06T09:50:44.087+0000] {dagbag.py:538} INFO - Filling up the DagBag from /home/airflow/.local/lib/python3.7/site-packages/airflow/example_dags/example_sensors.py
[2024-04-06T09:50:44.136+0000] {processor.py:753} INFO - DAG(s) dict_keys(['example_sensors']) retrieved from /home/airflow/.local/lib/python3.7/site-packages/airflow/example_dags/example_sensors.py
[2024-04-06T09:50:44.183+0000] {logging_mixin.py:137} INFO - [2024-04-06T09:50:44.183+0000] {dag.py:2690} INFO - Sync 1 DAGs
[2024-04-06T09:50:44.225+0000] {logging_mixin.py:137} INFO - [2024-04-06T09:50:44.224+0000] {dag.py:3441} INFO - Setting next_dagrun for example_sensors to None, run_after=None
[2024-04-06T09:50:44.257+0000] {processor.py:175} INFO - Processing /home/airflow/.local/lib/python3.7/site-packages/airflow/example_dags/example_sensors.py took 0.177 seconds
[2024-04-06T09:51:14.617+0000] {processor.py:153} INFO - Started process (PID=208) to work on /home/airflow/.local/lib/python3.7/site-packages/airflow/example_dags/example_sensors.py
[2024-04-06T09:51:14.618+0000] {processor.py:743} INFO - Processing file /home/airflow/.local/lib/python3.7/site-packages/airflow/example_dags/example_sensors.py for tasks to queue
[2024-04-06T09:51:14.619+0000] {logging_mixin.py:137} INFO - [2024-04-06T09:51:14.619+0000] {dagbag.py:538} INFO - Filling up the DagBag from /home/airflow/.local/lib/python3.7/site-packages/airflow/example_dags/example_sensors.py
[2024-04-06T09:51:14.637+0000] {processor.py:753} INFO - DAG(s) dict_keys(['example_sensors']) retrieved from /home/airflow/.local/lib/python3.7/site-packages/airflow/example_dags/example_sensors.py
[2024-04-06T09:51:14.663+0000] {logging_mixin.py:137} INFO - [2024-04-06T09:51:14.663+0000] {dag.py:2690} INFO - Sync 1 DAGs
[2024-04-06T09:51:14.686+0000] {logging_mixin.py:137} INFO - [2024-04-06T09:51:14.685+0000] {dag.py:3441} INFO - Setting next_dagrun for example_sensors to None, run_after=None
[2024-04-06T09:51:14.703+0000] {processor.py:175} INFO - Processing /home/airflow/.local/lib/python3.7/site-packages/airflow/example_dags/example_sensors.py took 0.089 seconds
[2024-04-06T09:58:23.770+0000] {processor.py:153} INFO - Started process (PID=57) to work on /home/airflow/.local/lib/python3.7/site-packages/airflow/example_dags/example_sensors.py
[2024-04-06T09:58:23.771+0000] {processor.py:743} INFO - Processing file /home/airflow/.local/lib/python3.7/site-packages/airflow/example_dags/example_sensors.py for tasks to queue
[2024-04-06T09:58:23.772+0000] {logging_mixin.py:137} INFO - [2024-04-06T09:58:23.772+0000] {dagbag.py:538} INFO - Filling up the DagBag from /home/airflow/.local/lib/python3.7/site-packages/airflow/example_dags/example_sensors.py
[2024-04-06T09:58:23.811+0000] {processor.py:753} INFO - DAG(s) dict_keys(['example_sensors']) retrieved from /home/airflow/.local/lib/python3.7/site-packages/airflow/example_dags/example_sensors.py
[2024-04-06T09:58:23.826+0000] {logging_mixin.py:137} INFO - [2024-04-06T09:58:23.825+0000] {dag.py:2690} INFO - Sync 1 DAGs
[2024-04-06T09:58:23.865+0000] {logging_mixin.py:137} INFO - [2024-04-06T09:58:23.865+0000] {dag.py:3441} INFO - Setting next_dagrun for example_sensors to None, run_after=None
[2024-04-06T09:58:23.893+0000] {processor.py:175} INFO - Processing /home/airflow/.local/lib/python3.7/site-packages/airflow/example_dags/example_sensors.py took 0.126 seconds
[2024-04-06T09:58:53.968+0000] {processor.py:153} INFO - Started process (PID=136) to work on /home/airflow/.local/lib/python3.7/site-packages/airflow/example_dags/example_sensors.py
[2024-04-06T09:58:53.969+0000] {processor.py:743} INFO - Processing file /home/airflow/.local/lib/python3.7/site-packages/airflow/example_dags/example_sensors.py for tasks to queue
[2024-04-06T09:58:53.969+0000] {logging_mixin.py:137} INFO - [2024-04-06T09:58:53.969+0000] {dagbag.py:538} INFO - Filling up the DagBag from /home/airflow/.local/lib/python3.7/site-packages/airflow/example_dags/example_sensors.py
[2024-04-06T09:58:53.991+0000] {processor.py:753} INFO - DAG(s) dict_keys(['example_sensors']) retrieved from /home/airflow/.local/lib/python3.7/site-packages/airflow/example_dags/example_sensors.py
[2024-04-06T09:58:54.003+0000] {logging_mixin.py:137} INFO - [2024-04-06T09:58:54.003+0000] {dag.py:2690} INFO - Sync 1 DAGs
[2024-04-06T09:58:54.029+0000] {logging_mixin.py:137} INFO - [2024-04-06T09:58:54.029+0000] {dag.py:3441} INFO - Setting next_dagrun for example_sensors to None, run_after=None
[2024-04-06T09:58:54.048+0000] {processor.py:175} INFO - Processing /home/airflow/.local/lib/python3.7/site-packages/airflow/example_dags/example_sensors.py took 0.084 seconds
[2024-04-06T09:59:25.457+0000] {processor.py:153} INFO - Started process (PID=209) to work on /home/airflow/.local/lib/python3.7/site-packages/airflow/example_dags/example_sensors.py
[2024-04-06T09:59:25.457+0000] {processor.py:743} INFO - Processing file /home/airflow/.local/lib/python3.7/site-packages/airflow/example_dags/example_sensors.py for tasks to queue
[2024-04-06T09:59:25.458+0000] {logging_mixin.py:137} INFO - [2024-04-06T09:59:25.458+0000] {dagbag.py:538} INFO - Filling up the DagBag from /home/airflow/.local/lib/python3.7/site-packages/airflow/example_dags/example_sensors.py
[2024-04-06T09:59:25.475+0000] {processor.py:753} INFO - DAG(s) dict_keys(['example_sensors']) retrieved from /home/airflow/.local/lib/python3.7/site-packages/airflow/example_dags/example_sensors.py
[2024-04-06T09:59:25.501+0000] {logging_mixin.py:137} INFO - [2024-04-06T09:59:25.500+0000] {dag.py:2690} INFO - Sync 1 DAGs
[2024-04-06T09:59:25.523+0000] {logging_mixin.py:137} INFO - [2024-04-06T09:59:25.523+0000] {dag.py:3441} INFO - Setting next_dagrun for example_sensors to None, run_after=None
[2024-04-06T09:59:25.561+0000] {processor.py:175} INFO - Processing /home/airflow/.local/lib/python3.7/site-packages/airflow/example_dags/example_sensors.py took 0.106 seconds
[2024-04-06T09:59:56.284+0000] {processor.py:153} INFO - Started process (PID=280) to work on /home/airflow/.local/lib/python3.7/site-packages/airflow/example_dags/example_sensors.py
[2024-04-06T09:59:56.297+0000] {processor.py:743} INFO - Processing file /home/airflow/.local/lib/python3.7/site-packages/airflow/example_dags/example_sensors.py for tasks to queue
[2024-04-06T09:59:56.298+0000] {logging_mixin.py:137} INFO - [2024-04-06T09:59:56.298+0000] {dagbag.py:538} INFO - Filling up the DagBag from /home/airflow/.local/lib/python3.7/site-packages/airflow/example_dags/example_sensors.py
[2024-04-06T09:59:56.332+0000] {processor.py:753} INFO - DAG(s) dict_keys(['example_sensors']) retrieved from /home/airflow/.local/lib/python3.7/site-packages/airflow/example_dags/example_sensors.py
[2024-04-06T09:59:56.372+0000] {logging_mixin.py:137} INFO - [2024-04-06T09:59:56.371+0000] {dag.py:2690} INFO - Sync 1 DAGs
[2024-04-06T09:59:56.413+0000] {logging_mixin.py:137} INFO - [2024-04-06T09:59:56.413+0000] {dag.py:3441} INFO - Setting next_dagrun for example_sensors to None, run_after=None
[2024-04-06T09:59:56.445+0000] {processor.py:175} INFO - Processing /home/airflow/.local/lib/python3.7/site-packages/airflow/example_dags/example_sensors.py took 0.164 seconds
[2024-04-06T10:00:26.623+0000] {processor.py:153} INFO - Started process (PID=352) to work on /home/airflow/.local/lib/python3.7/site-packages/airflow/example_dags/example_sensors.py
[2024-04-06T10:00:26.624+0000] {processor.py:743} INFO - Processing file /home/airflow/.local/lib/python3.7/site-packages/airflow/example_dags/example_sensors.py for tasks to queue
[2024-04-06T10:00:26.624+0000] {logging_mixin.py:137} INFO - [2024-04-06T10:00:26.624+0000] {dagbag.py:538} INFO - Filling up the DagBag from /home/airflow/.local/lib/python3.7/site-packages/airflow/example_dags/example_sensors.py
[2024-04-06T10:00:26.642+0000] {processor.py:753} INFO - DAG(s) dict_keys(['example_sensors']) retrieved from /home/airflow/.local/lib/python3.7/site-packages/airflow/example_dags/example_sensors.py
[2024-04-06T10:00:26.667+0000] {logging_mixin.py:137} INFO - [2024-04-06T10:00:26.666+0000] {dag.py:2690} INFO - Sync 1 DAGs
[2024-04-06T10:00:26.690+0000] {logging_mixin.py:137} INFO - [2024-04-06T10:00:26.690+0000] {dag.py:3441} INFO - Setting next_dagrun for example_sensors to None, run_after=None
[2024-04-06T10:00:26.710+0000] {processor.py:175} INFO - Processing /home/airflow/.local/lib/python3.7/site-packages/airflow/example_dags/example_sensors.py took 0.090 seconds
[2024-04-06T10:00:57.669+0000] {processor.py:153} INFO - Started process (PID=440) to work on /home/airflow/.local/lib/python3.7/site-packages/airflow/example_dags/example_sensors.py
[2024-04-06T10:00:57.670+0000] {processor.py:743} INFO - Processing file /home/airflow/.local/lib/python3.7/site-packages/airflow/example_dags/example_sensors.py for tasks to queue
[2024-04-06T10:00:57.671+0000] {logging_mixin.py:137} INFO - [2024-04-06T10:00:57.671+0000] {dagbag.py:538} INFO - Filling up the DagBag from /home/airflow/.local/lib/python3.7/site-packages/airflow/example_dags/example_sensors.py
[2024-04-06T10:00:57.694+0000] {processor.py:753} INFO - DAG(s) dict_keys(['example_sensors']) retrieved from /home/airflow/.local/lib/python3.7/site-packages/airflow/example_dags/example_sensors.py
[2024-04-06T10:00:57.720+0000] {logging_mixin.py:137} INFO - [2024-04-06T10:00:57.720+0000] {dag.py:2690} INFO - Sync 1 DAGs
[2024-04-06T10:00:57.749+0000] {logging_mixin.py:137} INFO - [2024-04-06T10:00:57.749+0000] {dag.py:3441} INFO - Setting next_dagrun for example_sensors to None, run_after=None
[2024-04-06T10:00:57.771+0000] {processor.py:175} INFO - Processing /home/airflow/.local/lib/python3.7/site-packages/airflow/example_dags/example_sensors.py took 0.104 seconds
[2024-04-06T10:01:28.023+0000] {processor.py:153} INFO - Started process (PID=512) to work on /home/airflow/.local/lib/python3.7/site-packages/airflow/example_dags/example_sensors.py
[2024-04-06T10:01:28.023+0000] {processor.py:743} INFO - Processing file /home/airflow/.local/lib/python3.7/site-packages/airflow/example_dags/example_sensors.py for tasks to queue
[2024-04-06T10:01:28.024+0000] {logging_mixin.py:137} INFO - [2024-04-06T10:01:28.024+0000] {dagbag.py:538} INFO - Filling up the DagBag from /home/airflow/.local/lib/python3.7/site-packages/airflow/example_dags/example_sensors.py
[2024-04-06T10:01:28.041+0000] {processor.py:753} INFO - DAG(s) dict_keys(['example_sensors']) retrieved from /home/airflow/.local/lib/python3.7/site-packages/airflow/example_dags/example_sensors.py
[2024-04-06T10:01:28.065+0000] {logging_mixin.py:137} INFO - [2024-04-06T10:01:28.065+0000] {dag.py:2690} INFO - Sync 1 DAGs
[2024-04-06T10:01:28.087+0000] {logging_mixin.py:137} INFO - [2024-04-06T10:01:28.087+0000] {dag.py:3441} INFO - Setting next_dagrun for example_sensors to None, run_after=None
[2024-04-06T10:01:28.107+0000] {processor.py:175} INFO - Processing /home/airflow/.local/lib/python3.7/site-packages/airflow/example_dags/example_sensors.py took 0.087 seconds
[2024-04-06T10:01:58.392+0000] {processor.py:153} INFO - Started process (PID=600) to work on /home/airflow/.local/lib/python3.7/site-packages/airflow/example_dags/example_sensors.py
[2024-04-06T10:01:58.392+0000] {processor.py:743} INFO - Processing file /home/airflow/.local/lib/python3.7/site-packages/airflow/example_dags/example_sensors.py for tasks to queue
[2024-04-06T10:01:58.393+0000] {logging_mixin.py:137} INFO - [2024-04-06T10:01:58.393+0000] {dagbag.py:538} INFO - Filling up the DagBag from /home/airflow/.local/lib/python3.7/site-packages/airflow/example_dags/example_sensors.py
[2024-04-06T10:01:58.407+0000] {processor.py:753} INFO - DAG(s) dict_keys(['example_sensors']) retrieved from /home/airflow/.local/lib/python3.7/site-packages/airflow/example_dags/example_sensors.py
[2024-04-06T10:01:58.430+0000] {logging_mixin.py:137} INFO - [2024-04-06T10:01:58.430+0000] {dag.py:2690} INFO - Sync 1 DAGs
[2024-04-06T10:01:58.450+0000] {logging_mixin.py:137} INFO - [2024-04-06T10:01:58.450+0000] {dag.py:3441} INFO - Setting next_dagrun for example_sensors to None, run_after=None
[2024-04-06T10:01:58.466+0000] {processor.py:175} INFO - Processing /home/airflow/.local/lib/python3.7/site-packages/airflow/example_dags/example_sensors.py took 0.077 seconds
[2024-04-06T10:02:28.855+0000] {processor.py:153} INFO - Started process (PID=672) to work on /home/airflow/.local/lib/python3.7/site-packages/airflow/example_dags/example_sensors.py
[2024-04-06T10:02:28.856+0000] {processor.py:743} INFO - Processing file /home/airflow/.local/lib/python3.7/site-packages/airflow/example_dags/example_sensors.py for tasks to queue
[2024-04-06T10:02:28.856+0000] {logging_mixin.py:137} INFO - [2024-04-06T10:02:28.856+0000] {dagbag.py:538} INFO - Filling up the DagBag from /home/airflow/.local/lib/python3.7/site-packages/airflow/example_dags/example_sensors.py
[2024-04-06T10:02:28.871+0000] {processor.py:753} INFO - DAG(s) dict_keys(['example_sensors']) retrieved from /home/airflow/.local/lib/python3.7/site-packages/airflow/example_dags/example_sensors.py
[2024-04-06T10:02:28.895+0000] {logging_mixin.py:137} INFO - [2024-04-06T10:02:28.895+0000] {dag.py:2690} INFO - Sync 1 DAGs
[2024-04-06T10:02:28.920+0000] {logging_mixin.py:137} INFO - [2024-04-06T10:02:28.920+0000] {dag.py:3441} INFO - Setting next_dagrun for example_sensors to None, run_after=None
[2024-04-06T10:02:28.940+0000] {processor.py:175} INFO - Processing /home/airflow/.local/lib/python3.7/site-packages/airflow/example_dags/example_sensors.py took 0.087 seconds
[2024-04-06T10:02:59.500+0000] {processor.py:153} INFO - Started process (PID=760) to work on /home/airflow/.local/lib/python3.7/site-packages/airflow/example_dags/example_sensors.py
[2024-04-06T10:02:59.501+0000] {processor.py:743} INFO - Processing file /home/airflow/.local/lib/python3.7/site-packages/airflow/example_dags/example_sensors.py for tasks to queue
[2024-04-06T10:02:59.501+0000] {logging_mixin.py:137} INFO - [2024-04-06T10:02:59.501+0000] {dagbag.py:538} INFO - Filling up the DagBag from /home/airflow/.local/lib/python3.7/site-packages/airflow/example_dags/example_sensors.py
[2024-04-06T10:02:59.516+0000] {processor.py:753} INFO - DAG(s) dict_keys(['example_sensors']) retrieved from /home/airflow/.local/lib/python3.7/site-packages/airflow/example_dags/example_sensors.py
[2024-04-06T10:02:59.538+0000] {logging_mixin.py:137} INFO - [2024-04-06T10:02:59.538+0000] {dag.py:2690} INFO - Sync 1 DAGs
[2024-04-06T10:02:59.560+0000] {logging_mixin.py:137} INFO - [2024-04-06T10:02:59.560+0000] {dag.py:3441} INFO - Setting next_dagrun for example_sensors to None, run_after=None
[2024-04-06T10:02:59.575+0000] {processor.py:175} INFO - Processing /home/airflow/.local/lib/python3.7/site-packages/airflow/example_dags/example_sensors.py took 0.077 seconds
[2024-04-06T10:03:29.921+0000] {processor.py:153} INFO - Started process (PID=849) to work on /home/airflow/.local/lib/python3.7/site-packages/airflow/example_dags/example_sensors.py
[2024-04-06T10:03:29.921+0000] {processor.py:743} INFO - Processing file /home/airflow/.local/lib/python3.7/site-packages/airflow/example_dags/example_sensors.py for tasks to queue
[2024-04-06T10:03:29.922+0000] {logging_mixin.py:137} INFO - [2024-04-06T10:03:29.922+0000] {dagbag.py:538} INFO - Filling up the DagBag from /home/airflow/.local/lib/python3.7/site-packages/airflow/example_dags/example_sensors.py
[2024-04-06T10:03:29.941+0000] {processor.py:753} INFO - DAG(s) dict_keys(['example_sensors']) retrieved from /home/airflow/.local/lib/python3.7/site-packages/airflow/example_dags/example_sensors.py
[2024-04-06T10:03:29.966+0000] {logging_mixin.py:137} INFO - [2024-04-06T10:03:29.966+0000] {dag.py:2690} INFO - Sync 1 DAGs
[2024-04-06T10:03:29.989+0000] {logging_mixin.py:137} INFO - [2024-04-06T10:03:29.989+0000] {dag.py:3441} INFO - Setting next_dagrun for example_sensors to None, run_after=None
[2024-04-06T10:03:30.007+0000] {processor.py:175} INFO - Processing /home/airflow/.local/lib/python3.7/site-packages/airflow/example_dags/example_sensors.py took 0.091 seconds
[2024-04-06T10:04:00.311+0000] {processor.py:153} INFO - Started process (PID=920) to work on /home/airflow/.local/lib/python3.7/site-packages/airflow/example_dags/example_sensors.py
[2024-04-06T10:04:00.312+0000] {processor.py:743} INFO - Processing file /home/airflow/.local/lib/python3.7/site-packages/airflow/example_dags/example_sensors.py for tasks to queue
[2024-04-06T10:04:00.313+0000] {logging_mixin.py:137} INFO - [2024-04-06T10:04:00.312+0000] {dagbag.py:538} INFO - Filling up the DagBag from /home/airflow/.local/lib/python3.7/site-packages/airflow/example_dags/example_sensors.py
[2024-04-06T10:04:00.337+0000] {processor.py:753} INFO - DAG(s) dict_keys(['example_sensors']) retrieved from /home/airflow/.local/lib/python3.7/site-packages/airflow/example_dags/example_sensors.py
[2024-04-06T10:04:00.367+0000] {logging_mixin.py:137} INFO - [2024-04-06T10:04:00.366+0000] {dag.py:2690} INFO - Sync 1 DAGs
[2024-04-06T10:04:00.396+0000] {logging_mixin.py:137} INFO - [2024-04-06T10:04:00.395+0000] {dag.py:3441} INFO - Setting next_dagrun for example_sensors to None, run_after=None
[2024-04-06T10:04:00.416+0000] {processor.py:175} INFO - Processing /home/airflow/.local/lib/python3.7/site-packages/airflow/example_dags/example_sensors.py took 0.109 seconds
[2024-04-06T10:04:30.961+0000] {processor.py:153} INFO - Started process (PID=1001) to work on /home/airflow/.local/lib/python3.7/site-packages/airflow/example_dags/example_sensors.py
[2024-04-06T10:04:30.962+0000] {processor.py:743} INFO - Processing file /home/airflow/.local/lib/python3.7/site-packages/airflow/example_dags/example_sensors.py for tasks to queue
[2024-04-06T10:04:30.962+0000] {logging_mixin.py:137} INFO - [2024-04-06T10:04:30.962+0000] {dagbag.py:538} INFO - Filling up the DagBag from /home/airflow/.local/lib/python3.7/site-packages/airflow/example_dags/example_sensors.py
[2024-04-06T10:04:30.983+0000] {processor.py:753} INFO - DAG(s) dict_keys(['example_sensors']) retrieved from /home/airflow/.local/lib/python3.7/site-packages/airflow/example_dags/example_sensors.py
[2024-04-06T10:04:31.009+0000] {logging_mixin.py:137} INFO - [2024-04-06T10:04:31.009+0000] {dag.py:2690} INFO - Sync 1 DAGs
[2024-04-06T10:04:31.033+0000] {logging_mixin.py:137} INFO - [2024-04-06T10:04:31.033+0000] {dag.py:3441} INFO - Setting next_dagrun for example_sensors to None, run_after=None
[2024-04-06T10:04:31.052+0000] {processor.py:175} INFO - Processing /home/airflow/.local/lib/python3.7/site-packages/airflow/example_dags/example_sensors.py took 0.093 seconds
[2024-04-06T10:05:01.686+0000] {processor.py:153} INFO - Started process (PID=1080) to work on /home/airflow/.local/lib/python3.7/site-packages/airflow/example_dags/example_sensors.py
[2024-04-06T10:05:01.687+0000] {processor.py:743} INFO - Processing file /home/airflow/.local/lib/python3.7/site-packages/airflow/example_dags/example_sensors.py for tasks to queue
[2024-04-06T10:05:01.688+0000] {logging_mixin.py:137} INFO - [2024-04-06T10:05:01.688+0000] {dagbag.py:538} INFO - Filling up the DagBag from /home/airflow/.local/lib/python3.7/site-packages/airflow/example_dags/example_sensors.py
[2024-04-06T10:05:01.708+0000] {processor.py:753} INFO - DAG(s) dict_keys(['example_sensors']) retrieved from /home/airflow/.local/lib/python3.7/site-packages/airflow/example_dags/example_sensors.py
[2024-04-06T10:05:01.734+0000] {logging_mixin.py:137} INFO - [2024-04-06T10:05:01.734+0000] {dag.py:2690} INFO - Sync 1 DAGs
[2024-04-06T10:05:01.765+0000] {logging_mixin.py:137} INFO - [2024-04-06T10:05:01.765+0000] {dag.py:3441} INFO - Setting next_dagrun for example_sensors to None, run_after=None
[2024-04-06T10:05:01.789+0000] {processor.py:175} INFO - Processing /home/airflow/.local/lib/python3.7/site-packages/airflow/example_dags/example_sensors.py took 0.107 seconds
[2024-04-06T10:05:32.595+0000] {processor.py:153} INFO - Started process (PID=1168) to work on /home/airflow/.local/lib/python3.7/site-packages/airflow/example_dags/example_sensors.py
[2024-04-06T10:05:32.596+0000] {processor.py:743} INFO - Processing file /home/airflow/.local/lib/python3.7/site-packages/airflow/example_dags/example_sensors.py for tasks to queue
[2024-04-06T10:05:32.597+0000] {logging_mixin.py:137} INFO - [2024-04-06T10:05:32.596+0000] {dagbag.py:538} INFO - Filling up the DagBag from /home/airflow/.local/lib/python3.7/site-packages/airflow/example_dags/example_sensors.py
[2024-04-06T10:05:32.617+0000] {processor.py:753} INFO - DAG(s) dict_keys(['example_sensors']) retrieved from /home/airflow/.local/lib/python3.7/site-packages/airflow/example_dags/example_sensors.py
[2024-04-06T10:05:32.648+0000] {logging_mixin.py:137} INFO - [2024-04-06T10:05:32.648+0000] {dag.py:2690} INFO - Sync 1 DAGs
[2024-04-06T10:05:32.676+0000] {logging_mixin.py:137} INFO - [2024-04-06T10:05:32.676+0000] {dag.py:3441} INFO - Setting next_dagrun for example_sensors to None, run_after=None
[2024-04-06T10:05:32.696+0000] {processor.py:175} INFO - Processing /home/airflow/.local/lib/python3.7/site-packages/airflow/example_dags/example_sensors.py took 0.103 seconds
[2024-04-06T10:06:03.853+0000] {processor.py:153} INFO - Started process (PID=1240) to work on /home/airflow/.local/lib/python3.7/site-packages/airflow/example_dags/example_sensors.py
[2024-04-06T10:06:03.855+0000] {processor.py:743} INFO - Processing file /home/airflow/.local/lib/python3.7/site-packages/airflow/example_dags/example_sensors.py for tasks to queue
[2024-04-06T10:06:03.856+0000] {logging_mixin.py:137} INFO - [2024-04-06T10:06:03.856+0000] {dagbag.py:538} INFO - Filling up the DagBag from /home/airflow/.local/lib/python3.7/site-packages/airflow/example_dags/example_sensors.py
[2024-04-06T10:06:03.900+0000] {processor.py:753} INFO - DAG(s) dict_keys(['example_sensors']) retrieved from /home/airflow/.local/lib/python3.7/site-packages/airflow/example_dags/example_sensors.py
[2024-04-06T10:06:03.961+0000] {logging_mixin.py:137} INFO - [2024-04-06T10:06:03.961+0000] {dag.py:2690} INFO - Sync 1 DAGs
[2024-04-06T10:06:04.022+0000] {logging_mixin.py:137} INFO - [2024-04-06T10:06:04.022+0000] {dag.py:3441} INFO - Setting next_dagrun for example_sensors to None, run_after=None
[2024-04-06T10:06:04.066+0000] {processor.py:175} INFO - Processing /home/airflow/.local/lib/python3.7/site-packages/airflow/example_dags/example_sensors.py took 0.218 seconds
[2024-04-06T10:06:34.202+0000] {processor.py:153} INFO - Started process (PID=1313) to work on /home/airflow/.local/lib/python3.7/site-packages/airflow/example_dags/example_sensors.py
[2024-04-06T10:06:34.203+0000] {processor.py:743} INFO - Processing file /home/airflow/.local/lib/python3.7/site-packages/airflow/example_dags/example_sensors.py for tasks to queue
[2024-04-06T10:06:34.204+0000] {logging_mixin.py:137} INFO - [2024-04-06T10:06:34.204+0000] {dagbag.py:538} INFO - Filling up the DagBag from /home/airflow/.local/lib/python3.7/site-packages/airflow/example_dags/example_sensors.py
[2024-04-06T10:06:34.240+0000] {processor.py:753} INFO - DAG(s) dict_keys(['example_sensors']) retrieved from /home/airflow/.local/lib/python3.7/site-packages/airflow/example_dags/example_sensors.py
[2024-04-06T10:06:34.310+0000] {logging_mixin.py:137} INFO - [2024-04-06T10:06:34.310+0000] {dag.py:2690} INFO - Sync 1 DAGs
[2024-04-06T10:06:34.359+0000] {logging_mixin.py:137} INFO - [2024-04-06T10:06:34.359+0000] {dag.py:3441} INFO - Setting next_dagrun for example_sensors to None, run_after=None
[2024-04-06T10:06:34.401+0000] {processor.py:175} INFO - Processing /home/airflow/.local/lib/python3.7/site-packages/airflow/example_dags/example_sensors.py took 0.205 seconds
[2024-04-06T10:07:04.879+0000] {processor.py:153} INFO - Started process (PID=1384) to work on /home/airflow/.local/lib/python3.7/site-packages/airflow/example_dags/example_sensors.py
[2024-04-06T10:07:04.880+0000] {processor.py:743} INFO - Processing file /home/airflow/.local/lib/python3.7/site-packages/airflow/example_dags/example_sensors.py for tasks to queue
[2024-04-06T10:07:04.882+0000] {logging_mixin.py:137} INFO - [2024-04-06T10:07:04.881+0000] {dagbag.py:538} INFO - Filling up the DagBag from /home/airflow/.local/lib/python3.7/site-packages/airflow/example_dags/example_sensors.py
[2024-04-06T10:07:04.921+0000] {processor.py:753} INFO - DAG(s) dict_keys(['example_sensors']) retrieved from /home/airflow/.local/lib/python3.7/site-packages/airflow/example_dags/example_sensors.py
[2024-04-06T10:07:04.987+0000] {logging_mixin.py:137} INFO - [2024-04-06T10:07:04.986+0000] {dag.py:2690} INFO - Sync 1 DAGs
[2024-04-06T10:07:05.050+0000] {logging_mixin.py:137} INFO - [2024-04-06T10:07:05.049+0000] {dag.py:3441} INFO - Setting next_dagrun for example_sensors to None, run_after=None
[2024-04-06T10:07:05.092+0000] {processor.py:175} INFO - Processing /home/airflow/.local/lib/python3.7/site-packages/airflow/example_dags/example_sensors.py took 0.218 seconds
[2024-04-06T10:07:35.449+0000] {processor.py:153} INFO - Started process (PID=1456) to work on /home/airflow/.local/lib/python3.7/site-packages/airflow/example_dags/example_sensors.py
[2024-04-06T10:07:35.450+0000] {processor.py:743} INFO - Processing file /home/airflow/.local/lib/python3.7/site-packages/airflow/example_dags/example_sensors.py for tasks to queue
[2024-04-06T10:07:35.451+0000] {logging_mixin.py:137} INFO - [2024-04-06T10:07:35.451+0000] {dagbag.py:538} INFO - Filling up the DagBag from /home/airflow/.local/lib/python3.7/site-packages/airflow/example_dags/example_sensors.py
[2024-04-06T10:07:35.495+0000] {processor.py:753} INFO - DAG(s) dict_keys(['example_sensors']) retrieved from /home/airflow/.local/lib/python3.7/site-packages/airflow/example_dags/example_sensors.py
[2024-04-06T10:07:35.566+0000] {logging_mixin.py:137} INFO - [2024-04-06T10:07:35.566+0000] {dag.py:2690} INFO - Sync 1 DAGs
[2024-04-06T10:07:35.630+0000] {logging_mixin.py:137} INFO - [2024-04-06T10:07:35.629+0000] {dag.py:3441} INFO - Setting next_dagrun for example_sensors to None, run_after=None
[2024-04-06T10:07:35.671+0000] {processor.py:175} INFO - Processing /home/airflow/.local/lib/python3.7/site-packages/airflow/example_dags/example_sensors.py took 0.228 seconds
[2024-04-06T10:08:06.666+0000] {processor.py:153} INFO - Started process (PID=1535) to work on /home/airflow/.local/lib/python3.7/site-packages/airflow/example_dags/example_sensors.py
[2024-04-06T10:08:06.668+0000] {processor.py:743} INFO - Processing file /home/airflow/.local/lib/python3.7/site-packages/airflow/example_dags/example_sensors.py for tasks to queue
[2024-04-06T10:08:06.669+0000] {logging_mixin.py:137} INFO - [2024-04-06T10:08:06.669+0000] {dagbag.py:538} INFO - Filling up the DagBag from /home/airflow/.local/lib/python3.7/site-packages/airflow/example_dags/example_sensors.py
[2024-04-06T10:08:06.724+0000] {processor.py:753} INFO - DAG(s) dict_keys(['example_sensors']) retrieved from /home/airflow/.local/lib/python3.7/site-packages/airflow/example_dags/example_sensors.py
[2024-04-06T10:08:06.792+0000] {logging_mixin.py:137} INFO - [2024-04-06T10:08:06.792+0000] {dag.py:2690} INFO - Sync 1 DAGs
[2024-04-06T10:08:06.844+0000] {logging_mixin.py:137} INFO - [2024-04-06T10:08:06.844+0000] {dag.py:3441} INFO - Setting next_dagrun for example_sensors to None, run_after=None
[2024-04-06T10:08:06.885+0000] {processor.py:175} INFO - Processing /home/airflow/.local/lib/python3.7/site-packages/airflow/example_dags/example_sensors.py took 0.226 seconds
[2024-04-06T10:08:37.142+0000] {processor.py:153} INFO - Started process (PID=1609) to work on /home/airflow/.local/lib/python3.7/site-packages/airflow/example_dags/example_sensors.py
[2024-04-06T10:08:37.143+0000] {processor.py:743} INFO - Processing file /home/airflow/.local/lib/python3.7/site-packages/airflow/example_dags/example_sensors.py for tasks to queue
[2024-04-06T10:08:37.144+0000] {logging_mixin.py:137} INFO - [2024-04-06T10:08:37.144+0000] {dagbag.py:538} INFO - Filling up the DagBag from /home/airflow/.local/lib/python3.7/site-packages/airflow/example_dags/example_sensors.py
[2024-04-06T10:08:37.182+0000] {processor.py:753} INFO - DAG(s) dict_keys(['example_sensors']) retrieved from /home/airflow/.local/lib/python3.7/site-packages/airflow/example_dags/example_sensors.py
[2024-04-06T10:08:37.240+0000] {logging_mixin.py:137} INFO - [2024-04-06T10:08:37.240+0000] {dag.py:2690} INFO - Sync 1 DAGs
[2024-04-06T10:08:37.300+0000] {logging_mixin.py:137} INFO - [2024-04-06T10:08:37.299+0000] {dag.py:3441} INFO - Setting next_dagrun for example_sensors to None, run_after=None
[2024-04-06T10:08:37.343+0000] {processor.py:175} INFO - Processing /home/airflow/.local/lib/python3.7/site-packages/airflow/example_dags/example_sensors.py took 0.207 seconds
[2024-04-06T10:09:07.929+0000] {processor.py:153} INFO - Started process (PID=1681) to work on /home/airflow/.local/lib/python3.7/site-packages/airflow/example_dags/example_sensors.py
[2024-04-06T10:09:07.931+0000] {processor.py:743} INFO - Processing file /home/airflow/.local/lib/python3.7/site-packages/airflow/example_dags/example_sensors.py for tasks to queue
[2024-04-06T10:09:07.933+0000] {logging_mixin.py:137} INFO - [2024-04-06T10:09:07.933+0000] {dagbag.py:538} INFO - Filling up the DagBag from /home/airflow/.local/lib/python3.7/site-packages/airflow/example_dags/example_sensors.py
[2024-04-06T10:09:07.989+0000] {processor.py:753} INFO - DAG(s) dict_keys(['example_sensors']) retrieved from /home/airflow/.local/lib/python3.7/site-packages/airflow/example_dags/example_sensors.py
[2024-04-06T10:09:08.070+0000] {logging_mixin.py:137} INFO - [2024-04-06T10:09:08.069+0000] {dag.py:2690} INFO - Sync 1 DAGs
[2024-04-06T10:09:08.146+0000] {logging_mixin.py:137} INFO - [2024-04-06T10:09:08.145+0000] {dag.py:3441} INFO - Setting next_dagrun for example_sensors to None, run_after=None
[2024-04-06T10:09:08.200+0000] {processor.py:175} INFO - Processing /home/airflow/.local/lib/python3.7/site-packages/airflow/example_dags/example_sensors.py took 0.280 seconds
[2024-04-06T10:09:38.304+0000] {processor.py:153} INFO - Started process (PID=1761) to work on /home/airflow/.local/lib/python3.7/site-packages/airflow/example_dags/example_sensors.py
[2024-04-06T10:09:38.305+0000] {processor.py:743} INFO - Processing file /home/airflow/.local/lib/python3.7/site-packages/airflow/example_dags/example_sensors.py for tasks to queue
[2024-04-06T10:09:38.306+0000] {logging_mixin.py:137} INFO - [2024-04-06T10:09:38.306+0000] {dagbag.py:538} INFO - Filling up the DagBag from /home/airflow/.local/lib/python3.7/site-packages/airflow/example_dags/example_sensors.py
[2024-04-06T10:09:38.346+0000] {processor.py:753} INFO - DAG(s) dict_keys(['example_sensors']) retrieved from /home/airflow/.local/lib/python3.7/site-packages/airflow/example_dags/example_sensors.py
[2024-04-06T10:09:38.397+0000] {logging_mixin.py:137} INFO - [2024-04-06T10:09:38.397+0000] {dag.py:2690} INFO - Sync 1 DAGs
[2024-04-06T10:09:38.452+0000] {logging_mixin.py:137} INFO - [2024-04-06T10:09:38.451+0000] {dag.py:3441} INFO - Setting next_dagrun for example_sensors to None, run_after=None
[2024-04-06T10:09:38.495+0000] {processor.py:175} INFO - Processing /home/airflow/.local/lib/python3.7/site-packages/airflow/example_dags/example_sensors.py took 0.196 seconds
[2024-04-06T10:10:09.403+0000] {processor.py:153} INFO - Started process (PID=1832) to work on /home/airflow/.local/lib/python3.7/site-packages/airflow/example_dags/example_sensors.py
[2024-04-06T10:10:09.404+0000] {processor.py:743} INFO - Processing file /home/airflow/.local/lib/python3.7/site-packages/airflow/example_dags/example_sensors.py for tasks to queue
[2024-04-06T10:10:09.405+0000] {logging_mixin.py:137} INFO - [2024-04-06T10:10:09.405+0000] {dagbag.py:538} INFO - Filling up the DagBag from /home/airflow/.local/lib/python3.7/site-packages/airflow/example_dags/example_sensors.py
[2024-04-06T10:10:09.444+0000] {processor.py:753} INFO - DAG(s) dict_keys(['example_sensors']) retrieved from /home/airflow/.local/lib/python3.7/site-packages/airflow/example_dags/example_sensors.py
[2024-04-06T10:10:09.499+0000] {logging_mixin.py:137} INFO - [2024-04-06T10:10:09.498+0000] {dag.py:2690} INFO - Sync 1 DAGs
[2024-04-06T10:10:09.567+0000] {logging_mixin.py:137} INFO - [2024-04-06T10:10:09.566+0000] {dag.py:3441} INFO - Setting next_dagrun for example_sensors to None, run_after=None
[2024-04-06T10:10:09.614+0000] {processor.py:175} INFO - Processing /home/airflow/.local/lib/python3.7/site-packages/airflow/example_dags/example_sensors.py took 0.217 seconds
[2024-04-06T10:10:39.918+0000] {processor.py:153} INFO - Started process (PID=1904) to work on /home/airflow/.local/lib/python3.7/site-packages/airflow/example_dags/example_sensors.py
[2024-04-06T10:10:39.920+0000] {processor.py:743} INFO - Processing file /home/airflow/.local/lib/python3.7/site-packages/airflow/example_dags/example_sensors.py for tasks to queue
[2024-04-06T10:10:39.921+0000] {logging_mixin.py:137} INFO - [2024-04-06T10:10:39.921+0000] {dagbag.py:538} INFO - Filling up the DagBag from /home/airflow/.local/lib/python3.7/site-packages/airflow/example_dags/example_sensors.py
[2024-04-06T10:10:39.959+0000] {processor.py:753} INFO - DAG(s) dict_keys(['example_sensors']) retrieved from /home/airflow/.local/lib/python3.7/site-packages/airflow/example_dags/example_sensors.py
[2024-04-06T10:10:40.011+0000] {logging_mixin.py:137} INFO - [2024-04-06T10:10:40.010+0000] {dag.py:2690} INFO - Sync 1 DAGs
[2024-04-06T10:10:40.063+0000] {logging_mixin.py:137} INFO - [2024-04-06T10:10:40.063+0000] {dag.py:3441} INFO - Setting next_dagrun for example_sensors to None, run_after=None
[2024-04-06T10:10:40.101+0000] {processor.py:175} INFO - Processing /home/airflow/.local/lib/python3.7/site-packages/airflow/example_dags/example_sensors.py took 0.188 seconds
[2024-04-06T10:11:10.465+0000] {processor.py:153} INFO - Started process (PID=1976) to work on /home/airflow/.local/lib/python3.7/site-packages/airflow/example_dags/example_sensors.py
[2024-04-06T10:11:10.466+0000] {processor.py:743} INFO - Processing file /home/airflow/.local/lib/python3.7/site-packages/airflow/example_dags/example_sensors.py for tasks to queue
[2024-04-06T10:11:10.467+0000] {logging_mixin.py:137} INFO - [2024-04-06T10:11:10.467+0000] {dagbag.py:538} INFO - Filling up the DagBag from /home/airflow/.local/lib/python3.7/site-packages/airflow/example_dags/example_sensors.py
[2024-04-06T10:11:10.507+0000] {processor.py:753} INFO - DAG(s) dict_keys(['example_sensors']) retrieved from /home/airflow/.local/lib/python3.7/site-packages/airflow/example_dags/example_sensors.py
[2024-04-06T10:11:10.580+0000] {logging_mixin.py:137} INFO - [2024-04-06T10:11:10.579+0000] {dag.py:2690} INFO - Sync 1 DAGs
[2024-04-06T10:11:10.641+0000] {logging_mixin.py:137} INFO - [2024-04-06T10:11:10.641+0000] {dag.py:3441} INFO - Setting next_dagrun for example_sensors to None, run_after=None
[2024-04-06T10:11:10.686+0000] {processor.py:175} INFO - Processing /home/airflow/.local/lib/python3.7/site-packages/airflow/example_dags/example_sensors.py took 0.227 seconds
[2024-04-06T10:11:40.970+0000] {processor.py:153} INFO - Started process (PID=2049) to work on /home/airflow/.local/lib/python3.7/site-packages/airflow/example_dags/example_sensors.py
[2024-04-06T10:11:40.971+0000] {processor.py:743} INFO - Processing file /home/airflow/.local/lib/python3.7/site-packages/airflow/example_dags/example_sensors.py for tasks to queue
[2024-04-06T10:11:40.973+0000] {logging_mixin.py:137} INFO - [2024-04-06T10:11:40.973+0000] {dagbag.py:538} INFO - Filling up the DagBag from /home/airflow/.local/lib/python3.7/site-packages/airflow/example_dags/example_sensors.py
[2024-04-06T10:11:41.014+0000] {processor.py:753} INFO - DAG(s) dict_keys(['example_sensors']) retrieved from /home/airflow/.local/lib/python3.7/site-packages/airflow/example_dags/example_sensors.py
[2024-04-06T10:11:41.066+0000] {logging_mixin.py:137} INFO - [2024-04-06T10:11:41.066+0000] {dag.py:2690} INFO - Sync 1 DAGs
[2024-04-06T10:11:41.115+0000] {logging_mixin.py:137} INFO - [2024-04-06T10:11:41.115+0000] {dag.py:3441} INFO - Setting next_dagrun for example_sensors to None, run_after=None
[2024-04-06T10:11:41.162+0000] {processor.py:175} INFO - Processing /home/airflow/.local/lib/python3.7/site-packages/airflow/example_dags/example_sensors.py took 0.199 seconds
[2024-04-06T10:12:11.366+0000] {processor.py:153} INFO - Started process (PID=2121) to work on /home/airflow/.local/lib/python3.7/site-packages/airflow/example_dags/example_sensors.py
[2024-04-06T10:12:11.367+0000] {processor.py:743} INFO - Processing file /home/airflow/.local/lib/python3.7/site-packages/airflow/example_dags/example_sensors.py for tasks to queue
[2024-04-06T10:12:11.369+0000] {logging_mixin.py:137} INFO - [2024-04-06T10:12:11.368+0000] {dagbag.py:538} INFO - Filling up the DagBag from /home/airflow/.local/lib/python3.7/site-packages/airflow/example_dags/example_sensors.py
[2024-04-06T10:12:11.407+0000] {processor.py:753} INFO - DAG(s) dict_keys(['example_sensors']) retrieved from /home/airflow/.local/lib/python3.7/site-packages/airflow/example_dags/example_sensors.py
[2024-04-06T10:12:11.470+0000] {logging_mixin.py:137} INFO - [2024-04-06T10:12:11.469+0000] {dag.py:2690} INFO - Sync 1 DAGs
[2024-04-06T10:12:11.525+0000] {logging_mixin.py:137} INFO - [2024-04-06T10:12:11.525+0000] {dag.py:3441} INFO - Setting next_dagrun for example_sensors to None, run_after=None
[2024-04-06T10:12:11.570+0000] {processor.py:175} INFO - Processing /home/airflow/.local/lib/python3.7/site-packages/airflow/example_dags/example_sensors.py took 0.210 seconds
[2024-04-06T10:12:41.873+0000] {processor.py:153} INFO - Started process (PID=2193) to work on /home/airflow/.local/lib/python3.7/site-packages/airflow/example_dags/example_sensors.py
[2024-04-06T10:12:41.875+0000] {processor.py:743} INFO - Processing file /home/airflow/.local/lib/python3.7/site-packages/airflow/example_dags/example_sensors.py for tasks to queue
[2024-04-06T10:12:41.877+0000] {logging_mixin.py:137} INFO - [2024-04-06T10:12:41.876+0000] {dagbag.py:538} INFO - Filling up the DagBag from /home/airflow/.local/lib/python3.7/site-packages/airflow/example_dags/example_sensors.py
[2024-04-06T10:12:41.923+0000] {processor.py:753} INFO - DAG(s) dict_keys(['example_sensors']) retrieved from /home/airflow/.local/lib/python3.7/site-packages/airflow/example_dags/example_sensors.py
[2024-04-06T10:12:41.984+0000] {logging_mixin.py:137} INFO - [2024-04-06T10:12:41.984+0000] {dag.py:2690} INFO - Sync 1 DAGs
[2024-04-06T10:12:42.035+0000] {logging_mixin.py:137} INFO - [2024-04-06T10:12:42.034+0000] {dag.py:3441} INFO - Setting next_dagrun for example_sensors to None, run_after=None
[2024-04-06T10:12:42.068+0000] {processor.py:175} INFO - Processing /home/airflow/.local/lib/python3.7/site-packages/airflow/example_dags/example_sensors.py took 0.200 seconds
[2024-04-06T10:42:03.352+0000] {processor.py:161} INFO - Started process (PID=45) to work on /home/airflow/.local/lib/python3.8/site-packages/airflow/example_dags/example_sensors.py
[2024-04-06T10:42:03.353+0000] {processor.py:830} INFO - Processing file /home/airflow/.local/lib/python3.8/site-packages/airflow/example_dags/example_sensors.py for tasks to queue
[2024-04-06T10:42:03.355+0000] {logging_mixin.py:188} INFO - [2024-04-06T10:42:03.355+0000] {dagbag.py:540} INFO - Filling up the DagBag from /home/airflow/.local/lib/python3.8/site-packages/airflow/example_dags/example_sensors.py
[2024-04-06T10:42:03.365+0000] {processor.py:840} INFO - DAG(s) 'example_sensors' retrieved from /home/airflow/.local/lib/python3.8/site-packages/airflow/example_dags/example_sensors.py
[2024-04-06T10:42:03.449+0000] {logging_mixin.py:188} INFO - [2024-04-06T10:42:03.449+0000] {override.py:1769} INFO - Created Permission View: can delete on DAG:example_sensors
[2024-04-06T10:42:03.456+0000] {logging_mixin.py:188} INFO - [2024-04-06T10:42:03.455+0000] {override.py:1769} INFO - Created Permission View: can read on DAG:example_sensors
[2024-04-06T10:42:03.460+0000] {logging_mixin.py:188} INFO - [2024-04-06T10:42:03.459+0000] {override.py:1769} INFO - Created Permission View: can edit on DAG:example_sensors
[2024-04-06T10:42:03.460+0000] {logging_mixin.py:188} INFO - [2024-04-06T10:42:03.460+0000] {dag.py:3047} INFO - Sync 1 DAGs
[2024-04-06T10:42:03.468+0000] {logging_mixin.py:188} INFO - [2024-04-06T10:42:03.467+0000] {dag.py:3069} INFO - Creating ORM DAG for example_sensors
[2024-04-06T10:42:03.468+0000] {logging_mixin.py:188} INFO - [2024-04-06T10:42:03.468+0000] {dag.py:3834} INFO - Setting next_dagrun for example_sensors to None, run_after=None
[2024-04-06T10:42:03.484+0000] {processor.py:183} INFO - Processing /home/airflow/.local/lib/python3.8/site-packages/airflow/example_dags/example_sensors.py took 0.135 seconds
[2024-04-06T10:42:33.948+0000] {processor.py:161} INFO - Started process (PID=101) to work on /home/airflow/.local/lib/python3.8/site-packages/airflow/example_dags/example_sensors.py
[2024-04-06T10:42:33.949+0000] {processor.py:830} INFO - Processing file /home/airflow/.local/lib/python3.8/site-packages/airflow/example_dags/example_sensors.py for tasks to queue
[2024-04-06T10:42:33.950+0000] {logging_mixin.py:188} INFO - [2024-04-06T10:42:33.950+0000] {dagbag.py:540} INFO - Filling up the DagBag from /home/airflow/.local/lib/python3.8/site-packages/airflow/example_dags/example_sensors.py
[2024-04-06T10:42:33.956+0000] {processor.py:840} INFO - DAG(s) 'example_sensors' retrieved from /home/airflow/.local/lib/python3.8/site-packages/airflow/example_dags/example_sensors.py
[2024-04-06T10:42:33.971+0000] {logging_mixin.py:188} INFO - [2024-04-06T10:42:33.971+0000] {dag.py:3047} INFO - Sync 1 DAGs
[2024-04-06T10:42:33.979+0000] {logging_mixin.py:188} INFO - [2024-04-06T10:42:33.978+0000] {dag.py:3834} INFO - Setting next_dagrun for example_sensors to None, run_after=None
[2024-04-06T10:42:33.990+0000] {processor.py:183} INFO - Processing /home/airflow/.local/lib/python3.8/site-packages/airflow/example_dags/example_sensors.py took 0.044 seconds
[2024-04-06T10:43:04.071+0000] {processor.py:161} INFO - Started process (PID=157) to work on /home/airflow/.local/lib/python3.8/site-packages/airflow/example_dags/example_sensors.py
[2024-04-06T10:43:04.080+0000] {processor.py:830} INFO - Processing file /home/airflow/.local/lib/python3.8/site-packages/airflow/example_dags/example_sensors.py for tasks to queue
[2024-04-06T10:43:04.082+0000] {logging_mixin.py:188} INFO - [2024-04-06T10:43:04.081+0000] {dagbag.py:540} INFO - Filling up the DagBag from /home/airflow/.local/lib/python3.8/site-packages/airflow/example_dags/example_sensors.py
[2024-04-06T10:43:04.088+0000] {processor.py:840} INFO - DAG(s) 'example_sensors' retrieved from /home/airflow/.local/lib/python3.8/site-packages/airflow/example_dags/example_sensors.py
[2024-04-06T10:43:04.103+0000] {logging_mixin.py:188} INFO - [2024-04-06T10:43:04.103+0000] {dag.py:3047} INFO - Sync 1 DAGs
[2024-04-06T10:43:04.111+0000] {logging_mixin.py:188} INFO - [2024-04-06T10:43:04.111+0000] {dag.py:3834} INFO - Setting next_dagrun for example_sensors to None, run_after=None
[2024-04-06T10:43:04.137+0000] {processor.py:183} INFO - Processing /home/airflow/.local/lib/python3.8/site-packages/airflow/example_dags/example_sensors.py took 0.068 seconds
[2024-04-06T10:43:34.675+0000] {processor.py:161} INFO - Started process (PID=213) to work on /home/airflow/.local/lib/python3.8/site-packages/airflow/example_dags/example_sensors.py
[2024-04-06T10:43:34.675+0000] {processor.py:830} INFO - Processing file /home/airflow/.local/lib/python3.8/site-packages/airflow/example_dags/example_sensors.py for tasks to queue
[2024-04-06T10:43:34.676+0000] {logging_mixin.py:188} INFO - [2024-04-06T10:43:34.676+0000] {dagbag.py:540} INFO - Filling up the DagBag from /home/airflow/.local/lib/python3.8/site-packages/airflow/example_dags/example_sensors.py
[2024-04-06T10:43:34.682+0000] {processor.py:840} INFO - DAG(s) 'example_sensors' retrieved from /home/airflow/.local/lib/python3.8/site-packages/airflow/example_dags/example_sensors.py
[2024-04-06T10:43:34.697+0000] {logging_mixin.py:188} INFO - [2024-04-06T10:43:34.696+0000] {dag.py:3047} INFO - Sync 1 DAGs
[2024-04-06T10:43:34.705+0000] {logging_mixin.py:188} INFO - [2024-04-06T10:43:34.705+0000] {dag.py:3834} INFO - Setting next_dagrun for example_sensors to None, run_after=None
[2024-04-06T10:43:34.720+0000] {processor.py:183} INFO - Processing /home/airflow/.local/lib/python3.8/site-packages/airflow/example_dags/example_sensors.py took 0.047 seconds
[2024-04-06T10:44:05.335+0000] {processor.py:161} INFO - Started process (PID=269) to work on /home/airflow/.local/lib/python3.8/site-packages/airflow/example_dags/example_sensors.py
[2024-04-06T10:44:05.336+0000] {processor.py:830} INFO - Processing file /home/airflow/.local/lib/python3.8/site-packages/airflow/example_dags/example_sensors.py for tasks to queue
[2024-04-06T10:44:05.337+0000] {logging_mixin.py:188} INFO - [2024-04-06T10:44:05.337+0000] {dagbag.py:540} INFO - Filling up the DagBag from /home/airflow/.local/lib/python3.8/site-packages/airflow/example_dags/example_sensors.py
[2024-04-06T10:44:05.343+0000] {processor.py:840} INFO - DAG(s) 'example_sensors' retrieved from /home/airflow/.local/lib/python3.8/site-packages/airflow/example_dags/example_sensors.py
[2024-04-06T10:44:05.361+0000] {logging_mixin.py:188} INFO - [2024-04-06T10:44:05.361+0000] {dag.py:3047} INFO - Sync 1 DAGs
[2024-04-06T10:44:05.369+0000] {logging_mixin.py:188} INFO - [2024-04-06T10:44:05.369+0000] {dag.py:3834} INFO - Setting next_dagrun for example_sensors to None, run_after=None
[2024-04-06T10:44:05.380+0000] {processor.py:183} INFO - Processing /home/airflow/.local/lib/python3.8/site-packages/airflow/example_dags/example_sensors.py took 0.046 seconds
[2024-04-06T10:44:36.092+0000] {processor.py:161} INFO - Started process (PID=325) to work on /home/airflow/.local/lib/python3.8/site-packages/airflow/example_dags/example_sensors.py
[2024-04-06T10:44:36.093+0000] {processor.py:830} INFO - Processing file /home/airflow/.local/lib/python3.8/site-packages/airflow/example_dags/example_sensors.py for tasks to queue
[2024-04-06T10:44:36.094+0000] {logging_mixin.py:188} INFO - [2024-04-06T10:44:36.093+0000] {dagbag.py:540} INFO - Filling up the DagBag from /home/airflow/.local/lib/python3.8/site-packages/airflow/example_dags/example_sensors.py
[2024-04-06T10:44:36.099+0000] {processor.py:840} INFO - DAG(s) 'example_sensors' retrieved from /home/airflow/.local/lib/python3.8/site-packages/airflow/example_dags/example_sensors.py
[2024-04-06T10:44:36.115+0000] {logging_mixin.py:188} INFO - [2024-04-06T10:44:36.115+0000] {dag.py:3047} INFO - Sync 1 DAGs
[2024-04-06T10:44:36.123+0000] {logging_mixin.py:188} INFO - [2024-04-06T10:44:36.123+0000] {dag.py:3834} INFO - Setting next_dagrun for example_sensors to None, run_after=None
[2024-04-06T10:44:36.135+0000] {processor.py:183} INFO - Processing /home/airflow/.local/lib/python3.8/site-packages/airflow/example_dags/example_sensors.py took 0.045 seconds
[2024-04-06T10:45:06.208+0000] {processor.py:161} INFO - Started process (PID=381) to work on /home/airflow/.local/lib/python3.8/site-packages/airflow/example_dags/example_sensors.py
[2024-04-06T10:45:06.208+0000] {processor.py:830} INFO - Processing file /home/airflow/.local/lib/python3.8/site-packages/airflow/example_dags/example_sensors.py for tasks to queue
[2024-04-06T10:45:06.210+0000] {logging_mixin.py:188} INFO - [2024-04-06T10:45:06.209+0000] {dagbag.py:540} INFO - Filling up the DagBag from /home/airflow/.local/lib/python3.8/site-packages/airflow/example_dags/example_sensors.py
[2024-04-06T10:45:06.216+0000] {processor.py:840} INFO - DAG(s) 'example_sensors' retrieved from /home/airflow/.local/lib/python3.8/site-packages/airflow/example_dags/example_sensors.py
[2024-04-06T10:45:06.232+0000] {logging_mixin.py:188} INFO - [2024-04-06T10:45:06.232+0000] {dag.py:3047} INFO - Sync 1 DAGs
[2024-04-06T10:45:06.241+0000] {logging_mixin.py:188} INFO - [2024-04-06T10:45:06.241+0000] {dag.py:3834} INFO - Setting next_dagrun for example_sensors to None, run_after=None
[2024-04-06T10:45:06.253+0000] {processor.py:183} INFO - Processing /home/airflow/.local/lib/python3.8/site-packages/airflow/example_dags/example_sensors.py took 0.048 seconds
