[2024-04-06T09:36:48.071+0000] {processor.py:153} INFO - Started process (PID=68) to work on /home/airflow/.local/lib/python3.7/site-packages/airflow/example_dags/example_branch_python_dop_operator_3.py
[2024-04-06T09:36:48.071+0000] {processor.py:743} INFO - Processing file /home/airflow/.local/lib/python3.7/site-packages/airflow/example_dags/example_branch_python_dop_operator_3.py for tasks to queue
[2024-04-06T09:36:48.072+0000] {logging_mixin.py:137} INFO - [2024-04-06T09:36:48.072+0000] {dagbag.py:538} INFO - Filling up the DagBag from /home/airflow/.local/lib/python3.7/site-packages/airflow/example_dags/example_branch_python_dop_operator_3.py
[2024-04-06T09:36:48.098+0000] {processor.py:753} INFO - DAG(s) dict_keys(['example_branch_dop_operator_v3']) retrieved from /home/airflow/.local/lib/python3.7/site-packages/airflow/example_dags/example_branch_python_dop_operator_3.py
[2024-04-06T09:36:48.113+0000] {logging_mixin.py:137} INFO - [2024-04-06T09:36:48.112+0000] {dag.py:2690} INFO - Sync 1 DAGs
[2024-04-06T09:36:48.165+0000] {logging_mixin.py:137} INFO - [2024-04-06T09:36:48.164+0000] {dag.py:3441} INFO - Setting next_dagrun for example_branch_dop_operator_v3 to 2024-04-06T09:35:00+00:00, run_after=2024-04-06T09:36:00+00:00
[2024-04-06T09:36:48.200+0000] {processor.py:175} INFO - Processing /home/airflow/.local/lib/python3.7/site-packages/airflow/example_dags/example_branch_python_dop_operator_3.py took 0.133 seconds
[2024-04-06T09:37:19.214+0000] {processor.py:153} INFO - Started process (PID=140) to work on /home/airflow/.local/lib/python3.7/site-packages/airflow/example_dags/example_branch_python_dop_operator_3.py
[2024-04-06T09:37:19.215+0000] {processor.py:743} INFO - Processing file /home/airflow/.local/lib/python3.7/site-packages/airflow/example_dags/example_branch_python_dop_operator_3.py for tasks to queue
[2024-04-06T09:37:19.215+0000] {logging_mixin.py:137} INFO - [2024-04-06T09:37:19.215+0000] {dagbag.py:538} INFO - Filling up the DagBag from /home/airflow/.local/lib/python3.7/site-packages/airflow/example_dags/example_branch_python_dop_operator_3.py
[2024-04-06T09:37:19.248+0000] {processor.py:753} INFO - DAG(s) dict_keys(['example_branch_dop_operator_v3']) retrieved from /home/airflow/.local/lib/python3.7/site-packages/airflow/example_dags/example_branch_python_dop_operator_3.py
[2024-04-06T09:37:19.260+0000] {logging_mixin.py:137} INFO - [2024-04-06T09:37:19.260+0000] {dag.py:2690} INFO - Sync 1 DAGs
[2024-04-06T09:37:19.293+0000] {logging_mixin.py:137} INFO - [2024-04-06T09:37:19.293+0000] {dag.py:3441} INFO - Setting next_dagrun for example_branch_dop_operator_v3 to 2024-04-06T09:36:00+00:00, run_after=2024-04-06T09:37:00+00:00
[2024-04-06T09:37:19.313+0000] {processor.py:175} INFO - Processing /home/airflow/.local/lib/python3.7/site-packages/airflow/example_dags/example_branch_python_dop_operator_3.py took 0.102 seconds
[2024-04-06T09:37:49.913+0000] {processor.py:153} INFO - Started process (PID=212) to work on /home/airflow/.local/lib/python3.7/site-packages/airflow/example_dags/example_branch_python_dop_operator_3.py
[2024-04-06T09:37:49.928+0000] {processor.py:743} INFO - Processing file /home/airflow/.local/lib/python3.7/site-packages/airflow/example_dags/example_branch_python_dop_operator_3.py for tasks to queue
[2024-04-06T09:37:49.929+0000] {logging_mixin.py:137} INFO - [2024-04-06T09:37:49.929+0000] {dagbag.py:538} INFO - Filling up the DagBag from /home/airflow/.local/lib/python3.7/site-packages/airflow/example_dags/example_branch_python_dop_operator_3.py
[2024-04-06T09:37:49.958+0000] {processor.py:753} INFO - DAG(s) dict_keys(['example_branch_dop_operator_v3']) retrieved from /home/airflow/.local/lib/python3.7/site-packages/airflow/example_dags/example_branch_python_dop_operator_3.py
[2024-04-06T09:37:49.989+0000] {logging_mixin.py:137} INFO - [2024-04-06T09:37:49.989+0000] {dag.py:2690} INFO - Sync 1 DAGs
[2024-04-06T09:37:50.019+0000] {logging_mixin.py:137} INFO - [2024-04-06T09:37:50.019+0000] {dag.py:3441} INFO - Setting next_dagrun for example_branch_dop_operator_v3 to 2024-04-06T09:36:00+00:00, run_after=2024-04-06T09:37:00+00:00
[2024-04-06T09:37:50.042+0000] {processor.py:175} INFO - Processing /home/airflow/.local/lib/python3.7/site-packages/airflow/example_dags/example_branch_python_dop_operator_3.py took 0.134 seconds
[2024-04-06T09:38:20.644+0000] {processor.py:153} INFO - Started process (PID=300) to work on /home/airflow/.local/lib/python3.7/site-packages/airflow/example_dags/example_branch_python_dop_operator_3.py
[2024-04-06T09:38:20.649+0000] {processor.py:743} INFO - Processing file /home/airflow/.local/lib/python3.7/site-packages/airflow/example_dags/example_branch_python_dop_operator_3.py for tasks to queue
[2024-04-06T09:38:20.650+0000] {logging_mixin.py:137} INFO - [2024-04-06T09:38:20.650+0000] {dagbag.py:538} INFO - Filling up the DagBag from /home/airflow/.local/lib/python3.7/site-packages/airflow/example_dags/example_branch_python_dop_operator_3.py
[2024-04-06T09:38:20.677+0000] {processor.py:753} INFO - DAG(s) dict_keys(['example_branch_dop_operator_v3']) retrieved from /home/airflow/.local/lib/python3.7/site-packages/airflow/example_dags/example_branch_python_dop_operator_3.py
[2024-04-06T09:38:20.702+0000] {logging_mixin.py:137} INFO - [2024-04-06T09:38:20.701+0000] {dag.py:2690} INFO - Sync 1 DAGs
[2024-04-06T09:38:20.733+0000] {logging_mixin.py:137} INFO - [2024-04-06T09:38:20.733+0000] {dag.py:3441} INFO - Setting next_dagrun for example_branch_dop_operator_v3 to 2024-04-06T09:37:00+00:00, run_after=2024-04-06T09:38:00+00:00
[2024-04-06T09:38:20.753+0000] {processor.py:175} INFO - Processing /home/airflow/.local/lib/python3.7/site-packages/airflow/example_dags/example_branch_python_dop_operator_3.py took 0.112 seconds
[2024-04-06T09:38:50.943+0000] {processor.py:153} INFO - Started process (PID=371) to work on /home/airflow/.local/lib/python3.7/site-packages/airflow/example_dags/example_branch_python_dop_operator_3.py
[2024-04-06T09:38:50.949+0000] {processor.py:743} INFO - Processing file /home/airflow/.local/lib/python3.7/site-packages/airflow/example_dags/example_branch_python_dop_operator_3.py for tasks to queue
[2024-04-06T09:38:50.950+0000] {logging_mixin.py:137} INFO - [2024-04-06T09:38:50.950+0000] {dagbag.py:538} INFO - Filling up the DagBag from /home/airflow/.local/lib/python3.7/site-packages/airflow/example_dags/example_branch_python_dop_operator_3.py
[2024-04-06T09:38:50.977+0000] {processor.py:753} INFO - DAG(s) dict_keys(['example_branch_dop_operator_v3']) retrieved from /home/airflow/.local/lib/python3.7/site-packages/airflow/example_dags/example_branch_python_dop_operator_3.py
[2024-04-06T09:38:51.005+0000] {logging_mixin.py:137} INFO - [2024-04-06T09:38:51.004+0000] {dag.py:2690} INFO - Sync 1 DAGs
[2024-04-06T09:38:51.037+0000] {logging_mixin.py:137} INFO - [2024-04-06T09:38:51.037+0000] {dag.py:3441} INFO - Setting next_dagrun for example_branch_dop_operator_v3 to 2024-04-06T09:37:00+00:00, run_after=2024-04-06T09:38:00+00:00
[2024-04-06T09:38:51.058+0000] {processor.py:175} INFO - Processing /home/airflow/.local/lib/python3.7/site-packages/airflow/example_dags/example_branch_python_dop_operator_3.py took 0.118 seconds
[2024-04-06T09:39:21.188+0000] {processor.py:153} INFO - Started process (PID=460) to work on /home/airflow/.local/lib/python3.7/site-packages/airflow/example_dags/example_branch_python_dop_operator_3.py
[2024-04-06T09:39:21.189+0000] {processor.py:743} INFO - Processing file /home/airflow/.local/lib/python3.7/site-packages/airflow/example_dags/example_branch_python_dop_operator_3.py for tasks to queue
[2024-04-06T09:39:21.189+0000] {logging_mixin.py:137} INFO - [2024-04-06T09:39:21.189+0000] {dagbag.py:538} INFO - Filling up the DagBag from /home/airflow/.local/lib/python3.7/site-packages/airflow/example_dags/example_branch_python_dop_operator_3.py
[2024-04-06T09:39:21.209+0000] {processor.py:753} INFO - DAG(s) dict_keys(['example_branch_dop_operator_v3']) retrieved from /home/airflow/.local/lib/python3.7/site-packages/airflow/example_dags/example_branch_python_dop_operator_3.py
[2024-04-06T09:39:21.231+0000] {logging_mixin.py:137} INFO - [2024-04-06T09:39:21.231+0000] {dag.py:2690} INFO - Sync 1 DAGs
[2024-04-06T09:39:21.257+0000] {logging_mixin.py:137} INFO - [2024-04-06T09:39:21.257+0000] {dag.py:3441} INFO - Setting next_dagrun for example_branch_dop_operator_v3 to 2024-04-06T09:38:00+00:00, run_after=2024-04-06T09:39:00+00:00
[2024-04-06T09:39:21.274+0000] {processor.py:175} INFO - Processing /home/airflow/.local/lib/python3.7/site-packages/airflow/example_dags/example_branch_python_dop_operator_3.py took 0.090 seconds
[2024-04-06T09:39:51.338+0000] {processor.py:153} INFO - Started process (PID=531) to work on /home/airflow/.local/lib/python3.7/site-packages/airflow/example_dags/example_branch_python_dop_operator_3.py
[2024-04-06T09:39:51.339+0000] {processor.py:743} INFO - Processing file /home/airflow/.local/lib/python3.7/site-packages/airflow/example_dags/example_branch_python_dop_operator_3.py for tasks to queue
[2024-04-06T09:39:51.340+0000] {logging_mixin.py:137} INFO - [2024-04-06T09:39:51.340+0000] {dagbag.py:538} INFO - Filling up the DagBag from /home/airflow/.local/lib/python3.7/site-packages/airflow/example_dags/example_branch_python_dop_operator_3.py
[2024-04-06T09:39:51.367+0000] {processor.py:753} INFO - DAG(s) dict_keys(['example_branch_dop_operator_v3']) retrieved from /home/airflow/.local/lib/python3.7/site-packages/airflow/example_dags/example_branch_python_dop_operator_3.py
[2024-04-06T09:39:51.395+0000] {logging_mixin.py:137} INFO - [2024-04-06T09:39:51.395+0000] {dag.py:2690} INFO - Sync 1 DAGs
[2024-04-06T09:39:51.434+0000] {logging_mixin.py:137} INFO - [2024-04-06T09:39:51.434+0000] {dag.py:3441} INFO - Setting next_dagrun for example_branch_dop_operator_v3 to 2024-04-06T09:38:00+00:00, run_after=2024-04-06T09:39:00+00:00
[2024-04-06T09:39:51.454+0000] {processor.py:175} INFO - Processing /home/airflow/.local/lib/python3.7/site-packages/airflow/example_dags/example_branch_python_dop_operator_3.py took 0.118 seconds
[2024-04-06T09:40:21.833+0000] {processor.py:153} INFO - Started process (PID=619) to work on /home/airflow/.local/lib/python3.7/site-packages/airflow/example_dags/example_branch_python_dop_operator_3.py
[2024-04-06T09:40:21.839+0000] {processor.py:743} INFO - Processing file /home/airflow/.local/lib/python3.7/site-packages/airflow/example_dags/example_branch_python_dop_operator_3.py for tasks to queue
[2024-04-06T09:40:21.840+0000] {logging_mixin.py:137} INFO - [2024-04-06T09:40:21.840+0000] {dagbag.py:538} INFO - Filling up the DagBag from /home/airflow/.local/lib/python3.7/site-packages/airflow/example_dags/example_branch_python_dop_operator_3.py
[2024-04-06T09:40:21.864+0000] {processor.py:753} INFO - DAG(s) dict_keys(['example_branch_dop_operator_v3']) retrieved from /home/airflow/.local/lib/python3.7/site-packages/airflow/example_dags/example_branch_python_dop_operator_3.py
[2024-04-06T09:40:21.892+0000] {logging_mixin.py:137} INFO - [2024-04-06T09:40:21.892+0000] {dag.py:2690} INFO - Sync 1 DAGs
[2024-04-06T09:40:21.918+0000] {logging_mixin.py:137} INFO - [2024-04-06T09:40:21.918+0000] {dag.py:3441} INFO - Setting next_dagrun for example_branch_dop_operator_v3 to 2024-04-06T09:39:00+00:00, run_after=2024-04-06T09:40:00+00:00
[2024-04-06T09:40:21.936+0000] {processor.py:175} INFO - Processing /home/airflow/.local/lib/python3.7/site-packages/airflow/example_dags/example_branch_python_dop_operator_3.py took 0.107 seconds
[2024-04-06T09:40:52.087+0000] {processor.py:153} INFO - Started process (PID=691) to work on /home/airflow/.local/lib/python3.7/site-packages/airflow/example_dags/example_branch_python_dop_operator_3.py
[2024-04-06T09:40:52.093+0000] {processor.py:743} INFO - Processing file /home/airflow/.local/lib/python3.7/site-packages/airflow/example_dags/example_branch_python_dop_operator_3.py for tasks to queue
[2024-04-06T09:40:52.094+0000] {logging_mixin.py:137} INFO - [2024-04-06T09:40:52.093+0000] {dagbag.py:538} INFO - Filling up the DagBag from /home/airflow/.local/lib/python3.7/site-packages/airflow/example_dags/example_branch_python_dop_operator_3.py
[2024-04-06T09:40:52.117+0000] {processor.py:753} INFO - DAG(s) dict_keys(['example_branch_dop_operator_v3']) retrieved from /home/airflow/.local/lib/python3.7/site-packages/airflow/example_dags/example_branch_python_dop_operator_3.py
[2024-04-06T09:40:52.138+0000] {logging_mixin.py:137} INFO - [2024-04-06T09:40:52.137+0000] {dag.py:2690} INFO - Sync 1 DAGs
[2024-04-06T09:40:52.164+0000] {logging_mixin.py:137} INFO - [2024-04-06T09:40:52.164+0000] {dag.py:3441} INFO - Setting next_dagrun for example_branch_dop_operator_v3 to 2024-04-06T09:39:00+00:00, run_after=2024-04-06T09:40:00+00:00
[2024-04-06T09:40:52.180+0000] {processor.py:175} INFO - Processing /home/airflow/.local/lib/python3.7/site-packages/airflow/example_dags/example_branch_python_dop_operator_3.py took 0.099 seconds
[2024-04-06T09:41:22.575+0000] {processor.py:153} INFO - Started process (PID=779) to work on /home/airflow/.local/lib/python3.7/site-packages/airflow/example_dags/example_branch_python_dop_operator_3.py
[2024-04-06T09:41:22.581+0000] {processor.py:743} INFO - Processing file /home/airflow/.local/lib/python3.7/site-packages/airflow/example_dags/example_branch_python_dop_operator_3.py for tasks to queue
[2024-04-06T09:41:22.581+0000] {logging_mixin.py:137} INFO - [2024-04-06T09:41:22.581+0000] {dagbag.py:538} INFO - Filling up the DagBag from /home/airflow/.local/lib/python3.7/site-packages/airflow/example_dags/example_branch_python_dop_operator_3.py
[2024-04-06T09:41:22.601+0000] {processor.py:753} INFO - DAG(s) dict_keys(['example_branch_dop_operator_v3']) retrieved from /home/airflow/.local/lib/python3.7/site-packages/airflow/example_dags/example_branch_python_dop_operator_3.py
[2024-04-06T09:41:22.625+0000] {logging_mixin.py:137} INFO - [2024-04-06T09:41:22.624+0000] {dag.py:2690} INFO - Sync 1 DAGs
[2024-04-06T09:41:22.653+0000] {logging_mixin.py:137} INFO - [2024-04-06T09:41:22.653+0000] {dag.py:3441} INFO - Setting next_dagrun for example_branch_dop_operator_v3 to 2024-04-06T09:40:00+00:00, run_after=2024-04-06T09:41:00+00:00
[2024-04-06T09:41:22.671+0000] {processor.py:175} INFO - Processing /home/airflow/.local/lib/python3.7/site-packages/airflow/example_dags/example_branch_python_dop_operator_3.py took 0.099 seconds
[2024-04-06T09:41:52.820+0000] {processor.py:153} INFO - Started process (PID=851) to work on /home/airflow/.local/lib/python3.7/site-packages/airflow/example_dags/example_branch_python_dop_operator_3.py
[2024-04-06T09:41:52.826+0000] {processor.py:743} INFO - Processing file /home/airflow/.local/lib/python3.7/site-packages/airflow/example_dags/example_branch_python_dop_operator_3.py for tasks to queue
[2024-04-06T09:41:52.827+0000] {logging_mixin.py:137} INFO - [2024-04-06T09:41:52.827+0000] {dagbag.py:538} INFO - Filling up the DagBag from /home/airflow/.local/lib/python3.7/site-packages/airflow/example_dags/example_branch_python_dop_operator_3.py
[2024-04-06T09:41:52.850+0000] {processor.py:753} INFO - DAG(s) dict_keys(['example_branch_dop_operator_v3']) retrieved from /home/airflow/.local/lib/python3.7/site-packages/airflow/example_dags/example_branch_python_dop_operator_3.py
[2024-04-06T09:41:52.871+0000] {logging_mixin.py:137} INFO - [2024-04-06T09:41:52.870+0000] {dag.py:2690} INFO - Sync 1 DAGs
[2024-04-06T09:41:52.895+0000] {logging_mixin.py:137} INFO - [2024-04-06T09:41:52.895+0000] {dag.py:3441} INFO - Setting next_dagrun for example_branch_dop_operator_v3 to 2024-04-06T09:40:00+00:00, run_after=2024-04-06T09:41:00+00:00
[2024-04-06T09:41:52.910+0000] {processor.py:175} INFO - Processing /home/airflow/.local/lib/python3.7/site-packages/airflow/example_dags/example_branch_python_dop_operator_3.py took 0.094 seconds
[2024-04-06T09:42:23.537+0000] {processor.py:153} INFO - Started process (PID=939) to work on /home/airflow/.local/lib/python3.7/site-packages/airflow/example_dags/example_branch_python_dop_operator_3.py
[2024-04-06T09:42:23.538+0000] {processor.py:743} INFO - Processing file /home/airflow/.local/lib/python3.7/site-packages/airflow/example_dags/example_branch_python_dop_operator_3.py for tasks to queue
[2024-04-06T09:42:23.539+0000] {logging_mixin.py:137} INFO - [2024-04-06T09:42:23.539+0000] {dagbag.py:538} INFO - Filling up the DagBag from /home/airflow/.local/lib/python3.7/site-packages/airflow/example_dags/example_branch_python_dop_operator_3.py
[2024-04-06T09:42:23.566+0000] {processor.py:753} INFO - DAG(s) dict_keys(['example_branch_dop_operator_v3']) retrieved from /home/airflow/.local/lib/python3.7/site-packages/airflow/example_dags/example_branch_python_dop_operator_3.py
[2024-04-06T09:42:23.590+0000] {logging_mixin.py:137} INFO - [2024-04-06T09:42:23.590+0000] {dag.py:2690} INFO - Sync 1 DAGs
[2024-04-06T09:42:23.616+0000] {logging_mixin.py:137} INFO - [2024-04-06T09:42:23.616+0000] {dag.py:3441} INFO - Setting next_dagrun for example_branch_dop_operator_v3 to 2024-04-06T09:41:00+00:00, run_after=2024-04-06T09:42:00+00:00
[2024-04-06T09:42:23.634+0000] {processor.py:175} INFO - Processing /home/airflow/.local/lib/python3.7/site-packages/airflow/example_dags/example_branch_python_dop_operator_3.py took 0.099 seconds
[2024-04-06T09:42:53.830+0000] {processor.py:153} INFO - Started process (PID=1011) to work on /home/airflow/.local/lib/python3.7/site-packages/airflow/example_dags/example_branch_python_dop_operator_3.py
[2024-04-06T09:42:53.836+0000] {processor.py:743} INFO - Processing file /home/airflow/.local/lib/python3.7/site-packages/airflow/example_dags/example_branch_python_dop_operator_3.py for tasks to queue
[2024-04-06T09:42:53.837+0000] {logging_mixin.py:137} INFO - [2024-04-06T09:42:53.837+0000] {dagbag.py:538} INFO - Filling up the DagBag from /home/airflow/.local/lib/python3.7/site-packages/airflow/example_dags/example_branch_python_dop_operator_3.py
[2024-04-06T09:42:53.859+0000] {processor.py:753} INFO - DAG(s) dict_keys(['example_branch_dop_operator_v3']) retrieved from /home/airflow/.local/lib/python3.7/site-packages/airflow/example_dags/example_branch_python_dop_operator_3.py
[2024-04-06T09:42:53.879+0000] {logging_mixin.py:137} INFO - [2024-04-06T09:42:53.879+0000] {dag.py:2690} INFO - Sync 1 DAGs
[2024-04-06T09:42:53.903+0000] {logging_mixin.py:137} INFO - [2024-04-06T09:42:53.903+0000] {dag.py:3441} INFO - Setting next_dagrun for example_branch_dop_operator_v3 to 2024-04-06T09:41:00+00:00, run_after=2024-04-06T09:42:00+00:00
[2024-04-06T09:42:53.922+0000] {processor.py:175} INFO - Processing /home/airflow/.local/lib/python3.7/site-packages/airflow/example_dags/example_branch_python_dop_operator_3.py took 0.095 seconds
[2024-04-06T09:43:24.522+0000] {processor.py:153} INFO - Started process (PID=1098) to work on /home/airflow/.local/lib/python3.7/site-packages/airflow/example_dags/example_branch_python_dop_operator_3.py
[2024-04-06T09:43:24.527+0000] {processor.py:743} INFO - Processing file /home/airflow/.local/lib/python3.7/site-packages/airflow/example_dags/example_branch_python_dop_operator_3.py for tasks to queue
[2024-04-06T09:43:24.528+0000] {logging_mixin.py:137} INFO - [2024-04-06T09:43:24.528+0000] {dagbag.py:538} INFO - Filling up the DagBag from /home/airflow/.local/lib/python3.7/site-packages/airflow/example_dags/example_branch_python_dop_operator_3.py
[2024-04-06T09:43:24.549+0000] {processor.py:753} INFO - DAG(s) dict_keys(['example_branch_dop_operator_v3']) retrieved from /home/airflow/.local/lib/python3.7/site-packages/airflow/example_dags/example_branch_python_dop_operator_3.py
[2024-04-06T09:43:24.574+0000] {logging_mixin.py:137} INFO - [2024-04-06T09:43:24.574+0000] {dag.py:2690} INFO - Sync 1 DAGs
[2024-04-06T09:43:24.606+0000] {logging_mixin.py:137} INFO - [2024-04-06T09:43:24.606+0000] {dag.py:3441} INFO - Setting next_dagrun for example_branch_dop_operator_v3 to 2024-04-06T09:42:00+00:00, run_after=2024-04-06T09:43:00+00:00
[2024-04-06T09:43:24.621+0000] {processor.py:175} INFO - Processing /home/airflow/.local/lib/python3.7/site-packages/airflow/example_dags/example_branch_python_dop_operator_3.py took 0.103 seconds
[2024-04-06T09:43:54.684+0000] {processor.py:153} INFO - Started process (PID=1170) to work on /home/airflow/.local/lib/python3.7/site-packages/airflow/example_dags/example_branch_python_dop_operator_3.py
[2024-04-06T09:43:54.690+0000] {processor.py:743} INFO - Processing file /home/airflow/.local/lib/python3.7/site-packages/airflow/example_dags/example_branch_python_dop_operator_3.py for tasks to queue
[2024-04-06T09:43:54.691+0000] {logging_mixin.py:137} INFO - [2024-04-06T09:43:54.690+0000] {dagbag.py:538} INFO - Filling up the DagBag from /home/airflow/.local/lib/python3.7/site-packages/airflow/example_dags/example_branch_python_dop_operator_3.py
[2024-04-06T09:43:54.714+0000] {processor.py:753} INFO - DAG(s) dict_keys(['example_branch_dop_operator_v3']) retrieved from /home/airflow/.local/lib/python3.7/site-packages/airflow/example_dags/example_branch_python_dop_operator_3.py
[2024-04-06T09:43:54.736+0000] {logging_mixin.py:137} INFO - [2024-04-06T09:43:54.736+0000] {dag.py:2690} INFO - Sync 1 DAGs
[2024-04-06T09:43:54.763+0000] {logging_mixin.py:137} INFO - [2024-04-06T09:43:54.763+0000] {dag.py:3441} INFO - Setting next_dagrun for example_branch_dop_operator_v3 to 2024-04-06T09:42:00+00:00, run_after=2024-04-06T09:43:00+00:00
[2024-04-06T09:43:54.782+0000] {processor.py:175} INFO - Processing /home/airflow/.local/lib/python3.7/site-packages/airflow/example_dags/example_branch_python_dop_operator_3.py took 0.101 seconds
[2024-04-06T09:44:25.260+0000] {processor.py:153} INFO - Started process (PID=1258) to work on /home/airflow/.local/lib/python3.7/site-packages/airflow/example_dags/example_branch_python_dop_operator_3.py
[2024-04-06T09:44:25.266+0000] {processor.py:743} INFO - Processing file /home/airflow/.local/lib/python3.7/site-packages/airflow/example_dags/example_branch_python_dop_operator_3.py for tasks to queue
[2024-04-06T09:44:25.267+0000] {logging_mixin.py:137} INFO - [2024-04-06T09:44:25.266+0000] {dagbag.py:538} INFO - Filling up the DagBag from /home/airflow/.local/lib/python3.7/site-packages/airflow/example_dags/example_branch_python_dop_operator_3.py
[2024-04-06T09:44:25.297+0000] {processor.py:753} INFO - DAG(s) dict_keys(['example_branch_dop_operator_v3']) retrieved from /home/airflow/.local/lib/python3.7/site-packages/airflow/example_dags/example_branch_python_dop_operator_3.py
[2024-04-06T09:44:25.322+0000] {logging_mixin.py:137} INFO - [2024-04-06T09:44:25.322+0000] {dag.py:2690} INFO - Sync 1 DAGs
[2024-04-06T09:44:25.351+0000] {logging_mixin.py:137} INFO - [2024-04-06T09:44:25.351+0000] {dag.py:3441} INFO - Setting next_dagrun for example_branch_dop_operator_v3 to 2024-04-06T09:43:00+00:00, run_after=2024-04-06T09:44:00+00:00
[2024-04-06T09:44:25.373+0000] {processor.py:175} INFO - Processing /home/airflow/.local/lib/python3.7/site-packages/airflow/example_dags/example_branch_python_dop_operator_3.py took 0.117 seconds
[2024-04-06T09:44:55.687+0000] {processor.py:153} INFO - Started process (PID=1330) to work on /home/airflow/.local/lib/python3.7/site-packages/airflow/example_dags/example_branch_python_dop_operator_3.py
[2024-04-06T09:44:55.692+0000] {processor.py:743} INFO - Processing file /home/airflow/.local/lib/python3.7/site-packages/airflow/example_dags/example_branch_python_dop_operator_3.py for tasks to queue
[2024-04-06T09:44:55.693+0000] {logging_mixin.py:137} INFO - [2024-04-06T09:44:55.693+0000] {dagbag.py:538} INFO - Filling up the DagBag from /home/airflow/.local/lib/python3.7/site-packages/airflow/example_dags/example_branch_python_dop_operator_3.py
[2024-04-06T09:44:55.716+0000] {processor.py:753} INFO - DAG(s) dict_keys(['example_branch_dop_operator_v3']) retrieved from /home/airflow/.local/lib/python3.7/site-packages/airflow/example_dags/example_branch_python_dop_operator_3.py
[2024-04-06T09:44:55.737+0000] {logging_mixin.py:137} INFO - [2024-04-06T09:44:55.736+0000] {dag.py:2690} INFO - Sync 1 DAGs
[2024-04-06T09:44:55.761+0000] {logging_mixin.py:137} INFO - [2024-04-06T09:44:55.761+0000] {dag.py:3441} INFO - Setting next_dagrun for example_branch_dop_operator_v3 to 2024-04-06T09:43:00+00:00, run_after=2024-04-06T09:44:00+00:00
[2024-04-06T09:44:55.777+0000] {processor.py:175} INFO - Processing /home/airflow/.local/lib/python3.7/site-packages/airflow/example_dags/example_branch_python_dop_operator_3.py took 0.094 seconds
[2024-04-06T09:45:26.032+0000] {processor.py:153} INFO - Started process (PID=1418) to work on /home/airflow/.local/lib/python3.7/site-packages/airflow/example_dags/example_branch_python_dop_operator_3.py
[2024-04-06T09:45:26.037+0000] {processor.py:743} INFO - Processing file /home/airflow/.local/lib/python3.7/site-packages/airflow/example_dags/example_branch_python_dop_operator_3.py for tasks to queue
[2024-04-06T09:45:26.038+0000] {logging_mixin.py:137} INFO - [2024-04-06T09:45:26.038+0000] {dagbag.py:538} INFO - Filling up the DagBag from /home/airflow/.local/lib/python3.7/site-packages/airflow/example_dags/example_branch_python_dop_operator_3.py
[2024-04-06T09:45:26.065+0000] {processor.py:753} INFO - DAG(s) dict_keys(['example_branch_dop_operator_v3']) retrieved from /home/airflow/.local/lib/python3.7/site-packages/airflow/example_dags/example_branch_python_dop_operator_3.py
[2024-04-06T09:45:26.099+0000] {logging_mixin.py:137} INFO - [2024-04-06T09:45:26.099+0000] {dag.py:2690} INFO - Sync 1 DAGs
[2024-04-06T09:45:26.136+0000] {logging_mixin.py:137} INFO - [2024-04-06T09:45:26.136+0000] {dag.py:3441} INFO - Setting next_dagrun for example_branch_dop_operator_v3 to 2024-04-06T09:44:00+00:00, run_after=2024-04-06T09:45:00+00:00
[2024-04-06T09:45:26.160+0000] {processor.py:175} INFO - Processing /home/airflow/.local/lib/python3.7/site-packages/airflow/example_dags/example_branch_python_dop_operator_3.py took 0.131 seconds
[2024-04-06T09:45:56.326+0000] {processor.py:153} INFO - Started process (PID=1490) to work on /home/airflow/.local/lib/python3.7/site-packages/airflow/example_dags/example_branch_python_dop_operator_3.py
[2024-04-06T09:45:56.327+0000] {processor.py:743} INFO - Processing file /home/airflow/.local/lib/python3.7/site-packages/airflow/example_dags/example_branch_python_dop_operator_3.py for tasks to queue
[2024-04-06T09:45:56.328+0000] {logging_mixin.py:137} INFO - [2024-04-06T09:45:56.328+0000] {dagbag.py:538} INFO - Filling up the DagBag from /home/airflow/.local/lib/python3.7/site-packages/airflow/example_dags/example_branch_python_dop_operator_3.py
[2024-04-06T09:45:56.354+0000] {processor.py:753} INFO - DAG(s) dict_keys(['example_branch_dop_operator_v3']) retrieved from /home/airflow/.local/lib/python3.7/site-packages/airflow/example_dags/example_branch_python_dop_operator_3.py
[2024-04-06T09:45:56.381+0000] {logging_mixin.py:137} INFO - [2024-04-06T09:45:56.381+0000] {dag.py:2690} INFO - Sync 1 DAGs
[2024-04-06T09:45:56.423+0000] {logging_mixin.py:137} INFO - [2024-04-06T09:45:56.422+0000] {dag.py:3441} INFO - Setting next_dagrun for example_branch_dop_operator_v3 to 2024-04-06T09:44:00+00:00, run_after=2024-04-06T09:45:00+00:00
[2024-04-06T09:45:56.462+0000] {processor.py:175} INFO - Processing /home/airflow/.local/lib/python3.7/site-packages/airflow/example_dags/example_branch_python_dop_operator_3.py took 0.139 seconds
[2024-04-06T09:46:26.801+0000] {processor.py:153} INFO - Started process (PID=1577) to work on /home/airflow/.local/lib/python3.7/site-packages/airflow/example_dags/example_branch_python_dop_operator_3.py
[2024-04-06T09:46:26.802+0000] {processor.py:743} INFO - Processing file /home/airflow/.local/lib/python3.7/site-packages/airflow/example_dags/example_branch_python_dop_operator_3.py for tasks to queue
[2024-04-06T09:46:26.803+0000] {logging_mixin.py:137} INFO - [2024-04-06T09:46:26.803+0000] {dagbag.py:538} INFO - Filling up the DagBag from /home/airflow/.local/lib/python3.7/site-packages/airflow/example_dags/example_branch_python_dop_operator_3.py
[2024-04-06T09:46:26.829+0000] {processor.py:753} INFO - DAG(s) dict_keys(['example_branch_dop_operator_v3']) retrieved from /home/airflow/.local/lib/python3.7/site-packages/airflow/example_dags/example_branch_python_dop_operator_3.py
[2024-04-06T09:46:26.863+0000] {logging_mixin.py:137} INFO - [2024-04-06T09:46:26.862+0000] {dag.py:2690} INFO - Sync 1 DAGs
[2024-04-06T09:46:26.915+0000] {logging_mixin.py:137} INFO - [2024-04-06T09:46:26.915+0000] {dag.py:3441} INFO - Setting next_dagrun for example_branch_dop_operator_v3 to 2024-04-06T09:45:00+00:00, run_after=2024-04-06T09:46:00+00:00
[2024-04-06T09:46:26.940+0000] {processor.py:175} INFO - Processing /home/airflow/.local/lib/python3.7/site-packages/airflow/example_dags/example_branch_python_dop_operator_3.py took 0.144 seconds
[2024-04-06T09:46:57.199+0000] {processor.py:153} INFO - Started process (PID=1649) to work on /home/airflow/.local/lib/python3.7/site-packages/airflow/example_dags/example_branch_python_dop_operator_3.py
[2024-04-06T09:46:57.200+0000] {processor.py:743} INFO - Processing file /home/airflow/.local/lib/python3.7/site-packages/airflow/example_dags/example_branch_python_dop_operator_3.py for tasks to queue
[2024-04-06T09:46:57.201+0000] {logging_mixin.py:137} INFO - [2024-04-06T09:46:57.200+0000] {dagbag.py:538} INFO - Filling up the DagBag from /home/airflow/.local/lib/python3.7/site-packages/airflow/example_dags/example_branch_python_dop_operator_3.py
[2024-04-06T09:46:57.221+0000] {processor.py:753} INFO - DAG(s) dict_keys(['example_branch_dop_operator_v3']) retrieved from /home/airflow/.local/lib/python3.7/site-packages/airflow/example_dags/example_branch_python_dop_operator_3.py
[2024-04-06T09:46:57.248+0000] {logging_mixin.py:137} INFO - [2024-04-06T09:46:57.247+0000] {dag.py:2690} INFO - Sync 1 DAGs
[2024-04-06T09:46:57.284+0000] {logging_mixin.py:137} INFO - [2024-04-06T09:46:57.284+0000] {dag.py:3441} INFO - Setting next_dagrun for example_branch_dop_operator_v3 to 2024-04-06T09:45:00+00:00, run_after=2024-04-06T09:46:00+00:00
[2024-04-06T09:46:57.301+0000] {processor.py:175} INFO - Processing /home/airflow/.local/lib/python3.7/site-packages/airflow/example_dags/example_branch_python_dop_operator_3.py took 0.105 seconds
[2024-04-06T09:47:27.711+0000] {processor.py:153} INFO - Started process (PID=1737) to work on /home/airflow/.local/lib/python3.7/site-packages/airflow/example_dags/example_branch_python_dop_operator_3.py
[2024-04-06T09:47:27.716+0000] {processor.py:743} INFO - Processing file /home/airflow/.local/lib/python3.7/site-packages/airflow/example_dags/example_branch_python_dop_operator_3.py for tasks to queue
[2024-04-06T09:47:27.717+0000] {logging_mixin.py:137} INFO - [2024-04-06T09:47:27.717+0000] {dagbag.py:538} INFO - Filling up the DagBag from /home/airflow/.local/lib/python3.7/site-packages/airflow/example_dags/example_branch_python_dop_operator_3.py
[2024-04-06T09:47:27.739+0000] {processor.py:753} INFO - DAG(s) dict_keys(['example_branch_dop_operator_v3']) retrieved from /home/airflow/.local/lib/python3.7/site-packages/airflow/example_dags/example_branch_python_dop_operator_3.py
[2024-04-06T09:47:27.761+0000] {logging_mixin.py:137} INFO - [2024-04-06T09:47:27.760+0000] {dag.py:2690} INFO - Sync 1 DAGs
[2024-04-06T09:47:27.788+0000] {logging_mixin.py:137} INFO - [2024-04-06T09:47:27.788+0000] {dag.py:3441} INFO - Setting next_dagrun for example_branch_dop_operator_v3 to 2024-04-06T09:46:00+00:00, run_after=2024-04-06T09:47:00+00:00
[2024-04-06T09:47:27.806+0000] {processor.py:175} INFO - Processing /home/airflow/.local/lib/python3.7/site-packages/airflow/example_dags/example_branch_python_dop_operator_3.py took 0.098 seconds
[2024-04-06T09:47:57.909+0000] {processor.py:153} INFO - Started process (PID=1809) to work on /home/airflow/.local/lib/python3.7/site-packages/airflow/example_dags/example_branch_python_dop_operator_3.py
[2024-04-06T09:47:57.915+0000] {processor.py:743} INFO - Processing file /home/airflow/.local/lib/python3.7/site-packages/airflow/example_dags/example_branch_python_dop_operator_3.py for tasks to queue
[2024-04-06T09:47:57.916+0000] {logging_mixin.py:137} INFO - [2024-04-06T09:47:57.916+0000] {dagbag.py:538} INFO - Filling up the DagBag from /home/airflow/.local/lib/python3.7/site-packages/airflow/example_dags/example_branch_python_dop_operator_3.py
[2024-04-06T09:47:57.938+0000] {processor.py:753} INFO - DAG(s) dict_keys(['example_branch_dop_operator_v3']) retrieved from /home/airflow/.local/lib/python3.7/site-packages/airflow/example_dags/example_branch_python_dop_operator_3.py
[2024-04-06T09:47:57.957+0000] {logging_mixin.py:137} INFO - [2024-04-06T09:47:57.957+0000] {dag.py:2690} INFO - Sync 1 DAGs
[2024-04-06T09:47:57.980+0000] {logging_mixin.py:137} INFO - [2024-04-06T09:47:57.980+0000] {dag.py:3441} INFO - Setting next_dagrun for example_branch_dop_operator_v3 to 2024-04-06T09:46:00+00:00, run_after=2024-04-06T09:47:00+00:00
[2024-04-06T09:47:57.998+0000] {processor.py:175} INFO - Processing /home/airflow/.local/lib/python3.7/site-packages/airflow/example_dags/example_branch_python_dop_operator_3.py took 0.092 seconds
[2024-04-06T09:48:28.211+0000] {processor.py:153} INFO - Started process (PID=1897) to work on /home/airflow/.local/lib/python3.7/site-packages/airflow/example_dags/example_branch_python_dop_operator_3.py
[2024-04-06T09:48:28.212+0000] {processor.py:743} INFO - Processing file /home/airflow/.local/lib/python3.7/site-packages/airflow/example_dags/example_branch_python_dop_operator_3.py for tasks to queue
[2024-04-06T09:48:28.213+0000] {logging_mixin.py:137} INFO - [2024-04-06T09:48:28.213+0000] {dagbag.py:538} INFO - Filling up the DagBag from /home/airflow/.local/lib/python3.7/site-packages/airflow/example_dags/example_branch_python_dop_operator_3.py
[2024-04-06T09:48:28.243+0000] {processor.py:753} INFO - DAG(s) dict_keys(['example_branch_dop_operator_v3']) retrieved from /home/airflow/.local/lib/python3.7/site-packages/airflow/example_dags/example_branch_python_dop_operator_3.py
[2024-04-06T09:48:28.272+0000] {logging_mixin.py:137} INFO - [2024-04-06T09:48:28.272+0000] {dag.py:2690} INFO - Sync 1 DAGs
[2024-04-06T09:48:28.308+0000] {logging_mixin.py:137} INFO - [2024-04-06T09:48:28.308+0000] {dag.py:3441} INFO - Setting next_dagrun for example_branch_dop_operator_v3 to 2024-04-06T09:47:00+00:00, run_after=2024-04-06T09:48:00+00:00
[2024-04-06T09:48:28.335+0000] {processor.py:175} INFO - Processing /home/airflow/.local/lib/python3.7/site-packages/airflow/example_dags/example_branch_python_dop_operator_3.py took 0.127 seconds
[2024-04-06T09:48:58.829+0000] {processor.py:153} INFO - Started process (PID=1969) to work on /home/airflow/.local/lib/python3.7/site-packages/airflow/example_dags/example_branch_python_dop_operator_3.py
[2024-04-06T09:48:58.831+0000] {processor.py:743} INFO - Processing file /home/airflow/.local/lib/python3.7/site-packages/airflow/example_dags/example_branch_python_dop_operator_3.py for tasks to queue
[2024-04-06T09:48:58.831+0000] {logging_mixin.py:137} INFO - [2024-04-06T09:48:58.831+0000] {dagbag.py:538} INFO - Filling up the DagBag from /home/airflow/.local/lib/python3.7/site-packages/airflow/example_dags/example_branch_python_dop_operator_3.py
[2024-04-06T09:48:58.864+0000] {processor.py:753} INFO - DAG(s) dict_keys(['example_branch_dop_operator_v3']) retrieved from /home/airflow/.local/lib/python3.7/site-packages/airflow/example_dags/example_branch_python_dop_operator_3.py
[2024-04-06T09:48:58.897+0000] {logging_mixin.py:137} INFO - [2024-04-06T09:48:58.897+0000] {dag.py:2690} INFO - Sync 1 DAGs
[2024-04-06T09:48:58.930+0000] {logging_mixin.py:137} INFO - [2024-04-06T09:48:58.929+0000] {dag.py:3441} INFO - Setting next_dagrun for example_branch_dop_operator_v3 to 2024-04-06T09:47:00+00:00, run_after=2024-04-06T09:48:00+00:00
[2024-04-06T09:48:58.951+0000] {processor.py:175} INFO - Processing /home/airflow/.local/lib/python3.7/site-packages/airflow/example_dags/example_branch_python_dop_operator_3.py took 0.124 seconds
[2024-04-06T09:50:12.743+0000] {processor.py:153} INFO - Started process (PID=51) to work on /home/airflow/.local/lib/python3.7/site-packages/airflow/example_dags/example_branch_python_dop_operator_3.py
[2024-04-06T09:50:12.745+0000] {processor.py:743} INFO - Processing file /home/airflow/.local/lib/python3.7/site-packages/airflow/example_dags/example_branch_python_dop_operator_3.py for tasks to queue
[2024-04-06T09:50:12.746+0000] {logging_mixin.py:137} INFO - [2024-04-06T09:50:12.745+0000] {dagbag.py:538} INFO - Filling up the DagBag from /home/airflow/.local/lib/python3.7/site-packages/airflow/example_dags/example_branch_python_dop_operator_3.py
[2024-04-06T09:50:12.783+0000] {processor.py:753} INFO - DAG(s) dict_keys(['example_branch_dop_operator_v3']) retrieved from /home/airflow/.local/lib/python3.7/site-packages/airflow/example_dags/example_branch_python_dop_operator_3.py
[2024-04-06T09:50:12.819+0000] {logging_mixin.py:137} INFO - [2024-04-06T09:50:12.819+0000] {dag.py:2690} INFO - Sync 1 DAGs
[2024-04-06T09:50:12.860+0000] {logging_mixin.py:137} INFO - [2024-04-06T09:50:12.860+0000] {dag.py:3441} INFO - Setting next_dagrun for example_branch_dop_operator_v3 to 2024-04-06T09:49:00+00:00, run_after=2024-04-06T09:50:00+00:00
[2024-04-06T09:50:12.916+0000] {processor.py:175} INFO - Processing /home/airflow/.local/lib/python3.7/site-packages/airflow/example_dags/example_branch_python_dop_operator_3.py took 0.177 seconds
[2024-04-06T09:50:44.477+0000] {processor.py:153} INFO - Started process (PID=123) to work on /home/airflow/.local/lib/python3.7/site-packages/airflow/example_dags/example_branch_python_dop_operator_3.py
[2024-04-06T09:50:44.478+0000] {processor.py:743} INFO - Processing file /home/airflow/.local/lib/python3.7/site-packages/airflow/example_dags/example_branch_python_dop_operator_3.py for tasks to queue
[2024-04-06T09:50:44.479+0000] {logging_mixin.py:137} INFO - [2024-04-06T09:50:44.479+0000] {dagbag.py:538} INFO - Filling up the DagBag from /home/airflow/.local/lib/python3.7/site-packages/airflow/example_dags/example_branch_python_dop_operator_3.py
[2024-04-06T09:50:44.526+0000] {processor.py:753} INFO - DAG(s) dict_keys(['example_branch_dop_operator_v3']) retrieved from /home/airflow/.local/lib/python3.7/site-packages/airflow/example_dags/example_branch_python_dop_operator_3.py
[2024-04-06T09:50:44.561+0000] {logging_mixin.py:137} INFO - [2024-04-06T09:50:44.561+0000] {dag.py:2690} INFO - Sync 1 DAGs
[2024-04-06T09:50:44.610+0000] {logging_mixin.py:137} INFO - [2024-04-06T09:50:44.610+0000] {dag.py:3441} INFO - Setting next_dagrun for example_branch_dop_operator_v3 to 2024-04-06T09:49:00+00:00, run_after=2024-04-06T09:50:00+00:00
[2024-04-06T09:50:44.639+0000] {processor.py:175} INFO - Processing /home/airflow/.local/lib/python3.7/site-packages/airflow/example_dags/example_branch_python_dop_operator_3.py took 0.167 seconds
[2024-04-06T09:51:14.837+0000] {processor.py:153} INFO - Started process (PID=212) to work on /home/airflow/.local/lib/python3.7/site-packages/airflow/example_dags/example_branch_python_dop_operator_3.py
[2024-04-06T09:51:14.838+0000] {processor.py:743} INFO - Processing file /home/airflow/.local/lib/python3.7/site-packages/airflow/example_dags/example_branch_python_dop_operator_3.py for tasks to queue
[2024-04-06T09:51:14.838+0000] {logging_mixin.py:137} INFO - [2024-04-06T09:51:14.838+0000] {dagbag.py:538} INFO - Filling up the DagBag from /home/airflow/.local/lib/python3.7/site-packages/airflow/example_dags/example_branch_python_dop_operator_3.py
[2024-04-06T09:51:14.860+0000] {processor.py:753} INFO - DAG(s) dict_keys(['example_branch_dop_operator_v3']) retrieved from /home/airflow/.local/lib/python3.7/site-packages/airflow/example_dags/example_branch_python_dop_operator_3.py
[2024-04-06T09:51:14.885+0000] {logging_mixin.py:137} INFO - [2024-04-06T09:51:14.885+0000] {dag.py:2690} INFO - Sync 1 DAGs
[2024-04-06T09:51:14.918+0000] {logging_mixin.py:137} INFO - [2024-04-06T09:51:14.918+0000] {dag.py:3441} INFO - Setting next_dagrun for example_branch_dop_operator_v3 to 2024-04-06T09:50:00+00:00, run_after=2024-04-06T09:51:00+00:00
[2024-04-06T09:51:14.942+0000] {processor.py:175} INFO - Processing /home/airflow/.local/lib/python3.7/site-packages/airflow/example_dags/example_branch_python_dop_operator_3.py took 0.107 seconds
[2024-04-06T09:58:24.112+0000] {processor.py:153} INFO - Started process (PID=61) to work on /home/airflow/.local/lib/python3.7/site-packages/airflow/example_dags/example_branch_python_dop_operator_3.py
[2024-04-06T09:58:24.113+0000] {processor.py:743} INFO - Processing file /home/airflow/.local/lib/python3.7/site-packages/airflow/example_dags/example_branch_python_dop_operator_3.py for tasks to queue
[2024-04-06T09:58:24.115+0000] {logging_mixin.py:137} INFO - [2024-04-06T09:58:24.115+0000] {dagbag.py:538} INFO - Filling up the DagBag from /home/airflow/.local/lib/python3.7/site-packages/airflow/example_dags/example_branch_python_dop_operator_3.py
[2024-04-06T09:58:24.156+0000] {processor.py:753} INFO - DAG(s) dict_keys(['example_branch_dop_operator_v3']) retrieved from /home/airflow/.local/lib/python3.7/site-packages/airflow/example_dags/example_branch_python_dop_operator_3.py
[2024-04-06T09:58:24.171+0000] {logging_mixin.py:137} INFO - [2024-04-06T09:58:24.170+0000] {dag.py:2690} INFO - Sync 1 DAGs
[2024-04-06T09:58:24.203+0000] {logging_mixin.py:137} INFO - [2024-04-06T09:58:24.203+0000] {dag.py:3441} INFO - Setting next_dagrun for example_branch_dop_operator_v3 to 2024-04-06T09:57:00+00:00, run_after=2024-04-06T09:58:00+00:00
[2024-04-06T09:58:24.226+0000] {processor.py:175} INFO - Processing /home/airflow/.local/lib/python3.7/site-packages/airflow/example_dags/example_branch_python_dop_operator_3.py took 0.119 seconds
[2024-04-06T09:58:54.267+0000] {processor.py:153} INFO - Started process (PID=140) to work on /home/airflow/.local/lib/python3.7/site-packages/airflow/example_dags/example_branch_python_dop_operator_3.py
[2024-04-06T09:58:54.268+0000] {processor.py:743} INFO - Processing file /home/airflow/.local/lib/python3.7/site-packages/airflow/example_dags/example_branch_python_dop_operator_3.py for tasks to queue
[2024-04-06T09:58:54.269+0000] {logging_mixin.py:137} INFO - [2024-04-06T09:58:54.269+0000] {dagbag.py:538} INFO - Filling up the DagBag from /home/airflow/.local/lib/python3.7/site-packages/airflow/example_dags/example_branch_python_dop_operator_3.py
[2024-04-06T09:58:54.293+0000] {processor.py:753} INFO - DAG(s) dict_keys(['example_branch_dop_operator_v3']) retrieved from /home/airflow/.local/lib/python3.7/site-packages/airflow/example_dags/example_branch_python_dop_operator_3.py
[2024-04-06T09:58:54.304+0000] {logging_mixin.py:137} INFO - [2024-04-06T09:58:54.304+0000] {dag.py:2690} INFO - Sync 1 DAGs
[2024-04-06T09:58:54.334+0000] {logging_mixin.py:137} INFO - [2024-04-06T09:58:54.334+0000] {dag.py:3441} INFO - Setting next_dagrun for example_branch_dop_operator_v3 to 2024-04-06T09:57:00+00:00, run_after=2024-04-06T09:58:00+00:00
[2024-04-06T09:58:54.354+0000] {processor.py:175} INFO - Processing /home/airflow/.local/lib/python3.7/site-packages/airflow/example_dags/example_branch_python_dop_operator_3.py took 0.089 seconds
[2024-04-06T09:59:25.889+0000] {processor.py:153} INFO - Started process (PID=213) to work on /home/airflow/.local/lib/python3.7/site-packages/airflow/example_dags/example_branch_python_dop_operator_3.py
[2024-04-06T09:59:25.890+0000] {processor.py:743} INFO - Processing file /home/airflow/.local/lib/python3.7/site-packages/airflow/example_dags/example_branch_python_dop_operator_3.py for tasks to queue
[2024-04-06T09:59:25.891+0000] {logging_mixin.py:137} INFO - [2024-04-06T09:59:25.891+0000] {dagbag.py:538} INFO - Filling up the DagBag from /home/airflow/.local/lib/python3.7/site-packages/airflow/example_dags/example_branch_python_dop_operator_3.py
[2024-04-06T09:59:25.917+0000] {processor.py:753} INFO - DAG(s) dict_keys(['example_branch_dop_operator_v3']) retrieved from /home/airflow/.local/lib/python3.7/site-packages/airflow/example_dags/example_branch_python_dop_operator_3.py
[2024-04-06T09:59:25.942+0000] {logging_mixin.py:137} INFO - [2024-04-06T09:59:25.942+0000] {dag.py:2690} INFO - Sync 1 DAGs
[2024-04-06T09:59:25.975+0000] {logging_mixin.py:137} INFO - [2024-04-06T09:59:25.975+0000] {dag.py:3441} INFO - Setting next_dagrun for example_branch_dop_operator_v3 to 2024-04-06T09:58:00+00:00, run_after=2024-04-06T09:59:00+00:00
[2024-04-06T09:59:25.992+0000] {processor.py:175} INFO - Processing /home/airflow/.local/lib/python3.7/site-packages/airflow/example_dags/example_branch_python_dop_operator_3.py took 0.106 seconds
[2024-04-06T09:59:56.646+0000] {processor.py:153} INFO - Started process (PID=284) to work on /home/airflow/.local/lib/python3.7/site-packages/airflow/example_dags/example_branch_python_dop_operator_3.py
[2024-04-06T09:59:56.647+0000] {processor.py:743} INFO - Processing file /home/airflow/.local/lib/python3.7/site-packages/airflow/example_dags/example_branch_python_dop_operator_3.py for tasks to queue
[2024-04-06T09:59:56.648+0000] {logging_mixin.py:137} INFO - [2024-04-06T09:59:56.648+0000] {dagbag.py:538} INFO - Filling up the DagBag from /home/airflow/.local/lib/python3.7/site-packages/airflow/example_dags/example_branch_python_dop_operator_3.py
[2024-04-06T09:59:56.678+0000] {processor.py:753} INFO - DAG(s) dict_keys(['example_branch_dop_operator_v3']) retrieved from /home/airflow/.local/lib/python3.7/site-packages/airflow/example_dags/example_branch_python_dop_operator_3.py
[2024-04-06T09:59:56.706+0000] {logging_mixin.py:137} INFO - [2024-04-06T09:59:56.706+0000] {dag.py:2690} INFO - Sync 1 DAGs
[2024-04-06T09:59:56.745+0000] {logging_mixin.py:137} INFO - [2024-04-06T09:59:56.745+0000] {dag.py:3441} INFO - Setting next_dagrun for example_branch_dop_operator_v3 to 2024-04-06T09:58:00+00:00, run_after=2024-04-06T09:59:00+00:00
[2024-04-06T09:59:56.771+0000] {processor.py:175} INFO - Processing /home/airflow/.local/lib/python3.7/site-packages/airflow/example_dags/example_branch_python_dop_operator_3.py took 0.130 seconds
[2024-04-06T10:00:26.975+0000] {processor.py:153} INFO - Started process (PID=356) to work on /home/airflow/.local/lib/python3.7/site-packages/airflow/example_dags/example_branch_python_dop_operator_3.py
[2024-04-06T10:00:26.975+0000] {processor.py:743} INFO - Processing file /home/airflow/.local/lib/python3.7/site-packages/airflow/example_dags/example_branch_python_dop_operator_3.py for tasks to queue
[2024-04-06T10:00:26.976+0000] {logging_mixin.py:137} INFO - [2024-04-06T10:00:26.976+0000] {dagbag.py:538} INFO - Filling up the DagBag from /home/airflow/.local/lib/python3.7/site-packages/airflow/example_dags/example_branch_python_dop_operator_3.py
[2024-04-06T10:00:27.000+0000] {processor.py:753} INFO - DAG(s) dict_keys(['example_branch_dop_operator_v3']) retrieved from /home/airflow/.local/lib/python3.7/site-packages/airflow/example_dags/example_branch_python_dop_operator_3.py
[2024-04-06T10:00:27.025+0000] {logging_mixin.py:137} INFO - [2024-04-06T10:00:27.024+0000] {dag.py:2690} INFO - Sync 1 DAGs
[2024-04-06T10:00:27.056+0000] {logging_mixin.py:137} INFO - [2024-04-06T10:00:27.056+0000] {dag.py:3441} INFO - Setting next_dagrun for example_branch_dop_operator_v3 to 2024-04-06T09:59:00+00:00, run_after=2024-04-06T10:00:00+00:00
[2024-04-06T10:00:27.076+0000] {processor.py:175} INFO - Processing /home/airflow/.local/lib/python3.7/site-packages/airflow/example_dags/example_branch_python_dop_operator_3.py took 0.104 seconds
[2024-04-06T10:00:57.907+0000] {processor.py:153} INFO - Started process (PID=444) to work on /home/airflow/.local/lib/python3.7/site-packages/airflow/example_dags/example_branch_python_dop_operator_3.py
[2024-04-06T10:00:57.907+0000] {processor.py:743} INFO - Processing file /home/airflow/.local/lib/python3.7/site-packages/airflow/example_dags/example_branch_python_dop_operator_3.py for tasks to queue
[2024-04-06T10:00:57.908+0000] {logging_mixin.py:137} INFO - [2024-04-06T10:00:57.908+0000] {dagbag.py:538} INFO - Filling up the DagBag from /home/airflow/.local/lib/python3.7/site-packages/airflow/example_dags/example_branch_python_dop_operator_3.py
[2024-04-06T10:00:57.929+0000] {processor.py:753} INFO - DAG(s) dict_keys(['example_branch_dop_operator_v3']) retrieved from /home/airflow/.local/lib/python3.7/site-packages/airflow/example_dags/example_branch_python_dop_operator_3.py
[2024-04-06T10:00:57.952+0000] {logging_mixin.py:137} INFO - [2024-04-06T10:00:57.951+0000] {dag.py:2690} INFO - Sync 1 DAGs
[2024-04-06T10:00:57.979+0000] {logging_mixin.py:137} INFO - [2024-04-06T10:00:57.979+0000] {dag.py:3441} INFO - Setting next_dagrun for example_branch_dop_operator_v3 to 2024-04-06T09:59:00+00:00, run_after=2024-04-06T10:00:00+00:00
[2024-04-06T10:00:57.999+0000] {processor.py:175} INFO - Processing /home/airflow/.local/lib/python3.7/site-packages/airflow/example_dags/example_branch_python_dop_operator_3.py took 0.095 seconds
[2024-04-06T10:01:28.247+0000] {processor.py:153} INFO - Started process (PID=516) to work on /home/airflow/.local/lib/python3.7/site-packages/airflow/example_dags/example_branch_python_dop_operator_3.py
[2024-04-06T10:01:28.248+0000] {processor.py:743} INFO - Processing file /home/airflow/.local/lib/python3.7/site-packages/airflow/example_dags/example_branch_python_dop_operator_3.py for tasks to queue
[2024-04-06T10:01:28.248+0000] {logging_mixin.py:137} INFO - [2024-04-06T10:01:28.248+0000] {dagbag.py:538} INFO - Filling up the DagBag from /home/airflow/.local/lib/python3.7/site-packages/airflow/example_dags/example_branch_python_dop_operator_3.py
[2024-04-06T10:01:28.270+0000] {processor.py:753} INFO - DAG(s) dict_keys(['example_branch_dop_operator_v3']) retrieved from /home/airflow/.local/lib/python3.7/site-packages/airflow/example_dags/example_branch_python_dop_operator_3.py
[2024-04-06T10:01:28.292+0000] {logging_mixin.py:137} INFO - [2024-04-06T10:01:28.292+0000] {dag.py:2690} INFO - Sync 1 DAGs
[2024-04-06T10:01:28.319+0000] {logging_mixin.py:137} INFO - [2024-04-06T10:01:28.318+0000] {dag.py:3441} INFO - Setting next_dagrun for example_branch_dop_operator_v3 to 2024-04-06T10:00:00+00:00, run_after=2024-04-06T10:01:00+00:00
[2024-04-06T10:01:28.336+0000] {processor.py:175} INFO - Processing /home/airflow/.local/lib/python3.7/site-packages/airflow/example_dags/example_branch_python_dop_operator_3.py took 0.092 seconds
[2024-04-06T10:01:58.589+0000] {processor.py:153} INFO - Started process (PID=604) to work on /home/airflow/.local/lib/python3.7/site-packages/airflow/example_dags/example_branch_python_dop_operator_3.py
[2024-04-06T10:01:58.590+0000] {processor.py:743} INFO - Processing file /home/airflow/.local/lib/python3.7/site-packages/airflow/example_dags/example_branch_python_dop_operator_3.py for tasks to queue
[2024-04-06T10:01:58.590+0000] {logging_mixin.py:137} INFO - [2024-04-06T10:01:58.590+0000] {dagbag.py:538} INFO - Filling up the DagBag from /home/airflow/.local/lib/python3.7/site-packages/airflow/example_dags/example_branch_python_dop_operator_3.py
[2024-04-06T10:01:58.612+0000] {processor.py:753} INFO - DAG(s) dict_keys(['example_branch_dop_operator_v3']) retrieved from /home/airflow/.local/lib/python3.7/site-packages/airflow/example_dags/example_branch_python_dop_operator_3.py
[2024-04-06T10:01:58.632+0000] {logging_mixin.py:137} INFO - [2024-04-06T10:01:58.632+0000] {dag.py:2690} INFO - Sync 1 DAGs
[2024-04-06T10:01:58.656+0000] {logging_mixin.py:137} INFO - [2024-04-06T10:01:58.656+0000] {dag.py:3441} INFO - Setting next_dagrun for example_branch_dop_operator_v3 to 2024-04-06T10:00:00+00:00, run_after=2024-04-06T10:01:00+00:00
[2024-04-06T10:01:58.672+0000] {processor.py:175} INFO - Processing /home/airflow/.local/lib/python3.7/site-packages/airflow/example_dags/example_branch_python_dop_operator_3.py took 0.086 seconds
[2024-04-06T10:02:29.095+0000] {processor.py:153} INFO - Started process (PID=676) to work on /home/airflow/.local/lib/python3.7/site-packages/airflow/example_dags/example_branch_python_dop_operator_3.py
[2024-04-06T10:02:29.096+0000] {processor.py:743} INFO - Processing file /home/airflow/.local/lib/python3.7/site-packages/airflow/example_dags/example_branch_python_dop_operator_3.py for tasks to queue
[2024-04-06T10:02:29.096+0000] {logging_mixin.py:137} INFO - [2024-04-06T10:02:29.096+0000] {dagbag.py:538} INFO - Filling up the DagBag from /home/airflow/.local/lib/python3.7/site-packages/airflow/example_dags/example_branch_python_dop_operator_3.py
[2024-04-06T10:02:29.118+0000] {processor.py:753} INFO - DAG(s) dict_keys(['example_branch_dop_operator_v3']) retrieved from /home/airflow/.local/lib/python3.7/site-packages/airflow/example_dags/example_branch_python_dop_operator_3.py
[2024-04-06T10:02:29.143+0000] {logging_mixin.py:137} INFO - [2024-04-06T10:02:29.143+0000] {dag.py:2690} INFO - Sync 1 DAGs
[2024-04-06T10:02:29.178+0000] {logging_mixin.py:137} INFO - [2024-04-06T10:02:29.178+0000] {dag.py:3441} INFO - Setting next_dagrun for example_branch_dop_operator_v3 to 2024-04-06T10:01:00+00:00, run_after=2024-04-06T10:02:00+00:00
[2024-04-06T10:02:29.197+0000] {processor.py:175} INFO - Processing /home/airflow/.local/lib/python3.7/site-packages/airflow/example_dags/example_branch_python_dop_operator_3.py took 0.105 seconds
[2024-04-06T10:02:59.742+0000] {processor.py:153} INFO - Started process (PID=764) to work on /home/airflow/.local/lib/python3.7/site-packages/airflow/example_dags/example_branch_python_dop_operator_3.py
[2024-04-06T10:02:59.742+0000] {processor.py:743} INFO - Processing file /home/airflow/.local/lib/python3.7/site-packages/airflow/example_dags/example_branch_python_dop_operator_3.py for tasks to queue
[2024-04-06T10:02:59.743+0000] {logging_mixin.py:137} INFO - [2024-04-06T10:02:59.743+0000] {dagbag.py:538} INFO - Filling up the DagBag from /home/airflow/.local/lib/python3.7/site-packages/airflow/example_dags/example_branch_python_dop_operator_3.py
[2024-04-06T10:02:59.763+0000] {processor.py:753} INFO - DAG(s) dict_keys(['example_branch_dop_operator_v3']) retrieved from /home/airflow/.local/lib/python3.7/site-packages/airflow/example_dags/example_branch_python_dop_operator_3.py
[2024-04-06T10:02:59.785+0000] {logging_mixin.py:137} INFO - [2024-04-06T10:02:59.785+0000] {dag.py:2690} INFO - Sync 1 DAGs
[2024-04-06T10:02:59.811+0000] {logging_mixin.py:137} INFO - [2024-04-06T10:02:59.811+0000] {dag.py:3441} INFO - Setting next_dagrun for example_branch_dop_operator_v3 to 2024-04-06T10:01:00+00:00, run_after=2024-04-06T10:02:00+00:00
[2024-04-06T10:02:59.829+0000] {processor.py:175} INFO - Processing /home/airflow/.local/lib/python3.7/site-packages/airflow/example_dags/example_branch_python_dop_operator_3.py took 0.090 seconds
[2024-04-06T10:03:30.137+0000] {processor.py:153} INFO - Started process (PID=853) to work on /home/airflow/.local/lib/python3.7/site-packages/airflow/example_dags/example_branch_python_dop_operator_3.py
[2024-04-06T10:03:30.137+0000] {processor.py:743} INFO - Processing file /home/airflow/.local/lib/python3.7/site-packages/airflow/example_dags/example_branch_python_dop_operator_3.py for tasks to queue
[2024-04-06T10:03:30.138+0000] {logging_mixin.py:137} INFO - [2024-04-06T10:03:30.138+0000] {dagbag.py:538} INFO - Filling up the DagBag from /home/airflow/.local/lib/python3.7/site-packages/airflow/example_dags/example_branch_python_dop_operator_3.py
[2024-04-06T10:03:30.158+0000] {processor.py:753} INFO - DAG(s) dict_keys(['example_branch_dop_operator_v3']) retrieved from /home/airflow/.local/lib/python3.7/site-packages/airflow/example_dags/example_branch_python_dop_operator_3.py
[2024-04-06T10:03:30.180+0000] {logging_mixin.py:137} INFO - [2024-04-06T10:03:30.180+0000] {dag.py:2690} INFO - Sync 1 DAGs
[2024-04-06T10:03:30.208+0000] {logging_mixin.py:137} INFO - [2024-04-06T10:03:30.208+0000] {dag.py:3441} INFO - Setting next_dagrun for example_branch_dop_operator_v3 to 2024-04-06T10:02:00+00:00, run_after=2024-04-06T10:03:00+00:00
[2024-04-06T10:03:30.225+0000] {processor.py:175} INFO - Processing /home/airflow/.local/lib/python3.7/site-packages/airflow/example_dags/example_branch_python_dop_operator_3.py took 0.091 seconds
[2024-04-06T10:04:00.565+0000] {processor.py:153} INFO - Started process (PID=924) to work on /home/airflow/.local/lib/python3.7/site-packages/airflow/example_dags/example_branch_python_dop_operator_3.py
[2024-04-06T10:04:00.566+0000] {processor.py:743} INFO - Processing file /home/airflow/.local/lib/python3.7/site-packages/airflow/example_dags/example_branch_python_dop_operator_3.py for tasks to queue
[2024-04-06T10:04:00.567+0000] {logging_mixin.py:137} INFO - [2024-04-06T10:04:00.567+0000] {dagbag.py:538} INFO - Filling up the DagBag from /home/airflow/.local/lib/python3.7/site-packages/airflow/example_dags/example_branch_python_dop_operator_3.py
[2024-04-06T10:04:00.591+0000] {processor.py:753} INFO - DAG(s) dict_keys(['example_branch_dop_operator_v3']) retrieved from /home/airflow/.local/lib/python3.7/site-packages/airflow/example_dags/example_branch_python_dop_operator_3.py
[2024-04-06T10:04:00.617+0000] {logging_mixin.py:137} INFO - [2024-04-06T10:04:00.617+0000] {dag.py:2690} INFO - Sync 1 DAGs
[2024-04-06T10:04:00.649+0000] {logging_mixin.py:137} INFO - [2024-04-06T10:04:00.649+0000] {dag.py:3441} INFO - Setting next_dagrun for example_branch_dop_operator_v3 to 2024-04-06T10:03:00+00:00, run_after=2024-04-06T10:04:00+00:00
[2024-04-06T10:04:00.669+0000] {processor.py:175} INFO - Processing /home/airflow/.local/lib/python3.7/site-packages/airflow/example_dags/example_branch_python_dop_operator_3.py took 0.107 seconds
[2024-04-06T10:04:31.212+0000] {processor.py:153} INFO - Started process (PID=1005) to work on /home/airflow/.local/lib/python3.7/site-packages/airflow/example_dags/example_branch_python_dop_operator_3.py
[2024-04-06T10:04:31.213+0000] {processor.py:743} INFO - Processing file /home/airflow/.local/lib/python3.7/site-packages/airflow/example_dags/example_branch_python_dop_operator_3.py for tasks to queue
[2024-04-06T10:04:31.213+0000] {logging_mixin.py:137} INFO - [2024-04-06T10:04:31.213+0000] {dagbag.py:538} INFO - Filling up the DagBag from /home/airflow/.local/lib/python3.7/site-packages/airflow/example_dags/example_branch_python_dop_operator_3.py
[2024-04-06T10:04:31.234+0000] {processor.py:753} INFO - DAG(s) dict_keys(['example_branch_dop_operator_v3']) retrieved from /home/airflow/.local/lib/python3.7/site-packages/airflow/example_dags/example_branch_python_dop_operator_3.py
[2024-04-06T10:04:31.256+0000] {logging_mixin.py:137} INFO - [2024-04-06T10:04:31.255+0000] {dag.py:2690} INFO - Sync 1 DAGs
[2024-04-06T10:04:31.288+0000] {logging_mixin.py:137} INFO - [2024-04-06T10:04:31.288+0000] {dag.py:3441} INFO - Setting next_dagrun for example_branch_dop_operator_v3 to 2024-04-06T10:03:00+00:00, run_after=2024-04-06T10:04:00+00:00
[2024-04-06T10:04:31.306+0000] {processor.py:175} INFO - Processing /home/airflow/.local/lib/python3.7/site-packages/airflow/example_dags/example_branch_python_dop_operator_3.py took 0.098 seconds
[2024-04-06T10:05:01.972+0000] {processor.py:153} INFO - Started process (PID=1084) to work on /home/airflow/.local/lib/python3.7/site-packages/airflow/example_dags/example_branch_python_dop_operator_3.py
[2024-04-06T10:05:01.973+0000] {processor.py:743} INFO - Processing file /home/airflow/.local/lib/python3.7/site-packages/airflow/example_dags/example_branch_python_dop_operator_3.py for tasks to queue
[2024-04-06T10:05:01.973+0000] {logging_mixin.py:137} INFO - [2024-04-06T10:05:01.973+0000] {dagbag.py:538} INFO - Filling up the DagBag from /home/airflow/.local/lib/python3.7/site-packages/airflow/example_dags/example_branch_python_dop_operator_3.py
[2024-04-06T10:05:02.001+0000] {processor.py:753} INFO - DAG(s) dict_keys(['example_branch_dop_operator_v3']) retrieved from /home/airflow/.local/lib/python3.7/site-packages/airflow/example_dags/example_branch_python_dop_operator_3.py
[2024-04-06T10:05:02.028+0000] {logging_mixin.py:137} INFO - [2024-04-06T10:05:02.027+0000] {dag.py:2690} INFO - Sync 1 DAGs
[2024-04-06T10:05:02.063+0000] {logging_mixin.py:137} INFO - [2024-04-06T10:05:02.063+0000] {dag.py:3441} INFO - Setting next_dagrun for example_branch_dop_operator_v3 to 2024-04-06T10:04:00+00:00, run_after=2024-04-06T10:05:00+00:00
[2024-04-06T10:05:02.083+0000] {processor.py:175} INFO - Processing /home/airflow/.local/lib/python3.7/site-packages/airflow/example_dags/example_branch_python_dop_operator_3.py took 0.115 seconds
[2024-04-06T10:05:32.868+0000] {processor.py:153} INFO - Started process (PID=1172) to work on /home/airflow/.local/lib/python3.7/site-packages/airflow/example_dags/example_branch_python_dop_operator_3.py
[2024-04-06T10:05:32.868+0000] {processor.py:743} INFO - Processing file /home/airflow/.local/lib/python3.7/site-packages/airflow/example_dags/example_branch_python_dop_operator_3.py for tasks to queue
[2024-04-06T10:05:32.869+0000] {logging_mixin.py:137} INFO - [2024-04-06T10:05:32.869+0000] {dagbag.py:538} INFO - Filling up the DagBag from /home/airflow/.local/lib/python3.7/site-packages/airflow/example_dags/example_branch_python_dop_operator_3.py
[2024-04-06T10:05:32.893+0000] {processor.py:753} INFO - DAG(s) dict_keys(['example_branch_dop_operator_v3']) retrieved from /home/airflow/.local/lib/python3.7/site-packages/airflow/example_dags/example_branch_python_dop_operator_3.py
[2024-04-06T10:05:32.921+0000] {logging_mixin.py:137} INFO - [2024-04-06T10:05:32.920+0000] {dag.py:2690} INFO - Sync 1 DAGs
[2024-04-06T10:05:32.966+0000] {logging_mixin.py:137} INFO - [2024-04-06T10:05:32.966+0000] {dag.py:3441} INFO - Setting next_dagrun for example_branch_dop_operator_v3 to 2024-04-06T10:04:00+00:00, run_after=2024-04-06T10:05:00+00:00
[2024-04-06T10:05:32.989+0000] {processor.py:175} INFO - Processing /home/airflow/.local/lib/python3.7/site-packages/airflow/example_dags/example_branch_python_dop_operator_3.py took 0.125 seconds
[2024-04-06T10:06:04.363+0000] {processor.py:153} INFO - Started process (PID=1244) to work on /home/airflow/.local/lib/python3.7/site-packages/airflow/example_dags/example_branch_python_dop_operator_3.py
[2024-04-06T10:06:04.365+0000] {processor.py:743} INFO - Processing file /home/airflow/.local/lib/python3.7/site-packages/airflow/example_dags/example_branch_python_dop_operator_3.py for tasks to queue
[2024-04-06T10:06:04.367+0000] {logging_mixin.py:137} INFO - [2024-04-06T10:06:04.366+0000] {dagbag.py:538} INFO - Filling up the DagBag from /home/airflow/.local/lib/python3.7/site-packages/airflow/example_dags/example_branch_python_dop_operator_3.py
[2024-04-06T10:06:04.423+0000] {processor.py:753} INFO - DAG(s) dict_keys(['example_branch_dop_operator_v3']) retrieved from /home/airflow/.local/lib/python3.7/site-packages/airflow/example_dags/example_branch_python_dop_operator_3.py
[2024-04-06T10:06:04.481+0000] {logging_mixin.py:137} INFO - [2024-04-06T10:06:04.481+0000] {dag.py:2690} INFO - Sync 1 DAGs
[2024-04-06T10:06:04.543+0000] {logging_mixin.py:137} INFO - [2024-04-06T10:06:04.543+0000] {dag.py:3441} INFO - Setting next_dagrun for example_branch_dop_operator_v3 to 2024-04-06T10:05:00+00:00, run_after=2024-04-06T10:06:00+00:00
[2024-04-06T10:06:04.589+0000] {processor.py:175} INFO - Processing /home/airflow/.local/lib/python3.7/site-packages/airflow/example_dags/example_branch_python_dop_operator_3.py took 0.232 seconds
[2024-04-06T10:06:34.915+0000] {processor.py:153} INFO - Started process (PID=1317) to work on /home/airflow/.local/lib/python3.7/site-packages/airflow/example_dags/example_branch_python_dop_operator_3.py
[2024-04-06T10:06:34.917+0000] {processor.py:743} INFO - Processing file /home/airflow/.local/lib/python3.7/site-packages/airflow/example_dags/example_branch_python_dop_operator_3.py for tasks to queue
[2024-04-06T10:06:34.918+0000] {logging_mixin.py:137} INFO - [2024-04-06T10:06:34.918+0000] {dagbag.py:538} INFO - Filling up the DagBag from /home/airflow/.local/lib/python3.7/site-packages/airflow/example_dags/example_branch_python_dop_operator_3.py
[2024-04-06T10:06:34.964+0000] {processor.py:753} INFO - DAG(s) dict_keys(['example_branch_dop_operator_v3']) retrieved from /home/airflow/.local/lib/python3.7/site-packages/airflow/example_dags/example_branch_python_dop_operator_3.py
[2024-04-06T10:06:35.009+0000] {logging_mixin.py:137} INFO - [2024-04-06T10:06:35.008+0000] {dag.py:2690} INFO - Sync 1 DAGs
[2024-04-06T10:06:35.067+0000] {logging_mixin.py:137} INFO - [2024-04-06T10:06:35.066+0000] {dag.py:3441} INFO - Setting next_dagrun for example_branch_dop_operator_v3 to 2024-04-06T10:05:00+00:00, run_after=2024-04-06T10:06:00+00:00
[2024-04-06T10:06:35.100+0000] {processor.py:175} INFO - Processing /home/airflow/.local/lib/python3.7/site-packages/airflow/example_dags/example_branch_python_dop_operator_3.py took 0.191 seconds
[2024-04-06T10:07:05.415+0000] {processor.py:153} INFO - Started process (PID=1388) to work on /home/airflow/.local/lib/python3.7/site-packages/airflow/example_dags/example_branch_python_dop_operator_3.py
[2024-04-06T10:07:05.417+0000] {processor.py:743} INFO - Processing file /home/airflow/.local/lib/python3.7/site-packages/airflow/example_dags/example_branch_python_dop_operator_3.py for tasks to queue
[2024-04-06T10:07:05.418+0000] {logging_mixin.py:137} INFO - [2024-04-06T10:07:05.417+0000] {dagbag.py:538} INFO - Filling up the DagBag from /home/airflow/.local/lib/python3.7/site-packages/airflow/example_dags/example_branch_python_dop_operator_3.py
[2024-04-06T10:07:05.461+0000] {processor.py:753} INFO - DAG(s) dict_keys(['example_branch_dop_operator_v3']) retrieved from /home/airflow/.local/lib/python3.7/site-packages/airflow/example_dags/example_branch_python_dop_operator_3.py
[2024-04-06T10:07:05.505+0000] {logging_mixin.py:137} INFO - [2024-04-06T10:07:05.505+0000] {dag.py:2690} INFO - Sync 1 DAGs
[2024-04-06T10:07:05.562+0000] {logging_mixin.py:137} INFO - [2024-04-06T10:07:05.562+0000] {dag.py:3441} INFO - Setting next_dagrun for example_branch_dop_operator_v3 to 2024-04-06T10:06:00+00:00, run_after=2024-04-06T10:07:00+00:00
[2024-04-06T10:07:05.598+0000] {processor.py:175} INFO - Processing /home/airflow/.local/lib/python3.7/site-packages/airflow/example_dags/example_branch_python_dop_operator_3.py took 0.188 seconds
[2024-04-06T10:07:36.202+0000] {processor.py:153} INFO - Started process (PID=1467) to work on /home/airflow/.local/lib/python3.7/site-packages/airflow/example_dags/example_branch_python_dop_operator_3.py
[2024-04-06T10:07:36.204+0000] {processor.py:743} INFO - Processing file /home/airflow/.local/lib/python3.7/site-packages/airflow/example_dags/example_branch_python_dop_operator_3.py for tasks to queue
[2024-04-06T10:07:36.205+0000] {logging_mixin.py:137} INFO - [2024-04-06T10:07:36.205+0000] {dagbag.py:538} INFO - Filling up the DagBag from /home/airflow/.local/lib/python3.7/site-packages/airflow/example_dags/example_branch_python_dop_operator_3.py
[2024-04-06T10:07:36.258+0000] {processor.py:753} INFO - DAG(s) dict_keys(['example_branch_dop_operator_v3']) retrieved from /home/airflow/.local/lib/python3.7/site-packages/airflow/example_dags/example_branch_python_dop_operator_3.py
[2024-04-06T10:07:36.305+0000] {logging_mixin.py:137} INFO - [2024-04-06T10:07:36.305+0000] {dag.py:2690} INFO - Sync 1 DAGs
[2024-04-06T10:07:36.363+0000] {logging_mixin.py:137} INFO - [2024-04-06T10:07:36.363+0000] {dag.py:3441} INFO - Setting next_dagrun for example_branch_dop_operator_v3 to 2024-04-06T10:06:00+00:00, run_after=2024-04-06T10:07:00+00:00
[2024-04-06T10:07:36.399+0000] {processor.py:175} INFO - Processing /home/airflow/.local/lib/python3.7/site-packages/airflow/example_dags/example_branch_python_dop_operator_3.py took 0.202 seconds
[2024-04-06T10:08:07.180+0000] {processor.py:153} INFO - Started process (PID=1541) to work on /home/airflow/.local/lib/python3.7/site-packages/airflow/example_dags/example_branch_python_dop_operator_3.py
[2024-04-06T10:08:07.181+0000] {processor.py:743} INFO - Processing file /home/airflow/.local/lib/python3.7/site-packages/airflow/example_dags/example_branch_python_dop_operator_3.py for tasks to queue
[2024-04-06T10:08:07.183+0000] {logging_mixin.py:137} INFO - [2024-04-06T10:08:07.182+0000] {dagbag.py:538} INFO - Filling up the DagBag from /home/airflow/.local/lib/python3.7/site-packages/airflow/example_dags/example_branch_python_dop_operator_3.py
[2024-04-06T10:08:07.230+0000] {processor.py:753} INFO - DAG(s) dict_keys(['example_branch_dop_operator_v3']) retrieved from /home/airflow/.local/lib/python3.7/site-packages/airflow/example_dags/example_branch_python_dop_operator_3.py
[2024-04-06T10:08:07.295+0000] {logging_mixin.py:137} INFO - [2024-04-06T10:08:07.295+0000] {dag.py:2690} INFO - Sync 1 DAGs
[2024-04-06T10:08:07.397+0000] {logging_mixin.py:137} INFO - [2024-04-06T10:08:07.396+0000] {dag.py:3441} INFO - Setting next_dagrun for example_branch_dop_operator_v3 to 2024-04-06T10:07:00+00:00, run_after=2024-04-06T10:08:00+00:00
[2024-04-06T10:08:07.454+0000] {processor.py:175} INFO - Processing /home/airflow/.local/lib/python3.7/site-packages/airflow/example_dags/example_branch_python_dop_operator_3.py took 0.281 seconds
[2024-04-06T10:08:37.671+0000] {processor.py:153} INFO - Started process (PID=1613) to work on /home/airflow/.local/lib/python3.7/site-packages/airflow/example_dags/example_branch_python_dop_operator_3.py
[2024-04-06T10:08:37.672+0000] {processor.py:743} INFO - Processing file /home/airflow/.local/lib/python3.7/site-packages/airflow/example_dags/example_branch_python_dop_operator_3.py for tasks to queue
[2024-04-06T10:08:37.673+0000] {logging_mixin.py:137} INFO - [2024-04-06T10:08:37.673+0000] {dagbag.py:538} INFO - Filling up the DagBag from /home/airflow/.local/lib/python3.7/site-packages/airflow/example_dags/example_branch_python_dop_operator_3.py
[2024-04-06T10:08:37.719+0000] {processor.py:753} INFO - DAG(s) dict_keys(['example_branch_dop_operator_v3']) retrieved from /home/airflow/.local/lib/python3.7/site-packages/airflow/example_dags/example_branch_python_dop_operator_3.py
[2024-04-06T10:08:37.763+0000] {logging_mixin.py:137} INFO - [2024-04-06T10:08:37.763+0000] {dag.py:2690} INFO - Sync 1 DAGs
[2024-04-06T10:08:37.822+0000] {logging_mixin.py:137} INFO - [2024-04-06T10:08:37.822+0000] {dag.py:3441} INFO - Setting next_dagrun for example_branch_dop_operator_v3 to 2024-04-06T10:07:00+00:00, run_after=2024-04-06T10:08:00+00:00
[2024-04-06T10:08:37.868+0000] {processor.py:175} INFO - Processing /home/airflow/.local/lib/python3.7/site-packages/airflow/example_dags/example_branch_python_dop_operator_3.py took 0.202 seconds
[2024-04-06T10:09:08.718+0000] {processor.py:153} INFO - Started process (PID=1692) to work on /home/airflow/.local/lib/python3.7/site-packages/airflow/example_dags/example_branch_python_dop_operator_3.py
[2024-04-06T10:09:08.720+0000] {processor.py:743} INFO - Processing file /home/airflow/.local/lib/python3.7/site-packages/airflow/example_dags/example_branch_python_dop_operator_3.py for tasks to queue
[2024-04-06T10:09:08.721+0000] {logging_mixin.py:137} INFO - [2024-04-06T10:09:08.721+0000] {dagbag.py:538} INFO - Filling up the DagBag from /home/airflow/.local/lib/python3.7/site-packages/airflow/example_dags/example_branch_python_dop_operator_3.py
[2024-04-06T10:09:08.770+0000] {processor.py:753} INFO - DAG(s) dict_keys(['example_branch_dop_operator_v3']) retrieved from /home/airflow/.local/lib/python3.7/site-packages/airflow/example_dags/example_branch_python_dop_operator_3.py
[2024-04-06T10:09:08.831+0000] {logging_mixin.py:137} INFO - [2024-04-06T10:09:08.830+0000] {dag.py:2690} INFO - Sync 1 DAGs
[2024-04-06T10:09:08.925+0000] {logging_mixin.py:137} INFO - [2024-04-06T10:09:08.925+0000] {dag.py:3441} INFO - Setting next_dagrun for example_branch_dop_operator_v3 to 2024-04-06T10:08:00+00:00, run_after=2024-04-06T10:09:00+00:00
[2024-04-06T10:09:08.976+0000] {processor.py:175} INFO - Processing /home/airflow/.local/lib/python3.7/site-packages/airflow/example_dags/example_branch_python_dop_operator_3.py took 0.263 seconds
[2024-04-06T10:09:39.813+0000] {processor.py:153} INFO - Started process (PID=1765) to work on /home/airflow/.local/lib/python3.7/site-packages/airflow/example_dags/example_branch_python_dop_operator_3.py
[2024-04-06T10:09:39.815+0000] {processor.py:743} INFO - Processing file /home/airflow/.local/lib/python3.7/site-packages/airflow/example_dags/example_branch_python_dop_operator_3.py for tasks to queue
[2024-04-06T10:09:39.816+0000] {logging_mixin.py:137} INFO - [2024-04-06T10:09:39.816+0000] {dagbag.py:538} INFO - Filling up the DagBag from /home/airflow/.local/lib/python3.7/site-packages/airflow/example_dags/example_branch_python_dop_operator_3.py
[2024-04-06T10:09:39.860+0000] {processor.py:753} INFO - DAG(s) dict_keys(['example_branch_dop_operator_v3']) retrieved from /home/airflow/.local/lib/python3.7/site-packages/airflow/example_dags/example_branch_python_dop_operator_3.py
[2024-04-06T10:09:39.904+0000] {logging_mixin.py:137} INFO - [2024-04-06T10:09:39.904+0000] {dag.py:2690} INFO - Sync 1 DAGs
[2024-04-06T10:09:39.962+0000] {logging_mixin.py:137} INFO - [2024-04-06T10:09:39.962+0000] {dag.py:3441} INFO - Setting next_dagrun for example_branch_dop_operator_v3 to 2024-04-06T10:08:00+00:00, run_after=2024-04-06T10:09:00+00:00
[2024-04-06T10:09:39.996+0000] {processor.py:175} INFO - Processing /home/airflow/.local/lib/python3.7/site-packages/airflow/example_dags/example_branch_python_dop_operator_3.py took 0.188 seconds
[2024-04-06T10:10:10.935+0000] {processor.py:153} INFO - Started process (PID=1836) to work on /home/airflow/.local/lib/python3.7/site-packages/airflow/example_dags/example_branch_python_dop_operator_3.py
[2024-04-06T10:10:10.936+0000] {processor.py:743} INFO - Processing file /home/airflow/.local/lib/python3.7/site-packages/airflow/example_dags/example_branch_python_dop_operator_3.py for tasks to queue
[2024-04-06T10:10:10.937+0000] {logging_mixin.py:137} INFO - [2024-04-06T10:10:10.937+0000] {dagbag.py:538} INFO - Filling up the DagBag from /home/airflow/.local/lib/python3.7/site-packages/airflow/example_dags/example_branch_python_dop_operator_3.py
[2024-04-06T10:10:10.982+0000] {processor.py:753} INFO - DAG(s) dict_keys(['example_branch_dop_operator_v3']) retrieved from /home/airflow/.local/lib/python3.7/site-packages/airflow/example_dags/example_branch_python_dop_operator_3.py
[2024-04-06T10:10:11.028+0000] {logging_mixin.py:137} INFO - [2024-04-06T10:10:11.027+0000] {dag.py:2690} INFO - Sync 1 DAGs
[2024-04-06T10:10:11.091+0000] {logging_mixin.py:137} INFO - [2024-04-06T10:10:11.091+0000] {dag.py:3441} INFO - Setting next_dagrun for example_branch_dop_operator_v3 to 2024-04-06T10:09:00+00:00, run_after=2024-04-06T10:10:00+00:00
[2024-04-06T10:10:11.130+0000] {processor.py:175} INFO - Processing /home/airflow/.local/lib/python3.7/site-packages/airflow/example_dags/example_branch_python_dop_operator_3.py took 0.201 seconds
[2024-04-06T10:10:41.617+0000] {processor.py:153} INFO - Started process (PID=1909) to work on /home/airflow/.local/lib/python3.7/site-packages/airflow/example_dags/example_branch_python_dop_operator_3.py
[2024-04-06T10:10:41.618+0000] {processor.py:743} INFO - Processing file /home/airflow/.local/lib/python3.7/site-packages/airflow/example_dags/example_branch_python_dop_operator_3.py for tasks to queue
[2024-04-06T10:10:41.619+0000] {logging_mixin.py:137} INFO - [2024-04-06T10:10:41.619+0000] {dagbag.py:538} INFO - Filling up the DagBag from /home/airflow/.local/lib/python3.7/site-packages/airflow/example_dags/example_branch_python_dop_operator_3.py
[2024-04-06T10:10:41.669+0000] {processor.py:753} INFO - DAG(s) dict_keys(['example_branch_dop_operator_v3']) retrieved from /home/airflow/.local/lib/python3.7/site-packages/airflow/example_dags/example_branch_python_dop_operator_3.py
[2024-04-06T10:10:41.726+0000] {logging_mixin.py:137} INFO - [2024-04-06T10:10:41.725+0000] {dag.py:2690} INFO - Sync 1 DAGs
[2024-04-06T10:10:41.809+0000] {logging_mixin.py:137} INFO - [2024-04-06T10:10:41.808+0000] {dag.py:3441} INFO - Setting next_dagrun for example_branch_dop_operator_v3 to 2024-04-06T10:09:00+00:00, run_after=2024-04-06T10:10:00+00:00
[2024-04-06T10:10:41.844+0000] {processor.py:175} INFO - Processing /home/airflow/.local/lib/python3.7/site-packages/airflow/example_dags/example_branch_python_dop_operator_3.py took 0.233 seconds
[2024-04-06T10:11:12.169+0000] {processor.py:153} INFO - Started process (PID=1981) to work on /home/airflow/.local/lib/python3.7/site-packages/airflow/example_dags/example_branch_python_dop_operator_3.py
[2024-04-06T10:11:12.171+0000] {processor.py:743} INFO - Processing file /home/airflow/.local/lib/python3.7/site-packages/airflow/example_dags/example_branch_python_dop_operator_3.py for tasks to queue
[2024-04-06T10:11:12.172+0000] {logging_mixin.py:137} INFO - [2024-04-06T10:11:12.171+0000] {dagbag.py:538} INFO - Filling up the DagBag from /home/airflow/.local/lib/python3.7/site-packages/airflow/example_dags/example_branch_python_dop_operator_3.py
[2024-04-06T10:11:12.219+0000] {processor.py:753} INFO - DAG(s) dict_keys(['example_branch_dop_operator_v3']) retrieved from /home/airflow/.local/lib/python3.7/site-packages/airflow/example_dags/example_branch_python_dop_operator_3.py
[2024-04-06T10:11:12.272+0000] {logging_mixin.py:137} INFO - [2024-04-06T10:11:12.272+0000] {dag.py:2690} INFO - Sync 1 DAGs
[2024-04-06T10:11:12.328+0000] {logging_mixin.py:137} INFO - [2024-04-06T10:11:12.328+0000] {dag.py:3441} INFO - Setting next_dagrun for example_branch_dop_operator_v3 to 2024-04-06T10:10:00+00:00, run_after=2024-04-06T10:11:00+00:00
[2024-04-06T10:11:12.363+0000] {processor.py:175} INFO - Processing /home/airflow/.local/lib/python3.7/site-packages/airflow/example_dags/example_branch_python_dop_operator_3.py took 0.199 seconds
[2024-04-06T10:11:42.516+0000] {processor.py:153} INFO - Started process (PID=2053) to work on /home/airflow/.local/lib/python3.7/site-packages/airflow/example_dags/example_branch_python_dop_operator_3.py
[2024-04-06T10:11:42.518+0000] {processor.py:743} INFO - Processing file /home/airflow/.local/lib/python3.7/site-packages/airflow/example_dags/example_branch_python_dop_operator_3.py for tasks to queue
[2024-04-06T10:11:42.519+0000] {logging_mixin.py:137} INFO - [2024-04-06T10:11:42.518+0000] {dagbag.py:538} INFO - Filling up the DagBag from /home/airflow/.local/lib/python3.7/site-packages/airflow/example_dags/example_branch_python_dop_operator_3.py
[2024-04-06T10:11:42.566+0000] {processor.py:753} INFO - DAG(s) dict_keys(['example_branch_dop_operator_v3']) retrieved from /home/airflow/.local/lib/python3.7/site-packages/airflow/example_dags/example_branch_python_dop_operator_3.py
[2024-04-06T10:11:42.610+0000] {logging_mixin.py:137} INFO - [2024-04-06T10:11:42.609+0000] {dag.py:2690} INFO - Sync 1 DAGs
[2024-04-06T10:11:42.670+0000] {logging_mixin.py:137} INFO - [2024-04-06T10:11:42.669+0000] {dag.py:3441} INFO - Setting next_dagrun for example_branch_dop_operator_v3 to 2024-04-06T10:10:00+00:00, run_after=2024-04-06T10:11:00+00:00
[2024-04-06T10:11:42.708+0000] {processor.py:175} INFO - Processing /home/airflow/.local/lib/python3.7/site-packages/airflow/example_dags/example_branch_python_dop_operator_3.py took 0.197 seconds
[2024-04-06T10:12:12.892+0000] {processor.py:153} INFO - Started process (PID=2125) to work on /home/airflow/.local/lib/python3.7/site-packages/airflow/example_dags/example_branch_python_dop_operator_3.py
[2024-04-06T10:12:12.893+0000] {processor.py:743} INFO - Processing file /home/airflow/.local/lib/python3.7/site-packages/airflow/example_dags/example_branch_python_dop_operator_3.py for tasks to queue
[2024-04-06T10:12:12.894+0000] {logging_mixin.py:137} INFO - [2024-04-06T10:12:12.894+0000] {dagbag.py:538} INFO - Filling up the DagBag from /home/airflow/.local/lib/python3.7/site-packages/airflow/example_dags/example_branch_python_dop_operator_3.py
[2024-04-06T10:12:12.938+0000] {processor.py:753} INFO - DAG(s) dict_keys(['example_branch_dop_operator_v3']) retrieved from /home/airflow/.local/lib/python3.7/site-packages/airflow/example_dags/example_branch_python_dop_operator_3.py
[2024-04-06T10:12:12.981+0000] {logging_mixin.py:137} INFO - [2024-04-06T10:12:12.981+0000] {dag.py:2690} INFO - Sync 1 DAGs
[2024-04-06T10:12:13.036+0000] {logging_mixin.py:137} INFO - [2024-04-06T10:12:13.036+0000] {dag.py:3441} INFO - Setting next_dagrun for example_branch_dop_operator_v3 to 2024-04-06T10:11:00+00:00, run_after=2024-04-06T10:12:00+00:00
[2024-04-06T10:12:13.073+0000] {processor.py:175} INFO - Processing /home/airflow/.local/lib/python3.7/site-packages/airflow/example_dags/example_branch_python_dop_operator_3.py took 0.187 seconds
[2024-04-06T10:12:43.332+0000] {processor.py:153} INFO - Started process (PID=2197) to work on /home/airflow/.local/lib/python3.7/site-packages/airflow/example_dags/example_branch_python_dop_operator_3.py
[2024-04-06T10:12:43.333+0000] {processor.py:743} INFO - Processing file /home/airflow/.local/lib/python3.7/site-packages/airflow/example_dags/example_branch_python_dop_operator_3.py for tasks to queue
[2024-04-06T10:12:43.334+0000] {logging_mixin.py:137} INFO - [2024-04-06T10:12:43.334+0000] {dagbag.py:538} INFO - Filling up the DagBag from /home/airflow/.local/lib/python3.7/site-packages/airflow/example_dags/example_branch_python_dop_operator_3.py
[2024-04-06T10:12:43.379+0000] {processor.py:753} INFO - DAG(s) dict_keys(['example_branch_dop_operator_v3']) retrieved from /home/airflow/.local/lib/python3.7/site-packages/airflow/example_dags/example_branch_python_dop_operator_3.py
[2024-04-06T10:12:43.424+0000] {logging_mixin.py:137} INFO - [2024-04-06T10:12:43.424+0000] {dag.py:2690} INFO - Sync 1 DAGs
[2024-04-06T10:12:43.500+0000] {logging_mixin.py:137} INFO - [2024-04-06T10:12:43.500+0000] {dag.py:3441} INFO - Setting next_dagrun for example_branch_dop_operator_v3 to 2024-04-06T10:11:00+00:00, run_after=2024-04-06T10:12:00+00:00
[2024-04-06T10:12:43.555+0000] {processor.py:175} INFO - Processing /home/airflow/.local/lib/python3.7/site-packages/airflow/example_dags/example_branch_python_dop_operator_3.py took 0.230 seconds
[2024-04-06T10:42:03.707+0000] {processor.py:161} INFO - Started process (PID=49) to work on /home/airflow/.local/lib/python3.8/site-packages/airflow/example_dags/example_branch_python_dop_operator_3.py
[2024-04-06T10:42:03.708+0000] {processor.py:830} INFO - Processing file /home/airflow/.local/lib/python3.8/site-packages/airflow/example_dags/example_branch_python_dop_operator_3.py for tasks to queue
[2024-04-06T10:42:03.709+0000] {logging_mixin.py:188} INFO - [2024-04-06T10:42:03.709+0000] {dagbag.py:540} INFO - Filling up the DagBag from /home/airflow/.local/lib/python3.8/site-packages/airflow/example_dags/example_branch_python_dop_operator_3.py
[2024-04-06T10:42:03.715+0000] {processor.py:840} INFO - DAG(s) 'example_branch_dop_operator_v3' retrieved from /home/airflow/.local/lib/python3.8/site-packages/airflow/example_dags/example_branch_python_dop_operator_3.py
[2024-04-06T10:42:03.792+0000] {logging_mixin.py:188} INFO - [2024-04-06T10:42:03.792+0000] {override.py:1769} INFO - Created Permission View: can delete on DAG:example_branch_dop_operator_v3
[2024-04-06T10:42:03.799+0000] {logging_mixin.py:188} INFO - [2024-04-06T10:42:03.799+0000] {override.py:1769} INFO - Created Permission View: can read on DAG:example_branch_dop_operator_v3
[2024-04-06T10:42:03.803+0000] {logging_mixin.py:188} INFO - [2024-04-06T10:42:03.803+0000] {override.py:1769} INFO - Created Permission View: can edit on DAG:example_branch_dop_operator_v3
[2024-04-06T10:42:03.803+0000] {logging_mixin.py:188} INFO - [2024-04-06T10:42:03.803+0000] {dag.py:3047} INFO - Sync 1 DAGs
[2024-04-06T10:42:03.810+0000] {logging_mixin.py:188} INFO - [2024-04-06T10:42:03.810+0000] {dag.py:3069} INFO - Creating ORM DAG for example_branch_dop_operator_v3
[2024-04-06T10:42:03.820+0000] {logging_mixin.py:188} INFO - [2024-04-06T10:42:03.820+0000] {dag.py:3834} INFO - Setting next_dagrun for example_branch_dop_operator_v3 to 2024-04-06 10:41:00+00:00, run_after=2024-04-06 10:42:00+00:00
[2024-04-06T10:42:03.832+0000] {processor.py:183} INFO - Processing /home/airflow/.local/lib/python3.8/site-packages/airflow/example_dags/example_branch_python_dop_operator_3.py took 0.128 seconds
[2024-04-06T10:42:34.068+0000] {processor.py:161} INFO - Started process (PID=105) to work on /home/airflow/.local/lib/python3.8/site-packages/airflow/example_dags/example_branch_python_dop_operator_3.py
[2024-04-06T10:42:34.069+0000] {processor.py:830} INFO - Processing file /home/airflow/.local/lib/python3.8/site-packages/airflow/example_dags/example_branch_python_dop_operator_3.py for tasks to queue
[2024-04-06T10:42:34.070+0000] {logging_mixin.py:188} INFO - [2024-04-06T10:42:34.070+0000] {dagbag.py:540} INFO - Filling up the DagBag from /home/airflow/.local/lib/python3.8/site-packages/airflow/example_dags/example_branch_python_dop_operator_3.py
[2024-04-06T10:42:34.076+0000] {processor.py:840} INFO - DAG(s) 'example_branch_dop_operator_v3' retrieved from /home/airflow/.local/lib/python3.8/site-packages/airflow/example_dags/example_branch_python_dop_operator_3.py
[2024-04-06T10:42:34.088+0000] {logging_mixin.py:188} INFO - [2024-04-06T10:42:34.088+0000] {dag.py:3047} INFO - Sync 1 DAGs
[2024-04-06T10:42:34.105+0000] {logging_mixin.py:188} INFO - [2024-04-06T10:42:34.105+0000] {dag.py:3834} INFO - Setting next_dagrun for example_branch_dop_operator_v3 to 2024-04-06 10:41:00+00:00, run_after=2024-04-06 10:42:00+00:00
[2024-04-06T10:42:34.119+0000] {processor.py:183} INFO - Processing /home/airflow/.local/lib/python3.8/site-packages/airflow/example_dags/example_branch_python_dop_operator_3.py took 0.052 seconds
[2024-04-06T10:43:04.224+0000] {processor.py:161} INFO - Started process (PID=161) to work on /home/airflow/.local/lib/python3.8/site-packages/airflow/example_dags/example_branch_python_dop_operator_3.py
[2024-04-06T10:43:04.234+0000] {processor.py:830} INFO - Processing file /home/airflow/.local/lib/python3.8/site-packages/airflow/example_dags/example_branch_python_dop_operator_3.py for tasks to queue
[2024-04-06T10:43:04.235+0000] {logging_mixin.py:188} INFO - [2024-04-06T10:43:04.235+0000] {dagbag.py:540} INFO - Filling up the DagBag from /home/airflow/.local/lib/python3.8/site-packages/airflow/example_dags/example_branch_python_dop_operator_3.py
[2024-04-06T10:43:04.242+0000] {processor.py:840} INFO - DAG(s) 'example_branch_dop_operator_v3' retrieved from /home/airflow/.local/lib/python3.8/site-packages/airflow/example_dags/example_branch_python_dop_operator_3.py
[2024-04-06T10:43:04.254+0000] {logging_mixin.py:188} INFO - [2024-04-06T10:43:04.254+0000] {dag.py:3047} INFO - Sync 1 DAGs
[2024-04-06T10:43:04.271+0000] {logging_mixin.py:188} INFO - [2024-04-06T10:43:04.270+0000] {dag.py:3834} INFO - Setting next_dagrun for example_branch_dop_operator_v3 to 2024-04-06 10:42:00+00:00, run_after=2024-04-06 10:43:00+00:00
[2024-04-06T10:43:04.281+0000] {processor.py:183} INFO - Processing /home/airflow/.local/lib/python3.8/site-packages/airflow/example_dags/example_branch_python_dop_operator_3.py took 0.059 seconds
[2024-04-06T10:43:34.792+0000] {processor.py:161} INFO - Started process (PID=217) to work on /home/airflow/.local/lib/python3.8/site-packages/airflow/example_dags/example_branch_python_dop_operator_3.py
[2024-04-06T10:43:34.792+0000] {processor.py:830} INFO - Processing file /home/airflow/.local/lib/python3.8/site-packages/airflow/example_dags/example_branch_python_dop_operator_3.py for tasks to queue
[2024-04-06T10:43:34.793+0000] {logging_mixin.py:188} INFO - [2024-04-06T10:43:34.793+0000] {dagbag.py:540} INFO - Filling up the DagBag from /home/airflow/.local/lib/python3.8/site-packages/airflow/example_dags/example_branch_python_dop_operator_3.py
[2024-04-06T10:43:34.798+0000] {processor.py:840} INFO - DAG(s) 'example_branch_dop_operator_v3' retrieved from /home/airflow/.local/lib/python3.8/site-packages/airflow/example_dags/example_branch_python_dop_operator_3.py
[2024-04-06T10:43:34.811+0000] {logging_mixin.py:188} INFO - [2024-04-06T10:43:34.811+0000] {dag.py:3047} INFO - Sync 1 DAGs
[2024-04-06T10:43:34.830+0000] {logging_mixin.py:188} INFO - [2024-04-06T10:43:34.830+0000] {dag.py:3834} INFO - Setting next_dagrun for example_branch_dop_operator_v3 to 2024-04-06 10:42:00+00:00, run_after=2024-04-06 10:43:00+00:00
[2024-04-06T10:43:34.842+0000] {processor.py:183} INFO - Processing /home/airflow/.local/lib/python3.8/site-packages/airflow/example_dags/example_branch_python_dop_operator_3.py took 0.052 seconds
[2024-04-06T10:44:05.447+0000] {processor.py:161} INFO - Started process (PID=273) to work on /home/airflow/.local/lib/python3.8/site-packages/airflow/example_dags/example_branch_python_dop_operator_3.py
[2024-04-06T10:44:05.448+0000] {processor.py:830} INFO - Processing file /home/airflow/.local/lib/python3.8/site-packages/airflow/example_dags/example_branch_python_dop_operator_3.py for tasks to queue
[2024-04-06T10:44:05.449+0000] {logging_mixin.py:188} INFO - [2024-04-06T10:44:05.449+0000] {dagbag.py:540} INFO - Filling up the DagBag from /home/airflow/.local/lib/python3.8/site-packages/airflow/example_dags/example_branch_python_dop_operator_3.py
[2024-04-06T10:44:05.454+0000] {processor.py:840} INFO - DAG(s) 'example_branch_dop_operator_v3' retrieved from /home/airflow/.local/lib/python3.8/site-packages/airflow/example_dags/example_branch_python_dop_operator_3.py
[2024-04-06T10:44:05.471+0000] {logging_mixin.py:188} INFO - [2024-04-06T10:44:05.471+0000] {dag.py:3047} INFO - Sync 1 DAGs
[2024-04-06T10:44:05.490+0000] {logging_mixin.py:188} INFO - [2024-04-06T10:44:05.490+0000] {dag.py:3834} INFO - Setting next_dagrun for example_branch_dop_operator_v3 to 2024-04-06 10:43:00+00:00, run_after=2024-04-06 10:44:00+00:00
[2024-04-06T10:44:05.503+0000] {processor.py:183} INFO - Processing /home/airflow/.local/lib/python3.8/site-packages/airflow/example_dags/example_branch_python_dop_operator_3.py took 0.057 seconds
[2024-04-06T10:44:36.205+0000] {processor.py:161} INFO - Started process (PID=329) to work on /home/airflow/.local/lib/python3.8/site-packages/airflow/example_dags/example_branch_python_dop_operator_3.py
[2024-04-06T10:44:36.205+0000] {processor.py:830} INFO - Processing file /home/airflow/.local/lib/python3.8/site-packages/airflow/example_dags/example_branch_python_dop_operator_3.py for tasks to queue
[2024-04-06T10:44:36.207+0000] {logging_mixin.py:188} INFO - [2024-04-06T10:44:36.206+0000] {dagbag.py:540} INFO - Filling up the DagBag from /home/airflow/.local/lib/python3.8/site-packages/airflow/example_dags/example_branch_python_dop_operator_3.py
[2024-04-06T10:44:36.213+0000] {processor.py:840} INFO - DAG(s) 'example_branch_dop_operator_v3' retrieved from /home/airflow/.local/lib/python3.8/site-packages/airflow/example_dags/example_branch_python_dop_operator_3.py
[2024-04-06T10:44:36.229+0000] {logging_mixin.py:188} INFO - [2024-04-06T10:44:36.229+0000] {dag.py:3047} INFO - Sync 1 DAGs
[2024-04-06T10:44:36.248+0000] {logging_mixin.py:188} INFO - [2024-04-06T10:44:36.248+0000] {dag.py:3834} INFO - Setting next_dagrun for example_branch_dop_operator_v3 to 2024-04-06 10:43:00+00:00, run_after=2024-04-06 10:44:00+00:00
[2024-04-06T10:44:36.259+0000] {processor.py:183} INFO - Processing /home/airflow/.local/lib/python3.8/site-packages/airflow/example_dags/example_branch_python_dop_operator_3.py took 0.056 seconds
[2024-04-06T10:45:06.332+0000] {processor.py:161} INFO - Started process (PID=385) to work on /home/airflow/.local/lib/python3.8/site-packages/airflow/example_dags/example_branch_python_dop_operator_3.py
[2024-04-06T10:45:06.333+0000] {processor.py:830} INFO - Processing file /home/airflow/.local/lib/python3.8/site-packages/airflow/example_dags/example_branch_python_dop_operator_3.py for tasks to queue
[2024-04-06T10:45:06.334+0000] {logging_mixin.py:188} INFO - [2024-04-06T10:45:06.334+0000] {dagbag.py:540} INFO - Filling up the DagBag from /home/airflow/.local/lib/python3.8/site-packages/airflow/example_dags/example_branch_python_dop_operator_3.py
[2024-04-06T10:45:06.339+0000] {processor.py:840} INFO - DAG(s) 'example_branch_dop_operator_v3' retrieved from /home/airflow/.local/lib/python3.8/site-packages/airflow/example_dags/example_branch_python_dop_operator_3.py
[2024-04-06T10:45:06.352+0000] {logging_mixin.py:188} INFO - [2024-04-06T10:45:06.352+0000] {dag.py:3047} INFO - Sync 1 DAGs
[2024-04-06T10:45:06.370+0000] {logging_mixin.py:188} INFO - [2024-04-06T10:45:06.370+0000] {dag.py:3834} INFO - Setting next_dagrun for example_branch_dop_operator_v3 to 2024-04-06 10:44:00+00:00, run_after=2024-04-06 10:45:00+00:00
[2024-04-06T10:45:06.383+0000] {processor.py:183} INFO - Processing /home/airflow/.local/lib/python3.8/site-packages/airflow/example_dags/example_branch_python_dop_operator_3.py took 0.053 seconds
