[2024-04-06T09:36:47.207+0000] {processor.py:153} INFO - Started process (PID=52) to work on /home/airflow/.local/lib/python3.7/site-packages/airflow/example_dags/example_bash_operator.py
[2024-04-06T09:36:47.208+0000] {processor.py:743} INFO - Processing file /home/airflow/.local/lib/python3.7/site-packages/airflow/example_dags/example_bash_operator.py for tasks to queue
[2024-04-06T09:36:47.208+0000] {logging_mixin.py:137} INFO - [2024-04-06T09:36:47.208+0000] {dagbag.py:538} INFO - Filling up the DagBag from /home/airflow/.local/lib/python3.7/site-packages/airflow/example_dags/example_bash_operator.py
[2024-04-06T09:36:47.253+0000] {processor.py:753} INFO - DAG(s) dict_keys(['example_bash_operator']) retrieved from /home/airflow/.local/lib/python3.7/site-packages/airflow/example_dags/example_bash_operator.py
[2024-04-06T09:36:47.273+0000] {logging_mixin.py:137} INFO - [2024-04-06T09:36:47.273+0000] {dag.py:2690} INFO - Sync 1 DAGs
[2024-04-06T09:36:47.342+0000] {logging_mixin.py:137} INFO - [2024-04-06T09:36:47.342+0000] {dag.py:3441} INFO - Setting next_dagrun for example_bash_operator to 2024-04-05T00:00:00+00:00, run_after=2024-04-06T00:00:00+00:00
[2024-04-06T09:36:47.401+0000] {processor.py:175} INFO - Processing /home/airflow/.local/lib/python3.7/site-packages/airflow/example_dags/example_bash_operator.py took 0.198 seconds
[2024-04-06T09:37:17.571+0000] {processor.py:153} INFO - Started process (PID=131) to work on /home/airflow/.local/lib/python3.7/site-packages/airflow/example_dags/example_bash_operator.py
[2024-04-06T09:37:17.572+0000] {processor.py:743} INFO - Processing file /home/airflow/.local/lib/python3.7/site-packages/airflow/example_dags/example_bash_operator.py for tasks to queue
[2024-04-06T09:37:17.573+0000] {logging_mixin.py:137} INFO - [2024-04-06T09:37:17.573+0000] {dagbag.py:538} INFO - Filling up the DagBag from /home/airflow/.local/lib/python3.7/site-packages/airflow/example_dags/example_bash_operator.py
[2024-04-06T09:37:17.594+0000] {processor.py:753} INFO - DAG(s) dict_keys(['example_bash_operator']) retrieved from /home/airflow/.local/lib/python3.7/site-packages/airflow/example_dags/example_bash_operator.py
[2024-04-06T09:37:17.606+0000] {logging_mixin.py:137} INFO - [2024-04-06T09:37:17.606+0000] {dag.py:2690} INFO - Sync 1 DAGs
[2024-04-06T09:37:17.638+0000] {logging_mixin.py:137} INFO - [2024-04-06T09:37:17.638+0000] {dag.py:3441} INFO - Setting next_dagrun for example_bash_operator to 2024-04-05T00:00:00+00:00, run_after=2024-04-06T00:00:00+00:00
[2024-04-06T09:37:17.659+0000] {processor.py:175} INFO - Processing /home/airflow/.local/lib/python3.7/site-packages/airflow/example_dags/example_bash_operator.py took 0.091 seconds
[2024-04-06T09:37:48.114+0000] {processor.py:153} INFO - Started process (PID=203) to work on /home/airflow/.local/lib/python3.7/site-packages/airflow/example_dags/example_bash_operator.py
[2024-04-06T09:37:48.115+0000] {processor.py:743} INFO - Processing file /home/airflow/.local/lib/python3.7/site-packages/airflow/example_dags/example_bash_operator.py for tasks to queue
[2024-04-06T09:37:48.116+0000] {logging_mixin.py:137} INFO - [2024-04-06T09:37:48.116+0000] {dagbag.py:538} INFO - Filling up the DagBag from /home/airflow/.local/lib/python3.7/site-packages/airflow/example_dags/example_bash_operator.py
[2024-04-06T09:37:48.150+0000] {processor.py:753} INFO - DAG(s) dict_keys(['example_bash_operator']) retrieved from /home/airflow/.local/lib/python3.7/site-packages/airflow/example_dags/example_bash_operator.py
[2024-04-06T09:37:48.208+0000] {logging_mixin.py:137} INFO - [2024-04-06T09:37:48.207+0000] {dag.py:2690} INFO - Sync 1 DAGs
[2024-04-06T09:37:48.243+0000] {logging_mixin.py:137} INFO - [2024-04-06T09:37:48.243+0000] {dag.py:3441} INFO - Setting next_dagrun for example_bash_operator to 2024-04-05T00:00:00+00:00, run_after=2024-04-06T00:00:00+00:00
[2024-04-06T09:37:48.265+0000] {processor.py:175} INFO - Processing /home/airflow/.local/lib/python3.7/site-packages/airflow/example_dags/example_bash_operator.py took 0.155 seconds
[2024-04-06T09:38:19.048+0000] {processor.py:153} INFO - Started process (PID=291) to work on /home/airflow/.local/lib/python3.7/site-packages/airflow/example_dags/example_bash_operator.py
[2024-04-06T09:38:19.048+0000] {processor.py:743} INFO - Processing file /home/airflow/.local/lib/python3.7/site-packages/airflow/example_dags/example_bash_operator.py for tasks to queue
[2024-04-06T09:38:19.049+0000] {logging_mixin.py:137} INFO - [2024-04-06T09:38:19.049+0000] {dagbag.py:538} INFO - Filling up the DagBag from /home/airflow/.local/lib/python3.7/site-packages/airflow/example_dags/example_bash_operator.py
[2024-04-06T09:38:19.071+0000] {processor.py:753} INFO - DAG(s) dict_keys(['example_bash_operator']) retrieved from /home/airflow/.local/lib/python3.7/site-packages/airflow/example_dags/example_bash_operator.py
[2024-04-06T09:38:19.122+0000] {logging_mixin.py:137} INFO - [2024-04-06T09:38:19.122+0000] {dag.py:2690} INFO - Sync 1 DAGs
[2024-04-06T09:38:19.150+0000] {logging_mixin.py:137} INFO - [2024-04-06T09:38:19.150+0000] {dag.py:3441} INFO - Setting next_dagrun for example_bash_operator to 2024-04-05T00:00:00+00:00, run_after=2024-04-06T00:00:00+00:00
[2024-04-06T09:38:19.169+0000] {processor.py:175} INFO - Processing /home/airflow/.local/lib/python3.7/site-packages/airflow/example_dags/example_bash_operator.py took 0.125 seconds
[2024-04-06T09:38:49.513+0000] {processor.py:153} INFO - Started process (PID=362) to work on /home/airflow/.local/lib/python3.7/site-packages/airflow/example_dags/example_bash_operator.py
[2024-04-06T09:38:49.514+0000] {processor.py:743} INFO - Processing file /home/airflow/.local/lib/python3.7/site-packages/airflow/example_dags/example_bash_operator.py for tasks to queue
[2024-04-06T09:38:49.514+0000] {logging_mixin.py:137} INFO - [2024-04-06T09:38:49.514+0000] {dagbag.py:538} INFO - Filling up the DagBag from /home/airflow/.local/lib/python3.7/site-packages/airflow/example_dags/example_bash_operator.py
[2024-04-06T09:38:49.533+0000] {processor.py:753} INFO - DAG(s) dict_keys(['example_bash_operator']) retrieved from /home/airflow/.local/lib/python3.7/site-packages/airflow/example_dags/example_bash_operator.py
[2024-04-06T09:38:49.562+0000] {logging_mixin.py:137} INFO - [2024-04-06T09:38:49.562+0000] {dag.py:2690} INFO - Sync 1 DAGs
[2024-04-06T09:38:49.589+0000] {logging_mixin.py:137} INFO - [2024-04-06T09:38:49.589+0000] {dag.py:3441} INFO - Setting next_dagrun for example_bash_operator to 2024-04-05T00:00:00+00:00, run_after=2024-04-06T00:00:00+00:00
[2024-04-06T09:38:49.607+0000] {processor.py:175} INFO - Processing /home/airflow/.local/lib/python3.7/site-packages/airflow/example_dags/example_bash_operator.py took 0.096 seconds
[2024-04-06T09:39:19.690+0000] {processor.py:153} INFO - Started process (PID=451) to work on /home/airflow/.local/lib/python3.7/site-packages/airflow/example_dags/example_bash_operator.py
[2024-04-06T09:39:19.691+0000] {processor.py:743} INFO - Processing file /home/airflow/.local/lib/python3.7/site-packages/airflow/example_dags/example_bash_operator.py for tasks to queue
[2024-04-06T09:39:19.692+0000] {logging_mixin.py:137} INFO - [2024-04-06T09:39:19.692+0000] {dagbag.py:538} INFO - Filling up the DagBag from /home/airflow/.local/lib/python3.7/site-packages/airflow/example_dags/example_bash_operator.py
[2024-04-06T09:39:19.711+0000] {processor.py:753} INFO - DAG(s) dict_keys(['example_bash_operator']) retrieved from /home/airflow/.local/lib/python3.7/site-packages/airflow/example_dags/example_bash_operator.py
[2024-04-06T09:39:19.746+0000] {logging_mixin.py:137} INFO - [2024-04-06T09:39:19.745+0000] {dag.py:2690} INFO - Sync 1 DAGs
[2024-04-06T09:39:19.786+0000] {logging_mixin.py:137} INFO - [2024-04-06T09:39:19.785+0000] {dag.py:3441} INFO - Setting next_dagrun for example_bash_operator to 2024-04-05T00:00:00+00:00, run_after=2024-04-06T00:00:00+00:00
[2024-04-06T09:39:19.808+0000] {processor.py:175} INFO - Processing /home/airflow/.local/lib/python3.7/site-packages/airflow/example_dags/example_bash_operator.py took 0.121 seconds
[2024-04-06T09:39:49.910+0000] {processor.py:153} INFO - Started process (PID=522) to work on /home/airflow/.local/lib/python3.7/site-packages/airflow/example_dags/example_bash_operator.py
[2024-04-06T09:39:49.911+0000] {processor.py:743} INFO - Processing file /home/airflow/.local/lib/python3.7/site-packages/airflow/example_dags/example_bash_operator.py for tasks to queue
[2024-04-06T09:39:49.912+0000] {logging_mixin.py:137} INFO - [2024-04-06T09:39:49.912+0000] {dagbag.py:538} INFO - Filling up the DagBag from /home/airflow/.local/lib/python3.7/site-packages/airflow/example_dags/example_bash_operator.py
[2024-04-06T09:39:49.930+0000] {processor.py:753} INFO - DAG(s) dict_keys(['example_bash_operator']) retrieved from /home/airflow/.local/lib/python3.7/site-packages/airflow/example_dags/example_bash_operator.py
[2024-04-06T09:39:49.962+0000] {logging_mixin.py:137} INFO - [2024-04-06T09:39:49.961+0000] {dag.py:2690} INFO - Sync 1 DAGs
[2024-04-06T09:39:49.984+0000] {logging_mixin.py:137} INFO - [2024-04-06T09:39:49.983+0000] {dag.py:3441} INFO - Setting next_dagrun for example_bash_operator to 2024-04-05T00:00:00+00:00, run_after=2024-04-06T00:00:00+00:00
[2024-04-06T09:39:50.000+0000] {processor.py:175} INFO - Processing /home/airflow/.local/lib/python3.7/site-packages/airflow/example_dags/example_bash_operator.py took 0.092 seconds
[2024-04-06T09:40:20.191+0000] {processor.py:153} INFO - Started process (PID=610) to work on /home/airflow/.local/lib/python3.7/site-packages/airflow/example_dags/example_bash_operator.py
[2024-04-06T09:40:20.192+0000] {processor.py:743} INFO - Processing file /home/airflow/.local/lib/python3.7/site-packages/airflow/example_dags/example_bash_operator.py for tasks to queue
[2024-04-06T09:40:20.192+0000] {logging_mixin.py:137} INFO - [2024-04-06T09:40:20.192+0000] {dagbag.py:538} INFO - Filling up the DagBag from /home/airflow/.local/lib/python3.7/site-packages/airflow/example_dags/example_bash_operator.py
[2024-04-06T09:40:20.212+0000] {processor.py:753} INFO - DAG(s) dict_keys(['example_bash_operator']) retrieved from /home/airflow/.local/lib/python3.7/site-packages/airflow/example_dags/example_bash_operator.py
[2024-04-06T09:40:20.259+0000] {logging_mixin.py:137} INFO - [2024-04-06T09:40:20.259+0000] {dag.py:2690} INFO - Sync 1 DAGs
[2024-04-06T09:40:20.284+0000] {logging_mixin.py:137} INFO - [2024-04-06T09:40:20.284+0000] {dag.py:3441} INFO - Setting next_dagrun for example_bash_operator to 2024-04-05T00:00:00+00:00, run_after=2024-04-06T00:00:00+00:00
[2024-04-06T09:40:20.301+0000] {processor.py:175} INFO - Processing /home/airflow/.local/lib/python3.7/site-packages/airflow/example_dags/example_bash_operator.py took 0.113 seconds
[2024-04-06T09:40:50.558+0000] {processor.py:153} INFO - Started process (PID=682) to work on /home/airflow/.local/lib/python3.7/site-packages/airflow/example_dags/example_bash_operator.py
[2024-04-06T09:40:50.559+0000] {processor.py:743} INFO - Processing file /home/airflow/.local/lib/python3.7/site-packages/airflow/example_dags/example_bash_operator.py for tasks to queue
[2024-04-06T09:40:50.559+0000] {logging_mixin.py:137} INFO - [2024-04-06T09:40:50.559+0000] {dagbag.py:538} INFO - Filling up the DagBag from /home/airflow/.local/lib/python3.7/site-packages/airflow/example_dags/example_bash_operator.py
[2024-04-06T09:40:50.582+0000] {processor.py:753} INFO - DAG(s) dict_keys(['example_bash_operator']) retrieved from /home/airflow/.local/lib/python3.7/site-packages/airflow/example_dags/example_bash_operator.py
[2024-04-06T09:40:50.634+0000] {logging_mixin.py:137} INFO - [2024-04-06T09:40:50.634+0000] {dag.py:2690} INFO - Sync 1 DAGs
[2024-04-06T09:40:50.674+0000] {logging_mixin.py:137} INFO - [2024-04-06T09:40:50.673+0000] {dag.py:3441} INFO - Setting next_dagrun for example_bash_operator to 2024-04-05T00:00:00+00:00, run_after=2024-04-06T00:00:00+00:00
[2024-04-06T09:40:50.699+0000] {processor.py:175} INFO - Processing /home/airflow/.local/lib/python3.7/site-packages/airflow/example_dags/example_bash_operator.py took 0.144 seconds
[2024-04-06T09:41:20.889+0000] {processor.py:153} INFO - Started process (PID=770) to work on /home/airflow/.local/lib/python3.7/site-packages/airflow/example_dags/example_bash_operator.py
[2024-04-06T09:41:20.891+0000] {processor.py:743} INFO - Processing file /home/airflow/.local/lib/python3.7/site-packages/airflow/example_dags/example_bash_operator.py for tasks to queue
[2024-04-06T09:41:20.892+0000] {logging_mixin.py:137} INFO - [2024-04-06T09:41:20.891+0000] {dagbag.py:538} INFO - Filling up the DagBag from /home/airflow/.local/lib/python3.7/site-packages/airflow/example_dags/example_bash_operator.py
[2024-04-06T09:41:20.930+0000] {processor.py:753} INFO - DAG(s) dict_keys(['example_bash_operator']) retrieved from /home/airflow/.local/lib/python3.7/site-packages/airflow/example_dags/example_bash_operator.py
[2024-04-06T09:41:20.991+0000] {logging_mixin.py:137} INFO - [2024-04-06T09:41:20.991+0000] {dag.py:2690} INFO - Sync 1 DAGs
[2024-04-06T09:41:21.028+0000] {logging_mixin.py:137} INFO - [2024-04-06T09:41:21.027+0000] {dag.py:3441} INFO - Setting next_dagrun for example_bash_operator to 2024-04-05T00:00:00+00:00, run_after=2024-04-06T00:00:00+00:00
[2024-04-06T09:41:21.051+0000] {processor.py:175} INFO - Processing /home/airflow/.local/lib/python3.7/site-packages/airflow/example_dags/example_bash_operator.py took 0.167 seconds
[2024-04-06T09:41:51.371+0000] {processor.py:153} INFO - Started process (PID=842) to work on /home/airflow/.local/lib/python3.7/site-packages/airflow/example_dags/example_bash_operator.py
[2024-04-06T09:41:51.371+0000] {processor.py:743} INFO - Processing file /home/airflow/.local/lib/python3.7/site-packages/airflow/example_dags/example_bash_operator.py for tasks to queue
[2024-04-06T09:41:51.372+0000] {logging_mixin.py:137} INFO - [2024-04-06T09:41:51.372+0000] {dagbag.py:538} INFO - Filling up the DagBag from /home/airflow/.local/lib/python3.7/site-packages/airflow/example_dags/example_bash_operator.py
[2024-04-06T09:41:51.391+0000] {processor.py:753} INFO - DAG(s) dict_keys(['example_bash_operator']) retrieved from /home/airflow/.local/lib/python3.7/site-packages/airflow/example_dags/example_bash_operator.py
[2024-04-06T09:41:51.421+0000] {logging_mixin.py:137} INFO - [2024-04-06T09:41:51.421+0000] {dag.py:2690} INFO - Sync 1 DAGs
[2024-04-06T09:41:51.445+0000] {logging_mixin.py:137} INFO - [2024-04-06T09:41:51.445+0000] {dag.py:3441} INFO - Setting next_dagrun for example_bash_operator to 2024-04-05T00:00:00+00:00, run_after=2024-04-06T00:00:00+00:00
[2024-04-06T09:41:51.462+0000] {processor.py:175} INFO - Processing /home/airflow/.local/lib/python3.7/site-packages/airflow/example_dags/example_bash_operator.py took 0.094 seconds
[2024-04-06T09:42:21.761+0000] {processor.py:153} INFO - Started process (PID=930) to work on /home/airflow/.local/lib/python3.7/site-packages/airflow/example_dags/example_bash_operator.py
[2024-04-06T09:42:21.762+0000] {processor.py:743} INFO - Processing file /home/airflow/.local/lib/python3.7/site-packages/airflow/example_dags/example_bash_operator.py for tasks to queue
[2024-04-06T09:42:21.762+0000] {logging_mixin.py:137} INFO - [2024-04-06T09:42:21.762+0000] {dagbag.py:538} INFO - Filling up the DagBag from /home/airflow/.local/lib/python3.7/site-packages/airflow/example_dags/example_bash_operator.py
[2024-04-06T09:42:21.784+0000] {processor.py:753} INFO - DAG(s) dict_keys(['example_bash_operator']) retrieved from /home/airflow/.local/lib/python3.7/site-packages/airflow/example_dags/example_bash_operator.py
[2024-04-06T09:42:21.821+0000] {logging_mixin.py:137} INFO - [2024-04-06T09:42:21.821+0000] {dag.py:2690} INFO - Sync 1 DAGs
[2024-04-06T09:42:21.848+0000] {logging_mixin.py:137} INFO - [2024-04-06T09:42:21.848+0000] {dag.py:3441} INFO - Setting next_dagrun for example_bash_operator to 2024-04-05T00:00:00+00:00, run_after=2024-04-06T00:00:00+00:00
[2024-04-06T09:42:21.867+0000] {processor.py:175} INFO - Processing /home/airflow/.local/lib/python3.7/site-packages/airflow/example_dags/example_bash_operator.py took 0.108 seconds
[2024-04-06T09:42:52.370+0000] {processor.py:153} INFO - Started process (PID=1002) to work on /home/airflow/.local/lib/python3.7/site-packages/airflow/example_dags/example_bash_operator.py
[2024-04-06T09:42:52.371+0000] {processor.py:743} INFO - Processing file /home/airflow/.local/lib/python3.7/site-packages/airflow/example_dags/example_bash_operator.py for tasks to queue
[2024-04-06T09:42:52.371+0000] {logging_mixin.py:137} INFO - [2024-04-06T09:42:52.371+0000] {dagbag.py:538} INFO - Filling up the DagBag from /home/airflow/.local/lib/python3.7/site-packages/airflow/example_dags/example_bash_operator.py
[2024-04-06T09:42:52.392+0000] {processor.py:753} INFO - DAG(s) dict_keys(['example_bash_operator']) retrieved from /home/airflow/.local/lib/python3.7/site-packages/airflow/example_dags/example_bash_operator.py
[2024-04-06T09:42:52.424+0000] {logging_mixin.py:137} INFO - [2024-04-06T09:42:52.424+0000] {dag.py:2690} INFO - Sync 1 DAGs
[2024-04-06T09:42:52.445+0000] {logging_mixin.py:137} INFO - [2024-04-06T09:42:52.444+0000] {dag.py:3441} INFO - Setting next_dagrun for example_bash_operator to 2024-04-05T00:00:00+00:00, run_after=2024-04-06T00:00:00+00:00
[2024-04-06T09:42:52.458+0000] {processor.py:175} INFO - Processing /home/airflow/.local/lib/python3.7/site-packages/airflow/example_dags/example_bash_operator.py took 0.091 seconds
[2024-04-06T09:43:22.817+0000] {processor.py:153} INFO - Started process (PID=1089) to work on /home/airflow/.local/lib/python3.7/site-packages/airflow/example_dags/example_bash_operator.py
[2024-04-06T09:43:22.818+0000] {processor.py:743} INFO - Processing file /home/airflow/.local/lib/python3.7/site-packages/airflow/example_dags/example_bash_operator.py for tasks to queue
[2024-04-06T09:43:22.819+0000] {logging_mixin.py:137} INFO - [2024-04-06T09:43:22.819+0000] {dagbag.py:538} INFO - Filling up the DagBag from /home/airflow/.local/lib/python3.7/site-packages/airflow/example_dags/example_bash_operator.py
[2024-04-06T09:43:22.851+0000] {processor.py:753} INFO - DAG(s) dict_keys(['example_bash_operator']) retrieved from /home/airflow/.local/lib/python3.7/site-packages/airflow/example_dags/example_bash_operator.py
[2024-04-06T09:43:22.910+0000] {logging_mixin.py:137} INFO - [2024-04-06T09:43:22.910+0000] {dag.py:2690} INFO - Sync 1 DAGs
[2024-04-06T09:43:22.955+0000] {logging_mixin.py:137} INFO - [2024-04-06T09:43:22.955+0000] {dag.py:3441} INFO - Setting next_dagrun for example_bash_operator to 2024-04-05T00:00:00+00:00, run_after=2024-04-06T00:00:00+00:00
[2024-04-06T09:43:22.977+0000] {processor.py:175} INFO - Processing /home/airflow/.local/lib/python3.7/site-packages/airflow/example_dags/example_bash_operator.py took 0.164 seconds
[2024-04-06T09:43:53.159+0000] {processor.py:153} INFO - Started process (PID=1161) to work on /home/airflow/.local/lib/python3.7/site-packages/airflow/example_dags/example_bash_operator.py
[2024-04-06T09:43:53.159+0000] {processor.py:743} INFO - Processing file /home/airflow/.local/lib/python3.7/site-packages/airflow/example_dags/example_bash_operator.py for tasks to queue
[2024-04-06T09:43:53.160+0000] {logging_mixin.py:137} INFO - [2024-04-06T09:43:53.160+0000] {dagbag.py:538} INFO - Filling up the DagBag from /home/airflow/.local/lib/python3.7/site-packages/airflow/example_dags/example_bash_operator.py
[2024-04-06T09:43:53.183+0000] {processor.py:753} INFO - DAG(s) dict_keys(['example_bash_operator']) retrieved from /home/airflow/.local/lib/python3.7/site-packages/airflow/example_dags/example_bash_operator.py
[2024-04-06T09:43:53.214+0000] {logging_mixin.py:137} INFO - [2024-04-06T09:43:53.214+0000] {dag.py:2690} INFO - Sync 1 DAGs
[2024-04-06T09:43:53.237+0000] {logging_mixin.py:137} INFO - [2024-04-06T09:43:53.237+0000] {dag.py:3441} INFO - Setting next_dagrun for example_bash_operator to 2024-04-05T00:00:00+00:00, run_after=2024-04-06T00:00:00+00:00
[2024-04-06T09:43:53.256+0000] {processor.py:175} INFO - Processing /home/airflow/.local/lib/python3.7/site-packages/airflow/example_dags/example_bash_operator.py took 0.100 seconds
[2024-04-06T09:44:23.534+0000] {processor.py:153} INFO - Started process (PID=1239) to work on /home/airflow/.local/lib/python3.7/site-packages/airflow/example_dags/example_bash_operator.py
[2024-04-06T09:44:23.534+0000] {processor.py:743} INFO - Processing file /home/airflow/.local/lib/python3.7/site-packages/airflow/example_dags/example_bash_operator.py for tasks to queue
[2024-04-06T09:44:23.535+0000] {logging_mixin.py:137} INFO - [2024-04-06T09:44:23.535+0000] {dagbag.py:538} INFO - Filling up the DagBag from /home/airflow/.local/lib/python3.7/site-packages/airflow/example_dags/example_bash_operator.py
[2024-04-06T09:44:23.561+0000] {processor.py:753} INFO - DAG(s) dict_keys(['example_bash_operator']) retrieved from /home/airflow/.local/lib/python3.7/site-packages/airflow/example_dags/example_bash_operator.py
[2024-04-06T09:44:23.610+0000] {logging_mixin.py:137} INFO - [2024-04-06T09:44:23.610+0000] {dag.py:2690} INFO - Sync 1 DAGs
[2024-04-06T09:44:23.644+0000] {logging_mixin.py:137} INFO - [2024-04-06T09:44:23.644+0000] {dag.py:3441} INFO - Setting next_dagrun for example_bash_operator to 2024-04-05T00:00:00+00:00, run_after=2024-04-06T00:00:00+00:00
[2024-04-06T09:44:23.667+0000] {processor.py:175} INFO - Processing /home/airflow/.local/lib/python3.7/site-packages/airflow/example_dags/example_bash_operator.py took 0.136 seconds
[2024-04-06T09:44:54.200+0000] {processor.py:153} INFO - Started process (PID=1321) to work on /home/airflow/.local/lib/python3.7/site-packages/airflow/example_dags/example_bash_operator.py
[2024-04-06T09:44:54.200+0000] {processor.py:743} INFO - Processing file /home/airflow/.local/lib/python3.7/site-packages/airflow/example_dags/example_bash_operator.py for tasks to queue
[2024-04-06T09:44:54.201+0000] {logging_mixin.py:137} INFO - [2024-04-06T09:44:54.201+0000] {dagbag.py:538} INFO - Filling up the DagBag from /home/airflow/.local/lib/python3.7/site-packages/airflow/example_dags/example_bash_operator.py
[2024-04-06T09:44:54.220+0000] {processor.py:753} INFO - DAG(s) dict_keys(['example_bash_operator']) retrieved from /home/airflow/.local/lib/python3.7/site-packages/airflow/example_dags/example_bash_operator.py
[2024-04-06T09:44:54.251+0000] {logging_mixin.py:137} INFO - [2024-04-06T09:44:54.251+0000] {dag.py:2690} INFO - Sync 1 DAGs
[2024-04-06T09:44:54.283+0000] {logging_mixin.py:137} INFO - [2024-04-06T09:44:54.283+0000] {dag.py:3441} INFO - Setting next_dagrun for example_bash_operator to 2024-04-05T00:00:00+00:00, run_after=2024-04-06T00:00:00+00:00
[2024-04-06T09:44:54.304+0000] {processor.py:175} INFO - Processing /home/airflow/.local/lib/python3.7/site-packages/airflow/example_dags/example_bash_operator.py took 0.106 seconds
[2024-04-06T09:45:24.505+0000] {processor.py:153} INFO - Started process (PID=1393) to work on /home/airflow/.local/lib/python3.7/site-packages/airflow/example_dags/example_bash_operator.py
[2024-04-06T09:45:24.506+0000] {processor.py:743} INFO - Processing file /home/airflow/.local/lib/python3.7/site-packages/airflow/example_dags/example_bash_operator.py for tasks to queue
[2024-04-06T09:45:24.506+0000] {logging_mixin.py:137} INFO - [2024-04-06T09:45:24.506+0000] {dagbag.py:538} INFO - Filling up the DagBag from /home/airflow/.local/lib/python3.7/site-packages/airflow/example_dags/example_bash_operator.py
[2024-04-06T09:45:24.524+0000] {processor.py:753} INFO - DAG(s) dict_keys(['example_bash_operator']) retrieved from /home/airflow/.local/lib/python3.7/site-packages/airflow/example_dags/example_bash_operator.py
[2024-04-06T09:45:24.554+0000] {logging_mixin.py:137} INFO - [2024-04-06T09:45:24.554+0000] {dag.py:2690} INFO - Sync 1 DAGs
[2024-04-06T09:45:24.574+0000] {logging_mixin.py:137} INFO - [2024-04-06T09:45:24.574+0000] {dag.py:3441} INFO - Setting next_dagrun for example_bash_operator to 2024-04-05T00:00:00+00:00, run_after=2024-04-06T00:00:00+00:00
[2024-04-06T09:45:24.588+0000] {processor.py:175} INFO - Processing /home/airflow/.local/lib/python3.7/site-packages/airflow/example_dags/example_bash_operator.py took 0.085 seconds
[2024-04-06T09:45:54.811+0000] {processor.py:153} INFO - Started process (PID=1481) to work on /home/airflow/.local/lib/python3.7/site-packages/airflow/example_dags/example_bash_operator.py
[2024-04-06T09:45:54.811+0000] {processor.py:743} INFO - Processing file /home/airflow/.local/lib/python3.7/site-packages/airflow/example_dags/example_bash_operator.py for tasks to queue
[2024-04-06T09:45:54.812+0000] {logging_mixin.py:137} INFO - [2024-04-06T09:45:54.812+0000] {dagbag.py:538} INFO - Filling up the DagBag from /home/airflow/.local/lib/python3.7/site-packages/airflow/example_dags/example_bash_operator.py
[2024-04-06T09:45:54.833+0000] {processor.py:753} INFO - DAG(s) dict_keys(['example_bash_operator']) retrieved from /home/airflow/.local/lib/python3.7/site-packages/airflow/example_dags/example_bash_operator.py
[2024-04-06T09:45:54.866+0000] {logging_mixin.py:137} INFO - [2024-04-06T09:45:54.865+0000] {dag.py:2690} INFO - Sync 1 DAGs
[2024-04-06T09:45:54.888+0000] {logging_mixin.py:137} INFO - [2024-04-06T09:45:54.887+0000] {dag.py:3441} INFO - Setting next_dagrun for example_bash_operator to 2024-04-05T00:00:00+00:00, run_after=2024-04-06T00:00:00+00:00
[2024-04-06T09:45:54.904+0000] {processor.py:175} INFO - Processing /home/airflow/.local/lib/python3.7/site-packages/airflow/example_dags/example_bash_operator.py took 0.096 seconds
[2024-04-06T09:46:25.290+0000] {processor.py:153} INFO - Started process (PID=1552) to work on /home/airflow/.local/lib/python3.7/site-packages/airflow/example_dags/example_bash_operator.py
[2024-04-06T09:46:25.291+0000] {processor.py:743} INFO - Processing file /home/airflow/.local/lib/python3.7/site-packages/airflow/example_dags/example_bash_operator.py for tasks to queue
[2024-04-06T09:46:25.292+0000] {logging_mixin.py:137} INFO - [2024-04-06T09:46:25.292+0000] {dagbag.py:538} INFO - Filling up the DagBag from /home/airflow/.local/lib/python3.7/site-packages/airflow/example_dags/example_bash_operator.py
[2024-04-06T09:46:25.308+0000] {processor.py:753} INFO - DAG(s) dict_keys(['example_bash_operator']) retrieved from /home/airflow/.local/lib/python3.7/site-packages/airflow/example_dags/example_bash_operator.py
[2024-04-06T09:46:25.337+0000] {logging_mixin.py:137} INFO - [2024-04-06T09:46:25.337+0000] {dag.py:2690} INFO - Sync 1 DAGs
[2024-04-06T09:46:25.364+0000] {logging_mixin.py:137} INFO - [2024-04-06T09:46:25.363+0000] {dag.py:3441} INFO - Setting next_dagrun for example_bash_operator to 2024-04-05T00:00:00+00:00, run_after=2024-04-06T00:00:00+00:00
[2024-04-06T09:46:25.382+0000] {processor.py:175} INFO - Processing /home/airflow/.local/lib/python3.7/site-packages/airflow/example_dags/example_bash_operator.py took 0.093 seconds
[2024-04-06T09:46:55.708+0000] {processor.py:153} INFO - Started process (PID=1640) to work on /home/airflow/.local/lib/python3.7/site-packages/airflow/example_dags/example_bash_operator.py
[2024-04-06T09:46:55.709+0000] {processor.py:743} INFO - Processing file /home/airflow/.local/lib/python3.7/site-packages/airflow/example_dags/example_bash_operator.py for tasks to queue
[2024-04-06T09:46:55.709+0000] {logging_mixin.py:137} INFO - [2024-04-06T09:46:55.709+0000] {dagbag.py:538} INFO - Filling up the DagBag from /home/airflow/.local/lib/python3.7/site-packages/airflow/example_dags/example_bash_operator.py
[2024-04-06T09:46:55.729+0000] {processor.py:753} INFO - DAG(s) dict_keys(['example_bash_operator']) retrieved from /home/airflow/.local/lib/python3.7/site-packages/airflow/example_dags/example_bash_operator.py
[2024-04-06T09:46:55.763+0000] {logging_mixin.py:137} INFO - [2024-04-06T09:46:55.762+0000] {dag.py:2690} INFO - Sync 1 DAGs
[2024-04-06T09:46:55.786+0000] {logging_mixin.py:137} INFO - [2024-04-06T09:46:55.786+0000] {dag.py:3441} INFO - Setting next_dagrun for example_bash_operator to 2024-04-05T00:00:00+00:00, run_after=2024-04-06T00:00:00+00:00
[2024-04-06T09:46:55.802+0000] {processor.py:175} INFO - Processing /home/airflow/.local/lib/python3.7/site-packages/airflow/example_dags/example_bash_operator.py took 0.097 seconds
[2024-04-06T09:47:26.145+0000] {processor.py:153} INFO - Started process (PID=1719) to work on /home/airflow/.local/lib/python3.7/site-packages/airflow/example_dags/example_bash_operator.py
[2024-04-06T09:47:26.145+0000] {processor.py:743} INFO - Processing file /home/airflow/.local/lib/python3.7/site-packages/airflow/example_dags/example_bash_operator.py for tasks to queue
[2024-04-06T09:47:26.146+0000] {logging_mixin.py:137} INFO - [2024-04-06T09:47:26.146+0000] {dagbag.py:538} INFO - Filling up the DagBag from /home/airflow/.local/lib/python3.7/site-packages/airflow/example_dags/example_bash_operator.py
[2024-04-06T09:47:26.171+0000] {processor.py:753} INFO - DAG(s) dict_keys(['example_bash_operator']) retrieved from /home/airflow/.local/lib/python3.7/site-packages/airflow/example_dags/example_bash_operator.py
[2024-04-06T09:47:26.212+0000] {logging_mixin.py:137} INFO - [2024-04-06T09:47:26.212+0000] {dag.py:2690} INFO - Sync 1 DAGs
[2024-04-06T09:47:26.251+0000] {logging_mixin.py:137} INFO - [2024-04-06T09:47:26.251+0000] {dag.py:3441} INFO - Setting next_dagrun for example_bash_operator to 2024-04-05T00:00:00+00:00, run_after=2024-04-06T00:00:00+00:00
[2024-04-06T09:47:26.275+0000] {processor.py:175} INFO - Processing /home/airflow/.local/lib/python3.7/site-packages/airflow/example_dags/example_bash_operator.py took 0.133 seconds
[2024-04-06T09:47:56.478+0000] {processor.py:153} INFO - Started process (PID=1800) to work on /home/airflow/.local/lib/python3.7/site-packages/airflow/example_dags/example_bash_operator.py
[2024-04-06T09:47:56.478+0000] {processor.py:743} INFO - Processing file /home/airflow/.local/lib/python3.7/site-packages/airflow/example_dags/example_bash_operator.py for tasks to queue
[2024-04-06T09:47:56.479+0000] {logging_mixin.py:137} INFO - [2024-04-06T09:47:56.478+0000] {dagbag.py:538} INFO - Filling up the DagBag from /home/airflow/.local/lib/python3.7/site-packages/airflow/example_dags/example_bash_operator.py
[2024-04-06T09:47:56.496+0000] {processor.py:753} INFO - DAG(s) dict_keys(['example_bash_operator']) retrieved from /home/airflow/.local/lib/python3.7/site-packages/airflow/example_dags/example_bash_operator.py
[2024-04-06T09:47:56.526+0000] {logging_mixin.py:137} INFO - [2024-04-06T09:47:56.526+0000] {dag.py:2690} INFO - Sync 1 DAGs
[2024-04-06T09:47:56.547+0000] {logging_mixin.py:137} INFO - [2024-04-06T09:47:56.547+0000] {dag.py:3441} INFO - Setting next_dagrun for example_bash_operator to 2024-04-05T00:00:00+00:00, run_after=2024-04-06T00:00:00+00:00
[2024-04-06T09:47:56.566+0000] {processor.py:175} INFO - Processing /home/airflow/.local/lib/python3.7/site-packages/airflow/example_dags/example_bash_operator.py took 0.090 seconds
[2024-04-06T09:48:26.664+0000] {processor.py:153} INFO - Started process (PID=1879) to work on /home/airflow/.local/lib/python3.7/site-packages/airflow/example_dags/example_bash_operator.py
[2024-04-06T09:48:26.664+0000] {processor.py:743} INFO - Processing file /home/airflow/.local/lib/python3.7/site-packages/airflow/example_dags/example_bash_operator.py for tasks to queue
[2024-04-06T09:48:26.665+0000] {logging_mixin.py:137} INFO - [2024-04-06T09:48:26.665+0000] {dagbag.py:538} INFO - Filling up the DagBag from /home/airflow/.local/lib/python3.7/site-packages/airflow/example_dags/example_bash_operator.py
[2024-04-06T09:48:26.684+0000] {processor.py:753} INFO - DAG(s) dict_keys(['example_bash_operator']) retrieved from /home/airflow/.local/lib/python3.7/site-packages/airflow/example_dags/example_bash_operator.py
[2024-04-06T09:48:26.724+0000] {logging_mixin.py:137} INFO - [2024-04-06T09:48:26.724+0000] {dag.py:2690} INFO - Sync 1 DAGs
[2024-04-06T09:48:26.753+0000] {logging_mixin.py:137} INFO - [2024-04-06T09:48:26.753+0000] {dag.py:3441} INFO - Setting next_dagrun for example_bash_operator to 2024-04-05T00:00:00+00:00, run_after=2024-04-06T00:00:00+00:00
[2024-04-06T09:48:26.775+0000] {processor.py:175} INFO - Processing /home/airflow/.local/lib/python3.7/site-packages/airflow/example_dags/example_bash_operator.py took 0.114 seconds
[2024-04-06T09:48:57.308+0000] {processor.py:153} INFO - Started process (PID=1960) to work on /home/airflow/.local/lib/python3.7/site-packages/airflow/example_dags/example_bash_operator.py
[2024-04-06T09:48:57.308+0000] {processor.py:743} INFO - Processing file /home/airflow/.local/lib/python3.7/site-packages/airflow/example_dags/example_bash_operator.py for tasks to queue
[2024-04-06T09:48:57.309+0000] {logging_mixin.py:137} INFO - [2024-04-06T09:48:57.309+0000] {dagbag.py:538} INFO - Filling up the DagBag from /home/airflow/.local/lib/python3.7/site-packages/airflow/example_dags/example_bash_operator.py
[2024-04-06T09:48:57.326+0000] {processor.py:753} INFO - DAG(s) dict_keys(['example_bash_operator']) retrieved from /home/airflow/.local/lib/python3.7/site-packages/airflow/example_dags/example_bash_operator.py
[2024-04-06T09:48:57.356+0000] {logging_mixin.py:137} INFO - [2024-04-06T09:48:57.356+0000] {dag.py:2690} INFO - Sync 1 DAGs
[2024-04-06T09:48:57.377+0000] {logging_mixin.py:137} INFO - [2024-04-06T09:48:57.377+0000] {dag.py:3441} INFO - Setting next_dagrun for example_bash_operator to 2024-04-05T00:00:00+00:00, run_after=2024-04-06T00:00:00+00:00
[2024-04-06T09:48:57.395+0000] {processor.py:175} INFO - Processing /home/airflow/.local/lib/python3.7/site-packages/airflow/example_dags/example_bash_operator.py took 0.090 seconds
[2024-04-06T09:50:12.051+0000] {processor.py:153} INFO - Started process (PID=42) to work on /home/airflow/.local/lib/python3.7/site-packages/airflow/example_dags/example_bash_operator.py
[2024-04-06T09:50:12.052+0000] {processor.py:743} INFO - Processing file /home/airflow/.local/lib/python3.7/site-packages/airflow/example_dags/example_bash_operator.py for tasks to queue
[2024-04-06T09:50:12.053+0000] {logging_mixin.py:137} INFO - [2024-04-06T09:50:12.053+0000] {dagbag.py:538} INFO - Filling up the DagBag from /home/airflow/.local/lib/python3.7/site-packages/airflow/example_dags/example_bash_operator.py
[2024-04-06T09:50:12.074+0000] {processor.py:753} INFO - DAG(s) dict_keys(['example_bash_operator']) retrieved from /home/airflow/.local/lib/python3.7/site-packages/airflow/example_dags/example_bash_operator.py
[2024-04-06T09:50:12.112+0000] {logging_mixin.py:137} INFO - [2024-04-06T09:50:12.111+0000] {dag.py:2690} INFO - Sync 1 DAGs
[2024-04-06T09:50:12.140+0000] {logging_mixin.py:137} INFO - [2024-04-06T09:50:12.140+0000] {dag.py:3441} INFO - Setting next_dagrun for example_bash_operator to 2024-04-05T00:00:00+00:00, run_after=2024-04-06T00:00:00+00:00
[2024-04-06T09:50:12.160+0000] {processor.py:175} INFO - Processing /home/airflow/.local/lib/python3.7/site-packages/airflow/example_dags/example_bash_operator.py took 0.112 seconds
[2024-04-06T09:50:43.710+0000] {processor.py:153} INFO - Started process (PID=114) to work on /home/airflow/.local/lib/python3.7/site-packages/airflow/example_dags/example_bash_operator.py
[2024-04-06T09:50:43.711+0000] {processor.py:743} INFO - Processing file /home/airflow/.local/lib/python3.7/site-packages/airflow/example_dags/example_bash_operator.py for tasks to queue
[2024-04-06T09:50:43.712+0000] {logging_mixin.py:137} INFO - [2024-04-06T09:50:43.712+0000] {dagbag.py:538} INFO - Filling up the DagBag from /home/airflow/.local/lib/python3.7/site-packages/airflow/example_dags/example_bash_operator.py
[2024-04-06T09:50:43.744+0000] {processor.py:753} INFO - DAG(s) dict_keys(['example_bash_operator']) retrieved from /home/airflow/.local/lib/python3.7/site-packages/airflow/example_dags/example_bash_operator.py
[2024-04-06T09:50:43.796+0000] {logging_mixin.py:137} INFO - [2024-04-06T09:50:43.796+0000] {dag.py:2690} INFO - Sync 1 DAGs
[2024-04-06T09:50:43.836+0000] {logging_mixin.py:137} INFO - [2024-04-06T09:50:43.836+0000] {dag.py:3441} INFO - Setting next_dagrun for example_bash_operator to 2024-04-05T00:00:00+00:00, run_after=2024-04-06T00:00:00+00:00
[2024-04-06T09:50:43.858+0000] {processor.py:175} INFO - Processing /home/airflow/.local/lib/python3.7/site-packages/airflow/example_dags/example_bash_operator.py took 0.152 seconds
[2024-04-06T09:51:14.235+0000] {processor.py:153} INFO - Started process (PID=196) to work on /home/airflow/.local/lib/python3.7/site-packages/airflow/example_dags/example_bash_operator.py
[2024-04-06T09:51:14.237+0000] {processor.py:743} INFO - Processing file /home/airflow/.local/lib/python3.7/site-packages/airflow/example_dags/example_bash_operator.py for tasks to queue
[2024-04-06T09:51:14.238+0000] {logging_mixin.py:137} INFO - [2024-04-06T09:51:14.238+0000] {dagbag.py:538} INFO - Filling up the DagBag from /home/airflow/.local/lib/python3.7/site-packages/airflow/example_dags/example_bash_operator.py
[2024-04-06T09:51:14.266+0000] {processor.py:753} INFO - DAG(s) dict_keys(['example_bash_operator']) retrieved from /home/airflow/.local/lib/python3.7/site-packages/airflow/example_dags/example_bash_operator.py
[2024-04-06T09:51:14.313+0000] {logging_mixin.py:137} INFO - [2024-04-06T09:51:14.312+0000] {dag.py:2690} INFO - Sync 1 DAGs
[2024-04-06T09:51:14.347+0000] {logging_mixin.py:137} INFO - [2024-04-06T09:51:14.347+0000] {dag.py:3441} INFO - Setting next_dagrun for example_bash_operator to 2024-04-05T00:00:00+00:00, run_after=2024-04-06T00:00:00+00:00
[2024-04-06T09:51:14.372+0000] {processor.py:175} INFO - Processing /home/airflow/.local/lib/python3.7/site-packages/airflow/example_dags/example_bash_operator.py took 0.139 seconds
[2024-04-06T09:58:23.358+0000] {processor.py:153} INFO - Started process (PID=52) to work on /home/airflow/.local/lib/python3.7/site-packages/airflow/example_dags/example_bash_operator.py
[2024-04-06T09:58:23.359+0000] {processor.py:743} INFO - Processing file /home/airflow/.local/lib/python3.7/site-packages/airflow/example_dags/example_bash_operator.py for tasks to queue
[2024-04-06T09:58:23.360+0000] {logging_mixin.py:137} INFO - [2024-04-06T09:58:23.360+0000] {dagbag.py:538} INFO - Filling up the DagBag from /home/airflow/.local/lib/python3.7/site-packages/airflow/example_dags/example_bash_operator.py
[2024-04-06T09:58:23.384+0000] {processor.py:753} INFO - DAG(s) dict_keys(['example_bash_operator']) retrieved from /home/airflow/.local/lib/python3.7/site-packages/airflow/example_dags/example_bash_operator.py
[2024-04-06T09:58:23.400+0000] {logging_mixin.py:137} INFO - [2024-04-06T09:58:23.399+0000] {dag.py:2690} INFO - Sync 1 DAGs
[2024-04-06T09:58:23.443+0000] {logging_mixin.py:137} INFO - [2024-04-06T09:58:23.442+0000] {dag.py:3441} INFO - Setting next_dagrun for example_bash_operator to 2024-04-05T00:00:00+00:00, run_after=2024-04-06T00:00:00+00:00
[2024-04-06T09:58:23.472+0000] {processor.py:175} INFO - Processing /home/airflow/.local/lib/python3.7/site-packages/airflow/example_dags/example_bash_operator.py took 0.117 seconds
[2024-04-06T09:58:53.705+0000] {processor.py:153} INFO - Started process (PID=131) to work on /home/airflow/.local/lib/python3.7/site-packages/airflow/example_dags/example_bash_operator.py
[2024-04-06T09:58:53.707+0000] {processor.py:743} INFO - Processing file /home/airflow/.local/lib/python3.7/site-packages/airflow/example_dags/example_bash_operator.py for tasks to queue
[2024-04-06T09:58:53.708+0000] {logging_mixin.py:137} INFO - [2024-04-06T09:58:53.708+0000] {dagbag.py:538} INFO - Filling up the DagBag from /home/airflow/.local/lib/python3.7/site-packages/airflow/example_dags/example_bash_operator.py
[2024-04-06T09:58:53.740+0000] {processor.py:753} INFO - DAG(s) dict_keys(['example_bash_operator']) retrieved from /home/airflow/.local/lib/python3.7/site-packages/airflow/example_dags/example_bash_operator.py
[2024-04-06T09:58:53.757+0000] {logging_mixin.py:137} INFO - [2024-04-06T09:58:53.757+0000] {dag.py:2690} INFO - Sync 1 DAGs
[2024-04-06T09:58:53.791+0000] {logging_mixin.py:137} INFO - [2024-04-06T09:58:53.791+0000] {dag.py:3441} INFO - Setting next_dagrun for example_bash_operator to 2024-04-05T00:00:00+00:00, run_after=2024-04-06T00:00:00+00:00
[2024-04-06T09:58:53.811+0000] {processor.py:175} INFO - Processing /home/airflow/.local/lib/python3.7/site-packages/airflow/example_dags/example_bash_operator.py took 0.110 seconds
[2024-04-06T09:59:25.109+0000] {processor.py:153} INFO - Started process (PID=204) to work on /home/airflow/.local/lib/python3.7/site-packages/airflow/example_dags/example_bash_operator.py
[2024-04-06T09:59:25.110+0000] {processor.py:743} INFO - Processing file /home/airflow/.local/lib/python3.7/site-packages/airflow/example_dags/example_bash_operator.py for tasks to queue
[2024-04-06T09:59:25.111+0000] {logging_mixin.py:137} INFO - [2024-04-06T09:59:25.110+0000] {dagbag.py:538} INFO - Filling up the DagBag from /home/airflow/.local/lib/python3.7/site-packages/airflow/example_dags/example_bash_operator.py
[2024-04-06T09:59:25.133+0000] {processor.py:753} INFO - DAG(s) dict_keys(['example_bash_operator']) retrieved from /home/airflow/.local/lib/python3.7/site-packages/airflow/example_dags/example_bash_operator.py
[2024-04-06T09:59:25.170+0000] {logging_mixin.py:137} INFO - [2024-04-06T09:59:25.170+0000] {dag.py:2690} INFO - Sync 1 DAGs
[2024-04-06T09:59:25.195+0000] {logging_mixin.py:137} INFO - [2024-04-06T09:59:25.195+0000] {dag.py:3441} INFO - Setting next_dagrun for example_bash_operator to 2024-04-05T00:00:00+00:00, run_after=2024-04-06T00:00:00+00:00
[2024-04-06T09:59:25.215+0000] {processor.py:175} INFO - Processing /home/airflow/.local/lib/python3.7/site-packages/airflow/example_dags/example_bash_operator.py took 0.108 seconds
[2024-04-06T09:59:55.806+0000] {processor.py:153} INFO - Started process (PID=275) to work on /home/airflow/.local/lib/python3.7/site-packages/airflow/example_dags/example_bash_operator.py
[2024-04-06T09:59:55.807+0000] {processor.py:743} INFO - Processing file /home/airflow/.local/lib/python3.7/site-packages/airflow/example_dags/example_bash_operator.py for tasks to queue
[2024-04-06T09:59:55.808+0000] {logging_mixin.py:137} INFO - [2024-04-06T09:59:55.808+0000] {dagbag.py:538} INFO - Filling up the DagBag from /home/airflow/.local/lib/python3.7/site-packages/airflow/example_dags/example_bash_operator.py
[2024-04-06T09:59:55.838+0000] {processor.py:753} INFO - DAG(s) dict_keys(['example_bash_operator']) retrieved from /home/airflow/.local/lib/python3.7/site-packages/airflow/example_dags/example_bash_operator.py
[2024-04-06T09:59:55.897+0000] {logging_mixin.py:137} INFO - [2024-04-06T09:59:55.897+0000] {dag.py:2690} INFO - Sync 1 DAGs
[2024-04-06T09:59:55.944+0000] {logging_mixin.py:137} INFO - [2024-04-06T09:59:55.944+0000] {dag.py:3441} INFO - Setting next_dagrun for example_bash_operator to 2024-04-05T00:00:00+00:00, run_after=2024-04-06T00:00:00+00:00
[2024-04-06T09:59:55.975+0000] {processor.py:175} INFO - Processing /home/airflow/.local/lib/python3.7/site-packages/airflow/example_dags/example_bash_operator.py took 0.173 seconds
[2024-04-06T10:00:26.274+0000] {processor.py:153} INFO - Started process (PID=347) to work on /home/airflow/.local/lib/python3.7/site-packages/airflow/example_dags/example_bash_operator.py
[2024-04-06T10:00:26.274+0000] {processor.py:743} INFO - Processing file /home/airflow/.local/lib/python3.7/site-packages/airflow/example_dags/example_bash_operator.py for tasks to queue
[2024-04-06T10:00:26.275+0000] {logging_mixin.py:137} INFO - [2024-04-06T10:00:26.275+0000] {dagbag.py:538} INFO - Filling up the DagBag from /home/airflow/.local/lib/python3.7/site-packages/airflow/example_dags/example_bash_operator.py
[2024-04-06T10:00:26.300+0000] {processor.py:753} INFO - DAG(s) dict_keys(['example_bash_operator']) retrieved from /home/airflow/.local/lib/python3.7/site-packages/airflow/example_dags/example_bash_operator.py
[2024-04-06T10:00:26.338+0000] {logging_mixin.py:137} INFO - [2024-04-06T10:00:26.338+0000] {dag.py:2690} INFO - Sync 1 DAGs
[2024-04-06T10:00:26.363+0000] {logging_mixin.py:137} INFO - [2024-04-06T10:00:26.363+0000] {dag.py:3441} INFO - Setting next_dagrun for example_bash_operator to 2024-04-05T00:00:00+00:00, run_after=2024-04-06T00:00:00+00:00
[2024-04-06T10:00:26.384+0000] {processor.py:175} INFO - Processing /home/airflow/.local/lib/python3.7/site-packages/airflow/example_dags/example_bash_operator.py took 0.114 seconds
[2024-04-06T10:00:57.362+0000] {processor.py:153} INFO - Started process (PID=435) to work on /home/airflow/.local/lib/python3.7/site-packages/airflow/example_dags/example_bash_operator.py
[2024-04-06T10:00:57.363+0000] {processor.py:743} INFO - Processing file /home/airflow/.local/lib/python3.7/site-packages/airflow/example_dags/example_bash_operator.py for tasks to queue
[2024-04-06T10:00:57.363+0000] {logging_mixin.py:137} INFO - [2024-04-06T10:00:57.363+0000] {dagbag.py:538} INFO - Filling up the DagBag from /home/airflow/.local/lib/python3.7/site-packages/airflow/example_dags/example_bash_operator.py
[2024-04-06T10:00:57.383+0000] {processor.py:753} INFO - DAG(s) dict_keys(['example_bash_operator']) retrieved from /home/airflow/.local/lib/python3.7/site-packages/airflow/example_dags/example_bash_operator.py
[2024-04-06T10:00:57.418+0000] {logging_mixin.py:137} INFO - [2024-04-06T10:00:57.418+0000] {dag.py:2690} INFO - Sync 1 DAGs
[2024-04-06T10:00:57.445+0000] {logging_mixin.py:137} INFO - [2024-04-06T10:00:57.445+0000] {dag.py:3441} INFO - Setting next_dagrun for example_bash_operator to 2024-04-05T00:00:00+00:00, run_after=2024-04-06T00:00:00+00:00
[2024-04-06T10:00:57.465+0000] {processor.py:175} INFO - Processing /home/airflow/.local/lib/python3.7/site-packages/airflow/example_dags/example_bash_operator.py took 0.105 seconds
[2024-04-06T10:01:27.716+0000] {processor.py:153} INFO - Started process (PID=507) to work on /home/airflow/.local/lib/python3.7/site-packages/airflow/example_dags/example_bash_operator.py
[2024-04-06T10:01:27.717+0000] {processor.py:743} INFO - Processing file /home/airflow/.local/lib/python3.7/site-packages/airflow/example_dags/example_bash_operator.py for tasks to queue
[2024-04-06T10:01:27.718+0000] {logging_mixin.py:137} INFO - [2024-04-06T10:01:27.717+0000] {dagbag.py:538} INFO - Filling up the DagBag from /home/airflow/.local/lib/python3.7/site-packages/airflow/example_dags/example_bash_operator.py
[2024-04-06T10:01:27.736+0000] {processor.py:753} INFO - DAG(s) dict_keys(['example_bash_operator']) retrieved from /home/airflow/.local/lib/python3.7/site-packages/airflow/example_dags/example_bash_operator.py
[2024-04-06T10:01:27.774+0000] {logging_mixin.py:137} INFO - [2024-04-06T10:01:27.774+0000] {dag.py:2690} INFO - Sync 1 DAGs
[2024-04-06T10:01:27.799+0000] {logging_mixin.py:137} INFO - [2024-04-06T10:01:27.799+0000] {dag.py:3441} INFO - Setting next_dagrun for example_bash_operator to 2024-04-05T00:00:00+00:00, run_after=2024-04-06T00:00:00+00:00
[2024-04-06T10:01:27.818+0000] {processor.py:175} INFO - Processing /home/airflow/.local/lib/python3.7/site-packages/airflow/example_dags/example_bash_operator.py took 0.104 seconds
[2024-04-06T10:01:58.087+0000] {processor.py:153} INFO - Started process (PID=595) to work on /home/airflow/.local/lib/python3.7/site-packages/airflow/example_dags/example_bash_operator.py
[2024-04-06T10:01:58.087+0000] {processor.py:743} INFO - Processing file /home/airflow/.local/lib/python3.7/site-packages/airflow/example_dags/example_bash_operator.py for tasks to queue
[2024-04-06T10:01:58.088+0000] {logging_mixin.py:137} INFO - [2024-04-06T10:01:58.088+0000] {dagbag.py:538} INFO - Filling up the DagBag from /home/airflow/.local/lib/python3.7/site-packages/airflow/example_dags/example_bash_operator.py
[2024-04-06T10:01:58.106+0000] {processor.py:753} INFO - DAG(s) dict_keys(['example_bash_operator']) retrieved from /home/airflow/.local/lib/python3.7/site-packages/airflow/example_dags/example_bash_operator.py
[2024-04-06T10:01:58.142+0000] {logging_mixin.py:137} INFO - [2024-04-06T10:01:58.142+0000] {dag.py:2690} INFO - Sync 1 DAGs
[2024-04-06T10:01:58.167+0000] {logging_mixin.py:137} INFO - [2024-04-06T10:01:58.167+0000] {dag.py:3441} INFO - Setting next_dagrun for example_bash_operator to 2024-04-05T00:00:00+00:00, run_after=2024-04-06T00:00:00+00:00
[2024-04-06T10:01:58.184+0000] {processor.py:175} INFO - Processing /home/airflow/.local/lib/python3.7/site-packages/airflow/example_dags/example_bash_operator.py took 0.100 seconds
[2024-04-06T10:02:28.533+0000] {processor.py:153} INFO - Started process (PID=667) to work on /home/airflow/.local/lib/python3.7/site-packages/airflow/example_dags/example_bash_operator.py
[2024-04-06T10:02:28.534+0000] {processor.py:743} INFO - Processing file /home/airflow/.local/lib/python3.7/site-packages/airflow/example_dags/example_bash_operator.py for tasks to queue
[2024-04-06T10:02:28.534+0000] {logging_mixin.py:137} INFO - [2024-04-06T10:02:28.534+0000] {dagbag.py:538} INFO - Filling up the DagBag from /home/airflow/.local/lib/python3.7/site-packages/airflow/example_dags/example_bash_operator.py
[2024-04-06T10:02:28.554+0000] {processor.py:753} INFO - DAG(s) dict_keys(['example_bash_operator']) retrieved from /home/airflow/.local/lib/python3.7/site-packages/airflow/example_dags/example_bash_operator.py
[2024-04-06T10:02:28.590+0000] {logging_mixin.py:137} INFO - [2024-04-06T10:02:28.589+0000] {dag.py:2690} INFO - Sync 1 DAGs
[2024-04-06T10:02:28.615+0000] {logging_mixin.py:137} INFO - [2024-04-06T10:02:28.615+0000] {dag.py:3441} INFO - Setting next_dagrun for example_bash_operator to 2024-04-05T00:00:00+00:00, run_after=2024-04-06T00:00:00+00:00
[2024-04-06T10:02:28.638+0000] {processor.py:175} INFO - Processing /home/airflow/.local/lib/python3.7/site-packages/airflow/example_dags/example_bash_operator.py took 0.109 seconds
[2024-04-06T10:02:59.186+0000] {processor.py:153} INFO - Started process (PID=755) to work on /home/airflow/.local/lib/python3.7/site-packages/airflow/example_dags/example_bash_operator.py
[2024-04-06T10:02:59.186+0000] {processor.py:743} INFO - Processing file /home/airflow/.local/lib/python3.7/site-packages/airflow/example_dags/example_bash_operator.py for tasks to queue
[2024-04-06T10:02:59.187+0000] {logging_mixin.py:137} INFO - [2024-04-06T10:02:59.187+0000] {dagbag.py:538} INFO - Filling up the DagBag from /home/airflow/.local/lib/python3.7/site-packages/airflow/example_dags/example_bash_operator.py
[2024-04-06T10:02:59.206+0000] {processor.py:753} INFO - DAG(s) dict_keys(['example_bash_operator']) retrieved from /home/airflow/.local/lib/python3.7/site-packages/airflow/example_dags/example_bash_operator.py
[2024-04-06T10:02:59.238+0000] {logging_mixin.py:137} INFO - [2024-04-06T10:02:59.238+0000] {dag.py:2690} INFO - Sync 1 DAGs
[2024-04-06T10:02:59.263+0000] {logging_mixin.py:137} INFO - [2024-04-06T10:02:59.263+0000] {dag.py:3441} INFO - Setting next_dagrun for example_bash_operator to 2024-04-05T00:00:00+00:00, run_after=2024-04-06T00:00:00+00:00
[2024-04-06T10:02:59.281+0000] {processor.py:175} INFO - Processing /home/airflow/.local/lib/python3.7/site-packages/airflow/example_dags/example_bash_operator.py took 0.097 seconds
[2024-04-06T10:03:29.629+0000] {processor.py:153} INFO - Started process (PID=844) to work on /home/airflow/.local/lib/python3.7/site-packages/airflow/example_dags/example_bash_operator.py
[2024-04-06T10:03:29.629+0000] {processor.py:743} INFO - Processing file /home/airflow/.local/lib/python3.7/site-packages/airflow/example_dags/example_bash_operator.py for tasks to queue
[2024-04-06T10:03:29.630+0000] {logging_mixin.py:137} INFO - [2024-04-06T10:03:29.630+0000] {dagbag.py:538} INFO - Filling up the DagBag from /home/airflow/.local/lib/python3.7/site-packages/airflow/example_dags/example_bash_operator.py
[2024-04-06T10:03:29.649+0000] {processor.py:753} INFO - DAG(s) dict_keys(['example_bash_operator']) retrieved from /home/airflow/.local/lib/python3.7/site-packages/airflow/example_dags/example_bash_operator.py
[2024-04-06T10:03:29.699+0000] {logging_mixin.py:137} INFO - [2024-04-06T10:03:29.699+0000] {dag.py:2690} INFO - Sync 1 DAGs
[2024-04-06T10:03:29.741+0000] {logging_mixin.py:137} INFO - [2024-04-06T10:03:29.741+0000] {dag.py:3441} INFO - Setting next_dagrun for example_bash_operator to 2024-04-05T00:00:00+00:00, run_after=2024-04-06T00:00:00+00:00
[2024-04-06T10:03:29.770+0000] {processor.py:175} INFO - Processing /home/airflow/.local/lib/python3.7/site-packages/airflow/example_dags/example_bash_operator.py took 0.145 seconds
[2024-04-06T10:04:00.022+0000] {processor.py:153} INFO - Started process (PID=915) to work on /home/airflow/.local/lib/python3.7/site-packages/airflow/example_dags/example_bash_operator.py
[2024-04-06T10:04:00.023+0000] {processor.py:743} INFO - Processing file /home/airflow/.local/lib/python3.7/site-packages/airflow/example_dags/example_bash_operator.py for tasks to queue
[2024-04-06T10:04:00.024+0000] {logging_mixin.py:137} INFO - [2024-04-06T10:04:00.024+0000] {dagbag.py:538} INFO - Filling up the DagBag from /home/airflow/.local/lib/python3.7/site-packages/airflow/example_dags/example_bash_operator.py
[2024-04-06T10:04:00.048+0000] {processor.py:753} INFO - DAG(s) dict_keys(['example_bash_operator']) retrieved from /home/airflow/.local/lib/python3.7/site-packages/airflow/example_dags/example_bash_operator.py
[2024-04-06T10:04:00.089+0000] {logging_mixin.py:137} INFO - [2024-04-06T10:04:00.088+0000] {dag.py:2690} INFO - Sync 1 DAGs
[2024-04-06T10:04:00.120+0000] {logging_mixin.py:137} INFO - [2024-04-06T10:04:00.119+0000] {dag.py:3441} INFO - Setting next_dagrun for example_bash_operator to 2024-04-05T00:00:00+00:00, run_after=2024-04-06T00:00:00+00:00
[2024-04-06T10:04:00.142+0000] {processor.py:175} INFO - Processing /home/airflow/.local/lib/python3.7/site-packages/airflow/example_dags/example_bash_operator.py took 0.123 seconds
[2024-04-06T10:04:30.650+0000] {processor.py:153} INFO - Started process (PID=996) to work on /home/airflow/.local/lib/python3.7/site-packages/airflow/example_dags/example_bash_operator.py
[2024-04-06T10:04:30.651+0000] {processor.py:743} INFO - Processing file /home/airflow/.local/lib/python3.7/site-packages/airflow/example_dags/example_bash_operator.py for tasks to queue
[2024-04-06T10:04:30.652+0000] {logging_mixin.py:137} INFO - [2024-04-06T10:04:30.652+0000] {dagbag.py:538} INFO - Filling up the DagBag from /home/airflow/.local/lib/python3.7/site-packages/airflow/example_dags/example_bash_operator.py
[2024-04-06T10:04:30.678+0000] {processor.py:753} INFO - DAG(s) dict_keys(['example_bash_operator']) retrieved from /home/airflow/.local/lib/python3.7/site-packages/airflow/example_dags/example_bash_operator.py
[2024-04-06T10:04:30.721+0000] {logging_mixin.py:137} INFO - [2024-04-06T10:04:30.721+0000] {dag.py:2690} INFO - Sync 1 DAGs
[2024-04-06T10:04:30.747+0000] {logging_mixin.py:137} INFO - [2024-04-06T10:04:30.747+0000] {dag.py:3441} INFO - Setting next_dagrun for example_bash_operator to 2024-04-05T00:00:00+00:00, run_after=2024-04-06T00:00:00+00:00
[2024-04-06T10:04:30.766+0000] {processor.py:175} INFO - Processing /home/airflow/.local/lib/python3.7/site-packages/airflow/example_dags/example_bash_operator.py took 0.118 seconds
[2024-04-06T10:05:01.339+0000] {processor.py:153} INFO - Started process (PID=1075) to work on /home/airflow/.local/lib/python3.7/site-packages/airflow/example_dags/example_bash_operator.py
[2024-04-06T10:05:01.340+0000] {processor.py:743} INFO - Processing file /home/airflow/.local/lib/python3.7/site-packages/airflow/example_dags/example_bash_operator.py for tasks to queue
[2024-04-06T10:05:01.340+0000] {logging_mixin.py:137} INFO - [2024-04-06T10:05:01.340+0000] {dagbag.py:538} INFO - Filling up the DagBag from /home/airflow/.local/lib/python3.7/site-packages/airflow/example_dags/example_bash_operator.py
[2024-04-06T10:05:01.362+0000] {processor.py:753} INFO - DAG(s) dict_keys(['example_bash_operator']) retrieved from /home/airflow/.local/lib/python3.7/site-packages/airflow/example_dags/example_bash_operator.py
[2024-04-06T10:05:01.407+0000] {logging_mixin.py:137} INFO - [2024-04-06T10:05:01.407+0000] {dag.py:2690} INFO - Sync 1 DAGs
[2024-04-06T10:05:01.436+0000] {logging_mixin.py:137} INFO - [2024-04-06T10:05:01.436+0000] {dag.py:3441} INFO - Setting next_dagrun for example_bash_operator to 2024-04-05T00:00:00+00:00, run_after=2024-04-06T00:00:00+00:00
[2024-04-06T10:05:01.458+0000] {processor.py:175} INFO - Processing /home/airflow/.local/lib/python3.7/site-packages/airflow/example_dags/example_bash_operator.py took 0.121 seconds
[2024-04-06T10:05:32.212+0000] {processor.py:153} INFO - Started process (PID=1163) to work on /home/airflow/.local/lib/python3.7/site-packages/airflow/example_dags/example_bash_operator.py
[2024-04-06T10:05:32.213+0000] {processor.py:743} INFO - Processing file /home/airflow/.local/lib/python3.7/site-packages/airflow/example_dags/example_bash_operator.py for tasks to queue
[2024-04-06T10:05:32.214+0000] {logging_mixin.py:137} INFO - [2024-04-06T10:05:32.214+0000] {dagbag.py:538} INFO - Filling up the DagBag from /home/airflow/.local/lib/python3.7/site-packages/airflow/example_dags/example_bash_operator.py
[2024-04-06T10:05:32.235+0000] {processor.py:753} INFO - DAG(s) dict_keys(['example_bash_operator']) retrieved from /home/airflow/.local/lib/python3.7/site-packages/airflow/example_dags/example_bash_operator.py
[2024-04-06T10:05:32.272+0000] {logging_mixin.py:137} INFO - [2024-04-06T10:05:32.272+0000] {dag.py:2690} INFO - Sync 1 DAGs
[2024-04-06T10:05:32.305+0000] {logging_mixin.py:137} INFO - [2024-04-06T10:05:32.305+0000] {dag.py:3441} INFO - Setting next_dagrun for example_bash_operator to 2024-04-05T00:00:00+00:00, run_after=2024-04-06T00:00:00+00:00
[2024-04-06T10:05:32.325+0000] {processor.py:175} INFO - Processing /home/airflow/.local/lib/python3.7/site-packages/airflow/example_dags/example_bash_operator.py took 0.115 seconds
[2024-04-06T10:06:03.225+0000] {processor.py:153} INFO - Started process (PID=1235) to work on /home/airflow/.local/lib/python3.7/site-packages/airflow/example_dags/example_bash_operator.py
[2024-04-06T10:06:03.227+0000] {processor.py:743} INFO - Processing file /home/airflow/.local/lib/python3.7/site-packages/airflow/example_dags/example_bash_operator.py for tasks to queue
[2024-04-06T10:06:03.228+0000] {logging_mixin.py:137} INFO - [2024-04-06T10:06:03.227+0000] {dagbag.py:538} INFO - Filling up the DagBag from /home/airflow/.local/lib/python3.7/site-packages/airflow/example_dags/example_bash_operator.py
[2024-04-06T10:06:03.268+0000] {processor.py:753} INFO - DAG(s) dict_keys(['example_bash_operator']) retrieved from /home/airflow/.local/lib/python3.7/site-packages/airflow/example_dags/example_bash_operator.py
[2024-04-06T10:06:03.339+0000] {logging_mixin.py:137} INFO - [2024-04-06T10:06:03.339+0000] {dag.py:2690} INFO - Sync 1 DAGs
[2024-04-06T10:06:03.399+0000] {logging_mixin.py:137} INFO - [2024-04-06T10:06:03.399+0000] {dag.py:3441} INFO - Setting next_dagrun for example_bash_operator to 2024-04-05T00:00:00+00:00, run_after=2024-04-06T00:00:00+00:00
[2024-04-06T10:06:03.439+0000] {processor.py:175} INFO - Processing /home/airflow/.local/lib/python3.7/site-packages/airflow/example_dags/example_bash_operator.py took 0.220 seconds
[2024-04-06T10:06:33.537+0000] {processor.py:153} INFO - Started process (PID=1308) to work on /home/airflow/.local/lib/python3.7/site-packages/airflow/example_dags/example_bash_operator.py
[2024-04-06T10:06:33.538+0000] {processor.py:743} INFO - Processing file /home/airflow/.local/lib/python3.7/site-packages/airflow/example_dags/example_bash_operator.py for tasks to queue
[2024-04-06T10:06:33.540+0000] {logging_mixin.py:137} INFO - [2024-04-06T10:06:33.539+0000] {dagbag.py:538} INFO - Filling up the DagBag from /home/airflow/.local/lib/python3.7/site-packages/airflow/example_dags/example_bash_operator.py
[2024-04-06T10:06:33.583+0000] {processor.py:753} INFO - DAG(s) dict_keys(['example_bash_operator']) retrieved from /home/airflow/.local/lib/python3.7/site-packages/airflow/example_dags/example_bash_operator.py
[2024-04-06T10:06:33.655+0000] {logging_mixin.py:137} INFO - [2024-04-06T10:06:33.655+0000] {dag.py:2690} INFO - Sync 1 DAGs
[2024-04-06T10:06:33.710+0000] {logging_mixin.py:137} INFO - [2024-04-06T10:06:33.709+0000] {dag.py:3441} INFO - Setting next_dagrun for example_bash_operator to 2024-04-05T00:00:00+00:00, run_after=2024-04-06T00:00:00+00:00
[2024-04-06T10:06:33.747+0000] {processor.py:175} INFO - Processing /home/airflow/.local/lib/python3.7/site-packages/airflow/example_dags/example_bash_operator.py took 0.216 seconds
[2024-04-06T10:07:04.215+0000] {processor.py:153} INFO - Started process (PID=1379) to work on /home/airflow/.local/lib/python3.7/site-packages/airflow/example_dags/example_bash_operator.py
[2024-04-06T10:07:04.217+0000] {processor.py:743} INFO - Processing file /home/airflow/.local/lib/python3.7/site-packages/airflow/example_dags/example_bash_operator.py for tasks to queue
[2024-04-06T10:07:04.218+0000] {logging_mixin.py:137} INFO - [2024-04-06T10:07:04.217+0000] {dagbag.py:538} INFO - Filling up the DagBag from /home/airflow/.local/lib/python3.7/site-packages/airflow/example_dags/example_bash_operator.py
[2024-04-06T10:07:04.257+0000] {processor.py:753} INFO - DAG(s) dict_keys(['example_bash_operator']) retrieved from /home/airflow/.local/lib/python3.7/site-packages/airflow/example_dags/example_bash_operator.py
[2024-04-06T10:07:04.328+0000] {logging_mixin.py:137} INFO - [2024-04-06T10:07:04.328+0000] {dag.py:2690} INFO - Sync 1 DAGs
[2024-04-06T10:07:04.378+0000] {logging_mixin.py:137} INFO - [2024-04-06T10:07:04.378+0000] {dag.py:3441} INFO - Setting next_dagrun for example_bash_operator to 2024-04-05T00:00:00+00:00, run_after=2024-04-06T00:00:00+00:00
[2024-04-06T10:07:04.417+0000] {processor.py:175} INFO - Processing /home/airflow/.local/lib/python3.7/site-packages/airflow/example_dags/example_bash_operator.py took 0.207 seconds
[2024-04-06T10:07:34.521+0000] {processor.py:153} INFO - Started process (PID=1451) to work on /home/airflow/.local/lib/python3.7/site-packages/airflow/example_dags/example_bash_operator.py
[2024-04-06T10:07:34.523+0000] {processor.py:743} INFO - Processing file /home/airflow/.local/lib/python3.7/site-packages/airflow/example_dags/example_bash_operator.py for tasks to queue
[2024-04-06T10:07:34.524+0000] {logging_mixin.py:137} INFO - [2024-04-06T10:07:34.523+0000] {dagbag.py:538} INFO - Filling up the DagBag from /home/airflow/.local/lib/python3.7/site-packages/airflow/example_dags/example_bash_operator.py
[2024-04-06T10:07:34.564+0000] {processor.py:753} INFO - DAG(s) dict_keys(['example_bash_operator']) retrieved from /home/airflow/.local/lib/python3.7/site-packages/airflow/example_dags/example_bash_operator.py
[2024-04-06T10:07:34.661+0000] {logging_mixin.py:137} INFO - [2024-04-06T10:07:34.660+0000] {dag.py:2690} INFO - Sync 1 DAGs
[2024-04-06T10:07:34.712+0000] {logging_mixin.py:137} INFO - [2024-04-06T10:07:34.712+0000] {dag.py:3441} INFO - Setting next_dagrun for example_bash_operator to 2024-04-05T00:00:00+00:00, run_after=2024-04-06T00:00:00+00:00
[2024-04-06T10:07:34.748+0000] {processor.py:175} INFO - Processing /home/airflow/.local/lib/python3.7/site-packages/airflow/example_dags/example_bash_operator.py took 0.232 seconds
[2024-04-06T10:08:05.688+0000] {processor.py:153} INFO - Started process (PID=1523) to work on /home/airflow/.local/lib/python3.7/site-packages/airflow/example_dags/example_bash_operator.py
[2024-04-06T10:08:05.690+0000] {processor.py:743} INFO - Processing file /home/airflow/.local/lib/python3.7/site-packages/airflow/example_dags/example_bash_operator.py for tasks to queue
[2024-04-06T10:08:05.691+0000] {logging_mixin.py:137} INFO - [2024-04-06T10:08:05.691+0000] {dagbag.py:538} INFO - Filling up the DagBag from /home/airflow/.local/lib/python3.7/site-packages/airflow/example_dags/example_bash_operator.py
[2024-04-06T10:08:05.737+0000] {processor.py:753} INFO - DAG(s) dict_keys(['example_bash_operator']) retrieved from /home/airflow/.local/lib/python3.7/site-packages/airflow/example_dags/example_bash_operator.py
[2024-04-06T10:08:05.818+0000] {logging_mixin.py:137} INFO - [2024-04-06T10:08:05.818+0000] {dag.py:2690} INFO - Sync 1 DAGs
[2024-04-06T10:08:05.897+0000] {logging_mixin.py:137} INFO - [2024-04-06T10:08:05.895+0000] {dag.py:3441} INFO - Setting next_dagrun for example_bash_operator to 2024-04-05T00:00:00+00:00, run_after=2024-04-06T00:00:00+00:00
[2024-04-06T10:08:05.981+0000] {processor.py:175} INFO - Processing /home/airflow/.local/lib/python3.7/site-packages/airflow/example_dags/example_bash_operator.py took 0.299 seconds
[2024-04-06T10:08:36.359+0000] {processor.py:153} INFO - Started process (PID=1604) to work on /home/airflow/.local/lib/python3.7/site-packages/airflow/example_dags/example_bash_operator.py
[2024-04-06T10:08:36.360+0000] {processor.py:743} INFO - Processing file /home/airflow/.local/lib/python3.7/site-packages/airflow/example_dags/example_bash_operator.py for tasks to queue
[2024-04-06T10:08:36.362+0000] {logging_mixin.py:137} INFO - [2024-04-06T10:08:36.362+0000] {dagbag.py:538} INFO - Filling up the DagBag from /home/airflow/.local/lib/python3.7/site-packages/airflow/example_dags/example_bash_operator.py
[2024-04-06T10:08:36.434+0000] {processor.py:753} INFO - DAG(s) dict_keys(['example_bash_operator']) retrieved from /home/airflow/.local/lib/python3.7/site-packages/airflow/example_dags/example_bash_operator.py
[2024-04-06T10:08:36.562+0000] {logging_mixin.py:137} INFO - [2024-04-06T10:08:36.561+0000] {dag.py:2690} INFO - Sync 1 DAGs
[2024-04-06T10:08:36.634+0000] {logging_mixin.py:137} INFO - [2024-04-06T10:08:36.634+0000] {dag.py:3441} INFO - Setting next_dagrun for example_bash_operator to 2024-04-05T00:00:00+00:00, run_after=2024-04-06T00:00:00+00:00
[2024-04-06T10:08:36.685+0000] {processor.py:175} INFO - Processing /home/airflow/.local/lib/python3.7/site-packages/airflow/example_dags/example_bash_operator.py took 0.335 seconds
[2024-04-06T10:09:07.115+0000] {processor.py:153} INFO - Started process (PID=1676) to work on /home/airflow/.local/lib/python3.7/site-packages/airflow/example_dags/example_bash_operator.py
[2024-04-06T10:09:07.116+0000] {processor.py:743} INFO - Processing file /home/airflow/.local/lib/python3.7/site-packages/airflow/example_dags/example_bash_operator.py for tasks to queue
[2024-04-06T10:09:07.118+0000] {logging_mixin.py:137} INFO - [2024-04-06T10:09:07.117+0000] {dagbag.py:538} INFO - Filling up the DagBag from /home/airflow/.local/lib/python3.7/site-packages/airflow/example_dags/example_bash_operator.py
[2024-04-06T10:09:07.161+0000] {processor.py:753} INFO - DAG(s) dict_keys(['example_bash_operator']) retrieved from /home/airflow/.local/lib/python3.7/site-packages/airflow/example_dags/example_bash_operator.py
[2024-04-06T10:09:07.241+0000] {logging_mixin.py:137} INFO - [2024-04-06T10:09:07.241+0000] {dag.py:2690} INFO - Sync 1 DAGs
[2024-04-06T10:09:07.299+0000] {logging_mixin.py:137} INFO - [2024-04-06T10:09:07.299+0000] {dag.py:3441} INFO - Setting next_dagrun for example_bash_operator to 2024-04-05T00:00:00+00:00, run_after=2024-04-06T00:00:00+00:00
[2024-04-06T10:09:07.340+0000] {processor.py:175} INFO - Processing /home/airflow/.local/lib/python3.7/site-packages/airflow/example_dags/example_bash_operator.py took 0.230 seconds
[2024-04-06T10:09:37.600+0000] {processor.py:153} INFO - Started process (PID=1756) to work on /home/airflow/.local/lib/python3.7/site-packages/airflow/example_dags/example_bash_operator.py
[2024-04-06T10:09:37.601+0000] {processor.py:743} INFO - Processing file /home/airflow/.local/lib/python3.7/site-packages/airflow/example_dags/example_bash_operator.py for tasks to queue
[2024-04-06T10:09:37.602+0000] {logging_mixin.py:137} INFO - [2024-04-06T10:09:37.602+0000] {dagbag.py:538} INFO - Filling up the DagBag from /home/airflow/.local/lib/python3.7/site-packages/airflow/example_dags/example_bash_operator.py
[2024-04-06T10:09:37.642+0000] {processor.py:753} INFO - DAG(s) dict_keys(['example_bash_operator']) retrieved from /home/airflow/.local/lib/python3.7/site-packages/airflow/example_dags/example_bash_operator.py
[2024-04-06T10:09:37.742+0000] {logging_mixin.py:137} INFO - [2024-04-06T10:09:37.742+0000] {dag.py:2690} INFO - Sync 1 DAGs
[2024-04-06T10:09:37.792+0000] {logging_mixin.py:137} INFO - [2024-04-06T10:09:37.792+0000] {dag.py:3441} INFO - Setting next_dagrun for example_bash_operator to 2024-04-05T00:00:00+00:00, run_after=2024-04-06T00:00:00+00:00
[2024-04-06T10:09:37.834+0000] {processor.py:175} INFO - Processing /home/airflow/.local/lib/python3.7/site-packages/airflow/example_dags/example_bash_operator.py took 0.239 seconds
[2024-04-06T10:10:08.667+0000] {processor.py:153} INFO - Started process (PID=1827) to work on /home/airflow/.local/lib/python3.7/site-packages/airflow/example_dags/example_bash_operator.py
[2024-04-06T10:10:08.668+0000] {processor.py:743} INFO - Processing file /home/airflow/.local/lib/python3.7/site-packages/airflow/example_dags/example_bash_operator.py for tasks to queue
[2024-04-06T10:10:08.670+0000] {logging_mixin.py:137} INFO - [2024-04-06T10:10:08.669+0000] {dagbag.py:538} INFO - Filling up the DagBag from /home/airflow/.local/lib/python3.7/site-packages/airflow/example_dags/example_bash_operator.py
[2024-04-06T10:10:08.722+0000] {processor.py:753} INFO - DAG(s) dict_keys(['example_bash_operator']) retrieved from /home/airflow/.local/lib/python3.7/site-packages/airflow/example_dags/example_bash_operator.py
[2024-04-06T10:10:08.797+0000] {logging_mixin.py:137} INFO - [2024-04-06T10:10:08.796+0000] {dag.py:2690} INFO - Sync 1 DAGs
[2024-04-06T10:10:08.853+0000] {logging_mixin.py:137} INFO - [2024-04-06T10:10:08.853+0000] {dag.py:3441} INFO - Setting next_dagrun for example_bash_operator to 2024-04-05T00:00:00+00:00, run_after=2024-04-06T00:00:00+00:00
[2024-04-06T10:10:08.902+0000] {processor.py:175} INFO - Processing /home/airflow/.local/lib/python3.7/site-packages/airflow/example_dags/example_bash_operator.py took 0.241 seconds
[2024-04-06T10:10:39.118+0000] {processor.py:153} INFO - Started process (PID=1899) to work on /home/airflow/.local/lib/python3.7/site-packages/airflow/example_dags/example_bash_operator.py
[2024-04-06T10:10:39.119+0000] {processor.py:743} INFO - Processing file /home/airflow/.local/lib/python3.7/site-packages/airflow/example_dags/example_bash_operator.py for tasks to queue
[2024-04-06T10:10:39.120+0000] {logging_mixin.py:137} INFO - [2024-04-06T10:10:39.120+0000] {dagbag.py:538} INFO - Filling up the DagBag from /home/airflow/.local/lib/python3.7/site-packages/airflow/example_dags/example_bash_operator.py
[2024-04-06T10:10:39.159+0000] {processor.py:753} INFO - DAG(s) dict_keys(['example_bash_operator']) retrieved from /home/airflow/.local/lib/python3.7/site-packages/airflow/example_dags/example_bash_operator.py
[2024-04-06T10:10:39.232+0000] {logging_mixin.py:137} INFO - [2024-04-06T10:10:39.232+0000] {dag.py:2690} INFO - Sync 1 DAGs
[2024-04-06T10:10:39.293+0000] {logging_mixin.py:137} INFO - [2024-04-06T10:10:39.293+0000] {dag.py:3441} INFO - Setting next_dagrun for example_bash_operator to 2024-04-05T00:00:00+00:00, run_after=2024-04-06T00:00:00+00:00
[2024-04-06T10:10:39.333+0000] {processor.py:175} INFO - Processing /home/airflow/.local/lib/python3.7/site-packages/airflow/example_dags/example_bash_operator.py took 0.222 seconds
[2024-04-06T10:11:09.463+0000] {processor.py:153} INFO - Started process (PID=1971) to work on /home/airflow/.local/lib/python3.7/site-packages/airflow/example_dags/example_bash_operator.py
[2024-04-06T10:11:09.465+0000] {processor.py:743} INFO - Processing file /home/airflow/.local/lib/python3.7/site-packages/airflow/example_dags/example_bash_operator.py for tasks to queue
[2024-04-06T10:11:09.467+0000] {logging_mixin.py:137} INFO - [2024-04-06T10:11:09.467+0000] {dagbag.py:538} INFO - Filling up the DagBag from /home/airflow/.local/lib/python3.7/site-packages/airflow/example_dags/example_bash_operator.py
[2024-04-06T10:11:09.532+0000] {processor.py:753} INFO - DAG(s) dict_keys(['example_bash_operator']) retrieved from /home/airflow/.local/lib/python3.7/site-packages/airflow/example_dags/example_bash_operator.py
[2024-04-06T10:11:09.601+0000] {logging_mixin.py:137} INFO - [2024-04-06T10:11:09.601+0000] {dag.py:2690} INFO - Sync 1 DAGs
[2024-04-06T10:11:09.649+0000] {logging_mixin.py:137} INFO - [2024-04-06T10:11:09.649+0000] {dag.py:3441} INFO - Setting next_dagrun for example_bash_operator to 2024-04-05T00:00:00+00:00, run_after=2024-04-06T00:00:00+00:00
[2024-04-06T10:11:09.688+0000] {processor.py:175} INFO - Processing /home/airflow/.local/lib/python3.7/site-packages/airflow/example_dags/example_bash_operator.py took 0.234 seconds
[2024-04-06T10:11:40.244+0000] {processor.py:153} INFO - Started process (PID=2043) to work on /home/airflow/.local/lib/python3.7/site-packages/airflow/example_dags/example_bash_operator.py
[2024-04-06T10:11:40.245+0000] {processor.py:743} INFO - Processing file /home/airflow/.local/lib/python3.7/site-packages/airflow/example_dags/example_bash_operator.py for tasks to queue
[2024-04-06T10:11:40.246+0000] {logging_mixin.py:137} INFO - [2024-04-06T10:11:40.246+0000] {dagbag.py:538} INFO - Filling up the DagBag from /home/airflow/.local/lib/python3.7/site-packages/airflow/example_dags/example_bash_operator.py
[2024-04-06T10:11:40.296+0000] {processor.py:753} INFO - DAG(s) dict_keys(['example_bash_operator']) retrieved from /home/airflow/.local/lib/python3.7/site-packages/airflow/example_dags/example_bash_operator.py
[2024-04-06T10:11:40.377+0000] {logging_mixin.py:137} INFO - [2024-04-06T10:11:40.377+0000] {dag.py:2690} INFO - Sync 1 DAGs
[2024-04-06T10:11:40.437+0000] {logging_mixin.py:137} INFO - [2024-04-06T10:11:40.437+0000] {dag.py:3441} INFO - Setting next_dagrun for example_bash_operator to 2024-04-05T00:00:00+00:00, run_after=2024-04-06T00:00:00+00:00
[2024-04-06T10:11:40.477+0000] {processor.py:175} INFO - Processing /home/airflow/.local/lib/python3.7/site-packages/airflow/example_dags/example_bash_operator.py took 0.240 seconds
[2024-04-06T10:12:10.675+0000] {processor.py:153} INFO - Started process (PID=2116) to work on /home/airflow/.local/lib/python3.7/site-packages/airflow/example_dags/example_bash_operator.py
[2024-04-06T10:12:10.676+0000] {processor.py:743} INFO - Processing file /home/airflow/.local/lib/python3.7/site-packages/airflow/example_dags/example_bash_operator.py for tasks to queue
[2024-04-06T10:12:10.678+0000] {logging_mixin.py:137} INFO - [2024-04-06T10:12:10.677+0000] {dagbag.py:538} INFO - Filling up the DagBag from /home/airflow/.local/lib/python3.7/site-packages/airflow/example_dags/example_bash_operator.py
[2024-04-06T10:12:10.718+0000] {processor.py:753} INFO - DAG(s) dict_keys(['example_bash_operator']) retrieved from /home/airflow/.local/lib/python3.7/site-packages/airflow/example_dags/example_bash_operator.py
[2024-04-06T10:12:10.784+0000] {logging_mixin.py:137} INFO - [2024-04-06T10:12:10.784+0000] {dag.py:2690} INFO - Sync 1 DAGs
[2024-04-06T10:12:10.832+0000] {logging_mixin.py:137} INFO - [2024-04-06T10:12:10.832+0000] {dag.py:3441} INFO - Setting next_dagrun for example_bash_operator to 2024-04-05T00:00:00+00:00, run_after=2024-04-06T00:00:00+00:00
[2024-04-06T10:12:10.867+0000] {processor.py:175} INFO - Processing /home/airflow/.local/lib/python3.7/site-packages/airflow/example_dags/example_bash_operator.py took 0.198 seconds
[2024-04-06T10:12:41.140+0000] {processor.py:153} INFO - Started process (PID=2187) to work on /home/airflow/.local/lib/python3.7/site-packages/airflow/example_dags/example_bash_operator.py
[2024-04-06T10:12:41.141+0000] {processor.py:743} INFO - Processing file /home/airflow/.local/lib/python3.7/site-packages/airflow/example_dags/example_bash_operator.py for tasks to queue
[2024-04-06T10:12:41.143+0000] {logging_mixin.py:137} INFO - [2024-04-06T10:12:41.143+0000] {dagbag.py:538} INFO - Filling up the DagBag from /home/airflow/.local/lib/python3.7/site-packages/airflow/example_dags/example_bash_operator.py
[2024-04-06T10:12:41.204+0000] {processor.py:753} INFO - DAG(s) dict_keys(['example_bash_operator']) retrieved from /home/airflow/.local/lib/python3.7/site-packages/airflow/example_dags/example_bash_operator.py
[2024-04-06T10:12:41.293+0000] {logging_mixin.py:137} INFO - [2024-04-06T10:12:41.293+0000] {dag.py:2690} INFO - Sync 1 DAGs
[2024-04-06T10:12:41.346+0000] {logging_mixin.py:137} INFO - [2024-04-06T10:12:41.346+0000] {dag.py:3441} INFO - Setting next_dagrun for example_bash_operator to 2024-04-05T00:00:00+00:00, run_after=2024-04-06T00:00:00+00:00
[2024-04-06T10:12:41.388+0000] {processor.py:175} INFO - Processing /home/airflow/.local/lib/python3.7/site-packages/airflow/example_dags/example_bash_operator.py took 0.256 seconds
[2024-04-06T10:42:02.597+0000] {processor.py:161} INFO - Started process (PID=39) to work on /home/airflow/.local/lib/python3.8/site-packages/airflow/example_dags/example_bash_operator.py
[2024-04-06T10:42:02.598+0000] {processor.py:830} INFO - Processing file /home/airflow/.local/lib/python3.8/site-packages/airflow/example_dags/example_bash_operator.py for tasks to queue
[2024-04-06T10:42:02.599+0000] {logging_mixin.py:188} INFO - [2024-04-06T10:42:02.599+0000] {dagbag.py:540} INFO - Filling up the DagBag from /home/airflow/.local/lib/python3.8/site-packages/airflow/example_dags/example_bash_operator.py
[2024-04-06T10:42:02.607+0000] {processor.py:840} INFO - DAG(s) 'example_bash_operator' retrieved from /home/airflow/.local/lib/python3.8/site-packages/airflow/example_dags/example_bash_operator.py
[2024-04-06T10:42:02.706+0000] {logging_mixin.py:188} INFO - [2024-04-06T10:42:02.706+0000] {override.py:1769} INFO - Created Permission View: can delete on DAG:example_bash_operator
[2024-04-06T10:42:02.715+0000] {logging_mixin.py:188} INFO - [2024-04-06T10:42:02.714+0000] {override.py:1769} INFO - Created Permission View: can read on DAG:example_bash_operator
[2024-04-06T10:42:02.721+0000] {logging_mixin.py:188} INFO - [2024-04-06T10:42:02.721+0000] {override.py:1769} INFO - Created Permission View: can edit on DAG:example_bash_operator
[2024-04-06T10:42:02.721+0000] {logging_mixin.py:188} INFO - [2024-04-06T10:42:02.721+0000] {dag.py:3047} INFO - Sync 1 DAGs
[2024-04-06T10:42:02.734+0000] {logging_mixin.py:188} INFO - [2024-04-06T10:42:02.733+0000] {dag.py:3069} INFO - Creating ORM DAG for example_bash_operator
[2024-04-06T10:42:02.747+0000] {logging_mixin.py:188} INFO - [2024-04-06T10:42:02.746+0000] {dag.py:3834} INFO - Setting next_dagrun for example_bash_operator to 2024-04-05 00:00:00+00:00, run_after=2024-04-06 00:00:00+00:00
[2024-04-06T10:42:02.764+0000] {processor.py:183} INFO - Processing /home/airflow/.local/lib/python3.8/site-packages/airflow/example_dags/example_bash_operator.py took 0.169 seconds
[2024-04-06T10:42:33.670+0000] {processor.py:161} INFO - Started process (PID=95) to work on /home/airflow/.local/lib/python3.8/site-packages/airflow/example_dags/example_bash_operator.py
[2024-04-06T10:42:33.671+0000] {processor.py:830} INFO - Processing file /home/airflow/.local/lib/python3.8/site-packages/airflow/example_dags/example_bash_operator.py for tasks to queue
[2024-04-06T10:42:33.672+0000] {logging_mixin.py:188} INFO - [2024-04-06T10:42:33.672+0000] {dagbag.py:540} INFO - Filling up the DagBag from /home/airflow/.local/lib/python3.8/site-packages/airflow/example_dags/example_bash_operator.py
[2024-04-06T10:42:33.681+0000] {processor.py:840} INFO - DAG(s) 'example_bash_operator' retrieved from /home/airflow/.local/lib/python3.8/site-packages/airflow/example_dags/example_bash_operator.py
[2024-04-06T10:42:33.699+0000] {logging_mixin.py:188} INFO - [2024-04-06T10:42:33.699+0000] {dag.py:3047} INFO - Sync 1 DAGs
[2024-04-06T10:42:33.715+0000] {logging_mixin.py:188} INFO - [2024-04-06T10:42:33.715+0000] {dag.py:3834} INFO - Setting next_dagrun for example_bash_operator to 2024-04-05 00:00:00+00:00, run_after=2024-04-06 00:00:00+00:00
[2024-04-06T10:42:33.731+0000] {processor.py:183} INFO - Processing /home/airflow/.local/lib/python3.8/site-packages/airflow/example_dags/example_bash_operator.py took 0.063 seconds
[2024-04-06T10:43:03.815+0000] {processor.py:161} INFO - Started process (PID=151) to work on /home/airflow/.local/lib/python3.8/site-packages/airflow/example_dags/example_bash_operator.py
[2024-04-06T10:43:03.816+0000] {processor.py:830} INFO - Processing file /home/airflow/.local/lib/python3.8/site-packages/airflow/example_dags/example_bash_operator.py for tasks to queue
[2024-04-06T10:43:03.817+0000] {logging_mixin.py:188} INFO - [2024-04-06T10:43:03.817+0000] {dagbag.py:540} INFO - Filling up the DagBag from /home/airflow/.local/lib/python3.8/site-packages/airflow/example_dags/example_bash_operator.py
[2024-04-06T10:43:03.824+0000] {processor.py:840} INFO - DAG(s) 'example_bash_operator' retrieved from /home/airflow/.local/lib/python3.8/site-packages/airflow/example_dags/example_bash_operator.py
[2024-04-06T10:43:03.843+0000] {logging_mixin.py:188} INFO - [2024-04-06T10:43:03.843+0000] {dag.py:3047} INFO - Sync 1 DAGs
[2024-04-06T10:43:03.858+0000] {logging_mixin.py:188} INFO - [2024-04-06T10:43:03.857+0000] {dag.py:3834} INFO - Setting next_dagrun for example_bash_operator to 2024-04-05 00:00:00+00:00, run_after=2024-04-06 00:00:00+00:00
[2024-04-06T10:43:03.870+0000] {processor.py:183} INFO - Processing /home/airflow/.local/lib/python3.8/site-packages/airflow/example_dags/example_bash_operator.py took 0.057 seconds
[2024-04-06T10:43:34.490+0000] {processor.py:161} INFO - Started process (PID=207) to work on /home/airflow/.local/lib/python3.8/site-packages/airflow/example_dags/example_bash_operator.py
[2024-04-06T10:43:34.491+0000] {processor.py:830} INFO - Processing file /home/airflow/.local/lib/python3.8/site-packages/airflow/example_dags/example_bash_operator.py for tasks to queue
[2024-04-06T10:43:34.492+0000] {logging_mixin.py:188} INFO - [2024-04-06T10:43:34.492+0000] {dagbag.py:540} INFO - Filling up the DagBag from /home/airflow/.local/lib/python3.8/site-packages/airflow/example_dags/example_bash_operator.py
[2024-04-06T10:43:34.499+0000] {processor.py:840} INFO - DAG(s) 'example_bash_operator' retrieved from /home/airflow/.local/lib/python3.8/site-packages/airflow/example_dags/example_bash_operator.py
[2024-04-06T10:43:34.518+0000] {logging_mixin.py:188} INFO - [2024-04-06T10:43:34.517+0000] {dag.py:3047} INFO - Sync 1 DAGs
[2024-04-06T10:43:34.532+0000] {logging_mixin.py:188} INFO - [2024-04-06T10:43:34.532+0000] {dag.py:3834} INFO - Setting next_dagrun for example_bash_operator to 2024-04-05 00:00:00+00:00, run_after=2024-04-06 00:00:00+00:00
[2024-04-06T10:43:34.544+0000] {processor.py:183} INFO - Processing /home/airflow/.local/lib/python3.8/site-packages/airflow/example_dags/example_bash_operator.py took 0.056 seconds
[2024-04-06T10:44:05.137+0000] {processor.py:161} INFO - Started process (PID=263) to work on /home/airflow/.local/lib/python3.8/site-packages/airflow/example_dags/example_bash_operator.py
[2024-04-06T10:44:05.137+0000] {processor.py:830} INFO - Processing file /home/airflow/.local/lib/python3.8/site-packages/airflow/example_dags/example_bash_operator.py for tasks to queue
[2024-04-06T10:44:05.139+0000] {logging_mixin.py:188} INFO - [2024-04-06T10:44:05.138+0000] {dagbag.py:540} INFO - Filling up the DagBag from /home/airflow/.local/lib/python3.8/site-packages/airflow/example_dags/example_bash_operator.py
[2024-04-06T10:44:05.147+0000] {processor.py:840} INFO - DAG(s) 'example_bash_operator' retrieved from /home/airflow/.local/lib/python3.8/site-packages/airflow/example_dags/example_bash_operator.py
[2024-04-06T10:44:05.166+0000] {logging_mixin.py:188} INFO - [2024-04-06T10:44:05.166+0000] {dag.py:3047} INFO - Sync 1 DAGs
[2024-04-06T10:44:05.181+0000] {logging_mixin.py:188} INFO - [2024-04-06T10:44:05.181+0000] {dag.py:3834} INFO - Setting next_dagrun for example_bash_operator to 2024-04-05 00:00:00+00:00, run_after=2024-04-06 00:00:00+00:00
[2024-04-06T10:44:05.193+0000] {processor.py:183} INFO - Processing /home/airflow/.local/lib/python3.8/site-packages/airflow/example_dags/example_bash_operator.py took 0.058 seconds
[2024-04-06T10:44:35.890+0000] {processor.py:161} INFO - Started process (PID=319) to work on /home/airflow/.local/lib/python3.8/site-packages/airflow/example_dags/example_bash_operator.py
[2024-04-06T10:44:35.891+0000] {processor.py:830} INFO - Processing file /home/airflow/.local/lib/python3.8/site-packages/airflow/example_dags/example_bash_operator.py for tasks to queue
[2024-04-06T10:44:35.893+0000] {logging_mixin.py:188} INFO - [2024-04-06T10:44:35.893+0000] {dagbag.py:540} INFO - Filling up the DagBag from /home/airflow/.local/lib/python3.8/site-packages/airflow/example_dags/example_bash_operator.py
[2024-04-06T10:44:35.901+0000] {processor.py:840} INFO - DAG(s) 'example_bash_operator' retrieved from /home/airflow/.local/lib/python3.8/site-packages/airflow/example_dags/example_bash_operator.py
[2024-04-06T10:44:35.918+0000] {logging_mixin.py:188} INFO - [2024-04-06T10:44:35.918+0000] {dag.py:3047} INFO - Sync 1 DAGs
[2024-04-06T10:44:35.932+0000] {logging_mixin.py:188} INFO - [2024-04-06T10:44:35.932+0000] {dag.py:3834} INFO - Setting next_dagrun for example_bash_operator to 2024-04-05 00:00:00+00:00, run_after=2024-04-06 00:00:00+00:00
[2024-04-06T10:44:35.944+0000] {processor.py:183} INFO - Processing /home/airflow/.local/lib/python3.8/site-packages/airflow/example_dags/example_bash_operator.py took 0.057 seconds
[2024-04-06T10:45:05.991+0000] {processor.py:161} INFO - Started process (PID=375) to work on /home/airflow/.local/lib/python3.8/site-packages/airflow/example_dags/example_bash_operator.py
[2024-04-06T10:45:05.992+0000] {processor.py:830} INFO - Processing file /home/airflow/.local/lib/python3.8/site-packages/airflow/example_dags/example_bash_operator.py for tasks to queue
[2024-04-06T10:45:05.993+0000] {logging_mixin.py:188} INFO - [2024-04-06T10:45:05.993+0000] {dagbag.py:540} INFO - Filling up the DagBag from /home/airflow/.local/lib/python3.8/site-packages/airflow/example_dags/example_bash_operator.py
[2024-04-06T10:45:06.002+0000] {processor.py:840} INFO - DAG(s) 'example_bash_operator' retrieved from /home/airflow/.local/lib/python3.8/site-packages/airflow/example_dags/example_bash_operator.py
[2024-04-06T10:45:06.023+0000] {logging_mixin.py:188} INFO - [2024-04-06T10:45:06.023+0000] {dag.py:3047} INFO - Sync 1 DAGs
[2024-04-06T10:45:06.040+0000] {logging_mixin.py:188} INFO - [2024-04-06T10:45:06.039+0000] {dag.py:3834} INFO - Setting next_dagrun for example_bash_operator to 2024-04-05 00:00:00+00:00, run_after=2024-04-06 00:00:00+00:00
[2024-04-06T10:45:06.061+0000] {processor.py:183} INFO - Processing /home/airflow/.local/lib/python3.8/site-packages/airflow/example_dags/example_bash_operator.py took 0.072 seconds
