[2024-04-06T09:36:48.369+0000] {processor.py:153} INFO - Started process (PID=71) to work on /home/airflow/.local/lib/python3.7/site-packages/airflow/example_dags/example_xcom.py
[2024-04-06T09:36:48.370+0000] {processor.py:743} INFO - Processing file /home/airflow/.local/lib/python3.7/site-packages/airflow/example_dags/example_xcom.py for tasks to queue
[2024-04-06T09:36:48.371+0000] {logging_mixin.py:137} INFO - [2024-04-06T09:36:48.371+0000] {dagbag.py:538} INFO - Filling up the DagBag from /home/airflow/.local/lib/python3.7/site-packages/airflow/example_dags/example_xcom.py
[2024-04-06T09:36:48.410+0000] {processor.py:753} INFO - DAG(s) dict_keys(['example_xcom']) retrieved from /home/airflow/.local/lib/python3.7/site-packages/airflow/example_dags/example_xcom.py
[2024-04-06T09:36:48.427+0000] {logging_mixin.py:137} INFO - [2024-04-06T09:36:48.427+0000] {dag.py:2690} INFO - Sync 1 DAGs
[2024-04-06T09:36:48.472+0000] {logging_mixin.py:137} INFO - [2024-04-06T09:36:48.471+0000] {dag.py:3441} INFO - Setting next_dagrun for example_xcom to 2021-01-01T00:00:00+00:00, run_after=2021-01-01T00:00:00+00:00
[2024-04-06T09:36:48.510+0000] {processor.py:175} INFO - Processing /home/airflow/.local/lib/python3.7/site-packages/airflow/example_dags/example_xcom.py took 0.146 seconds
[2024-04-06T09:37:19.334+0000] {processor.py:153} INFO - Started process (PID=143) to work on /home/airflow/.local/lib/python3.7/site-packages/airflow/example_dags/example_xcom.py
[2024-04-06T09:37:19.335+0000] {processor.py:743} INFO - Processing file /home/airflow/.local/lib/python3.7/site-packages/airflow/example_dags/example_xcom.py for tasks to queue
[2024-04-06T09:37:19.335+0000] {logging_mixin.py:137} INFO - [2024-04-06T09:37:19.335+0000] {dagbag.py:538} INFO - Filling up the DagBag from /home/airflow/.local/lib/python3.7/site-packages/airflow/example_dags/example_xcom.py
[2024-04-06T09:37:19.359+0000] {processor.py:753} INFO - DAG(s) dict_keys(['example_xcom']) retrieved from /home/airflow/.local/lib/python3.7/site-packages/airflow/example_dags/example_xcom.py
[2024-04-06T09:37:19.370+0000] {logging_mixin.py:137} INFO - [2024-04-06T09:37:19.370+0000] {dag.py:2690} INFO - Sync 1 DAGs
[2024-04-06T09:37:19.396+0000] {logging_mixin.py:137} INFO - [2024-04-06T09:37:19.396+0000] {dag.py:3441} INFO - Setting next_dagrun for example_xcom to 2021-01-01T00:00:00+00:00, run_after=2021-01-01T00:00:00+00:00
[2024-04-06T09:37:19.415+0000] {processor.py:175} INFO - Processing /home/airflow/.local/lib/python3.7/site-packages/airflow/example_dags/example_xcom.py took 0.084 seconds
[2024-04-06T09:37:50.063+0000] {processor.py:153} INFO - Started process (PID=215) to work on /home/airflow/.local/lib/python3.7/site-packages/airflow/example_dags/example_xcom.py
[2024-04-06T09:37:50.063+0000] {processor.py:743} INFO - Processing file /home/airflow/.local/lib/python3.7/site-packages/airflow/example_dags/example_xcom.py for tasks to queue
[2024-04-06T09:37:50.064+0000] {logging_mixin.py:137} INFO - [2024-04-06T09:37:50.064+0000] {dagbag.py:538} INFO - Filling up the DagBag from /home/airflow/.local/lib/python3.7/site-packages/airflow/example_dags/example_xcom.py
[2024-04-06T09:37:50.088+0000] {processor.py:753} INFO - DAG(s) dict_keys(['example_xcom']) retrieved from /home/airflow/.local/lib/python3.7/site-packages/airflow/example_dags/example_xcom.py
[2024-04-06T09:37:50.115+0000] {logging_mixin.py:137} INFO - [2024-04-06T09:37:50.115+0000] {dag.py:2690} INFO - Sync 1 DAGs
[2024-04-06T09:37:50.140+0000] {logging_mixin.py:137} INFO - [2024-04-06T09:37:50.140+0000] {dag.py:3441} INFO - Setting next_dagrun for example_xcom to 2021-01-01T00:00:00+00:00, run_after=2021-01-01T00:00:00+00:00
[2024-04-06T09:37:50.160+0000] {processor.py:175} INFO - Processing /home/airflow/.local/lib/python3.7/site-packages/airflow/example_dags/example_xcom.py took 0.101 seconds
[2024-04-06T09:38:20.773+0000] {processor.py:153} INFO - Started process (PID=303) to work on /home/airflow/.local/lib/python3.7/site-packages/airflow/example_dags/example_xcom.py
[2024-04-06T09:38:20.774+0000] {processor.py:743} INFO - Processing file /home/airflow/.local/lib/python3.7/site-packages/airflow/example_dags/example_xcom.py for tasks to queue
[2024-04-06T09:38:20.774+0000] {logging_mixin.py:137} INFO - [2024-04-06T09:38:20.774+0000] {dagbag.py:538} INFO - Filling up the DagBag from /home/airflow/.local/lib/python3.7/site-packages/airflow/example_dags/example_xcom.py
[2024-04-06T09:38:20.800+0000] {processor.py:753} INFO - DAG(s) dict_keys(['example_xcom']) retrieved from /home/airflow/.local/lib/python3.7/site-packages/airflow/example_dags/example_xcom.py
[2024-04-06T09:38:20.825+0000] {logging_mixin.py:137} INFO - [2024-04-06T09:38:20.825+0000] {dag.py:2690} INFO - Sync 1 DAGs
[2024-04-06T09:38:20.851+0000] {logging_mixin.py:137} INFO - [2024-04-06T09:38:20.851+0000] {dag.py:3441} INFO - Setting next_dagrun for example_xcom to 2021-01-01T00:00:00+00:00, run_after=2021-01-01T00:00:00+00:00
[2024-04-06T09:38:20.870+0000] {processor.py:175} INFO - Processing /home/airflow/.local/lib/python3.7/site-packages/airflow/example_dags/example_xcom.py took 0.100 seconds
[2024-04-06T09:38:51.074+0000] {processor.py:153} INFO - Started process (PID=374) to work on /home/airflow/.local/lib/python3.7/site-packages/airflow/example_dags/example_xcom.py
[2024-04-06T09:38:51.075+0000] {processor.py:743} INFO - Processing file /home/airflow/.local/lib/python3.7/site-packages/airflow/example_dags/example_xcom.py for tasks to queue
[2024-04-06T09:38:51.075+0000] {logging_mixin.py:137} INFO - [2024-04-06T09:38:51.075+0000] {dagbag.py:538} INFO - Filling up the DagBag from /home/airflow/.local/lib/python3.7/site-packages/airflow/example_dags/example_xcom.py
[2024-04-06T09:38:51.093+0000] {processor.py:753} INFO - DAG(s) dict_keys(['example_xcom']) retrieved from /home/airflow/.local/lib/python3.7/site-packages/airflow/example_dags/example_xcom.py
[2024-04-06T09:38:51.114+0000] {logging_mixin.py:137} INFO - [2024-04-06T09:38:51.114+0000] {dag.py:2690} INFO - Sync 1 DAGs
[2024-04-06T09:38:51.136+0000] {logging_mixin.py:137} INFO - [2024-04-06T09:38:51.135+0000] {dag.py:3441} INFO - Setting next_dagrun for example_xcom to 2021-01-01T00:00:00+00:00, run_after=2021-01-01T00:00:00+00:00
[2024-04-06T09:38:51.153+0000] {processor.py:175} INFO - Processing /home/airflow/.local/lib/python3.7/site-packages/airflow/example_dags/example_xcom.py took 0.081 seconds
[2024-04-06T09:39:21.292+0000] {processor.py:153} INFO - Started process (PID=463) to work on /home/airflow/.local/lib/python3.7/site-packages/airflow/example_dags/example_xcom.py
[2024-04-06T09:39:21.293+0000] {processor.py:743} INFO - Processing file /home/airflow/.local/lib/python3.7/site-packages/airflow/example_dags/example_xcom.py for tasks to queue
[2024-04-06T09:39:21.294+0000] {logging_mixin.py:137} INFO - [2024-04-06T09:39:21.294+0000] {dagbag.py:538} INFO - Filling up the DagBag from /home/airflow/.local/lib/python3.7/site-packages/airflow/example_dags/example_xcom.py
[2024-04-06T09:39:21.313+0000] {processor.py:753} INFO - DAG(s) dict_keys(['example_xcom']) retrieved from /home/airflow/.local/lib/python3.7/site-packages/airflow/example_dags/example_xcom.py
[2024-04-06T09:39:21.335+0000] {logging_mixin.py:137} INFO - [2024-04-06T09:39:21.334+0000] {dag.py:2690} INFO - Sync 1 DAGs
[2024-04-06T09:39:21.358+0000] {logging_mixin.py:137} INFO - [2024-04-06T09:39:21.357+0000] {dag.py:3441} INFO - Setting next_dagrun for example_xcom to 2021-01-01T00:00:00+00:00, run_after=2021-01-01T00:00:00+00:00
[2024-04-06T09:39:21.374+0000] {processor.py:175} INFO - Processing /home/airflow/.local/lib/python3.7/site-packages/airflow/example_dags/example_xcom.py took 0.085 seconds
[2024-04-06T09:39:51.472+0000] {processor.py:153} INFO - Started process (PID=534) to work on /home/airflow/.local/lib/python3.7/site-packages/airflow/example_dags/example_xcom.py
[2024-04-06T09:39:51.472+0000] {processor.py:743} INFO - Processing file /home/airflow/.local/lib/python3.7/site-packages/airflow/example_dags/example_xcom.py for tasks to queue
[2024-04-06T09:39:51.473+0000] {logging_mixin.py:137} INFO - [2024-04-06T09:39:51.473+0000] {dagbag.py:538} INFO - Filling up the DagBag from /home/airflow/.local/lib/python3.7/site-packages/airflow/example_dags/example_xcom.py
[2024-04-06T09:39:51.493+0000] {processor.py:753} INFO - DAG(s) dict_keys(['example_xcom']) retrieved from /home/airflow/.local/lib/python3.7/site-packages/airflow/example_dags/example_xcom.py
[2024-04-06T09:39:51.516+0000] {logging_mixin.py:137} INFO - [2024-04-06T09:39:51.516+0000] {dag.py:2690} INFO - Sync 1 DAGs
[2024-04-06T09:39:51.539+0000] {logging_mixin.py:137} INFO - [2024-04-06T09:39:51.539+0000] {dag.py:3441} INFO - Setting next_dagrun for example_xcom to 2021-01-01T00:00:00+00:00, run_after=2021-01-01T00:00:00+00:00
[2024-04-06T09:39:51.556+0000] {processor.py:175} INFO - Processing /home/airflow/.local/lib/python3.7/site-packages/airflow/example_dags/example_xcom.py took 0.087 seconds
[2024-04-06T09:40:21.957+0000] {processor.py:153} INFO - Started process (PID=622) to work on /home/airflow/.local/lib/python3.7/site-packages/airflow/example_dags/example_xcom.py
[2024-04-06T09:40:21.957+0000] {processor.py:743} INFO - Processing file /home/airflow/.local/lib/python3.7/site-packages/airflow/example_dags/example_xcom.py for tasks to queue
[2024-04-06T09:40:21.958+0000] {logging_mixin.py:137} INFO - [2024-04-06T09:40:21.958+0000] {dagbag.py:538} INFO - Filling up the DagBag from /home/airflow/.local/lib/python3.7/site-packages/airflow/example_dags/example_xcom.py
[2024-04-06T09:40:21.979+0000] {processor.py:753} INFO - DAG(s) dict_keys(['example_xcom']) retrieved from /home/airflow/.local/lib/python3.7/site-packages/airflow/example_dags/example_xcom.py
[2024-04-06T09:40:22.001+0000] {logging_mixin.py:137} INFO - [2024-04-06T09:40:22.000+0000] {dag.py:2690} INFO - Sync 1 DAGs
[2024-04-06T09:40:22.024+0000] {logging_mixin.py:137} INFO - [2024-04-06T09:40:22.024+0000] {dag.py:3441} INFO - Setting next_dagrun for example_xcom to 2021-01-01T00:00:00+00:00, run_after=2021-01-01T00:00:00+00:00
[2024-04-06T09:40:22.039+0000] {processor.py:175} INFO - Processing /home/airflow/.local/lib/python3.7/site-packages/airflow/example_dags/example_xcom.py took 0.085 seconds
[2024-04-06T09:40:52.197+0000] {processor.py:153} INFO - Started process (PID=694) to work on /home/airflow/.local/lib/python3.7/site-packages/airflow/example_dags/example_xcom.py
[2024-04-06T09:40:52.198+0000] {processor.py:743} INFO - Processing file /home/airflow/.local/lib/python3.7/site-packages/airflow/example_dags/example_xcom.py for tasks to queue
[2024-04-06T09:40:52.199+0000] {logging_mixin.py:137} INFO - [2024-04-06T09:40:52.198+0000] {dagbag.py:538} INFO - Filling up the DagBag from /home/airflow/.local/lib/python3.7/site-packages/airflow/example_dags/example_xcom.py
[2024-04-06T09:40:52.218+0000] {processor.py:753} INFO - DAG(s) dict_keys(['example_xcom']) retrieved from /home/airflow/.local/lib/python3.7/site-packages/airflow/example_dags/example_xcom.py
[2024-04-06T09:40:52.239+0000] {logging_mixin.py:137} INFO - [2024-04-06T09:40:52.239+0000] {dag.py:2690} INFO - Sync 1 DAGs
[2024-04-06T09:40:52.261+0000] {logging_mixin.py:137} INFO - [2024-04-06T09:40:52.261+0000] {dag.py:3441} INFO - Setting next_dagrun for example_xcom to 2021-01-01T00:00:00+00:00, run_after=2021-01-01T00:00:00+00:00
[2024-04-06T09:40:52.276+0000] {processor.py:175} INFO - Processing /home/airflow/.local/lib/python3.7/site-packages/airflow/example_dags/example_xcom.py took 0.081 seconds
[2024-04-06T09:41:22.688+0000] {processor.py:153} INFO - Started process (PID=782) to work on /home/airflow/.local/lib/python3.7/site-packages/airflow/example_dags/example_xcom.py
[2024-04-06T09:41:22.688+0000] {processor.py:743} INFO - Processing file /home/airflow/.local/lib/python3.7/site-packages/airflow/example_dags/example_xcom.py for tasks to queue
[2024-04-06T09:41:22.689+0000] {logging_mixin.py:137} INFO - [2024-04-06T09:41:22.689+0000] {dagbag.py:538} INFO - Filling up the DagBag from /home/airflow/.local/lib/python3.7/site-packages/airflow/example_dags/example_xcom.py
[2024-04-06T09:41:22.707+0000] {processor.py:753} INFO - DAG(s) dict_keys(['example_xcom']) retrieved from /home/airflow/.local/lib/python3.7/site-packages/airflow/example_dags/example_xcom.py
[2024-04-06T09:41:22.728+0000] {logging_mixin.py:137} INFO - [2024-04-06T09:41:22.728+0000] {dag.py:2690} INFO - Sync 1 DAGs
[2024-04-06T09:41:22.749+0000] {logging_mixin.py:137} INFO - [2024-04-06T09:41:22.749+0000] {dag.py:3441} INFO - Setting next_dagrun for example_xcom to 2021-01-01T00:00:00+00:00, run_after=2021-01-01T00:00:00+00:00
[2024-04-06T09:41:22.765+0000] {processor.py:175} INFO - Processing /home/airflow/.local/lib/python3.7/site-packages/airflow/example_dags/example_xcom.py took 0.079 seconds
[2024-04-06T09:41:52.927+0000] {processor.py:153} INFO - Started process (PID=854) to work on /home/airflow/.local/lib/python3.7/site-packages/airflow/example_dags/example_xcom.py
[2024-04-06T09:41:52.928+0000] {processor.py:743} INFO - Processing file /home/airflow/.local/lib/python3.7/site-packages/airflow/example_dags/example_xcom.py for tasks to queue
[2024-04-06T09:41:52.929+0000] {logging_mixin.py:137} INFO - [2024-04-06T09:41:52.929+0000] {dagbag.py:538} INFO - Filling up the DagBag from /home/airflow/.local/lib/python3.7/site-packages/airflow/example_dags/example_xcom.py
[2024-04-06T09:41:52.949+0000] {processor.py:753} INFO - DAG(s) dict_keys(['example_xcom']) retrieved from /home/airflow/.local/lib/python3.7/site-packages/airflow/example_dags/example_xcom.py
[2024-04-06T09:41:52.972+0000] {logging_mixin.py:137} INFO - [2024-04-06T09:41:52.972+0000] {dag.py:2690} INFO - Sync 1 DAGs
[2024-04-06T09:41:53.001+0000] {logging_mixin.py:137} INFO - [2024-04-06T09:41:53.001+0000] {dag.py:3441} INFO - Setting next_dagrun for example_xcom to 2021-01-01T00:00:00+00:00, run_after=2021-01-01T00:00:00+00:00
[2024-04-06T09:41:53.021+0000] {processor.py:175} INFO - Processing /home/airflow/.local/lib/python3.7/site-packages/airflow/example_dags/example_xcom.py took 0.096 seconds
[2024-04-06T09:42:23.654+0000] {processor.py:153} INFO - Started process (PID=942) to work on /home/airflow/.local/lib/python3.7/site-packages/airflow/example_dags/example_xcom.py
[2024-04-06T09:42:23.655+0000] {processor.py:743} INFO - Processing file /home/airflow/.local/lib/python3.7/site-packages/airflow/example_dags/example_xcom.py for tasks to queue
[2024-04-06T09:42:23.656+0000] {logging_mixin.py:137} INFO - [2024-04-06T09:42:23.656+0000] {dagbag.py:538} INFO - Filling up the DagBag from /home/airflow/.local/lib/python3.7/site-packages/airflow/example_dags/example_xcom.py
[2024-04-06T09:42:23.676+0000] {processor.py:753} INFO - DAG(s) dict_keys(['example_xcom']) retrieved from /home/airflow/.local/lib/python3.7/site-packages/airflow/example_dags/example_xcom.py
[2024-04-06T09:42:23.697+0000] {logging_mixin.py:137} INFO - [2024-04-06T09:42:23.697+0000] {dag.py:2690} INFO - Sync 1 DAGs
[2024-04-06T09:42:23.720+0000] {logging_mixin.py:137} INFO - [2024-04-06T09:42:23.720+0000] {dag.py:3441} INFO - Setting next_dagrun for example_xcom to 2021-01-01T00:00:00+00:00, run_after=2021-01-01T00:00:00+00:00
[2024-04-06T09:42:23.743+0000] {processor.py:175} INFO - Processing /home/airflow/.local/lib/python3.7/site-packages/airflow/example_dags/example_xcom.py took 0.091 seconds
[2024-04-06T09:42:53.942+0000] {processor.py:153} INFO - Started process (PID=1014) to work on /home/airflow/.local/lib/python3.7/site-packages/airflow/example_dags/example_xcom.py
[2024-04-06T09:42:53.943+0000] {processor.py:743} INFO - Processing file /home/airflow/.local/lib/python3.7/site-packages/airflow/example_dags/example_xcom.py for tasks to queue
[2024-04-06T09:42:53.943+0000] {logging_mixin.py:137} INFO - [2024-04-06T09:42:53.943+0000] {dagbag.py:538} INFO - Filling up the DagBag from /home/airflow/.local/lib/python3.7/site-packages/airflow/example_dags/example_xcom.py
[2024-04-06T09:42:53.962+0000] {processor.py:753} INFO - DAG(s) dict_keys(['example_xcom']) retrieved from /home/airflow/.local/lib/python3.7/site-packages/airflow/example_dags/example_xcom.py
[2024-04-06T09:42:53.983+0000] {logging_mixin.py:137} INFO - [2024-04-06T09:42:53.983+0000] {dag.py:2690} INFO - Sync 1 DAGs
[2024-04-06T09:42:54.004+0000] {logging_mixin.py:137} INFO - [2024-04-06T09:42:54.004+0000] {dag.py:3441} INFO - Setting next_dagrun for example_xcom to 2021-01-01T00:00:00+00:00, run_after=2021-01-01T00:00:00+00:00
[2024-04-06T09:42:54.026+0000] {processor.py:175} INFO - Processing /home/airflow/.local/lib/python3.7/site-packages/airflow/example_dags/example_xcom.py took 0.087 seconds
[2024-04-06T09:43:24.639+0000] {processor.py:153} INFO - Started process (PID=1101) to work on /home/airflow/.local/lib/python3.7/site-packages/airflow/example_dags/example_xcom.py
[2024-04-06T09:43:24.640+0000] {processor.py:743} INFO - Processing file /home/airflow/.local/lib/python3.7/site-packages/airflow/example_dags/example_xcom.py for tasks to queue
[2024-04-06T09:43:24.641+0000] {logging_mixin.py:137} INFO - [2024-04-06T09:43:24.641+0000] {dagbag.py:538} INFO - Filling up the DagBag from /home/airflow/.local/lib/python3.7/site-packages/airflow/example_dags/example_xcom.py
[2024-04-06T09:43:24.659+0000] {processor.py:753} INFO - DAG(s) dict_keys(['example_xcom']) retrieved from /home/airflow/.local/lib/python3.7/site-packages/airflow/example_dags/example_xcom.py
[2024-04-06T09:43:24.682+0000] {logging_mixin.py:137} INFO - [2024-04-06T09:43:24.682+0000] {dag.py:2690} INFO - Sync 1 DAGs
[2024-04-06T09:43:24.703+0000] {logging_mixin.py:137} INFO - [2024-04-06T09:43:24.703+0000] {dag.py:3441} INFO - Setting next_dagrun for example_xcom to 2021-01-01T00:00:00+00:00, run_after=2021-01-01T00:00:00+00:00
[2024-04-06T09:43:24.723+0000] {processor.py:175} INFO - Processing /home/airflow/.local/lib/python3.7/site-packages/airflow/example_dags/example_xcom.py took 0.086 seconds
[2024-04-06T09:43:54.799+0000] {processor.py:153} INFO - Started process (PID=1173) to work on /home/airflow/.local/lib/python3.7/site-packages/airflow/example_dags/example_xcom.py
[2024-04-06T09:43:54.799+0000] {processor.py:743} INFO - Processing file /home/airflow/.local/lib/python3.7/site-packages/airflow/example_dags/example_xcom.py for tasks to queue
[2024-04-06T09:43:54.800+0000] {logging_mixin.py:137} INFO - [2024-04-06T09:43:54.800+0000] {dagbag.py:538} INFO - Filling up the DagBag from /home/airflow/.local/lib/python3.7/site-packages/airflow/example_dags/example_xcom.py
[2024-04-06T09:43:54.818+0000] {processor.py:753} INFO - DAG(s) dict_keys(['example_xcom']) retrieved from /home/airflow/.local/lib/python3.7/site-packages/airflow/example_dags/example_xcom.py
[2024-04-06T09:43:54.840+0000] {logging_mixin.py:137} INFO - [2024-04-06T09:43:54.840+0000] {dag.py:2690} INFO - Sync 1 DAGs
[2024-04-06T09:43:54.861+0000] {logging_mixin.py:137} INFO - [2024-04-06T09:43:54.861+0000] {dag.py:3441} INFO - Setting next_dagrun for example_xcom to 2021-01-01T00:00:00+00:00, run_after=2021-01-01T00:00:00+00:00
[2024-04-06T09:43:54.877+0000] {processor.py:175} INFO - Processing /home/airflow/.local/lib/python3.7/site-packages/airflow/example_dags/example_xcom.py took 0.080 seconds
[2024-04-06T09:44:25.394+0000] {processor.py:153} INFO - Started process (PID=1261) to work on /home/airflow/.local/lib/python3.7/site-packages/airflow/example_dags/example_xcom.py
[2024-04-06T09:44:25.395+0000] {processor.py:743} INFO - Processing file /home/airflow/.local/lib/python3.7/site-packages/airflow/example_dags/example_xcom.py for tasks to queue
[2024-04-06T09:44:25.396+0000] {logging_mixin.py:137} INFO - [2024-04-06T09:44:25.396+0000] {dagbag.py:538} INFO - Filling up the DagBag from /home/airflow/.local/lib/python3.7/site-packages/airflow/example_dags/example_xcom.py
[2024-04-06T09:44:25.422+0000] {processor.py:753} INFO - DAG(s) dict_keys(['example_xcom']) retrieved from /home/airflow/.local/lib/python3.7/site-packages/airflow/example_dags/example_xcom.py
[2024-04-06T09:44:25.455+0000] {logging_mixin.py:137} INFO - [2024-04-06T09:44:25.455+0000] {dag.py:2690} INFO - Sync 1 DAGs
[2024-04-06T09:44:25.498+0000] {logging_mixin.py:137} INFO - [2024-04-06T09:44:25.498+0000] {dag.py:3441} INFO - Setting next_dagrun for example_xcom to 2021-01-01T00:00:00+00:00, run_after=2021-01-01T00:00:00+00:00
[2024-04-06T09:44:25.516+0000] {processor.py:175} INFO - Processing /home/airflow/.local/lib/python3.7/site-packages/airflow/example_dags/example_xcom.py took 0.124 seconds
[2024-04-06T09:44:55.793+0000] {processor.py:153} INFO - Started process (PID=1333) to work on /home/airflow/.local/lib/python3.7/site-packages/airflow/example_dags/example_xcom.py
[2024-04-06T09:44:55.794+0000] {processor.py:743} INFO - Processing file /home/airflow/.local/lib/python3.7/site-packages/airflow/example_dags/example_xcom.py for tasks to queue
[2024-04-06T09:44:55.795+0000] {logging_mixin.py:137} INFO - [2024-04-06T09:44:55.794+0000] {dagbag.py:538} INFO - Filling up the DagBag from /home/airflow/.local/lib/python3.7/site-packages/airflow/example_dags/example_xcom.py
[2024-04-06T09:44:55.813+0000] {processor.py:753} INFO - DAG(s) dict_keys(['example_xcom']) retrieved from /home/airflow/.local/lib/python3.7/site-packages/airflow/example_dags/example_xcom.py
[2024-04-06T09:44:55.833+0000] {logging_mixin.py:137} INFO - [2024-04-06T09:44:55.833+0000] {dag.py:2690} INFO - Sync 1 DAGs
[2024-04-06T09:44:55.854+0000] {logging_mixin.py:137} INFO - [2024-04-06T09:44:55.854+0000] {dag.py:3441} INFO - Setting next_dagrun for example_xcom to 2021-01-01T00:00:00+00:00, run_after=2021-01-01T00:00:00+00:00
[2024-04-06T09:44:55.870+0000] {processor.py:175} INFO - Processing /home/airflow/.local/lib/python3.7/site-packages/airflow/example_dags/example_xcom.py took 0.079 seconds
[2024-04-06T09:45:26.181+0000] {processor.py:153} INFO - Started process (PID=1421) to work on /home/airflow/.local/lib/python3.7/site-packages/airflow/example_dags/example_xcom.py
[2024-04-06T09:45:26.181+0000] {processor.py:743} INFO - Processing file /home/airflow/.local/lib/python3.7/site-packages/airflow/example_dags/example_xcom.py for tasks to queue
[2024-04-06T09:45:26.182+0000] {logging_mixin.py:137} INFO - [2024-04-06T09:45:26.182+0000] {dagbag.py:538} INFO - Filling up the DagBag from /home/airflow/.local/lib/python3.7/site-packages/airflow/example_dags/example_xcom.py
[2024-04-06T09:45:26.202+0000] {processor.py:753} INFO - DAG(s) dict_keys(['example_xcom']) retrieved from /home/airflow/.local/lib/python3.7/site-packages/airflow/example_dags/example_xcom.py
[2024-04-06T09:45:26.224+0000] {logging_mixin.py:137} INFO - [2024-04-06T09:45:26.224+0000] {dag.py:2690} INFO - Sync 1 DAGs
[2024-04-06T09:45:26.246+0000] {logging_mixin.py:137} INFO - [2024-04-06T09:45:26.246+0000] {dag.py:3441} INFO - Setting next_dagrun for example_xcom to 2021-01-01T00:00:00+00:00, run_after=2021-01-01T00:00:00+00:00
[2024-04-06T09:45:26.264+0000] {processor.py:175} INFO - Processing /home/airflow/.local/lib/python3.7/site-packages/airflow/example_dags/example_xcom.py took 0.086 seconds
[2024-04-06T09:45:56.485+0000] {processor.py:153} INFO - Started process (PID=1493) to work on /home/airflow/.local/lib/python3.7/site-packages/airflow/example_dags/example_xcom.py
[2024-04-06T09:45:56.486+0000] {processor.py:743} INFO - Processing file /home/airflow/.local/lib/python3.7/site-packages/airflow/example_dags/example_xcom.py for tasks to queue
[2024-04-06T09:45:56.487+0000] {logging_mixin.py:137} INFO - [2024-04-06T09:45:56.487+0000] {dagbag.py:538} INFO - Filling up the DagBag from /home/airflow/.local/lib/python3.7/site-packages/airflow/example_dags/example_xcom.py
[2024-04-06T09:45:56.513+0000] {processor.py:753} INFO - DAG(s) dict_keys(['example_xcom']) retrieved from /home/airflow/.local/lib/python3.7/site-packages/airflow/example_dags/example_xcom.py
[2024-04-06T09:45:56.538+0000] {logging_mixin.py:137} INFO - [2024-04-06T09:45:56.538+0000] {dag.py:2690} INFO - Sync 1 DAGs
[2024-04-06T09:45:56.563+0000] {logging_mixin.py:137} INFO - [2024-04-06T09:45:56.563+0000] {dag.py:3441} INFO - Setting next_dagrun for example_xcom to 2021-01-01T00:00:00+00:00, run_after=2021-01-01T00:00:00+00:00
[2024-04-06T09:45:56.584+0000] {processor.py:175} INFO - Processing /home/airflow/.local/lib/python3.7/site-packages/airflow/example_dags/example_xcom.py took 0.102 seconds
[2024-04-06T09:46:26.963+0000] {processor.py:153} INFO - Started process (PID=1580) to work on /home/airflow/.local/lib/python3.7/site-packages/airflow/example_dags/example_xcom.py
[2024-04-06T09:46:26.964+0000] {processor.py:743} INFO - Processing file /home/airflow/.local/lib/python3.7/site-packages/airflow/example_dags/example_xcom.py for tasks to queue
[2024-04-06T09:46:26.965+0000] {logging_mixin.py:137} INFO - [2024-04-06T09:46:26.965+0000] {dagbag.py:538} INFO - Filling up the DagBag from /home/airflow/.local/lib/python3.7/site-packages/airflow/example_dags/example_xcom.py
[2024-04-06T09:46:26.986+0000] {processor.py:753} INFO - DAG(s) dict_keys(['example_xcom']) retrieved from /home/airflow/.local/lib/python3.7/site-packages/airflow/example_dags/example_xcom.py
[2024-04-06T09:46:27.012+0000] {logging_mixin.py:137} INFO - [2024-04-06T09:46:27.012+0000] {dag.py:2690} INFO - Sync 1 DAGs
[2024-04-06T09:46:27.038+0000] {logging_mixin.py:137} INFO - [2024-04-06T09:46:27.037+0000] {dag.py:3441} INFO - Setting next_dagrun for example_xcom to 2021-01-01T00:00:00+00:00, run_after=2021-01-01T00:00:00+00:00
[2024-04-06T09:46:27.057+0000] {processor.py:175} INFO - Processing /home/airflow/.local/lib/python3.7/site-packages/airflow/example_dags/example_xcom.py took 0.096 seconds
[2024-04-06T09:46:57.387+0000] {processor.py:153} INFO - Started process (PID=1652) to work on /home/airflow/.local/lib/python3.7/site-packages/airflow/example_dags/example_xcom.py
[2024-04-06T09:46:57.387+0000] {processor.py:743} INFO - Processing file /home/airflow/.local/lib/python3.7/site-packages/airflow/example_dags/example_xcom.py for tasks to queue
[2024-04-06T09:46:57.388+0000] {logging_mixin.py:137} INFO - [2024-04-06T09:46:57.388+0000] {dagbag.py:538} INFO - Filling up the DagBag from /home/airflow/.local/lib/python3.7/site-packages/airflow/example_dags/example_xcom.py
[2024-04-06T09:46:57.407+0000] {processor.py:753} INFO - DAG(s) dict_keys(['example_xcom']) retrieved from /home/airflow/.local/lib/python3.7/site-packages/airflow/example_dags/example_xcom.py
[2024-04-06T09:46:57.436+0000] {logging_mixin.py:137} INFO - [2024-04-06T09:46:57.435+0000] {dag.py:2690} INFO - Sync 1 DAGs
[2024-04-06T09:46:57.459+0000] {logging_mixin.py:137} INFO - [2024-04-06T09:46:57.459+0000] {dag.py:3441} INFO - Setting next_dagrun for example_xcom to 2021-01-01T00:00:00+00:00, run_after=2021-01-01T00:00:00+00:00
[2024-04-06T09:46:57.476+0000] {processor.py:175} INFO - Processing /home/airflow/.local/lib/python3.7/site-packages/airflow/example_dags/example_xcom.py took 0.091 seconds
[2024-04-06T09:47:27.920+0000] {processor.py:153} INFO - Started process (PID=1740) to work on /home/airflow/.local/lib/python3.7/site-packages/airflow/example_dags/example_xcom.py
[2024-04-06T09:47:27.920+0000] {processor.py:743} INFO - Processing file /home/airflow/.local/lib/python3.7/site-packages/airflow/example_dags/example_xcom.py for tasks to queue
[2024-04-06T09:47:27.921+0000] {logging_mixin.py:137} INFO - [2024-04-06T09:47:27.921+0000] {dagbag.py:538} INFO - Filling up the DagBag from /home/airflow/.local/lib/python3.7/site-packages/airflow/example_dags/example_xcom.py
[2024-04-06T09:47:27.942+0000] {processor.py:753} INFO - DAG(s) dict_keys(['example_xcom']) retrieved from /home/airflow/.local/lib/python3.7/site-packages/airflow/example_dags/example_xcom.py
[2024-04-06T09:47:27.965+0000] {logging_mixin.py:137} INFO - [2024-04-06T09:47:27.964+0000] {dag.py:2690} INFO - Sync 1 DAGs
[2024-04-06T09:47:27.987+0000] {logging_mixin.py:137} INFO - [2024-04-06T09:47:27.987+0000] {dag.py:3441} INFO - Setting next_dagrun for example_xcom to 2021-01-01T00:00:00+00:00, run_after=2021-01-01T00:00:00+00:00
[2024-04-06T09:47:28.004+0000] {processor.py:175} INFO - Processing /home/airflow/.local/lib/python3.7/site-packages/airflow/example_dags/example_xcom.py took 0.087 seconds
[2024-04-06T09:47:58.082+0000] {processor.py:153} INFO - Started process (PID=1812) to work on /home/airflow/.local/lib/python3.7/site-packages/airflow/example_dags/example_xcom.py
[2024-04-06T09:47:58.082+0000] {processor.py:743} INFO - Processing file /home/airflow/.local/lib/python3.7/site-packages/airflow/example_dags/example_xcom.py for tasks to queue
[2024-04-06T09:47:58.083+0000] {logging_mixin.py:137} INFO - [2024-04-06T09:47:58.083+0000] {dagbag.py:538} INFO - Filling up the DagBag from /home/airflow/.local/lib/python3.7/site-packages/airflow/example_dags/example_xcom.py
[2024-04-06T09:47:58.101+0000] {processor.py:753} INFO - DAG(s) dict_keys(['example_xcom']) retrieved from /home/airflow/.local/lib/python3.7/site-packages/airflow/example_dags/example_xcom.py
[2024-04-06T09:47:58.122+0000] {logging_mixin.py:137} INFO - [2024-04-06T09:47:58.122+0000] {dag.py:2690} INFO - Sync 1 DAGs
[2024-04-06T09:47:58.149+0000] {logging_mixin.py:137} INFO - [2024-04-06T09:47:58.149+0000] {dag.py:3441} INFO - Setting next_dagrun for example_xcom to 2021-01-01T00:00:00+00:00, run_after=2021-01-01T00:00:00+00:00
[2024-04-06T09:47:58.167+0000] {processor.py:175} INFO - Processing /home/airflow/.local/lib/python3.7/site-packages/airflow/example_dags/example_xcom.py took 0.087 seconds
[2024-04-06T09:48:28.375+0000] {processor.py:153} INFO - Started process (PID=1900) to work on /home/airflow/.local/lib/python3.7/site-packages/airflow/example_dags/example_xcom.py
[2024-04-06T09:48:28.376+0000] {processor.py:743} INFO - Processing file /home/airflow/.local/lib/python3.7/site-packages/airflow/example_dags/example_xcom.py for tasks to queue
[2024-04-06T09:48:28.377+0000] {logging_mixin.py:137} INFO - [2024-04-06T09:48:28.377+0000] {dagbag.py:538} INFO - Filling up the DagBag from /home/airflow/.local/lib/python3.7/site-packages/airflow/example_dags/example_xcom.py
[2024-04-06T09:48:28.411+0000] {processor.py:753} INFO - DAG(s) dict_keys(['example_xcom']) retrieved from /home/airflow/.local/lib/python3.7/site-packages/airflow/example_dags/example_xcom.py
[2024-04-06T09:48:28.444+0000] {logging_mixin.py:137} INFO - [2024-04-06T09:48:28.444+0000] {dag.py:2690} INFO - Sync 1 DAGs
[2024-04-06T09:48:28.479+0000] {logging_mixin.py:137} INFO - [2024-04-06T09:48:28.479+0000] {dag.py:3441} INFO - Setting next_dagrun for example_xcom to 2021-01-01T00:00:00+00:00, run_after=2021-01-01T00:00:00+00:00
[2024-04-06T09:48:28.506+0000] {processor.py:175} INFO - Processing /home/airflow/.local/lib/python3.7/site-packages/airflow/example_dags/example_xcom.py took 0.135 seconds
[2024-04-06T09:48:58.971+0000] {processor.py:153} INFO - Started process (PID=1972) to work on /home/airflow/.local/lib/python3.7/site-packages/airflow/example_dags/example_xcom.py
[2024-04-06T09:48:58.972+0000] {processor.py:743} INFO - Processing file /home/airflow/.local/lib/python3.7/site-packages/airflow/example_dags/example_xcom.py for tasks to queue
[2024-04-06T09:48:58.973+0000] {logging_mixin.py:137} INFO - [2024-04-06T09:48:58.973+0000] {dagbag.py:538} INFO - Filling up the DagBag from /home/airflow/.local/lib/python3.7/site-packages/airflow/example_dags/example_xcom.py
[2024-04-06T09:48:59.001+0000] {processor.py:753} INFO - DAG(s) dict_keys(['example_xcom']) retrieved from /home/airflow/.local/lib/python3.7/site-packages/airflow/example_dags/example_xcom.py
[2024-04-06T09:48:59.026+0000] {logging_mixin.py:137} INFO - [2024-04-06T09:48:59.026+0000] {dag.py:2690} INFO - Sync 1 DAGs
[2024-04-06T09:48:59.054+0000] {logging_mixin.py:137} INFO - [2024-04-06T09:48:59.054+0000] {dag.py:3441} INFO - Setting next_dagrun for example_xcom to 2021-01-01T00:00:00+00:00, run_after=2021-01-01T00:00:00+00:00
[2024-04-06T09:48:59.076+0000] {processor.py:175} INFO - Processing /home/airflow/.local/lib/python3.7/site-packages/airflow/example_dags/example_xcom.py took 0.107 seconds
[2024-04-06T09:50:13.128+0000] {processor.py:153} INFO - Started process (PID=61) to work on /home/airflow/.local/lib/python3.7/site-packages/airflow/example_dags/example_xcom.py
[2024-04-06T09:50:13.129+0000] {processor.py:743} INFO - Processing file /home/airflow/.local/lib/python3.7/site-packages/airflow/example_dags/example_xcom.py for tasks to queue
[2024-04-06T09:50:13.130+0000] {logging_mixin.py:137} INFO - [2024-04-06T09:50:13.130+0000] {dagbag.py:538} INFO - Filling up the DagBag from /home/airflow/.local/lib/python3.7/site-packages/airflow/example_dags/example_xcom.py
[2024-04-06T09:50:13.167+0000] {processor.py:753} INFO - DAG(s) dict_keys(['example_xcom']) retrieved from /home/airflow/.local/lib/python3.7/site-packages/airflow/example_dags/example_xcom.py
[2024-04-06T09:50:13.205+0000] {logging_mixin.py:137} INFO - [2024-04-06T09:50:13.205+0000] {dag.py:2690} INFO - Sync 1 DAGs
[2024-04-06T09:50:13.250+0000] {logging_mixin.py:137} INFO - [2024-04-06T09:50:13.250+0000] {dag.py:3441} INFO - Setting next_dagrun for example_xcom to 2021-01-01T00:00:00+00:00, run_after=2021-01-01T00:00:00+00:00
[2024-04-06T09:50:13.288+0000] {processor.py:175} INFO - Processing /home/airflow/.local/lib/python3.7/site-packages/airflow/example_dags/example_xcom.py took 0.165 seconds
[2024-04-06T09:50:44.734+0000] {processor.py:153} INFO - Started process (PID=126) to work on /home/airflow/.local/lib/python3.7/site-packages/airflow/example_dags/example_xcom.py
[2024-04-06T09:50:44.740+0000] {processor.py:743} INFO - Processing file /home/airflow/.local/lib/python3.7/site-packages/airflow/example_dags/example_xcom.py for tasks to queue
[2024-04-06T09:50:44.741+0000] {logging_mixin.py:137} INFO - [2024-04-06T09:50:44.741+0000] {dagbag.py:538} INFO - Filling up the DagBag from /home/airflow/.local/lib/python3.7/site-packages/airflow/example_dags/example_xcom.py
[2024-04-06T09:50:44.772+0000] {processor.py:753} INFO - DAG(s) dict_keys(['example_xcom']) retrieved from /home/airflow/.local/lib/python3.7/site-packages/airflow/example_dags/example_xcom.py
[2024-04-06T09:50:44.815+0000] {logging_mixin.py:137} INFO - [2024-04-06T09:50:44.815+0000] {dag.py:2690} INFO - Sync 1 DAGs
[2024-04-06T09:50:44.849+0000] {logging_mixin.py:137} INFO - [2024-04-06T09:50:44.849+0000] {dag.py:3441} INFO - Setting next_dagrun for example_xcom to 2021-01-01T00:00:00+00:00, run_after=2021-01-01T00:00:00+00:00
[2024-04-06T09:50:44.877+0000] {processor.py:175} INFO - Processing /home/airflow/.local/lib/python3.7/site-packages/airflow/example_dags/example_xcom.py took 0.147 seconds
[2024-04-06T09:51:15.006+0000] {processor.py:153} INFO - Started process (PID=215) to work on /home/airflow/.local/lib/python3.7/site-packages/airflow/example_dags/example_xcom.py
[2024-04-06T09:51:15.006+0000] {processor.py:743} INFO - Processing file /home/airflow/.local/lib/python3.7/site-packages/airflow/example_dags/example_xcom.py for tasks to queue
[2024-04-06T09:51:15.007+0000] {logging_mixin.py:137} INFO - [2024-04-06T09:51:15.007+0000] {dagbag.py:538} INFO - Filling up the DagBag from /home/airflow/.local/lib/python3.7/site-packages/airflow/example_dags/example_xcom.py
[2024-04-06T09:51:15.027+0000] {processor.py:753} INFO - DAG(s) dict_keys(['example_xcom']) retrieved from /home/airflow/.local/lib/python3.7/site-packages/airflow/example_dags/example_xcom.py
[2024-04-06T09:51:15.054+0000] {logging_mixin.py:137} INFO - [2024-04-06T09:51:15.054+0000] {dag.py:2690} INFO - Sync 1 DAGs
[2024-04-06T09:51:15.082+0000] {logging_mixin.py:137} INFO - [2024-04-06T09:51:15.082+0000] {dag.py:3441} INFO - Setting next_dagrun for example_xcom to 2021-01-01T00:00:00+00:00, run_after=2021-01-01T00:00:00+00:00
[2024-04-06T09:51:15.106+0000] {processor.py:175} INFO - Processing /home/airflow/.local/lib/python3.7/site-packages/airflow/example_dags/example_xcom.py took 0.103 seconds
[2024-04-06T09:58:24.339+0000] {processor.py:153} INFO - Started process (PID=64) to work on /home/airflow/.local/lib/python3.7/site-packages/airflow/example_dags/example_xcom.py
[2024-04-06T09:58:24.340+0000] {processor.py:743} INFO - Processing file /home/airflow/.local/lib/python3.7/site-packages/airflow/example_dags/example_xcom.py for tasks to queue
[2024-04-06T09:58:24.342+0000] {logging_mixin.py:137} INFO - [2024-04-06T09:58:24.341+0000] {dagbag.py:538} INFO - Filling up the DagBag from /home/airflow/.local/lib/python3.7/site-packages/airflow/example_dags/example_xcom.py
[2024-04-06T09:58:24.381+0000] {processor.py:753} INFO - DAG(s) dict_keys(['example_xcom']) retrieved from /home/airflow/.local/lib/python3.7/site-packages/airflow/example_dags/example_xcom.py
[2024-04-06T09:58:24.395+0000] {logging_mixin.py:137} INFO - [2024-04-06T09:58:24.395+0000] {dag.py:2690} INFO - Sync 1 DAGs
[2024-04-06T09:58:24.425+0000] {logging_mixin.py:137} INFO - [2024-04-06T09:58:24.425+0000] {dag.py:3441} INFO - Setting next_dagrun for example_xcom to 2021-01-01T00:00:00+00:00, run_after=2021-01-01T00:00:00+00:00
[2024-04-06T09:58:24.453+0000] {processor.py:175} INFO - Processing /home/airflow/.local/lib/python3.7/site-packages/airflow/example_dags/example_xcom.py took 0.119 seconds
[2024-04-06T09:58:54.480+0000] {processor.py:153} INFO - Started process (PID=143) to work on /home/airflow/.local/lib/python3.7/site-packages/airflow/example_dags/example_xcom.py
[2024-04-06T09:58:54.481+0000] {processor.py:743} INFO - Processing file /home/airflow/.local/lib/python3.7/site-packages/airflow/example_dags/example_xcom.py for tasks to queue
[2024-04-06T09:58:54.482+0000] {logging_mixin.py:137} INFO - [2024-04-06T09:58:54.482+0000] {dagbag.py:538} INFO - Filling up the DagBag from /home/airflow/.local/lib/python3.7/site-packages/airflow/example_dags/example_xcom.py
[2024-04-06T09:58:54.505+0000] {processor.py:753} INFO - DAG(s) dict_keys(['example_xcom']) retrieved from /home/airflow/.local/lib/python3.7/site-packages/airflow/example_dags/example_xcom.py
[2024-04-06T09:58:54.518+0000] {logging_mixin.py:137} INFO - [2024-04-06T09:58:54.517+0000] {dag.py:2690} INFO - Sync 1 DAGs
[2024-04-06T09:58:54.545+0000] {logging_mixin.py:137} INFO - [2024-04-06T09:58:54.545+0000] {dag.py:3441} INFO - Setting next_dagrun for example_xcom to 2021-01-01T00:00:00+00:00, run_after=2021-01-01T00:00:00+00:00
[2024-04-06T09:58:54.564+0000] {processor.py:175} INFO - Processing /home/airflow/.local/lib/python3.7/site-packages/airflow/example_dags/example_xcom.py took 0.087 seconds
[2024-04-06T09:59:26.049+0000] {processor.py:153} INFO - Started process (PID=216) to work on /home/airflow/.local/lib/python3.7/site-packages/airflow/example_dags/example_xcom.py
[2024-04-06T09:59:26.051+0000] {processor.py:743} INFO - Processing file /home/airflow/.local/lib/python3.7/site-packages/airflow/example_dags/example_xcom.py for tasks to queue
[2024-04-06T09:59:26.052+0000] {logging_mixin.py:137} INFO - [2024-04-06T09:59:26.052+0000] {dagbag.py:538} INFO - Filling up the DagBag from /home/airflow/.local/lib/python3.7/site-packages/airflow/example_dags/example_xcom.py
[2024-04-06T09:59:26.074+0000] {processor.py:753} INFO - DAG(s) dict_keys(['example_xcom']) retrieved from /home/airflow/.local/lib/python3.7/site-packages/airflow/example_dags/example_xcom.py
[2024-04-06T09:59:26.097+0000] {logging_mixin.py:137} INFO - [2024-04-06T09:59:26.097+0000] {dag.py:2690} INFO - Sync 1 DAGs
[2024-04-06T09:59:26.119+0000] {logging_mixin.py:137} INFO - [2024-04-06T09:59:26.119+0000] {dag.py:3441} INFO - Setting next_dagrun for example_xcom to 2021-01-01T00:00:00+00:00, run_after=2021-01-01T00:00:00+00:00
[2024-04-06T09:59:26.136+0000] {processor.py:175} INFO - Processing /home/airflow/.local/lib/python3.7/site-packages/airflow/example_dags/example_xcom.py took 0.090 seconds
[2024-04-06T09:59:56.830+0000] {processor.py:153} INFO - Started process (PID=287) to work on /home/airflow/.local/lib/python3.7/site-packages/airflow/example_dags/example_xcom.py
[2024-04-06T09:59:56.831+0000] {processor.py:743} INFO - Processing file /home/airflow/.local/lib/python3.7/site-packages/airflow/example_dags/example_xcom.py for tasks to queue
[2024-04-06T09:59:56.832+0000] {logging_mixin.py:137} INFO - [2024-04-06T09:59:56.832+0000] {dagbag.py:538} INFO - Filling up the DagBag from /home/airflow/.local/lib/python3.7/site-packages/airflow/example_dags/example_xcom.py
[2024-04-06T09:59:56.870+0000] {processor.py:753} INFO - DAG(s) dict_keys(['example_xcom']) retrieved from /home/airflow/.local/lib/python3.7/site-packages/airflow/example_dags/example_xcom.py
[2024-04-06T09:59:56.903+0000] {logging_mixin.py:137} INFO - [2024-04-06T09:59:56.903+0000] {dag.py:2690} INFO - Sync 1 DAGs
[2024-04-06T09:59:56.934+0000] {logging_mixin.py:137} INFO - [2024-04-06T09:59:56.934+0000] {dag.py:3441} INFO - Setting next_dagrun for example_xcom to 2021-01-01T00:00:00+00:00, run_after=2021-01-01T00:00:00+00:00
[2024-04-06T09:59:56.958+0000] {processor.py:175} INFO - Processing /home/airflow/.local/lib/python3.7/site-packages/airflow/example_dags/example_xcom.py took 0.136 seconds
[2024-04-06T10:00:27.202+0000] {processor.py:153} INFO - Started process (PID=359) to work on /home/airflow/.local/lib/python3.7/site-packages/airflow/example_dags/example_xcom.py
[2024-04-06T10:00:27.203+0000] {processor.py:743} INFO - Processing file /home/airflow/.local/lib/python3.7/site-packages/airflow/example_dags/example_xcom.py for tasks to queue
[2024-04-06T10:00:27.204+0000] {logging_mixin.py:137} INFO - [2024-04-06T10:00:27.203+0000] {dagbag.py:538} INFO - Filling up the DagBag from /home/airflow/.local/lib/python3.7/site-packages/airflow/example_dags/example_xcom.py
[2024-04-06T10:00:27.228+0000] {processor.py:753} INFO - DAG(s) dict_keys(['example_xcom']) retrieved from /home/airflow/.local/lib/python3.7/site-packages/airflow/example_dags/example_xcom.py
[2024-04-06T10:00:27.253+0000] {logging_mixin.py:137} INFO - [2024-04-06T10:00:27.253+0000] {dag.py:2690} INFO - Sync 1 DAGs
[2024-04-06T10:00:27.279+0000] {logging_mixin.py:137} INFO - [2024-04-06T10:00:27.279+0000] {dag.py:3441} INFO - Setting next_dagrun for example_xcom to 2021-01-01T00:00:00+00:00, run_after=2021-01-01T00:00:00+00:00
[2024-04-06T10:00:27.300+0000] {processor.py:175} INFO - Processing /home/airflow/.local/lib/python3.7/site-packages/airflow/example_dags/example_xcom.py took 0.101 seconds
[2024-04-06T10:00:58.105+0000] {processor.py:153} INFO - Started process (PID=447) to work on /home/airflow/.local/lib/python3.7/site-packages/airflow/example_dags/example_xcom.py
[2024-04-06T10:00:58.106+0000] {processor.py:743} INFO - Processing file /home/airflow/.local/lib/python3.7/site-packages/airflow/example_dags/example_xcom.py for tasks to queue
[2024-04-06T10:00:58.107+0000] {logging_mixin.py:137} INFO - [2024-04-06T10:00:58.106+0000] {dagbag.py:538} INFO - Filling up the DagBag from /home/airflow/.local/lib/python3.7/site-packages/airflow/example_dags/example_xcom.py
[2024-04-06T10:00:58.131+0000] {processor.py:753} INFO - DAG(s) dict_keys(['example_xcom']) retrieved from /home/airflow/.local/lib/python3.7/site-packages/airflow/example_dags/example_xcom.py
[2024-04-06T10:00:58.156+0000] {logging_mixin.py:137} INFO - [2024-04-06T10:00:58.156+0000] {dag.py:2690} INFO - Sync 1 DAGs
[2024-04-06T10:00:58.179+0000] {logging_mixin.py:137} INFO - [2024-04-06T10:00:58.179+0000] {dag.py:3441} INFO - Setting next_dagrun for example_xcom to 2021-01-01T00:00:00+00:00, run_after=2021-01-01T00:00:00+00:00
[2024-04-06T10:00:58.196+0000] {processor.py:175} INFO - Processing /home/airflow/.local/lib/python3.7/site-packages/airflow/example_dags/example_xcom.py took 0.094 seconds
[2024-04-06T10:01:28.433+0000] {processor.py:153} INFO - Started process (PID=519) to work on /home/airflow/.local/lib/python3.7/site-packages/airflow/example_dags/example_xcom.py
[2024-04-06T10:01:28.434+0000] {processor.py:743} INFO - Processing file /home/airflow/.local/lib/python3.7/site-packages/airflow/example_dags/example_xcom.py for tasks to queue
[2024-04-06T10:01:28.435+0000] {logging_mixin.py:137} INFO - [2024-04-06T10:01:28.434+0000] {dagbag.py:538} INFO - Filling up the DagBag from /home/airflow/.local/lib/python3.7/site-packages/airflow/example_dags/example_xcom.py
[2024-04-06T10:01:28.452+0000] {processor.py:753} INFO - DAG(s) dict_keys(['example_xcom']) retrieved from /home/airflow/.local/lib/python3.7/site-packages/airflow/example_dags/example_xcom.py
[2024-04-06T10:01:28.477+0000] {logging_mixin.py:137} INFO - [2024-04-06T10:01:28.477+0000] {dag.py:2690} INFO - Sync 1 DAGs
[2024-04-06T10:01:28.499+0000] {logging_mixin.py:137} INFO - [2024-04-06T10:01:28.499+0000] {dag.py:3441} INFO - Setting next_dagrun for example_xcom to 2021-01-01T00:00:00+00:00, run_after=2021-01-01T00:00:00+00:00
[2024-04-06T10:01:28.518+0000] {processor.py:175} INFO - Processing /home/airflow/.local/lib/python3.7/site-packages/airflow/example_dags/example_xcom.py took 0.088 seconds
[2024-04-06T10:01:58.769+0000] {processor.py:153} INFO - Started process (PID=607) to work on /home/airflow/.local/lib/python3.7/site-packages/airflow/example_dags/example_xcom.py
[2024-04-06T10:01:58.769+0000] {processor.py:743} INFO - Processing file /home/airflow/.local/lib/python3.7/site-packages/airflow/example_dags/example_xcom.py for tasks to queue
[2024-04-06T10:01:58.770+0000] {logging_mixin.py:137} INFO - [2024-04-06T10:01:58.770+0000] {dagbag.py:538} INFO - Filling up the DagBag from /home/airflow/.local/lib/python3.7/site-packages/airflow/example_dags/example_xcom.py
[2024-04-06T10:01:58.789+0000] {processor.py:753} INFO - DAG(s) dict_keys(['example_xcom']) retrieved from /home/airflow/.local/lib/python3.7/site-packages/airflow/example_dags/example_xcom.py
[2024-04-06T10:01:58.809+0000] {logging_mixin.py:137} INFO - [2024-04-06T10:01:58.809+0000] {dag.py:2690} INFO - Sync 1 DAGs
[2024-04-06T10:01:58.829+0000] {logging_mixin.py:137} INFO - [2024-04-06T10:01:58.829+0000] {dag.py:3441} INFO - Setting next_dagrun for example_xcom to 2021-01-01T00:00:00+00:00, run_after=2021-01-01T00:00:00+00:00
[2024-04-06T10:01:58.844+0000] {processor.py:175} INFO - Processing /home/airflow/.local/lib/python3.7/site-packages/airflow/example_dags/example_xcom.py took 0.078 seconds
[2024-04-06T10:02:29.245+0000] {processor.py:153} INFO - Started process (PID=679) to work on /home/airflow/.local/lib/python3.7/site-packages/airflow/example_dags/example_xcom.py
[2024-04-06T10:02:29.246+0000] {processor.py:743} INFO - Processing file /home/airflow/.local/lib/python3.7/site-packages/airflow/example_dags/example_xcom.py for tasks to queue
[2024-04-06T10:02:29.246+0000] {logging_mixin.py:137} INFO - [2024-04-06T10:02:29.246+0000] {dagbag.py:538} INFO - Filling up the DagBag from /home/airflow/.local/lib/python3.7/site-packages/airflow/example_dags/example_xcom.py
[2024-04-06T10:02:29.269+0000] {processor.py:753} INFO - DAG(s) dict_keys(['example_xcom']) retrieved from /home/airflow/.local/lib/python3.7/site-packages/airflow/example_dags/example_xcom.py
[2024-04-06T10:02:29.294+0000] {logging_mixin.py:137} INFO - [2024-04-06T10:02:29.294+0000] {dag.py:2690} INFO - Sync 1 DAGs
[2024-04-06T10:02:29.321+0000] {logging_mixin.py:137} INFO - [2024-04-06T10:02:29.321+0000] {dag.py:3441} INFO - Setting next_dagrun for example_xcom to 2021-01-01T00:00:00+00:00, run_after=2021-01-01T00:00:00+00:00
[2024-04-06T10:02:29.345+0000] {processor.py:175} INFO - Processing /home/airflow/.local/lib/python3.7/site-packages/airflow/example_dags/example_xcom.py took 0.102 seconds
[2024-04-06T10:02:59.896+0000] {processor.py:153} INFO - Started process (PID=767) to work on /home/airflow/.local/lib/python3.7/site-packages/airflow/example_dags/example_xcom.py
[2024-04-06T10:02:59.897+0000] {processor.py:743} INFO - Processing file /home/airflow/.local/lib/python3.7/site-packages/airflow/example_dags/example_xcom.py for tasks to queue
[2024-04-06T10:02:59.898+0000] {logging_mixin.py:137} INFO - [2024-04-06T10:02:59.898+0000] {dagbag.py:538} INFO - Filling up the DagBag from /home/airflow/.local/lib/python3.7/site-packages/airflow/example_dags/example_xcom.py
[2024-04-06T10:02:59.919+0000] {processor.py:753} INFO - DAG(s) dict_keys(['example_xcom']) retrieved from /home/airflow/.local/lib/python3.7/site-packages/airflow/example_dags/example_xcom.py
[2024-04-06T10:02:59.942+0000] {logging_mixin.py:137} INFO - [2024-04-06T10:02:59.942+0000] {dag.py:2690} INFO - Sync 1 DAGs
[2024-04-06T10:02:59.963+0000] {logging_mixin.py:137} INFO - [2024-04-06T10:02:59.963+0000] {dag.py:3441} INFO - Setting next_dagrun for example_xcom to 2021-01-01T00:00:00+00:00, run_after=2021-01-01T00:00:00+00:00
[2024-04-06T10:02:59.977+0000] {processor.py:175} INFO - Processing /home/airflow/.local/lib/python3.7/site-packages/airflow/example_dags/example_xcom.py took 0.084 seconds
[2024-04-06T10:03:30.276+0000] {processor.py:153} INFO - Started process (PID=856) to work on /home/airflow/.local/lib/python3.7/site-packages/airflow/example_dags/example_xcom.py
[2024-04-06T10:03:30.276+0000] {processor.py:743} INFO - Processing file /home/airflow/.local/lib/python3.7/site-packages/airflow/example_dags/example_xcom.py for tasks to queue
[2024-04-06T10:03:30.277+0000] {logging_mixin.py:137} INFO - [2024-04-06T10:03:30.277+0000] {dagbag.py:538} INFO - Filling up the DagBag from /home/airflow/.local/lib/python3.7/site-packages/airflow/example_dags/example_xcom.py
[2024-04-06T10:03:30.294+0000] {processor.py:753} INFO - DAG(s) dict_keys(['example_xcom']) retrieved from /home/airflow/.local/lib/python3.7/site-packages/airflow/example_dags/example_xcom.py
[2024-04-06T10:03:30.317+0000] {logging_mixin.py:137} INFO - [2024-04-06T10:03:30.317+0000] {dag.py:2690} INFO - Sync 1 DAGs
[2024-04-06T10:03:30.338+0000] {logging_mixin.py:137} INFO - [2024-04-06T10:03:30.338+0000] {dag.py:3441} INFO - Setting next_dagrun for example_xcom to 2021-01-01T00:00:00+00:00, run_after=2021-01-01T00:00:00+00:00
[2024-04-06T10:03:30.354+0000] {processor.py:175} INFO - Processing /home/airflow/.local/lib/python3.7/site-packages/airflow/example_dags/example_xcom.py took 0.081 seconds
[2024-04-06T10:04:00.753+0000] {processor.py:153} INFO - Started process (PID=927) to work on /home/airflow/.local/lib/python3.7/site-packages/airflow/example_dags/example_xcom.py
[2024-04-06T10:04:00.753+0000] {processor.py:743} INFO - Processing file /home/airflow/.local/lib/python3.7/site-packages/airflow/example_dags/example_xcom.py for tasks to queue
[2024-04-06T10:04:00.754+0000] {logging_mixin.py:137} INFO - [2024-04-06T10:04:00.754+0000] {dagbag.py:538} INFO - Filling up the DagBag from /home/airflow/.local/lib/python3.7/site-packages/airflow/example_dags/example_xcom.py
[2024-04-06T10:04:00.781+0000] {processor.py:753} INFO - DAG(s) dict_keys(['example_xcom']) retrieved from /home/airflow/.local/lib/python3.7/site-packages/airflow/example_dags/example_xcom.py
[2024-04-06T10:04:00.807+0000] {logging_mixin.py:137} INFO - [2024-04-06T10:04:00.807+0000] {dag.py:2690} INFO - Sync 1 DAGs
[2024-04-06T10:04:00.832+0000] {logging_mixin.py:137} INFO - [2024-04-06T10:04:00.832+0000] {dag.py:3441} INFO - Setting next_dagrun for example_xcom to 2021-01-01T00:00:00+00:00, run_after=2021-01-01T00:00:00+00:00
[2024-04-06T10:04:00.852+0000] {processor.py:175} INFO - Processing /home/airflow/.local/lib/python3.7/site-packages/airflow/example_dags/example_xcom.py took 0.102 seconds
[2024-04-06T10:04:31.327+0000] {processor.py:153} INFO - Started process (PID=1008) to work on /home/airflow/.local/lib/python3.7/site-packages/airflow/example_dags/example_xcom.py
[2024-04-06T10:04:31.327+0000] {processor.py:743} INFO - Processing file /home/airflow/.local/lib/python3.7/site-packages/airflow/example_dags/example_xcom.py for tasks to queue
[2024-04-06T10:04:31.328+0000] {logging_mixin.py:137} INFO - [2024-04-06T10:04:31.328+0000] {dagbag.py:538} INFO - Filling up the DagBag from /home/airflow/.local/lib/python3.7/site-packages/airflow/example_dags/example_xcom.py
[2024-04-06T10:04:31.349+0000] {processor.py:753} INFO - DAG(s) dict_keys(['example_xcom']) retrieved from /home/airflow/.local/lib/python3.7/site-packages/airflow/example_dags/example_xcom.py
[2024-04-06T10:04:31.383+0000] {logging_mixin.py:137} INFO - [2024-04-06T10:04:31.383+0000] {dag.py:2690} INFO - Sync 1 DAGs
[2024-04-06T10:04:31.419+0000] {logging_mixin.py:137} INFO - [2024-04-06T10:04:31.419+0000] {dag.py:3441} INFO - Setting next_dagrun for example_xcom to 2021-01-01T00:00:00+00:00, run_after=2021-01-01T00:00:00+00:00
[2024-04-06T10:04:31.442+0000] {processor.py:175} INFO - Processing /home/airflow/.local/lib/python3.7/site-packages/airflow/example_dags/example_xcom.py took 0.118 seconds
[2024-04-06T10:05:02.119+0000] {processor.py:153} INFO - Started process (PID=1087) to work on /home/airflow/.local/lib/python3.7/site-packages/airflow/example_dags/example_xcom.py
[2024-04-06T10:05:02.119+0000] {processor.py:743} INFO - Processing file /home/airflow/.local/lib/python3.7/site-packages/airflow/example_dags/example_xcom.py for tasks to queue
[2024-04-06T10:05:02.120+0000] {logging_mixin.py:137} INFO - [2024-04-06T10:05:02.120+0000] {dagbag.py:538} INFO - Filling up the DagBag from /home/airflow/.local/lib/python3.7/site-packages/airflow/example_dags/example_xcom.py
[2024-04-06T10:05:02.147+0000] {processor.py:753} INFO - DAG(s) dict_keys(['example_xcom']) retrieved from /home/airflow/.local/lib/python3.7/site-packages/airflow/example_dags/example_xcom.py
[2024-04-06T10:05:02.181+0000] {logging_mixin.py:137} INFO - [2024-04-06T10:05:02.181+0000] {dag.py:2690} INFO - Sync 1 DAGs
[2024-04-06T10:05:02.216+0000] {logging_mixin.py:137} INFO - [2024-04-06T10:05:02.216+0000] {dag.py:3441} INFO - Setting next_dagrun for example_xcom to 2021-01-01T00:00:00+00:00, run_after=2021-01-01T00:00:00+00:00
[2024-04-06T10:05:02.237+0000] {processor.py:175} INFO - Processing /home/airflow/.local/lib/python3.7/site-packages/airflow/example_dags/example_xcom.py took 0.121 seconds
[2024-04-06T10:05:33.056+0000] {processor.py:153} INFO - Started process (PID=1175) to work on /home/airflow/.local/lib/python3.7/site-packages/airflow/example_dags/example_xcom.py
[2024-04-06T10:05:33.057+0000] {processor.py:743} INFO - Processing file /home/airflow/.local/lib/python3.7/site-packages/airflow/example_dags/example_xcom.py for tasks to queue
[2024-04-06T10:05:33.058+0000] {logging_mixin.py:137} INFO - [2024-04-06T10:05:33.057+0000] {dagbag.py:538} INFO - Filling up the DagBag from /home/airflow/.local/lib/python3.7/site-packages/airflow/example_dags/example_xcom.py
[2024-04-06T10:05:33.084+0000] {processor.py:753} INFO - DAG(s) dict_keys(['example_xcom']) retrieved from /home/airflow/.local/lib/python3.7/site-packages/airflow/example_dags/example_xcom.py
[2024-04-06T10:05:33.119+0000] {logging_mixin.py:137} INFO - [2024-04-06T10:05:33.119+0000] {dag.py:2690} INFO - Sync 1 DAGs
[2024-04-06T10:05:33.146+0000] {logging_mixin.py:137} INFO - [2024-04-06T10:05:33.146+0000] {dag.py:3441} INFO - Setting next_dagrun for example_xcom to 2021-01-01T00:00:00+00:00, run_after=2021-01-01T00:00:00+00:00
[2024-04-06T10:05:33.167+0000] {processor.py:175} INFO - Processing /home/airflow/.local/lib/python3.7/site-packages/airflow/example_dags/example_xcom.py took 0.115 seconds
[2024-04-06T10:06:04.857+0000] {processor.py:153} INFO - Started process (PID=1247) to work on /home/airflow/.local/lib/python3.7/site-packages/airflow/example_dags/example_xcom.py
[2024-04-06T10:06:04.858+0000] {processor.py:743} INFO - Processing file /home/airflow/.local/lib/python3.7/site-packages/airflow/example_dags/example_xcom.py for tasks to queue
[2024-04-06T10:06:04.859+0000] {logging_mixin.py:137} INFO - [2024-04-06T10:06:04.859+0000] {dagbag.py:538} INFO - Filling up the DagBag from /home/airflow/.local/lib/python3.7/site-packages/airflow/example_dags/example_xcom.py
[2024-04-06T10:06:04.904+0000] {processor.py:753} INFO - DAG(s) dict_keys(['example_xcom']) retrieved from /home/airflow/.local/lib/python3.7/site-packages/airflow/example_dags/example_xcom.py
[2024-04-06T10:06:04.949+0000] {logging_mixin.py:137} INFO - [2024-04-06T10:06:04.949+0000] {dag.py:2690} INFO - Sync 1 DAGs
[2024-04-06T10:06:04.996+0000] {logging_mixin.py:137} INFO - [2024-04-06T10:06:04.995+0000] {dag.py:3441} INFO - Setting next_dagrun for example_xcom to 2021-01-01T00:00:00+00:00, run_after=2021-01-01T00:00:00+00:00
[2024-04-06T10:06:05.035+0000] {processor.py:175} INFO - Processing /home/airflow/.local/lib/python3.7/site-packages/airflow/example_dags/example_xcom.py took 0.184 seconds
[2024-04-06T10:06:35.140+0000] {processor.py:153} INFO - Started process (PID=1320) to work on /home/airflow/.local/lib/python3.7/site-packages/airflow/example_dags/example_xcom.py
[2024-04-06T10:06:35.141+0000] {processor.py:743} INFO - Processing file /home/airflow/.local/lib/python3.7/site-packages/airflow/example_dags/example_xcom.py for tasks to queue
[2024-04-06T10:06:35.142+0000] {logging_mixin.py:137} INFO - [2024-04-06T10:06:35.142+0000] {dagbag.py:538} INFO - Filling up the DagBag from /home/airflow/.local/lib/python3.7/site-packages/airflow/example_dags/example_xcom.py
[2024-04-06T10:06:35.191+0000] {processor.py:753} INFO - DAG(s) dict_keys(['example_xcom']) retrieved from /home/airflow/.local/lib/python3.7/site-packages/airflow/example_dags/example_xcom.py
[2024-04-06T10:06:35.238+0000] {logging_mixin.py:137} INFO - [2024-04-06T10:06:35.238+0000] {dag.py:2690} INFO - Sync 1 DAGs
[2024-04-06T10:06:35.287+0000] {logging_mixin.py:137} INFO - [2024-04-06T10:06:35.287+0000] {dag.py:3441} INFO - Setting next_dagrun for example_xcom to 2021-01-01T00:00:00+00:00, run_after=2021-01-01T00:00:00+00:00
[2024-04-06T10:06:35.329+0000] {processor.py:175} INFO - Processing /home/airflow/.local/lib/python3.7/site-packages/airflow/example_dags/example_xcom.py took 0.194 seconds
[2024-04-06T10:07:05.877+0000] {processor.py:153} INFO - Started process (PID=1391) to work on /home/airflow/.local/lib/python3.7/site-packages/airflow/example_dags/example_xcom.py
[2024-04-06T10:07:05.878+0000] {processor.py:743} INFO - Processing file /home/airflow/.local/lib/python3.7/site-packages/airflow/example_dags/example_xcom.py for tasks to queue
[2024-04-06T10:07:05.879+0000] {logging_mixin.py:137} INFO - [2024-04-06T10:07:05.879+0000] {dagbag.py:538} INFO - Filling up the DagBag from /home/airflow/.local/lib/python3.7/site-packages/airflow/example_dags/example_xcom.py
[2024-04-06T10:07:05.935+0000] {processor.py:753} INFO - DAG(s) dict_keys(['example_xcom']) retrieved from /home/airflow/.local/lib/python3.7/site-packages/airflow/example_dags/example_xcom.py
[2024-04-06T10:07:05.988+0000] {logging_mixin.py:137} INFO - [2024-04-06T10:07:05.988+0000] {dag.py:2690} INFO - Sync 1 DAGs
[2024-04-06T10:07:06.035+0000] {logging_mixin.py:137} INFO - [2024-04-06T10:07:06.035+0000] {dag.py:3441} INFO - Setting next_dagrun for example_xcom to 2021-01-01T00:00:00+00:00, run_after=2021-01-01T00:00:00+00:00
[2024-04-06T10:07:06.071+0000] {processor.py:175} INFO - Processing /home/airflow/.local/lib/python3.7/site-packages/airflow/example_dags/example_xcom.py took 0.200 seconds
[2024-04-06T10:07:36.521+0000] {processor.py:153} INFO - Started process (PID=1470) to work on /home/airflow/.local/lib/python3.7/site-packages/airflow/example_dags/example_xcom.py
[2024-04-06T10:07:36.523+0000] {processor.py:743} INFO - Processing file /home/airflow/.local/lib/python3.7/site-packages/airflow/example_dags/example_xcom.py for tasks to queue
[2024-04-06T10:07:36.524+0000] {logging_mixin.py:137} INFO - [2024-04-06T10:07:36.523+0000] {dagbag.py:538} INFO - Filling up the DagBag from /home/airflow/.local/lib/python3.7/site-packages/airflow/example_dags/example_xcom.py
[2024-04-06T10:07:36.570+0000] {processor.py:753} INFO - DAG(s) dict_keys(['example_xcom']) retrieved from /home/airflow/.local/lib/python3.7/site-packages/airflow/example_dags/example_xcom.py
[2024-04-06T10:07:36.625+0000] {logging_mixin.py:137} INFO - [2024-04-06T10:07:36.625+0000] {dag.py:2690} INFO - Sync 1 DAGs
[2024-04-06T10:07:36.696+0000] {logging_mixin.py:137} INFO - [2024-04-06T10:07:36.695+0000] {dag.py:3441} INFO - Setting next_dagrun for example_xcom to 2021-01-01T00:00:00+00:00, run_after=2021-01-01T00:00:00+00:00
[2024-04-06T10:07:36.749+0000] {processor.py:175} INFO - Processing /home/airflow/.local/lib/python3.7/site-packages/airflow/example_dags/example_xcom.py took 0.234 seconds
[2024-04-06T10:08:07.602+0000] {processor.py:153} INFO - Started process (PID=1544) to work on /home/airflow/.local/lib/python3.7/site-packages/airflow/example_dags/example_xcom.py
[2024-04-06T10:08:07.604+0000] {processor.py:743} INFO - Processing file /home/airflow/.local/lib/python3.7/site-packages/airflow/example_dags/example_xcom.py for tasks to queue
[2024-04-06T10:08:07.605+0000] {logging_mixin.py:137} INFO - [2024-04-06T10:08:07.604+0000] {dagbag.py:538} INFO - Filling up the DagBag from /home/airflow/.local/lib/python3.7/site-packages/airflow/example_dags/example_xcom.py
[2024-04-06T10:08:07.658+0000] {processor.py:753} INFO - DAG(s) dict_keys(['example_xcom']) retrieved from /home/airflow/.local/lib/python3.7/site-packages/airflow/example_dags/example_xcom.py
[2024-04-06T10:08:07.713+0000] {logging_mixin.py:137} INFO - [2024-04-06T10:08:07.713+0000] {dag.py:2690} INFO - Sync 1 DAGs
[2024-04-06T10:08:07.775+0000] {logging_mixin.py:137} INFO - [2024-04-06T10:08:07.775+0000] {dag.py:3441} INFO - Setting next_dagrun for example_xcom to 2021-01-01T00:00:00+00:00, run_after=2021-01-01T00:00:00+00:00
[2024-04-06T10:08:07.819+0000] {processor.py:175} INFO - Processing /home/airflow/.local/lib/python3.7/site-packages/airflow/example_dags/example_xcom.py took 0.224 seconds
[2024-04-06T10:08:38.111+0000] {processor.py:153} INFO - Started process (PID=1616) to work on /home/airflow/.local/lib/python3.7/site-packages/airflow/example_dags/example_xcom.py
[2024-04-06T10:08:38.112+0000] {processor.py:743} INFO - Processing file /home/airflow/.local/lib/python3.7/site-packages/airflow/example_dags/example_xcom.py for tasks to queue
[2024-04-06T10:08:38.113+0000] {logging_mixin.py:137} INFO - [2024-04-06T10:08:38.113+0000] {dagbag.py:538} INFO - Filling up the DagBag from /home/airflow/.local/lib/python3.7/site-packages/airflow/example_dags/example_xcom.py
[2024-04-06T10:08:38.156+0000] {processor.py:753} INFO - DAG(s) dict_keys(['example_xcom']) retrieved from /home/airflow/.local/lib/python3.7/site-packages/airflow/example_dags/example_xcom.py
[2024-04-06T10:08:38.201+0000] {logging_mixin.py:137} INFO - [2024-04-06T10:08:38.200+0000] {dag.py:2690} INFO - Sync 1 DAGs
[2024-04-06T10:08:38.273+0000] {logging_mixin.py:137} INFO - [2024-04-06T10:08:38.273+0000] {dag.py:3441} INFO - Setting next_dagrun for example_xcom to 2021-01-01T00:00:00+00:00, run_after=2021-01-01T00:00:00+00:00
[2024-04-06T10:08:38.349+0000] {processor.py:175} INFO - Processing /home/airflow/.local/lib/python3.7/site-packages/airflow/example_dags/example_xcom.py took 0.243 seconds
[2024-04-06T10:09:09.026+0000] {processor.py:153} INFO - Started process (PID=1695) to work on /home/airflow/.local/lib/python3.7/site-packages/airflow/example_dags/example_xcom.py
[2024-04-06T10:09:09.027+0000] {processor.py:743} INFO - Processing file /home/airflow/.local/lib/python3.7/site-packages/airflow/example_dags/example_xcom.py for tasks to queue
[2024-04-06T10:09:09.029+0000] {logging_mixin.py:137} INFO - [2024-04-06T10:09:09.029+0000] {dagbag.py:538} INFO - Filling up the DagBag from /home/airflow/.local/lib/python3.7/site-packages/airflow/example_dags/example_xcom.py
[2024-04-06T10:09:09.095+0000] {processor.py:753} INFO - DAG(s) dict_keys(['example_xcom']) retrieved from /home/airflow/.local/lib/python3.7/site-packages/airflow/example_dags/example_xcom.py
[2024-04-06T10:09:09.154+0000] {logging_mixin.py:137} INFO - [2024-04-06T10:09:09.153+0000] {dag.py:2690} INFO - Sync 1 DAGs
[2024-04-06T10:09:09.225+0000] {logging_mixin.py:137} INFO - [2024-04-06T10:09:09.224+0000] {dag.py:3441} INFO - Setting next_dagrun for example_xcom to 2021-01-01T00:00:00+00:00, run_after=2021-01-01T00:00:00+00:00
[2024-04-06T10:09:09.272+0000] {processor.py:175} INFO - Processing /home/airflow/.local/lib/python3.7/site-packages/airflow/example_dags/example_xcom.py took 0.252 seconds
[2024-04-06T10:09:40.221+0000] {processor.py:153} INFO - Started process (PID=1768) to work on /home/airflow/.local/lib/python3.7/site-packages/airflow/example_dags/example_xcom.py
[2024-04-06T10:09:40.222+0000] {processor.py:743} INFO - Processing file /home/airflow/.local/lib/python3.7/site-packages/airflow/example_dags/example_xcom.py for tasks to queue
[2024-04-06T10:09:40.223+0000] {logging_mixin.py:137} INFO - [2024-04-06T10:09:40.223+0000] {dagbag.py:538} INFO - Filling up the DagBag from /home/airflow/.local/lib/python3.7/site-packages/airflow/example_dags/example_xcom.py
[2024-04-06T10:09:40.270+0000] {processor.py:753} INFO - DAG(s) dict_keys(['example_xcom']) retrieved from /home/airflow/.local/lib/python3.7/site-packages/airflow/example_dags/example_xcom.py
[2024-04-06T10:09:40.317+0000] {logging_mixin.py:137} INFO - [2024-04-06T10:09:40.317+0000] {dag.py:2690} INFO - Sync 1 DAGs
[2024-04-06T10:09:40.369+0000] {logging_mixin.py:137} INFO - [2024-04-06T10:09:40.369+0000] {dag.py:3441} INFO - Setting next_dagrun for example_xcom to 2021-01-01T00:00:00+00:00, run_after=2021-01-01T00:00:00+00:00
[2024-04-06T10:09:40.403+0000] {processor.py:175} INFO - Processing /home/airflow/.local/lib/python3.7/site-packages/airflow/example_dags/example_xcom.py took 0.188 seconds
[2024-04-06T10:10:11.167+0000] {processor.py:153} INFO - Started process (PID=1839) to work on /home/airflow/.local/lib/python3.7/site-packages/airflow/example_dags/example_xcom.py
[2024-04-06T10:10:11.168+0000] {processor.py:743} INFO - Processing file /home/airflow/.local/lib/python3.7/site-packages/airflow/example_dags/example_xcom.py for tasks to queue
[2024-04-06T10:10:11.169+0000] {logging_mixin.py:137} INFO - [2024-04-06T10:10:11.169+0000] {dagbag.py:538} INFO - Filling up the DagBag from /home/airflow/.local/lib/python3.7/site-packages/airflow/example_dags/example_xcom.py
[2024-04-06T10:10:11.213+0000] {processor.py:753} INFO - DAG(s) dict_keys(['example_xcom']) retrieved from /home/airflow/.local/lib/python3.7/site-packages/airflow/example_dags/example_xcom.py
[2024-04-06T10:10:11.260+0000] {logging_mixin.py:137} INFO - [2024-04-06T10:10:11.260+0000] {dag.py:2690} INFO - Sync 1 DAGs
[2024-04-06T10:10:11.313+0000] {logging_mixin.py:137} INFO - [2024-04-06T10:10:11.313+0000] {dag.py:3441} INFO - Setting next_dagrun for example_xcom to 2021-01-01T00:00:00+00:00, run_after=2021-01-01T00:00:00+00:00
[2024-04-06T10:10:11.359+0000] {processor.py:175} INFO - Processing /home/airflow/.local/lib/python3.7/site-packages/airflow/example_dags/example_xcom.py took 0.198 seconds
[2024-04-06T10:10:41.862+0000] {processor.py:153} INFO - Started process (PID=1911) to work on /home/airflow/.local/lib/python3.7/site-packages/airflow/example_dags/example_xcom.py
[2024-04-06T10:10:41.864+0000] {processor.py:743} INFO - Processing file /home/airflow/.local/lib/python3.7/site-packages/airflow/example_dags/example_xcom.py for tasks to queue
[2024-04-06T10:10:41.865+0000] {logging_mixin.py:137} INFO - [2024-04-06T10:10:41.864+0000] {dagbag.py:538} INFO - Filling up the DagBag from /home/airflow/.local/lib/python3.7/site-packages/airflow/example_dags/example_xcom.py
[2024-04-06T10:10:41.909+0000] {processor.py:753} INFO - DAG(s) dict_keys(['example_xcom']) retrieved from /home/airflow/.local/lib/python3.7/site-packages/airflow/example_dags/example_xcom.py
[2024-04-06T10:10:41.962+0000] {logging_mixin.py:137} INFO - [2024-04-06T10:10:41.962+0000] {dag.py:2690} INFO - Sync 1 DAGs
[2024-04-06T10:10:42.022+0000] {logging_mixin.py:137} INFO - [2024-04-06T10:10:42.021+0000] {dag.py:3441} INFO - Setting next_dagrun for example_xcom to 2021-01-01T00:00:00+00:00, run_after=2021-01-01T00:00:00+00:00
[2024-04-06T10:10:42.079+0000] {processor.py:175} INFO - Processing /home/airflow/.local/lib/python3.7/site-packages/airflow/example_dags/example_xcom.py took 0.222 seconds
[2024-04-06T10:11:12.396+0000] {processor.py:153} INFO - Started process (PID=1983) to work on /home/airflow/.local/lib/python3.7/site-packages/airflow/example_dags/example_xcom.py
[2024-04-06T10:11:12.397+0000] {processor.py:743} INFO - Processing file /home/airflow/.local/lib/python3.7/site-packages/airflow/example_dags/example_xcom.py for tasks to queue
[2024-04-06T10:11:12.398+0000] {logging_mixin.py:137} INFO - [2024-04-06T10:11:12.398+0000] {dagbag.py:538} INFO - Filling up the DagBag from /home/airflow/.local/lib/python3.7/site-packages/airflow/example_dags/example_xcom.py
[2024-04-06T10:11:12.445+0000] {processor.py:753} INFO - DAG(s) dict_keys(['example_xcom']) retrieved from /home/airflow/.local/lib/python3.7/site-packages/airflow/example_dags/example_xcom.py
[2024-04-06T10:11:12.494+0000] {logging_mixin.py:137} INFO - [2024-04-06T10:11:12.493+0000] {dag.py:2690} INFO - Sync 1 DAGs
[2024-04-06T10:11:12.545+0000] {logging_mixin.py:137} INFO - [2024-04-06T10:11:12.545+0000] {dag.py:3441} INFO - Setting next_dagrun for example_xcom to 2021-01-01T00:00:00+00:00, run_after=2021-01-01T00:00:00+00:00
[2024-04-06T10:11:12.583+0000] {processor.py:175} INFO - Processing /home/airflow/.local/lib/python3.7/site-packages/airflow/example_dags/example_xcom.py took 0.194 seconds
[2024-04-06T10:11:42.729+0000] {processor.py:153} INFO - Started process (PID=2055) to work on /home/airflow/.local/lib/python3.7/site-packages/airflow/example_dags/example_xcom.py
[2024-04-06T10:11:42.730+0000] {processor.py:743} INFO - Processing file /home/airflow/.local/lib/python3.7/site-packages/airflow/example_dags/example_xcom.py for tasks to queue
[2024-04-06T10:11:42.731+0000] {logging_mixin.py:137} INFO - [2024-04-06T10:11:42.730+0000] {dagbag.py:538} INFO - Filling up the DagBag from /home/airflow/.local/lib/python3.7/site-packages/airflow/example_dags/example_xcom.py
[2024-04-06T10:11:42.773+0000] {processor.py:753} INFO - DAG(s) dict_keys(['example_xcom']) retrieved from /home/airflow/.local/lib/python3.7/site-packages/airflow/example_dags/example_xcom.py
[2024-04-06T10:11:42.819+0000] {logging_mixin.py:137} INFO - [2024-04-06T10:11:42.818+0000] {dag.py:2690} INFO - Sync 1 DAGs
[2024-04-06T10:11:42.866+0000] {logging_mixin.py:137} INFO - [2024-04-06T10:11:42.866+0000] {dag.py:3441} INFO - Setting next_dagrun for example_xcom to 2021-01-01T00:00:00+00:00, run_after=2021-01-01T00:00:00+00:00
[2024-04-06T10:11:42.907+0000] {processor.py:175} INFO - Processing /home/airflow/.local/lib/python3.7/site-packages/airflow/example_dags/example_xcom.py took 0.184 seconds
[2024-04-06T10:12:13.114+0000] {processor.py:153} INFO - Started process (PID=2127) to work on /home/airflow/.local/lib/python3.7/site-packages/airflow/example_dags/example_xcom.py
[2024-04-06T10:12:13.116+0000] {processor.py:743} INFO - Processing file /home/airflow/.local/lib/python3.7/site-packages/airflow/example_dags/example_xcom.py for tasks to queue
[2024-04-06T10:12:13.118+0000] {logging_mixin.py:137} INFO - [2024-04-06T10:12:13.117+0000] {dagbag.py:538} INFO - Filling up the DagBag from /home/airflow/.local/lib/python3.7/site-packages/airflow/example_dags/example_xcom.py
[2024-04-06T10:12:13.188+0000] {processor.py:753} INFO - DAG(s) dict_keys(['example_xcom']) retrieved from /home/airflow/.local/lib/python3.7/site-packages/airflow/example_dags/example_xcom.py
[2024-04-06T10:12:13.246+0000] {logging_mixin.py:137} INFO - [2024-04-06T10:12:13.245+0000] {dag.py:2690} INFO - Sync 1 DAGs
[2024-04-06T10:12:13.311+0000] {logging_mixin.py:137} INFO - [2024-04-06T10:12:13.310+0000] {dag.py:3441} INFO - Setting next_dagrun for example_xcom to 2021-01-01T00:00:00+00:00, run_after=2021-01-01T00:00:00+00:00
[2024-04-06T10:12:13.362+0000] {processor.py:175} INFO - Processing /home/airflow/.local/lib/python3.7/site-packages/airflow/example_dags/example_xcom.py took 0.255 seconds
[2024-04-06T10:12:43.610+0000] {processor.py:153} INFO - Started process (PID=2199) to work on /home/airflow/.local/lib/python3.7/site-packages/airflow/example_dags/example_xcom.py
[2024-04-06T10:12:43.612+0000] {processor.py:743} INFO - Processing file /home/airflow/.local/lib/python3.7/site-packages/airflow/example_dags/example_xcom.py for tasks to queue
[2024-04-06T10:12:43.614+0000] {logging_mixin.py:137} INFO - [2024-04-06T10:12:43.613+0000] {dagbag.py:538} INFO - Filling up the DagBag from /home/airflow/.local/lib/python3.7/site-packages/airflow/example_dags/example_xcom.py
[2024-04-06T10:12:43.668+0000] {processor.py:753} INFO - DAG(s) dict_keys(['example_xcom']) retrieved from /home/airflow/.local/lib/python3.7/site-packages/airflow/example_dags/example_xcom.py
[2024-04-06T10:12:43.715+0000] {logging_mixin.py:137} INFO - [2024-04-06T10:12:43.715+0000] {dag.py:2690} INFO - Sync 1 DAGs
[2024-04-06T10:12:43.767+0000] {logging_mixin.py:137} INFO - [2024-04-06T10:12:43.767+0000] {dag.py:3441} INFO - Setting next_dagrun for example_xcom to 2021-01-01T00:00:00+00:00, run_after=2021-01-01T00:00:00+00:00
[2024-04-06T10:12:43.801+0000] {processor.py:175} INFO - Processing /home/airflow/.local/lib/python3.7/site-packages/airflow/example_dags/example_xcom.py took 0.200 seconds
[2024-04-06T10:42:04.004+0000] {processor.py:161} INFO - Started process (PID=52) to work on /home/airflow/.local/lib/python3.8/site-packages/airflow/example_dags/example_xcom.py
[2024-04-06T10:42:04.004+0000] {processor.py:830} INFO - Processing file /home/airflow/.local/lib/python3.8/site-packages/airflow/example_dags/example_xcom.py for tasks to queue
[2024-04-06T10:42:04.006+0000] {logging_mixin.py:188} INFO - [2024-04-06T10:42:04.005+0000] {dagbag.py:540} INFO - Filling up the DagBag from /home/airflow/.local/lib/python3.8/site-packages/airflow/example_dags/example_xcom.py
[2024-04-06T10:42:04.012+0000] {processor.py:840} INFO - DAG(s) 'example_xcom' retrieved from /home/airflow/.local/lib/python3.8/site-packages/airflow/example_dags/example_xcom.py
[2024-04-06T10:42:04.118+0000] {logging_mixin.py:188} INFO - [2024-04-06T10:42:04.118+0000] {override.py:1769} INFO - Created Permission View: can delete on DAG:example_xcom
[2024-04-06T10:42:04.129+0000] {logging_mixin.py:188} INFO - [2024-04-06T10:42:04.129+0000] {override.py:1769} INFO - Created Permission View: can read on DAG:example_xcom
[2024-04-06T10:42:04.135+0000] {logging_mixin.py:188} INFO - [2024-04-06T10:42:04.135+0000] {override.py:1769} INFO - Created Permission View: can edit on DAG:example_xcom
[2024-04-06T10:42:04.136+0000] {logging_mixin.py:188} INFO - [2024-04-06T10:42:04.136+0000] {dag.py:3047} INFO - Sync 1 DAGs
[2024-04-06T10:42:04.146+0000] {logging_mixin.py:188} INFO - [2024-04-06T10:42:04.146+0000] {dag.py:3069} INFO - Creating ORM DAG for example_xcom
[2024-04-06T10:42:04.158+0000] {logging_mixin.py:188} INFO - [2024-04-06T10:42:04.157+0000] {dag.py:3834} INFO - Setting next_dagrun for example_xcom to 2021-01-01 00:00:00+00:00, run_after=2021-01-01 00:00:00+00:00
[2024-04-06T10:42:04.176+0000] {processor.py:183} INFO - Processing /home/airflow/.local/lib/python3.8/site-packages/airflow/example_dags/example_xcom.py took 0.175 seconds
[2024-04-06T10:42:34.254+0000] {processor.py:161} INFO - Started process (PID=108) to work on /home/airflow/.local/lib/python3.8/site-packages/airflow/example_dags/example_xcom.py
[2024-04-06T10:42:34.255+0000] {processor.py:830} INFO - Processing file /home/airflow/.local/lib/python3.8/site-packages/airflow/example_dags/example_xcom.py for tasks to queue
[2024-04-06T10:42:34.256+0000] {logging_mixin.py:188} INFO - [2024-04-06T10:42:34.256+0000] {dagbag.py:540} INFO - Filling up the DagBag from /home/airflow/.local/lib/python3.8/site-packages/airflow/example_dags/example_xcom.py
[2024-04-06T10:42:34.263+0000] {processor.py:840} INFO - DAG(s) 'example_xcom' retrieved from /home/airflow/.local/lib/python3.8/site-packages/airflow/example_dags/example_xcom.py
[2024-04-06T10:42:34.281+0000] {logging_mixin.py:188} INFO - [2024-04-06T10:42:34.281+0000] {dag.py:3047} INFO - Sync 1 DAGs
[2024-04-06T10:42:34.301+0000] {logging_mixin.py:188} INFO - [2024-04-06T10:42:34.301+0000] {dag.py:3834} INFO - Setting next_dagrun for example_xcom to 2021-01-01 00:00:00+00:00, run_after=2021-01-01 00:00:00+00:00
[2024-04-06T10:42:34.314+0000] {processor.py:183} INFO - Processing /home/airflow/.local/lib/python3.8/site-packages/airflow/example_dags/example_xcom.py took 0.063 seconds
[2024-04-06T10:43:04.398+0000] {processor.py:161} INFO - Started process (PID=164) to work on /home/airflow/.local/lib/python3.8/site-packages/airflow/example_dags/example_xcom.py
[2024-04-06T10:43:04.398+0000] {processor.py:830} INFO - Processing file /home/airflow/.local/lib/python3.8/site-packages/airflow/example_dags/example_xcom.py for tasks to queue
[2024-04-06T10:43:04.399+0000] {logging_mixin.py:188} INFO - [2024-04-06T10:43:04.399+0000] {dagbag.py:540} INFO - Filling up the DagBag from /home/airflow/.local/lib/python3.8/site-packages/airflow/example_dags/example_xcom.py
[2024-04-06T10:43:04.404+0000] {processor.py:840} INFO - DAG(s) 'example_xcom' retrieved from /home/airflow/.local/lib/python3.8/site-packages/airflow/example_dags/example_xcom.py
[2024-04-06T10:43:04.417+0000] {logging_mixin.py:188} INFO - [2024-04-06T10:43:04.416+0000] {dag.py:3047} INFO - Sync 1 DAGs
[2024-04-06T10:43:04.439+0000] {logging_mixin.py:188} INFO - [2024-04-06T10:43:04.439+0000] {dag.py:3834} INFO - Setting next_dagrun for example_xcom to 2021-01-01 00:00:00+00:00, run_after=2021-01-01 00:00:00+00:00
[2024-04-06T10:43:04.449+0000] {processor.py:183} INFO - Processing /home/airflow/.local/lib/python3.8/site-packages/airflow/example_dags/example_xcom.py took 0.053 seconds
[2024-04-06T10:43:34.870+0000] {processor.py:161} INFO - Started process (PID=220) to work on /home/airflow/.local/lib/python3.8/site-packages/airflow/example_dags/example_xcom.py
[2024-04-06T10:43:34.870+0000] {processor.py:830} INFO - Processing file /home/airflow/.local/lib/python3.8/site-packages/airflow/example_dags/example_xcom.py for tasks to queue
[2024-04-06T10:43:34.871+0000] {logging_mixin.py:188} INFO - [2024-04-06T10:43:34.871+0000] {dagbag.py:540} INFO - Filling up the DagBag from /home/airflow/.local/lib/python3.8/site-packages/airflow/example_dags/example_xcom.py
[2024-04-06T10:43:34.876+0000] {processor.py:840} INFO - DAG(s) 'example_xcom' retrieved from /home/airflow/.local/lib/python3.8/site-packages/airflow/example_dags/example_xcom.py
[2024-04-06T10:43:34.888+0000] {logging_mixin.py:188} INFO - [2024-04-06T10:43:34.888+0000] {dag.py:3047} INFO - Sync 1 DAGs
[2024-04-06T10:43:34.902+0000] {logging_mixin.py:188} INFO - [2024-04-06T10:43:34.902+0000] {dag.py:3834} INFO - Setting next_dagrun for example_xcom to 2021-01-01 00:00:00+00:00, run_after=2021-01-01 00:00:00+00:00
[2024-04-06T10:43:34.916+0000] {processor.py:183} INFO - Processing /home/airflow/.local/lib/python3.8/site-packages/airflow/example_dags/example_xcom.py took 0.049 seconds
[2024-04-06T10:44:05.540+0000] {processor.py:161} INFO - Started process (PID=276) to work on /home/airflow/.local/lib/python3.8/site-packages/airflow/example_dags/example_xcom.py
[2024-04-06T10:44:05.541+0000] {processor.py:830} INFO - Processing file /home/airflow/.local/lib/python3.8/site-packages/airflow/example_dags/example_xcom.py for tasks to queue
[2024-04-06T10:44:05.542+0000] {logging_mixin.py:188} INFO - [2024-04-06T10:44:05.542+0000] {dagbag.py:540} INFO - Filling up the DagBag from /home/airflow/.local/lib/python3.8/site-packages/airflow/example_dags/example_xcom.py
[2024-04-06T10:44:05.547+0000] {processor.py:840} INFO - DAG(s) 'example_xcom' retrieved from /home/airflow/.local/lib/python3.8/site-packages/airflow/example_dags/example_xcom.py
[2024-04-06T10:44:05.561+0000] {logging_mixin.py:188} INFO - [2024-04-06T10:44:05.561+0000] {dag.py:3047} INFO - Sync 1 DAGs
[2024-04-06T10:44:05.579+0000] {logging_mixin.py:188} INFO - [2024-04-06T10:44:05.578+0000] {dag.py:3834} INFO - Setting next_dagrun for example_xcom to 2021-01-01 00:00:00+00:00, run_after=2021-01-01 00:00:00+00:00
[2024-04-06T10:44:05.592+0000] {processor.py:183} INFO - Processing /home/airflow/.local/lib/python3.8/site-packages/airflow/example_dags/example_xcom.py took 0.053 seconds
[2024-04-06T10:44:36.285+0000] {processor.py:161} INFO - Started process (PID=332) to work on /home/airflow/.local/lib/python3.8/site-packages/airflow/example_dags/example_xcom.py
[2024-04-06T10:44:36.286+0000] {processor.py:830} INFO - Processing file /home/airflow/.local/lib/python3.8/site-packages/airflow/example_dags/example_xcom.py for tasks to queue
[2024-04-06T10:44:36.287+0000] {logging_mixin.py:188} INFO - [2024-04-06T10:44:36.287+0000] {dagbag.py:540} INFO - Filling up the DagBag from /home/airflow/.local/lib/python3.8/site-packages/airflow/example_dags/example_xcom.py
[2024-04-06T10:44:36.291+0000] {processor.py:840} INFO - DAG(s) 'example_xcom' retrieved from /home/airflow/.local/lib/python3.8/site-packages/airflow/example_dags/example_xcom.py
[2024-04-06T10:44:36.304+0000] {logging_mixin.py:188} INFO - [2024-04-06T10:44:36.304+0000] {dag.py:3047} INFO - Sync 1 DAGs
[2024-04-06T10:44:36.318+0000] {logging_mixin.py:188} INFO - [2024-04-06T10:44:36.318+0000] {dag.py:3834} INFO - Setting next_dagrun for example_xcom to 2021-01-01 00:00:00+00:00, run_after=2021-01-01 00:00:00+00:00
[2024-04-06T10:44:36.330+0000] {processor.py:183} INFO - Processing /home/airflow/.local/lib/python3.8/site-packages/airflow/example_dags/example_xcom.py took 0.047 seconds
[2024-04-06T10:45:06.422+0000] {processor.py:161} INFO - Started process (PID=388) to work on /home/airflow/.local/lib/python3.8/site-packages/airflow/example_dags/example_xcom.py
[2024-04-06T10:45:06.423+0000] {processor.py:830} INFO - Processing file /home/airflow/.local/lib/python3.8/site-packages/airflow/example_dags/example_xcom.py for tasks to queue
[2024-04-06T10:45:06.424+0000] {logging_mixin.py:188} INFO - [2024-04-06T10:45:06.424+0000] {dagbag.py:540} INFO - Filling up the DagBag from /home/airflow/.local/lib/python3.8/site-packages/airflow/example_dags/example_xcom.py
[2024-04-06T10:45:06.429+0000] {processor.py:840} INFO - DAG(s) 'example_xcom' retrieved from /home/airflow/.local/lib/python3.8/site-packages/airflow/example_dags/example_xcom.py
[2024-04-06T10:45:06.443+0000] {logging_mixin.py:188} INFO - [2024-04-06T10:45:06.443+0000] {dag.py:3047} INFO - Sync 1 DAGs
[2024-04-06T10:45:06.458+0000] {logging_mixin.py:188} INFO - [2024-04-06T10:45:06.458+0000] {dag.py:3834} INFO - Setting next_dagrun for example_xcom to 2021-01-01 00:00:00+00:00, run_after=2021-01-01 00:00:00+00:00
[2024-04-06T10:45:06.471+0000] {processor.py:183} INFO - Processing /home/airflow/.local/lib/python3.8/site-packages/airflow/example_dags/example_xcom.py took 0.050 seconds
