[2024-04-06T09:36:49.152+0000] {processor.py:153} INFO - Started process (PID=79) to work on /home/airflow/.local/lib/python3.7/site-packages/airflow/example_dags/example_nested_branch_dag.py
[2024-04-06T09:36:49.153+0000] {processor.py:743} INFO - Processing file /home/airflow/.local/lib/python3.7/site-packages/airflow/example_dags/example_nested_branch_dag.py for tasks to queue
[2024-04-06T09:36:49.154+0000] {logging_mixin.py:137} INFO - [2024-04-06T09:36:49.153+0000] {dagbag.py:538} INFO - Filling up the DagBag from /home/airflow/.local/lib/python3.7/site-packages/airflow/example_dags/example_nested_branch_dag.py
[2024-04-06T09:36:49.197+0000] {processor.py:753} INFO - DAG(s) dict_keys(['example_nested_branch_dag']) retrieved from /home/airflow/.local/lib/python3.7/site-packages/airflow/example_dags/example_nested_branch_dag.py
[2024-04-06T09:36:49.216+0000] {logging_mixin.py:137} INFO - [2024-04-06T09:36:49.216+0000] {dag.py:2690} INFO - Sync 1 DAGs
[2024-04-06T09:36:49.266+0000] {logging_mixin.py:137} INFO - [2024-04-06T09:36:49.266+0000] {dag.py:3441} INFO - Setting next_dagrun for example_nested_branch_dag to 2024-04-05T00:00:00+00:00, run_after=2024-04-06T00:00:00+00:00
[2024-04-06T09:36:49.298+0000] {processor.py:175} INFO - Processing /home/airflow/.local/lib/python3.7/site-packages/airflow/example_dags/example_nested_branch_dag.py took 0.151 seconds
[2024-04-06T09:37:19.785+0000] {processor.py:153} INFO - Started process (PID=151) to work on /home/airflow/.local/lib/python3.7/site-packages/airflow/example_dags/example_nested_branch_dag.py
[2024-04-06T09:37:19.786+0000] {processor.py:743} INFO - Processing file /home/airflow/.local/lib/python3.7/site-packages/airflow/example_dags/example_nested_branch_dag.py for tasks to queue
[2024-04-06T09:37:19.786+0000] {logging_mixin.py:137} INFO - [2024-04-06T09:37:19.786+0000] {dagbag.py:538} INFO - Filling up the DagBag from /home/airflow/.local/lib/python3.7/site-packages/airflow/example_dags/example_nested_branch_dag.py
[2024-04-06T09:37:19.811+0000] {processor.py:753} INFO - DAG(s) dict_keys(['example_nested_branch_dag']) retrieved from /home/airflow/.local/lib/python3.7/site-packages/airflow/example_dags/example_nested_branch_dag.py
[2024-04-06T09:37:19.823+0000] {logging_mixin.py:137} INFO - [2024-04-06T09:37:19.823+0000] {dag.py:2690} INFO - Sync 1 DAGs
[2024-04-06T09:37:19.851+0000] {logging_mixin.py:137} INFO - [2024-04-06T09:37:19.851+0000] {dag.py:3441} INFO - Setting next_dagrun for example_nested_branch_dag to 2024-04-05T00:00:00+00:00, run_after=2024-04-06T00:00:00+00:00
[2024-04-06T09:37:19.875+0000] {processor.py:175} INFO - Processing /home/airflow/.local/lib/python3.7/site-packages/airflow/example_dags/example_nested_branch_dag.py took 0.093 seconds
[2024-04-06T09:37:50.620+0000] {processor.py:153} INFO - Started process (PID=223) to work on /home/airflow/.local/lib/python3.7/site-packages/airflow/example_dags/example_nested_branch_dag.py
[2024-04-06T09:37:50.621+0000] {processor.py:743} INFO - Processing file /home/airflow/.local/lib/python3.7/site-packages/airflow/example_dags/example_nested_branch_dag.py for tasks to queue
[2024-04-06T09:37:50.621+0000] {logging_mixin.py:137} INFO - [2024-04-06T09:37:50.621+0000] {dagbag.py:538} INFO - Filling up the DagBag from /home/airflow/.local/lib/python3.7/site-packages/airflow/example_dags/example_nested_branch_dag.py
[2024-04-06T09:37:50.646+0000] {processor.py:753} INFO - DAG(s) dict_keys(['example_nested_branch_dag']) retrieved from /home/airflow/.local/lib/python3.7/site-packages/airflow/example_dags/example_nested_branch_dag.py
[2024-04-06T09:37:50.672+0000] {logging_mixin.py:137} INFO - [2024-04-06T09:37:50.672+0000] {dag.py:2690} INFO - Sync 1 DAGs
[2024-04-06T09:37:50.699+0000] {logging_mixin.py:137} INFO - [2024-04-06T09:37:50.699+0000] {dag.py:3441} INFO - Setting next_dagrun for example_nested_branch_dag to 2024-04-05T00:00:00+00:00, run_after=2024-04-06T00:00:00+00:00
[2024-04-06T09:37:50.720+0000] {processor.py:175} INFO - Processing /home/airflow/.local/lib/python3.7/site-packages/airflow/example_dags/example_nested_branch_dag.py took 0.103 seconds
[2024-04-06T09:38:21.338+0000] {processor.py:153} INFO - Started process (PID=311) to work on /home/airflow/.local/lib/python3.7/site-packages/airflow/example_dags/example_nested_branch_dag.py
[2024-04-06T09:38:21.339+0000] {processor.py:743} INFO - Processing file /home/airflow/.local/lib/python3.7/site-packages/airflow/example_dags/example_nested_branch_dag.py for tasks to queue
[2024-04-06T09:38:21.340+0000] {logging_mixin.py:137} INFO - [2024-04-06T09:38:21.339+0000] {dagbag.py:538} INFO - Filling up the DagBag from /home/airflow/.local/lib/python3.7/site-packages/airflow/example_dags/example_nested_branch_dag.py
[2024-04-06T09:38:21.365+0000] {processor.py:753} INFO - DAG(s) dict_keys(['example_nested_branch_dag']) retrieved from /home/airflow/.local/lib/python3.7/site-packages/airflow/example_dags/example_nested_branch_dag.py
[2024-04-06T09:38:21.390+0000] {logging_mixin.py:137} INFO - [2024-04-06T09:38:21.389+0000] {dag.py:2690} INFO - Sync 1 DAGs
[2024-04-06T09:38:21.416+0000] {logging_mixin.py:137} INFO - [2024-04-06T09:38:21.416+0000] {dag.py:3441} INFO - Setting next_dagrun for example_nested_branch_dag to 2024-04-05T00:00:00+00:00, run_after=2024-04-06T00:00:00+00:00
[2024-04-06T09:38:21.433+0000] {processor.py:175} INFO - Processing /home/airflow/.local/lib/python3.7/site-packages/airflow/example_dags/example_nested_branch_dag.py took 0.098 seconds
[2024-04-06T09:38:51.515+0000] {processor.py:153} INFO - Started process (PID=382) to work on /home/airflow/.local/lib/python3.7/site-packages/airflow/example_dags/example_nested_branch_dag.py
[2024-04-06T09:38:51.515+0000] {processor.py:743} INFO - Processing file /home/airflow/.local/lib/python3.7/site-packages/airflow/example_dags/example_nested_branch_dag.py for tasks to queue
[2024-04-06T09:38:51.516+0000] {logging_mixin.py:137} INFO - [2024-04-06T09:38:51.516+0000] {dagbag.py:538} INFO - Filling up the DagBag from /home/airflow/.local/lib/python3.7/site-packages/airflow/example_dags/example_nested_branch_dag.py
[2024-04-06T09:38:51.535+0000] {processor.py:753} INFO - DAG(s) dict_keys(['example_nested_branch_dag']) retrieved from /home/airflow/.local/lib/python3.7/site-packages/airflow/example_dags/example_nested_branch_dag.py
[2024-04-06T09:38:51.556+0000] {logging_mixin.py:137} INFO - [2024-04-06T09:38:51.556+0000] {dag.py:2690} INFO - Sync 1 DAGs
[2024-04-06T09:38:51.580+0000] {logging_mixin.py:137} INFO - [2024-04-06T09:38:51.579+0000] {dag.py:3441} INFO - Setting next_dagrun for example_nested_branch_dag to 2024-04-05T00:00:00+00:00, run_after=2024-04-06T00:00:00+00:00
[2024-04-06T09:38:51.597+0000] {processor.py:175} INFO - Processing /home/airflow/.local/lib/python3.7/site-packages/airflow/example_dags/example_nested_branch_dag.py took 0.085 seconds
[2024-04-06T09:39:21.726+0000] {processor.py:153} INFO - Started process (PID=471) to work on /home/airflow/.local/lib/python3.7/site-packages/airflow/example_dags/example_nested_branch_dag.py
[2024-04-06T09:39:21.727+0000] {processor.py:743} INFO - Processing file /home/airflow/.local/lib/python3.7/site-packages/airflow/example_dags/example_nested_branch_dag.py for tasks to queue
[2024-04-06T09:39:21.727+0000] {logging_mixin.py:137} INFO - [2024-04-06T09:39:21.727+0000] {dagbag.py:538} INFO - Filling up the DagBag from /home/airflow/.local/lib/python3.7/site-packages/airflow/example_dags/example_nested_branch_dag.py
[2024-04-06T09:39:21.747+0000] {processor.py:753} INFO - DAG(s) dict_keys(['example_nested_branch_dag']) retrieved from /home/airflow/.local/lib/python3.7/site-packages/airflow/example_dags/example_nested_branch_dag.py
[2024-04-06T09:39:21.767+0000] {logging_mixin.py:137} INFO - [2024-04-06T09:39:21.767+0000] {dag.py:2690} INFO - Sync 1 DAGs
[2024-04-06T09:39:21.791+0000] {logging_mixin.py:137} INFO - [2024-04-06T09:39:21.791+0000] {dag.py:3441} INFO - Setting next_dagrun for example_nested_branch_dag to 2024-04-05T00:00:00+00:00, run_after=2024-04-06T00:00:00+00:00
[2024-04-06T09:39:21.814+0000] {processor.py:175} INFO - Processing /home/airflow/.local/lib/python3.7/site-packages/airflow/example_dags/example_nested_branch_dag.py took 0.090 seconds
[2024-04-06T09:39:51.890+0000] {processor.py:153} INFO - Started process (PID=542) to work on /home/airflow/.local/lib/python3.7/site-packages/airflow/example_dags/example_nested_branch_dag.py
[2024-04-06T09:39:51.891+0000] {processor.py:743} INFO - Processing file /home/airflow/.local/lib/python3.7/site-packages/airflow/example_dags/example_nested_branch_dag.py for tasks to queue
[2024-04-06T09:39:51.892+0000] {logging_mixin.py:137} INFO - [2024-04-06T09:39:51.892+0000] {dagbag.py:538} INFO - Filling up the DagBag from /home/airflow/.local/lib/python3.7/site-packages/airflow/example_dags/example_nested_branch_dag.py
[2024-04-06T09:39:51.924+0000] {processor.py:753} INFO - DAG(s) dict_keys(['example_nested_branch_dag']) retrieved from /home/airflow/.local/lib/python3.7/site-packages/airflow/example_dags/example_nested_branch_dag.py
[2024-04-06T09:39:51.952+0000] {logging_mixin.py:137} INFO - [2024-04-06T09:39:51.952+0000] {dag.py:2690} INFO - Sync 1 DAGs
[2024-04-06T09:39:51.984+0000] {logging_mixin.py:137} INFO - [2024-04-06T09:39:51.984+0000] {dag.py:3441} INFO - Setting next_dagrun for example_nested_branch_dag to 2024-04-05T00:00:00+00:00, run_after=2024-04-06T00:00:00+00:00
[2024-04-06T09:39:52.007+0000] {processor.py:175} INFO - Processing /home/airflow/.local/lib/python3.7/site-packages/airflow/example_dags/example_nested_branch_dag.py took 0.119 seconds
[2024-04-06T09:40:22.375+0000] {processor.py:153} INFO - Started process (PID=630) to work on /home/airflow/.local/lib/python3.7/site-packages/airflow/example_dags/example_nested_branch_dag.py
[2024-04-06T09:40:22.376+0000] {processor.py:743} INFO - Processing file /home/airflow/.local/lib/python3.7/site-packages/airflow/example_dags/example_nested_branch_dag.py for tasks to queue
[2024-04-06T09:40:22.376+0000] {logging_mixin.py:137} INFO - [2024-04-06T09:40:22.376+0000] {dagbag.py:538} INFO - Filling up the DagBag from /home/airflow/.local/lib/python3.7/site-packages/airflow/example_dags/example_nested_branch_dag.py
[2024-04-06T09:40:22.397+0000] {processor.py:753} INFO - DAG(s) dict_keys(['example_nested_branch_dag']) retrieved from /home/airflow/.local/lib/python3.7/site-packages/airflow/example_dags/example_nested_branch_dag.py
[2024-04-06T09:40:22.418+0000] {logging_mixin.py:137} INFO - [2024-04-06T09:40:22.418+0000] {dag.py:2690} INFO - Sync 1 DAGs
[2024-04-06T09:40:22.444+0000] {logging_mixin.py:137} INFO - [2024-04-06T09:40:22.444+0000] {dag.py:3441} INFO - Setting next_dagrun for example_nested_branch_dag to 2024-04-05T00:00:00+00:00, run_after=2024-04-06T00:00:00+00:00
[2024-04-06T09:40:22.461+0000] {processor.py:175} INFO - Processing /home/airflow/.local/lib/python3.7/site-packages/airflow/example_dags/example_nested_branch_dag.py took 0.088 seconds
[2024-04-06T09:40:52.684+0000] {processor.py:153} INFO - Started process (PID=702) to work on /home/airflow/.local/lib/python3.7/site-packages/airflow/example_dags/example_nested_branch_dag.py
[2024-04-06T09:40:52.685+0000] {processor.py:743} INFO - Processing file /home/airflow/.local/lib/python3.7/site-packages/airflow/example_dags/example_nested_branch_dag.py for tasks to queue
[2024-04-06T09:40:52.685+0000] {logging_mixin.py:137} INFO - [2024-04-06T09:40:52.685+0000] {dagbag.py:538} INFO - Filling up the DagBag from /home/airflow/.local/lib/python3.7/site-packages/airflow/example_dags/example_nested_branch_dag.py
[2024-04-06T09:40:52.706+0000] {processor.py:753} INFO - DAG(s) dict_keys(['example_nested_branch_dag']) retrieved from /home/airflow/.local/lib/python3.7/site-packages/airflow/example_dags/example_nested_branch_dag.py
[2024-04-06T09:40:52.728+0000] {logging_mixin.py:137} INFO - [2024-04-06T09:40:52.727+0000] {dag.py:2690} INFO - Sync 1 DAGs
[2024-04-06T09:40:52.752+0000] {logging_mixin.py:137} INFO - [2024-04-06T09:40:52.752+0000] {dag.py:3441} INFO - Setting next_dagrun for example_nested_branch_dag to 2024-04-05T00:00:00+00:00, run_after=2024-04-06T00:00:00+00:00
[2024-04-06T09:40:52.768+0000] {processor.py:175} INFO - Processing /home/airflow/.local/lib/python3.7/site-packages/airflow/example_dags/example_nested_branch_dag.py took 0.086 seconds
[2024-04-06T09:41:23.131+0000] {processor.py:153} INFO - Started process (PID=790) to work on /home/airflow/.local/lib/python3.7/site-packages/airflow/example_dags/example_nested_branch_dag.py
[2024-04-06T09:41:23.132+0000] {processor.py:743} INFO - Processing file /home/airflow/.local/lib/python3.7/site-packages/airflow/example_dags/example_nested_branch_dag.py for tasks to queue
[2024-04-06T09:41:23.133+0000] {logging_mixin.py:137} INFO - [2024-04-06T09:41:23.133+0000] {dagbag.py:538} INFO - Filling up the DagBag from /home/airflow/.local/lib/python3.7/site-packages/airflow/example_dags/example_nested_branch_dag.py
[2024-04-06T09:41:23.152+0000] {processor.py:753} INFO - DAG(s) dict_keys(['example_nested_branch_dag']) retrieved from /home/airflow/.local/lib/python3.7/site-packages/airflow/example_dags/example_nested_branch_dag.py
[2024-04-06T09:41:23.172+0000] {logging_mixin.py:137} INFO - [2024-04-06T09:41:23.172+0000] {dag.py:2690} INFO - Sync 1 DAGs
[2024-04-06T09:41:23.195+0000] {logging_mixin.py:137} INFO - [2024-04-06T09:41:23.195+0000] {dag.py:3441} INFO - Setting next_dagrun for example_nested_branch_dag to 2024-04-05T00:00:00+00:00, run_after=2024-04-06T00:00:00+00:00
[2024-04-06T09:41:23.213+0000] {processor.py:175} INFO - Processing /home/airflow/.local/lib/python3.7/site-packages/airflow/example_dags/example_nested_branch_dag.py took 0.084 seconds
[2024-04-06T09:41:53.433+0000] {processor.py:153} INFO - Started process (PID=862) to work on /home/airflow/.local/lib/python3.7/site-packages/airflow/example_dags/example_nested_branch_dag.py
[2024-04-06T09:41:53.434+0000] {processor.py:743} INFO - Processing file /home/airflow/.local/lib/python3.7/site-packages/airflow/example_dags/example_nested_branch_dag.py for tasks to queue
[2024-04-06T09:41:53.434+0000] {logging_mixin.py:137} INFO - [2024-04-06T09:41:53.434+0000] {dagbag.py:538} INFO - Filling up the DagBag from /home/airflow/.local/lib/python3.7/site-packages/airflow/example_dags/example_nested_branch_dag.py
[2024-04-06T09:41:53.463+0000] {processor.py:753} INFO - DAG(s) dict_keys(['example_nested_branch_dag']) retrieved from /home/airflow/.local/lib/python3.7/site-packages/airflow/example_dags/example_nested_branch_dag.py
[2024-04-06T09:41:53.488+0000] {logging_mixin.py:137} INFO - [2024-04-06T09:41:53.487+0000] {dag.py:2690} INFO - Sync 1 DAGs
[2024-04-06T09:41:53.526+0000] {logging_mixin.py:137} INFO - [2024-04-06T09:41:53.526+0000] {dag.py:3441} INFO - Setting next_dagrun for example_nested_branch_dag to 2024-04-05T00:00:00+00:00, run_after=2024-04-06T00:00:00+00:00
[2024-04-06T09:41:53.552+0000] {processor.py:175} INFO - Processing /home/airflow/.local/lib/python3.7/site-packages/airflow/example_dags/example_nested_branch_dag.py took 0.122 seconds
[2024-04-06T09:42:24.201+0000] {processor.py:153} INFO - Started process (PID=950) to work on /home/airflow/.local/lib/python3.7/site-packages/airflow/example_dags/example_nested_branch_dag.py
[2024-04-06T09:42:24.201+0000] {processor.py:743} INFO - Processing file /home/airflow/.local/lib/python3.7/site-packages/airflow/example_dags/example_nested_branch_dag.py for tasks to queue
[2024-04-06T09:42:24.202+0000] {logging_mixin.py:137} INFO - [2024-04-06T09:42:24.202+0000] {dagbag.py:538} INFO - Filling up the DagBag from /home/airflow/.local/lib/python3.7/site-packages/airflow/example_dags/example_nested_branch_dag.py
[2024-04-06T09:42:24.228+0000] {processor.py:753} INFO - DAG(s) dict_keys(['example_nested_branch_dag']) retrieved from /home/airflow/.local/lib/python3.7/site-packages/airflow/example_dags/example_nested_branch_dag.py
[2024-04-06T09:42:24.262+0000] {logging_mixin.py:137} INFO - [2024-04-06T09:42:24.262+0000] {dag.py:2690} INFO - Sync 1 DAGs
[2024-04-06T09:42:24.302+0000] {logging_mixin.py:137} INFO - [2024-04-06T09:42:24.302+0000] {dag.py:3441} INFO - Setting next_dagrun for example_nested_branch_dag to 2024-04-05T00:00:00+00:00, run_after=2024-04-06T00:00:00+00:00
[2024-04-06T09:42:24.327+0000] {processor.py:175} INFO - Processing /home/airflow/.local/lib/python3.7/site-packages/airflow/example_dags/example_nested_branch_dag.py took 0.129 seconds
[2024-04-06T09:42:54.399+0000] {processor.py:153} INFO - Started process (PID=1022) to work on /home/airflow/.local/lib/python3.7/site-packages/airflow/example_dags/example_nested_branch_dag.py
[2024-04-06T09:42:54.400+0000] {processor.py:743} INFO - Processing file /home/airflow/.local/lib/python3.7/site-packages/airflow/example_dags/example_nested_branch_dag.py for tasks to queue
[2024-04-06T09:42:54.400+0000] {logging_mixin.py:137} INFO - [2024-04-06T09:42:54.400+0000] {dagbag.py:538} INFO - Filling up the DagBag from /home/airflow/.local/lib/python3.7/site-packages/airflow/example_dags/example_nested_branch_dag.py
[2024-04-06T09:42:54.423+0000] {processor.py:753} INFO - DAG(s) dict_keys(['example_nested_branch_dag']) retrieved from /home/airflow/.local/lib/python3.7/site-packages/airflow/example_dags/example_nested_branch_dag.py
[2024-04-06T09:42:54.444+0000] {logging_mixin.py:137} INFO - [2024-04-06T09:42:54.444+0000] {dag.py:2690} INFO - Sync 1 DAGs
[2024-04-06T09:42:54.471+0000] {logging_mixin.py:137} INFO - [2024-04-06T09:42:54.471+0000] {dag.py:3441} INFO - Setting next_dagrun for example_nested_branch_dag to 2024-04-05T00:00:00+00:00, run_after=2024-04-06T00:00:00+00:00
[2024-04-06T09:42:54.489+0000] {processor.py:175} INFO - Processing /home/airflow/.local/lib/python3.7/site-packages/airflow/example_dags/example_nested_branch_dag.py took 0.093 seconds
[2024-04-06T09:43:25.081+0000] {processor.py:153} INFO - Started process (PID=1109) to work on /home/airflow/.local/lib/python3.7/site-packages/airflow/example_dags/example_nested_branch_dag.py
[2024-04-06T09:43:25.082+0000] {processor.py:743} INFO - Processing file /home/airflow/.local/lib/python3.7/site-packages/airflow/example_dags/example_nested_branch_dag.py for tasks to queue
[2024-04-06T09:43:25.083+0000] {logging_mixin.py:137} INFO - [2024-04-06T09:43:25.082+0000] {dagbag.py:538} INFO - Filling up the DagBag from /home/airflow/.local/lib/python3.7/site-packages/airflow/example_dags/example_nested_branch_dag.py
[2024-04-06T09:43:25.102+0000] {processor.py:753} INFO - DAG(s) dict_keys(['example_nested_branch_dag']) retrieved from /home/airflow/.local/lib/python3.7/site-packages/airflow/example_dags/example_nested_branch_dag.py
[2024-04-06T09:43:25.125+0000] {logging_mixin.py:137} INFO - [2024-04-06T09:43:25.125+0000] {dag.py:2690} INFO - Sync 1 DAGs
[2024-04-06T09:43:25.146+0000] {logging_mixin.py:137} INFO - [2024-04-06T09:43:25.146+0000] {dag.py:3441} INFO - Setting next_dagrun for example_nested_branch_dag to 2024-04-05T00:00:00+00:00, run_after=2024-04-06T00:00:00+00:00
[2024-04-06T09:43:25.161+0000] {processor.py:175} INFO - Processing /home/airflow/.local/lib/python3.7/site-packages/airflow/example_dags/example_nested_branch_dag.py took 0.082 seconds
[2024-04-06T09:43:55.263+0000] {processor.py:153} INFO - Started process (PID=1181) to work on /home/airflow/.local/lib/python3.7/site-packages/airflow/example_dags/example_nested_branch_dag.py
[2024-04-06T09:43:55.263+0000] {processor.py:743} INFO - Processing file /home/airflow/.local/lib/python3.7/site-packages/airflow/example_dags/example_nested_branch_dag.py for tasks to queue
[2024-04-06T09:43:55.264+0000] {logging_mixin.py:137} INFO - [2024-04-06T09:43:55.264+0000] {dagbag.py:538} INFO - Filling up the DagBag from /home/airflow/.local/lib/python3.7/site-packages/airflow/example_dags/example_nested_branch_dag.py
[2024-04-06T09:43:55.286+0000] {processor.py:753} INFO - DAG(s) dict_keys(['example_nested_branch_dag']) retrieved from /home/airflow/.local/lib/python3.7/site-packages/airflow/example_dags/example_nested_branch_dag.py
[2024-04-06T09:43:55.311+0000] {logging_mixin.py:137} INFO - [2024-04-06T09:43:55.311+0000] {dag.py:2690} INFO - Sync 1 DAGs
[2024-04-06T09:43:55.335+0000] {logging_mixin.py:137} INFO - [2024-04-06T09:43:55.334+0000] {dag.py:3441} INFO - Setting next_dagrun for example_nested_branch_dag to 2024-04-05T00:00:00+00:00, run_after=2024-04-06T00:00:00+00:00
[2024-04-06T09:43:55.354+0000] {processor.py:175} INFO - Processing /home/airflow/.local/lib/python3.7/site-packages/airflow/example_dags/example_nested_branch_dag.py took 0.095 seconds
[2024-04-06T09:44:26.081+0000] {processor.py:153} INFO - Started process (PID=1269) to work on /home/airflow/.local/lib/python3.7/site-packages/airflow/example_dags/example_nested_branch_dag.py
[2024-04-06T09:44:26.082+0000] {processor.py:743} INFO - Processing file /home/airflow/.local/lib/python3.7/site-packages/airflow/example_dags/example_nested_branch_dag.py for tasks to queue
[2024-04-06T09:44:26.082+0000] {logging_mixin.py:137} INFO - [2024-04-06T09:44:26.082+0000] {dagbag.py:538} INFO - Filling up the DagBag from /home/airflow/.local/lib/python3.7/site-packages/airflow/example_dags/example_nested_branch_dag.py
[2024-04-06T09:44:26.117+0000] {processor.py:753} INFO - DAG(s) dict_keys(['example_nested_branch_dag']) retrieved from /home/airflow/.local/lib/python3.7/site-packages/airflow/example_dags/example_nested_branch_dag.py
[2024-04-06T09:44:26.144+0000] {logging_mixin.py:137} INFO - [2024-04-06T09:44:26.144+0000] {dag.py:2690} INFO - Sync 1 DAGs
[2024-04-06T09:44:26.178+0000] {logging_mixin.py:137} INFO - [2024-04-06T09:44:26.178+0000] {dag.py:3441} INFO - Setting next_dagrun for example_nested_branch_dag to 2024-04-05T00:00:00+00:00, run_after=2024-04-06T00:00:00+00:00
[2024-04-06T09:44:26.197+0000] {processor.py:175} INFO - Processing /home/airflow/.local/lib/python3.7/site-packages/airflow/example_dags/example_nested_branch_dag.py took 0.118 seconds
[2024-04-06T09:44:56.232+0000] {processor.py:153} INFO - Started process (PID=1341) to work on /home/airflow/.local/lib/python3.7/site-packages/airflow/example_dags/example_nested_branch_dag.py
[2024-04-06T09:44:56.233+0000] {processor.py:743} INFO - Processing file /home/airflow/.local/lib/python3.7/site-packages/airflow/example_dags/example_nested_branch_dag.py for tasks to queue
[2024-04-06T09:44:56.233+0000] {logging_mixin.py:137} INFO - [2024-04-06T09:44:56.233+0000] {dagbag.py:538} INFO - Filling up the DagBag from /home/airflow/.local/lib/python3.7/site-packages/airflow/example_dags/example_nested_branch_dag.py
[2024-04-06T09:44:56.255+0000] {processor.py:753} INFO - DAG(s) dict_keys(['example_nested_branch_dag']) retrieved from /home/airflow/.local/lib/python3.7/site-packages/airflow/example_dags/example_nested_branch_dag.py
[2024-04-06T09:44:56.280+0000] {logging_mixin.py:137} INFO - [2024-04-06T09:44:56.279+0000] {dag.py:2690} INFO - Sync 1 DAGs
[2024-04-06T09:44:56.302+0000] {logging_mixin.py:137} INFO - [2024-04-06T09:44:56.301+0000] {dag.py:3441} INFO - Setting next_dagrun for example_nested_branch_dag to 2024-04-05T00:00:00+00:00, run_after=2024-04-06T00:00:00+00:00
[2024-04-06T09:44:56.319+0000] {processor.py:175} INFO - Processing /home/airflow/.local/lib/python3.7/site-packages/airflow/example_dags/example_nested_branch_dag.py took 0.089 seconds
[2024-04-06T09:45:26.723+0000] {processor.py:153} INFO - Started process (PID=1429) to work on /home/airflow/.local/lib/python3.7/site-packages/airflow/example_dags/example_nested_branch_dag.py
[2024-04-06T09:45:26.724+0000] {processor.py:743} INFO - Processing file /home/airflow/.local/lib/python3.7/site-packages/airflow/example_dags/example_nested_branch_dag.py for tasks to queue
[2024-04-06T09:45:26.724+0000] {logging_mixin.py:137} INFO - [2024-04-06T09:45:26.724+0000] {dagbag.py:538} INFO - Filling up the DagBag from /home/airflow/.local/lib/python3.7/site-packages/airflow/example_dags/example_nested_branch_dag.py
[2024-04-06T09:45:26.746+0000] {processor.py:753} INFO - DAG(s) dict_keys(['example_nested_branch_dag']) retrieved from /home/airflow/.local/lib/python3.7/site-packages/airflow/example_dags/example_nested_branch_dag.py
[2024-04-06T09:45:26.768+0000] {logging_mixin.py:137} INFO - [2024-04-06T09:45:26.768+0000] {dag.py:2690} INFO - Sync 1 DAGs
[2024-04-06T09:45:26.794+0000] {logging_mixin.py:137} INFO - [2024-04-06T09:45:26.794+0000] {dag.py:3441} INFO - Setting next_dagrun for example_nested_branch_dag to 2024-04-05T00:00:00+00:00, run_after=2024-04-06T00:00:00+00:00
[2024-04-06T09:45:26.815+0000] {processor.py:175} INFO - Processing /home/airflow/.local/lib/python3.7/site-packages/airflow/example_dags/example_nested_branch_dag.py took 0.094 seconds
[2024-04-06T09:45:57.065+0000] {processor.py:153} INFO - Started process (PID=1501) to work on /home/airflow/.local/lib/python3.7/site-packages/airflow/example_dags/example_nested_branch_dag.py
[2024-04-06T09:45:57.066+0000] {processor.py:743} INFO - Processing file /home/airflow/.local/lib/python3.7/site-packages/airflow/example_dags/example_nested_branch_dag.py for tasks to queue
[2024-04-06T09:45:57.066+0000] {logging_mixin.py:137} INFO - [2024-04-06T09:45:57.066+0000] {dagbag.py:538} INFO - Filling up the DagBag from /home/airflow/.local/lib/python3.7/site-packages/airflow/example_dags/example_nested_branch_dag.py
[2024-04-06T09:45:57.095+0000] {processor.py:753} INFO - DAG(s) dict_keys(['example_nested_branch_dag']) retrieved from /home/airflow/.local/lib/python3.7/site-packages/airflow/example_dags/example_nested_branch_dag.py
[2024-04-06T09:45:57.121+0000] {logging_mixin.py:137} INFO - [2024-04-06T09:45:57.121+0000] {dag.py:2690} INFO - Sync 1 DAGs
[2024-04-06T09:45:57.155+0000] {logging_mixin.py:137} INFO - [2024-04-06T09:45:57.155+0000] {dag.py:3441} INFO - Setting next_dagrun for example_nested_branch_dag to 2024-04-05T00:00:00+00:00, run_after=2024-04-06T00:00:00+00:00
[2024-04-06T09:45:57.177+0000] {processor.py:175} INFO - Processing /home/airflow/.local/lib/python3.7/site-packages/airflow/example_dags/example_nested_branch_dag.py took 0.115 seconds
[2024-04-06T09:46:27.487+0000] {processor.py:153} INFO - Started process (PID=1588) to work on /home/airflow/.local/lib/python3.7/site-packages/airflow/example_dags/example_nested_branch_dag.py
[2024-04-06T09:46:27.488+0000] {processor.py:743} INFO - Processing file /home/airflow/.local/lib/python3.7/site-packages/airflow/example_dags/example_nested_branch_dag.py for tasks to queue
[2024-04-06T09:46:27.489+0000] {logging_mixin.py:137} INFO - [2024-04-06T09:46:27.489+0000] {dagbag.py:538} INFO - Filling up the DagBag from /home/airflow/.local/lib/python3.7/site-packages/airflow/example_dags/example_nested_branch_dag.py
[2024-04-06T09:46:27.513+0000] {processor.py:753} INFO - DAG(s) dict_keys(['example_nested_branch_dag']) retrieved from /home/airflow/.local/lib/python3.7/site-packages/airflow/example_dags/example_nested_branch_dag.py
[2024-04-06T09:46:27.552+0000] {logging_mixin.py:137} INFO - [2024-04-06T09:46:27.552+0000] {dag.py:2690} INFO - Sync 1 DAGs
[2024-04-06T09:46:27.592+0000] {logging_mixin.py:137} INFO - [2024-04-06T09:46:27.592+0000] {dag.py:3441} INFO - Setting next_dagrun for example_nested_branch_dag to 2024-04-05T00:00:00+00:00, run_after=2024-04-06T00:00:00+00:00
[2024-04-06T09:46:27.614+0000] {processor.py:175} INFO - Processing /home/airflow/.local/lib/python3.7/site-packages/airflow/example_dags/example_nested_branch_dag.py took 0.130 seconds
[2024-04-06T09:46:57.837+0000] {processor.py:153} INFO - Started process (PID=1660) to work on /home/airflow/.local/lib/python3.7/site-packages/airflow/example_dags/example_nested_branch_dag.py
[2024-04-06T09:46:57.838+0000] {processor.py:743} INFO - Processing file /home/airflow/.local/lib/python3.7/site-packages/airflow/example_dags/example_nested_branch_dag.py for tasks to queue
[2024-04-06T09:46:57.838+0000] {logging_mixin.py:137} INFO - [2024-04-06T09:46:57.838+0000] {dagbag.py:538} INFO - Filling up the DagBag from /home/airflow/.local/lib/python3.7/site-packages/airflow/example_dags/example_nested_branch_dag.py
[2024-04-06T09:46:57.858+0000] {processor.py:753} INFO - DAG(s) dict_keys(['example_nested_branch_dag']) retrieved from /home/airflow/.local/lib/python3.7/site-packages/airflow/example_dags/example_nested_branch_dag.py
[2024-04-06T09:46:57.884+0000] {logging_mixin.py:137} INFO - [2024-04-06T09:46:57.884+0000] {dag.py:2690} INFO - Sync 1 DAGs
[2024-04-06T09:46:57.908+0000] {logging_mixin.py:137} INFO - [2024-04-06T09:46:57.908+0000] {dag.py:3441} INFO - Setting next_dagrun for example_nested_branch_dag to 2024-04-05T00:00:00+00:00, run_after=2024-04-06T00:00:00+00:00
[2024-04-06T09:46:57.927+0000] {processor.py:175} INFO - Processing /home/airflow/.local/lib/python3.7/site-packages/airflow/example_dags/example_nested_branch_dag.py took 0.092 seconds
[2024-04-06T09:47:28.458+0000] {processor.py:153} INFO - Started process (PID=1748) to work on /home/airflow/.local/lib/python3.7/site-packages/airflow/example_dags/example_nested_branch_dag.py
[2024-04-06T09:47:28.459+0000] {processor.py:743} INFO - Processing file /home/airflow/.local/lib/python3.7/site-packages/airflow/example_dags/example_nested_branch_dag.py for tasks to queue
[2024-04-06T09:47:28.459+0000] {logging_mixin.py:137} INFO - [2024-04-06T09:47:28.459+0000] {dagbag.py:538} INFO - Filling up the DagBag from /home/airflow/.local/lib/python3.7/site-packages/airflow/example_dags/example_nested_branch_dag.py
[2024-04-06T09:47:28.481+0000] {processor.py:753} INFO - DAG(s) dict_keys(['example_nested_branch_dag']) retrieved from /home/airflow/.local/lib/python3.7/site-packages/airflow/example_dags/example_nested_branch_dag.py
[2024-04-06T09:47:28.501+0000] {logging_mixin.py:137} INFO - [2024-04-06T09:47:28.501+0000] {dag.py:2690} INFO - Sync 1 DAGs
[2024-04-06T09:47:28.522+0000] {logging_mixin.py:137} INFO - [2024-04-06T09:47:28.522+0000] {dag.py:3441} INFO - Setting next_dagrun for example_nested_branch_dag to 2024-04-05T00:00:00+00:00, run_after=2024-04-06T00:00:00+00:00
[2024-04-06T09:47:28.538+0000] {processor.py:175} INFO - Processing /home/airflow/.local/lib/python3.7/site-packages/airflow/example_dags/example_nested_branch_dag.py took 0.082 seconds
[2024-04-06T09:47:58.624+0000] {processor.py:153} INFO - Started process (PID=1820) to work on /home/airflow/.local/lib/python3.7/site-packages/airflow/example_dags/example_nested_branch_dag.py
[2024-04-06T09:47:58.625+0000] {processor.py:743} INFO - Processing file /home/airflow/.local/lib/python3.7/site-packages/airflow/example_dags/example_nested_branch_dag.py for tasks to queue
[2024-04-06T09:47:58.625+0000] {logging_mixin.py:137} INFO - [2024-04-06T09:47:58.625+0000] {dagbag.py:538} INFO - Filling up the DagBag from /home/airflow/.local/lib/python3.7/site-packages/airflow/example_dags/example_nested_branch_dag.py
[2024-04-06T09:47:58.646+0000] {processor.py:753} INFO - DAG(s) dict_keys(['example_nested_branch_dag']) retrieved from /home/airflow/.local/lib/python3.7/site-packages/airflow/example_dags/example_nested_branch_dag.py
[2024-04-06T09:47:58.668+0000] {logging_mixin.py:137} INFO - [2024-04-06T09:47:58.667+0000] {dag.py:2690} INFO - Sync 1 DAGs
[2024-04-06T09:47:58.691+0000] {logging_mixin.py:137} INFO - [2024-04-06T09:47:58.690+0000] {dag.py:3441} INFO - Setting next_dagrun for example_nested_branch_dag to 2024-04-05T00:00:00+00:00, run_after=2024-04-06T00:00:00+00:00
[2024-04-06T09:47:58.706+0000] {processor.py:175} INFO - Processing /home/airflow/.local/lib/python3.7/site-packages/airflow/example_dags/example_nested_branch_dag.py took 0.084 seconds
[2024-04-06T09:48:29.012+0000] {processor.py:153} INFO - Started process (PID=1908) to work on /home/airflow/.local/lib/python3.7/site-packages/airflow/example_dags/example_nested_branch_dag.py
[2024-04-06T09:48:29.013+0000] {processor.py:743} INFO - Processing file /home/airflow/.local/lib/python3.7/site-packages/airflow/example_dags/example_nested_branch_dag.py for tasks to queue
[2024-04-06T09:48:29.014+0000] {logging_mixin.py:137} INFO - [2024-04-06T09:48:29.014+0000] {dagbag.py:538} INFO - Filling up the DagBag from /home/airflow/.local/lib/python3.7/site-packages/airflow/example_dags/example_nested_branch_dag.py
[2024-04-06T09:48:29.053+0000] {processor.py:753} INFO - DAG(s) dict_keys(['example_nested_branch_dag']) retrieved from /home/airflow/.local/lib/python3.7/site-packages/airflow/example_dags/example_nested_branch_dag.py
[2024-04-06T09:48:29.089+0000] {logging_mixin.py:137} INFO - [2024-04-06T09:48:29.089+0000] {dag.py:2690} INFO - Sync 1 DAGs
[2024-04-06T09:48:29.123+0000] {logging_mixin.py:137} INFO - [2024-04-06T09:48:29.123+0000] {dag.py:3441} INFO - Setting next_dagrun for example_nested_branch_dag to 2024-04-05T00:00:00+00:00, run_after=2024-04-06T00:00:00+00:00
[2024-04-06T09:48:29.149+0000] {processor.py:175} INFO - Processing /home/airflow/.local/lib/python3.7/site-packages/airflow/example_dags/example_nested_branch_dag.py took 0.140 seconds
[2024-04-06T09:48:59.712+0000] {processor.py:153} INFO - Started process (PID=1980) to work on /home/airflow/.local/lib/python3.7/site-packages/airflow/example_dags/example_nested_branch_dag.py
[2024-04-06T09:48:59.713+0000] {processor.py:743} INFO - Processing file /home/airflow/.local/lib/python3.7/site-packages/airflow/example_dags/example_nested_branch_dag.py for tasks to queue
[2024-04-06T09:48:59.714+0000] {logging_mixin.py:137} INFO - [2024-04-06T09:48:59.714+0000] {dagbag.py:538} INFO - Filling up the DagBag from /home/airflow/.local/lib/python3.7/site-packages/airflow/example_dags/example_nested_branch_dag.py
[2024-04-06T09:48:59.783+0000] {processor.py:753} INFO - DAG(s) dict_keys(['example_nested_branch_dag']) retrieved from /home/airflow/.local/lib/python3.7/site-packages/airflow/example_dags/example_nested_branch_dag.py
[2024-04-06T09:48:59.849+0000] {logging_mixin.py:137} INFO - [2024-04-06T09:48:59.849+0000] {dag.py:2690} INFO - Sync 1 DAGs
[2024-04-06T09:48:59.896+0000] {logging_mixin.py:137} INFO - [2024-04-06T09:48:59.896+0000] {dag.py:3441} INFO - Setting next_dagrun for example_nested_branch_dag to 2024-04-05T00:00:00+00:00, run_after=2024-04-06T00:00:00+00:00
[2024-04-06T09:48:59.924+0000] {processor.py:175} INFO - Processing /home/airflow/.local/lib/python3.7/site-packages/airflow/example_dags/example_nested_branch_dag.py took 0.217 seconds
[2024-04-06T09:50:14.293+0000] {processor.py:153} INFO - Started process (PID=71) to work on /home/airflow/.local/lib/python3.7/site-packages/airflow/example_dags/example_nested_branch_dag.py
[2024-04-06T09:50:14.298+0000] {processor.py:743} INFO - Processing file /home/airflow/.local/lib/python3.7/site-packages/airflow/example_dags/example_nested_branch_dag.py for tasks to queue
[2024-04-06T09:50:14.299+0000] {logging_mixin.py:137} INFO - [2024-04-06T09:50:14.299+0000] {dagbag.py:538} INFO - Filling up the DagBag from /home/airflow/.local/lib/python3.7/site-packages/airflow/example_dags/example_nested_branch_dag.py
[2024-04-06T09:50:14.384+0000] {processor.py:753} INFO - DAG(s) dict_keys(['example_nested_branch_dag']) retrieved from /home/airflow/.local/lib/python3.7/site-packages/airflow/example_dags/example_nested_branch_dag.py
[2024-04-06T09:50:14.500+0000] {logging_mixin.py:137} INFO - [2024-04-06T09:50:14.499+0000] {dag.py:2690} INFO - Sync 1 DAGs
[2024-04-06T09:50:14.555+0000] {logging_mixin.py:137} INFO - [2024-04-06T09:50:14.554+0000] {dag.py:3441} INFO - Setting next_dagrun for example_nested_branch_dag to 2024-04-05T00:00:00+00:00, run_after=2024-04-06T00:00:00+00:00
[2024-04-06T09:50:14.586+0000] {processor.py:175} INFO - Processing /home/airflow/.local/lib/python3.7/site-packages/airflow/example_dags/example_nested_branch_dag.py took 0.298 seconds
[2024-04-06T09:50:45.602+0000] {processor.py:153} INFO - Started process (PID=134) to work on /home/airflow/.local/lib/python3.7/site-packages/airflow/example_dags/example_nested_branch_dag.py
[2024-04-06T09:50:45.603+0000] {processor.py:743} INFO - Processing file /home/airflow/.local/lib/python3.7/site-packages/airflow/example_dags/example_nested_branch_dag.py for tasks to queue
[2024-04-06T09:50:45.604+0000] {logging_mixin.py:137} INFO - [2024-04-06T09:50:45.604+0000] {dagbag.py:538} INFO - Filling up the DagBag from /home/airflow/.local/lib/python3.7/site-packages/airflow/example_dags/example_nested_branch_dag.py
[2024-04-06T09:50:45.642+0000] {processor.py:753} INFO - DAG(s) dict_keys(['example_nested_branch_dag']) retrieved from /home/airflow/.local/lib/python3.7/site-packages/airflow/example_dags/example_nested_branch_dag.py
[2024-04-06T09:50:45.681+0000] {logging_mixin.py:137} INFO - [2024-04-06T09:50:45.681+0000] {dag.py:2690} INFO - Sync 1 DAGs
[2024-04-06T09:50:45.720+0000] {logging_mixin.py:137} INFO - [2024-04-06T09:50:45.720+0000] {dag.py:3441} INFO - Setting next_dagrun for example_nested_branch_dag to 2024-04-05T00:00:00+00:00, run_after=2024-04-06T00:00:00+00:00
[2024-04-06T09:50:45.748+0000] {processor.py:175} INFO - Processing /home/airflow/.local/lib/python3.7/site-packages/airflow/example_dags/example_nested_branch_dag.py took 0.150 seconds
[2024-04-06T09:51:16.413+0000] {processor.py:153} INFO - Started process (PID=223) to work on /home/airflow/.local/lib/python3.7/site-packages/airflow/example_dags/example_nested_branch_dag.py
[2024-04-06T09:51:16.413+0000] {processor.py:743} INFO - Processing file /home/airflow/.local/lib/python3.7/site-packages/airflow/example_dags/example_nested_branch_dag.py for tasks to queue
[2024-04-06T09:51:16.414+0000] {logging_mixin.py:137} INFO - [2024-04-06T09:51:16.414+0000] {dagbag.py:538} INFO - Filling up the DagBag from /home/airflow/.local/lib/python3.7/site-packages/airflow/example_dags/example_nested_branch_dag.py
[2024-04-06T09:51:16.436+0000] {processor.py:753} INFO - DAG(s) dict_keys(['example_nested_branch_dag']) retrieved from /home/airflow/.local/lib/python3.7/site-packages/airflow/example_dags/example_nested_branch_dag.py
[2024-04-06T09:51:16.459+0000] {logging_mixin.py:137} INFO - [2024-04-06T09:51:16.459+0000] {dag.py:2690} INFO - Sync 1 DAGs
[2024-04-06T09:51:16.486+0000] {logging_mixin.py:137} INFO - [2024-04-06T09:51:16.486+0000] {dag.py:3441} INFO - Setting next_dagrun for example_nested_branch_dag to 2024-04-05T00:00:00+00:00, run_after=2024-04-06T00:00:00+00:00
[2024-04-06T09:51:16.506+0000] {processor.py:175} INFO - Processing /home/airflow/.local/lib/python3.7/site-packages/airflow/example_dags/example_nested_branch_dag.py took 0.096 seconds
[2024-04-06T09:58:25.046+0000] {processor.py:153} INFO - Started process (PID=79) to work on /home/airflow/.local/lib/python3.7/site-packages/airflow/example_dags/example_nested_branch_dag.py
[2024-04-06T09:58:25.047+0000] {processor.py:743} INFO - Processing file /home/airflow/.local/lib/python3.7/site-packages/airflow/example_dags/example_nested_branch_dag.py for tasks to queue
[2024-04-06T09:58:25.048+0000] {logging_mixin.py:137} INFO - [2024-04-06T09:58:25.048+0000] {dagbag.py:538} INFO - Filling up the DagBag from /home/airflow/.local/lib/python3.7/site-packages/airflow/example_dags/example_nested_branch_dag.py
[2024-04-06T09:58:25.090+0000] {processor.py:753} INFO - DAG(s) dict_keys(['example_nested_branch_dag']) retrieved from /home/airflow/.local/lib/python3.7/site-packages/airflow/example_dags/example_nested_branch_dag.py
[2024-04-06T09:58:25.107+0000] {logging_mixin.py:137} INFO - [2024-04-06T09:58:25.107+0000] {dag.py:2690} INFO - Sync 1 DAGs
[2024-04-06T09:58:25.153+0000] {logging_mixin.py:137} INFO - [2024-04-06T09:58:25.152+0000] {dag.py:3441} INFO - Setting next_dagrun for example_nested_branch_dag to 2024-04-05T00:00:00+00:00, run_after=2024-04-06T00:00:00+00:00
[2024-04-06T09:58:25.186+0000] {processor.py:175} INFO - Processing /home/airflow/.local/lib/python3.7/site-packages/airflow/example_dags/example_nested_branch_dag.py took 0.145 seconds
[2024-04-06T09:58:55.999+0000] {processor.py:153} INFO - Started process (PID=151) to work on /home/airflow/.local/lib/python3.7/site-packages/airflow/example_dags/example_nested_branch_dag.py
[2024-04-06T09:58:56.000+0000] {processor.py:743} INFO - Processing file /home/airflow/.local/lib/python3.7/site-packages/airflow/example_dags/example_nested_branch_dag.py for tasks to queue
[2024-04-06T09:58:56.000+0000] {logging_mixin.py:137} INFO - [2024-04-06T09:58:56.000+0000] {dagbag.py:538} INFO - Filling up the DagBag from /home/airflow/.local/lib/python3.7/site-packages/airflow/example_dags/example_nested_branch_dag.py
[2024-04-06T09:58:56.025+0000] {processor.py:753} INFO - DAG(s) dict_keys(['example_nested_branch_dag']) retrieved from /home/airflow/.local/lib/python3.7/site-packages/airflow/example_dags/example_nested_branch_dag.py
[2024-04-06T09:58:56.036+0000] {logging_mixin.py:137} INFO - [2024-04-06T09:58:56.036+0000] {dag.py:2690} INFO - Sync 1 DAGs
[2024-04-06T09:58:56.063+0000] {logging_mixin.py:137} INFO - [2024-04-06T09:58:56.063+0000] {dag.py:3441} INFO - Setting next_dagrun for example_nested_branch_dag to 2024-04-05T00:00:00+00:00, run_after=2024-04-06T00:00:00+00:00
[2024-04-06T09:58:56.083+0000] {processor.py:175} INFO - Processing /home/airflow/.local/lib/python3.7/site-packages/airflow/example_dags/example_nested_branch_dag.py took 0.087 seconds
[2024-04-06T09:59:26.737+0000] {processor.py:153} INFO - Started process (PID=224) to work on /home/airflow/.local/lib/python3.7/site-packages/airflow/example_dags/example_nested_branch_dag.py
[2024-04-06T09:59:26.738+0000] {processor.py:743} INFO - Processing file /home/airflow/.local/lib/python3.7/site-packages/airflow/example_dags/example_nested_branch_dag.py for tasks to queue
[2024-04-06T09:59:26.739+0000] {logging_mixin.py:137} INFO - [2024-04-06T09:59:26.739+0000] {dagbag.py:538} INFO - Filling up the DagBag from /home/airflow/.local/lib/python3.7/site-packages/airflow/example_dags/example_nested_branch_dag.py
[2024-04-06T09:59:26.770+0000] {processor.py:753} INFO - DAG(s) dict_keys(['example_nested_branch_dag']) retrieved from /home/airflow/.local/lib/python3.7/site-packages/airflow/example_dags/example_nested_branch_dag.py
[2024-04-06T09:59:26.808+0000] {logging_mixin.py:137} INFO - [2024-04-06T09:59:26.808+0000] {dag.py:2690} INFO - Sync 1 DAGs
[2024-04-06T09:59:26.846+0000] {logging_mixin.py:137} INFO - [2024-04-06T09:59:26.846+0000] {dag.py:3441} INFO - Setting next_dagrun for example_nested_branch_dag to 2024-04-05T00:00:00+00:00, run_after=2024-04-06T00:00:00+00:00
[2024-04-06T09:59:26.875+0000] {processor.py:175} INFO - Processing /home/airflow/.local/lib/python3.7/site-packages/airflow/example_dags/example_nested_branch_dag.py took 0.140 seconds
[2024-04-06T09:59:57.660+0000] {processor.py:153} INFO - Started process (PID=295) to work on /home/airflow/.local/lib/python3.7/site-packages/airflow/example_dags/example_nested_branch_dag.py
[2024-04-06T09:59:57.661+0000] {processor.py:743} INFO - Processing file /home/airflow/.local/lib/python3.7/site-packages/airflow/example_dags/example_nested_branch_dag.py for tasks to queue
[2024-04-06T09:59:57.662+0000] {logging_mixin.py:137} INFO - [2024-04-06T09:59:57.662+0000] {dagbag.py:538} INFO - Filling up the DagBag from /home/airflow/.local/lib/python3.7/site-packages/airflow/example_dags/example_nested_branch_dag.py
[2024-04-06T09:59:57.700+0000] {processor.py:753} INFO - DAG(s) dict_keys(['example_nested_branch_dag']) retrieved from /home/airflow/.local/lib/python3.7/site-packages/airflow/example_dags/example_nested_branch_dag.py
[2024-04-06T09:59:57.741+0000] {logging_mixin.py:137} INFO - [2024-04-06T09:59:57.740+0000] {dag.py:2690} INFO - Sync 1 DAGs
[2024-04-06T09:59:57.783+0000] {logging_mixin.py:137} INFO - [2024-04-06T09:59:57.783+0000] {dag.py:3441} INFO - Setting next_dagrun for example_nested_branch_dag to 2024-04-05T00:00:00+00:00, run_after=2024-04-06T00:00:00+00:00
[2024-04-06T09:59:57.819+0000] {processor.py:175} INFO - Processing /home/airflow/.local/lib/python3.7/site-packages/airflow/example_dags/example_nested_branch_dag.py took 0.163 seconds
[2024-04-06T10:00:27.955+0000] {processor.py:153} INFO - Started process (PID=367) to work on /home/airflow/.local/lib/python3.7/site-packages/airflow/example_dags/example_nested_branch_dag.py
[2024-04-06T10:00:27.956+0000] {processor.py:743} INFO - Processing file /home/airflow/.local/lib/python3.7/site-packages/airflow/example_dags/example_nested_branch_dag.py for tasks to queue
[2024-04-06T10:00:27.957+0000] {logging_mixin.py:137} INFO - [2024-04-06T10:00:27.957+0000] {dagbag.py:538} INFO - Filling up the DagBag from /home/airflow/.local/lib/python3.7/site-packages/airflow/example_dags/example_nested_branch_dag.py
[2024-04-06T10:00:27.999+0000] {processor.py:753} INFO - DAG(s) dict_keys(['example_nested_branch_dag']) retrieved from /home/airflow/.local/lib/python3.7/site-packages/airflow/example_dags/example_nested_branch_dag.py
[2024-04-06T10:00:28.039+0000] {logging_mixin.py:137} INFO - [2024-04-06T10:00:28.038+0000] {dag.py:2690} INFO - Sync 1 DAGs
[2024-04-06T10:00:28.075+0000] {logging_mixin.py:137} INFO - [2024-04-06T10:00:28.075+0000] {dag.py:3441} INFO - Setting next_dagrun for example_nested_branch_dag to 2024-04-05T00:00:00+00:00, run_after=2024-04-06T00:00:00+00:00
[2024-04-06T10:00:28.096+0000] {processor.py:175} INFO - Processing /home/airflow/.local/lib/python3.7/site-packages/airflow/example_dags/example_nested_branch_dag.py took 0.145 seconds
[2024-04-06T10:00:58.545+0000] {processor.py:153} INFO - Started process (PID=455) to work on /home/airflow/.local/lib/python3.7/site-packages/airflow/example_dags/example_nested_branch_dag.py
[2024-04-06T10:00:58.545+0000] {processor.py:743} INFO - Processing file /home/airflow/.local/lib/python3.7/site-packages/airflow/example_dags/example_nested_branch_dag.py for tasks to queue
[2024-04-06T10:00:58.546+0000] {logging_mixin.py:137} INFO - [2024-04-06T10:00:58.546+0000] {dagbag.py:538} INFO - Filling up the DagBag from /home/airflow/.local/lib/python3.7/site-packages/airflow/example_dags/example_nested_branch_dag.py
[2024-04-06T10:00:58.566+0000] {processor.py:753} INFO - DAG(s) dict_keys(['example_nested_branch_dag']) retrieved from /home/airflow/.local/lib/python3.7/site-packages/airflow/example_dags/example_nested_branch_dag.py
[2024-04-06T10:00:58.587+0000] {logging_mixin.py:137} INFO - [2024-04-06T10:00:58.586+0000] {dag.py:2690} INFO - Sync 1 DAGs
[2024-04-06T10:00:58.610+0000] {logging_mixin.py:137} INFO - [2024-04-06T10:00:58.610+0000] {dag.py:3441} INFO - Setting next_dagrun for example_nested_branch_dag to 2024-04-05T00:00:00+00:00, run_after=2024-04-06T00:00:00+00:00
[2024-04-06T10:00:58.626+0000] {processor.py:175} INFO - Processing /home/airflow/.local/lib/python3.7/site-packages/airflow/example_dags/example_nested_branch_dag.py took 0.084 seconds
[2024-04-06T10:01:28.940+0000] {processor.py:153} INFO - Started process (PID=527) to work on /home/airflow/.local/lib/python3.7/site-packages/airflow/example_dags/example_nested_branch_dag.py
[2024-04-06T10:01:28.941+0000] {processor.py:743} INFO - Processing file /home/airflow/.local/lib/python3.7/site-packages/airflow/example_dags/example_nested_branch_dag.py for tasks to queue
[2024-04-06T10:01:28.942+0000] {logging_mixin.py:137} INFO - [2024-04-06T10:01:28.941+0000] {dagbag.py:538} INFO - Filling up the DagBag from /home/airflow/.local/lib/python3.7/site-packages/airflow/example_dags/example_nested_branch_dag.py
[2024-04-06T10:01:28.961+0000] {processor.py:753} INFO - DAG(s) dict_keys(['example_nested_branch_dag']) retrieved from /home/airflow/.local/lib/python3.7/site-packages/airflow/example_dags/example_nested_branch_dag.py
[2024-04-06T10:01:28.985+0000] {logging_mixin.py:137} INFO - [2024-04-06T10:01:28.985+0000] {dag.py:2690} INFO - Sync 1 DAGs
[2024-04-06T10:01:29.010+0000] {logging_mixin.py:137} INFO - [2024-04-06T10:01:29.009+0000] {dag.py:3441} INFO - Setting next_dagrun for example_nested_branch_dag to 2024-04-05T00:00:00+00:00, run_after=2024-04-06T00:00:00+00:00
[2024-04-06T10:01:29.030+0000] {processor.py:175} INFO - Processing /home/airflow/.local/lib/python3.7/site-packages/airflow/example_dags/example_nested_branch_dag.py took 0.092 seconds
[2024-04-06T10:01:59.304+0000] {processor.py:153} INFO - Started process (PID=615) to work on /home/airflow/.local/lib/python3.7/site-packages/airflow/example_dags/example_nested_branch_dag.py
[2024-04-06T10:01:59.304+0000] {processor.py:743} INFO - Processing file /home/airflow/.local/lib/python3.7/site-packages/airflow/example_dags/example_nested_branch_dag.py for tasks to queue
[2024-04-06T10:01:59.305+0000] {logging_mixin.py:137} INFO - [2024-04-06T10:01:59.305+0000] {dagbag.py:538} INFO - Filling up the DagBag from /home/airflow/.local/lib/python3.7/site-packages/airflow/example_dags/example_nested_branch_dag.py
[2024-04-06T10:01:59.325+0000] {processor.py:753} INFO - DAG(s) dict_keys(['example_nested_branch_dag']) retrieved from /home/airflow/.local/lib/python3.7/site-packages/airflow/example_dags/example_nested_branch_dag.py
[2024-04-06T10:01:59.346+0000] {logging_mixin.py:137} INFO - [2024-04-06T10:01:59.346+0000] {dag.py:2690} INFO - Sync 1 DAGs
[2024-04-06T10:01:59.371+0000] {logging_mixin.py:137} INFO - [2024-04-06T10:01:59.371+0000] {dag.py:3441} INFO - Setting next_dagrun for example_nested_branch_dag to 2024-04-05T00:00:00+00:00, run_after=2024-04-06T00:00:00+00:00
[2024-04-06T10:01:59.392+0000] {processor.py:175} INFO - Processing /home/airflow/.local/lib/python3.7/site-packages/airflow/example_dags/example_nested_branch_dag.py took 0.091 seconds
[2024-04-06T10:02:29.851+0000] {processor.py:153} INFO - Started process (PID=696) to work on /home/airflow/.local/lib/python3.7/site-packages/airflow/example_dags/example_nested_branch_dag.py
[2024-04-06T10:02:29.851+0000] {processor.py:743} INFO - Processing file /home/airflow/.local/lib/python3.7/site-packages/airflow/example_dags/example_nested_branch_dag.py for tasks to queue
[2024-04-06T10:02:29.852+0000] {logging_mixin.py:137} INFO - [2024-04-06T10:02:29.852+0000] {dagbag.py:538} INFO - Filling up the DagBag from /home/airflow/.local/lib/python3.7/site-packages/airflow/example_dags/example_nested_branch_dag.py
[2024-04-06T10:02:29.876+0000] {processor.py:753} INFO - DAG(s) dict_keys(['example_nested_branch_dag']) retrieved from /home/airflow/.local/lib/python3.7/site-packages/airflow/example_dags/example_nested_branch_dag.py
[2024-04-06T10:02:29.899+0000] {logging_mixin.py:137} INFO - [2024-04-06T10:02:29.899+0000] {dag.py:2690} INFO - Sync 1 DAGs
[2024-04-06T10:02:29.925+0000] {logging_mixin.py:137} INFO - [2024-04-06T10:02:29.925+0000] {dag.py:3441} INFO - Setting next_dagrun for example_nested_branch_dag to 2024-04-05T00:00:00+00:00, run_after=2024-04-06T00:00:00+00:00
[2024-04-06T10:02:29.944+0000] {processor.py:175} INFO - Processing /home/airflow/.local/lib/python3.7/site-packages/airflow/example_dags/example_nested_branch_dag.py took 0.096 seconds
[2024-04-06T10:03:00.364+0000] {processor.py:153} INFO - Started process (PID=775) to work on /home/airflow/.local/lib/python3.7/site-packages/airflow/example_dags/example_nested_branch_dag.py
[2024-04-06T10:03:00.365+0000] {processor.py:743} INFO - Processing file /home/airflow/.local/lib/python3.7/site-packages/airflow/example_dags/example_nested_branch_dag.py for tasks to queue
[2024-04-06T10:03:00.365+0000] {logging_mixin.py:137} INFO - [2024-04-06T10:03:00.365+0000] {dagbag.py:538} INFO - Filling up the DagBag from /home/airflow/.local/lib/python3.7/site-packages/airflow/example_dags/example_nested_branch_dag.py
[2024-04-06T10:03:00.384+0000] {processor.py:753} INFO - DAG(s) dict_keys(['example_nested_branch_dag']) retrieved from /home/airflow/.local/lib/python3.7/site-packages/airflow/example_dags/example_nested_branch_dag.py
[2024-04-06T10:03:00.406+0000] {logging_mixin.py:137} INFO - [2024-04-06T10:03:00.406+0000] {dag.py:2690} INFO - Sync 1 DAGs
[2024-04-06T10:03:00.429+0000] {logging_mixin.py:137} INFO - [2024-04-06T10:03:00.428+0000] {dag.py:3441} INFO - Setting next_dagrun for example_nested_branch_dag to 2024-04-05T00:00:00+00:00, run_after=2024-04-06T00:00:00+00:00
[2024-04-06T10:03:00.447+0000] {processor.py:175} INFO - Processing /home/airflow/.local/lib/python3.7/site-packages/airflow/example_dags/example_nested_branch_dag.py took 0.086 seconds
[2024-04-06T10:03:30.720+0000] {processor.py:153} INFO - Started process (PID=864) to work on /home/airflow/.local/lib/python3.7/site-packages/airflow/example_dags/example_nested_branch_dag.py
[2024-04-06T10:03:30.721+0000] {processor.py:743} INFO - Processing file /home/airflow/.local/lib/python3.7/site-packages/airflow/example_dags/example_nested_branch_dag.py for tasks to queue
[2024-04-06T10:03:30.721+0000] {logging_mixin.py:137} INFO - [2024-04-06T10:03:30.721+0000] {dagbag.py:538} INFO - Filling up the DagBag from /home/airflow/.local/lib/python3.7/site-packages/airflow/example_dags/example_nested_branch_dag.py
[2024-04-06T10:03:30.742+0000] {processor.py:753} INFO - DAG(s) dict_keys(['example_nested_branch_dag']) retrieved from /home/airflow/.local/lib/python3.7/site-packages/airflow/example_dags/example_nested_branch_dag.py
[2024-04-06T10:03:30.763+0000] {logging_mixin.py:137} INFO - [2024-04-06T10:03:30.762+0000] {dag.py:2690} INFO - Sync 1 DAGs
[2024-04-06T10:03:30.784+0000] {logging_mixin.py:137} INFO - [2024-04-06T10:03:30.784+0000] {dag.py:3441} INFO - Setting next_dagrun for example_nested_branch_dag to 2024-04-05T00:00:00+00:00, run_after=2024-04-06T00:00:00+00:00
[2024-04-06T10:03:30.798+0000] {processor.py:175} INFO - Processing /home/airflow/.local/lib/python3.7/site-packages/airflow/example_dags/example_nested_branch_dag.py took 0.081 seconds
[2024-04-06T10:04:01.348+0000] {processor.py:153} INFO - Started process (PID=935) to work on /home/airflow/.local/lib/python3.7/site-packages/airflow/example_dags/example_nested_branch_dag.py
[2024-04-06T10:04:01.348+0000] {processor.py:743} INFO - Processing file /home/airflow/.local/lib/python3.7/site-packages/airflow/example_dags/example_nested_branch_dag.py for tasks to queue
[2024-04-06T10:04:01.349+0000] {logging_mixin.py:137} INFO - [2024-04-06T10:04:01.349+0000] {dagbag.py:538} INFO - Filling up the DagBag from /home/airflow/.local/lib/python3.7/site-packages/airflow/example_dags/example_nested_branch_dag.py
[2024-04-06T10:04:01.374+0000] {processor.py:753} INFO - DAG(s) dict_keys(['example_nested_branch_dag']) retrieved from /home/airflow/.local/lib/python3.7/site-packages/airflow/example_dags/example_nested_branch_dag.py
[2024-04-06T10:04:01.399+0000] {logging_mixin.py:137} INFO - [2024-04-06T10:04:01.398+0000] {dag.py:2690} INFO - Sync 1 DAGs
[2024-04-06T10:04:01.427+0000] {logging_mixin.py:137} INFO - [2024-04-06T10:04:01.427+0000] {dag.py:3441} INFO - Setting next_dagrun for example_nested_branch_dag to 2024-04-05T00:00:00+00:00, run_after=2024-04-06T00:00:00+00:00
[2024-04-06T10:04:01.446+0000] {processor.py:175} INFO - Processing /home/airflow/.local/lib/python3.7/site-packages/airflow/example_dags/example_nested_branch_dag.py took 0.102 seconds
[2024-04-06T10:04:31.898+0000] {processor.py:153} INFO - Started process (PID=1023) to work on /home/airflow/.local/lib/python3.7/site-packages/airflow/example_dags/example_nested_branch_dag.py
[2024-04-06T10:04:31.899+0000] {processor.py:743} INFO - Processing file /home/airflow/.local/lib/python3.7/site-packages/airflow/example_dags/example_nested_branch_dag.py for tasks to queue
[2024-04-06T10:04:31.900+0000] {logging_mixin.py:137} INFO - [2024-04-06T10:04:31.899+0000] {dagbag.py:538} INFO - Filling up the DagBag from /home/airflow/.local/lib/python3.7/site-packages/airflow/example_dags/example_nested_branch_dag.py
[2024-04-06T10:04:31.920+0000] {processor.py:753} INFO - DAG(s) dict_keys(['example_nested_branch_dag']) retrieved from /home/airflow/.local/lib/python3.7/site-packages/airflow/example_dags/example_nested_branch_dag.py
[2024-04-06T10:04:31.943+0000] {logging_mixin.py:137} INFO - [2024-04-06T10:04:31.943+0000] {dag.py:2690} INFO - Sync 1 DAGs
[2024-04-06T10:04:31.969+0000] {logging_mixin.py:137} INFO - [2024-04-06T10:04:31.969+0000] {dag.py:3441} INFO - Setting next_dagrun for example_nested_branch_dag to 2024-04-05T00:00:00+00:00, run_after=2024-04-06T00:00:00+00:00
[2024-04-06T10:04:31.987+0000] {processor.py:175} INFO - Processing /home/airflow/.local/lib/python3.7/site-packages/airflow/example_dags/example_nested_branch_dag.py took 0.092 seconds
[2024-04-06T10:05:02.769+0000] {processor.py:153} INFO - Started process (PID=1095) to work on /home/airflow/.local/lib/python3.7/site-packages/airflow/example_dags/example_nested_branch_dag.py
[2024-04-06T10:05:02.770+0000] {processor.py:743} INFO - Processing file /home/airflow/.local/lib/python3.7/site-packages/airflow/example_dags/example_nested_branch_dag.py for tasks to queue
[2024-04-06T10:05:02.770+0000] {logging_mixin.py:137} INFO - [2024-04-06T10:05:02.770+0000] {dagbag.py:538} INFO - Filling up the DagBag from /home/airflow/.local/lib/python3.7/site-packages/airflow/example_dags/example_nested_branch_dag.py
[2024-04-06T10:05:02.798+0000] {processor.py:753} INFO - DAG(s) dict_keys(['example_nested_branch_dag']) retrieved from /home/airflow/.local/lib/python3.7/site-packages/airflow/example_dags/example_nested_branch_dag.py
[2024-04-06T10:05:02.831+0000] {logging_mixin.py:137} INFO - [2024-04-06T10:05:02.831+0000] {dag.py:2690} INFO - Sync 1 DAGs
[2024-04-06T10:05:02.860+0000] {logging_mixin.py:137} INFO - [2024-04-06T10:05:02.860+0000] {dag.py:3441} INFO - Setting next_dagrun for example_nested_branch_dag to 2024-04-05T00:00:00+00:00, run_after=2024-04-06T00:00:00+00:00
[2024-04-06T10:05:02.881+0000] {processor.py:175} INFO - Processing /home/airflow/.local/lib/python3.7/site-packages/airflow/example_dags/example_nested_branch_dag.py took 0.115 seconds
[2024-04-06T10:05:33.714+0000] {processor.py:153} INFO - Started process (PID=1183) to work on /home/airflow/.local/lib/python3.7/site-packages/airflow/example_dags/example_nested_branch_dag.py
[2024-04-06T10:05:33.714+0000] {processor.py:743} INFO - Processing file /home/airflow/.local/lib/python3.7/site-packages/airflow/example_dags/example_nested_branch_dag.py for tasks to queue
[2024-04-06T10:05:33.715+0000] {logging_mixin.py:137} INFO - [2024-04-06T10:05:33.715+0000] {dagbag.py:538} INFO - Filling up the DagBag from /home/airflow/.local/lib/python3.7/site-packages/airflow/example_dags/example_nested_branch_dag.py
[2024-04-06T10:05:33.741+0000] {processor.py:753} INFO - DAG(s) dict_keys(['example_nested_branch_dag']) retrieved from /home/airflow/.local/lib/python3.7/site-packages/airflow/example_dags/example_nested_branch_dag.py
[2024-04-06T10:05:33.767+0000] {logging_mixin.py:137} INFO - [2024-04-06T10:05:33.767+0000] {dag.py:2690} INFO - Sync 1 DAGs
[2024-04-06T10:05:33.797+0000] {logging_mixin.py:137} INFO - [2024-04-06T10:05:33.796+0000] {dag.py:3441} INFO - Setting next_dagrun for example_nested_branch_dag to 2024-04-05T00:00:00+00:00, run_after=2024-04-06T00:00:00+00:00
[2024-04-06T10:05:33.822+0000] {processor.py:175} INFO - Processing /home/airflow/.local/lib/python3.7/site-packages/airflow/example_dags/example_nested_branch_dag.py took 0.111 seconds
[2024-04-06T10:06:06.046+0000] {processor.py:153} INFO - Started process (PID=1255) to work on /home/airflow/.local/lib/python3.7/site-packages/airflow/example_dags/example_nested_branch_dag.py
[2024-04-06T10:06:06.048+0000] {processor.py:743} INFO - Processing file /home/airflow/.local/lib/python3.7/site-packages/airflow/example_dags/example_nested_branch_dag.py for tasks to queue
[2024-04-06T10:06:06.049+0000] {logging_mixin.py:137} INFO - [2024-04-06T10:06:06.049+0000] {dagbag.py:538} INFO - Filling up the DagBag from /home/airflow/.local/lib/python3.7/site-packages/airflow/example_dags/example_nested_branch_dag.py
[2024-04-06T10:06:06.100+0000] {processor.py:753} INFO - DAG(s) dict_keys(['example_nested_branch_dag']) retrieved from /home/airflow/.local/lib/python3.7/site-packages/airflow/example_dags/example_nested_branch_dag.py
[2024-04-06T10:06:06.150+0000] {logging_mixin.py:137} INFO - [2024-04-06T10:06:06.150+0000] {dag.py:2690} INFO - Sync 1 DAGs
[2024-04-06T10:06:06.208+0000] {logging_mixin.py:137} INFO - [2024-04-06T10:06:06.207+0000] {dag.py:3441} INFO - Setting next_dagrun for example_nested_branch_dag to 2024-04-05T00:00:00+00:00, run_after=2024-04-06T00:00:00+00:00
[2024-04-06T10:06:06.244+0000] {processor.py:175} INFO - Processing /home/airflow/.local/lib/python3.7/site-packages/airflow/example_dags/example_nested_branch_dag.py took 0.203 seconds
[2024-04-06T10:06:36.458+0000] {processor.py:153} INFO - Started process (PID=1335) to work on /home/airflow/.local/lib/python3.7/site-packages/airflow/example_dags/example_nested_branch_dag.py
[2024-04-06T10:06:36.459+0000] {processor.py:743} INFO - Processing file /home/airflow/.local/lib/python3.7/site-packages/airflow/example_dags/example_nested_branch_dag.py for tasks to queue
[2024-04-06T10:06:36.460+0000] {logging_mixin.py:137} INFO - [2024-04-06T10:06:36.460+0000] {dagbag.py:538} INFO - Filling up the DagBag from /home/airflow/.local/lib/python3.7/site-packages/airflow/example_dags/example_nested_branch_dag.py
[2024-04-06T10:06:36.522+0000] {processor.py:753} INFO - DAG(s) dict_keys(['example_nested_branch_dag']) retrieved from /home/airflow/.local/lib/python3.7/site-packages/airflow/example_dags/example_nested_branch_dag.py
[2024-04-06T10:06:36.603+0000] {logging_mixin.py:137} INFO - [2024-04-06T10:06:36.603+0000] {dag.py:2690} INFO - Sync 1 DAGs
[2024-04-06T10:06:36.687+0000] {logging_mixin.py:137} INFO - [2024-04-06T10:06:36.687+0000] {dag.py:3441} INFO - Setting next_dagrun for example_nested_branch_dag to 2024-04-05T00:00:00+00:00, run_after=2024-04-06T00:00:00+00:00
[2024-04-06T10:06:36.749+0000] {processor.py:175} INFO - Processing /home/airflow/.local/lib/python3.7/site-packages/airflow/example_dags/example_nested_branch_dag.py took 0.296 seconds
[2024-04-06T10:07:07.023+0000] {processor.py:153} INFO - Started process (PID=1408) to work on /home/airflow/.local/lib/python3.7/site-packages/airflow/example_dags/example_nested_branch_dag.py
[2024-04-06T10:07:07.025+0000] {processor.py:743} INFO - Processing file /home/airflow/.local/lib/python3.7/site-packages/airflow/example_dags/example_nested_branch_dag.py for tasks to queue
[2024-04-06T10:07:07.026+0000] {logging_mixin.py:137} INFO - [2024-04-06T10:07:07.026+0000] {dagbag.py:538} INFO - Filling up the DagBag from /home/airflow/.local/lib/python3.7/site-packages/airflow/example_dags/example_nested_branch_dag.py
[2024-04-06T10:07:07.073+0000] {processor.py:753} INFO - DAG(s) dict_keys(['example_nested_branch_dag']) retrieved from /home/airflow/.local/lib/python3.7/site-packages/airflow/example_dags/example_nested_branch_dag.py
[2024-04-06T10:07:07.126+0000] {logging_mixin.py:137} INFO - [2024-04-06T10:07:07.126+0000] {dag.py:2690} INFO - Sync 1 DAGs
[2024-04-06T10:07:07.194+0000] {logging_mixin.py:137} INFO - [2024-04-06T10:07:07.193+0000] {dag.py:3441} INFO - Setting next_dagrun for example_nested_branch_dag to 2024-04-05T00:00:00+00:00, run_after=2024-04-06T00:00:00+00:00
[2024-04-06T10:07:07.235+0000] {processor.py:175} INFO - Processing /home/airflow/.local/lib/python3.7/site-packages/airflow/example_dags/example_nested_branch_dag.py took 0.218 seconds
[2024-04-06T10:07:37.855+0000] {processor.py:153} INFO - Started process (PID=1480) to work on /home/airflow/.local/lib/python3.7/site-packages/airflow/example_dags/example_nested_branch_dag.py
[2024-04-06T10:07:37.856+0000] {processor.py:743} INFO - Processing file /home/airflow/.local/lib/python3.7/site-packages/airflow/example_dags/example_nested_branch_dag.py for tasks to queue
[2024-04-06T10:07:37.858+0000] {logging_mixin.py:137} INFO - [2024-04-06T10:07:37.858+0000] {dagbag.py:538} INFO - Filling up the DagBag from /home/airflow/.local/lib/python3.7/site-packages/airflow/example_dags/example_nested_branch_dag.py
[2024-04-06T10:07:37.915+0000] {processor.py:753} INFO - DAG(s) dict_keys(['example_nested_branch_dag']) retrieved from /home/airflow/.local/lib/python3.7/site-packages/airflow/example_dags/example_nested_branch_dag.py
[2024-04-06T10:07:37.966+0000] {logging_mixin.py:137} INFO - [2024-04-06T10:07:37.966+0000] {dag.py:2690} INFO - Sync 1 DAGs
[2024-04-06T10:07:38.034+0000] {logging_mixin.py:137} INFO - [2024-04-06T10:07:38.034+0000] {dag.py:3441} INFO - Setting next_dagrun for example_nested_branch_dag to 2024-04-05T00:00:00+00:00, run_after=2024-04-06T00:00:00+00:00
[2024-04-06T10:07:38.081+0000] {processor.py:175} INFO - Processing /home/airflow/.local/lib/python3.7/site-packages/airflow/example_dags/example_nested_branch_dag.py took 0.232 seconds
[2024-04-06T10:08:08.756+0000] {processor.py:153} INFO - Started process (PID=1559) to work on /home/airflow/.local/lib/python3.7/site-packages/airflow/example_dags/example_nested_branch_dag.py
[2024-04-06T10:08:08.757+0000] {processor.py:743} INFO - Processing file /home/airflow/.local/lib/python3.7/site-packages/airflow/example_dags/example_nested_branch_dag.py for tasks to queue
[2024-04-06T10:08:08.758+0000] {logging_mixin.py:137} INFO - [2024-04-06T10:08:08.758+0000] {dagbag.py:538} INFO - Filling up the DagBag from /home/airflow/.local/lib/python3.7/site-packages/airflow/example_dags/example_nested_branch_dag.py
[2024-04-06T10:08:08.808+0000] {processor.py:753} INFO - DAG(s) dict_keys(['example_nested_branch_dag']) retrieved from /home/airflow/.local/lib/python3.7/site-packages/airflow/example_dags/example_nested_branch_dag.py
[2024-04-06T10:08:08.858+0000] {logging_mixin.py:137} INFO - [2024-04-06T10:08:08.857+0000] {dag.py:2690} INFO - Sync 1 DAGs
[2024-04-06T10:08:08.907+0000] {logging_mixin.py:137} INFO - [2024-04-06T10:08:08.906+0000] {dag.py:3441} INFO - Setting next_dagrun for example_nested_branch_dag to 2024-04-05T00:00:00+00:00, run_after=2024-04-06T00:00:00+00:00
[2024-04-06T10:08:08.944+0000] {processor.py:175} INFO - Processing /home/airflow/.local/lib/python3.7/site-packages/airflow/example_dags/example_nested_branch_dag.py took 0.193 seconds
[2024-04-06T10:08:39.254+0000] {processor.py:153} INFO - Started process (PID=1631) to work on /home/airflow/.local/lib/python3.7/site-packages/airflow/example_dags/example_nested_branch_dag.py
[2024-04-06T10:08:39.255+0000] {processor.py:743} INFO - Processing file /home/airflow/.local/lib/python3.7/site-packages/airflow/example_dags/example_nested_branch_dag.py for tasks to queue
[2024-04-06T10:08:39.257+0000] {logging_mixin.py:137} INFO - [2024-04-06T10:08:39.257+0000] {dagbag.py:538} INFO - Filling up the DagBag from /home/airflow/.local/lib/python3.7/site-packages/airflow/example_dags/example_nested_branch_dag.py
[2024-04-06T10:08:39.313+0000] {processor.py:753} INFO - DAG(s) dict_keys(['example_nested_branch_dag']) retrieved from /home/airflow/.local/lib/python3.7/site-packages/airflow/example_dags/example_nested_branch_dag.py
[2024-04-06T10:08:39.370+0000] {logging_mixin.py:137} INFO - [2024-04-06T10:08:39.370+0000] {dag.py:2690} INFO - Sync 1 DAGs
[2024-04-06T10:08:39.428+0000] {logging_mixin.py:137} INFO - [2024-04-06T10:08:39.428+0000] {dag.py:3441} INFO - Setting next_dagrun for example_nested_branch_dag to 2024-04-05T00:00:00+00:00, run_after=2024-04-06T00:00:00+00:00
[2024-04-06T10:08:39.471+0000] {processor.py:175} INFO - Processing /home/airflow/.local/lib/python3.7/site-packages/airflow/example_dags/example_nested_branch_dag.py took 0.224 seconds
[2024-04-06T10:09:10.159+0000] {processor.py:153} INFO - Started process (PID=1703) to work on /home/airflow/.local/lib/python3.7/site-packages/airflow/example_dags/example_nested_branch_dag.py
[2024-04-06T10:09:10.160+0000] {processor.py:743} INFO - Processing file /home/airflow/.local/lib/python3.7/site-packages/airflow/example_dags/example_nested_branch_dag.py for tasks to queue
[2024-04-06T10:09:10.161+0000] {logging_mixin.py:137} INFO - [2024-04-06T10:09:10.161+0000] {dagbag.py:538} INFO - Filling up the DagBag from /home/airflow/.local/lib/python3.7/site-packages/airflow/example_dags/example_nested_branch_dag.py
[2024-04-06T10:09:10.225+0000] {processor.py:753} INFO - DAG(s) dict_keys(['example_nested_branch_dag']) retrieved from /home/airflow/.local/lib/python3.7/site-packages/airflow/example_dags/example_nested_branch_dag.py
[2024-04-06T10:09:10.279+0000] {logging_mixin.py:137} INFO - [2024-04-06T10:09:10.279+0000] {dag.py:2690} INFO - Sync 1 DAGs
[2024-04-06T10:09:10.338+0000] {logging_mixin.py:137} INFO - [2024-04-06T10:09:10.338+0000] {dag.py:3441} INFO - Setting next_dagrun for example_nested_branch_dag to 2024-04-05T00:00:00+00:00, run_after=2024-04-06T00:00:00+00:00
[2024-04-06T10:09:10.375+0000] {processor.py:175} INFO - Processing /home/airflow/.local/lib/python3.7/site-packages/airflow/example_dags/example_nested_branch_dag.py took 0.221 seconds
[2024-04-06T10:09:41.337+0000] {processor.py:153} INFO - Started process (PID=1776) to work on /home/airflow/.local/lib/python3.7/site-packages/airflow/example_dags/example_nested_branch_dag.py
[2024-04-06T10:09:41.339+0000] {processor.py:743} INFO - Processing file /home/airflow/.local/lib/python3.7/site-packages/airflow/example_dags/example_nested_branch_dag.py for tasks to queue
[2024-04-06T10:09:41.340+0000] {logging_mixin.py:137} INFO - [2024-04-06T10:09:41.340+0000] {dagbag.py:538} INFO - Filling up the DagBag from /home/airflow/.local/lib/python3.7/site-packages/airflow/example_dags/example_nested_branch_dag.py
[2024-04-06T10:09:41.390+0000] {processor.py:753} INFO - DAG(s) dict_keys(['example_nested_branch_dag']) retrieved from /home/airflow/.local/lib/python3.7/site-packages/airflow/example_dags/example_nested_branch_dag.py
[2024-04-06T10:09:41.439+0000] {logging_mixin.py:137} INFO - [2024-04-06T10:09:41.438+0000] {dag.py:2690} INFO - Sync 1 DAGs
[2024-04-06T10:09:41.490+0000] {logging_mixin.py:137} INFO - [2024-04-06T10:09:41.490+0000] {dag.py:3441} INFO - Setting next_dagrun for example_nested_branch_dag to 2024-04-05T00:00:00+00:00, run_after=2024-04-06T00:00:00+00:00
[2024-04-06T10:09:41.524+0000] {processor.py:175} INFO - Processing /home/airflow/.local/lib/python3.7/site-packages/airflow/example_dags/example_nested_branch_dag.py took 0.193 seconds
[2024-04-06T10:10:12.133+0000] {processor.py:153} INFO - Started process (PID=1847) to work on /home/airflow/.local/lib/python3.7/site-packages/airflow/example_dags/example_nested_branch_dag.py
[2024-04-06T10:10:12.135+0000] {processor.py:743} INFO - Processing file /home/airflow/.local/lib/python3.7/site-packages/airflow/example_dags/example_nested_branch_dag.py for tasks to queue
[2024-04-06T10:10:12.136+0000] {logging_mixin.py:137} INFO - [2024-04-06T10:10:12.135+0000] {dagbag.py:538} INFO - Filling up the DagBag from /home/airflow/.local/lib/python3.7/site-packages/airflow/example_dags/example_nested_branch_dag.py
[2024-04-06T10:10:12.183+0000] {processor.py:753} INFO - DAG(s) dict_keys(['example_nested_branch_dag']) retrieved from /home/airflow/.local/lib/python3.7/site-packages/airflow/example_dags/example_nested_branch_dag.py
[2024-04-06T10:10:12.234+0000] {logging_mixin.py:137} INFO - [2024-04-06T10:10:12.234+0000] {dag.py:2690} INFO - Sync 1 DAGs
[2024-04-06T10:10:12.292+0000] {logging_mixin.py:137} INFO - [2024-04-06T10:10:12.292+0000] {dag.py:3441} INFO - Setting next_dagrun for example_nested_branch_dag to 2024-04-05T00:00:00+00:00, run_after=2024-04-06T00:00:00+00:00
[2024-04-06T10:10:12.331+0000] {processor.py:175} INFO - Processing /home/airflow/.local/lib/python3.7/site-packages/airflow/example_dags/example_nested_branch_dag.py took 0.203 seconds
[2024-04-06T10:10:43.103+0000] {processor.py:153} INFO - Started process (PID=1919) to work on /home/airflow/.local/lib/python3.7/site-packages/airflow/example_dags/example_nested_branch_dag.py
[2024-04-06T10:10:43.104+0000] {processor.py:743} INFO - Processing file /home/airflow/.local/lib/python3.7/site-packages/airflow/example_dags/example_nested_branch_dag.py for tasks to queue
[2024-04-06T10:10:43.106+0000] {logging_mixin.py:137} INFO - [2024-04-06T10:10:43.105+0000] {dagbag.py:538} INFO - Filling up the DagBag from /home/airflow/.local/lib/python3.7/site-packages/airflow/example_dags/example_nested_branch_dag.py
[2024-04-06T10:10:43.153+0000] {processor.py:753} INFO - DAG(s) dict_keys(['example_nested_branch_dag']) retrieved from /home/airflow/.local/lib/python3.7/site-packages/airflow/example_dags/example_nested_branch_dag.py
[2024-04-06T10:10:43.210+0000] {logging_mixin.py:137} INFO - [2024-04-06T10:10:43.209+0000] {dag.py:2690} INFO - Sync 1 DAGs
[2024-04-06T10:10:43.266+0000] {logging_mixin.py:137} INFO - [2024-04-06T10:10:43.265+0000] {dag.py:3441} INFO - Setting next_dagrun for example_nested_branch_dag to 2024-04-05T00:00:00+00:00, run_after=2024-04-06T00:00:00+00:00
[2024-04-06T10:10:43.301+0000] {processor.py:175} INFO - Processing /home/airflow/.local/lib/python3.7/site-packages/airflow/example_dags/example_nested_branch_dag.py took 0.203 seconds
[2024-04-06T10:11:13.631+0000] {processor.py:153} INFO - Started process (PID=1991) to work on /home/airflow/.local/lib/python3.7/site-packages/airflow/example_dags/example_nested_branch_dag.py
[2024-04-06T10:11:13.632+0000] {processor.py:743} INFO - Processing file /home/airflow/.local/lib/python3.7/site-packages/airflow/example_dags/example_nested_branch_dag.py for tasks to queue
[2024-04-06T10:11:13.633+0000] {logging_mixin.py:137} INFO - [2024-04-06T10:11:13.633+0000] {dagbag.py:538} INFO - Filling up the DagBag from /home/airflow/.local/lib/python3.7/site-packages/airflow/example_dags/example_nested_branch_dag.py
[2024-04-06T10:11:13.689+0000] {processor.py:753} INFO - DAG(s) dict_keys(['example_nested_branch_dag']) retrieved from /home/airflow/.local/lib/python3.7/site-packages/airflow/example_dags/example_nested_branch_dag.py
[2024-04-06T10:11:13.738+0000] {logging_mixin.py:137} INFO - [2024-04-06T10:11:13.738+0000] {dag.py:2690} INFO - Sync 1 DAGs
[2024-04-06T10:11:13.790+0000] {logging_mixin.py:137} INFO - [2024-04-06T10:11:13.789+0000] {dag.py:3441} INFO - Setting next_dagrun for example_nested_branch_dag to 2024-04-05T00:00:00+00:00, run_after=2024-04-06T00:00:00+00:00
[2024-04-06T10:11:13.828+0000] {processor.py:175} INFO - Processing /home/airflow/.local/lib/python3.7/site-packages/airflow/example_dags/example_nested_branch_dag.py took 0.202 seconds
[2024-04-06T10:11:44.097+0000] {processor.py:153} INFO - Started process (PID=2063) to work on /home/airflow/.local/lib/python3.7/site-packages/airflow/example_dags/example_nested_branch_dag.py
[2024-04-06T10:11:44.099+0000] {processor.py:743} INFO - Processing file /home/airflow/.local/lib/python3.7/site-packages/airflow/example_dags/example_nested_branch_dag.py for tasks to queue
[2024-04-06T10:11:44.100+0000] {logging_mixin.py:137} INFO - [2024-04-06T10:11:44.100+0000] {dagbag.py:538} INFO - Filling up the DagBag from /home/airflow/.local/lib/python3.7/site-packages/airflow/example_dags/example_nested_branch_dag.py
[2024-04-06T10:11:44.152+0000] {processor.py:753} INFO - DAG(s) dict_keys(['example_nested_branch_dag']) retrieved from /home/airflow/.local/lib/python3.7/site-packages/airflow/example_dags/example_nested_branch_dag.py
[2024-04-06T10:11:44.202+0000] {logging_mixin.py:137} INFO - [2024-04-06T10:11:44.201+0000] {dag.py:2690} INFO - Sync 1 DAGs
[2024-04-06T10:11:44.256+0000] {logging_mixin.py:137} INFO - [2024-04-06T10:11:44.256+0000] {dag.py:3441} INFO - Setting next_dagrun for example_nested_branch_dag to 2024-04-05T00:00:00+00:00, run_after=2024-04-06T00:00:00+00:00
[2024-04-06T10:11:44.295+0000] {processor.py:175} INFO - Processing /home/airflow/.local/lib/python3.7/site-packages/airflow/example_dags/example_nested_branch_dag.py took 0.204 seconds
[2024-04-06T10:12:14.494+0000] {processor.py:153} INFO - Started process (PID=2135) to work on /home/airflow/.local/lib/python3.7/site-packages/airflow/example_dags/example_nested_branch_dag.py
[2024-04-06T10:12:14.496+0000] {processor.py:743} INFO - Processing file /home/airflow/.local/lib/python3.7/site-packages/airflow/example_dags/example_nested_branch_dag.py for tasks to queue
[2024-04-06T10:12:14.497+0000] {logging_mixin.py:137} INFO - [2024-04-06T10:12:14.497+0000] {dagbag.py:538} INFO - Filling up the DagBag from /home/airflow/.local/lib/python3.7/site-packages/airflow/example_dags/example_nested_branch_dag.py
[2024-04-06T10:12:14.564+0000] {processor.py:753} INFO - DAG(s) dict_keys(['example_nested_branch_dag']) retrieved from /home/airflow/.local/lib/python3.7/site-packages/airflow/example_dags/example_nested_branch_dag.py
[2024-04-06T10:12:14.613+0000] {logging_mixin.py:137} INFO - [2024-04-06T10:12:14.612+0000] {dag.py:2690} INFO - Sync 1 DAGs
[2024-04-06T10:12:14.679+0000] {logging_mixin.py:137} INFO - [2024-04-06T10:12:14.679+0000] {dag.py:3441} INFO - Setting next_dagrun for example_nested_branch_dag to 2024-04-05T00:00:00+00:00, run_after=2024-04-06T00:00:00+00:00
[2024-04-06T10:12:14.725+0000] {processor.py:175} INFO - Processing /home/airflow/.local/lib/python3.7/site-packages/airflow/example_dags/example_nested_branch_dag.py took 0.238 seconds
[2024-04-06T10:12:45.026+0000] {processor.py:153} INFO - Started process (PID=2214) to work on /home/airflow/.local/lib/python3.7/site-packages/airflow/example_dags/example_nested_branch_dag.py
[2024-04-06T10:12:45.029+0000] {processor.py:743} INFO - Processing file /home/airflow/.local/lib/python3.7/site-packages/airflow/example_dags/example_nested_branch_dag.py for tasks to queue
[2024-04-06T10:12:45.032+0000] {logging_mixin.py:137} INFO - [2024-04-06T10:12:45.031+0000] {dagbag.py:538} INFO - Filling up the DagBag from /home/airflow/.local/lib/python3.7/site-packages/airflow/example_dags/example_nested_branch_dag.py
[2024-04-06T10:12:45.100+0000] {processor.py:753} INFO - DAG(s) dict_keys(['example_nested_branch_dag']) retrieved from /home/airflow/.local/lib/python3.7/site-packages/airflow/example_dags/example_nested_branch_dag.py
[2024-04-06T10:12:45.170+0000] {logging_mixin.py:137} INFO - [2024-04-06T10:12:45.169+0000] {dag.py:2690} INFO - Sync 1 DAGs
[2024-04-06T10:12:45.262+0000] {logging_mixin.py:137} INFO - [2024-04-06T10:12:45.262+0000] {dag.py:3441} INFO - Setting next_dagrun for example_nested_branch_dag to 2024-04-05T00:00:00+00:00, run_after=2024-04-06T00:00:00+00:00
[2024-04-06T10:12:45.320+0000] {processor.py:175} INFO - Processing /home/airflow/.local/lib/python3.7/site-packages/airflow/example_dags/example_nested_branch_dag.py took 0.302 seconds
[2024-04-06T10:42:05.133+0000] {processor.py:161} INFO - Started process (PID=64) to work on /home/airflow/.local/lib/python3.8/site-packages/airflow/example_dags/example_nested_branch_dag.py
[2024-04-06T10:42:05.134+0000] {processor.py:830} INFO - Processing file /home/airflow/.local/lib/python3.8/site-packages/airflow/example_dags/example_nested_branch_dag.py for tasks to queue
[2024-04-06T10:42:05.135+0000] {logging_mixin.py:188} INFO - [2024-04-06T10:42:05.134+0000] {dagbag.py:540} INFO - Filling up the DagBag from /home/airflow/.local/lib/python3.8/site-packages/airflow/example_dags/example_nested_branch_dag.py
[2024-04-06T10:42:05.141+0000] {processor.py:840} INFO - DAG(s) 'example_nested_branch_dag' retrieved from /home/airflow/.local/lib/python3.8/site-packages/airflow/example_dags/example_nested_branch_dag.py
[2024-04-06T10:42:05.212+0000] {logging_mixin.py:188} INFO - [2024-04-06T10:42:05.211+0000] {override.py:1769} INFO - Created Permission View: can delete on DAG:example_nested_branch_dag
[2024-04-06T10:42:05.218+0000] {logging_mixin.py:188} INFO - [2024-04-06T10:42:05.218+0000] {override.py:1769} INFO - Created Permission View: can read on DAG:example_nested_branch_dag
[2024-04-06T10:42:05.222+0000] {logging_mixin.py:188} INFO - [2024-04-06T10:42:05.222+0000] {override.py:1769} INFO - Created Permission View: can edit on DAG:example_nested_branch_dag
[2024-04-06T10:42:05.222+0000] {logging_mixin.py:188} INFO - [2024-04-06T10:42:05.222+0000] {dag.py:3047} INFO - Sync 1 DAGs
[2024-04-06T10:42:05.230+0000] {logging_mixin.py:188} INFO - [2024-04-06T10:42:05.229+0000] {dag.py:3069} INFO - Creating ORM DAG for example_nested_branch_dag
[2024-04-06T10:42:05.238+0000] {logging_mixin.py:188} INFO - [2024-04-06T10:42:05.238+0000] {dag.py:3834} INFO - Setting next_dagrun for example_nested_branch_dag to 2024-04-05 00:00:00+00:00, run_after=2024-04-06 00:00:00+00:00
[2024-04-06T10:42:05.254+0000] {processor.py:183} INFO - Processing /home/airflow/.local/lib/python3.8/site-packages/airflow/example_dags/example_nested_branch_dag.py took 0.123 seconds
[2024-04-06T10:42:35.746+0000] {processor.py:161} INFO - Started process (PID=120) to work on /home/airflow/.local/lib/python3.8/site-packages/airflow/example_dags/example_nested_branch_dag.py
[2024-04-06T10:42:35.747+0000] {processor.py:830} INFO - Processing file /home/airflow/.local/lib/python3.8/site-packages/airflow/example_dags/example_nested_branch_dag.py for tasks to queue
[2024-04-06T10:42:35.748+0000] {logging_mixin.py:188} INFO - [2024-04-06T10:42:35.747+0000] {dagbag.py:540} INFO - Filling up the DagBag from /home/airflow/.local/lib/python3.8/site-packages/airflow/example_dags/example_nested_branch_dag.py
[2024-04-06T10:42:35.755+0000] {processor.py:840} INFO - DAG(s) 'example_nested_branch_dag' retrieved from /home/airflow/.local/lib/python3.8/site-packages/airflow/example_dags/example_nested_branch_dag.py
[2024-04-06T10:42:35.774+0000] {logging_mixin.py:188} INFO - [2024-04-06T10:42:35.773+0000] {dag.py:3047} INFO - Sync 1 DAGs
[2024-04-06T10:42:35.793+0000] {logging_mixin.py:188} INFO - [2024-04-06T10:42:35.792+0000] {dag.py:3834} INFO - Setting next_dagrun for example_nested_branch_dag to 2024-04-05 00:00:00+00:00, run_after=2024-04-06 00:00:00+00:00
[2024-04-06T10:42:35.806+0000] {processor.py:183} INFO - Processing /home/airflow/.local/lib/python3.8/site-packages/airflow/example_dags/example_nested_branch_dag.py took 0.062 seconds
[2024-04-06T10:43:06.178+0000] {processor.py:161} INFO - Started process (PID=176) to work on /home/airflow/.local/lib/python3.8/site-packages/airflow/example_dags/example_nested_branch_dag.py
[2024-04-06T10:43:06.183+0000] {processor.py:830} INFO - Processing file /home/airflow/.local/lib/python3.8/site-packages/airflow/example_dags/example_nested_branch_dag.py for tasks to queue
[2024-04-06T10:43:06.184+0000] {logging_mixin.py:188} INFO - [2024-04-06T10:43:06.183+0000] {dagbag.py:540} INFO - Filling up the DagBag from /home/airflow/.local/lib/python3.8/site-packages/airflow/example_dags/example_nested_branch_dag.py
[2024-04-06T10:43:06.191+0000] {processor.py:840} INFO - DAG(s) 'example_nested_branch_dag' retrieved from /home/airflow/.local/lib/python3.8/site-packages/airflow/example_dags/example_nested_branch_dag.py
[2024-04-06T10:43:06.204+0000] {logging_mixin.py:188} INFO - [2024-04-06T10:43:06.203+0000] {dag.py:3047} INFO - Sync 1 DAGs
[2024-04-06T10:43:06.218+0000] {logging_mixin.py:188} INFO - [2024-04-06T10:43:06.218+0000] {dag.py:3834} INFO - Setting next_dagrun for example_nested_branch_dag to 2024-04-05 00:00:00+00:00, run_after=2024-04-06 00:00:00+00:00
[2024-04-06T10:43:06.243+0000] {processor.py:183} INFO - Processing /home/airflow/.local/lib/python3.8/site-packages/airflow/example_dags/example_nested_branch_dag.py took 0.070 seconds
[2024-04-06T10:43:37.241+0000] {processor.py:161} INFO - Started process (PID=232) to work on /home/airflow/.local/lib/python3.8/site-packages/airflow/example_dags/example_nested_branch_dag.py
[2024-04-06T10:43:37.244+0000] {processor.py:830} INFO - Processing file /home/airflow/.local/lib/python3.8/site-packages/airflow/example_dags/example_nested_branch_dag.py for tasks to queue
[2024-04-06T10:43:37.246+0000] {logging_mixin.py:188} INFO - [2024-04-06T10:43:37.246+0000] {dagbag.py:540} INFO - Filling up the DagBag from /home/airflow/.local/lib/python3.8/site-packages/airflow/example_dags/example_nested_branch_dag.py
[2024-04-06T10:43:37.253+0000] {processor.py:840} INFO - DAG(s) 'example_nested_branch_dag' retrieved from /home/airflow/.local/lib/python3.8/site-packages/airflow/example_dags/example_nested_branch_dag.py
[2024-04-06T10:43:37.266+0000] {logging_mixin.py:188} INFO - [2024-04-06T10:43:37.266+0000] {dag.py:3047} INFO - Sync 1 DAGs
[2024-04-06T10:43:37.281+0000] {logging_mixin.py:188} INFO - [2024-04-06T10:43:37.280+0000] {dag.py:3834} INFO - Setting next_dagrun for example_nested_branch_dag to 2024-04-05 00:00:00+00:00, run_after=2024-04-06 00:00:00+00:00
[2024-04-06T10:43:37.293+0000] {processor.py:183} INFO - Processing /home/airflow/.local/lib/python3.8/site-packages/airflow/example_dags/example_nested_branch_dag.py took 0.054 seconds
[2024-04-06T10:44:07.941+0000] {processor.py:161} INFO - Started process (PID=288) to work on /home/airflow/.local/lib/python3.8/site-packages/airflow/example_dags/example_nested_branch_dag.py
[2024-04-06T10:44:07.942+0000] {processor.py:830} INFO - Processing file /home/airflow/.local/lib/python3.8/site-packages/airflow/example_dags/example_nested_branch_dag.py for tasks to queue
[2024-04-06T10:44:07.943+0000] {logging_mixin.py:188} INFO - [2024-04-06T10:44:07.943+0000] {dagbag.py:540} INFO - Filling up the DagBag from /home/airflow/.local/lib/python3.8/site-packages/airflow/example_dags/example_nested_branch_dag.py
[2024-04-06T10:44:07.949+0000] {processor.py:840} INFO - DAG(s) 'example_nested_branch_dag' retrieved from /home/airflow/.local/lib/python3.8/site-packages/airflow/example_dags/example_nested_branch_dag.py
[2024-04-06T10:44:07.962+0000] {logging_mixin.py:188} INFO - [2024-04-06T10:44:07.962+0000] {dag.py:3047} INFO - Sync 1 DAGs
[2024-04-06T10:44:07.977+0000] {logging_mixin.py:188} INFO - [2024-04-06T10:44:07.977+0000] {dag.py:3834} INFO - Setting next_dagrun for example_nested_branch_dag to 2024-04-05 00:00:00+00:00, run_after=2024-04-06 00:00:00+00:00
[2024-04-06T10:44:07.989+0000] {processor.py:183} INFO - Processing /home/airflow/.local/lib/python3.8/site-packages/airflow/example_dags/example_nested_branch_dag.py took 0.050 seconds
[2024-04-06T10:44:38.683+0000] {processor.py:161} INFO - Started process (PID=344) to work on /home/airflow/.local/lib/python3.8/site-packages/airflow/example_dags/example_nested_branch_dag.py
[2024-04-06T10:44:38.684+0000] {processor.py:830} INFO - Processing file /home/airflow/.local/lib/python3.8/site-packages/airflow/example_dags/example_nested_branch_dag.py for tasks to queue
[2024-04-06T10:44:38.685+0000] {logging_mixin.py:188} INFO - [2024-04-06T10:44:38.685+0000] {dagbag.py:540} INFO - Filling up the DagBag from /home/airflow/.local/lib/python3.8/site-packages/airflow/example_dags/example_nested_branch_dag.py
[2024-04-06T10:44:38.691+0000] {processor.py:840} INFO - DAG(s) 'example_nested_branch_dag' retrieved from /home/airflow/.local/lib/python3.8/site-packages/airflow/example_dags/example_nested_branch_dag.py
[2024-04-06T10:44:38.704+0000] {logging_mixin.py:188} INFO - [2024-04-06T10:44:38.704+0000] {dag.py:3047} INFO - Sync 1 DAGs
[2024-04-06T10:44:38.719+0000] {logging_mixin.py:188} INFO - [2024-04-06T10:44:38.719+0000] {dag.py:3834} INFO - Setting next_dagrun for example_nested_branch_dag to 2024-04-05 00:00:00+00:00, run_after=2024-04-06 00:00:00+00:00
[2024-04-06T10:44:38.730+0000] {processor.py:183} INFO - Processing /home/airflow/.local/lib/python3.8/site-packages/airflow/example_dags/example_nested_branch_dag.py took 0.049 seconds
[2024-04-06T10:45:08.820+0000] {processor.py:161} INFO - Started process (PID=399) to work on /home/airflow/.local/lib/python3.8/site-packages/airflow/example_dags/example_nested_branch_dag.py
[2024-04-06T10:45:08.826+0000] {processor.py:830} INFO - Processing file /home/airflow/.local/lib/python3.8/site-packages/airflow/example_dags/example_nested_branch_dag.py for tasks to queue
[2024-04-06T10:45:08.827+0000] {logging_mixin.py:188} INFO - [2024-04-06T10:45:08.827+0000] {dagbag.py:540} INFO - Filling up the DagBag from /home/airflow/.local/lib/python3.8/site-packages/airflow/example_dags/example_nested_branch_dag.py
[2024-04-06T10:45:08.834+0000] {processor.py:840} INFO - DAG(s) 'example_nested_branch_dag' retrieved from /home/airflow/.local/lib/python3.8/site-packages/airflow/example_dags/example_nested_branch_dag.py
[2024-04-06T10:45:08.846+0000] {logging_mixin.py:188} INFO - [2024-04-06T10:45:08.846+0000] {dag.py:3047} INFO - Sync 1 DAGs
[2024-04-06T10:45:08.860+0000] {logging_mixin.py:188} INFO - [2024-04-06T10:45:08.859+0000] {dag.py:3834} INFO - Setting next_dagrun for example_nested_branch_dag to 2024-04-05 00:00:00+00:00, run_after=2024-04-06 00:00:00+00:00
[2024-04-06T10:45:08.872+0000] {processor.py:183} INFO - Processing /home/airflow/.local/lib/python3.8/site-packages/airflow/example_dags/example_nested_branch_dag.py took 0.053 seconds
