[2024-04-06T09:36:47.056+0000] {processor.py:153} INFO - Started process (PID=50) to work on /home/airflow/.local/lib/python3.7/site-packages/airflow/example_dags/example_local_kubernetes_executor.py
[2024-04-06T09:36:47.057+0000] {processor.py:743} INFO - Processing file /home/airflow/.local/lib/python3.7/site-packages/airflow/example_dags/example_local_kubernetes_executor.py for tasks to queue
[2024-04-06T09:36:47.058+0000] {logging_mixin.py:137} INFO - [2024-04-06T09:36:47.058+0000] {dagbag.py:538} INFO - Filling up the DagBag from /home/airflow/.local/lib/python3.7/site-packages/airflow/example_dags/example_local_kubernetes_executor.py
[2024-04-06T09:36:47.096+0000] {processor.py:753} INFO - DAG(s) dict_keys(['example_local_kubernetes_executor']) retrieved from /home/airflow/.local/lib/python3.7/site-packages/airflow/example_dags/example_local_kubernetes_executor.py
[2024-04-06T09:36:47.115+0000] {logging_mixin.py:137} INFO - [2024-04-06T09:36:47.114+0000] {dag.py:2690} INFO - Sync 1 DAGs
[2024-04-06T09:36:47.152+0000] {logging_mixin.py:137} INFO - [2024-04-06T09:36:47.152+0000] {dag.py:3441} INFO - Setting next_dagrun for example_local_kubernetes_executor to None, run_after=None
[2024-04-06T09:36:47.180+0000] {processor.py:175} INFO - Processing /home/airflow/.local/lib/python3.7/site-packages/airflow/example_dags/example_local_kubernetes_executor.py took 0.126 seconds
[2024-04-06T09:37:17.471+0000] {processor.py:153} INFO - Started process (PID=129) to work on /home/airflow/.local/lib/python3.7/site-packages/airflow/example_dags/example_local_kubernetes_executor.py
[2024-04-06T09:37:17.472+0000] {processor.py:743} INFO - Processing file /home/airflow/.local/lib/python3.7/site-packages/airflow/example_dags/example_local_kubernetes_executor.py for tasks to queue
[2024-04-06T09:37:17.472+0000] {logging_mixin.py:137} INFO - [2024-04-06T09:37:17.472+0000] {dagbag.py:538} INFO - Filling up the DagBag from /home/airflow/.local/lib/python3.7/site-packages/airflow/example_dags/example_local_kubernetes_executor.py
[2024-04-06T09:37:17.495+0000] {processor.py:753} INFO - DAG(s) dict_keys(['example_local_kubernetes_executor']) retrieved from /home/airflow/.local/lib/python3.7/site-packages/airflow/example_dags/example_local_kubernetes_executor.py
[2024-04-06T09:37:17.507+0000] {logging_mixin.py:137} INFO - [2024-04-06T09:37:17.506+0000] {dag.py:2690} INFO - Sync 1 DAGs
[2024-04-06T09:37:17.532+0000] {logging_mixin.py:137} INFO - [2024-04-06T09:37:17.532+0000] {dag.py:3441} INFO - Setting next_dagrun for example_local_kubernetes_executor to None, run_after=None
[2024-04-06T09:37:17.550+0000] {processor.py:175} INFO - Processing /home/airflow/.local/lib/python3.7/site-packages/airflow/example_dags/example_local_kubernetes_executor.py took 0.082 seconds
[2024-04-06T09:37:47.952+0000] {processor.py:153} INFO - Started process (PID=201) to work on /home/airflow/.local/lib/python3.7/site-packages/airflow/example_dags/example_local_kubernetes_executor.py
[2024-04-06T09:37:47.953+0000] {processor.py:743} INFO - Processing file /home/airflow/.local/lib/python3.7/site-packages/airflow/example_dags/example_local_kubernetes_executor.py for tasks to queue
[2024-04-06T09:37:47.954+0000] {logging_mixin.py:137} INFO - [2024-04-06T09:37:47.953+0000] {dagbag.py:538} INFO - Filling up the DagBag from /home/airflow/.local/lib/python3.7/site-packages/airflow/example_dags/example_local_kubernetes_executor.py
[2024-04-06T09:37:47.983+0000] {processor.py:753} INFO - DAG(s) dict_keys(['example_local_kubernetes_executor']) retrieved from /home/airflow/.local/lib/python3.7/site-packages/airflow/example_dags/example_local_kubernetes_executor.py
[2024-04-06T09:37:48.023+0000] {logging_mixin.py:137} INFO - [2024-04-06T09:37:48.023+0000] {dag.py:2690} INFO - Sync 1 DAGs
[2024-04-06T09:37:48.052+0000] {logging_mixin.py:137} INFO - [2024-04-06T09:37:48.052+0000] {dag.py:3441} INFO - Setting next_dagrun for example_local_kubernetes_executor to None, run_after=None
[2024-04-06T09:37:48.080+0000] {processor.py:175} INFO - Processing /home/airflow/.local/lib/python3.7/site-packages/airflow/example_dags/example_local_kubernetes_executor.py took 0.131 seconds
[2024-04-06T09:38:18.880+0000] {processor.py:153} INFO - Started process (PID=289) to work on /home/airflow/.local/lib/python3.7/site-packages/airflow/example_dags/example_local_kubernetes_executor.py
[2024-04-06T09:38:18.881+0000] {processor.py:743} INFO - Processing file /home/airflow/.local/lib/python3.7/site-packages/airflow/example_dags/example_local_kubernetes_executor.py for tasks to queue
[2024-04-06T09:38:18.882+0000] {logging_mixin.py:137} INFO - [2024-04-06T09:38:18.882+0000] {dagbag.py:538} INFO - Filling up the DagBag from /home/airflow/.local/lib/python3.7/site-packages/airflow/example_dags/example_local_kubernetes_executor.py
[2024-04-06T09:38:18.926+0000] {processor.py:753} INFO - DAG(s) dict_keys(['example_local_kubernetes_executor']) retrieved from /home/airflow/.local/lib/python3.7/site-packages/airflow/example_dags/example_local_kubernetes_executor.py
[2024-04-06T09:38:18.972+0000] {logging_mixin.py:137} INFO - [2024-04-06T09:38:18.972+0000] {dag.py:2690} INFO - Sync 1 DAGs
[2024-04-06T09:38:19.011+0000] {logging_mixin.py:137} INFO - [2024-04-06T09:38:19.011+0000] {dag.py:3441} INFO - Setting next_dagrun for example_local_kubernetes_executor to None, run_after=None
[2024-04-06T09:38:19.032+0000] {processor.py:175} INFO - Processing /home/airflow/.local/lib/python3.7/site-packages/airflow/example_dags/example_local_kubernetes_executor.py took 0.156 seconds
[2024-04-06T09:38:49.414+0000] {processor.py:153} INFO - Started process (PID=360) to work on /home/airflow/.local/lib/python3.7/site-packages/airflow/example_dags/example_local_kubernetes_executor.py
[2024-04-06T09:38:49.415+0000] {processor.py:743} INFO - Processing file /home/airflow/.local/lib/python3.7/site-packages/airflow/example_dags/example_local_kubernetes_executor.py for tasks to queue
[2024-04-06T09:38:49.415+0000] {logging_mixin.py:137} INFO - [2024-04-06T09:38:49.415+0000] {dagbag.py:538} INFO - Filling up the DagBag from /home/airflow/.local/lib/python3.7/site-packages/airflow/example_dags/example_local_kubernetes_executor.py
[2024-04-06T09:38:49.435+0000] {processor.py:753} INFO - DAG(s) dict_keys(['example_local_kubernetes_executor']) retrieved from /home/airflow/.local/lib/python3.7/site-packages/airflow/example_dags/example_local_kubernetes_executor.py
[2024-04-06T09:38:49.458+0000] {logging_mixin.py:137} INFO - [2024-04-06T09:38:49.458+0000] {dag.py:2690} INFO - Sync 1 DAGs
[2024-04-06T09:38:49.479+0000] {logging_mixin.py:137} INFO - [2024-04-06T09:38:49.478+0000] {dag.py:3441} INFO - Setting next_dagrun for example_local_kubernetes_executor to None, run_after=None
[2024-04-06T09:38:49.497+0000] {processor.py:175} INFO - Processing /home/airflow/.local/lib/python3.7/site-packages/airflow/example_dags/example_local_kubernetes_executor.py took 0.085 seconds
[2024-04-06T09:39:19.566+0000] {processor.py:153} INFO - Started process (PID=449) to work on /home/airflow/.local/lib/python3.7/site-packages/airflow/example_dags/example_local_kubernetes_executor.py
[2024-04-06T09:39:19.567+0000] {processor.py:743} INFO - Processing file /home/airflow/.local/lib/python3.7/site-packages/airflow/example_dags/example_local_kubernetes_executor.py for tasks to queue
[2024-04-06T09:39:19.568+0000] {logging_mixin.py:137} INFO - [2024-04-06T09:39:19.568+0000] {dagbag.py:538} INFO - Filling up the DagBag from /home/airflow/.local/lib/python3.7/site-packages/airflow/example_dags/example_local_kubernetes_executor.py
[2024-04-06T09:39:19.590+0000] {processor.py:753} INFO - DAG(s) dict_keys(['example_local_kubernetes_executor']) retrieved from /home/airflow/.local/lib/python3.7/site-packages/airflow/example_dags/example_local_kubernetes_executor.py
[2024-04-06T09:39:19.619+0000] {logging_mixin.py:137} INFO - [2024-04-06T09:39:19.619+0000] {dag.py:2690} INFO - Sync 1 DAGs
[2024-04-06T09:39:19.650+0000] {logging_mixin.py:137} INFO - [2024-04-06T09:39:19.650+0000] {dag.py:3441} INFO - Setting next_dagrun for example_local_kubernetes_executor to None, run_after=None
[2024-04-06T09:39:19.668+0000] {processor.py:175} INFO - Processing /home/airflow/.local/lib/python3.7/site-packages/airflow/example_dags/example_local_kubernetes_executor.py took 0.104 seconds
[2024-04-06T09:39:49.808+0000] {processor.py:153} INFO - Started process (PID=520) to work on /home/airflow/.local/lib/python3.7/site-packages/airflow/example_dags/example_local_kubernetes_executor.py
[2024-04-06T09:39:49.809+0000] {processor.py:743} INFO - Processing file /home/airflow/.local/lib/python3.7/site-packages/airflow/example_dags/example_local_kubernetes_executor.py for tasks to queue
[2024-04-06T09:39:49.809+0000] {logging_mixin.py:137} INFO - [2024-04-06T09:39:49.809+0000] {dagbag.py:538} INFO - Filling up the DagBag from /home/airflow/.local/lib/python3.7/site-packages/airflow/example_dags/example_local_kubernetes_executor.py
[2024-04-06T09:39:49.829+0000] {processor.py:753} INFO - DAG(s) dict_keys(['example_local_kubernetes_executor']) retrieved from /home/airflow/.local/lib/python3.7/site-packages/airflow/example_dags/example_local_kubernetes_executor.py
[2024-04-06T09:39:49.851+0000] {logging_mixin.py:137} INFO - [2024-04-06T09:39:49.851+0000] {dag.py:2690} INFO - Sync 1 DAGs
[2024-04-06T09:39:49.874+0000] {logging_mixin.py:137} INFO - [2024-04-06T09:39:49.874+0000] {dag.py:3441} INFO - Setting next_dagrun for example_local_kubernetes_executor to None, run_after=None
[2024-04-06T09:39:49.892+0000] {processor.py:175} INFO - Processing /home/airflow/.local/lib/python3.7/site-packages/airflow/example_dags/example_local_kubernetes_executor.py took 0.087 seconds
[2024-04-06T09:40:20.066+0000] {processor.py:153} INFO - Started process (PID=608) to work on /home/airflow/.local/lib/python3.7/site-packages/airflow/example_dags/example_local_kubernetes_executor.py
[2024-04-06T09:40:20.066+0000] {processor.py:743} INFO - Processing file /home/airflow/.local/lib/python3.7/site-packages/airflow/example_dags/example_local_kubernetes_executor.py for tasks to queue
[2024-04-06T09:40:20.067+0000] {logging_mixin.py:137} INFO - [2024-04-06T09:40:20.067+0000] {dagbag.py:538} INFO - Filling up the DagBag from /home/airflow/.local/lib/python3.7/site-packages/airflow/example_dags/example_local_kubernetes_executor.py
[2024-04-06T09:40:20.088+0000] {processor.py:753} INFO - DAG(s) dict_keys(['example_local_kubernetes_executor']) retrieved from /home/airflow/.local/lib/python3.7/site-packages/airflow/example_dags/example_local_kubernetes_executor.py
[2024-04-06T09:40:20.122+0000] {logging_mixin.py:137} INFO - [2024-04-06T09:40:20.122+0000] {dag.py:2690} INFO - Sync 1 DAGs
[2024-04-06T09:40:20.151+0000] {logging_mixin.py:137} INFO - [2024-04-06T09:40:20.151+0000] {dag.py:3441} INFO - Setting next_dagrun for example_local_kubernetes_executor to None, run_after=None
[2024-04-06T09:40:20.169+0000] {processor.py:175} INFO - Processing /home/airflow/.local/lib/python3.7/site-packages/airflow/example_dags/example_local_kubernetes_executor.py took 0.106 seconds
[2024-04-06T09:40:50.433+0000] {processor.py:153} INFO - Started process (PID=680) to work on /home/airflow/.local/lib/python3.7/site-packages/airflow/example_dags/example_local_kubernetes_executor.py
[2024-04-06T09:40:50.433+0000] {processor.py:743} INFO - Processing file /home/airflow/.local/lib/python3.7/site-packages/airflow/example_dags/example_local_kubernetes_executor.py for tasks to queue
[2024-04-06T09:40:50.434+0000] {logging_mixin.py:137} INFO - [2024-04-06T09:40:50.434+0000] {dagbag.py:538} INFO - Filling up the DagBag from /home/airflow/.local/lib/python3.7/site-packages/airflow/example_dags/example_local_kubernetes_executor.py
[2024-04-06T09:40:50.458+0000] {processor.py:753} INFO - DAG(s) dict_keys(['example_local_kubernetes_executor']) retrieved from /home/airflow/.local/lib/python3.7/site-packages/airflow/example_dags/example_local_kubernetes_executor.py
[2024-04-06T09:40:50.485+0000] {logging_mixin.py:137} INFO - [2024-04-06T09:40:50.485+0000] {dag.py:2690} INFO - Sync 1 DAGs
[2024-04-06T09:40:50.512+0000] {logging_mixin.py:137} INFO - [2024-04-06T09:40:50.512+0000] {dag.py:3441} INFO - Setting next_dagrun for example_local_kubernetes_executor to None, run_after=None
[2024-04-06T09:40:50.532+0000] {processor.py:175} INFO - Processing /home/airflow/.local/lib/python3.7/site-packages/airflow/example_dags/example_local_kubernetes_executor.py took 0.102 seconds
[2024-04-06T09:41:20.733+0000] {processor.py:153} INFO - Started process (PID=768) to work on /home/airflow/.local/lib/python3.7/site-packages/airflow/example_dags/example_local_kubernetes_executor.py
[2024-04-06T09:41:20.733+0000] {processor.py:743} INFO - Processing file /home/airflow/.local/lib/python3.7/site-packages/airflow/example_dags/example_local_kubernetes_executor.py for tasks to queue
[2024-04-06T09:41:20.734+0000] {logging_mixin.py:137} INFO - [2024-04-06T09:41:20.734+0000] {dagbag.py:538} INFO - Filling up the DagBag from /home/airflow/.local/lib/python3.7/site-packages/airflow/example_dags/example_local_kubernetes_executor.py
[2024-04-06T09:41:20.758+0000] {processor.py:753} INFO - DAG(s) dict_keys(['example_local_kubernetes_executor']) retrieved from /home/airflow/.local/lib/python3.7/site-packages/airflow/example_dags/example_local_kubernetes_executor.py
[2024-04-06T09:41:20.794+0000] {logging_mixin.py:137} INFO - [2024-04-06T09:41:20.794+0000] {dag.py:2690} INFO - Sync 1 DAGs
[2024-04-06T09:41:20.833+0000] {logging_mixin.py:137} INFO - [2024-04-06T09:41:20.832+0000] {dag.py:3441} INFO - Setting next_dagrun for example_local_kubernetes_executor to None, run_after=None
[2024-04-06T09:41:20.860+0000] {processor.py:175} INFO - Processing /home/airflow/.local/lib/python3.7/site-packages/airflow/example_dags/example_local_kubernetes_executor.py took 0.130 seconds
[2024-04-06T09:41:51.267+0000] {processor.py:153} INFO - Started process (PID=840) to work on /home/airflow/.local/lib/python3.7/site-packages/airflow/example_dags/example_local_kubernetes_executor.py
[2024-04-06T09:41:51.268+0000] {processor.py:743} INFO - Processing file /home/airflow/.local/lib/python3.7/site-packages/airflow/example_dags/example_local_kubernetes_executor.py for tasks to queue
[2024-04-06T09:41:51.269+0000] {logging_mixin.py:137} INFO - [2024-04-06T09:41:51.269+0000] {dagbag.py:538} INFO - Filling up the DagBag from /home/airflow/.local/lib/python3.7/site-packages/airflow/example_dags/example_local_kubernetes_executor.py
[2024-04-06T09:41:51.286+0000] {processor.py:753} INFO - DAG(s) dict_keys(['example_local_kubernetes_executor']) retrieved from /home/airflow/.local/lib/python3.7/site-packages/airflow/example_dags/example_local_kubernetes_executor.py
[2024-04-06T09:41:51.310+0000] {logging_mixin.py:137} INFO - [2024-04-06T09:41:51.309+0000] {dag.py:2690} INFO - Sync 1 DAGs
[2024-04-06T09:41:51.335+0000] {logging_mixin.py:137} INFO - [2024-04-06T09:41:51.335+0000] {dag.py:3441} INFO - Setting next_dagrun for example_local_kubernetes_executor to None, run_after=None
[2024-04-06T09:41:51.353+0000] {processor.py:175} INFO - Processing /home/airflow/.local/lib/python3.7/site-packages/airflow/example_dags/example_local_kubernetes_executor.py took 0.087 seconds
[2024-04-06T09:42:21.561+0000] {processor.py:153} INFO - Started process (PID=928) to work on /home/airflow/.local/lib/python3.7/site-packages/airflow/example_dags/example_local_kubernetes_executor.py
[2024-04-06T09:42:21.568+0000] {processor.py:743} INFO - Processing file /home/airflow/.local/lib/python3.7/site-packages/airflow/example_dags/example_local_kubernetes_executor.py for tasks to queue
[2024-04-06T09:42:21.570+0000] {logging_mixin.py:137} INFO - [2024-04-06T09:42:21.570+0000] {dagbag.py:538} INFO - Filling up the DagBag from /home/airflow/.local/lib/python3.7/site-packages/airflow/example_dags/example_local_kubernetes_executor.py
[2024-04-06T09:42:21.633+0000] {processor.py:753} INFO - DAG(s) dict_keys(['example_local_kubernetes_executor']) retrieved from /home/airflow/.local/lib/python3.7/site-packages/airflow/example_dags/example_local_kubernetes_executor.py
[2024-04-06T09:42:21.674+0000] {logging_mixin.py:137} INFO - [2024-04-06T09:42:21.673+0000] {dag.py:2690} INFO - Sync 1 DAGs
[2024-04-06T09:42:21.710+0000] {logging_mixin.py:137} INFO - [2024-04-06T09:42:21.710+0000] {dag.py:3441} INFO - Setting next_dagrun for example_local_kubernetes_executor to None, run_after=None
[2024-04-06T09:42:21.739+0000] {processor.py:175} INFO - Processing /home/airflow/.local/lib/python3.7/site-packages/airflow/example_dags/example_local_kubernetes_executor.py took 0.183 seconds
[2024-04-06T09:42:52.271+0000] {processor.py:153} INFO - Started process (PID=1000) to work on /home/airflow/.local/lib/python3.7/site-packages/airflow/example_dags/example_local_kubernetes_executor.py
[2024-04-06T09:42:52.272+0000] {processor.py:743} INFO - Processing file /home/airflow/.local/lib/python3.7/site-packages/airflow/example_dags/example_local_kubernetes_executor.py for tasks to queue
[2024-04-06T09:42:52.272+0000] {logging_mixin.py:137} INFO - [2024-04-06T09:42:52.272+0000] {dagbag.py:538} INFO - Filling up the DagBag from /home/airflow/.local/lib/python3.7/site-packages/airflow/example_dags/example_local_kubernetes_executor.py
[2024-04-06T09:42:52.291+0000] {processor.py:753} INFO - DAG(s) dict_keys(['example_local_kubernetes_executor']) retrieved from /home/airflow/.local/lib/python3.7/site-packages/airflow/example_dags/example_local_kubernetes_executor.py
[2024-04-06T09:42:52.315+0000] {logging_mixin.py:137} INFO - [2024-04-06T09:42:52.315+0000] {dag.py:2690} INFO - Sync 1 DAGs
[2024-04-06T09:42:52.338+0000] {logging_mixin.py:137} INFO - [2024-04-06T09:42:52.338+0000] {dag.py:3441} INFO - Setting next_dagrun for example_local_kubernetes_executor to None, run_after=None
[2024-04-06T09:42:52.353+0000] {processor.py:175} INFO - Processing /home/airflow/.local/lib/python3.7/site-packages/airflow/example_dags/example_local_kubernetes_executor.py took 0.084 seconds
[2024-04-06T09:43:22.681+0000] {processor.py:153} INFO - Started process (PID=1087) to work on /home/airflow/.local/lib/python3.7/site-packages/airflow/example_dags/example_local_kubernetes_executor.py
[2024-04-06T09:43:22.682+0000] {processor.py:743} INFO - Processing file /home/airflow/.local/lib/python3.7/site-packages/airflow/example_dags/example_local_kubernetes_executor.py for tasks to queue
[2024-04-06T09:43:22.683+0000] {logging_mixin.py:137} INFO - [2024-04-06T09:43:22.682+0000] {dagbag.py:538} INFO - Filling up the DagBag from /home/airflow/.local/lib/python3.7/site-packages/airflow/example_dags/example_local_kubernetes_executor.py
[2024-04-06T09:43:22.704+0000] {processor.py:753} INFO - DAG(s) dict_keys(['example_local_kubernetes_executor']) retrieved from /home/airflow/.local/lib/python3.7/site-packages/airflow/example_dags/example_local_kubernetes_executor.py
[2024-04-06T09:43:22.730+0000] {logging_mixin.py:137} INFO - [2024-04-06T09:43:22.730+0000] {dag.py:2690} INFO - Sync 1 DAGs
[2024-04-06T09:43:22.768+0000] {logging_mixin.py:137} INFO - [2024-04-06T09:43:22.768+0000] {dag.py:3441} INFO - Setting next_dagrun for example_local_kubernetes_executor to None, run_after=None
[2024-04-06T09:43:22.792+0000] {processor.py:175} INFO - Processing /home/airflow/.local/lib/python3.7/site-packages/airflow/example_dags/example_local_kubernetes_executor.py took 0.115 seconds
[2024-04-06T09:43:53.058+0000] {processor.py:153} INFO - Started process (PID=1159) to work on /home/airflow/.local/lib/python3.7/site-packages/airflow/example_dags/example_local_kubernetes_executor.py
[2024-04-06T09:43:53.059+0000] {processor.py:743} INFO - Processing file /home/airflow/.local/lib/python3.7/site-packages/airflow/example_dags/example_local_kubernetes_executor.py for tasks to queue
[2024-04-06T09:43:53.059+0000] {logging_mixin.py:137} INFO - [2024-04-06T09:43:53.059+0000] {dagbag.py:538} INFO - Filling up the DagBag from /home/airflow/.local/lib/python3.7/site-packages/airflow/example_dags/example_local_kubernetes_executor.py
[2024-04-06T09:43:53.082+0000] {processor.py:753} INFO - DAG(s) dict_keys(['example_local_kubernetes_executor']) retrieved from /home/airflow/.local/lib/python3.7/site-packages/airflow/example_dags/example_local_kubernetes_executor.py
[2024-04-06T09:43:53.105+0000] {logging_mixin.py:137} INFO - [2024-04-06T09:43:53.105+0000] {dag.py:2690} INFO - Sync 1 DAGs
[2024-04-06T09:43:53.126+0000] {logging_mixin.py:137} INFO - [2024-04-06T09:43:53.126+0000] {dag.py:3441} INFO - Setting next_dagrun for example_local_kubernetes_executor to None, run_after=None
[2024-04-06T09:43:53.141+0000] {processor.py:175} INFO - Processing /home/airflow/.local/lib/python3.7/site-packages/airflow/example_dags/example_local_kubernetes_executor.py took 0.086 seconds
[2024-04-06T09:44:23.392+0000] {processor.py:153} INFO - Started process (PID=1231) to work on /home/airflow/.local/lib/python3.7/site-packages/airflow/example_dags/example_local_kubernetes_executor.py
[2024-04-06T09:44:23.393+0000] {processor.py:743} INFO - Processing file /home/airflow/.local/lib/python3.7/site-packages/airflow/example_dags/example_local_kubernetes_executor.py for tasks to queue
[2024-04-06T09:44:23.394+0000] {logging_mixin.py:137} INFO - [2024-04-06T09:44:23.394+0000] {dagbag.py:538} INFO - Filling up the DagBag from /home/airflow/.local/lib/python3.7/site-packages/airflow/example_dags/example_local_kubernetes_executor.py
[2024-04-06T09:44:23.417+0000] {processor.py:753} INFO - DAG(s) dict_keys(['example_local_kubernetes_executor']) retrieved from /home/airflow/.local/lib/python3.7/site-packages/airflow/example_dags/example_local_kubernetes_executor.py
[2024-04-06T09:44:23.447+0000] {logging_mixin.py:137} INFO - [2024-04-06T09:44:23.447+0000] {dag.py:2690} INFO - Sync 1 DAGs
[2024-04-06T09:44:23.473+0000] {logging_mixin.py:137} INFO - [2024-04-06T09:44:23.473+0000] {dag.py:3441} INFO - Setting next_dagrun for example_local_kubernetes_executor to None, run_after=None
[2024-04-06T09:44:23.509+0000] {processor.py:175} INFO - Processing /home/airflow/.local/lib/python3.7/site-packages/airflow/example_dags/example_local_kubernetes_executor.py took 0.123 seconds
[2024-04-06T09:44:54.105+0000] {processor.py:153} INFO - Started process (PID=1319) to work on /home/airflow/.local/lib/python3.7/site-packages/airflow/example_dags/example_local_kubernetes_executor.py
[2024-04-06T09:44:54.106+0000] {processor.py:743} INFO - Processing file /home/airflow/.local/lib/python3.7/site-packages/airflow/example_dags/example_local_kubernetes_executor.py for tasks to queue
[2024-04-06T09:44:54.106+0000] {logging_mixin.py:137} INFO - [2024-04-06T09:44:54.106+0000] {dagbag.py:538} INFO - Filling up the DagBag from /home/airflow/.local/lib/python3.7/site-packages/airflow/example_dags/example_local_kubernetes_executor.py
[2024-04-06T09:44:54.124+0000] {processor.py:753} INFO - DAG(s) dict_keys(['example_local_kubernetes_executor']) retrieved from /home/airflow/.local/lib/python3.7/site-packages/airflow/example_dags/example_local_kubernetes_executor.py
[2024-04-06T09:44:54.146+0000] {logging_mixin.py:137} INFO - [2024-04-06T09:44:54.146+0000] {dag.py:2690} INFO - Sync 1 DAGs
[2024-04-06T09:44:54.167+0000] {logging_mixin.py:137} INFO - [2024-04-06T09:44:54.167+0000] {dag.py:3441} INFO - Setting next_dagrun for example_local_kubernetes_executor to None, run_after=None
[2024-04-06T09:44:54.183+0000] {processor.py:175} INFO - Processing /home/airflow/.local/lib/python3.7/site-packages/airflow/example_dags/example_local_kubernetes_executor.py took 0.080 seconds
[2024-04-06T09:45:24.407+0000] {processor.py:153} INFO - Started process (PID=1391) to work on /home/airflow/.local/lib/python3.7/site-packages/airflow/example_dags/example_local_kubernetes_executor.py
[2024-04-06T09:45:24.408+0000] {processor.py:743} INFO - Processing file /home/airflow/.local/lib/python3.7/site-packages/airflow/example_dags/example_local_kubernetes_executor.py for tasks to queue
[2024-04-06T09:45:24.408+0000] {logging_mixin.py:137} INFO - [2024-04-06T09:45:24.408+0000] {dagbag.py:538} INFO - Filling up the DagBag from /home/airflow/.local/lib/python3.7/site-packages/airflow/example_dags/example_local_kubernetes_executor.py
[2024-04-06T09:45:24.427+0000] {processor.py:753} INFO - DAG(s) dict_keys(['example_local_kubernetes_executor']) retrieved from /home/airflow/.local/lib/python3.7/site-packages/airflow/example_dags/example_local_kubernetes_executor.py
[2024-04-06T09:45:24.451+0000] {logging_mixin.py:137} INFO - [2024-04-06T09:45:24.451+0000] {dag.py:2690} INFO - Sync 1 DAGs
[2024-04-06T09:45:24.473+0000] {logging_mixin.py:137} INFO - [2024-04-06T09:45:24.473+0000] {dag.py:3441} INFO - Setting next_dagrun for example_local_kubernetes_executor to None, run_after=None
[2024-04-06T09:45:24.488+0000] {processor.py:175} INFO - Processing /home/airflow/.local/lib/python3.7/site-packages/airflow/example_dags/example_local_kubernetes_executor.py took 0.084 seconds
[2024-04-06T09:45:54.698+0000] {processor.py:153} INFO - Started process (PID=1479) to work on /home/airflow/.local/lib/python3.7/site-packages/airflow/example_dags/example_local_kubernetes_executor.py
[2024-04-06T09:45:54.699+0000] {processor.py:743} INFO - Processing file /home/airflow/.local/lib/python3.7/site-packages/airflow/example_dags/example_local_kubernetes_executor.py for tasks to queue
[2024-04-06T09:45:54.700+0000] {logging_mixin.py:137} INFO - [2024-04-06T09:45:54.699+0000] {dagbag.py:538} INFO - Filling up the DagBag from /home/airflow/.local/lib/python3.7/site-packages/airflow/example_dags/example_local_kubernetes_executor.py
[2024-04-06T09:45:54.721+0000] {processor.py:753} INFO - DAG(s) dict_keys(['example_local_kubernetes_executor']) retrieved from /home/airflow/.local/lib/python3.7/site-packages/airflow/example_dags/example_local_kubernetes_executor.py
[2024-04-06T09:45:54.745+0000] {logging_mixin.py:137} INFO - [2024-04-06T09:45:54.745+0000] {dag.py:2690} INFO - Sync 1 DAGs
[2024-04-06T09:45:54.770+0000] {logging_mixin.py:137} INFO - [2024-04-06T09:45:54.769+0000] {dag.py:3441} INFO - Setting next_dagrun for example_local_kubernetes_executor to None, run_after=None
[2024-04-06T09:45:54.791+0000] {processor.py:175} INFO - Processing /home/airflow/.local/lib/python3.7/site-packages/airflow/example_dags/example_local_kubernetes_executor.py took 0.095 seconds
[2024-04-06T09:46:25.199+0000] {processor.py:153} INFO - Started process (PID=1550) to work on /home/airflow/.local/lib/python3.7/site-packages/airflow/example_dags/example_local_kubernetes_executor.py
[2024-04-06T09:46:25.200+0000] {processor.py:743} INFO - Processing file /home/airflow/.local/lib/python3.7/site-packages/airflow/example_dags/example_local_kubernetes_executor.py for tasks to queue
[2024-04-06T09:46:25.200+0000] {logging_mixin.py:137} INFO - [2024-04-06T09:46:25.200+0000] {dagbag.py:538} INFO - Filling up the DagBag from /home/airflow/.local/lib/python3.7/site-packages/airflow/example_dags/example_local_kubernetes_executor.py
[2024-04-06T09:46:25.218+0000] {processor.py:753} INFO - DAG(s) dict_keys(['example_local_kubernetes_executor']) retrieved from /home/airflow/.local/lib/python3.7/site-packages/airflow/example_dags/example_local_kubernetes_executor.py
[2024-04-06T09:46:25.239+0000] {logging_mixin.py:137} INFO - [2024-04-06T09:46:25.239+0000] {dag.py:2690} INFO - Sync 1 DAGs
[2024-04-06T09:46:25.259+0000] {logging_mixin.py:137} INFO - [2024-04-06T09:46:25.259+0000] {dag.py:3441} INFO - Setting next_dagrun for example_local_kubernetes_executor to None, run_after=None
[2024-04-06T09:46:25.275+0000] {processor.py:175} INFO - Processing /home/airflow/.local/lib/python3.7/site-packages/airflow/example_dags/example_local_kubernetes_executor.py took 0.078 seconds
[2024-04-06T09:46:55.608+0000] {processor.py:153} INFO - Started process (PID=1638) to work on /home/airflow/.local/lib/python3.7/site-packages/airflow/example_dags/example_local_kubernetes_executor.py
[2024-04-06T09:46:55.609+0000] {processor.py:743} INFO - Processing file /home/airflow/.local/lib/python3.7/site-packages/airflow/example_dags/example_local_kubernetes_executor.py for tasks to queue
[2024-04-06T09:46:55.610+0000] {logging_mixin.py:137} INFO - [2024-04-06T09:46:55.609+0000] {dagbag.py:538} INFO - Filling up the DagBag from /home/airflow/.local/lib/python3.7/site-packages/airflow/example_dags/example_local_kubernetes_executor.py
[2024-04-06T09:46:55.629+0000] {processor.py:753} INFO - DAG(s) dict_keys(['example_local_kubernetes_executor']) retrieved from /home/airflow/.local/lib/python3.7/site-packages/airflow/example_dags/example_local_kubernetes_executor.py
[2024-04-06T09:46:55.654+0000] {logging_mixin.py:137} INFO - [2024-04-06T09:46:55.654+0000] {dag.py:2690} INFO - Sync 1 DAGs
[2024-04-06T09:46:55.676+0000] {logging_mixin.py:137} INFO - [2024-04-06T09:46:55.676+0000] {dag.py:3441} INFO - Setting next_dagrun for example_local_kubernetes_executor to None, run_after=None
[2024-04-06T09:46:55.690+0000] {processor.py:175} INFO - Processing /home/airflow/.local/lib/python3.7/site-packages/airflow/example_dags/example_local_kubernetes_executor.py took 0.084 seconds
[2024-04-06T09:47:25.998+0000] {processor.py:153} INFO - Started process (PID=1709) to work on /home/airflow/.local/lib/python3.7/site-packages/airflow/example_dags/example_local_kubernetes_executor.py
[2024-04-06T09:47:25.999+0000] {processor.py:743} INFO - Processing file /home/airflow/.local/lib/python3.7/site-packages/airflow/example_dags/example_local_kubernetes_executor.py for tasks to queue
[2024-04-06T09:47:26.001+0000] {logging_mixin.py:137} INFO - [2024-04-06T09:47:26.000+0000] {dagbag.py:538} INFO - Filling up the DagBag from /home/airflow/.local/lib/python3.7/site-packages/airflow/example_dags/example_local_kubernetes_executor.py
[2024-04-06T09:47:26.035+0000] {processor.py:753} INFO - DAG(s) dict_keys(['example_local_kubernetes_executor']) retrieved from /home/airflow/.local/lib/python3.7/site-packages/airflow/example_dags/example_local_kubernetes_executor.py
[2024-04-06T09:47:26.073+0000] {logging_mixin.py:137} INFO - [2024-04-06T09:47:26.072+0000] {dag.py:2690} INFO - Sync 1 DAGs
[2024-04-06T09:47:26.100+0000] {logging_mixin.py:137} INFO - [2024-04-06T09:47:26.100+0000] {dag.py:3441} INFO - Setting next_dagrun for example_local_kubernetes_executor to None, run_after=None
[2024-04-06T09:47:26.124+0000] {processor.py:175} INFO - Processing /home/airflow/.local/lib/python3.7/site-packages/airflow/example_dags/example_local_kubernetes_executor.py took 0.129 seconds
[2024-04-06T09:47:56.384+0000] {processor.py:153} INFO - Started process (PID=1798) to work on /home/airflow/.local/lib/python3.7/site-packages/airflow/example_dags/example_local_kubernetes_executor.py
[2024-04-06T09:47:56.385+0000] {processor.py:743} INFO - Processing file /home/airflow/.local/lib/python3.7/site-packages/airflow/example_dags/example_local_kubernetes_executor.py for tasks to queue
[2024-04-06T09:47:56.386+0000] {logging_mixin.py:137} INFO - [2024-04-06T09:47:56.385+0000] {dagbag.py:538} INFO - Filling up the DagBag from /home/airflow/.local/lib/python3.7/site-packages/airflow/example_dags/example_local_kubernetes_executor.py
[2024-04-06T09:47:56.404+0000] {processor.py:753} INFO - DAG(s) dict_keys(['example_local_kubernetes_executor']) retrieved from /home/airflow/.local/lib/python3.7/site-packages/airflow/example_dags/example_local_kubernetes_executor.py
[2024-04-06T09:47:56.426+0000] {logging_mixin.py:137} INFO - [2024-04-06T09:47:56.426+0000] {dag.py:2690} INFO - Sync 1 DAGs
[2024-04-06T09:47:56.446+0000] {logging_mixin.py:137} INFO - [2024-04-06T09:47:56.446+0000] {dag.py:3441} INFO - Setting next_dagrun for example_local_kubernetes_executor to None, run_after=None
[2024-04-06T09:47:56.461+0000] {processor.py:175} INFO - Processing /home/airflow/.local/lib/python3.7/site-packages/airflow/example_dags/example_local_kubernetes_executor.py took 0.080 seconds
[2024-04-06T09:48:26.536+0000] {processor.py:153} INFO - Started process (PID=1870) to work on /home/airflow/.local/lib/python3.7/site-packages/airflow/example_dags/example_local_kubernetes_executor.py
[2024-04-06T09:48:26.537+0000] {processor.py:743} INFO - Processing file /home/airflow/.local/lib/python3.7/site-packages/airflow/example_dags/example_local_kubernetes_executor.py for tasks to queue
[2024-04-06T09:48:26.537+0000] {logging_mixin.py:137} INFO - [2024-04-06T09:48:26.537+0000] {dagbag.py:538} INFO - Filling up the DagBag from /home/airflow/.local/lib/python3.7/site-packages/airflow/example_dags/example_local_kubernetes_executor.py
[2024-04-06T09:48:26.564+0000] {processor.py:753} INFO - DAG(s) dict_keys(['example_local_kubernetes_executor']) retrieved from /home/airflow/.local/lib/python3.7/site-packages/airflow/example_dags/example_local_kubernetes_executor.py
[2024-04-06T09:48:26.593+0000] {logging_mixin.py:137} INFO - [2024-04-06T09:48:26.593+0000] {dag.py:2690} INFO - Sync 1 DAGs
[2024-04-06T09:48:26.619+0000] {logging_mixin.py:137} INFO - [2024-04-06T09:48:26.619+0000] {dag.py:3441} INFO - Setting next_dagrun for example_local_kubernetes_executor to None, run_after=None
[2024-04-06T09:48:26.642+0000] {processor.py:175} INFO - Processing /home/airflow/.local/lib/python3.7/site-packages/airflow/example_dags/example_local_kubernetes_executor.py took 0.109 seconds
[2024-04-06T09:48:57.197+0000] {processor.py:153} INFO - Started process (PID=1958) to work on /home/airflow/.local/lib/python3.7/site-packages/airflow/example_dags/example_local_kubernetes_executor.py
[2024-04-06T09:48:57.197+0000] {processor.py:743} INFO - Processing file /home/airflow/.local/lib/python3.7/site-packages/airflow/example_dags/example_local_kubernetes_executor.py for tasks to queue
[2024-04-06T09:48:57.198+0000] {logging_mixin.py:137} INFO - [2024-04-06T09:48:57.198+0000] {dagbag.py:538} INFO - Filling up the DagBag from /home/airflow/.local/lib/python3.7/site-packages/airflow/example_dags/example_local_kubernetes_executor.py
[2024-04-06T09:48:57.222+0000] {processor.py:753} INFO - DAG(s) dict_keys(['example_local_kubernetes_executor']) retrieved from /home/airflow/.local/lib/python3.7/site-packages/airflow/example_dags/example_local_kubernetes_executor.py
[2024-04-06T09:48:57.253+0000] {logging_mixin.py:137} INFO - [2024-04-06T09:48:57.253+0000] {dag.py:2690} INFO - Sync 1 DAGs
[2024-04-06T09:48:57.275+0000] {logging_mixin.py:137} INFO - [2024-04-06T09:48:57.275+0000] {dag.py:3441} INFO - Setting next_dagrun for example_local_kubernetes_executor to None, run_after=None
[2024-04-06T09:48:57.290+0000] {processor.py:175} INFO - Processing /home/airflow/.local/lib/python3.7/site-packages/airflow/example_dags/example_local_kubernetes_executor.py took 0.097 seconds
[2024-04-06T09:50:11.933+0000] {processor.py:153} INFO - Started process (PID=40) to work on /home/airflow/.local/lib/python3.7/site-packages/airflow/example_dags/example_local_kubernetes_executor.py
[2024-04-06T09:50:11.934+0000] {processor.py:743} INFO - Processing file /home/airflow/.local/lib/python3.7/site-packages/airflow/example_dags/example_local_kubernetes_executor.py for tasks to queue
[2024-04-06T09:50:11.935+0000] {logging_mixin.py:137} INFO - [2024-04-06T09:50:11.934+0000] {dagbag.py:538} INFO - Filling up the DagBag from /home/airflow/.local/lib/python3.7/site-packages/airflow/example_dags/example_local_kubernetes_executor.py
[2024-04-06T09:50:11.959+0000] {processor.py:753} INFO - DAG(s) dict_keys(['example_local_kubernetes_executor']) retrieved from /home/airflow/.local/lib/python3.7/site-packages/airflow/example_dags/example_local_kubernetes_executor.py
[2024-04-06T09:50:11.985+0000] {logging_mixin.py:137} INFO - [2024-04-06T09:50:11.985+0000] {dag.py:2690} INFO - Sync 1 DAGs
[2024-04-06T09:50:12.012+0000] {logging_mixin.py:137} INFO - [2024-04-06T09:50:12.012+0000] {dag.py:3441} INFO - Setting next_dagrun for example_local_kubernetes_executor to None, run_after=None
[2024-04-06T09:50:12.031+0000] {processor.py:175} INFO - Processing /home/airflow/.local/lib/python3.7/site-packages/airflow/example_dags/example_local_kubernetes_executor.py took 0.101 seconds
[2024-04-06T09:50:43.380+0000] {processor.py:153} INFO - Started process (PID=112) to work on /home/airflow/.local/lib/python3.7/site-packages/airflow/example_dags/example_local_kubernetes_executor.py
[2024-04-06T09:50:43.381+0000] {processor.py:743} INFO - Processing file /home/airflow/.local/lib/python3.7/site-packages/airflow/example_dags/example_local_kubernetes_executor.py for tasks to queue
[2024-04-06T09:50:43.383+0000] {logging_mixin.py:137} INFO - [2024-04-06T09:50:43.383+0000] {dagbag.py:538} INFO - Filling up the DagBag from /home/airflow/.local/lib/python3.7/site-packages/airflow/example_dags/example_local_kubernetes_executor.py
[2024-04-06T09:50:43.444+0000] {processor.py:753} INFO - DAG(s) dict_keys(['example_local_kubernetes_executor']) retrieved from /home/airflow/.local/lib/python3.7/site-packages/airflow/example_dags/example_local_kubernetes_executor.py
[2024-04-06T09:50:43.488+0000] {logging_mixin.py:137} INFO - [2024-04-06T09:50:43.488+0000] {dag.py:2690} INFO - Sync 1 DAGs
[2024-04-06T09:50:43.538+0000] {logging_mixin.py:137} INFO - [2024-04-06T09:50:43.538+0000] {dag.py:3441} INFO - Setting next_dagrun for example_local_kubernetes_executor to None, run_after=None
[2024-04-06T09:50:43.562+0000] {processor.py:175} INFO - Processing /home/airflow/.local/lib/python3.7/site-packages/airflow/example_dags/example_local_kubernetes_executor.py took 0.186 seconds
[2024-04-06T09:51:14.105+0000] {processor.py:153} INFO - Started process (PID=194) to work on /home/airflow/.local/lib/python3.7/site-packages/airflow/example_dags/example_local_kubernetes_executor.py
[2024-04-06T09:51:14.105+0000] {processor.py:743} INFO - Processing file /home/airflow/.local/lib/python3.7/site-packages/airflow/example_dags/example_local_kubernetes_executor.py for tasks to queue
[2024-04-06T09:51:14.106+0000] {logging_mixin.py:137} INFO - [2024-04-06T09:51:14.106+0000] {dagbag.py:538} INFO - Filling up the DagBag from /home/airflow/.local/lib/python3.7/site-packages/airflow/example_dags/example_local_kubernetes_executor.py
[2024-04-06T09:51:14.129+0000] {processor.py:753} INFO - DAG(s) dict_keys(['example_local_kubernetes_executor']) retrieved from /home/airflow/.local/lib/python3.7/site-packages/airflow/example_dags/example_local_kubernetes_executor.py
[2024-04-06T09:51:14.158+0000] {logging_mixin.py:137} INFO - [2024-04-06T09:51:14.158+0000] {dag.py:2690} INFO - Sync 1 DAGs
[2024-04-06T09:51:14.192+0000] {logging_mixin.py:137} INFO - [2024-04-06T09:51:14.192+0000] {dag.py:3441} INFO - Setting next_dagrun for example_local_kubernetes_executor to None, run_after=None
[2024-04-06T09:51:14.216+0000] {processor.py:175} INFO - Processing /home/airflow/.local/lib/python3.7/site-packages/airflow/example_dags/example_local_kubernetes_executor.py took 0.114 seconds
[2024-04-06T09:58:23.221+0000] {processor.py:153} INFO - Started process (PID=48) to work on /home/airflow/.local/lib/python3.7/site-packages/airflow/example_dags/example_local_kubernetes_executor.py
[2024-04-06T09:58:23.222+0000] {processor.py:743} INFO - Processing file /home/airflow/.local/lib/python3.7/site-packages/airflow/example_dags/example_local_kubernetes_executor.py for tasks to queue
[2024-04-06T09:58:23.223+0000] {logging_mixin.py:137} INFO - [2024-04-06T09:58:23.223+0000] {dagbag.py:538} INFO - Filling up the DagBag from /home/airflow/.local/lib/python3.7/site-packages/airflow/example_dags/example_local_kubernetes_executor.py
[2024-04-06T09:58:23.249+0000] {processor.py:753} INFO - DAG(s) dict_keys(['example_local_kubernetes_executor']) retrieved from /home/airflow/.local/lib/python3.7/site-packages/airflow/example_dags/example_local_kubernetes_executor.py
[2024-04-06T09:58:23.262+0000] {logging_mixin.py:137} INFO - [2024-04-06T09:58:23.262+0000] {dag.py:2690} INFO - Sync 1 DAGs
[2024-04-06T09:58:23.301+0000] {logging_mixin.py:137} INFO - [2024-04-06T09:58:23.301+0000] {dag.py:3441} INFO - Setting next_dagrun for example_local_kubernetes_executor to None, run_after=None
[2024-04-06T09:58:23.328+0000] {processor.py:175} INFO - Processing /home/airflow/.local/lib/python3.7/site-packages/airflow/example_dags/example_local_kubernetes_executor.py took 0.110 seconds
[2024-04-06T09:58:53.581+0000] {processor.py:153} INFO - Started process (PID=129) to work on /home/airflow/.local/lib/python3.7/site-packages/airflow/example_dags/example_local_kubernetes_executor.py
[2024-04-06T09:58:53.582+0000] {processor.py:743} INFO - Processing file /home/airflow/.local/lib/python3.7/site-packages/airflow/example_dags/example_local_kubernetes_executor.py for tasks to queue
[2024-04-06T09:58:53.583+0000] {logging_mixin.py:137} INFO - [2024-04-06T09:58:53.583+0000] {dagbag.py:538} INFO - Filling up the DagBag from /home/airflow/.local/lib/python3.7/site-packages/airflow/example_dags/example_local_kubernetes_executor.py
[2024-04-06T09:58:53.605+0000] {processor.py:753} INFO - DAG(s) dict_keys(['example_local_kubernetes_executor']) retrieved from /home/airflow/.local/lib/python3.7/site-packages/airflow/example_dags/example_local_kubernetes_executor.py
[2024-04-06T09:58:53.617+0000] {logging_mixin.py:137} INFO - [2024-04-06T09:58:53.617+0000] {dag.py:2690} INFO - Sync 1 DAGs
[2024-04-06T09:58:53.645+0000] {logging_mixin.py:137} INFO - [2024-04-06T09:58:53.645+0000] {dag.py:3441} INFO - Setting next_dagrun for example_local_kubernetes_executor to None, run_after=None
[2024-04-06T09:58:53.669+0000] {processor.py:175} INFO - Processing /home/airflow/.local/lib/python3.7/site-packages/airflow/example_dags/example_local_kubernetes_executor.py took 0.090 seconds
[2024-04-06T09:59:24.768+0000] {processor.py:153} INFO - Started process (PID=202) to work on /home/airflow/.local/lib/python3.7/site-packages/airflow/example_dags/example_local_kubernetes_executor.py
[2024-04-06T09:59:24.776+0000] {processor.py:743} INFO - Processing file /home/airflow/.local/lib/python3.7/site-packages/airflow/example_dags/example_local_kubernetes_executor.py for tasks to queue
[2024-04-06T09:59:24.777+0000] {logging_mixin.py:137} INFO - [2024-04-06T09:59:24.777+0000] {dagbag.py:538} INFO - Filling up the DagBag from /home/airflow/.local/lib/python3.7/site-packages/airflow/example_dags/example_local_kubernetes_executor.py
[2024-04-06T09:59:24.805+0000] {processor.py:753} INFO - DAG(s) dict_keys(['example_local_kubernetes_executor']) retrieved from /home/airflow/.local/lib/python3.7/site-packages/airflow/example_dags/example_local_kubernetes_executor.py
[2024-04-06T09:59:24.916+0000] {logging_mixin.py:137} INFO - [2024-04-06T09:59:24.916+0000] {dag.py:2690} INFO - Sync 1 DAGs
[2024-04-06T09:59:24.946+0000] {logging_mixin.py:137} INFO - [2024-04-06T09:59:24.945+0000] {dag.py:3441} INFO - Setting next_dagrun for example_local_kubernetes_executor to None, run_after=None
[2024-04-06T09:59:24.978+0000] {processor.py:175} INFO - Processing /home/airflow/.local/lib/python3.7/site-packages/airflow/example_dags/example_local_kubernetes_executor.py took 0.213 seconds
[2024-04-06T09:59:55.637+0000] {processor.py:153} INFO - Started process (PID=273) to work on /home/airflow/.local/lib/python3.7/site-packages/airflow/example_dags/example_local_kubernetes_executor.py
[2024-04-06T09:59:55.638+0000] {processor.py:743} INFO - Processing file /home/airflow/.local/lib/python3.7/site-packages/airflow/example_dags/example_local_kubernetes_executor.py for tasks to queue
[2024-04-06T09:59:55.639+0000] {logging_mixin.py:137} INFO - [2024-04-06T09:59:55.639+0000] {dagbag.py:538} INFO - Filling up the DagBag from /home/airflow/.local/lib/python3.7/site-packages/airflow/example_dags/example_local_kubernetes_executor.py
[2024-04-06T09:59:55.666+0000] {processor.py:753} INFO - DAG(s) dict_keys(['example_local_kubernetes_executor']) retrieved from /home/airflow/.local/lib/python3.7/site-packages/airflow/example_dags/example_local_kubernetes_executor.py
[2024-04-06T09:59:55.706+0000] {logging_mixin.py:137} INFO - [2024-04-06T09:59:55.705+0000] {dag.py:2690} INFO - Sync 1 DAGs
[2024-04-06T09:59:55.747+0000] {logging_mixin.py:137} INFO - [2024-04-06T09:59:55.747+0000] {dag.py:3441} INFO - Setting next_dagrun for example_local_kubernetes_executor to None, run_after=None
[2024-04-06T09:59:55.770+0000] {processor.py:175} INFO - Processing /home/airflow/.local/lib/python3.7/site-packages/airflow/example_dags/example_local_kubernetes_executor.py took 0.137 seconds
[2024-04-06T10:00:26.182+0000] {processor.py:153} INFO - Started process (PID=345) to work on /home/airflow/.local/lib/python3.7/site-packages/airflow/example_dags/example_local_kubernetes_executor.py
[2024-04-06T10:00:26.183+0000] {processor.py:743} INFO - Processing file /home/airflow/.local/lib/python3.7/site-packages/airflow/example_dags/example_local_kubernetes_executor.py for tasks to queue
[2024-04-06T10:00:26.183+0000] {logging_mixin.py:137} INFO - [2024-04-06T10:00:26.183+0000] {dagbag.py:538} INFO - Filling up the DagBag from /home/airflow/.local/lib/python3.7/site-packages/airflow/example_dags/example_local_kubernetes_executor.py
[2024-04-06T10:00:26.199+0000] {processor.py:753} INFO - DAG(s) dict_keys(['example_local_kubernetes_executor']) retrieved from /home/airflow/.local/lib/python3.7/site-packages/airflow/example_dags/example_local_kubernetes_executor.py
[2024-04-06T10:00:26.221+0000] {logging_mixin.py:137} INFO - [2024-04-06T10:00:26.220+0000] {dag.py:2690} INFO - Sync 1 DAGs
[2024-04-06T10:00:26.238+0000] {logging_mixin.py:137} INFO - [2024-04-06T10:00:26.237+0000] {dag.py:3441} INFO - Setting next_dagrun for example_local_kubernetes_executor to None, run_after=None
[2024-04-06T10:00:26.252+0000] {processor.py:175} INFO - Processing /home/airflow/.local/lib/python3.7/site-packages/airflow/example_dags/example_local_kubernetes_executor.py took 0.072 seconds
[2024-04-06T10:00:57.260+0000] {processor.py:153} INFO - Started process (PID=433) to work on /home/airflow/.local/lib/python3.7/site-packages/airflow/example_dags/example_local_kubernetes_executor.py
[2024-04-06T10:00:57.261+0000] {processor.py:743} INFO - Processing file /home/airflow/.local/lib/python3.7/site-packages/airflow/example_dags/example_local_kubernetes_executor.py for tasks to queue
[2024-04-06T10:00:57.261+0000] {logging_mixin.py:137} INFO - [2024-04-06T10:00:57.261+0000] {dagbag.py:538} INFO - Filling up the DagBag from /home/airflow/.local/lib/python3.7/site-packages/airflow/example_dags/example_local_kubernetes_executor.py
[2024-04-06T10:00:57.278+0000] {processor.py:753} INFO - DAG(s) dict_keys(['example_local_kubernetes_executor']) retrieved from /home/airflow/.local/lib/python3.7/site-packages/airflow/example_dags/example_local_kubernetes_executor.py
[2024-04-06T10:00:57.300+0000] {logging_mixin.py:137} INFO - [2024-04-06T10:00:57.300+0000] {dag.py:2690} INFO - Sync 1 DAGs
[2024-04-06T10:00:57.321+0000] {logging_mixin.py:137} INFO - [2024-04-06T10:00:57.321+0000] {dag.py:3441} INFO - Setting next_dagrun for example_local_kubernetes_executor to None, run_after=None
[2024-04-06T10:00:57.338+0000] {processor.py:175} INFO - Processing /home/airflow/.local/lib/python3.7/site-packages/airflow/example_dags/example_local_kubernetes_executor.py took 0.080 seconds
[2024-04-06T10:01:27.620+0000] {processor.py:153} INFO - Started process (PID=505) to work on /home/airflow/.local/lib/python3.7/site-packages/airflow/example_dags/example_local_kubernetes_executor.py
[2024-04-06T10:01:27.620+0000] {processor.py:743} INFO - Processing file /home/airflow/.local/lib/python3.7/site-packages/airflow/example_dags/example_local_kubernetes_executor.py for tasks to queue
[2024-04-06T10:01:27.621+0000] {logging_mixin.py:137} INFO - [2024-04-06T10:01:27.621+0000] {dagbag.py:538} INFO - Filling up the DagBag from /home/airflow/.local/lib/python3.7/site-packages/airflow/example_dags/example_local_kubernetes_executor.py
[2024-04-06T10:01:27.637+0000] {processor.py:753} INFO - DAG(s) dict_keys(['example_local_kubernetes_executor']) retrieved from /home/airflow/.local/lib/python3.7/site-packages/airflow/example_dags/example_local_kubernetes_executor.py
[2024-04-06T10:01:27.659+0000] {logging_mixin.py:137} INFO - [2024-04-06T10:01:27.658+0000] {dag.py:2690} INFO - Sync 1 DAGs
[2024-04-06T10:01:27.677+0000] {logging_mixin.py:137} INFO - [2024-04-06T10:01:27.676+0000] {dag.py:3441} INFO - Setting next_dagrun for example_local_kubernetes_executor to None, run_after=None
[2024-04-06T10:01:27.692+0000] {processor.py:175} INFO - Processing /home/airflow/.local/lib/python3.7/site-packages/airflow/example_dags/example_local_kubernetes_executor.py took 0.074 seconds
[2024-04-06T10:01:57.988+0000] {processor.py:153} INFO - Started process (PID=593) to work on /home/airflow/.local/lib/python3.7/site-packages/airflow/example_dags/example_local_kubernetes_executor.py
[2024-04-06T10:01:57.988+0000] {processor.py:743} INFO - Processing file /home/airflow/.local/lib/python3.7/site-packages/airflow/example_dags/example_local_kubernetes_executor.py for tasks to queue
[2024-04-06T10:01:57.989+0000] {logging_mixin.py:137} INFO - [2024-04-06T10:01:57.989+0000] {dagbag.py:538} INFO - Filling up the DagBag from /home/airflow/.local/lib/python3.7/site-packages/airflow/example_dags/example_local_kubernetes_executor.py
[2024-04-06T10:01:58.005+0000] {processor.py:753} INFO - DAG(s) dict_keys(['example_local_kubernetes_executor']) retrieved from /home/airflow/.local/lib/python3.7/site-packages/airflow/example_dags/example_local_kubernetes_executor.py
[2024-04-06T10:01:58.031+0000] {logging_mixin.py:137} INFO - [2024-04-06T10:01:58.031+0000] {dag.py:2690} INFO - Sync 1 DAGs
[2024-04-06T10:01:58.049+0000] {logging_mixin.py:137} INFO - [2024-04-06T10:01:58.049+0000] {dag.py:3441} INFO - Setting next_dagrun for example_local_kubernetes_executor to None, run_after=None
[2024-04-06T10:01:58.064+0000] {processor.py:175} INFO - Processing /home/airflow/.local/lib/python3.7/site-packages/airflow/example_dags/example_local_kubernetes_executor.py took 0.079 seconds
[2024-04-06T10:02:28.411+0000] {processor.py:153} INFO - Started process (PID=665) to work on /home/airflow/.local/lib/python3.7/site-packages/airflow/example_dags/example_local_kubernetes_executor.py
[2024-04-06T10:02:28.412+0000] {processor.py:743} INFO - Processing file /home/airflow/.local/lib/python3.7/site-packages/airflow/example_dags/example_local_kubernetes_executor.py for tasks to queue
[2024-04-06T10:02:28.413+0000] {logging_mixin.py:137} INFO - [2024-04-06T10:02:28.413+0000] {dagbag.py:538} INFO - Filling up the DagBag from /home/airflow/.local/lib/python3.7/site-packages/airflow/example_dags/example_local_kubernetes_executor.py
[2024-04-06T10:02:28.444+0000] {processor.py:753} INFO - DAG(s) dict_keys(['example_local_kubernetes_executor']) retrieved from /home/airflow/.local/lib/python3.7/site-packages/airflow/example_dags/example_local_kubernetes_executor.py
[2024-04-06T10:02:28.470+0000] {logging_mixin.py:137} INFO - [2024-04-06T10:02:28.470+0000] {dag.py:2690} INFO - Sync 1 DAGs
[2024-04-06T10:02:28.490+0000] {logging_mixin.py:137} INFO - [2024-04-06T10:02:28.490+0000] {dag.py:3441} INFO - Setting next_dagrun for example_local_kubernetes_executor to None, run_after=None
[2024-04-06T10:02:28.507+0000] {processor.py:175} INFO - Processing /home/airflow/.local/lib/python3.7/site-packages/airflow/example_dags/example_local_kubernetes_executor.py took 0.100 seconds
[2024-04-06T10:02:59.043+0000] {processor.py:153} INFO - Started process (PID=753) to work on /home/airflow/.local/lib/python3.7/site-packages/airflow/example_dags/example_local_kubernetes_executor.py
[2024-04-06T10:02:59.044+0000] {processor.py:743} INFO - Processing file /home/airflow/.local/lib/python3.7/site-packages/airflow/example_dags/example_local_kubernetes_executor.py for tasks to queue
[2024-04-06T10:02:59.044+0000] {logging_mixin.py:137} INFO - [2024-04-06T10:02:59.044+0000] {dagbag.py:538} INFO - Filling up the DagBag from /home/airflow/.local/lib/python3.7/site-packages/airflow/example_dags/example_local_kubernetes_executor.py
[2024-04-06T10:02:59.075+0000] {processor.py:753} INFO - DAG(s) dict_keys(['example_local_kubernetes_executor']) retrieved from /home/airflow/.local/lib/python3.7/site-packages/airflow/example_dags/example_local_kubernetes_executor.py
[2024-04-06T10:02:59.116+0000] {logging_mixin.py:137} INFO - [2024-04-06T10:02:59.116+0000] {dag.py:2690} INFO - Sync 1 DAGs
[2024-04-06T10:02:59.147+0000] {logging_mixin.py:137} INFO - [2024-04-06T10:02:59.147+0000] {dag.py:3441} INFO - Setting next_dagrun for example_local_kubernetes_executor to None, run_after=None
[2024-04-06T10:02:59.163+0000] {processor.py:175} INFO - Processing /home/airflow/.local/lib/python3.7/site-packages/airflow/example_dags/example_local_kubernetes_executor.py took 0.124 seconds
[2024-04-06T10:03:29.515+0000] {processor.py:153} INFO - Started process (PID=842) to work on /home/airflow/.local/lib/python3.7/site-packages/airflow/example_dags/example_local_kubernetes_executor.py
[2024-04-06T10:03:29.516+0000] {processor.py:743} INFO - Processing file /home/airflow/.local/lib/python3.7/site-packages/airflow/example_dags/example_local_kubernetes_executor.py for tasks to queue
[2024-04-06T10:03:29.516+0000] {logging_mixin.py:137} INFO - [2024-04-06T10:03:29.516+0000] {dagbag.py:538} INFO - Filling up the DagBag from /home/airflow/.local/lib/python3.7/site-packages/airflow/example_dags/example_local_kubernetes_executor.py
[2024-04-06T10:03:29.536+0000] {processor.py:753} INFO - DAG(s) dict_keys(['example_local_kubernetes_executor']) retrieved from /home/airflow/.local/lib/python3.7/site-packages/airflow/example_dags/example_local_kubernetes_executor.py
[2024-04-06T10:03:29.564+0000] {logging_mixin.py:137} INFO - [2024-04-06T10:03:29.564+0000] {dag.py:2690} INFO - Sync 1 DAGs
[2024-04-06T10:03:29.590+0000] {logging_mixin.py:137} INFO - [2024-04-06T10:03:29.590+0000] {dag.py:3441} INFO - Setting next_dagrun for example_local_kubernetes_executor to None, run_after=None
[2024-04-06T10:03:29.607+0000] {processor.py:175} INFO - Processing /home/airflow/.local/lib/python3.7/site-packages/airflow/example_dags/example_local_kubernetes_executor.py took 0.094 seconds
[2024-04-06T10:03:59.791+0000] {processor.py:153} INFO - Started process (PID=913) to work on /home/airflow/.local/lib/python3.7/site-packages/airflow/example_dags/example_local_kubernetes_executor.py
[2024-04-06T10:03:59.792+0000] {processor.py:743} INFO - Processing file /home/airflow/.local/lib/python3.7/site-packages/airflow/example_dags/example_local_kubernetes_executor.py for tasks to queue
[2024-04-06T10:03:59.793+0000] {logging_mixin.py:137} INFO - [2024-04-06T10:03:59.793+0000] {dagbag.py:538} INFO - Filling up the DagBag from /home/airflow/.local/lib/python3.7/site-packages/airflow/example_dags/example_local_kubernetes_executor.py
[2024-04-06T10:03:59.817+0000] {processor.py:753} INFO - DAG(s) dict_keys(['example_local_kubernetes_executor']) retrieved from /home/airflow/.local/lib/python3.7/site-packages/airflow/example_dags/example_local_kubernetes_executor.py
[2024-04-06T10:03:59.845+0000] {logging_mixin.py:137} INFO - [2024-04-06T10:03:59.845+0000] {dag.py:2690} INFO - Sync 1 DAGs
[2024-04-06T10:03:59.871+0000] {logging_mixin.py:137} INFO - [2024-04-06T10:03:59.871+0000] {dag.py:3441} INFO - Setting next_dagrun for example_local_kubernetes_executor to None, run_after=None
[2024-04-06T10:03:59.889+0000] {processor.py:175} INFO - Processing /home/airflow/.local/lib/python3.7/site-packages/airflow/example_dags/example_local_kubernetes_executor.py took 0.101 seconds
[2024-04-06T10:04:30.549+0000] {processor.py:153} INFO - Started process (PID=992) to work on /home/airflow/.local/lib/python3.7/site-packages/airflow/example_dags/example_local_kubernetes_executor.py
[2024-04-06T10:04:30.549+0000] {processor.py:743} INFO - Processing file /home/airflow/.local/lib/python3.7/site-packages/airflow/example_dags/example_local_kubernetes_executor.py for tasks to queue
[2024-04-06T10:04:30.550+0000] {logging_mixin.py:137} INFO - [2024-04-06T10:04:30.550+0000] {dagbag.py:538} INFO - Filling up the DagBag from /home/airflow/.local/lib/python3.7/site-packages/airflow/example_dags/example_local_kubernetes_executor.py
[2024-04-06T10:04:30.568+0000] {processor.py:753} INFO - DAG(s) dict_keys(['example_local_kubernetes_executor']) retrieved from /home/airflow/.local/lib/python3.7/site-packages/airflow/example_dags/example_local_kubernetes_executor.py
[2024-04-06T10:04:30.589+0000] {logging_mixin.py:137} INFO - [2024-04-06T10:04:30.589+0000] {dag.py:2690} INFO - Sync 1 DAGs
[2024-04-06T10:04:30.611+0000] {logging_mixin.py:137} INFO - [2024-04-06T10:04:30.611+0000] {dag.py:3441} INFO - Setting next_dagrun for example_local_kubernetes_executor to None, run_after=None
[2024-04-06T10:04:30.627+0000] {processor.py:175} INFO - Processing /home/airflow/.local/lib/python3.7/site-packages/airflow/example_dags/example_local_kubernetes_executor.py took 0.081 seconds
[2024-04-06T10:05:01.169+0000] {processor.py:153} INFO - Started process (PID=1073) to work on /home/airflow/.local/lib/python3.7/site-packages/airflow/example_dags/example_local_kubernetes_executor.py
[2024-04-06T10:05:01.169+0000] {processor.py:743} INFO - Processing file /home/airflow/.local/lib/python3.7/site-packages/airflow/example_dags/example_local_kubernetes_executor.py for tasks to queue
[2024-04-06T10:05:01.170+0000] {logging_mixin.py:137} INFO - [2024-04-06T10:05:01.170+0000] {dagbag.py:538} INFO - Filling up the DagBag from /home/airflow/.local/lib/python3.7/site-packages/airflow/example_dags/example_local_kubernetes_executor.py
[2024-04-06T10:05:01.190+0000] {processor.py:753} INFO - DAG(s) dict_keys(['example_local_kubernetes_executor']) retrieved from /home/airflow/.local/lib/python3.7/site-packages/airflow/example_dags/example_local_kubernetes_executor.py
[2024-04-06T10:05:01.228+0000] {logging_mixin.py:137} INFO - [2024-04-06T10:05:01.227+0000] {dag.py:2690} INFO - Sync 1 DAGs
[2024-04-06T10:05:01.267+0000] {logging_mixin.py:137} INFO - [2024-04-06T10:05:01.267+0000] {dag.py:3441} INFO - Setting next_dagrun for example_local_kubernetes_executor to None, run_after=None
[2024-04-06T10:05:01.308+0000] {processor.py:175} INFO - Processing /home/airflow/.local/lib/python3.7/site-packages/airflow/example_dags/example_local_kubernetes_executor.py took 0.141 seconds
[2024-04-06T10:05:32.086+0000] {processor.py:153} INFO - Started process (PID=1161) to work on /home/airflow/.local/lib/python3.7/site-packages/airflow/example_dags/example_local_kubernetes_executor.py
[2024-04-06T10:05:32.087+0000] {processor.py:743} INFO - Processing file /home/airflow/.local/lib/python3.7/site-packages/airflow/example_dags/example_local_kubernetes_executor.py for tasks to queue
[2024-04-06T10:05:32.087+0000] {logging_mixin.py:137} INFO - [2024-04-06T10:05:32.087+0000] {dagbag.py:538} INFO - Filling up the DagBag from /home/airflow/.local/lib/python3.7/site-packages/airflow/example_dags/example_local_kubernetes_executor.py
[2024-04-06T10:05:32.108+0000] {processor.py:753} INFO - DAG(s) dict_keys(['example_local_kubernetes_executor']) retrieved from /home/airflow/.local/lib/python3.7/site-packages/airflow/example_dags/example_local_kubernetes_executor.py
[2024-04-06T10:05:32.136+0000] {logging_mixin.py:137} INFO - [2024-04-06T10:05:32.136+0000] {dag.py:2690} INFO - Sync 1 DAGs
[2024-04-06T10:05:32.161+0000] {logging_mixin.py:137} INFO - [2024-04-06T10:05:32.161+0000] {dag.py:3441} INFO - Setting next_dagrun for example_local_kubernetes_executor to None, run_after=None
[2024-04-06T10:05:32.180+0000] {processor.py:175} INFO - Processing /home/airflow/.local/lib/python3.7/site-packages/airflow/example_dags/example_local_kubernetes_executor.py took 0.097 seconds
[2024-04-06T10:06:03.000+0000] {processor.py:153} INFO - Started process (PID=1233) to work on /home/airflow/.local/lib/python3.7/site-packages/airflow/example_dags/example_local_kubernetes_executor.py
[2024-04-06T10:06:03.001+0000] {processor.py:743} INFO - Processing file /home/airflow/.local/lib/python3.7/site-packages/airflow/example_dags/example_local_kubernetes_executor.py for tasks to queue
[2024-04-06T10:06:03.002+0000] {logging_mixin.py:137} INFO - [2024-04-06T10:06:03.002+0000] {dagbag.py:538} INFO - Filling up the DagBag from /home/airflow/.local/lib/python3.7/site-packages/airflow/example_dags/example_local_kubernetes_executor.py
[2024-04-06T10:06:03.044+0000] {processor.py:753} INFO - DAG(s) dict_keys(['example_local_kubernetes_executor']) retrieved from /home/airflow/.local/lib/python3.7/site-packages/airflow/example_dags/example_local_kubernetes_executor.py
[2024-04-06T10:06:03.093+0000] {logging_mixin.py:137} INFO - [2024-04-06T10:06:03.092+0000] {dag.py:2690} INFO - Sync 1 DAGs
[2024-04-06T10:06:03.138+0000] {logging_mixin.py:137} INFO - [2024-04-06T10:06:03.138+0000] {dag.py:3441} INFO - Setting next_dagrun for example_local_kubernetes_executor to None, run_after=None
[2024-04-06T10:06:03.180+0000] {processor.py:175} INFO - Processing /home/airflow/.local/lib/python3.7/site-packages/airflow/example_dags/example_local_kubernetes_executor.py took 0.185 seconds
[2024-04-06T10:06:33.307+0000] {processor.py:153} INFO - Started process (PID=1306) to work on /home/airflow/.local/lib/python3.7/site-packages/airflow/example_dags/example_local_kubernetes_executor.py
[2024-04-06T10:06:33.308+0000] {processor.py:743} INFO - Processing file /home/airflow/.local/lib/python3.7/site-packages/airflow/example_dags/example_local_kubernetes_executor.py for tasks to queue
[2024-04-06T10:06:33.309+0000] {logging_mixin.py:137} INFO - [2024-04-06T10:06:33.309+0000] {dagbag.py:538} INFO - Filling up the DagBag from /home/airflow/.local/lib/python3.7/site-packages/airflow/example_dags/example_local_kubernetes_executor.py
[2024-04-06T10:06:33.354+0000] {processor.py:753} INFO - DAG(s) dict_keys(['example_local_kubernetes_executor']) retrieved from /home/airflow/.local/lib/python3.7/site-packages/airflow/example_dags/example_local_kubernetes_executor.py
[2024-04-06T10:06:33.403+0000] {logging_mixin.py:137} INFO - [2024-04-06T10:06:33.403+0000] {dag.py:2690} INFO - Sync 1 DAGs
[2024-04-06T10:06:33.455+0000] {logging_mixin.py:137} INFO - [2024-04-06T10:06:33.455+0000] {dag.py:3441} INFO - Setting next_dagrun for example_local_kubernetes_executor to None, run_after=None
[2024-04-06T10:06:33.489+0000] {processor.py:175} INFO - Processing /home/airflow/.local/lib/python3.7/site-packages/airflow/example_dags/example_local_kubernetes_executor.py took 0.188 seconds
[2024-04-06T10:07:03.975+0000] {processor.py:153} INFO - Started process (PID=1377) to work on /home/airflow/.local/lib/python3.7/site-packages/airflow/example_dags/example_local_kubernetes_executor.py
[2024-04-06T10:07:03.977+0000] {processor.py:743} INFO - Processing file /home/airflow/.local/lib/python3.7/site-packages/airflow/example_dags/example_local_kubernetes_executor.py for tasks to queue
[2024-04-06T10:07:03.978+0000] {logging_mixin.py:137} INFO - [2024-04-06T10:07:03.978+0000] {dagbag.py:538} INFO - Filling up the DagBag from /home/airflow/.local/lib/python3.7/site-packages/airflow/example_dags/example_local_kubernetes_executor.py
[2024-04-06T10:07:04.019+0000] {processor.py:753} INFO - DAG(s) dict_keys(['example_local_kubernetes_executor']) retrieved from /home/airflow/.local/lib/python3.7/site-packages/airflow/example_dags/example_local_kubernetes_executor.py
[2024-04-06T10:07:04.083+0000] {logging_mixin.py:137} INFO - [2024-04-06T10:07:04.083+0000] {dag.py:2690} INFO - Sync 1 DAGs
[2024-04-06T10:07:04.132+0000] {logging_mixin.py:137} INFO - [2024-04-06T10:07:04.132+0000] {dag.py:3441} INFO - Setting next_dagrun for example_local_kubernetes_executor to None, run_after=None
[2024-04-06T10:07:04.171+0000] {processor.py:175} INFO - Processing /home/airflow/.local/lib/python3.7/site-packages/airflow/example_dags/example_local_kubernetes_executor.py took 0.201 seconds
[2024-04-06T10:07:34.300+0000] {processor.py:153} INFO - Started process (PID=1449) to work on /home/airflow/.local/lib/python3.7/site-packages/airflow/example_dags/example_local_kubernetes_executor.py
[2024-04-06T10:07:34.302+0000] {processor.py:743} INFO - Processing file /home/airflow/.local/lib/python3.7/site-packages/airflow/example_dags/example_local_kubernetes_executor.py for tasks to queue
[2024-04-06T10:07:34.303+0000] {logging_mixin.py:137} INFO - [2024-04-06T10:07:34.303+0000] {dagbag.py:538} INFO - Filling up the DagBag from /home/airflow/.local/lib/python3.7/site-packages/airflow/example_dags/example_local_kubernetes_executor.py
[2024-04-06T10:07:34.351+0000] {processor.py:753} INFO - DAG(s) dict_keys(['example_local_kubernetes_executor']) retrieved from /home/airflow/.local/lib/python3.7/site-packages/airflow/example_dags/example_local_kubernetes_executor.py
[2024-04-06T10:07:34.399+0000] {logging_mixin.py:137} INFO - [2024-04-06T10:07:34.399+0000] {dag.py:2690} INFO - Sync 1 DAGs
[2024-04-06T10:07:34.445+0000] {logging_mixin.py:137} INFO - [2024-04-06T10:07:34.445+0000] {dag.py:3441} INFO - Setting next_dagrun for example_local_kubernetes_executor to None, run_after=None
[2024-04-06T10:07:34.479+0000] {processor.py:175} INFO - Processing /home/airflow/.local/lib/python3.7/site-packages/airflow/example_dags/example_local_kubernetes_executor.py took 0.186 seconds
[2024-04-06T10:08:05.460+0000] {processor.py:153} INFO - Started process (PID=1521) to work on /home/airflow/.local/lib/python3.7/site-packages/airflow/example_dags/example_local_kubernetes_executor.py
[2024-04-06T10:08:05.461+0000] {processor.py:743} INFO - Processing file /home/airflow/.local/lib/python3.7/site-packages/airflow/example_dags/example_local_kubernetes_executor.py for tasks to queue
[2024-04-06T10:08:05.462+0000] {logging_mixin.py:137} INFO - [2024-04-06T10:08:05.462+0000] {dagbag.py:538} INFO - Filling up the DagBag from /home/airflow/.local/lib/python3.7/site-packages/airflow/example_dags/example_local_kubernetes_executor.py
[2024-04-06T10:08:05.504+0000] {processor.py:753} INFO - DAG(s) dict_keys(['example_local_kubernetes_executor']) retrieved from /home/airflow/.local/lib/python3.7/site-packages/airflow/example_dags/example_local_kubernetes_executor.py
[2024-04-06T10:08:05.555+0000] {logging_mixin.py:137} INFO - [2024-04-06T10:08:05.555+0000] {dag.py:2690} INFO - Sync 1 DAGs
[2024-04-06T10:08:05.601+0000] {logging_mixin.py:137} INFO - [2024-04-06T10:08:05.601+0000] {dag.py:3441} INFO - Setting next_dagrun for example_local_kubernetes_executor to None, run_after=None
[2024-04-06T10:08:05.637+0000] {processor.py:175} INFO - Processing /home/airflow/.local/lib/python3.7/site-packages/airflow/example_dags/example_local_kubernetes_executor.py took 0.183 seconds
[2024-04-06T10:08:36.040+0000] {processor.py:153} INFO - Started process (PID=1600) to work on /home/airflow/.local/lib/python3.7/site-packages/airflow/example_dags/example_local_kubernetes_executor.py
[2024-04-06T10:08:36.042+0000] {processor.py:743} INFO - Processing file /home/airflow/.local/lib/python3.7/site-packages/airflow/example_dags/example_local_kubernetes_executor.py for tasks to queue
[2024-04-06T10:08:36.043+0000] {logging_mixin.py:137} INFO - [2024-04-06T10:08:36.043+0000] {dagbag.py:538} INFO - Filling up the DagBag from /home/airflow/.local/lib/python3.7/site-packages/airflow/example_dags/example_local_kubernetes_executor.py
[2024-04-06T10:08:36.098+0000] {processor.py:753} INFO - DAG(s) dict_keys(['example_local_kubernetes_executor']) retrieved from /home/airflow/.local/lib/python3.7/site-packages/airflow/example_dags/example_local_kubernetes_executor.py
[2024-04-06T10:08:36.167+0000] {logging_mixin.py:137} INFO - [2024-04-06T10:08:36.166+0000] {dag.py:2690} INFO - Sync 1 DAGs
[2024-04-06T10:08:36.236+0000] {logging_mixin.py:137} INFO - [2024-04-06T10:08:36.236+0000] {dag.py:3441} INFO - Setting next_dagrun for example_local_kubernetes_executor to None, run_after=None
[2024-04-06T10:08:36.290+0000] {processor.py:175} INFO - Processing /home/airflow/.local/lib/python3.7/site-packages/airflow/example_dags/example_local_kubernetes_executor.py took 0.257 seconds
[2024-04-06T10:09:06.755+0000] {processor.py:153} INFO - Started process (PID=1674) to work on /home/airflow/.local/lib/python3.7/site-packages/airflow/example_dags/example_local_kubernetes_executor.py
[2024-04-06T10:09:06.756+0000] {processor.py:743} INFO - Processing file /home/airflow/.local/lib/python3.7/site-packages/airflow/example_dags/example_local_kubernetes_executor.py for tasks to queue
[2024-04-06T10:09:06.758+0000] {logging_mixin.py:137} INFO - [2024-04-06T10:09:06.757+0000] {dagbag.py:538} INFO - Filling up the DagBag from /home/airflow/.local/lib/python3.7/site-packages/airflow/example_dags/example_local_kubernetes_executor.py
[2024-04-06T10:09:06.814+0000] {processor.py:753} INFO - DAG(s) dict_keys(['example_local_kubernetes_executor']) retrieved from /home/airflow/.local/lib/python3.7/site-packages/airflow/example_dags/example_local_kubernetes_executor.py
[2024-04-06T10:09:06.941+0000] {logging_mixin.py:137} INFO - [2024-04-06T10:09:06.941+0000] {dag.py:2690} INFO - Sync 1 DAGs
[2024-04-06T10:09:07.017+0000] {logging_mixin.py:137} INFO - [2024-04-06T10:09:07.017+0000] {dag.py:3441} INFO - Setting next_dagrun for example_local_kubernetes_executor to None, run_after=None
[2024-04-06T10:09:07.067+0000] {processor.py:175} INFO - Processing /home/airflow/.local/lib/python3.7/site-packages/airflow/example_dags/example_local_kubernetes_executor.py took 0.319 seconds
[2024-04-06T10:09:37.320+0000] {processor.py:153} INFO - Started process (PID=1747) to work on /home/airflow/.local/lib/python3.7/site-packages/airflow/example_dags/example_local_kubernetes_executor.py
[2024-04-06T10:09:37.322+0000] {processor.py:743} INFO - Processing file /home/airflow/.local/lib/python3.7/site-packages/airflow/example_dags/example_local_kubernetes_executor.py for tasks to queue
[2024-04-06T10:09:37.323+0000] {logging_mixin.py:137} INFO - [2024-04-06T10:09:37.323+0000] {dagbag.py:538} INFO - Filling up the DagBag from /home/airflow/.local/lib/python3.7/site-packages/airflow/example_dags/example_local_kubernetes_executor.py
[2024-04-06T10:09:37.423+0000] {processor.py:753} INFO - DAG(s) dict_keys(['example_local_kubernetes_executor']) retrieved from /home/airflow/.local/lib/python3.7/site-packages/airflow/example_dags/example_local_kubernetes_executor.py
[2024-04-06T10:09:37.470+0000] {logging_mixin.py:137} INFO - [2024-04-06T10:09:37.470+0000] {dag.py:2690} INFO - Sync 1 DAGs
[2024-04-06T10:09:37.517+0000] {logging_mixin.py:137} INFO - [2024-04-06T10:09:37.517+0000] {dag.py:3441} INFO - Setting next_dagrun for example_local_kubernetes_executor to None, run_after=None
[2024-04-06T10:09:37.552+0000] {processor.py:175} INFO - Processing /home/airflow/.local/lib/python3.7/site-packages/airflow/example_dags/example_local_kubernetes_executor.py took 0.239 seconds
[2024-04-06T10:10:08.412+0000] {processor.py:153} INFO - Started process (PID=1825) to work on /home/airflow/.local/lib/python3.7/site-packages/airflow/example_dags/example_local_kubernetes_executor.py
[2024-04-06T10:10:08.413+0000] {processor.py:743} INFO - Processing file /home/airflow/.local/lib/python3.7/site-packages/airflow/example_dags/example_local_kubernetes_executor.py for tasks to queue
[2024-04-06T10:10:08.414+0000] {logging_mixin.py:137} INFO - [2024-04-06T10:10:08.414+0000] {dagbag.py:538} INFO - Filling up the DagBag from /home/airflow/.local/lib/python3.7/site-packages/airflow/example_dags/example_local_kubernetes_executor.py
[2024-04-06T10:10:08.456+0000] {processor.py:753} INFO - DAG(s) dict_keys(['example_local_kubernetes_executor']) retrieved from /home/airflow/.local/lib/python3.7/site-packages/airflow/example_dags/example_local_kubernetes_executor.py
[2024-04-06T10:10:08.520+0000] {logging_mixin.py:137} INFO - [2024-04-06T10:10:08.520+0000] {dag.py:2690} INFO - Sync 1 DAGs
[2024-04-06T10:10:08.579+0000] {logging_mixin.py:137} INFO - [2024-04-06T10:10:08.579+0000] {dag.py:3441} INFO - Setting next_dagrun for example_local_kubernetes_executor to None, run_after=None
[2024-04-06T10:10:08.628+0000] {processor.py:175} INFO - Processing /home/airflow/.local/lib/python3.7/site-packages/airflow/example_dags/example_local_kubernetes_executor.py took 0.221 seconds
[2024-04-06T10:10:38.922+0000] {processor.py:153} INFO - Started process (PID=1898) to work on /home/airflow/.local/lib/python3.7/site-packages/airflow/example_dags/example_local_kubernetes_executor.py
[2024-04-06T10:10:38.923+0000] {processor.py:743} INFO - Processing file /home/airflow/.local/lib/python3.7/site-packages/airflow/example_dags/example_local_kubernetes_executor.py for tasks to queue
[2024-04-06T10:10:38.924+0000] {logging_mixin.py:137} INFO - [2024-04-06T10:10:38.924+0000] {dagbag.py:538} INFO - Filling up the DagBag from /home/airflow/.local/lib/python3.7/site-packages/airflow/example_dags/example_local_kubernetes_executor.py
[2024-04-06T10:10:38.967+0000] {processor.py:753} INFO - DAG(s) dict_keys(['example_local_kubernetes_executor']) retrieved from /home/airflow/.local/lib/python3.7/site-packages/airflow/example_dags/example_local_kubernetes_executor.py
[2024-04-06T10:10:39.016+0000] {logging_mixin.py:137} INFO - [2024-04-06T10:10:39.015+0000] {dag.py:2690} INFO - Sync 1 DAGs
[2024-04-06T10:10:39.066+0000] {logging_mixin.py:137} INFO - [2024-04-06T10:10:39.066+0000] {dag.py:3441} INFO - Setting next_dagrun for example_local_kubernetes_executor to None, run_after=None
[2024-04-06T10:10:39.109+0000] {processor.py:175} INFO - Processing /home/airflow/.local/lib/python3.7/site-packages/airflow/example_dags/example_local_kubernetes_executor.py took 0.192 seconds
[2024-04-06T10:11:09.183+0000] {processor.py:153} INFO - Started process (PID=1969) to work on /home/airflow/.local/lib/python3.7/site-packages/airflow/example_dags/example_local_kubernetes_executor.py
[2024-04-06T10:11:09.184+0000] {processor.py:743} INFO - Processing file /home/airflow/.local/lib/python3.7/site-packages/airflow/example_dags/example_local_kubernetes_executor.py for tasks to queue
[2024-04-06T10:11:09.185+0000] {logging_mixin.py:137} INFO - [2024-04-06T10:11:09.185+0000] {dagbag.py:538} INFO - Filling up the DagBag from /home/airflow/.local/lib/python3.7/site-packages/airflow/example_dags/example_local_kubernetes_executor.py
[2024-04-06T10:11:09.227+0000] {processor.py:753} INFO - DAG(s) dict_keys(['example_local_kubernetes_executor']) retrieved from /home/airflow/.local/lib/python3.7/site-packages/airflow/example_dags/example_local_kubernetes_executor.py
[2024-04-06T10:11:09.284+0000] {logging_mixin.py:137} INFO - [2024-04-06T10:11:09.284+0000] {dag.py:2690} INFO - Sync 1 DAGs
[2024-04-06T10:11:09.350+0000] {logging_mixin.py:137} INFO - [2024-04-06T10:11:09.350+0000] {dag.py:3441} INFO - Setting next_dagrun for example_local_kubernetes_executor to None, run_after=None
[2024-04-06T10:11:09.405+0000] {processor.py:175} INFO - Processing /home/airflow/.local/lib/python3.7/site-packages/airflow/example_dags/example_local_kubernetes_executor.py took 0.227 seconds
[2024-04-06T10:11:39.772+0000] {processor.py:153} INFO - Started process (PID=2041) to work on /home/airflow/.local/lib/python3.7/site-packages/airflow/example_dags/example_local_kubernetes_executor.py
[2024-04-06T10:11:39.774+0000] {processor.py:743} INFO - Processing file /home/airflow/.local/lib/python3.7/site-packages/airflow/example_dags/example_local_kubernetes_executor.py for tasks to queue
[2024-04-06T10:11:39.775+0000] {logging_mixin.py:137} INFO - [2024-04-06T10:11:39.775+0000] {dagbag.py:538} INFO - Filling up the DagBag from /home/airflow/.local/lib/python3.7/site-packages/airflow/example_dags/example_local_kubernetes_executor.py
[2024-04-06T10:11:39.830+0000] {processor.py:753} INFO - DAG(s) dict_keys(['example_local_kubernetes_executor']) retrieved from /home/airflow/.local/lib/python3.7/site-packages/airflow/example_dags/example_local_kubernetes_executor.py
[2024-04-06T10:11:39.884+0000] {logging_mixin.py:137} INFO - [2024-04-06T10:11:39.884+0000] {dag.py:2690} INFO - Sync 1 DAGs
[2024-04-06T10:11:39.934+0000] {logging_mixin.py:137} INFO - [2024-04-06T10:11:39.934+0000] {dag.py:3441} INFO - Setting next_dagrun for example_local_kubernetes_executor to None, run_after=None
[2024-04-06T10:11:39.971+0000] {processor.py:175} INFO - Processing /home/airflow/.local/lib/python3.7/site-packages/airflow/example_dags/example_local_kubernetes_executor.py took 0.205 seconds
[2024-04-06T10:12:10.259+0000] {processor.py:153} INFO - Started process (PID=2113) to work on /home/airflow/.local/lib/python3.7/site-packages/airflow/example_dags/example_local_kubernetes_executor.py
[2024-04-06T10:12:10.260+0000] {processor.py:743} INFO - Processing file /home/airflow/.local/lib/python3.7/site-packages/airflow/example_dags/example_local_kubernetes_executor.py for tasks to queue
[2024-04-06T10:12:10.262+0000] {logging_mixin.py:137} INFO - [2024-04-06T10:12:10.261+0000] {dagbag.py:538} INFO - Filling up the DagBag from /home/airflow/.local/lib/python3.7/site-packages/airflow/example_dags/example_local_kubernetes_executor.py
[2024-04-06T10:12:10.305+0000] {processor.py:753} INFO - DAG(s) dict_keys(['example_local_kubernetes_executor']) retrieved from /home/airflow/.local/lib/python3.7/site-packages/airflow/example_dags/example_local_kubernetes_executor.py
[2024-04-06T10:12:10.353+0000] {logging_mixin.py:137} INFO - [2024-04-06T10:12:10.352+0000] {dag.py:2690} INFO - Sync 1 DAGs
[2024-04-06T10:12:10.400+0000] {logging_mixin.py:137} INFO - [2024-04-06T10:12:10.400+0000] {dag.py:3441} INFO - Setting next_dagrun for example_local_kubernetes_executor to None, run_after=None
[2024-04-06T10:12:10.435+0000] {processor.py:175} INFO - Processing /home/airflow/.local/lib/python3.7/site-packages/airflow/example_dags/example_local_kubernetes_executor.py took 0.182 seconds
[2024-04-06T10:12:40.906+0000] {processor.py:153} INFO - Started process (PID=2185) to work on /home/airflow/.local/lib/python3.7/site-packages/airflow/example_dags/example_local_kubernetes_executor.py
[2024-04-06T10:12:40.907+0000] {processor.py:743} INFO - Processing file /home/airflow/.local/lib/python3.7/site-packages/airflow/example_dags/example_local_kubernetes_executor.py for tasks to queue
[2024-04-06T10:12:40.908+0000] {logging_mixin.py:137} INFO - [2024-04-06T10:12:40.907+0000] {dagbag.py:538} INFO - Filling up the DagBag from /home/airflow/.local/lib/python3.7/site-packages/airflow/example_dags/example_local_kubernetes_executor.py
[2024-04-06T10:12:40.951+0000] {processor.py:753} INFO - DAG(s) dict_keys(['example_local_kubernetes_executor']) retrieved from /home/airflow/.local/lib/python3.7/site-packages/airflow/example_dags/example_local_kubernetes_executor.py
[2024-04-06T10:12:41.004+0000] {logging_mixin.py:137} INFO - [2024-04-06T10:12:41.003+0000] {dag.py:2690} INFO - Sync 1 DAGs
[2024-04-06T10:12:41.053+0000] {logging_mixin.py:137} INFO - [2024-04-06T10:12:41.053+0000] {dag.py:3441} INFO - Setting next_dagrun for example_local_kubernetes_executor to None, run_after=None
[2024-04-06T10:12:41.087+0000] {processor.py:175} INFO - Processing /home/airflow/.local/lib/python3.7/site-packages/airflow/example_dags/example_local_kubernetes_executor.py took 0.187 seconds
[2024-04-06T10:42:02.388+0000] {processor.py:161} INFO - Started process (PID=37) to work on /home/airflow/.local/lib/python3.8/site-packages/airflow/example_dags/example_local_kubernetes_executor.py
[2024-04-06T10:42:02.389+0000] {processor.py:830} INFO - Processing file /home/airflow/.local/lib/python3.8/site-packages/airflow/example_dags/example_local_kubernetes_executor.py for tasks to queue
[2024-04-06T10:42:02.390+0000] {logging_mixin.py:188} INFO - [2024-04-06T10:42:02.390+0000] {dagbag.py:540} INFO - Filling up the DagBag from /home/airflow/.local/lib/python3.8/site-packages/airflow/example_dags/example_local_kubernetes_executor.py
[2024-04-06T10:42:02.395+0000] {processor.py:840} INFO - DAG(s) 'example_local_kubernetes_executor' retrieved from /home/airflow/.local/lib/python3.8/site-packages/airflow/example_dags/example_local_kubernetes_executor.py
[2024-04-06T10:42:02.553+0000] {logging_mixin.py:188} INFO - [2024-04-06T10:42:02.553+0000] {override.py:1769} INFO - Created Permission View: can delete on DAG:example_local_kubernetes_executor
[2024-04-06T10:42:02.562+0000] {logging_mixin.py:188} INFO - [2024-04-06T10:42:02.561+0000] {override.py:1769} INFO - Created Permission View: can read on DAG:example_local_kubernetes_executor
[2024-04-06T10:42:02.566+0000] {logging_mixin.py:188} INFO - [2024-04-06T10:42:02.566+0000] {override.py:1769} INFO - Created Permission View: can edit on DAG:example_local_kubernetes_executor
[2024-04-06T10:42:02.567+0000] {logging_mixin.py:188} INFO - [2024-04-06T10:42:02.566+0000] {dag.py:3047} INFO - Sync 1 DAGs
[2024-04-06T10:42:02.574+0000] {logging_mixin.py:188} INFO - [2024-04-06T10:42:02.574+0000] {dag.py:3069} INFO - Creating ORM DAG for example_local_kubernetes_executor
[2024-04-06T10:42:02.574+0000] {logging_mixin.py:188} INFO - [2024-04-06T10:42:02.574+0000] {dag.py:3834} INFO - Setting next_dagrun for example_local_kubernetes_executor to None, run_after=None
[2024-04-06T10:42:02.587+0000] {processor.py:183} INFO - Processing /home/airflow/.local/lib/python3.8/site-packages/airflow/example_dags/example_local_kubernetes_executor.py took 0.201 seconds
[2024-04-06T10:42:32.664+0000] {processor.py:161} INFO - Started process (PID=94) to work on /home/airflow/.local/lib/python3.8/site-packages/airflow/example_dags/example_local_kubernetes_executor.py
[2024-04-06T10:42:32.665+0000] {processor.py:830} INFO - Processing file /home/airflow/.local/lib/python3.8/site-packages/airflow/example_dags/example_local_kubernetes_executor.py for tasks to queue
[2024-04-06T10:42:32.666+0000] {logging_mixin.py:188} INFO - [2024-04-06T10:42:32.666+0000] {dagbag.py:540} INFO - Filling up the DagBag from /home/airflow/.local/lib/python3.8/site-packages/airflow/example_dags/example_local_kubernetes_executor.py
[2024-04-06T10:42:32.671+0000] {processor.py:840} INFO - DAG(s) 'example_local_kubernetes_executor' retrieved from /home/airflow/.local/lib/python3.8/site-packages/airflow/example_dags/example_local_kubernetes_executor.py
[2024-04-06T10:42:32.698+0000] {logging_mixin.py:188} INFO - [2024-04-06T10:42:32.697+0000] {dag.py:3047} INFO - Sync 1 DAGs
[2024-04-06T10:42:32.708+0000] {logging_mixin.py:188} INFO - [2024-04-06T10:42:32.708+0000] {dag.py:3834} INFO - Setting next_dagrun for example_local_kubernetes_executor to None, run_after=None
[2024-04-06T10:42:32.730+0000] {processor.py:183} INFO - Processing /home/airflow/.local/lib/python3.8/site-packages/airflow/example_dags/example_local_kubernetes_executor.py took 0.068 seconds
[2024-04-06T10:43:02.764+0000] {processor.py:161} INFO - Started process (PID=150) to work on /home/airflow/.local/lib/python3.8/site-packages/airflow/example_dags/example_local_kubernetes_executor.py
[2024-04-06T10:43:02.774+0000] {processor.py:830} INFO - Processing file /home/airflow/.local/lib/python3.8/site-packages/airflow/example_dags/example_local_kubernetes_executor.py for tasks to queue
[2024-04-06T10:43:02.776+0000] {logging_mixin.py:188} INFO - [2024-04-06T10:43:02.776+0000] {dagbag.py:540} INFO - Filling up the DagBag from /home/airflow/.local/lib/python3.8/site-packages/airflow/example_dags/example_local_kubernetes_executor.py
[2024-04-06T10:43:02.782+0000] {processor.py:840} INFO - DAG(s) 'example_local_kubernetes_executor' retrieved from /home/airflow/.local/lib/python3.8/site-packages/airflow/example_dags/example_local_kubernetes_executor.py
[2024-04-06T10:43:02.829+0000] {logging_mixin.py:188} INFO - [2024-04-06T10:43:02.829+0000] {dag.py:3047} INFO - Sync 1 DAGs
[2024-04-06T10:43:02.836+0000] {logging_mixin.py:188} INFO - [2024-04-06T10:43:02.836+0000] {dag.py:3834} INFO - Setting next_dagrun for example_local_kubernetes_executor to None, run_after=None
[2024-04-06T10:43:02.848+0000] {processor.py:183} INFO - Processing /home/airflow/.local/lib/python3.8/site-packages/airflow/example_dags/example_local_kubernetes_executor.py took 0.086 seconds
[2024-04-06T10:43:33.413+0000] {processor.py:161} INFO - Started process (PID=205) to work on /home/airflow/.local/lib/python3.8/site-packages/airflow/example_dags/example_local_kubernetes_executor.py
[2024-04-06T10:43:33.414+0000] {processor.py:830} INFO - Processing file /home/airflow/.local/lib/python3.8/site-packages/airflow/example_dags/example_local_kubernetes_executor.py for tasks to queue
[2024-04-06T10:43:33.415+0000] {logging_mixin.py:188} INFO - [2024-04-06T10:43:33.414+0000] {dagbag.py:540} INFO - Filling up the DagBag from /home/airflow/.local/lib/python3.8/site-packages/airflow/example_dags/example_local_kubernetes_executor.py
[2024-04-06T10:43:33.419+0000] {processor.py:840} INFO - DAG(s) 'example_local_kubernetes_executor' retrieved from /home/airflow/.local/lib/python3.8/site-packages/airflow/example_dags/example_local_kubernetes_executor.py
[2024-04-06T10:43:33.445+0000] {logging_mixin.py:188} INFO - [2024-04-06T10:43:33.444+0000] {dag.py:3047} INFO - Sync 1 DAGs
[2024-04-06T10:43:33.452+0000] {logging_mixin.py:188} INFO - [2024-04-06T10:43:33.452+0000] {dag.py:3834} INFO - Setting next_dagrun for example_local_kubernetes_executor to None, run_after=None
[2024-04-06T10:43:33.465+0000] {processor.py:183} INFO - Processing /home/airflow/.local/lib/python3.8/site-packages/airflow/example_dags/example_local_kubernetes_executor.py took 0.054 seconds
[2024-04-06T10:44:04.059+0000] {processor.py:161} INFO - Started process (PID=261) to work on /home/airflow/.local/lib/python3.8/site-packages/airflow/example_dags/example_local_kubernetes_executor.py
[2024-04-06T10:44:04.060+0000] {processor.py:830} INFO - Processing file /home/airflow/.local/lib/python3.8/site-packages/airflow/example_dags/example_local_kubernetes_executor.py for tasks to queue
[2024-04-06T10:44:04.061+0000] {logging_mixin.py:188} INFO - [2024-04-06T10:44:04.061+0000] {dagbag.py:540} INFO - Filling up the DagBag from /home/airflow/.local/lib/python3.8/site-packages/airflow/example_dags/example_local_kubernetes_executor.py
[2024-04-06T10:44:04.069+0000] {processor.py:840} INFO - DAG(s) 'example_local_kubernetes_executor' retrieved from /home/airflow/.local/lib/python3.8/site-packages/airflow/example_dags/example_local_kubernetes_executor.py
[2024-04-06T10:44:04.098+0000] {logging_mixin.py:188} INFO - [2024-04-06T10:44:04.098+0000] {dag.py:3047} INFO - Sync 1 DAGs
[2024-04-06T10:44:04.106+0000] {logging_mixin.py:188} INFO - [2024-04-06T10:44:04.106+0000] {dag.py:3834} INFO - Setting next_dagrun for example_local_kubernetes_executor to None, run_after=None
[2024-04-06T10:44:04.118+0000] {processor.py:183} INFO - Processing /home/airflow/.local/lib/python3.8/site-packages/airflow/example_dags/example_local_kubernetes_executor.py took 0.060 seconds
[2024-04-06T10:44:34.792+0000] {processor.py:161} INFO - Started process (PID=317) to work on /home/airflow/.local/lib/python3.8/site-packages/airflow/example_dags/example_local_kubernetes_executor.py
[2024-04-06T10:44:34.792+0000] {processor.py:830} INFO - Processing file /home/airflow/.local/lib/python3.8/site-packages/airflow/example_dags/example_local_kubernetes_executor.py for tasks to queue
[2024-04-06T10:44:34.793+0000] {logging_mixin.py:188} INFO - [2024-04-06T10:44:34.793+0000] {dagbag.py:540} INFO - Filling up the DagBag from /home/airflow/.local/lib/python3.8/site-packages/airflow/example_dags/example_local_kubernetes_executor.py
[2024-04-06T10:44:34.802+0000] {processor.py:840} INFO - DAG(s) 'example_local_kubernetes_executor' retrieved from /home/airflow/.local/lib/python3.8/site-packages/airflow/example_dags/example_local_kubernetes_executor.py
[2024-04-06T10:44:34.834+0000] {logging_mixin.py:188} INFO - [2024-04-06T10:44:34.834+0000] {dag.py:3047} INFO - Sync 1 DAGs
[2024-04-06T10:44:34.842+0000] {logging_mixin.py:188} INFO - [2024-04-06T10:44:34.842+0000] {dag.py:3834} INFO - Setting next_dagrun for example_local_kubernetes_executor to None, run_after=None
[2024-04-06T10:44:34.853+0000] {processor.py:183} INFO - Processing /home/airflow/.local/lib/python3.8/site-packages/airflow/example_dags/example_local_kubernetes_executor.py took 0.064 seconds
[2024-04-06T10:45:04.914+0000] {processor.py:161} INFO - Started process (PID=373) to work on /home/airflow/.local/lib/python3.8/site-packages/airflow/example_dags/example_local_kubernetes_executor.py
[2024-04-06T10:45:04.915+0000] {processor.py:830} INFO - Processing file /home/airflow/.local/lib/python3.8/site-packages/airflow/example_dags/example_local_kubernetes_executor.py for tasks to queue
[2024-04-06T10:45:04.916+0000] {logging_mixin.py:188} INFO - [2024-04-06T10:45:04.916+0000] {dagbag.py:540} INFO - Filling up the DagBag from /home/airflow/.local/lib/python3.8/site-packages/airflow/example_dags/example_local_kubernetes_executor.py
[2024-04-06T10:45:04.921+0000] {processor.py:840} INFO - DAG(s) 'example_local_kubernetes_executor' retrieved from /home/airflow/.local/lib/python3.8/site-packages/airflow/example_dags/example_local_kubernetes_executor.py
[2024-04-06T10:45:04.943+0000] {logging_mixin.py:188} INFO - [2024-04-06T10:45:04.943+0000] {dag.py:3047} INFO - Sync 1 DAGs
[2024-04-06T10:45:04.951+0000] {logging_mixin.py:188} INFO - [2024-04-06T10:45:04.951+0000] {dag.py:3834} INFO - Setting next_dagrun for example_local_kubernetes_executor to None, run_after=None
[2024-04-06T10:45:04.964+0000] {processor.py:183} INFO - Processing /home/airflow/.local/lib/python3.8/site-packages/airflow/example_dags/example_local_kubernetes_executor.py took 0.051 seconds
