[2024-04-06T09:36:49.161+0000] {processor.py:153} INFO - Started process (PID=80) to work on /home/airflow/.local/lib/python3.7/site-packages/airflow/example_dags/example_sla_dag.py
[2024-04-06T09:36:49.162+0000] {processor.py:743} INFO - Processing file /home/airflow/.local/lib/python3.7/site-packages/airflow/example_dags/example_sla_dag.py for tasks to queue
[2024-04-06T09:36:49.163+0000] {logging_mixin.py:137} INFO - [2024-04-06T09:36:49.162+0000] {dagbag.py:538} INFO - Filling up the DagBag from /home/airflow/.local/lib/python3.7/site-packages/airflow/example_dags/example_sla_dag.py
[2024-04-06T09:36:49.202+0000] {processor.py:753} INFO - DAG(s) dict_keys(['example_sla_dag']) retrieved from /home/airflow/.local/lib/python3.7/site-packages/airflow/example_dags/example_sla_dag.py
[2024-04-06T09:36:49.218+0000] {logging_mixin.py:137} INFO - [2024-04-06T09:36:49.218+0000] {dag.py:2690} INFO - Sync 1 DAGs
[2024-04-06T09:36:49.278+0000] {logging_mixin.py:137} INFO - [2024-04-06T09:36:49.277+0000] {dag.py:3441} INFO - Setting next_dagrun for example_sla_dag to 2024-04-06T09:34:00+00:00, run_after=2024-04-06T09:36:00+00:00
[2024-04-06T09:36:49.333+0000] {processor.py:175} INFO - Processing /home/airflow/.local/lib/python3.7/site-packages/airflow/example_dags/example_sla_dag.py took 0.177 seconds
[2024-04-06T09:37:19.825+0000] {processor.py:153} INFO - Started process (PID=152) to work on /home/airflow/.local/lib/python3.7/site-packages/airflow/example_dags/example_sla_dag.py
[2024-04-06T09:37:19.825+0000] {processor.py:743} INFO - Processing file /home/airflow/.local/lib/python3.7/site-packages/airflow/example_dags/example_sla_dag.py for tasks to queue
[2024-04-06T09:37:19.826+0000] {logging_mixin.py:137} INFO - [2024-04-06T09:37:19.826+0000] {dagbag.py:538} INFO - Filling up the DagBag from /home/airflow/.local/lib/python3.7/site-packages/airflow/example_dags/example_sla_dag.py
[2024-04-06T09:37:19.858+0000] {processor.py:753} INFO - DAG(s) dict_keys(['example_sla_dag']) retrieved from /home/airflow/.local/lib/python3.7/site-packages/airflow/example_dags/example_sla_dag.py
[2024-04-06T09:37:19.872+0000] {logging_mixin.py:137} INFO - [2024-04-06T09:37:19.872+0000] {dag.py:2690} INFO - Sync 1 DAGs
[2024-04-06T09:37:19.902+0000] {logging_mixin.py:137} INFO - [2024-04-06T09:37:19.902+0000] {dag.py:3441} INFO - Setting next_dagrun for example_sla_dag to 2024-04-06T09:34:00+00:00, run_after=2024-04-06T09:36:00+00:00
[2024-04-06T09:37:19.923+0000] {processor.py:175} INFO - Processing /home/airflow/.local/lib/python3.7/site-packages/airflow/example_dags/example_sla_dag.py took 0.101 seconds
[2024-04-06T09:37:50.635+0000] {processor.py:153} INFO - Started process (PID=224) to work on /home/airflow/.local/lib/python3.7/site-packages/airflow/example_dags/example_sla_dag.py
[2024-04-06T09:37:50.635+0000] {processor.py:743} INFO - Processing file /home/airflow/.local/lib/python3.7/site-packages/airflow/example_dags/example_sla_dag.py for tasks to queue
[2024-04-06T09:37:50.636+0000] {logging_mixin.py:137} INFO - [2024-04-06T09:37:50.636+0000] {dagbag.py:538} INFO - Filling up the DagBag from /home/airflow/.local/lib/python3.7/site-packages/airflow/example_dags/example_sla_dag.py
[2024-04-06T09:37:50.660+0000] {processor.py:753} INFO - DAG(s) dict_keys(['example_sla_dag']) retrieved from /home/airflow/.local/lib/python3.7/site-packages/airflow/example_dags/example_sla_dag.py
[2024-04-06T09:37:50.684+0000] {logging_mixin.py:137} INFO - [2024-04-06T09:37:50.684+0000] {dag.py:2690} INFO - Sync 1 DAGs
[2024-04-06T09:37:50.716+0000] {logging_mixin.py:137} INFO - [2024-04-06T09:37:50.716+0000] {dag.py:3441} INFO - Setting next_dagrun for example_sla_dag to 2024-04-06T09:34:00+00:00, run_after=2024-04-06T09:36:00+00:00
[2024-04-06T09:37:50.735+0000] {processor.py:175} INFO - Processing /home/airflow/.local/lib/python3.7/site-packages/airflow/example_dags/example_sla_dag.py took 0.103 seconds
[2024-04-06T09:38:21.362+0000] {processor.py:153} INFO - Started process (PID=312) to work on /home/airflow/.local/lib/python3.7/site-packages/airflow/example_dags/example_sla_dag.py
[2024-04-06T09:38:21.363+0000] {processor.py:743} INFO - Processing file /home/airflow/.local/lib/python3.7/site-packages/airflow/example_dags/example_sla_dag.py for tasks to queue
[2024-04-06T09:38:21.363+0000] {logging_mixin.py:137} INFO - [2024-04-06T09:38:21.363+0000] {dagbag.py:538} INFO - Filling up the DagBag from /home/airflow/.local/lib/python3.7/site-packages/airflow/example_dags/example_sla_dag.py
[2024-04-06T09:38:21.388+0000] {processor.py:753} INFO - DAG(s) dict_keys(['example_sla_dag']) retrieved from /home/airflow/.local/lib/python3.7/site-packages/airflow/example_dags/example_sla_dag.py
[2024-04-06T09:38:21.412+0000] {logging_mixin.py:137} INFO - [2024-04-06T09:38:21.412+0000] {dag.py:2690} INFO - Sync 1 DAGs
[2024-04-06T09:38:21.442+0000] {logging_mixin.py:137} INFO - [2024-04-06T09:38:21.442+0000] {dag.py:3441} INFO - Setting next_dagrun for example_sla_dag to 2024-04-06T09:36:00+00:00, run_after=2024-04-06T09:38:00+00:00
[2024-04-06T09:38:21.467+0000] {processor.py:175} INFO - Processing /home/airflow/.local/lib/python3.7/site-packages/airflow/example_dags/example_sla_dag.py took 0.108 seconds
[2024-04-06T09:38:51.526+0000] {processor.py:153} INFO - Started process (PID=383) to work on /home/airflow/.local/lib/python3.7/site-packages/airflow/example_dags/example_sla_dag.py
[2024-04-06T09:38:51.527+0000] {processor.py:743} INFO - Processing file /home/airflow/.local/lib/python3.7/site-packages/airflow/example_dags/example_sla_dag.py for tasks to queue
[2024-04-06T09:38:51.527+0000] {logging_mixin.py:137} INFO - [2024-04-06T09:38:51.527+0000] {dagbag.py:538} INFO - Filling up the DagBag from /home/airflow/.local/lib/python3.7/site-packages/airflow/example_dags/example_sla_dag.py
[2024-04-06T09:38:51.546+0000] {processor.py:753} INFO - DAG(s) dict_keys(['example_sla_dag']) retrieved from /home/airflow/.local/lib/python3.7/site-packages/airflow/example_dags/example_sla_dag.py
[2024-04-06T09:38:51.568+0000] {logging_mixin.py:137} INFO - [2024-04-06T09:38:51.568+0000] {dag.py:2690} INFO - Sync 1 DAGs
[2024-04-06T09:38:51.592+0000] {logging_mixin.py:137} INFO - [2024-04-06T09:38:51.592+0000] {dag.py:3441} INFO - Setting next_dagrun for example_sla_dag to 2024-04-06T09:36:00+00:00, run_after=2024-04-06T09:38:00+00:00
[2024-04-06T09:38:51.609+0000] {processor.py:175} INFO - Processing /home/airflow/.local/lib/python3.7/site-packages/airflow/example_dags/example_sla_dag.py took 0.085 seconds
[2024-04-06T09:39:21.807+0000] {processor.py:153} INFO - Started process (PID=472) to work on /home/airflow/.local/lib/python3.7/site-packages/airflow/example_dags/example_sla_dag.py
[2024-04-06T09:39:21.808+0000] {processor.py:743} INFO - Processing file /home/airflow/.local/lib/python3.7/site-packages/airflow/example_dags/example_sla_dag.py for tasks to queue
[2024-04-06T09:39:21.809+0000] {logging_mixin.py:137} INFO - [2024-04-06T09:39:21.809+0000] {dagbag.py:538} INFO - Filling up the DagBag from /home/airflow/.local/lib/python3.7/site-packages/airflow/example_dags/example_sla_dag.py
[2024-04-06T09:39:21.833+0000] {processor.py:753} INFO - DAG(s) dict_keys(['example_sla_dag']) retrieved from /home/airflow/.local/lib/python3.7/site-packages/airflow/example_dags/example_sla_dag.py
[2024-04-06T09:39:21.856+0000] {logging_mixin.py:137} INFO - [2024-04-06T09:39:21.856+0000] {dag.py:2690} INFO - Sync 1 DAGs
[2024-04-06T09:39:21.881+0000] {logging_mixin.py:137} INFO - [2024-04-06T09:39:21.881+0000] {dag.py:3441} INFO - Setting next_dagrun for example_sla_dag to 2024-04-06T09:36:00+00:00, run_after=2024-04-06T09:38:00+00:00
[2024-04-06T09:39:21.899+0000] {processor.py:175} INFO - Processing /home/airflow/.local/lib/python3.7/site-packages/airflow/example_dags/example_sla_dag.py took 0.095 seconds
[2024-04-06T09:39:52.011+0000] {processor.py:153} INFO - Started process (PID=543) to work on /home/airflow/.local/lib/python3.7/site-packages/airflow/example_dags/example_sla_dag.py
[2024-04-06T09:39:52.011+0000] {processor.py:743} INFO - Processing file /home/airflow/.local/lib/python3.7/site-packages/airflow/example_dags/example_sla_dag.py for tasks to queue
[2024-04-06T09:39:52.012+0000] {logging_mixin.py:137} INFO - [2024-04-06T09:39:52.012+0000] {dagbag.py:538} INFO - Filling up the DagBag from /home/airflow/.local/lib/python3.7/site-packages/airflow/example_dags/example_sla_dag.py
[2024-04-06T09:39:52.031+0000] {processor.py:753} INFO - DAG(s) dict_keys(['example_sla_dag']) retrieved from /home/airflow/.local/lib/python3.7/site-packages/airflow/example_dags/example_sla_dag.py
[2024-04-06T09:39:52.053+0000] {logging_mixin.py:137} INFO - [2024-04-06T09:39:52.053+0000] {dag.py:2690} INFO - Sync 1 DAGs
[2024-04-06T09:39:52.078+0000] {logging_mixin.py:137} INFO - [2024-04-06T09:39:52.077+0000] {dag.py:3441} INFO - Setting next_dagrun for example_sla_dag to 2024-04-06T09:36:00+00:00, run_after=2024-04-06T09:38:00+00:00
[2024-04-06T09:39:52.094+0000] {processor.py:175} INFO - Processing /home/airflow/.local/lib/python3.7/site-packages/airflow/example_dags/example_sla_dag.py took 0.086 seconds
[2024-04-06T09:40:22.407+0000] {processor.py:153} INFO - Started process (PID=631) to work on /home/airflow/.local/lib/python3.7/site-packages/airflow/example_dags/example_sla_dag.py
[2024-04-06T09:40:22.408+0000] {processor.py:743} INFO - Processing file /home/airflow/.local/lib/python3.7/site-packages/airflow/example_dags/example_sla_dag.py for tasks to queue
[2024-04-06T09:40:22.408+0000] {logging_mixin.py:137} INFO - [2024-04-06T09:40:22.408+0000] {dagbag.py:538} INFO - Filling up the DagBag from /home/airflow/.local/lib/python3.7/site-packages/airflow/example_dags/example_sla_dag.py
[2024-04-06T09:40:22.428+0000] {processor.py:753} INFO - DAG(s) dict_keys(['example_sla_dag']) retrieved from /home/airflow/.local/lib/python3.7/site-packages/airflow/example_dags/example_sla_dag.py
[2024-04-06T09:40:22.451+0000] {logging_mixin.py:137} INFO - [2024-04-06T09:40:22.451+0000] {dag.py:2690} INFO - Sync 1 DAGs
[2024-04-06T09:40:22.479+0000] {logging_mixin.py:137} INFO - [2024-04-06T09:40:22.479+0000] {dag.py:3441} INFO - Setting next_dagrun for example_sla_dag to 2024-04-06T09:38:00+00:00, run_after=2024-04-06T09:40:00+00:00
[2024-04-06T09:40:22.497+0000] {processor.py:175} INFO - Processing /home/airflow/.local/lib/python3.7/site-packages/airflow/example_dags/example_sla_dag.py took 0.092 seconds
[2024-04-06T09:40:52.698+0000] {processor.py:153} INFO - Started process (PID=703) to work on /home/airflow/.local/lib/python3.7/site-packages/airflow/example_dags/example_sla_dag.py
[2024-04-06T09:40:52.699+0000] {processor.py:743} INFO - Processing file /home/airflow/.local/lib/python3.7/site-packages/airflow/example_dags/example_sla_dag.py for tasks to queue
[2024-04-06T09:40:52.699+0000] {logging_mixin.py:137} INFO - [2024-04-06T09:40:52.699+0000] {dagbag.py:538} INFO - Filling up the DagBag from /home/airflow/.local/lib/python3.7/site-packages/airflow/example_dags/example_sla_dag.py
[2024-04-06T09:40:52.720+0000] {processor.py:753} INFO - DAG(s) dict_keys(['example_sla_dag']) retrieved from /home/airflow/.local/lib/python3.7/site-packages/airflow/example_dags/example_sla_dag.py
[2024-04-06T09:40:52.741+0000] {logging_mixin.py:137} INFO - [2024-04-06T09:40:52.740+0000] {dag.py:2690} INFO - Sync 1 DAGs
[2024-04-06T09:40:52.765+0000] {logging_mixin.py:137} INFO - [2024-04-06T09:40:52.765+0000] {dag.py:3441} INFO - Setting next_dagrun for example_sla_dag to 2024-04-06T09:38:00+00:00, run_after=2024-04-06T09:40:00+00:00
[2024-04-06T09:40:52.780+0000] {processor.py:175} INFO - Processing /home/airflow/.local/lib/python3.7/site-packages/airflow/example_dags/example_sla_dag.py took 0.084 seconds
[2024-04-06T09:41:23.163+0000] {processor.py:153} INFO - Started process (PID=791) to work on /home/airflow/.local/lib/python3.7/site-packages/airflow/example_dags/example_sla_dag.py
[2024-04-06T09:41:23.164+0000] {processor.py:743} INFO - Processing file /home/airflow/.local/lib/python3.7/site-packages/airflow/example_dags/example_sla_dag.py for tasks to queue
[2024-04-06T09:41:23.164+0000] {logging_mixin.py:137} INFO - [2024-04-06T09:41:23.164+0000] {dagbag.py:538} INFO - Filling up the DagBag from /home/airflow/.local/lib/python3.7/site-packages/airflow/example_dags/example_sla_dag.py
[2024-04-06T09:41:23.182+0000] {processor.py:753} INFO - DAG(s) dict_keys(['example_sla_dag']) retrieved from /home/airflow/.local/lib/python3.7/site-packages/airflow/example_dags/example_sla_dag.py
[2024-04-06T09:41:23.202+0000] {logging_mixin.py:137} INFO - [2024-04-06T09:41:23.202+0000] {dag.py:2690} INFO - Sync 1 DAGs
[2024-04-06T09:41:23.228+0000] {logging_mixin.py:137} INFO - [2024-04-06T09:41:23.228+0000] {dag.py:3441} INFO - Setting next_dagrun for example_sla_dag to 2024-04-06T09:38:00+00:00, run_after=2024-04-06T09:40:00+00:00
[2024-04-06T09:41:23.246+0000] {processor.py:175} INFO - Processing /home/airflow/.local/lib/python3.7/site-packages/airflow/example_dags/example_sla_dag.py took 0.085 seconds
[2024-04-06T09:41:53.454+0000] {processor.py:153} INFO - Started process (PID=863) to work on /home/airflow/.local/lib/python3.7/site-packages/airflow/example_dags/example_sla_dag.py
[2024-04-06T09:41:53.455+0000] {processor.py:743} INFO - Processing file /home/airflow/.local/lib/python3.7/site-packages/airflow/example_dags/example_sla_dag.py for tasks to queue
[2024-04-06T09:41:53.455+0000] {logging_mixin.py:137} INFO - [2024-04-06T09:41:53.455+0000] {dagbag.py:538} INFO - Filling up the DagBag from /home/airflow/.local/lib/python3.7/site-packages/airflow/example_dags/example_sla_dag.py
[2024-04-06T09:41:53.477+0000] {processor.py:753} INFO - DAG(s) dict_keys(['example_sla_dag']) retrieved from /home/airflow/.local/lib/python3.7/site-packages/airflow/example_dags/example_sla_dag.py
[2024-04-06T09:41:53.508+0000] {logging_mixin.py:137} INFO - [2024-04-06T09:41:53.508+0000] {dag.py:2690} INFO - Sync 1 DAGs
[2024-04-06T09:41:53.537+0000] {logging_mixin.py:137} INFO - [2024-04-06T09:41:53.536+0000] {dag.py:3441} INFO - Setting next_dagrun for example_sla_dag to 2024-04-06T09:38:00+00:00, run_after=2024-04-06T09:40:00+00:00
[2024-04-06T09:41:53.560+0000] {processor.py:175} INFO - Processing /home/airflow/.local/lib/python3.7/site-packages/airflow/example_dags/example_sla_dag.py took 0.109 seconds
[2024-04-06T09:42:24.241+0000] {processor.py:153} INFO - Started process (PID=951) to work on /home/airflow/.local/lib/python3.7/site-packages/airflow/example_dags/example_sla_dag.py
[2024-04-06T09:42:24.243+0000] {processor.py:743} INFO - Processing file /home/airflow/.local/lib/python3.7/site-packages/airflow/example_dags/example_sla_dag.py for tasks to queue
[2024-04-06T09:42:24.244+0000] {logging_mixin.py:137} INFO - [2024-04-06T09:42:24.244+0000] {dagbag.py:538} INFO - Filling up the DagBag from /home/airflow/.local/lib/python3.7/site-packages/airflow/example_dags/example_sla_dag.py
[2024-04-06T09:42:24.269+0000] {processor.py:753} INFO - DAG(s) dict_keys(['example_sla_dag']) retrieved from /home/airflow/.local/lib/python3.7/site-packages/airflow/example_dags/example_sla_dag.py
[2024-04-06T09:42:24.296+0000] {logging_mixin.py:137} INFO - [2024-04-06T09:42:24.295+0000] {dag.py:2690} INFO - Sync 1 DAGs
[2024-04-06T09:42:24.326+0000] {logging_mixin.py:137} INFO - [2024-04-06T09:42:24.326+0000] {dag.py:3441} INFO - Setting next_dagrun for example_sla_dag to 2024-04-06T09:40:00+00:00, run_after=2024-04-06T09:42:00+00:00
[2024-04-06T09:42:24.345+0000] {processor.py:175} INFO - Processing /home/airflow/.local/lib/python3.7/site-packages/airflow/example_dags/example_sla_dag.py took 0.109 seconds
[2024-04-06T09:42:54.440+0000] {processor.py:153} INFO - Started process (PID=1023) to work on /home/airflow/.local/lib/python3.7/site-packages/airflow/example_dags/example_sla_dag.py
[2024-04-06T09:42:54.441+0000] {processor.py:743} INFO - Processing file /home/airflow/.local/lib/python3.7/site-packages/airflow/example_dags/example_sla_dag.py for tasks to queue
[2024-04-06T09:42:54.441+0000] {logging_mixin.py:137} INFO - [2024-04-06T09:42:54.441+0000] {dagbag.py:538} INFO - Filling up the DagBag from /home/airflow/.local/lib/python3.7/site-packages/airflow/example_dags/example_sla_dag.py
[2024-04-06T09:42:54.460+0000] {processor.py:753} INFO - DAG(s) dict_keys(['example_sla_dag']) retrieved from /home/airflow/.local/lib/python3.7/site-packages/airflow/example_dags/example_sla_dag.py
[2024-04-06T09:42:54.487+0000] {logging_mixin.py:137} INFO - [2024-04-06T09:42:54.487+0000] {dag.py:2690} INFO - Sync 1 DAGs
[2024-04-06T09:42:54.515+0000] {logging_mixin.py:137} INFO - [2024-04-06T09:42:54.515+0000] {dag.py:3441} INFO - Setting next_dagrun for example_sla_dag to 2024-04-06T09:40:00+00:00, run_after=2024-04-06T09:42:00+00:00
[2024-04-06T09:42:54.534+0000] {processor.py:175} INFO - Processing /home/airflow/.local/lib/python3.7/site-packages/airflow/example_dags/example_sla_dag.py took 0.096 seconds
[2024-04-06T09:43:25.103+0000] {processor.py:153} INFO - Started process (PID=1110) to work on /home/airflow/.local/lib/python3.7/site-packages/airflow/example_dags/example_sla_dag.py
[2024-04-06T09:43:25.103+0000] {processor.py:743} INFO - Processing file /home/airflow/.local/lib/python3.7/site-packages/airflow/example_dags/example_sla_dag.py for tasks to queue
[2024-04-06T09:43:25.104+0000] {logging_mixin.py:137} INFO - [2024-04-06T09:43:25.103+0000] {dagbag.py:538} INFO - Filling up the DagBag from /home/airflow/.local/lib/python3.7/site-packages/airflow/example_dags/example_sla_dag.py
[2024-04-06T09:43:25.123+0000] {processor.py:753} INFO - DAG(s) dict_keys(['example_sla_dag']) retrieved from /home/airflow/.local/lib/python3.7/site-packages/airflow/example_dags/example_sla_dag.py
[2024-04-06T09:43:25.143+0000] {logging_mixin.py:137} INFO - [2024-04-06T09:43:25.143+0000] {dag.py:2690} INFO - Sync 1 DAGs
[2024-04-06T09:43:25.167+0000] {logging_mixin.py:137} INFO - [2024-04-06T09:43:25.167+0000] {dag.py:3441} INFO - Setting next_dagrun for example_sla_dag to 2024-04-06T09:40:00+00:00, run_after=2024-04-06T09:42:00+00:00
[2024-04-06T09:43:25.184+0000] {processor.py:175} INFO - Processing /home/airflow/.local/lib/python3.7/site-packages/airflow/example_dags/example_sla_dag.py took 0.083 seconds
[2024-04-06T09:43:55.277+0000] {processor.py:153} INFO - Started process (PID=1182) to work on /home/airflow/.local/lib/python3.7/site-packages/airflow/example_dags/example_sla_dag.py
[2024-04-06T09:43:55.278+0000] {processor.py:743} INFO - Processing file /home/airflow/.local/lib/python3.7/site-packages/airflow/example_dags/example_sla_dag.py for tasks to queue
[2024-04-06T09:43:55.278+0000] {logging_mixin.py:137} INFO - [2024-04-06T09:43:55.278+0000] {dagbag.py:538} INFO - Filling up the DagBag from /home/airflow/.local/lib/python3.7/site-packages/airflow/example_dags/example_sla_dag.py
[2024-04-06T09:43:55.298+0000] {processor.py:753} INFO - DAG(s) dict_keys(['example_sla_dag']) retrieved from /home/airflow/.local/lib/python3.7/site-packages/airflow/example_dags/example_sla_dag.py
[2024-04-06T09:43:55.323+0000] {logging_mixin.py:137} INFO - [2024-04-06T09:43:55.323+0000] {dag.py:2690} INFO - Sync 1 DAGs
[2024-04-06T09:43:55.349+0000] {logging_mixin.py:137} INFO - [2024-04-06T09:43:55.349+0000] {dag.py:3441} INFO - Setting next_dagrun for example_sla_dag to 2024-04-06T09:40:00+00:00, run_after=2024-04-06T09:42:00+00:00
[2024-04-06T09:43:55.365+0000] {processor.py:175} INFO - Processing /home/airflow/.local/lib/python3.7/site-packages/airflow/example_dags/example_sla_dag.py took 0.091 seconds
[2024-04-06T09:44:26.098+0000] {processor.py:153} INFO - Started process (PID=1270) to work on /home/airflow/.local/lib/python3.7/site-packages/airflow/example_dags/example_sla_dag.py
[2024-04-06T09:44:26.099+0000] {processor.py:743} INFO - Processing file /home/airflow/.local/lib/python3.7/site-packages/airflow/example_dags/example_sla_dag.py for tasks to queue
[2024-04-06T09:44:26.100+0000] {logging_mixin.py:137} INFO - [2024-04-06T09:44:26.099+0000] {dagbag.py:538} INFO - Filling up the DagBag from /home/airflow/.local/lib/python3.7/site-packages/airflow/example_dags/example_sla_dag.py
[2024-04-06T09:44:26.129+0000] {processor.py:753} INFO - DAG(s) dict_keys(['example_sla_dag']) retrieved from /home/airflow/.local/lib/python3.7/site-packages/airflow/example_dags/example_sla_dag.py
[2024-04-06T09:44:26.157+0000] {logging_mixin.py:137} INFO - [2024-04-06T09:44:26.156+0000] {dag.py:2690} INFO - Sync 1 DAGs
[2024-04-06T09:44:26.188+0000] {logging_mixin.py:137} INFO - [2024-04-06T09:44:26.188+0000] {dag.py:3441} INFO - Setting next_dagrun for example_sla_dag to 2024-04-06T09:42:00+00:00, run_after=2024-04-06T09:44:00+00:00
[2024-04-06T09:44:26.209+0000] {processor.py:175} INFO - Processing /home/airflow/.local/lib/python3.7/site-packages/airflow/example_dags/example_sla_dag.py took 0.115 seconds
[2024-04-06T09:44:56.242+0000] {processor.py:153} INFO - Started process (PID=1342) to work on /home/airflow/.local/lib/python3.7/site-packages/airflow/example_dags/example_sla_dag.py
[2024-04-06T09:44:56.242+0000] {processor.py:743} INFO - Processing file /home/airflow/.local/lib/python3.7/site-packages/airflow/example_dags/example_sla_dag.py for tasks to queue
[2024-04-06T09:44:56.243+0000] {logging_mixin.py:137} INFO - [2024-04-06T09:44:56.243+0000] {dagbag.py:538} INFO - Filling up the DagBag from /home/airflow/.local/lib/python3.7/site-packages/airflow/example_dags/example_sla_dag.py
[2024-04-06T09:44:56.263+0000] {processor.py:753} INFO - DAG(s) dict_keys(['example_sla_dag']) retrieved from /home/airflow/.local/lib/python3.7/site-packages/airflow/example_dags/example_sla_dag.py
[2024-04-06T09:44:56.285+0000] {logging_mixin.py:137} INFO - [2024-04-06T09:44:56.284+0000] {dag.py:2690} INFO - Sync 1 DAGs
[2024-04-06T09:44:56.309+0000] {logging_mixin.py:137} INFO - [2024-04-06T09:44:56.309+0000] {dag.py:3441} INFO - Setting next_dagrun for example_sla_dag to 2024-04-06T09:42:00+00:00, run_after=2024-04-06T09:44:00+00:00
[2024-04-06T09:44:56.326+0000] {processor.py:175} INFO - Processing /home/airflow/.local/lib/python3.7/site-packages/airflow/example_dags/example_sla_dag.py took 0.087 seconds
[2024-04-06T09:45:26.783+0000] {processor.py:153} INFO - Started process (PID=1430) to work on /home/airflow/.local/lib/python3.7/site-packages/airflow/example_dags/example_sla_dag.py
[2024-04-06T09:45:26.784+0000] {processor.py:743} INFO - Processing file /home/airflow/.local/lib/python3.7/site-packages/airflow/example_dags/example_sla_dag.py for tasks to queue
[2024-04-06T09:45:26.784+0000] {logging_mixin.py:137} INFO - [2024-04-06T09:45:26.784+0000] {dagbag.py:538} INFO - Filling up the DagBag from /home/airflow/.local/lib/python3.7/site-packages/airflow/example_dags/example_sla_dag.py
[2024-04-06T09:45:26.806+0000] {processor.py:753} INFO - DAG(s) dict_keys(['example_sla_dag']) retrieved from /home/airflow/.local/lib/python3.7/site-packages/airflow/example_dags/example_sla_dag.py
[2024-04-06T09:45:26.842+0000] {logging_mixin.py:137} INFO - [2024-04-06T09:45:26.841+0000] {dag.py:2690} INFO - Sync 1 DAGs
[2024-04-06T09:45:26.884+0000] {logging_mixin.py:137} INFO - [2024-04-06T09:45:26.884+0000] {dag.py:3441} INFO - Setting next_dagrun for example_sla_dag to 2024-04-06T09:42:00+00:00, run_after=2024-04-06T09:44:00+00:00
[2024-04-06T09:45:26.904+0000] {processor.py:175} INFO - Processing /home/airflow/.local/lib/python3.7/site-packages/airflow/example_dags/example_sla_dag.py took 0.124 seconds
[2024-04-06T09:45:57.093+0000] {processor.py:153} INFO - Started process (PID=1502) to work on /home/airflow/.local/lib/python3.7/site-packages/airflow/example_dags/example_sla_dag.py
[2024-04-06T09:45:57.094+0000] {processor.py:743} INFO - Processing file /home/airflow/.local/lib/python3.7/site-packages/airflow/example_dags/example_sla_dag.py for tasks to queue
[2024-04-06T09:45:57.094+0000] {logging_mixin.py:137} INFO - [2024-04-06T09:45:57.094+0000] {dagbag.py:538} INFO - Filling up the DagBag from /home/airflow/.local/lib/python3.7/site-packages/airflow/example_dags/example_sla_dag.py
[2024-04-06T09:45:57.119+0000] {processor.py:753} INFO - DAG(s) dict_keys(['example_sla_dag']) retrieved from /home/airflow/.local/lib/python3.7/site-packages/airflow/example_dags/example_sla_dag.py
[2024-04-06T09:45:57.147+0000] {logging_mixin.py:137} INFO - [2024-04-06T09:45:57.147+0000] {dag.py:2690} INFO - Sync 1 DAGs
[2024-04-06T09:45:57.181+0000] {logging_mixin.py:137} INFO - [2024-04-06T09:45:57.181+0000] {dag.py:3441} INFO - Setting next_dagrun for example_sla_dag to 2024-04-06T09:42:00+00:00, run_after=2024-04-06T09:44:00+00:00
[2024-04-06T09:45:57.199+0000] {processor.py:175} INFO - Processing /home/airflow/.local/lib/python3.7/site-packages/airflow/example_dags/example_sla_dag.py took 0.109 seconds
[2024-04-06T09:46:27.503+0000] {processor.py:153} INFO - Started process (PID=1589) to work on /home/airflow/.local/lib/python3.7/site-packages/airflow/example_dags/example_sla_dag.py
[2024-04-06T09:46:27.504+0000] {processor.py:743} INFO - Processing file /home/airflow/.local/lib/python3.7/site-packages/airflow/example_dags/example_sla_dag.py for tasks to queue
[2024-04-06T09:46:27.504+0000] {logging_mixin.py:137} INFO - [2024-04-06T09:46:27.504+0000] {dagbag.py:538} INFO - Filling up the DagBag from /home/airflow/.local/lib/python3.7/site-packages/airflow/example_dags/example_sla_dag.py
[2024-04-06T09:46:27.529+0000] {processor.py:753} INFO - DAG(s) dict_keys(['example_sla_dag']) retrieved from /home/airflow/.local/lib/python3.7/site-packages/airflow/example_dags/example_sla_dag.py
[2024-04-06T09:46:27.551+0000] {logging_mixin.py:137} INFO - [2024-04-06T09:46:27.551+0000] {dag.py:2690} INFO - Sync 1 DAGs
[2024-04-06T09:46:27.578+0000] {logging_mixin.py:137} INFO - [2024-04-06T09:46:27.578+0000] {dag.py:3441} INFO - Setting next_dagrun for example_sla_dag to 2024-04-06T09:44:00+00:00, run_after=2024-04-06T09:46:00+00:00
[2024-04-06T09:46:27.598+0000] {processor.py:175} INFO - Processing /home/airflow/.local/lib/python3.7/site-packages/airflow/example_dags/example_sla_dag.py took 0.098 seconds
[2024-04-06T09:46:57.869+0000] {processor.py:153} INFO - Started process (PID=1661) to work on /home/airflow/.local/lib/python3.7/site-packages/airflow/example_dags/example_sla_dag.py
[2024-04-06T09:46:57.870+0000] {processor.py:743} INFO - Processing file /home/airflow/.local/lib/python3.7/site-packages/airflow/example_dags/example_sla_dag.py for tasks to queue
[2024-04-06T09:46:57.871+0000] {logging_mixin.py:137} INFO - [2024-04-06T09:46:57.870+0000] {dagbag.py:538} INFO - Filling up the DagBag from /home/airflow/.local/lib/python3.7/site-packages/airflow/example_dags/example_sla_dag.py
[2024-04-06T09:46:57.892+0000] {processor.py:753} INFO - DAG(s) dict_keys(['example_sla_dag']) retrieved from /home/airflow/.local/lib/python3.7/site-packages/airflow/example_dags/example_sla_dag.py
[2024-04-06T09:46:57.914+0000] {logging_mixin.py:137} INFO - [2024-04-06T09:46:57.914+0000] {dag.py:2690} INFO - Sync 1 DAGs
[2024-04-06T09:46:57.941+0000] {logging_mixin.py:137} INFO - [2024-04-06T09:46:57.941+0000] {dag.py:3441} INFO - Setting next_dagrun for example_sla_dag to 2024-04-06T09:44:00+00:00, run_after=2024-04-06T09:46:00+00:00
[2024-04-06T09:46:57.960+0000] {processor.py:175} INFO - Processing /home/airflow/.local/lib/python3.7/site-packages/airflow/example_dags/example_sla_dag.py took 0.094 seconds
[2024-04-06T09:47:28.468+0000] {processor.py:153} INFO - Started process (PID=1749) to work on /home/airflow/.local/lib/python3.7/site-packages/airflow/example_dags/example_sla_dag.py
[2024-04-06T09:47:28.469+0000] {processor.py:743} INFO - Processing file /home/airflow/.local/lib/python3.7/site-packages/airflow/example_dags/example_sla_dag.py for tasks to queue
[2024-04-06T09:47:28.469+0000] {logging_mixin.py:137} INFO - [2024-04-06T09:47:28.469+0000] {dagbag.py:538} INFO - Filling up the DagBag from /home/airflow/.local/lib/python3.7/site-packages/airflow/example_dags/example_sla_dag.py
[2024-04-06T09:47:28.488+0000] {processor.py:753} INFO - DAG(s) dict_keys(['example_sla_dag']) retrieved from /home/airflow/.local/lib/python3.7/site-packages/airflow/example_dags/example_sla_dag.py
[2024-04-06T09:47:28.509+0000] {logging_mixin.py:137} INFO - [2024-04-06T09:47:28.509+0000] {dag.py:2690} INFO - Sync 1 DAGs
[2024-04-06T09:47:28.533+0000] {logging_mixin.py:137} INFO - [2024-04-06T09:47:28.533+0000] {dag.py:3441} INFO - Setting next_dagrun for example_sla_dag to 2024-04-06T09:44:00+00:00, run_after=2024-04-06T09:46:00+00:00
[2024-04-06T09:47:28.550+0000] {processor.py:175} INFO - Processing /home/airflow/.local/lib/python3.7/site-packages/airflow/example_dags/example_sla_dag.py took 0.085 seconds
[2024-04-06T09:47:58.660+0000] {processor.py:153} INFO - Started process (PID=1821) to work on /home/airflow/.local/lib/python3.7/site-packages/airflow/example_dags/example_sla_dag.py
[2024-04-06T09:47:58.660+0000] {processor.py:743} INFO - Processing file /home/airflow/.local/lib/python3.7/site-packages/airflow/example_dags/example_sla_dag.py for tasks to queue
[2024-04-06T09:47:58.661+0000] {logging_mixin.py:137} INFO - [2024-04-06T09:47:58.661+0000] {dagbag.py:538} INFO - Filling up the DagBag from /home/airflow/.local/lib/python3.7/site-packages/airflow/example_dags/example_sla_dag.py
[2024-04-06T09:47:58.678+0000] {processor.py:753} INFO - DAG(s) dict_keys(['example_sla_dag']) retrieved from /home/airflow/.local/lib/python3.7/site-packages/airflow/example_dags/example_sla_dag.py
[2024-04-06T09:47:58.699+0000] {logging_mixin.py:137} INFO - [2024-04-06T09:47:58.699+0000] {dag.py:2690} INFO - Sync 1 DAGs
[2024-04-06T09:47:58.723+0000] {logging_mixin.py:137} INFO - [2024-04-06T09:47:58.723+0000] {dag.py:3441} INFO - Setting next_dagrun for example_sla_dag to 2024-04-06T09:44:00+00:00, run_after=2024-04-06T09:46:00+00:00
[2024-04-06T09:47:58.739+0000] {processor.py:175} INFO - Processing /home/airflow/.local/lib/python3.7/site-packages/airflow/example_dags/example_sla_dag.py took 0.081 seconds
[2024-04-06T09:48:29.117+0000] {processor.py:153} INFO - Started process (PID=1909) to work on /home/airflow/.local/lib/python3.7/site-packages/airflow/example_dags/example_sla_dag.py
[2024-04-06T09:48:29.118+0000] {processor.py:743} INFO - Processing file /home/airflow/.local/lib/python3.7/site-packages/airflow/example_dags/example_sla_dag.py for tasks to queue
[2024-04-06T09:48:29.119+0000] {logging_mixin.py:137} INFO - [2024-04-06T09:48:29.119+0000] {dagbag.py:538} INFO - Filling up the DagBag from /home/airflow/.local/lib/python3.7/site-packages/airflow/example_dags/example_sla_dag.py
[2024-04-06T09:48:29.150+0000] {processor.py:753} INFO - DAG(s) dict_keys(['example_sla_dag']) retrieved from /home/airflow/.local/lib/python3.7/site-packages/airflow/example_dags/example_sla_dag.py
[2024-04-06T09:48:29.177+0000] {logging_mixin.py:137} INFO - [2024-04-06T09:48:29.177+0000] {dag.py:2690} INFO - Sync 1 DAGs
[2024-04-06T09:48:29.208+0000] {logging_mixin.py:137} INFO - [2024-04-06T09:48:29.208+0000] {dag.py:3441} INFO - Setting next_dagrun for example_sla_dag to 2024-04-06T09:46:00+00:00, run_after=2024-04-06T09:48:00+00:00
[2024-04-06T09:48:29.226+0000] {processor.py:175} INFO - Processing /home/airflow/.local/lib/python3.7/site-packages/airflow/example_dags/example_sla_dag.py took 0.114 seconds
[2024-04-06T09:48:59.745+0000] {processor.py:153} INFO - Started process (PID=1981) to work on /home/airflow/.local/lib/python3.7/site-packages/airflow/example_dags/example_sla_dag.py
[2024-04-06T09:48:59.747+0000] {processor.py:743} INFO - Processing file /home/airflow/.local/lib/python3.7/site-packages/airflow/example_dags/example_sla_dag.py for tasks to queue
[2024-04-06T09:48:59.748+0000] {logging_mixin.py:137} INFO - [2024-04-06T09:48:59.747+0000] {dagbag.py:538} INFO - Filling up the DagBag from /home/airflow/.local/lib/python3.7/site-packages/airflow/example_dags/example_sla_dag.py
[2024-04-06T09:48:59.788+0000] {processor.py:753} INFO - DAG(s) dict_keys(['example_sla_dag']) retrieved from /home/airflow/.local/lib/python3.7/site-packages/airflow/example_dags/example_sla_dag.py
[2024-04-06T09:48:59.849+0000] {logging_mixin.py:137} INFO - [2024-04-06T09:48:59.849+0000] {dag.py:2690} INFO - Sync 1 DAGs
[2024-04-06T09:48:59.906+0000] {logging_mixin.py:137} INFO - [2024-04-06T09:48:59.906+0000] {dag.py:3441} INFO - Setting next_dagrun for example_sla_dag to 2024-04-06T09:46:00+00:00, run_after=2024-04-06T09:48:00+00:00
[2024-04-06T09:48:59.936+0000] {processor.py:175} INFO - Processing /home/airflow/.local/lib/python3.7/site-packages/airflow/example_dags/example_sla_dag.py took 0.196 seconds
[2024-04-06T09:50:14.324+0000] {processor.py:153} INFO - Started process (PID=72) to work on /home/airflow/.local/lib/python3.7/site-packages/airflow/example_dags/example_sla_dag.py
[2024-04-06T09:50:14.326+0000] {processor.py:743} INFO - Processing file /home/airflow/.local/lib/python3.7/site-packages/airflow/example_dags/example_sla_dag.py for tasks to queue
[2024-04-06T09:50:14.327+0000] {logging_mixin.py:137} INFO - [2024-04-06T09:50:14.327+0000] {dagbag.py:538} INFO - Filling up the DagBag from /home/airflow/.local/lib/python3.7/site-packages/airflow/example_dags/example_sla_dag.py
[2024-04-06T09:50:14.364+0000] {processor.py:753} INFO - DAG(s) dict_keys(['example_sla_dag']) retrieved from /home/airflow/.local/lib/python3.7/site-packages/airflow/example_dags/example_sla_dag.py
[2024-04-06T09:50:14.421+0000] {logging_mixin.py:137} INFO - [2024-04-06T09:50:14.420+0000] {dag.py:2690} INFO - Sync 1 DAGs
[2024-04-06T09:50:14.492+0000] {logging_mixin.py:137} INFO - [2024-04-06T09:50:14.491+0000] {dag.py:3441} INFO - Setting next_dagrun for example_sla_dag to 2024-04-06T09:48:00+00:00, run_after=2024-04-06T09:50:00+00:00
[2024-04-06T09:50:14.553+0000] {processor.py:175} INFO - Processing /home/airflow/.local/lib/python3.7/site-packages/airflow/example_dags/example_sla_dag.py took 0.234 seconds
[2024-04-06T09:50:45.754+0000] {processor.py:153} INFO - Started process (PID=135) to work on /home/airflow/.local/lib/python3.7/site-packages/airflow/example_dags/example_sla_dag.py
[2024-04-06T09:50:45.755+0000] {processor.py:743} INFO - Processing file /home/airflow/.local/lib/python3.7/site-packages/airflow/example_dags/example_sla_dag.py for tasks to queue
[2024-04-06T09:50:45.756+0000] {logging_mixin.py:137} INFO - [2024-04-06T09:50:45.756+0000] {dagbag.py:538} INFO - Filling up the DagBag from /home/airflow/.local/lib/python3.7/site-packages/airflow/example_dags/example_sla_dag.py
[2024-04-06T09:50:45.788+0000] {processor.py:753} INFO - DAG(s) dict_keys(['example_sla_dag']) retrieved from /home/airflow/.local/lib/python3.7/site-packages/airflow/example_dags/example_sla_dag.py
[2024-04-06T09:50:45.818+0000] {logging_mixin.py:137} INFO - [2024-04-06T09:50:45.817+0000] {dag.py:2690} INFO - Sync 1 DAGs
[2024-04-06T09:50:45.857+0000] {logging_mixin.py:137} INFO - [2024-04-06T09:50:45.856+0000] {dag.py:3441} INFO - Setting next_dagrun for example_sla_dag to 2024-04-06T09:48:00+00:00, run_after=2024-04-06T09:50:00+00:00
[2024-04-06T09:50:45.886+0000] {processor.py:175} INFO - Processing /home/airflow/.local/lib/python3.7/site-packages/airflow/example_dags/example_sla_dag.py took 0.136 seconds
[2024-04-06T09:51:16.507+0000] {processor.py:153} INFO - Started process (PID=224) to work on /home/airflow/.local/lib/python3.7/site-packages/airflow/example_dags/example_sla_dag.py
[2024-04-06T09:51:16.508+0000] {processor.py:743} INFO - Processing file /home/airflow/.local/lib/python3.7/site-packages/airflow/example_dags/example_sla_dag.py for tasks to queue
[2024-04-06T09:51:16.509+0000] {logging_mixin.py:137} INFO - [2024-04-06T09:51:16.509+0000] {dagbag.py:538} INFO - Filling up the DagBag from /home/airflow/.local/lib/python3.7/site-packages/airflow/example_dags/example_sla_dag.py
[2024-04-06T09:51:16.529+0000] {processor.py:753} INFO - DAG(s) dict_keys(['example_sla_dag']) retrieved from /home/airflow/.local/lib/python3.7/site-packages/airflow/example_dags/example_sla_dag.py
[2024-04-06T09:51:16.554+0000] {logging_mixin.py:137} INFO - [2024-04-06T09:51:16.554+0000] {dag.py:2690} INFO - Sync 1 DAGs
[2024-04-06T09:51:16.582+0000] {logging_mixin.py:137} INFO - [2024-04-06T09:51:16.582+0000] {dag.py:3441} INFO - Setting next_dagrun for example_sla_dag to 2024-04-06T09:48:00+00:00, run_after=2024-04-06T09:50:00+00:00
[2024-04-06T09:51:16.602+0000] {processor.py:175} INFO - Processing /home/airflow/.local/lib/python3.7/site-packages/airflow/example_dags/example_sla_dag.py took 0.097 seconds
[2024-04-06T09:58:25.113+0000] {processor.py:153} INFO - Started process (PID=80) to work on /home/airflow/.local/lib/python3.7/site-packages/airflow/example_dags/example_sla_dag.py
[2024-04-06T09:58:25.114+0000] {processor.py:743} INFO - Processing file /home/airflow/.local/lib/python3.7/site-packages/airflow/example_dags/example_sla_dag.py for tasks to queue
[2024-04-06T09:58:25.115+0000] {logging_mixin.py:137} INFO - [2024-04-06T09:58:25.115+0000] {dagbag.py:538} INFO - Filling up the DagBag from /home/airflow/.local/lib/python3.7/site-packages/airflow/example_dags/example_sla_dag.py
[2024-04-06T09:58:25.154+0000] {processor.py:753} INFO - DAG(s) dict_keys(['example_sla_dag']) retrieved from /home/airflow/.local/lib/python3.7/site-packages/airflow/example_dags/example_sla_dag.py
[2024-04-06T09:58:25.174+0000] {logging_mixin.py:137} INFO - [2024-04-06T09:58:25.173+0000] {dag.py:2690} INFO - Sync 1 DAGs
[2024-04-06T09:58:25.216+0000] {logging_mixin.py:137} INFO - [2024-04-06T09:58:25.216+0000] {dag.py:3441} INFO - Setting next_dagrun for example_sla_dag to 2024-04-06T09:56:00+00:00, run_after=2024-04-06T09:58:00+00:00
[2024-04-06T09:58:25.237+0000] {processor.py:175} INFO - Processing /home/airflow/.local/lib/python3.7/site-packages/airflow/example_dags/example_sla_dag.py took 0.128 seconds
[2024-04-06T09:58:56.092+0000] {processor.py:153} INFO - Started process (PID=152) to work on /home/airflow/.local/lib/python3.7/site-packages/airflow/example_dags/example_sla_dag.py
[2024-04-06T09:58:56.093+0000] {processor.py:743} INFO - Processing file /home/airflow/.local/lib/python3.7/site-packages/airflow/example_dags/example_sla_dag.py for tasks to queue
[2024-04-06T09:58:56.093+0000] {logging_mixin.py:137} INFO - [2024-04-06T09:58:56.093+0000] {dagbag.py:538} INFO - Filling up the DagBag from /home/airflow/.local/lib/python3.7/site-packages/airflow/example_dags/example_sla_dag.py
[2024-04-06T09:58:56.117+0000] {processor.py:753} INFO - DAG(s) dict_keys(['example_sla_dag']) retrieved from /home/airflow/.local/lib/python3.7/site-packages/airflow/example_dags/example_sla_dag.py
[2024-04-06T09:58:56.129+0000] {logging_mixin.py:137} INFO - [2024-04-06T09:58:56.129+0000] {dag.py:2690} INFO - Sync 1 DAGs
[2024-04-06T09:58:56.165+0000] {logging_mixin.py:137} INFO - [2024-04-06T09:58:56.165+0000] {dag.py:3441} INFO - Setting next_dagrun for example_sla_dag to 2024-04-06T09:56:00+00:00, run_after=2024-04-06T09:58:00+00:00
[2024-04-06T09:58:56.187+0000] {processor.py:175} INFO - Processing /home/airflow/.local/lib/python3.7/site-packages/airflow/example_dags/example_sla_dag.py took 0.099 seconds
[2024-04-06T09:59:26.872+0000] {processor.py:153} INFO - Started process (PID=225) to work on /home/airflow/.local/lib/python3.7/site-packages/airflow/example_dags/example_sla_dag.py
[2024-04-06T09:59:26.882+0000] {processor.py:743} INFO - Processing file /home/airflow/.local/lib/python3.7/site-packages/airflow/example_dags/example_sla_dag.py for tasks to queue
[2024-04-06T09:59:26.883+0000] {logging_mixin.py:137} INFO - [2024-04-06T09:59:26.883+0000] {dagbag.py:538} INFO - Filling up the DagBag from /home/airflow/.local/lib/python3.7/site-packages/airflow/example_dags/example_sla_dag.py
[2024-04-06T09:59:26.919+0000] {processor.py:753} INFO - DAG(s) dict_keys(['example_sla_dag']) retrieved from /home/airflow/.local/lib/python3.7/site-packages/airflow/example_dags/example_sla_dag.py
[2024-04-06T09:59:26.947+0000] {logging_mixin.py:137} INFO - [2024-04-06T09:59:26.946+0000] {dag.py:2690} INFO - Sync 1 DAGs
[2024-04-06T09:59:26.985+0000] {logging_mixin.py:137} INFO - [2024-04-06T09:59:26.985+0000] {dag.py:3441} INFO - Setting next_dagrun for example_sla_dag to 2024-04-06T09:56:00+00:00, run_after=2024-04-06T09:58:00+00:00
[2024-04-06T09:59:27.005+0000] {processor.py:175} INFO - Processing /home/airflow/.local/lib/python3.7/site-packages/airflow/example_dags/example_sla_dag.py took 0.137 seconds
[2024-04-06T09:59:57.697+0000] {processor.py:153} INFO - Started process (PID=296) to work on /home/airflow/.local/lib/python3.7/site-packages/airflow/example_dags/example_sla_dag.py
[2024-04-06T09:59:57.698+0000] {processor.py:743} INFO - Processing file /home/airflow/.local/lib/python3.7/site-packages/airflow/example_dags/example_sla_dag.py for tasks to queue
[2024-04-06T09:59:57.699+0000] {logging_mixin.py:137} INFO - [2024-04-06T09:59:57.699+0000] {dagbag.py:538} INFO - Filling up the DagBag from /home/airflow/.local/lib/python3.7/site-packages/airflow/example_dags/example_sla_dag.py
[2024-04-06T09:59:57.738+0000] {processor.py:753} INFO - DAG(s) dict_keys(['example_sla_dag']) retrieved from /home/airflow/.local/lib/python3.7/site-packages/airflow/example_dags/example_sla_dag.py
[2024-04-06T09:59:57.776+0000] {logging_mixin.py:137} INFO - [2024-04-06T09:59:57.776+0000] {dag.py:2690} INFO - Sync 1 DAGs
[2024-04-06T09:59:57.824+0000] {logging_mixin.py:137} INFO - [2024-04-06T09:59:57.824+0000] {dag.py:3441} INFO - Setting next_dagrun for example_sla_dag to 2024-04-06T09:56:00+00:00, run_after=2024-04-06T09:58:00+00:00
[2024-04-06T09:59:57.856+0000] {processor.py:175} INFO - Processing /home/airflow/.local/lib/python3.7/site-packages/airflow/example_dags/example_sla_dag.py took 0.162 seconds
[2024-04-06T10:00:27.962+0000] {processor.py:153} INFO - Started process (PID=368) to work on /home/airflow/.local/lib/python3.7/site-packages/airflow/example_dags/example_sla_dag.py
[2024-04-06T10:00:27.964+0000] {processor.py:743} INFO - Processing file /home/airflow/.local/lib/python3.7/site-packages/airflow/example_dags/example_sla_dag.py for tasks to queue
[2024-04-06T10:00:27.965+0000] {logging_mixin.py:137} INFO - [2024-04-06T10:00:27.964+0000] {dagbag.py:538} INFO - Filling up the DagBag from /home/airflow/.local/lib/python3.7/site-packages/airflow/example_dags/example_sla_dag.py
[2024-04-06T10:00:28.003+0000] {processor.py:753} INFO - DAG(s) dict_keys(['example_sla_dag']) retrieved from /home/airflow/.local/lib/python3.7/site-packages/airflow/example_dags/example_sla_dag.py
[2024-04-06T10:00:28.039+0000] {logging_mixin.py:137} INFO - [2024-04-06T10:00:28.038+0000] {dag.py:2690} INFO - Sync 1 DAGs
[2024-04-06T10:00:28.077+0000] {logging_mixin.py:137} INFO - [2024-04-06T10:00:28.076+0000] {dag.py:3441} INFO - Setting next_dagrun for example_sla_dag to 2024-04-06T09:58:00+00:00, run_after=2024-04-06T10:00:00+00:00
[2024-04-06T10:00:28.099+0000] {processor.py:175} INFO - Processing /home/airflow/.local/lib/python3.7/site-packages/airflow/example_dags/example_sla_dag.py took 0.141 seconds
[2024-04-06T10:00:58.645+0000] {processor.py:153} INFO - Started process (PID=456) to work on /home/airflow/.local/lib/python3.7/site-packages/airflow/example_dags/example_sla_dag.py
[2024-04-06T10:00:58.646+0000] {processor.py:743} INFO - Processing file /home/airflow/.local/lib/python3.7/site-packages/airflow/example_dags/example_sla_dag.py for tasks to queue
[2024-04-06T10:00:58.646+0000] {logging_mixin.py:137} INFO - [2024-04-06T10:00:58.646+0000] {dagbag.py:538} INFO - Filling up the DagBag from /home/airflow/.local/lib/python3.7/site-packages/airflow/example_dags/example_sla_dag.py
[2024-04-06T10:00:58.667+0000] {processor.py:753} INFO - DAG(s) dict_keys(['example_sla_dag']) retrieved from /home/airflow/.local/lib/python3.7/site-packages/airflow/example_dags/example_sla_dag.py
[2024-04-06T10:00:58.687+0000] {logging_mixin.py:137} INFO - [2024-04-06T10:00:58.687+0000] {dag.py:2690} INFO - Sync 1 DAGs
[2024-04-06T10:00:58.711+0000] {logging_mixin.py:137} INFO - [2024-04-06T10:00:58.711+0000] {dag.py:3441} INFO - Setting next_dagrun for example_sla_dag to 2024-04-06T09:58:00+00:00, run_after=2024-04-06T10:00:00+00:00
[2024-04-06T10:00:58.727+0000] {processor.py:175} INFO - Processing /home/airflow/.local/lib/python3.7/site-packages/airflow/example_dags/example_sla_dag.py took 0.085 seconds
[2024-04-06T10:01:28.976+0000] {processor.py:153} INFO - Started process (PID=528) to work on /home/airflow/.local/lib/python3.7/site-packages/airflow/example_dags/example_sla_dag.py
[2024-04-06T10:01:28.977+0000] {processor.py:743} INFO - Processing file /home/airflow/.local/lib/python3.7/site-packages/airflow/example_dags/example_sla_dag.py for tasks to queue
[2024-04-06T10:01:28.978+0000] {logging_mixin.py:137} INFO - [2024-04-06T10:01:28.978+0000] {dagbag.py:538} INFO - Filling up the DagBag from /home/airflow/.local/lib/python3.7/site-packages/airflow/example_dags/example_sla_dag.py
[2024-04-06T10:01:28.997+0000] {processor.py:753} INFO - DAG(s) dict_keys(['example_sla_dag']) retrieved from /home/airflow/.local/lib/python3.7/site-packages/airflow/example_dags/example_sla_dag.py
[2024-04-06T10:01:29.022+0000] {logging_mixin.py:137} INFO - [2024-04-06T10:01:29.022+0000] {dag.py:2690} INFO - Sync 1 DAGs
[2024-04-06T10:01:29.048+0000] {logging_mixin.py:137} INFO - [2024-04-06T10:01:29.048+0000] {dag.py:3441} INFO - Setting next_dagrun for example_sla_dag to 2024-04-06T09:58:00+00:00, run_after=2024-04-06T10:00:00+00:00
[2024-04-06T10:01:29.065+0000] {processor.py:175} INFO - Processing /home/airflow/.local/lib/python3.7/site-packages/airflow/example_dags/example_sla_dag.py took 0.091 seconds
[2024-04-06T10:01:59.388+0000] {processor.py:153} INFO - Started process (PID=616) to work on /home/airflow/.local/lib/python3.7/site-packages/airflow/example_dags/example_sla_dag.py
[2024-04-06T10:01:59.389+0000] {processor.py:743} INFO - Processing file /home/airflow/.local/lib/python3.7/site-packages/airflow/example_dags/example_sla_dag.py for tasks to queue
[2024-04-06T10:01:59.390+0000] {logging_mixin.py:137} INFO - [2024-04-06T10:01:59.389+0000] {dagbag.py:538} INFO - Filling up the DagBag from /home/airflow/.local/lib/python3.7/site-packages/airflow/example_dags/example_sla_dag.py
[2024-04-06T10:01:59.408+0000] {processor.py:753} INFO - DAG(s) dict_keys(['example_sla_dag']) retrieved from /home/airflow/.local/lib/python3.7/site-packages/airflow/example_dags/example_sla_dag.py
[2024-04-06T10:01:59.428+0000] {logging_mixin.py:137} INFO - [2024-04-06T10:01:59.428+0000] {dag.py:2690} INFO - Sync 1 DAGs
[2024-04-06T10:01:59.451+0000] {logging_mixin.py:137} INFO - [2024-04-06T10:01:59.451+0000] {dag.py:3441} INFO - Setting next_dagrun for example_sla_dag to 2024-04-06T09:58:00+00:00, run_after=2024-04-06T10:00:00+00:00
[2024-04-06T10:01:59.469+0000] {processor.py:175} INFO - Processing /home/airflow/.local/lib/python3.7/site-packages/airflow/example_dags/example_sla_dag.py took 0.083 seconds
[2024-04-06T10:02:29.954+0000] {processor.py:153} INFO - Started process (PID=697) to work on /home/airflow/.local/lib/python3.7/site-packages/airflow/example_dags/example_sla_dag.py
[2024-04-06T10:02:29.955+0000] {processor.py:743} INFO - Processing file /home/airflow/.local/lib/python3.7/site-packages/airflow/example_dags/example_sla_dag.py for tasks to queue
[2024-04-06T10:02:29.955+0000] {logging_mixin.py:137} INFO - [2024-04-06T10:02:29.955+0000] {dagbag.py:538} INFO - Filling up the DagBag from /home/airflow/.local/lib/python3.7/site-packages/airflow/example_dags/example_sla_dag.py
[2024-04-06T10:02:29.977+0000] {processor.py:753} INFO - DAG(s) dict_keys(['example_sla_dag']) retrieved from /home/airflow/.local/lib/python3.7/site-packages/airflow/example_dags/example_sla_dag.py
[2024-04-06T10:02:30.001+0000] {logging_mixin.py:137} INFO - [2024-04-06T10:02:30.001+0000] {dag.py:2690} INFO - Sync 1 DAGs
[2024-04-06T10:02:30.037+0000] {logging_mixin.py:137} INFO - [2024-04-06T10:02:30.037+0000] {dag.py:3441} INFO - Setting next_dagrun for example_sla_dag to 2024-04-06T10:00:00+00:00, run_after=2024-04-06T10:02:00+00:00
[2024-04-06T10:02:30.060+0000] {processor.py:175} INFO - Processing /home/airflow/.local/lib/python3.7/site-packages/airflow/example_dags/example_sla_dag.py took 0.110 seconds
[2024-04-06T10:03:00.408+0000] {processor.py:153} INFO - Started process (PID=776) to work on /home/airflow/.local/lib/python3.7/site-packages/airflow/example_dags/example_sla_dag.py
[2024-04-06T10:03:00.409+0000] {processor.py:743} INFO - Processing file /home/airflow/.local/lib/python3.7/site-packages/airflow/example_dags/example_sla_dag.py for tasks to queue
[2024-04-06T10:03:00.410+0000] {logging_mixin.py:137} INFO - [2024-04-06T10:03:00.409+0000] {dagbag.py:538} INFO - Filling up the DagBag from /home/airflow/.local/lib/python3.7/site-packages/airflow/example_dags/example_sla_dag.py
[2024-04-06T10:03:00.427+0000] {processor.py:753} INFO - DAG(s) dict_keys(['example_sla_dag']) retrieved from /home/airflow/.local/lib/python3.7/site-packages/airflow/example_dags/example_sla_dag.py
[2024-04-06T10:03:00.450+0000] {logging_mixin.py:137} INFO - [2024-04-06T10:03:00.450+0000] {dag.py:2690} INFO - Sync 1 DAGs
[2024-04-06T10:03:00.474+0000] {logging_mixin.py:137} INFO - [2024-04-06T10:03:00.474+0000] {dag.py:3441} INFO - Setting next_dagrun for example_sla_dag to 2024-04-06T10:00:00+00:00, run_after=2024-04-06T10:02:00+00:00
[2024-04-06T10:03:00.490+0000] {processor.py:175} INFO - Processing /home/airflow/.local/lib/python3.7/site-packages/airflow/example_dags/example_sla_dag.py took 0.084 seconds
[2024-04-06T10:03:30.746+0000] {processor.py:153} INFO - Started process (PID=865) to work on /home/airflow/.local/lib/python3.7/site-packages/airflow/example_dags/example_sla_dag.py
[2024-04-06T10:03:30.747+0000] {processor.py:743} INFO - Processing file /home/airflow/.local/lib/python3.7/site-packages/airflow/example_dags/example_sla_dag.py for tasks to queue
[2024-04-06T10:03:30.748+0000] {logging_mixin.py:137} INFO - [2024-04-06T10:03:30.747+0000] {dagbag.py:538} INFO - Filling up the DagBag from /home/airflow/.local/lib/python3.7/site-packages/airflow/example_dags/example_sla_dag.py
[2024-04-06T10:03:30.766+0000] {processor.py:753} INFO - DAG(s) dict_keys(['example_sla_dag']) retrieved from /home/airflow/.local/lib/python3.7/site-packages/airflow/example_dags/example_sla_dag.py
[2024-04-06T10:03:30.786+0000] {logging_mixin.py:137} INFO - [2024-04-06T10:03:30.786+0000] {dag.py:2690} INFO - Sync 1 DAGs
[2024-04-06T10:03:30.810+0000] {logging_mixin.py:137} INFO - [2024-04-06T10:03:30.810+0000] {dag.py:3441} INFO - Setting next_dagrun for example_sla_dag to 2024-04-06T10:00:00+00:00, run_after=2024-04-06T10:02:00+00:00
[2024-04-06T10:03:30.827+0000] {processor.py:175} INFO - Processing /home/airflow/.local/lib/python3.7/site-packages/airflow/example_dags/example_sla_dag.py took 0.083 seconds
[2024-04-06T10:04:01.397+0000] {processor.py:153} INFO - Started process (PID=936) to work on /home/airflow/.local/lib/python3.7/site-packages/airflow/example_dags/example_sla_dag.py
[2024-04-06T10:04:01.398+0000] {processor.py:743} INFO - Processing file /home/airflow/.local/lib/python3.7/site-packages/airflow/example_dags/example_sla_dag.py for tasks to queue
[2024-04-06T10:04:01.398+0000] {logging_mixin.py:137} INFO - [2024-04-06T10:04:01.398+0000] {dagbag.py:538} INFO - Filling up the DagBag from /home/airflow/.local/lib/python3.7/site-packages/airflow/example_dags/example_sla_dag.py
[2024-04-06T10:04:01.423+0000] {processor.py:753} INFO - DAG(s) dict_keys(['example_sla_dag']) retrieved from /home/airflow/.local/lib/python3.7/site-packages/airflow/example_dags/example_sla_dag.py
[2024-04-06T10:04:01.452+0000] {logging_mixin.py:137} INFO - [2024-04-06T10:04:01.452+0000] {dag.py:2690} INFO - Sync 1 DAGs
[2024-04-06T10:04:01.482+0000] {logging_mixin.py:137} INFO - [2024-04-06T10:04:01.482+0000] {dag.py:3441} INFO - Setting next_dagrun for example_sla_dag to 2024-04-06T10:02:00+00:00, run_after=2024-04-06T10:04:00+00:00
[2024-04-06T10:04:01.504+0000] {processor.py:175} INFO - Processing /home/airflow/.local/lib/python3.7/site-packages/airflow/example_dags/example_sla_dag.py took 0.110 seconds
[2024-04-06T10:04:31.918+0000] {processor.py:153} INFO - Started process (PID=1024) to work on /home/airflow/.local/lib/python3.7/site-packages/airflow/example_dags/example_sla_dag.py
[2024-04-06T10:04:31.919+0000] {processor.py:743} INFO - Processing file /home/airflow/.local/lib/python3.7/site-packages/airflow/example_dags/example_sla_dag.py for tasks to queue
[2024-04-06T10:04:31.919+0000] {logging_mixin.py:137} INFO - [2024-04-06T10:04:31.919+0000] {dagbag.py:538} INFO - Filling up the DagBag from /home/airflow/.local/lib/python3.7/site-packages/airflow/example_dags/example_sla_dag.py
[2024-04-06T10:04:31.940+0000] {processor.py:753} INFO - DAG(s) dict_keys(['example_sla_dag']) retrieved from /home/airflow/.local/lib/python3.7/site-packages/airflow/example_dags/example_sla_dag.py
[2024-04-06T10:04:31.966+0000] {logging_mixin.py:137} INFO - [2024-04-06T10:04:31.966+0000] {dag.py:2690} INFO - Sync 1 DAGs
[2024-04-06T10:04:31.994+0000] {logging_mixin.py:137} INFO - [2024-04-06T10:04:31.994+0000] {dag.py:3441} INFO - Setting next_dagrun for example_sla_dag to 2024-04-06T10:02:00+00:00, run_after=2024-04-06T10:04:00+00:00
[2024-04-06T10:04:32.012+0000] {processor.py:175} INFO - Processing /home/airflow/.local/lib/python3.7/site-packages/airflow/example_dags/example_sla_dag.py took 0.096 seconds
[2024-04-06T10:05:02.831+0000] {processor.py:153} INFO - Started process (PID=1096) to work on /home/airflow/.local/lib/python3.7/site-packages/airflow/example_dags/example_sla_dag.py
[2024-04-06T10:05:02.832+0000] {processor.py:743} INFO - Processing file /home/airflow/.local/lib/python3.7/site-packages/airflow/example_dags/example_sla_dag.py for tasks to queue
[2024-04-06T10:05:02.833+0000] {logging_mixin.py:137} INFO - [2024-04-06T10:05:02.833+0000] {dagbag.py:538} INFO - Filling up the DagBag from /home/airflow/.local/lib/python3.7/site-packages/airflow/example_dags/example_sla_dag.py
[2024-04-06T10:05:02.857+0000] {processor.py:753} INFO - DAG(s) dict_keys(['example_sla_dag']) retrieved from /home/airflow/.local/lib/python3.7/site-packages/airflow/example_dags/example_sla_dag.py
[2024-04-06T10:05:02.885+0000] {logging_mixin.py:137} INFO - [2024-04-06T10:05:02.884+0000] {dag.py:2690} INFO - Sync 1 DAGs
[2024-04-06T10:05:02.922+0000] {logging_mixin.py:137} INFO - [2024-04-06T10:05:02.921+0000] {dag.py:3441} INFO - Setting next_dagrun for example_sla_dag to 2024-04-06T10:02:00+00:00, run_after=2024-04-06T10:04:00+00:00
[2024-04-06T10:05:02.944+0000] {processor.py:175} INFO - Processing /home/airflow/.local/lib/python3.7/site-packages/airflow/example_dags/example_sla_dag.py took 0.116 seconds
[2024-04-06T10:05:33.725+0000] {processor.py:153} INFO - Started process (PID=1184) to work on /home/airflow/.local/lib/python3.7/site-packages/airflow/example_dags/example_sla_dag.py
[2024-04-06T10:05:33.726+0000] {processor.py:743} INFO - Processing file /home/airflow/.local/lib/python3.7/site-packages/airflow/example_dags/example_sla_dag.py for tasks to queue
[2024-04-06T10:05:33.726+0000] {logging_mixin.py:137} INFO - [2024-04-06T10:05:33.726+0000] {dagbag.py:538} INFO - Filling up the DagBag from /home/airflow/.local/lib/python3.7/site-packages/airflow/example_dags/example_sla_dag.py
[2024-04-06T10:05:33.749+0000] {processor.py:753} INFO - DAG(s) dict_keys(['example_sla_dag']) retrieved from /home/airflow/.local/lib/python3.7/site-packages/airflow/example_dags/example_sla_dag.py
[2024-04-06T10:05:33.775+0000] {logging_mixin.py:137} INFO - [2024-04-06T10:05:33.774+0000] {dag.py:2690} INFO - Sync 1 DAGs
[2024-04-06T10:05:33.803+0000] {logging_mixin.py:137} INFO - [2024-04-06T10:05:33.803+0000] {dag.py:3441} INFO - Setting next_dagrun for example_sla_dag to 2024-04-06T10:02:00+00:00, run_after=2024-04-06T10:04:00+00:00
[2024-04-06T10:05:33.822+0000] {processor.py:175} INFO - Processing /home/airflow/.local/lib/python3.7/site-packages/airflow/example_dags/example_sla_dag.py took 0.100 seconds
[2024-04-06T10:06:06.124+0000] {processor.py:153} INFO - Started process (PID=1256) to work on /home/airflow/.local/lib/python3.7/site-packages/airflow/example_dags/example_sla_dag.py
[2024-04-06T10:06:06.126+0000] {processor.py:743} INFO - Processing file /home/airflow/.local/lib/python3.7/site-packages/airflow/example_dags/example_sla_dag.py for tasks to queue
[2024-04-06T10:06:06.127+0000] {logging_mixin.py:137} INFO - [2024-04-06T10:06:06.127+0000] {dagbag.py:538} INFO - Filling up the DagBag from /home/airflow/.local/lib/python3.7/site-packages/airflow/example_dags/example_sla_dag.py
[2024-04-06T10:06:06.173+0000] {processor.py:753} INFO - DAG(s) dict_keys(['example_sla_dag']) retrieved from /home/airflow/.local/lib/python3.7/site-packages/airflow/example_dags/example_sla_dag.py
[2024-04-06T10:06:06.220+0000] {logging_mixin.py:137} INFO - [2024-04-06T10:06:06.219+0000] {dag.py:2690} INFO - Sync 1 DAGs
[2024-04-06T10:06:06.276+0000] {logging_mixin.py:137} INFO - [2024-04-06T10:06:06.276+0000] {dag.py:3441} INFO - Setting next_dagrun for example_sla_dag to 2024-04-06T10:04:00+00:00, run_after=2024-04-06T10:06:00+00:00
[2024-04-06T10:06:06.311+0000] {processor.py:175} INFO - Processing /home/airflow/.local/lib/python3.7/site-packages/airflow/example_dags/example_sla_dag.py took 0.192 seconds
[2024-04-06T10:06:36.535+0000] {processor.py:153} INFO - Started process (PID=1336) to work on /home/airflow/.local/lib/python3.7/site-packages/airflow/example_dags/example_sla_dag.py
[2024-04-06T10:06:36.537+0000] {processor.py:743} INFO - Processing file /home/airflow/.local/lib/python3.7/site-packages/airflow/example_dags/example_sla_dag.py for tasks to queue
[2024-04-06T10:06:36.538+0000] {logging_mixin.py:137} INFO - [2024-04-06T10:06:36.538+0000] {dagbag.py:538} INFO - Filling up the DagBag from /home/airflow/.local/lib/python3.7/site-packages/airflow/example_dags/example_sla_dag.py
[2024-04-06T10:06:36.611+0000] {processor.py:753} INFO - DAG(s) dict_keys(['example_sla_dag']) retrieved from /home/airflow/.local/lib/python3.7/site-packages/airflow/example_dags/example_sla_dag.py
[2024-04-06T10:06:36.682+0000] {logging_mixin.py:137} INFO - [2024-04-06T10:06:36.682+0000] {dag.py:2690} INFO - Sync 1 DAGs
[2024-04-06T10:06:36.767+0000] {logging_mixin.py:137} INFO - [2024-04-06T10:06:36.767+0000] {dag.py:3441} INFO - Setting next_dagrun for example_sla_dag to 2024-04-06T10:04:00+00:00, run_after=2024-04-06T10:06:00+00:00
[2024-04-06T10:06:36.804+0000] {processor.py:175} INFO - Processing /home/airflow/.local/lib/python3.7/site-packages/airflow/example_dags/example_sla_dag.py took 0.277 seconds
[2024-04-06T10:07:07.053+0000] {processor.py:153} INFO - Started process (PID=1409) to work on /home/airflow/.local/lib/python3.7/site-packages/airflow/example_dags/example_sla_dag.py
[2024-04-06T10:07:07.054+0000] {processor.py:743} INFO - Processing file /home/airflow/.local/lib/python3.7/site-packages/airflow/example_dags/example_sla_dag.py for tasks to queue
[2024-04-06T10:07:07.055+0000] {logging_mixin.py:137} INFO - [2024-04-06T10:07:07.055+0000] {dagbag.py:538} INFO - Filling up the DagBag from /home/airflow/.local/lib/python3.7/site-packages/airflow/example_dags/example_sla_dag.py
[2024-04-06T10:07:07.106+0000] {processor.py:753} INFO - DAG(s) dict_keys(['example_sla_dag']) retrieved from /home/airflow/.local/lib/python3.7/site-packages/airflow/example_dags/example_sla_dag.py
[2024-04-06T10:07:07.168+0000] {logging_mixin.py:137} INFO - [2024-04-06T10:07:07.168+0000] {dag.py:2690} INFO - Sync 1 DAGs
[2024-04-06T10:07:07.253+0000] {logging_mixin.py:137} INFO - [2024-04-06T10:07:07.253+0000] {dag.py:3441} INFO - Setting next_dagrun for example_sla_dag to 2024-04-06T10:04:00+00:00, run_after=2024-04-06T10:06:00+00:00
[2024-04-06T10:07:07.294+0000] {processor.py:175} INFO - Processing /home/airflow/.local/lib/python3.7/site-packages/airflow/example_dags/example_sla_dag.py took 0.246 seconds
[2024-04-06T10:07:37.907+0000] {processor.py:153} INFO - Started process (PID=1481) to work on /home/airflow/.local/lib/python3.7/site-packages/airflow/example_dags/example_sla_dag.py
[2024-04-06T10:07:37.909+0000] {processor.py:743} INFO - Processing file /home/airflow/.local/lib/python3.7/site-packages/airflow/example_dags/example_sla_dag.py for tasks to queue
[2024-04-06T10:07:37.910+0000] {logging_mixin.py:137} INFO - [2024-04-06T10:07:37.910+0000] {dagbag.py:538} INFO - Filling up the DagBag from /home/airflow/.local/lib/python3.7/site-packages/airflow/example_dags/example_sla_dag.py
[2024-04-06T10:07:37.976+0000] {processor.py:753} INFO - DAG(s) dict_keys(['example_sla_dag']) retrieved from /home/airflow/.local/lib/python3.7/site-packages/airflow/example_dags/example_sla_dag.py
[2024-04-06T10:07:38.037+0000] {logging_mixin.py:137} INFO - [2024-04-06T10:07:38.037+0000] {dag.py:2690} INFO - Sync 1 DAGs
[2024-04-06T10:07:38.110+0000] {logging_mixin.py:137} INFO - [2024-04-06T10:07:38.110+0000] {dag.py:3441} INFO - Setting next_dagrun for example_sla_dag to 2024-04-06T10:04:00+00:00, run_after=2024-04-06T10:06:00+00:00
[2024-04-06T10:07:38.144+0000] {processor.py:175} INFO - Processing /home/airflow/.local/lib/python3.7/site-packages/airflow/example_dags/example_sla_dag.py took 0.245 seconds
[2024-04-06T10:08:08.862+0000] {processor.py:153} INFO - Started process (PID=1560) to work on /home/airflow/.local/lib/python3.7/site-packages/airflow/example_dags/example_sla_dag.py
[2024-04-06T10:08:08.863+0000] {processor.py:743} INFO - Processing file /home/airflow/.local/lib/python3.7/site-packages/airflow/example_dags/example_sla_dag.py for tasks to queue
[2024-04-06T10:08:08.864+0000] {logging_mixin.py:137} INFO - [2024-04-06T10:08:08.864+0000] {dagbag.py:538} INFO - Filling up the DagBag from /home/airflow/.local/lib/python3.7/site-packages/airflow/example_dags/example_sla_dag.py
[2024-04-06T10:08:08.908+0000] {processor.py:753} INFO - DAG(s) dict_keys(['example_sla_dag']) retrieved from /home/airflow/.local/lib/python3.7/site-packages/airflow/example_dags/example_sla_dag.py
[2024-04-06T10:08:08.953+0000] {logging_mixin.py:137} INFO - [2024-04-06T10:08:08.953+0000] {dag.py:2690} INFO - Sync 1 DAGs
[2024-04-06T10:08:09.007+0000] {logging_mixin.py:137} INFO - [2024-04-06T10:08:09.007+0000] {dag.py:3441} INFO - Setting next_dagrun for example_sla_dag to 2024-04-06T10:06:00+00:00, run_after=2024-04-06T10:08:00+00:00
[2024-04-06T10:08:09.042+0000] {processor.py:175} INFO - Processing /home/airflow/.local/lib/python3.7/site-packages/airflow/example_dags/example_sla_dag.py took 0.185 seconds
[2024-04-06T10:08:39.277+0000] {processor.py:153} INFO - Started process (PID=1632) to work on /home/airflow/.local/lib/python3.7/site-packages/airflow/example_dags/example_sla_dag.py
[2024-04-06T10:08:39.279+0000] {processor.py:743} INFO - Processing file /home/airflow/.local/lib/python3.7/site-packages/airflow/example_dags/example_sla_dag.py for tasks to queue
[2024-04-06T10:08:39.280+0000] {logging_mixin.py:137} INFO - [2024-04-06T10:08:39.280+0000] {dagbag.py:538} INFO - Filling up the DagBag from /home/airflow/.local/lib/python3.7/site-packages/airflow/example_dags/example_sla_dag.py
[2024-04-06T10:08:39.333+0000] {processor.py:753} INFO - DAG(s) dict_keys(['example_sla_dag']) retrieved from /home/airflow/.local/lib/python3.7/site-packages/airflow/example_dags/example_sla_dag.py
[2024-04-06T10:08:39.386+0000] {logging_mixin.py:137} INFO - [2024-04-06T10:08:39.386+0000] {dag.py:2690} INFO - Sync 1 DAGs
[2024-04-06T10:08:39.446+0000] {logging_mixin.py:137} INFO - [2024-04-06T10:08:39.445+0000] {dag.py:3441} INFO - Setting next_dagrun for example_sla_dag to 2024-04-06T10:06:00+00:00, run_after=2024-04-06T10:08:00+00:00
[2024-04-06T10:08:39.485+0000] {processor.py:175} INFO - Processing /home/airflow/.local/lib/python3.7/site-packages/airflow/example_dags/example_sla_dag.py took 0.214 seconds
[2024-04-06T10:09:10.320+0000] {processor.py:153} INFO - Started process (PID=1704) to work on /home/airflow/.local/lib/python3.7/site-packages/airflow/example_dags/example_sla_dag.py
[2024-04-06T10:09:10.321+0000] {processor.py:743} INFO - Processing file /home/airflow/.local/lib/python3.7/site-packages/airflow/example_dags/example_sla_dag.py for tasks to queue
[2024-04-06T10:09:10.323+0000] {logging_mixin.py:137} INFO - [2024-04-06T10:09:10.322+0000] {dagbag.py:538} INFO - Filling up the DagBag from /home/airflow/.local/lib/python3.7/site-packages/airflow/example_dags/example_sla_dag.py
[2024-04-06T10:09:10.369+0000] {processor.py:753} INFO - DAG(s) dict_keys(['example_sla_dag']) retrieved from /home/airflow/.local/lib/python3.7/site-packages/airflow/example_dags/example_sla_dag.py
[2024-04-06T10:09:10.414+0000] {logging_mixin.py:137} INFO - [2024-04-06T10:09:10.414+0000] {dag.py:2690} INFO - Sync 1 DAGs
[2024-04-06T10:09:10.469+0000] {logging_mixin.py:137} INFO - [2024-04-06T10:09:10.469+0000] {dag.py:3441} INFO - Setting next_dagrun for example_sla_dag to 2024-04-06T10:06:00+00:00, run_after=2024-04-06T10:08:00+00:00
[2024-04-06T10:09:10.503+0000] {processor.py:175} INFO - Processing /home/airflow/.local/lib/python3.7/site-packages/airflow/example_dags/example_sla_dag.py took 0.191 seconds
[2024-04-06T10:09:41.428+0000] {processor.py:153} INFO - Started process (PID=1777) to work on /home/airflow/.local/lib/python3.7/site-packages/airflow/example_dags/example_sla_dag.py
[2024-04-06T10:09:41.429+0000] {processor.py:743} INFO - Processing file /home/airflow/.local/lib/python3.7/site-packages/airflow/example_dags/example_sla_dag.py for tasks to queue
[2024-04-06T10:09:41.430+0000] {logging_mixin.py:137} INFO - [2024-04-06T10:09:41.430+0000] {dagbag.py:538} INFO - Filling up the DagBag from /home/airflow/.local/lib/python3.7/site-packages/airflow/example_dags/example_sla_dag.py
[2024-04-06T10:09:41.474+0000] {processor.py:753} INFO - DAG(s) dict_keys(['example_sla_dag']) retrieved from /home/airflow/.local/lib/python3.7/site-packages/airflow/example_dags/example_sla_dag.py
[2024-04-06T10:09:41.517+0000] {logging_mixin.py:137} INFO - [2024-04-06T10:09:41.517+0000] {dag.py:2690} INFO - Sync 1 DAGs
[2024-04-06T10:09:41.573+0000] {logging_mixin.py:137} INFO - [2024-04-06T10:09:41.572+0000] {dag.py:3441} INFO - Setting next_dagrun for example_sla_dag to 2024-04-06T10:06:00+00:00, run_after=2024-04-06T10:08:00+00:00
[2024-04-06T10:09:41.608+0000] {processor.py:175} INFO - Processing /home/airflow/.local/lib/python3.7/site-packages/airflow/example_dags/example_sla_dag.py took 0.186 seconds
[2024-04-06T10:10:12.285+0000] {processor.py:153} INFO - Started process (PID=1848) to work on /home/airflow/.local/lib/python3.7/site-packages/airflow/example_dags/example_sla_dag.py
[2024-04-06T10:10:12.287+0000] {processor.py:743} INFO - Processing file /home/airflow/.local/lib/python3.7/site-packages/airflow/example_dags/example_sla_dag.py for tasks to queue
[2024-04-06T10:10:12.288+0000] {logging_mixin.py:137} INFO - [2024-04-06T10:10:12.288+0000] {dagbag.py:538} INFO - Filling up the DagBag from /home/airflow/.local/lib/python3.7/site-packages/airflow/example_dags/example_sla_dag.py
[2024-04-06T10:10:12.335+0000] {processor.py:753} INFO - DAG(s) dict_keys(['example_sla_dag']) retrieved from /home/airflow/.local/lib/python3.7/site-packages/airflow/example_dags/example_sla_dag.py
[2024-04-06T10:10:12.396+0000] {logging_mixin.py:137} INFO - [2024-04-06T10:10:12.395+0000] {dag.py:2690} INFO - Sync 1 DAGs
[2024-04-06T10:10:12.517+0000] {logging_mixin.py:137} INFO - [2024-04-06T10:10:12.516+0000] {dag.py:3441} INFO - Setting next_dagrun for example_sla_dag to 2024-04-06T10:08:00+00:00, run_after=2024-04-06T10:10:00+00:00
[2024-04-06T10:10:12.563+0000] {processor.py:175} INFO - Processing /home/airflow/.local/lib/python3.7/site-packages/airflow/example_dags/example_sla_dag.py took 0.284 seconds
[2024-04-06T10:10:43.186+0000] {processor.py:153} INFO - Started process (PID=1920) to work on /home/airflow/.local/lib/python3.7/site-packages/airflow/example_dags/example_sla_dag.py
[2024-04-06T10:10:43.187+0000] {processor.py:743} INFO - Processing file /home/airflow/.local/lib/python3.7/site-packages/airflow/example_dags/example_sla_dag.py for tasks to queue
[2024-04-06T10:10:43.188+0000] {logging_mixin.py:137} INFO - [2024-04-06T10:10:43.188+0000] {dagbag.py:538} INFO - Filling up the DagBag from /home/airflow/.local/lib/python3.7/site-packages/airflow/example_dags/example_sla_dag.py
[2024-04-06T10:10:43.236+0000] {processor.py:753} INFO - DAG(s) dict_keys(['example_sla_dag']) retrieved from /home/airflow/.local/lib/python3.7/site-packages/airflow/example_dags/example_sla_dag.py
[2024-04-06T10:10:43.281+0000] {logging_mixin.py:137} INFO - [2024-04-06T10:10:43.281+0000] {dag.py:2690} INFO - Sync 1 DAGs
[2024-04-06T10:10:43.342+0000] {logging_mixin.py:137} INFO - [2024-04-06T10:10:43.342+0000] {dag.py:3441} INFO - Setting next_dagrun for example_sla_dag to 2024-04-06T10:08:00+00:00, run_after=2024-04-06T10:10:00+00:00
[2024-04-06T10:10:43.377+0000] {processor.py:175} INFO - Processing /home/airflow/.local/lib/python3.7/site-packages/airflow/example_dags/example_sla_dag.py took 0.196 seconds
[2024-04-06T10:11:13.672+0000] {processor.py:153} INFO - Started process (PID=1992) to work on /home/airflow/.local/lib/python3.7/site-packages/airflow/example_dags/example_sla_dag.py
[2024-04-06T10:11:13.674+0000] {processor.py:743} INFO - Processing file /home/airflow/.local/lib/python3.7/site-packages/airflow/example_dags/example_sla_dag.py for tasks to queue
[2024-04-06T10:11:13.675+0000] {logging_mixin.py:137} INFO - [2024-04-06T10:11:13.675+0000] {dagbag.py:538} INFO - Filling up the DagBag from /home/airflow/.local/lib/python3.7/site-packages/airflow/example_dags/example_sla_dag.py
[2024-04-06T10:11:13.724+0000] {processor.py:753} INFO - DAG(s) dict_keys(['example_sla_dag']) retrieved from /home/airflow/.local/lib/python3.7/site-packages/airflow/example_dags/example_sla_dag.py
[2024-04-06T10:11:13.784+0000] {logging_mixin.py:137} INFO - [2024-04-06T10:11:13.783+0000] {dag.py:2690} INFO - Sync 1 DAGs
[2024-04-06T10:11:13.867+0000] {logging_mixin.py:137} INFO - [2024-04-06T10:11:13.867+0000] {dag.py:3441} INFO - Setting next_dagrun for example_sla_dag to 2024-04-06T10:08:00+00:00, run_after=2024-04-06T10:10:00+00:00
[2024-04-06T10:11:13.906+0000] {processor.py:175} INFO - Processing /home/airflow/.local/lib/python3.7/site-packages/airflow/example_dags/example_sla_dag.py took 0.241 seconds
[2024-04-06T10:11:44.109+0000] {processor.py:153} INFO - Started process (PID=2064) to work on /home/airflow/.local/lib/python3.7/site-packages/airflow/example_dags/example_sla_dag.py
[2024-04-06T10:11:44.111+0000] {processor.py:743} INFO - Processing file /home/airflow/.local/lib/python3.7/site-packages/airflow/example_dags/example_sla_dag.py for tasks to queue
[2024-04-06T10:11:44.112+0000] {logging_mixin.py:137} INFO - [2024-04-06T10:11:44.111+0000] {dagbag.py:538} INFO - Filling up the DagBag from /home/airflow/.local/lib/python3.7/site-packages/airflow/example_dags/example_sla_dag.py
[2024-04-06T10:11:44.160+0000] {processor.py:753} INFO - DAG(s) dict_keys(['example_sla_dag']) retrieved from /home/airflow/.local/lib/python3.7/site-packages/airflow/example_dags/example_sla_dag.py
[2024-04-06T10:11:44.209+0000] {logging_mixin.py:137} INFO - [2024-04-06T10:11:44.209+0000] {dag.py:2690} INFO - Sync 1 DAGs
[2024-04-06T10:11:44.271+0000] {logging_mixin.py:137} INFO - [2024-04-06T10:11:44.271+0000] {dag.py:3441} INFO - Setting next_dagrun for example_sla_dag to 2024-04-06T10:08:00+00:00, run_after=2024-04-06T10:10:00+00:00
[2024-04-06T10:11:44.317+0000] {processor.py:175} INFO - Processing /home/airflow/.local/lib/python3.7/site-packages/airflow/example_dags/example_sla_dag.py took 0.215 seconds
[2024-04-06T10:12:14.493+0000] {processor.py:153} INFO - Started process (PID=2136) to work on /home/airflow/.local/lib/python3.7/site-packages/airflow/example_dags/example_sla_dag.py
[2024-04-06T10:12:14.494+0000] {processor.py:743} INFO - Processing file /home/airflow/.local/lib/python3.7/site-packages/airflow/example_dags/example_sla_dag.py for tasks to queue
[2024-04-06T10:12:14.496+0000] {logging_mixin.py:137} INFO - [2024-04-06T10:12:14.495+0000] {dagbag.py:538} INFO - Filling up the DagBag from /home/airflow/.local/lib/python3.7/site-packages/airflow/example_dags/example_sla_dag.py
[2024-04-06T10:12:14.559+0000] {processor.py:753} INFO - DAG(s) dict_keys(['example_sla_dag']) retrieved from /home/airflow/.local/lib/python3.7/site-packages/airflow/example_dags/example_sla_dag.py
[2024-04-06T10:12:14.620+0000] {logging_mixin.py:137} INFO - [2024-04-06T10:12:14.620+0000] {dag.py:2690} INFO - Sync 1 DAGs
[2024-04-06T10:12:14.680+0000] {logging_mixin.py:137} INFO - [2024-04-06T10:12:14.680+0000] {dag.py:3441} INFO - Setting next_dagrun for example_sla_dag to 2024-04-06T10:10:00+00:00, run_after=2024-04-06T10:12:00+00:00
[2024-04-06T10:12:14.724+0000] {processor.py:175} INFO - Processing /home/airflow/.local/lib/python3.7/site-packages/airflow/example_dags/example_sla_dag.py took 0.239 seconds
[2024-04-06T10:12:45.039+0000] {processor.py:153} INFO - Started process (PID=2215) to work on /home/airflow/.local/lib/python3.7/site-packages/airflow/example_dags/example_sla_dag.py
[2024-04-06T10:12:45.041+0000] {processor.py:743} INFO - Processing file /home/airflow/.local/lib/python3.7/site-packages/airflow/example_dags/example_sla_dag.py for tasks to queue
[2024-04-06T10:12:45.043+0000] {logging_mixin.py:137} INFO - [2024-04-06T10:12:45.043+0000] {dagbag.py:538} INFO - Filling up the DagBag from /home/airflow/.local/lib/python3.7/site-packages/airflow/example_dags/example_sla_dag.py
[2024-04-06T10:12:45.119+0000] {processor.py:753} INFO - DAG(s) dict_keys(['example_sla_dag']) retrieved from /home/airflow/.local/lib/python3.7/site-packages/airflow/example_dags/example_sla_dag.py
[2024-04-06T10:12:45.176+0000] {logging_mixin.py:137} INFO - [2024-04-06T10:12:45.175+0000] {dag.py:2690} INFO - Sync 1 DAGs
[2024-04-06T10:12:45.247+0000] {logging_mixin.py:137} INFO - [2024-04-06T10:12:45.246+0000] {dag.py:3441} INFO - Setting next_dagrun for example_sla_dag to 2024-04-06T10:10:00+00:00, run_after=2024-04-06T10:12:00+00:00
[2024-04-06T10:12:45.299+0000] {processor.py:175} INFO - Processing /home/airflow/.local/lib/python3.7/site-packages/airflow/example_dags/example_sla_dag.py took 0.269 seconds
[2024-04-06T10:42:05.222+0000] {processor.py:161} INFO - Started process (PID=65) to work on /home/airflow/.local/lib/python3.8/site-packages/airflow/example_dags/example_sla_dag.py
[2024-04-06T10:42:05.223+0000] {processor.py:830} INFO - Processing file /home/airflow/.local/lib/python3.8/site-packages/airflow/example_dags/example_sla_dag.py for tasks to queue
[2024-04-06T10:42:05.224+0000] {logging_mixin.py:188} INFO - [2024-04-06T10:42:05.224+0000] {dagbag.py:540} INFO - Filling up the DagBag from /home/airflow/.local/lib/python3.8/site-packages/airflow/example_dags/example_sla_dag.py
[2024-04-06T10:42:05.230+0000] {processor.py:840} INFO - DAG(s) 'example_sla_dag' retrieved from /home/airflow/.local/lib/python3.8/site-packages/airflow/example_dags/example_sla_dag.py
[2024-04-06T10:42:05.305+0000] {logging_mixin.py:188} INFO - [2024-04-06T10:42:05.304+0000] {override.py:1769} INFO - Created Permission View: can delete on DAG:example_sla_dag
[2024-04-06T10:42:05.312+0000] {logging_mixin.py:188} INFO - [2024-04-06T10:42:05.312+0000] {override.py:1769} INFO - Created Permission View: can read on DAG:example_sla_dag
[2024-04-06T10:42:05.317+0000] {logging_mixin.py:188} INFO - [2024-04-06T10:42:05.317+0000] {override.py:1769} INFO - Created Permission View: can edit on DAG:example_sla_dag
[2024-04-06T10:42:05.317+0000] {logging_mixin.py:188} INFO - [2024-04-06T10:42:05.317+0000] {dag.py:3047} INFO - Sync 1 DAGs
[2024-04-06T10:42:05.325+0000] {logging_mixin.py:188} INFO - [2024-04-06T10:42:05.325+0000] {dag.py:3069} INFO - Creating ORM DAG for example_sla_dag
[2024-04-06T10:42:05.335+0000] {logging_mixin.py:188} INFO - [2024-04-06T10:42:05.334+0000] {dag.py:3834} INFO - Setting next_dagrun for example_sla_dag to 2024-04-06 10:40:00+00:00, run_after=2024-04-06 10:42:00+00:00
[2024-04-06T10:42:05.346+0000] {processor.py:183} INFO - Processing /home/airflow/.local/lib/python3.8/site-packages/airflow/example_dags/example_sla_dag.py took 0.125 seconds
[2024-04-06T10:42:35.813+0000] {processor.py:161} INFO - Started process (PID=121) to work on /home/airflow/.local/lib/python3.8/site-packages/airflow/example_dags/example_sla_dag.py
[2024-04-06T10:42:35.813+0000] {processor.py:830} INFO - Processing file /home/airflow/.local/lib/python3.8/site-packages/airflow/example_dags/example_sla_dag.py for tasks to queue
[2024-04-06T10:42:35.814+0000] {logging_mixin.py:188} INFO - [2024-04-06T10:42:35.814+0000] {dagbag.py:540} INFO - Filling up the DagBag from /home/airflow/.local/lib/python3.8/site-packages/airflow/example_dags/example_sla_dag.py
[2024-04-06T10:42:35.819+0000] {processor.py:840} INFO - DAG(s) 'example_sla_dag' retrieved from /home/airflow/.local/lib/python3.8/site-packages/airflow/example_dags/example_sla_dag.py
[2024-04-06T10:42:35.834+0000] {logging_mixin.py:188} INFO - [2024-04-06T10:42:35.833+0000] {dag.py:3047} INFO - Sync 1 DAGs
[2024-04-06T10:42:35.850+0000] {logging_mixin.py:188} INFO - [2024-04-06T10:42:35.850+0000] {dag.py:3834} INFO - Setting next_dagrun for example_sla_dag to 2024-04-06 10:40:00+00:00, run_after=2024-04-06 10:42:00+00:00
[2024-04-06T10:42:35.861+0000] {processor.py:183} INFO - Processing /home/airflow/.local/lib/python3.8/site-packages/airflow/example_dags/example_sla_dag.py took 0.050 seconds
[2024-04-06T10:43:06.257+0000] {processor.py:161} INFO - Started process (PID=177) to work on /home/airflow/.local/lib/python3.8/site-packages/airflow/example_dags/example_sla_dag.py
[2024-04-06T10:43:06.257+0000] {processor.py:830} INFO - Processing file /home/airflow/.local/lib/python3.8/site-packages/airflow/example_dags/example_sla_dag.py for tasks to queue
[2024-04-06T10:43:06.258+0000] {logging_mixin.py:188} INFO - [2024-04-06T10:43:06.258+0000] {dagbag.py:540} INFO - Filling up the DagBag from /home/airflow/.local/lib/python3.8/site-packages/airflow/example_dags/example_sla_dag.py
[2024-04-06T10:43:06.263+0000] {processor.py:840} INFO - DAG(s) 'example_sla_dag' retrieved from /home/airflow/.local/lib/python3.8/site-packages/airflow/example_dags/example_sla_dag.py
[2024-04-06T10:43:06.274+0000] {logging_mixin.py:188} INFO - [2024-04-06T10:43:06.274+0000] {dag.py:3047} INFO - Sync 1 DAGs
[2024-04-06T10:43:06.289+0000] {logging_mixin.py:188} INFO - [2024-04-06T10:43:06.288+0000] {dag.py:3834} INFO - Setting next_dagrun for example_sla_dag to 2024-04-06 10:40:00+00:00, run_after=2024-04-06 10:42:00+00:00
[2024-04-06T10:43:06.299+0000] {processor.py:183} INFO - Processing /home/airflow/.local/lib/python3.8/site-packages/airflow/example_dags/example_sla_dag.py took 0.044 seconds
[2024-04-06T10:43:37.306+0000] {processor.py:161} INFO - Started process (PID=233) to work on /home/airflow/.local/lib/python3.8/site-packages/airflow/example_dags/example_sla_dag.py
[2024-04-06T10:43:37.307+0000] {processor.py:830} INFO - Processing file /home/airflow/.local/lib/python3.8/site-packages/airflow/example_dags/example_sla_dag.py for tasks to queue
[2024-04-06T10:43:37.308+0000] {logging_mixin.py:188} INFO - [2024-04-06T10:43:37.308+0000] {dagbag.py:540} INFO - Filling up the DagBag from /home/airflow/.local/lib/python3.8/site-packages/airflow/example_dags/example_sla_dag.py
[2024-04-06T10:43:37.313+0000] {processor.py:840} INFO - DAG(s) 'example_sla_dag' retrieved from /home/airflow/.local/lib/python3.8/site-packages/airflow/example_dags/example_sla_dag.py
[2024-04-06T10:43:37.325+0000] {logging_mixin.py:188} INFO - [2024-04-06T10:43:37.325+0000] {dag.py:3047} INFO - Sync 1 DAGs
[2024-04-06T10:43:37.340+0000] {logging_mixin.py:188} INFO - [2024-04-06T10:43:37.340+0000] {dag.py:3834} INFO - Setting next_dagrun for example_sla_dag to 2024-04-06 10:40:00+00:00, run_after=2024-04-06 10:42:00+00:00
[2024-04-06T10:43:37.353+0000] {processor.py:183} INFO - Processing /home/airflow/.local/lib/python3.8/site-packages/airflow/example_dags/example_sla_dag.py took 0.049 seconds
[2024-04-06T10:44:08.003+0000] {processor.py:161} INFO - Started process (PID=289) to work on /home/airflow/.local/lib/python3.8/site-packages/airflow/example_dags/example_sla_dag.py
[2024-04-06T10:44:08.004+0000] {processor.py:830} INFO - Processing file /home/airflow/.local/lib/python3.8/site-packages/airflow/example_dags/example_sla_dag.py for tasks to queue
[2024-04-06T10:44:08.005+0000] {logging_mixin.py:188} INFO - [2024-04-06T10:44:08.005+0000] {dagbag.py:540} INFO - Filling up the DagBag from /home/airflow/.local/lib/python3.8/site-packages/airflow/example_dags/example_sla_dag.py
[2024-04-06T10:44:08.010+0000] {processor.py:840} INFO - DAG(s) 'example_sla_dag' retrieved from /home/airflow/.local/lib/python3.8/site-packages/airflow/example_dags/example_sla_dag.py
[2024-04-06T10:44:08.022+0000] {logging_mixin.py:188} INFO - [2024-04-06T10:44:08.021+0000] {dag.py:3047} INFO - Sync 1 DAGs
[2024-04-06T10:44:08.037+0000] {logging_mixin.py:188} INFO - [2024-04-06T10:44:08.037+0000] {dag.py:3834} INFO - Setting next_dagrun for example_sla_dag to 2024-04-06 10:42:00+00:00, run_after=2024-04-06 10:44:00+00:00
[2024-04-06T10:44:08.052+0000] {processor.py:183} INFO - Processing /home/airflow/.local/lib/python3.8/site-packages/airflow/example_dags/example_sla_dag.py took 0.050 seconds
[2024-04-06T10:44:38.743+0000] {processor.py:161} INFO - Started process (PID=345) to work on /home/airflow/.local/lib/python3.8/site-packages/airflow/example_dags/example_sla_dag.py
[2024-04-06T10:44:38.744+0000] {processor.py:830} INFO - Processing file /home/airflow/.local/lib/python3.8/site-packages/airflow/example_dags/example_sla_dag.py for tasks to queue
[2024-04-06T10:44:38.745+0000] {logging_mixin.py:188} INFO - [2024-04-06T10:44:38.745+0000] {dagbag.py:540} INFO - Filling up the DagBag from /home/airflow/.local/lib/python3.8/site-packages/airflow/example_dags/example_sla_dag.py
[2024-04-06T10:44:38.751+0000] {processor.py:840} INFO - DAG(s) 'example_sla_dag' retrieved from /home/airflow/.local/lib/python3.8/site-packages/airflow/example_dags/example_sla_dag.py
[2024-04-06T10:44:38.763+0000] {logging_mixin.py:188} INFO - [2024-04-06T10:44:38.763+0000] {dag.py:3047} INFO - Sync 1 DAGs
[2024-04-06T10:44:38.778+0000] {logging_mixin.py:188} INFO - [2024-04-06T10:44:38.777+0000] {dag.py:3834} INFO - Setting next_dagrun for example_sla_dag to 2024-04-06 10:42:00+00:00, run_after=2024-04-06 10:44:00+00:00
[2024-04-06T10:44:38.790+0000] {processor.py:183} INFO - Processing /home/airflow/.local/lib/python3.8/site-packages/airflow/example_dags/example_sla_dag.py took 0.049 seconds
[2024-04-06T10:45:08.824+0000] {processor.py:161} INFO - Started process (PID=400) to work on /home/airflow/.local/lib/python3.8/site-packages/airflow/example_dags/example_sla_dag.py
[2024-04-06T10:45:08.826+0000] {processor.py:830} INFO - Processing file /home/airflow/.local/lib/python3.8/site-packages/airflow/example_dags/example_sla_dag.py for tasks to queue
[2024-04-06T10:45:08.827+0000] {logging_mixin.py:188} INFO - [2024-04-06T10:45:08.827+0000] {dagbag.py:540} INFO - Filling up the DagBag from /home/airflow/.local/lib/python3.8/site-packages/airflow/example_dags/example_sla_dag.py
[2024-04-06T10:45:08.832+0000] {processor.py:840} INFO - DAG(s) 'example_sla_dag' retrieved from /home/airflow/.local/lib/python3.8/site-packages/airflow/example_dags/example_sla_dag.py
[2024-04-06T10:45:08.845+0000] {logging_mixin.py:188} INFO - [2024-04-06T10:45:08.845+0000] {dag.py:3047} INFO - Sync 1 DAGs
[2024-04-06T10:45:08.861+0000] {logging_mixin.py:188} INFO - [2024-04-06T10:45:08.861+0000] {dag.py:3834} INFO - Setting next_dagrun for example_sla_dag to 2024-04-06 10:42:00+00:00, run_after=2024-04-06 10:44:00+00:00
[2024-04-06T10:45:08.872+0000] {processor.py:183} INFO - Processing /home/airflow/.local/lib/python3.8/site-packages/airflow/example_dags/example_sla_dag.py took 0.050 seconds
