[2024-04-06T09:36:48.226+0000] {processor.py:153} INFO - Started process (PID=69) to work on /home/airflow/.local/lib/python3.7/site-packages/airflow/example_dags/example_time_delta_sensor_async.py
[2024-04-06T09:36:48.227+0000] {processor.py:743} INFO - Processing file /home/airflow/.local/lib/python3.7/site-packages/airflow/example_dags/example_time_delta_sensor_async.py for tasks to queue
[2024-04-06T09:36:48.228+0000] {logging_mixin.py:137} INFO - [2024-04-06T09:36:48.228+0000] {dagbag.py:538} INFO - Filling up the DagBag from /home/airflow/.local/lib/python3.7/site-packages/airflow/example_dags/example_time_delta_sensor_async.py
[2024-04-06T09:36:48.248+0000] {processor.py:753} INFO - DAG(s) dict_keys(['example_time_delta_sensor_async']) retrieved from /home/airflow/.local/lib/python3.7/site-packages/airflow/example_dags/example_time_delta_sensor_async.py
[2024-04-06T09:36:48.265+0000] {logging_mixin.py:137} INFO - [2024-04-06T09:36:48.265+0000] {dag.py:2690} INFO - Sync 1 DAGs
[2024-04-06T09:36:48.307+0000] {logging_mixin.py:137} INFO - [2024-04-06T09:36:48.307+0000] {dag.py:3441} INFO - Setting next_dagrun for example_time_delta_sensor_async to None, run_after=None
[2024-04-06T09:36:48.336+0000] {processor.py:175} INFO - Processing /home/airflow/.local/lib/python3.7/site-packages/airflow/example_dags/example_time_delta_sensor_async.py took 0.114 seconds
[2024-04-06T09:37:19.219+0000] {processor.py:153} INFO - Started process (PID=141) to work on /home/airflow/.local/lib/python3.7/site-packages/airflow/example_dags/example_time_delta_sensor_async.py
[2024-04-06T09:37:19.220+0000] {processor.py:743} INFO - Processing file /home/airflow/.local/lib/python3.7/site-packages/airflow/example_dags/example_time_delta_sensor_async.py for tasks to queue
[2024-04-06T09:37:19.221+0000] {logging_mixin.py:137} INFO - [2024-04-06T09:37:19.220+0000] {dagbag.py:538} INFO - Filling up the DagBag from /home/airflow/.local/lib/python3.7/site-packages/airflow/example_dags/example_time_delta_sensor_async.py
[2024-04-06T09:37:19.232+0000] {processor.py:753} INFO - DAG(s) dict_keys(['example_time_delta_sensor_async']) retrieved from /home/airflow/.local/lib/python3.7/site-packages/airflow/example_dags/example_time_delta_sensor_async.py
[2024-04-06T09:37:19.243+0000] {logging_mixin.py:137} INFO - [2024-04-06T09:37:19.243+0000] {dag.py:2690} INFO - Sync 1 DAGs
[2024-04-06T09:37:19.270+0000] {logging_mixin.py:137} INFO - [2024-04-06T09:37:19.270+0000] {dag.py:3441} INFO - Setting next_dagrun for example_time_delta_sensor_async to None, run_after=None
[2024-04-06T09:37:19.289+0000] {processor.py:175} INFO - Processing /home/airflow/.local/lib/python3.7/site-packages/airflow/example_dags/example_time_delta_sensor_async.py took 0.073 seconds
[2024-04-06T09:37:49.916+0000] {processor.py:153} INFO - Started process (PID=213) to work on /home/airflow/.local/lib/python3.7/site-packages/airflow/example_dags/example_time_delta_sensor_async.py
[2024-04-06T09:37:49.928+0000] {processor.py:743} INFO - Processing file /home/airflow/.local/lib/python3.7/site-packages/airflow/example_dags/example_time_delta_sensor_async.py for tasks to queue
[2024-04-06T09:37:49.929+0000] {logging_mixin.py:137} INFO - [2024-04-06T09:37:49.928+0000] {dagbag.py:538} INFO - Filling up the DagBag from /home/airflow/.local/lib/python3.7/site-packages/airflow/example_dags/example_time_delta_sensor_async.py
[2024-04-06T09:37:49.945+0000] {processor.py:753} INFO - DAG(s) dict_keys(['example_time_delta_sensor_async']) retrieved from /home/airflow/.local/lib/python3.7/site-packages/airflow/example_dags/example_time_delta_sensor_async.py
[2024-04-06T09:37:49.971+0000] {logging_mixin.py:137} INFO - [2024-04-06T09:37:49.970+0000] {dag.py:2690} INFO - Sync 1 DAGs
[2024-04-06T09:37:49.997+0000] {logging_mixin.py:137} INFO - [2024-04-06T09:37:49.996+0000] {dag.py:3441} INFO - Setting next_dagrun for example_time_delta_sensor_async to None, run_after=None
[2024-04-06T09:37:50.014+0000] {processor.py:175} INFO - Processing /home/airflow/.local/lib/python3.7/site-packages/airflow/example_dags/example_time_delta_sensor_async.py took 0.101 seconds
[2024-04-06T09:38:20.648+0000] {processor.py:153} INFO - Started process (PID=301) to work on /home/airflow/.local/lib/python3.7/site-packages/airflow/example_dags/example_time_delta_sensor_async.py
[2024-04-06T09:38:20.649+0000] {processor.py:743} INFO - Processing file /home/airflow/.local/lib/python3.7/site-packages/airflow/example_dags/example_time_delta_sensor_async.py for tasks to queue
[2024-04-06T09:38:20.650+0000] {logging_mixin.py:137} INFO - [2024-04-06T09:38:20.650+0000] {dagbag.py:538} INFO - Filling up the DagBag from /home/airflow/.local/lib/python3.7/site-packages/airflow/example_dags/example_time_delta_sensor_async.py
[2024-04-06T09:38:20.662+0000] {processor.py:753} INFO - DAG(s) dict_keys(['example_time_delta_sensor_async']) retrieved from /home/airflow/.local/lib/python3.7/site-packages/airflow/example_dags/example_time_delta_sensor_async.py
[2024-04-06T09:38:20.686+0000] {logging_mixin.py:137} INFO - [2024-04-06T09:38:20.686+0000] {dag.py:2690} INFO - Sync 1 DAGs
[2024-04-06T09:38:20.713+0000] {logging_mixin.py:137} INFO - [2024-04-06T09:38:20.712+0000] {dag.py:3441} INFO - Setting next_dagrun for example_time_delta_sensor_async to None, run_after=None
[2024-04-06T09:38:20.730+0000] {processor.py:175} INFO - Processing /home/airflow/.local/lib/python3.7/site-packages/airflow/example_dags/example_time_delta_sensor_async.py took 0.085 seconds
[2024-04-06T09:38:50.948+0000] {processor.py:153} INFO - Started process (PID=372) to work on /home/airflow/.local/lib/python3.7/site-packages/airflow/example_dags/example_time_delta_sensor_async.py
[2024-04-06T09:38:50.949+0000] {processor.py:743} INFO - Processing file /home/airflow/.local/lib/python3.7/site-packages/airflow/example_dags/example_time_delta_sensor_async.py for tasks to queue
[2024-04-06T09:38:50.950+0000] {logging_mixin.py:137} INFO - [2024-04-06T09:38:50.950+0000] {dagbag.py:538} INFO - Filling up the DagBag from /home/airflow/.local/lib/python3.7/site-packages/airflow/example_dags/example_time_delta_sensor_async.py
[2024-04-06T09:38:50.964+0000] {processor.py:753} INFO - DAG(s) dict_keys(['example_time_delta_sensor_async']) retrieved from /home/airflow/.local/lib/python3.7/site-packages/airflow/example_dags/example_time_delta_sensor_async.py
[2024-04-06T09:38:50.992+0000] {logging_mixin.py:137} INFO - [2024-04-06T09:38:50.992+0000] {dag.py:2690} INFO - Sync 1 DAGs
[2024-04-06T09:38:51.023+0000] {logging_mixin.py:137} INFO - [2024-04-06T09:38:51.023+0000] {dag.py:3441} INFO - Setting next_dagrun for example_time_delta_sensor_async to None, run_after=None
[2024-04-06T09:38:51.041+0000] {processor.py:175} INFO - Processing /home/airflow/.local/lib/python3.7/site-packages/airflow/example_dags/example_time_delta_sensor_async.py took 0.096 seconds
[2024-04-06T09:39:21.192+0000] {processor.py:153} INFO - Started process (PID=461) to work on /home/airflow/.local/lib/python3.7/site-packages/airflow/example_dags/example_time_delta_sensor_async.py
[2024-04-06T09:39:21.193+0000] {processor.py:743} INFO - Processing file /home/airflow/.local/lib/python3.7/site-packages/airflow/example_dags/example_time_delta_sensor_async.py for tasks to queue
[2024-04-06T09:39:21.193+0000] {logging_mixin.py:137} INFO - [2024-04-06T09:39:21.193+0000] {dagbag.py:538} INFO - Filling up the DagBag from /home/airflow/.local/lib/python3.7/site-packages/airflow/example_dags/example_time_delta_sensor_async.py
[2024-04-06T09:39:21.203+0000] {processor.py:753} INFO - DAG(s) dict_keys(['example_time_delta_sensor_async']) retrieved from /home/airflow/.local/lib/python3.7/site-packages/airflow/example_dags/example_time_delta_sensor_async.py
[2024-04-06T09:39:21.225+0000] {logging_mixin.py:137} INFO - [2024-04-06T09:39:21.225+0000] {dag.py:2690} INFO - Sync 1 DAGs
[2024-04-06T09:39:21.246+0000] {logging_mixin.py:137} INFO - [2024-04-06T09:39:21.246+0000] {dag.py:3441} INFO - Setting next_dagrun for example_time_delta_sensor_async to None, run_after=None
[2024-04-06T09:39:21.262+0000] {processor.py:175} INFO - Processing /home/airflow/.local/lib/python3.7/site-packages/airflow/example_dags/example_time_delta_sensor_async.py took 0.073 seconds
[2024-04-06T09:39:51.342+0000] {processor.py:153} INFO - Started process (PID=532) to work on /home/airflow/.local/lib/python3.7/site-packages/airflow/example_dags/example_time_delta_sensor_async.py
[2024-04-06T09:39:51.343+0000] {processor.py:743} INFO - Processing file /home/airflow/.local/lib/python3.7/site-packages/airflow/example_dags/example_time_delta_sensor_async.py for tasks to queue
[2024-04-06T09:39:51.343+0000] {logging_mixin.py:137} INFO - [2024-04-06T09:39:51.343+0000] {dagbag.py:538} INFO - Filling up the DagBag from /home/airflow/.local/lib/python3.7/site-packages/airflow/example_dags/example_time_delta_sensor_async.py
[2024-04-06T09:39:51.354+0000] {processor.py:753} INFO - DAG(s) dict_keys(['example_time_delta_sensor_async']) retrieved from /home/airflow/.local/lib/python3.7/site-packages/airflow/example_dags/example_time_delta_sensor_async.py
[2024-04-06T09:39:51.381+0000] {logging_mixin.py:137} INFO - [2024-04-06T09:39:51.381+0000] {dag.py:2690} INFO - Sync 1 DAGs
[2024-04-06T09:39:51.415+0000] {logging_mixin.py:137} INFO - [2024-04-06T09:39:51.414+0000] {dag.py:3441} INFO - Setting next_dagrun for example_time_delta_sensor_async to None, run_after=None
[2024-04-06T09:39:51.436+0000] {processor.py:175} INFO - Processing /home/airflow/.local/lib/python3.7/site-packages/airflow/example_dags/example_time_delta_sensor_async.py took 0.096 seconds
[2024-04-06T09:40:21.838+0000] {processor.py:153} INFO - Started process (PID=620) to work on /home/airflow/.local/lib/python3.7/site-packages/airflow/example_dags/example_time_delta_sensor_async.py
[2024-04-06T09:40:21.839+0000] {processor.py:743} INFO - Processing file /home/airflow/.local/lib/python3.7/site-packages/airflow/example_dags/example_time_delta_sensor_async.py for tasks to queue
[2024-04-06T09:40:21.840+0000] {logging_mixin.py:137} INFO - [2024-04-06T09:40:21.840+0000] {dagbag.py:538} INFO - Filling up the DagBag from /home/airflow/.local/lib/python3.7/site-packages/airflow/example_dags/example_time_delta_sensor_async.py
[2024-04-06T09:40:21.854+0000] {processor.py:753} INFO - DAG(s) dict_keys(['example_time_delta_sensor_async']) retrieved from /home/airflow/.local/lib/python3.7/site-packages/airflow/example_dags/example_time_delta_sensor_async.py
[2024-04-06T09:40:21.876+0000] {logging_mixin.py:137} INFO - [2024-04-06T09:40:21.876+0000] {dag.py:2690} INFO - Sync 1 DAGs
[2024-04-06T09:40:21.903+0000] {logging_mixin.py:137} INFO - [2024-04-06T09:40:21.903+0000] {dag.py:3441} INFO - Setting next_dagrun for example_time_delta_sensor_async to None, run_after=None
[2024-04-06T09:40:21.919+0000] {processor.py:175} INFO - Processing /home/airflow/.local/lib/python3.7/site-packages/airflow/example_dags/example_time_delta_sensor_async.py took 0.084 seconds
[2024-04-06T09:40:52.093+0000] {processor.py:153} INFO - Started process (PID=692) to work on /home/airflow/.local/lib/python3.7/site-packages/airflow/example_dags/example_time_delta_sensor_async.py
[2024-04-06T09:40:52.094+0000] {processor.py:743} INFO - Processing file /home/airflow/.local/lib/python3.7/site-packages/airflow/example_dags/example_time_delta_sensor_async.py for tasks to queue
[2024-04-06T09:40:52.095+0000] {logging_mixin.py:137} INFO - [2024-04-06T09:40:52.095+0000] {dagbag.py:538} INFO - Filling up the DagBag from /home/airflow/.local/lib/python3.7/site-packages/airflow/example_dags/example_time_delta_sensor_async.py
[2024-04-06T09:40:52.107+0000] {processor.py:753} INFO - DAG(s) dict_keys(['example_time_delta_sensor_async']) retrieved from /home/airflow/.local/lib/python3.7/site-packages/airflow/example_dags/example_time_delta_sensor_async.py
[2024-04-06T09:40:52.129+0000] {logging_mixin.py:137} INFO - [2024-04-06T09:40:52.129+0000] {dag.py:2690} INFO - Sync 1 DAGs
[2024-04-06T09:40:52.148+0000] {logging_mixin.py:137} INFO - [2024-04-06T09:40:52.148+0000] {dag.py:3441} INFO - Setting next_dagrun for example_time_delta_sensor_async to None, run_after=None
[2024-04-06T09:40:52.166+0000] {processor.py:175} INFO - Processing /home/airflow/.local/lib/python3.7/site-packages/airflow/example_dags/example_time_delta_sensor_async.py took 0.078 seconds
[2024-04-06T09:41:22.579+0000] {processor.py:153} INFO - Started process (PID=780) to work on /home/airflow/.local/lib/python3.7/site-packages/airflow/example_dags/example_time_delta_sensor_async.py
[2024-04-06T09:41:22.581+0000] {processor.py:743} INFO - Processing file /home/airflow/.local/lib/python3.7/site-packages/airflow/example_dags/example_time_delta_sensor_async.py for tasks to queue
[2024-04-06T09:41:22.581+0000] {logging_mixin.py:137} INFO - [2024-04-06T09:41:22.581+0000] {dagbag.py:538} INFO - Filling up the DagBag from /home/airflow/.local/lib/python3.7/site-packages/airflow/example_dags/example_time_delta_sensor_async.py
[2024-04-06T09:41:22.591+0000] {processor.py:753} INFO - DAG(s) dict_keys(['example_time_delta_sensor_async']) retrieved from /home/airflow/.local/lib/python3.7/site-packages/airflow/example_dags/example_time_delta_sensor_async.py
[2024-04-06T09:41:22.614+0000] {logging_mixin.py:137} INFO - [2024-04-06T09:41:22.613+0000] {dag.py:2690} INFO - Sync 1 DAGs
[2024-04-06T09:41:22.636+0000] {logging_mixin.py:137} INFO - [2024-04-06T09:41:22.636+0000] {dag.py:3441} INFO - Setting next_dagrun for example_time_delta_sensor_async to None, run_after=None
[2024-04-06T09:41:22.654+0000] {processor.py:175} INFO - Processing /home/airflow/.local/lib/python3.7/site-packages/airflow/example_dags/example_time_delta_sensor_async.py took 0.078 seconds
[2024-04-06T09:41:52.824+0000] {processor.py:153} INFO - Started process (PID=852) to work on /home/airflow/.local/lib/python3.7/site-packages/airflow/example_dags/example_time_delta_sensor_async.py
[2024-04-06T09:41:52.826+0000] {processor.py:743} INFO - Processing file /home/airflow/.local/lib/python3.7/site-packages/airflow/example_dags/example_time_delta_sensor_async.py for tasks to queue
[2024-04-06T09:41:52.827+0000] {logging_mixin.py:137} INFO - [2024-04-06T09:41:52.827+0000] {dagbag.py:538} INFO - Filling up the DagBag from /home/airflow/.local/lib/python3.7/site-packages/airflow/example_dags/example_time_delta_sensor_async.py
[2024-04-06T09:41:52.840+0000] {processor.py:753} INFO - DAG(s) dict_keys(['example_time_delta_sensor_async']) retrieved from /home/airflow/.local/lib/python3.7/site-packages/airflow/example_dags/example_time_delta_sensor_async.py
[2024-04-06T09:41:52.861+0000] {logging_mixin.py:137} INFO - [2024-04-06T09:41:52.861+0000] {dag.py:2690} INFO - Sync 1 DAGs
[2024-04-06T09:41:52.882+0000] {logging_mixin.py:137} INFO - [2024-04-06T09:41:52.881+0000] {dag.py:3441} INFO - Setting next_dagrun for example_time_delta_sensor_async to None, run_after=None
[2024-04-06T09:41:52.898+0000] {processor.py:175} INFO - Processing /home/airflow/.local/lib/python3.7/site-packages/airflow/example_dags/example_time_delta_sensor_async.py took 0.076 seconds
[2024-04-06T09:42:23.545+0000] {processor.py:153} INFO - Started process (PID=940) to work on /home/airflow/.local/lib/python3.7/site-packages/airflow/example_dags/example_time_delta_sensor_async.py
[2024-04-06T09:42:23.546+0000] {processor.py:743} INFO - Processing file /home/airflow/.local/lib/python3.7/site-packages/airflow/example_dags/example_time_delta_sensor_async.py for tasks to queue
[2024-04-06T09:42:23.546+0000] {logging_mixin.py:137} INFO - [2024-04-06T09:42:23.546+0000] {dagbag.py:538} INFO - Filling up the DagBag from /home/airflow/.local/lib/python3.7/site-packages/airflow/example_dags/example_time_delta_sensor_async.py
[2024-04-06T09:42:23.560+0000] {processor.py:753} INFO - DAG(s) dict_keys(['example_time_delta_sensor_async']) retrieved from /home/airflow/.local/lib/python3.7/site-packages/airflow/example_dags/example_time_delta_sensor_async.py
[2024-04-06T09:42:23.582+0000] {logging_mixin.py:137} INFO - [2024-04-06T09:42:23.582+0000] {dag.py:2690} INFO - Sync 1 DAGs
[2024-04-06T09:42:23.603+0000] {logging_mixin.py:137} INFO - [2024-04-06T09:42:23.602+0000] {dag.py:3441} INFO - Setting next_dagrun for example_time_delta_sensor_async to None, run_after=None
[2024-04-06T09:42:23.617+0000] {processor.py:175} INFO - Processing /home/airflow/.local/lib/python3.7/site-packages/airflow/example_dags/example_time_delta_sensor_async.py took 0.076 seconds
[2024-04-06T09:42:53.836+0000] {processor.py:153} INFO - Started process (PID=1012) to work on /home/airflow/.local/lib/python3.7/site-packages/airflow/example_dags/example_time_delta_sensor_async.py
[2024-04-06T09:42:53.837+0000] {processor.py:743} INFO - Processing file /home/airflow/.local/lib/python3.7/site-packages/airflow/example_dags/example_time_delta_sensor_async.py for tasks to queue
[2024-04-06T09:42:53.837+0000] {logging_mixin.py:137} INFO - [2024-04-06T09:42:53.837+0000] {dagbag.py:538} INFO - Filling up the DagBag from /home/airflow/.local/lib/python3.7/site-packages/airflow/example_dags/example_time_delta_sensor_async.py
[2024-04-06T09:42:53.847+0000] {processor.py:753} INFO - DAG(s) dict_keys(['example_time_delta_sensor_async']) retrieved from /home/airflow/.local/lib/python3.7/site-packages/airflow/example_dags/example_time_delta_sensor_async.py
[2024-04-06T09:42:53.869+0000] {logging_mixin.py:137} INFO - [2024-04-06T09:42:53.869+0000] {dag.py:2690} INFO - Sync 1 DAGs
[2024-04-06T09:42:53.890+0000] {logging_mixin.py:137} INFO - [2024-04-06T09:42:53.890+0000] {dag.py:3441} INFO - Setting next_dagrun for example_time_delta_sensor_async to None, run_after=None
[2024-04-06T09:42:53.907+0000] {processor.py:175} INFO - Processing /home/airflow/.local/lib/python3.7/site-packages/airflow/example_dags/example_time_delta_sensor_async.py took 0.074 seconds
[2024-04-06T09:43:24.525+0000] {processor.py:153} INFO - Started process (PID=1099) to work on /home/airflow/.local/lib/python3.7/site-packages/airflow/example_dags/example_time_delta_sensor_async.py
[2024-04-06T09:43:24.527+0000] {processor.py:743} INFO - Processing file /home/airflow/.local/lib/python3.7/site-packages/airflow/example_dags/example_time_delta_sensor_async.py for tasks to queue
[2024-04-06T09:43:24.528+0000] {logging_mixin.py:137} INFO - [2024-04-06T09:43:24.528+0000] {dagbag.py:538} INFO - Filling up the DagBag from /home/airflow/.local/lib/python3.7/site-packages/airflow/example_dags/example_time_delta_sensor_async.py
[2024-04-06T09:43:24.538+0000] {processor.py:753} INFO - DAG(s) dict_keys(['example_time_delta_sensor_async']) retrieved from /home/airflow/.local/lib/python3.7/site-packages/airflow/example_dags/example_time_delta_sensor_async.py
[2024-04-06T09:43:24.562+0000] {logging_mixin.py:137} INFO - [2024-04-06T09:43:24.562+0000] {dag.py:2690} INFO - Sync 1 DAGs
[2024-04-06T09:43:24.588+0000] {logging_mixin.py:137} INFO - [2024-04-06T09:43:24.588+0000] {dag.py:3441} INFO - Setting next_dagrun for example_time_delta_sensor_async to None, run_after=None
[2024-04-06T09:43:24.604+0000] {processor.py:175} INFO - Processing /home/airflow/.local/lib/python3.7/site-packages/airflow/example_dags/example_time_delta_sensor_async.py took 0.082 seconds
[2024-04-06T09:43:54.688+0000] {processor.py:153} INFO - Started process (PID=1171) to work on /home/airflow/.local/lib/python3.7/site-packages/airflow/example_dags/example_time_delta_sensor_async.py
[2024-04-06T09:43:54.689+0000] {processor.py:743} INFO - Processing file /home/airflow/.local/lib/python3.7/site-packages/airflow/example_dags/example_time_delta_sensor_async.py for tasks to queue
[2024-04-06T09:43:54.690+0000] {logging_mixin.py:137} INFO - [2024-04-06T09:43:54.690+0000] {dagbag.py:538} INFO - Filling up the DagBag from /home/airflow/.local/lib/python3.7/site-packages/airflow/example_dags/example_time_delta_sensor_async.py
[2024-04-06T09:43:54.702+0000] {processor.py:753} INFO - DAG(s) dict_keys(['example_time_delta_sensor_async']) retrieved from /home/airflow/.local/lib/python3.7/site-packages/airflow/example_dags/example_time_delta_sensor_async.py
[2024-04-06T09:43:54.724+0000] {logging_mixin.py:137} INFO - [2024-04-06T09:43:54.724+0000] {dag.py:2690} INFO - Sync 1 DAGs
[2024-04-06T09:43:54.748+0000] {logging_mixin.py:137} INFO - [2024-04-06T09:43:54.748+0000] {dag.py:3441} INFO - Setting next_dagrun for example_time_delta_sensor_async to None, run_after=None
[2024-04-06T09:43:54.763+0000] {processor.py:175} INFO - Processing /home/airflow/.local/lib/python3.7/site-packages/airflow/example_dags/example_time_delta_sensor_async.py took 0.078 seconds
[2024-04-06T09:44:25.264+0000] {processor.py:153} INFO - Started process (PID=1259) to work on /home/airflow/.local/lib/python3.7/site-packages/airflow/example_dags/example_time_delta_sensor_async.py
[2024-04-06T09:44:25.266+0000] {processor.py:743} INFO - Processing file /home/airflow/.local/lib/python3.7/site-packages/airflow/example_dags/example_time_delta_sensor_async.py for tasks to queue
[2024-04-06T09:44:25.267+0000] {logging_mixin.py:137} INFO - [2024-04-06T09:44:25.266+0000] {dagbag.py:538} INFO - Filling up the DagBag from /home/airflow/.local/lib/python3.7/site-packages/airflow/example_dags/example_time_delta_sensor_async.py
[2024-04-06T09:44:25.283+0000] {processor.py:753} INFO - DAG(s) dict_keys(['example_time_delta_sensor_async']) retrieved from /home/airflow/.local/lib/python3.7/site-packages/airflow/example_dags/example_time_delta_sensor_async.py
[2024-04-06T09:44:25.312+0000] {logging_mixin.py:137} INFO - [2024-04-06T09:44:25.312+0000] {dag.py:2690} INFO - Sync 1 DAGs
[2024-04-06T09:44:25.339+0000] {logging_mixin.py:137} INFO - [2024-04-06T09:44:25.339+0000] {dag.py:3441} INFO - Setting next_dagrun for example_time_delta_sensor_async to None, run_after=None
[2024-04-06T09:44:25.365+0000] {processor.py:175} INFO - Processing /home/airflow/.local/lib/python3.7/site-packages/airflow/example_dags/example_time_delta_sensor_async.py took 0.104 seconds
[2024-04-06T09:44:55.690+0000] {processor.py:153} INFO - Started process (PID=1331) to work on /home/airflow/.local/lib/python3.7/site-packages/airflow/example_dags/example_time_delta_sensor_async.py
[2024-04-06T09:44:55.692+0000] {processor.py:743} INFO - Processing file /home/airflow/.local/lib/python3.7/site-packages/airflow/example_dags/example_time_delta_sensor_async.py for tasks to queue
[2024-04-06T09:44:55.693+0000] {logging_mixin.py:137} INFO - [2024-04-06T09:44:55.693+0000] {dagbag.py:538} INFO - Filling up the DagBag from /home/airflow/.local/lib/python3.7/site-packages/airflow/example_dags/example_time_delta_sensor_async.py
[2024-04-06T09:44:55.706+0000] {processor.py:753} INFO - DAG(s) dict_keys(['example_time_delta_sensor_async']) retrieved from /home/airflow/.local/lib/python3.7/site-packages/airflow/example_dags/example_time_delta_sensor_async.py
[2024-04-06T09:44:55.727+0000] {logging_mixin.py:137} INFO - [2024-04-06T09:44:55.727+0000] {dag.py:2690} INFO - Sync 1 DAGs
[2024-04-06T09:44:55.749+0000] {logging_mixin.py:137} INFO - [2024-04-06T09:44:55.749+0000] {dag.py:3441} INFO - Setting next_dagrun for example_time_delta_sensor_async to None, run_after=None
[2024-04-06T09:44:55.765+0000] {processor.py:175} INFO - Processing /home/airflow/.local/lib/python3.7/site-packages/airflow/example_dags/example_time_delta_sensor_async.py took 0.078 seconds
[2024-04-06T09:45:26.036+0000] {processor.py:153} INFO - Started process (PID=1419) to work on /home/airflow/.local/lib/python3.7/site-packages/airflow/example_dags/example_time_delta_sensor_async.py
[2024-04-06T09:45:26.037+0000] {processor.py:743} INFO - Processing file /home/airflow/.local/lib/python3.7/site-packages/airflow/example_dags/example_time_delta_sensor_async.py for tasks to queue
[2024-04-06T09:45:26.038+0000] {logging_mixin.py:137} INFO - [2024-04-06T09:45:26.038+0000] {dagbag.py:538} INFO - Filling up the DagBag from /home/airflow/.local/lib/python3.7/site-packages/airflow/example_dags/example_time_delta_sensor_async.py
[2024-04-06T09:45:26.049+0000] {processor.py:753} INFO - DAG(s) dict_keys(['example_time_delta_sensor_async']) retrieved from /home/airflow/.local/lib/python3.7/site-packages/airflow/example_dags/example_time_delta_sensor_async.py
[2024-04-06T09:45:26.074+0000] {logging_mixin.py:137} INFO - [2024-04-06T09:45:26.074+0000] {dag.py:2690} INFO - Sync 1 DAGs
[2024-04-06T09:45:26.111+0000] {logging_mixin.py:137} INFO - [2024-04-06T09:45:26.111+0000] {dag.py:3441} INFO - Setting next_dagrun for example_time_delta_sensor_async to None, run_after=None
[2024-04-06T09:45:26.133+0000] {processor.py:175} INFO - Processing /home/airflow/.local/lib/python3.7/site-packages/airflow/example_dags/example_time_delta_sensor_async.py took 0.099 seconds
[2024-04-06T09:45:56.331+0000] {processor.py:153} INFO - Started process (PID=1491) to work on /home/airflow/.local/lib/python3.7/site-packages/airflow/example_dags/example_time_delta_sensor_async.py
[2024-04-06T09:45:56.332+0000] {processor.py:743} INFO - Processing file /home/airflow/.local/lib/python3.7/site-packages/airflow/example_dags/example_time_delta_sensor_async.py for tasks to queue
[2024-04-06T09:45:56.332+0000] {logging_mixin.py:137} INFO - [2024-04-06T09:45:56.332+0000] {dagbag.py:538} INFO - Filling up the DagBag from /home/airflow/.local/lib/python3.7/site-packages/airflow/example_dags/example_time_delta_sensor_async.py
[2024-04-06T09:45:56.347+0000] {processor.py:753} INFO - DAG(s) dict_keys(['example_time_delta_sensor_async']) retrieved from /home/airflow/.local/lib/python3.7/site-packages/airflow/example_dags/example_time_delta_sensor_async.py
[2024-04-06T09:45:56.373+0000] {logging_mixin.py:137} INFO - [2024-04-06T09:45:56.373+0000] {dag.py:2690} INFO - Sync 1 DAGs
[2024-04-06T09:45:56.406+0000] {logging_mixin.py:137} INFO - [2024-04-06T09:45:56.405+0000] {dag.py:3441} INFO - Setting next_dagrun for example_time_delta_sensor_async to None, run_after=None
[2024-04-06T09:45:56.447+0000] {processor.py:175} INFO - Processing /home/airflow/.local/lib/python3.7/site-packages/airflow/example_dags/example_time_delta_sensor_async.py took 0.119 seconds
[2024-04-06T09:46:26.807+0000] {processor.py:153} INFO - Started process (PID=1578) to work on /home/airflow/.local/lib/python3.7/site-packages/airflow/example_dags/example_time_delta_sensor_async.py
[2024-04-06T09:46:26.808+0000] {processor.py:743} INFO - Processing file /home/airflow/.local/lib/python3.7/site-packages/airflow/example_dags/example_time_delta_sensor_async.py for tasks to queue
[2024-04-06T09:46:26.809+0000] {logging_mixin.py:137} INFO - [2024-04-06T09:46:26.809+0000] {dagbag.py:538} INFO - Filling up the DagBag from /home/airflow/.local/lib/python3.7/site-packages/airflow/example_dags/example_time_delta_sensor_async.py
[2024-04-06T09:46:26.822+0000] {processor.py:753} INFO - DAG(s) dict_keys(['example_time_delta_sensor_async']) retrieved from /home/airflow/.local/lib/python3.7/site-packages/airflow/example_dags/example_time_delta_sensor_async.py
[2024-04-06T09:46:26.854+0000] {logging_mixin.py:137} INFO - [2024-04-06T09:46:26.854+0000] {dag.py:2690} INFO - Sync 1 DAGs
[2024-04-06T09:46:26.882+0000] {logging_mixin.py:137} INFO - [2024-04-06T09:46:26.882+0000] {dag.py:3441} INFO - Setting next_dagrun for example_time_delta_sensor_async to None, run_after=None
[2024-04-06T09:46:26.905+0000] {processor.py:175} INFO - Processing /home/airflow/.local/lib/python3.7/site-packages/airflow/example_dags/example_time_delta_sensor_async.py took 0.101 seconds
[2024-04-06T09:46:57.203+0000] {processor.py:153} INFO - Started process (PID=1650) to work on /home/airflow/.local/lib/python3.7/site-packages/airflow/example_dags/example_time_delta_sensor_async.py
[2024-04-06T09:46:57.204+0000] {processor.py:743} INFO - Processing file /home/airflow/.local/lib/python3.7/site-packages/airflow/example_dags/example_time_delta_sensor_async.py for tasks to queue
[2024-04-06T09:46:57.204+0000] {logging_mixin.py:137} INFO - [2024-04-06T09:46:57.204+0000] {dagbag.py:538} INFO - Filling up the DagBag from /home/airflow/.local/lib/python3.7/site-packages/airflow/example_dags/example_time_delta_sensor_async.py
[2024-04-06T09:46:57.214+0000] {processor.py:753} INFO - DAG(s) dict_keys(['example_time_delta_sensor_async']) retrieved from /home/airflow/.local/lib/python3.7/site-packages/airflow/example_dags/example_time_delta_sensor_async.py
[2024-04-06T09:46:57.241+0000] {logging_mixin.py:137} INFO - [2024-04-06T09:46:57.241+0000] {dag.py:2690} INFO - Sync 1 DAGs
[2024-04-06T09:46:57.277+0000] {logging_mixin.py:137} INFO - [2024-04-06T09:46:57.277+0000] {dag.py:3441} INFO - Setting next_dagrun for example_time_delta_sensor_async to None, run_after=None
[2024-04-06T09:46:57.296+0000] {processor.py:175} INFO - Processing /home/airflow/.local/lib/python3.7/site-packages/airflow/example_dags/example_time_delta_sensor_async.py took 0.096 seconds
[2024-04-06T09:47:27.714+0000] {processor.py:153} INFO - Started process (PID=1738) to work on /home/airflow/.local/lib/python3.7/site-packages/airflow/example_dags/example_time_delta_sensor_async.py
[2024-04-06T09:47:27.716+0000] {processor.py:743} INFO - Processing file /home/airflow/.local/lib/python3.7/site-packages/airflow/example_dags/example_time_delta_sensor_async.py for tasks to queue
[2024-04-06T09:47:27.717+0000] {logging_mixin.py:137} INFO - [2024-04-06T09:47:27.717+0000] {dagbag.py:538} INFO - Filling up the DagBag from /home/airflow/.local/lib/python3.7/site-packages/airflow/example_dags/example_time_delta_sensor_async.py
[2024-04-06T09:47:27.727+0000] {processor.py:753} INFO - DAG(s) dict_keys(['example_time_delta_sensor_async']) retrieved from /home/airflow/.local/lib/python3.7/site-packages/airflow/example_dags/example_time_delta_sensor_async.py
[2024-04-06T09:47:27.757+0000] {logging_mixin.py:137} INFO - [2024-04-06T09:47:27.756+0000] {dag.py:2690} INFO - Sync 1 DAGs
[2024-04-06T09:47:27.791+0000] {logging_mixin.py:137} INFO - [2024-04-06T09:47:27.791+0000] {dag.py:3441} INFO - Setting next_dagrun for example_time_delta_sensor_async to None, run_after=None
[2024-04-06T09:47:27.814+0000] {processor.py:175} INFO - Processing /home/airflow/.local/lib/python3.7/site-packages/airflow/example_dags/example_time_delta_sensor_async.py took 0.102 seconds
[2024-04-06T09:47:57.912+0000] {processor.py:153} INFO - Started process (PID=1810) to work on /home/airflow/.local/lib/python3.7/site-packages/airflow/example_dags/example_time_delta_sensor_async.py
[2024-04-06T09:47:57.915+0000] {processor.py:743} INFO - Processing file /home/airflow/.local/lib/python3.7/site-packages/airflow/example_dags/example_time_delta_sensor_async.py for tasks to queue
[2024-04-06T09:47:57.916+0000] {logging_mixin.py:137} INFO - [2024-04-06T09:47:57.915+0000] {dagbag.py:538} INFO - Filling up the DagBag from /home/airflow/.local/lib/python3.7/site-packages/airflow/example_dags/example_time_delta_sensor_async.py
[2024-04-06T09:47:57.929+0000] {processor.py:753} INFO - DAG(s) dict_keys(['example_time_delta_sensor_async']) retrieved from /home/airflow/.local/lib/python3.7/site-packages/airflow/example_dags/example_time_delta_sensor_async.py
[2024-04-06T09:47:57.950+0000] {logging_mixin.py:137} INFO - [2024-04-06T09:47:57.950+0000] {dag.py:2690} INFO - Sync 1 DAGs
[2024-04-06T09:47:57.970+0000] {logging_mixin.py:137} INFO - [2024-04-06T09:47:57.970+0000] {dag.py:3441} INFO - Setting next_dagrun for example_time_delta_sensor_async to None, run_after=None
[2024-04-06T09:47:57.987+0000] {processor.py:175} INFO - Processing /home/airflow/.local/lib/python3.7/site-packages/airflow/example_dags/example_time_delta_sensor_async.py took 0.076 seconds
[2024-04-06T09:48:28.221+0000] {processor.py:153} INFO - Started process (PID=1898) to work on /home/airflow/.local/lib/python3.7/site-packages/airflow/example_dags/example_time_delta_sensor_async.py
[2024-04-06T09:48:28.222+0000] {processor.py:743} INFO - Processing file /home/airflow/.local/lib/python3.7/site-packages/airflow/example_dags/example_time_delta_sensor_async.py for tasks to queue
[2024-04-06T09:48:28.223+0000] {logging_mixin.py:137} INFO - [2024-04-06T09:48:28.223+0000] {dagbag.py:538} INFO - Filling up the DagBag from /home/airflow/.local/lib/python3.7/site-packages/airflow/example_dags/example_time_delta_sensor_async.py
[2024-04-06T09:48:28.241+0000] {processor.py:753} INFO - DAG(s) dict_keys(['example_time_delta_sensor_async']) retrieved from /home/airflow/.local/lib/python3.7/site-packages/airflow/example_dags/example_time_delta_sensor_async.py
[2024-04-06T09:48:28.277+0000] {logging_mixin.py:137} INFO - [2024-04-06T09:48:28.276+0000] {dag.py:2690} INFO - Sync 1 DAGs
[2024-04-06T09:48:28.318+0000] {logging_mixin.py:137} INFO - [2024-04-06T09:48:28.318+0000] {dag.py:3441} INFO - Setting next_dagrun for example_time_delta_sensor_async to None, run_after=None
[2024-04-06T09:48:28.347+0000] {processor.py:175} INFO - Processing /home/airflow/.local/lib/python3.7/site-packages/airflow/example_dags/example_time_delta_sensor_async.py took 0.130 seconds
[2024-04-06T09:48:58.834+0000] {processor.py:153} INFO - Started process (PID=1970) to work on /home/airflow/.local/lib/python3.7/site-packages/airflow/example_dags/example_time_delta_sensor_async.py
[2024-04-06T09:48:58.834+0000] {processor.py:743} INFO - Processing file /home/airflow/.local/lib/python3.7/site-packages/airflow/example_dags/example_time_delta_sensor_async.py for tasks to queue
[2024-04-06T09:48:58.835+0000] {logging_mixin.py:137} INFO - [2024-04-06T09:48:58.835+0000] {dagbag.py:538} INFO - Filling up the DagBag from /home/airflow/.local/lib/python3.7/site-packages/airflow/example_dags/example_time_delta_sensor_async.py
[2024-04-06T09:48:58.856+0000] {processor.py:753} INFO - DAG(s) dict_keys(['example_time_delta_sensor_async']) retrieved from /home/airflow/.local/lib/python3.7/site-packages/airflow/example_dags/example_time_delta_sensor_async.py
[2024-04-06T09:48:58.897+0000] {logging_mixin.py:137} INFO - [2024-04-06T09:48:58.897+0000] {dag.py:2690} INFO - Sync 1 DAGs
[2024-04-06T09:48:58.925+0000] {logging_mixin.py:137} INFO - [2024-04-06T09:48:58.925+0000] {dag.py:3441} INFO - Setting next_dagrun for example_time_delta_sensor_async to None, run_after=None
[2024-04-06T09:48:58.943+0000] {processor.py:175} INFO - Processing /home/airflow/.local/lib/python3.7/site-packages/airflow/example_dags/example_time_delta_sensor_async.py took 0.113 seconds
[2024-04-06T09:50:12.958+0000] {processor.py:153} INFO - Started process (PID=58) to work on /home/airflow/.local/lib/python3.7/site-packages/airflow/example_dags/example_time_delta_sensor_async.py
[2024-04-06T09:50:12.961+0000] {processor.py:743} INFO - Processing file /home/airflow/.local/lib/python3.7/site-packages/airflow/example_dags/example_time_delta_sensor_async.py for tasks to queue
[2024-04-06T09:50:12.962+0000] {logging_mixin.py:137} INFO - [2024-04-06T09:50:12.962+0000] {dagbag.py:538} INFO - Filling up the DagBag from /home/airflow/.local/lib/python3.7/site-packages/airflow/example_dags/example_time_delta_sensor_async.py
[2024-04-06T09:50:12.982+0000] {processor.py:753} INFO - DAG(s) dict_keys(['example_time_delta_sensor_async']) retrieved from /home/airflow/.local/lib/python3.7/site-packages/airflow/example_dags/example_time_delta_sensor_async.py
[2024-04-06T09:50:13.022+0000] {logging_mixin.py:137} INFO - [2024-04-06T09:50:13.021+0000] {dag.py:2690} INFO - Sync 1 DAGs
[2024-04-06T09:50:13.067+0000] {logging_mixin.py:137} INFO - [2024-04-06T09:50:13.067+0000] {dag.py:3441} INFO - Setting next_dagrun for example_time_delta_sensor_async to None, run_after=None
[2024-04-06T09:50:13.095+0000] {processor.py:175} INFO - Processing /home/airflow/.local/lib/python3.7/site-packages/airflow/example_dags/example_time_delta_sensor_async.py took 0.140 seconds
[2024-04-06T09:50:44.587+0000] {processor.py:153} INFO - Started process (PID=124) to work on /home/airflow/.local/lib/python3.7/site-packages/airflow/example_dags/example_time_delta_sensor_async.py
[2024-04-06T09:50:44.588+0000] {processor.py:743} INFO - Processing file /home/airflow/.local/lib/python3.7/site-packages/airflow/example_dags/example_time_delta_sensor_async.py for tasks to queue
[2024-04-06T09:50:44.589+0000] {logging_mixin.py:137} INFO - [2024-04-06T09:50:44.589+0000] {dagbag.py:538} INFO - Filling up the DagBag from /home/airflow/.local/lib/python3.7/site-packages/airflow/example_dags/example_time_delta_sensor_async.py
[2024-04-06T09:50:44.608+0000] {processor.py:753} INFO - DAG(s) dict_keys(['example_time_delta_sensor_async']) retrieved from /home/airflow/.local/lib/python3.7/site-packages/airflow/example_dags/example_time_delta_sensor_async.py
[2024-04-06T09:50:44.645+0000] {logging_mixin.py:137} INFO - [2024-04-06T09:50:44.644+0000] {dag.py:2690} INFO - Sync 1 DAGs
[2024-04-06T09:50:44.683+0000] {logging_mixin.py:137} INFO - [2024-04-06T09:50:44.682+0000] {dag.py:3441} INFO - Setting next_dagrun for example_time_delta_sensor_async to None, run_after=None
[2024-04-06T09:50:44.709+0000] {processor.py:175} INFO - Processing /home/airflow/.local/lib/python3.7/site-packages/airflow/example_dags/example_time_delta_sensor_async.py took 0.127 seconds
[2024-04-06T09:51:14.901+0000] {processor.py:153} INFO - Started process (PID=213) to work on /home/airflow/.local/lib/python3.7/site-packages/airflow/example_dags/example_time_delta_sensor_async.py
[2024-04-06T09:51:14.902+0000] {processor.py:743} INFO - Processing file /home/airflow/.local/lib/python3.7/site-packages/airflow/example_dags/example_time_delta_sensor_async.py for tasks to queue
[2024-04-06T09:51:14.902+0000] {logging_mixin.py:137} INFO - [2024-04-06T09:51:14.902+0000] {dagbag.py:538} INFO - Filling up the DagBag from /home/airflow/.local/lib/python3.7/site-packages/airflow/example_dags/example_time_delta_sensor_async.py
[2024-04-06T09:51:14.914+0000] {processor.py:753} INFO - DAG(s) dict_keys(['example_time_delta_sensor_async']) retrieved from /home/airflow/.local/lib/python3.7/site-packages/airflow/example_dags/example_time_delta_sensor_async.py
[2024-04-06T09:51:14.941+0000] {logging_mixin.py:137} INFO - [2024-04-06T09:51:14.940+0000] {dag.py:2690} INFO - Sync 1 DAGs
[2024-04-06T09:51:14.967+0000] {logging_mixin.py:137} INFO - [2024-04-06T09:51:14.967+0000] {dag.py:3441} INFO - Setting next_dagrun for example_time_delta_sensor_async to None, run_after=None
[2024-04-06T09:51:14.987+0000] {processor.py:175} INFO - Processing /home/airflow/.local/lib/python3.7/site-packages/airflow/example_dags/example_time_delta_sensor_async.py took 0.089 seconds
[2024-04-06T09:58:24.226+0000] {processor.py:153} INFO - Started process (PID=62) to work on /home/airflow/.local/lib/python3.7/site-packages/airflow/example_dags/example_time_delta_sensor_async.py
[2024-04-06T09:58:24.227+0000] {processor.py:743} INFO - Processing file /home/airflow/.local/lib/python3.7/site-packages/airflow/example_dags/example_time_delta_sensor_async.py for tasks to queue
[2024-04-06T09:58:24.228+0000] {logging_mixin.py:137} INFO - [2024-04-06T09:58:24.228+0000] {dagbag.py:538} INFO - Filling up the DagBag from /home/airflow/.local/lib/python3.7/site-packages/airflow/example_dags/example_time_delta_sensor_async.py
[2024-04-06T09:58:24.243+0000] {processor.py:753} INFO - DAG(s) dict_keys(['example_time_delta_sensor_async']) retrieved from /home/airflow/.local/lib/python3.7/site-packages/airflow/example_dags/example_time_delta_sensor_async.py
[2024-04-06T09:58:24.257+0000] {logging_mixin.py:137} INFO - [2024-04-06T09:58:24.257+0000] {dag.py:2690} INFO - Sync 1 DAGs
[2024-04-06T09:58:24.286+0000] {logging_mixin.py:137} INFO - [2024-04-06T09:58:24.286+0000] {dag.py:3441} INFO - Setting next_dagrun for example_time_delta_sensor_async to None, run_after=None
[2024-04-06T09:58:24.307+0000] {processor.py:175} INFO - Processing /home/airflow/.local/lib/python3.7/site-packages/airflow/example_dags/example_time_delta_sensor_async.py took 0.084 seconds
[2024-04-06T09:58:54.376+0000] {processor.py:153} INFO - Started process (PID=141) to work on /home/airflow/.local/lib/python3.7/site-packages/airflow/example_dags/example_time_delta_sensor_async.py
[2024-04-06T09:58:54.377+0000] {processor.py:743} INFO - Processing file /home/airflow/.local/lib/python3.7/site-packages/airflow/example_dags/example_time_delta_sensor_async.py for tasks to queue
[2024-04-06T09:58:54.378+0000] {logging_mixin.py:137} INFO - [2024-04-06T09:58:54.378+0000] {dagbag.py:538} INFO - Filling up the DagBag from /home/airflow/.local/lib/python3.7/site-packages/airflow/example_dags/example_time_delta_sensor_async.py
[2024-04-06T09:58:54.390+0000] {processor.py:753} INFO - DAG(s) dict_keys(['example_time_delta_sensor_async']) retrieved from /home/airflow/.local/lib/python3.7/site-packages/airflow/example_dags/example_time_delta_sensor_async.py
[2024-04-06T09:58:54.404+0000] {logging_mixin.py:137} INFO - [2024-04-06T09:58:54.403+0000] {dag.py:2690} INFO - Sync 1 DAGs
[2024-04-06T09:58:54.436+0000] {logging_mixin.py:137} INFO - [2024-04-06T09:58:54.436+0000] {dag.py:3441} INFO - Setting next_dagrun for example_time_delta_sensor_async to None, run_after=None
[2024-04-06T09:58:54.454+0000] {processor.py:175} INFO - Processing /home/airflow/.local/lib/python3.7/site-packages/airflow/example_dags/example_time_delta_sensor_async.py took 0.081 seconds
[2024-04-06T09:59:25.938+0000] {processor.py:153} INFO - Started process (PID=214) to work on /home/airflow/.local/lib/python3.7/site-packages/airflow/example_dags/example_time_delta_sensor_async.py
[2024-04-06T09:59:25.948+0000] {processor.py:743} INFO - Processing file /home/airflow/.local/lib/python3.7/site-packages/airflow/example_dags/example_time_delta_sensor_async.py for tasks to queue
[2024-04-06T09:59:25.949+0000] {logging_mixin.py:137} INFO - [2024-04-06T09:59:25.949+0000] {dagbag.py:538} INFO - Filling up the DagBag from /home/airflow/.local/lib/python3.7/site-packages/airflow/example_dags/example_time_delta_sensor_async.py
[2024-04-06T09:59:25.962+0000] {processor.py:753} INFO - DAG(s) dict_keys(['example_time_delta_sensor_async']) retrieved from /home/airflow/.local/lib/python3.7/site-packages/airflow/example_dags/example_time_delta_sensor_async.py
[2024-04-06T09:59:25.986+0000] {logging_mixin.py:137} INFO - [2024-04-06T09:59:25.986+0000] {dag.py:2690} INFO - Sync 1 DAGs
[2024-04-06T09:59:26.009+0000] {logging_mixin.py:137} INFO - [2024-04-06T09:59:26.009+0000] {dag.py:3441} INFO - Setting next_dagrun for example_time_delta_sensor_async to None, run_after=None
[2024-04-06T09:59:26.027+0000] {processor.py:175} INFO - Processing /home/airflow/.local/lib/python3.7/site-packages/airflow/example_dags/example_time_delta_sensor_async.py took 0.093 seconds
[2024-04-06T09:59:56.680+0000] {processor.py:153} INFO - Started process (PID=285) to work on /home/airflow/.local/lib/python3.7/site-packages/airflow/example_dags/example_time_delta_sensor_async.py
[2024-04-06T09:59:56.681+0000] {processor.py:743} INFO - Processing file /home/airflow/.local/lib/python3.7/site-packages/airflow/example_dags/example_time_delta_sensor_async.py for tasks to queue
[2024-04-06T09:59:56.681+0000] {logging_mixin.py:137} INFO - [2024-04-06T09:59:56.681+0000] {dagbag.py:538} INFO - Filling up the DagBag from /home/airflow/.local/lib/python3.7/site-packages/airflow/example_dags/example_time_delta_sensor_async.py
[2024-04-06T09:59:56.696+0000] {processor.py:753} INFO - DAG(s) dict_keys(['example_time_delta_sensor_async']) retrieved from /home/airflow/.local/lib/python3.7/site-packages/airflow/example_dags/example_time_delta_sensor_async.py
[2024-04-06T09:59:56.726+0000] {logging_mixin.py:137} INFO - [2024-04-06T09:59:56.726+0000] {dag.py:2690} INFO - Sync 1 DAGs
[2024-04-06T09:59:56.761+0000] {logging_mixin.py:137} INFO - [2024-04-06T09:59:56.761+0000] {dag.py:3441} INFO - Setting next_dagrun for example_time_delta_sensor_async to None, run_after=None
[2024-04-06T09:59:56.791+0000] {processor.py:175} INFO - Processing /home/airflow/.local/lib/python3.7/site-packages/airflow/example_dags/example_time_delta_sensor_async.py took 0.115 seconds
[2024-04-06T10:00:27.095+0000] {processor.py:153} INFO - Started process (PID=357) to work on /home/airflow/.local/lib/python3.7/site-packages/airflow/example_dags/example_time_delta_sensor_async.py
[2024-04-06T10:00:27.096+0000] {processor.py:743} INFO - Processing file /home/airflow/.local/lib/python3.7/site-packages/airflow/example_dags/example_time_delta_sensor_async.py for tasks to queue
[2024-04-06T10:00:27.097+0000] {logging_mixin.py:137} INFO - [2024-04-06T10:00:27.097+0000] {dagbag.py:538} INFO - Filling up the DagBag from /home/airflow/.local/lib/python3.7/site-packages/airflow/example_dags/example_time_delta_sensor_async.py
[2024-04-06T10:00:27.109+0000] {processor.py:753} INFO - DAG(s) dict_keys(['example_time_delta_sensor_async']) retrieved from /home/airflow/.local/lib/python3.7/site-packages/airflow/example_dags/example_time_delta_sensor_async.py
[2024-04-06T10:00:27.133+0000] {logging_mixin.py:137} INFO - [2024-04-06T10:00:27.133+0000] {dag.py:2690} INFO - Sync 1 DAGs
[2024-04-06T10:00:27.158+0000] {logging_mixin.py:137} INFO - [2024-04-06T10:00:27.158+0000] {dag.py:3441} INFO - Setting next_dagrun for example_time_delta_sensor_async to None, run_after=None
[2024-04-06T10:00:27.176+0000] {processor.py:175} INFO - Processing /home/airflow/.local/lib/python3.7/site-packages/airflow/example_dags/example_time_delta_sensor_async.py took 0.084 seconds
[2024-04-06T10:00:57.930+0000] {processor.py:153} INFO - Started process (PID=445) to work on /home/airflow/.local/lib/python3.7/site-packages/airflow/example_dags/example_time_delta_sensor_async.py
[2024-04-06T10:00:57.930+0000] {processor.py:743} INFO - Processing file /home/airflow/.local/lib/python3.7/site-packages/airflow/example_dags/example_time_delta_sensor_async.py for tasks to queue
[2024-04-06T10:00:57.931+0000] {logging_mixin.py:137} INFO - [2024-04-06T10:00:57.931+0000] {dagbag.py:538} INFO - Filling up the DagBag from /home/airflow/.local/lib/python3.7/site-packages/airflow/example_dags/example_time_delta_sensor_async.py
[2024-04-06T10:00:57.942+0000] {processor.py:753} INFO - DAG(s) dict_keys(['example_time_delta_sensor_async']) retrieved from /home/airflow/.local/lib/python3.7/site-packages/airflow/example_dags/example_time_delta_sensor_async.py
[2024-04-06T10:00:57.964+0000] {logging_mixin.py:137} INFO - [2024-04-06T10:00:57.964+0000] {dag.py:2690} INFO - Sync 1 DAGs
[2024-04-06T10:00:57.986+0000] {logging_mixin.py:137} INFO - [2024-04-06T10:00:57.986+0000] {dag.py:3441} INFO - Setting next_dagrun for example_time_delta_sensor_async to None, run_after=None
[2024-04-06T10:00:58.003+0000] {processor.py:175} INFO - Processing /home/airflow/.local/lib/python3.7/site-packages/airflow/example_dags/example_time_delta_sensor_async.py took 0.076 seconds
[2024-04-06T10:01:28.264+0000] {processor.py:153} INFO - Started process (PID=517) to work on /home/airflow/.local/lib/python3.7/site-packages/airflow/example_dags/example_time_delta_sensor_async.py
[2024-04-06T10:01:28.264+0000] {processor.py:743} INFO - Processing file /home/airflow/.local/lib/python3.7/site-packages/airflow/example_dags/example_time_delta_sensor_async.py for tasks to queue
[2024-04-06T10:01:28.265+0000] {logging_mixin.py:137} INFO - [2024-04-06T10:01:28.265+0000] {dagbag.py:538} INFO - Filling up the DagBag from /home/airflow/.local/lib/python3.7/site-packages/airflow/example_dags/example_time_delta_sensor_async.py
[2024-04-06T10:01:28.276+0000] {processor.py:753} INFO - DAG(s) dict_keys(['example_time_delta_sensor_async']) retrieved from /home/airflow/.local/lib/python3.7/site-packages/airflow/example_dags/example_time_delta_sensor_async.py
[2024-04-06T10:01:28.299+0000] {logging_mixin.py:137} INFO - [2024-04-06T10:01:28.299+0000] {dag.py:2690} INFO - Sync 1 DAGs
[2024-04-06T10:01:28.322+0000] {logging_mixin.py:137} INFO - [2024-04-06T10:01:28.322+0000] {dag.py:3441} INFO - Setting next_dagrun for example_time_delta_sensor_async to None, run_after=None
[2024-04-06T10:01:28.339+0000] {processor.py:175} INFO - Processing /home/airflow/.local/lib/python3.7/site-packages/airflow/example_dags/example_time_delta_sensor_async.py took 0.078 seconds
[2024-04-06T10:01:58.605+0000] {processor.py:153} INFO - Started process (PID=605) to work on /home/airflow/.local/lib/python3.7/site-packages/airflow/example_dags/example_time_delta_sensor_async.py
[2024-04-06T10:01:58.605+0000] {processor.py:743} INFO - Processing file /home/airflow/.local/lib/python3.7/site-packages/airflow/example_dags/example_time_delta_sensor_async.py for tasks to queue
[2024-04-06T10:01:58.606+0000] {logging_mixin.py:137} INFO - [2024-04-06T10:01:58.606+0000] {dagbag.py:538} INFO - Filling up the DagBag from /home/airflow/.local/lib/python3.7/site-packages/airflow/example_dags/example_time_delta_sensor_async.py
[2024-04-06T10:01:58.616+0000] {processor.py:753} INFO - DAG(s) dict_keys(['example_time_delta_sensor_async']) retrieved from /home/airflow/.local/lib/python3.7/site-packages/airflow/example_dags/example_time_delta_sensor_async.py
[2024-04-06T10:01:58.636+0000] {logging_mixin.py:137} INFO - [2024-04-06T10:01:58.635+0000] {dag.py:2690} INFO - Sync 1 DAGs
[2024-04-06T10:01:58.655+0000] {logging_mixin.py:137} INFO - [2024-04-06T10:01:58.655+0000] {dag.py:3441} INFO - Setting next_dagrun for example_time_delta_sensor_async to None, run_after=None
[2024-04-06T10:01:58.670+0000] {processor.py:175} INFO - Processing /home/airflow/.local/lib/python3.7/site-packages/airflow/example_dags/example_time_delta_sensor_async.py took 0.068 seconds
[2024-04-06T10:02:29.141+0000] {processor.py:153} INFO - Started process (PID=677) to work on /home/airflow/.local/lib/python3.7/site-packages/airflow/example_dags/example_time_delta_sensor_async.py
[2024-04-06T10:02:29.142+0000] {processor.py:743} INFO - Processing file /home/airflow/.local/lib/python3.7/site-packages/airflow/example_dags/example_time_delta_sensor_async.py for tasks to queue
[2024-04-06T10:02:29.142+0000] {logging_mixin.py:137} INFO - [2024-04-06T10:02:29.142+0000] {dagbag.py:538} INFO - Filling up the DagBag from /home/airflow/.local/lib/python3.7/site-packages/airflow/example_dags/example_time_delta_sensor_async.py
[2024-04-06T10:02:29.157+0000] {processor.py:753} INFO - DAG(s) dict_keys(['example_time_delta_sensor_async']) retrieved from /home/airflow/.local/lib/python3.7/site-packages/airflow/example_dags/example_time_delta_sensor_async.py
[2024-04-06T10:02:29.181+0000] {logging_mixin.py:137} INFO - [2024-04-06T10:02:29.181+0000] {dag.py:2690} INFO - Sync 1 DAGs
[2024-04-06T10:02:29.207+0000] {logging_mixin.py:137} INFO - [2024-04-06T10:02:29.207+0000] {dag.py:3441} INFO - Setting next_dagrun for example_time_delta_sensor_async to None, run_after=None
[2024-04-06T10:02:29.225+0000] {processor.py:175} INFO - Processing /home/airflow/.local/lib/python3.7/site-packages/airflow/example_dags/example_time_delta_sensor_async.py took 0.086 seconds
[2024-04-06T10:02:59.807+0000] {processor.py:153} INFO - Started process (PID=765) to work on /home/airflow/.local/lib/python3.7/site-packages/airflow/example_dags/example_time_delta_sensor_async.py
[2024-04-06T10:02:59.808+0000] {processor.py:743} INFO - Processing file /home/airflow/.local/lib/python3.7/site-packages/airflow/example_dags/example_time_delta_sensor_async.py for tasks to queue
[2024-04-06T10:02:59.809+0000] {logging_mixin.py:137} INFO - [2024-04-06T10:02:59.808+0000] {dagbag.py:538} INFO - Filling up the DagBag from /home/airflow/.local/lib/python3.7/site-packages/airflow/example_dags/example_time_delta_sensor_async.py
[2024-04-06T10:02:59.818+0000] {processor.py:753} INFO - DAG(s) dict_keys(['example_time_delta_sensor_async']) retrieved from /home/airflow/.local/lib/python3.7/site-packages/airflow/example_dags/example_time_delta_sensor_async.py
[2024-04-06T10:02:59.841+0000] {logging_mixin.py:137} INFO - [2024-04-06T10:02:59.841+0000] {dag.py:2690} INFO - Sync 1 DAGs
[2024-04-06T10:02:59.863+0000] {logging_mixin.py:137} INFO - [2024-04-06T10:02:59.863+0000] {dag.py:3441} INFO - Setting next_dagrun for example_time_delta_sensor_async to None, run_after=None
[2024-04-06T10:02:59.878+0000] {processor.py:175} INFO - Processing /home/airflow/.local/lib/python3.7/site-packages/airflow/example_dags/example_time_delta_sensor_async.py took 0.073 seconds
[2024-04-06T10:03:30.183+0000] {processor.py:153} INFO - Started process (PID=854) to work on /home/airflow/.local/lib/python3.7/site-packages/airflow/example_dags/example_time_delta_sensor_async.py
[2024-04-06T10:03:30.184+0000] {processor.py:743} INFO - Processing file /home/airflow/.local/lib/python3.7/site-packages/airflow/example_dags/example_time_delta_sensor_async.py for tasks to queue
[2024-04-06T10:03:30.184+0000] {logging_mixin.py:137} INFO - [2024-04-06T10:03:30.184+0000] {dagbag.py:538} INFO - Filling up the DagBag from /home/airflow/.local/lib/python3.7/site-packages/airflow/example_dags/example_time_delta_sensor_async.py
[2024-04-06T10:03:30.194+0000] {processor.py:753} INFO - DAG(s) dict_keys(['example_time_delta_sensor_async']) retrieved from /home/airflow/.local/lib/python3.7/site-packages/airflow/example_dags/example_time_delta_sensor_async.py
[2024-04-06T10:03:30.215+0000] {logging_mixin.py:137} INFO - [2024-04-06T10:03:30.215+0000] {dag.py:2690} INFO - Sync 1 DAGs
[2024-04-06T10:03:30.238+0000] {logging_mixin.py:137} INFO - [2024-04-06T10:03:30.238+0000] {dag.py:3441} INFO - Setting next_dagrun for example_time_delta_sensor_async to None, run_after=None
[2024-04-06T10:03:30.257+0000] {processor.py:175} INFO - Processing /home/airflow/.local/lib/python3.7/site-packages/airflow/example_dags/example_time_delta_sensor_async.py took 0.078 seconds
[2024-04-06T10:04:00.643+0000] {processor.py:153} INFO - Started process (PID=925) to work on /home/airflow/.local/lib/python3.7/site-packages/airflow/example_dags/example_time_delta_sensor_async.py
[2024-04-06T10:04:00.644+0000] {processor.py:743} INFO - Processing file /home/airflow/.local/lib/python3.7/site-packages/airflow/example_dags/example_time_delta_sensor_async.py for tasks to queue
[2024-04-06T10:04:00.645+0000] {logging_mixin.py:137} INFO - [2024-04-06T10:04:00.645+0000] {dagbag.py:538} INFO - Filling up the DagBag from /home/airflow/.local/lib/python3.7/site-packages/airflow/example_dags/example_time_delta_sensor_async.py
[2024-04-06T10:04:00.657+0000] {processor.py:753} INFO - DAG(s) dict_keys(['example_time_delta_sensor_async']) retrieved from /home/airflow/.local/lib/python3.7/site-packages/airflow/example_dags/example_time_delta_sensor_async.py
[2024-04-06T10:04:00.684+0000] {logging_mixin.py:137} INFO - [2024-04-06T10:04:00.684+0000] {dag.py:2690} INFO - Sync 1 DAGs
[2024-04-06T10:04:00.709+0000] {logging_mixin.py:137} INFO - [2024-04-06T10:04:00.709+0000] {dag.py:3441} INFO - Setting next_dagrun for example_time_delta_sensor_async to None, run_after=None
[2024-04-06T10:04:00.731+0000] {processor.py:175} INFO - Processing /home/airflow/.local/lib/python3.7/site-packages/airflow/example_dags/example_time_delta_sensor_async.py took 0.091 seconds
[2024-04-06T10:04:31.224+0000] {processor.py:153} INFO - Started process (PID=1006) to work on /home/airflow/.local/lib/python3.7/site-packages/airflow/example_dags/example_time_delta_sensor_async.py
[2024-04-06T10:04:31.225+0000] {processor.py:743} INFO - Processing file /home/airflow/.local/lib/python3.7/site-packages/airflow/example_dags/example_time_delta_sensor_async.py for tasks to queue
[2024-04-06T10:04:31.226+0000] {logging_mixin.py:137} INFO - [2024-04-06T10:04:31.226+0000] {dagbag.py:538} INFO - Filling up the DagBag from /home/airflow/.local/lib/python3.7/site-packages/airflow/example_dags/example_time_delta_sensor_async.py
[2024-04-06T10:04:31.235+0000] {processor.py:753} INFO - DAG(s) dict_keys(['example_time_delta_sensor_async']) retrieved from /home/airflow/.local/lib/python3.7/site-packages/airflow/example_dags/example_time_delta_sensor_async.py
[2024-04-06T10:04:31.255+0000] {logging_mixin.py:137} INFO - [2024-04-06T10:04:31.255+0000] {dag.py:2690} INFO - Sync 1 DAGs
[2024-04-06T10:04:31.279+0000] {logging_mixin.py:137} INFO - [2024-04-06T10:04:31.279+0000] {dag.py:3441} INFO - Setting next_dagrun for example_time_delta_sensor_async to None, run_after=None
[2024-04-06T10:04:31.297+0000] {processor.py:175} INFO - Processing /home/airflow/.local/lib/python3.7/site-packages/airflow/example_dags/example_time_delta_sensor_async.py took 0.075 seconds
[2024-04-06T10:05:02.003+0000] {processor.py:153} INFO - Started process (PID=1085) to work on /home/airflow/.local/lib/python3.7/site-packages/airflow/example_dags/example_time_delta_sensor_async.py
[2024-04-06T10:05:02.004+0000] {processor.py:743} INFO - Processing file /home/airflow/.local/lib/python3.7/site-packages/airflow/example_dags/example_time_delta_sensor_async.py for tasks to queue
[2024-04-06T10:05:02.005+0000] {logging_mixin.py:137} INFO - [2024-04-06T10:05:02.004+0000] {dagbag.py:538} INFO - Filling up the DagBag from /home/airflow/.local/lib/python3.7/site-packages/airflow/example_dags/example_time_delta_sensor_async.py
[2024-04-06T10:05:02.018+0000] {processor.py:753} INFO - DAG(s) dict_keys(['example_time_delta_sensor_async']) retrieved from /home/airflow/.local/lib/python3.7/site-packages/airflow/example_dags/example_time_delta_sensor_async.py
[2024-04-06T10:05:02.045+0000] {logging_mixin.py:137} INFO - [2024-04-06T10:05:02.045+0000] {dag.py:2690} INFO - Sync 1 DAGs
[2024-04-06T10:05:02.074+0000] {logging_mixin.py:137} INFO - [2024-04-06T10:05:02.073+0000] {dag.py:3441} INFO - Setting next_dagrun for example_time_delta_sensor_async to None, run_after=None
[2024-04-06T10:05:02.095+0000] {processor.py:175} INFO - Processing /home/airflow/.local/lib/python3.7/site-packages/airflow/example_dags/example_time_delta_sensor_async.py took 0.095 seconds
[2024-04-06T10:05:32.915+0000] {processor.py:153} INFO - Started process (PID=1173) to work on /home/airflow/.local/lib/python3.7/site-packages/airflow/example_dags/example_time_delta_sensor_async.py
[2024-04-06T10:05:32.915+0000] {processor.py:743} INFO - Processing file /home/airflow/.local/lib/python3.7/site-packages/airflow/example_dags/example_time_delta_sensor_async.py for tasks to queue
[2024-04-06T10:05:32.916+0000] {logging_mixin.py:137} INFO - [2024-04-06T10:05:32.916+0000] {dagbag.py:538} INFO - Filling up the DagBag from /home/airflow/.local/lib/python3.7/site-packages/airflow/example_dags/example_time_delta_sensor_async.py
[2024-04-06T10:05:32.929+0000] {processor.py:753} INFO - DAG(s) dict_keys(['example_time_delta_sensor_async']) retrieved from /home/airflow/.local/lib/python3.7/site-packages/airflow/example_dags/example_time_delta_sensor_async.py
[2024-04-06T10:05:32.968+0000] {logging_mixin.py:137} INFO - [2024-04-06T10:05:32.968+0000] {dag.py:2690} INFO - Sync 1 DAGs
[2024-04-06T10:05:33.000+0000] {logging_mixin.py:137} INFO - [2024-04-06T10:05:32.999+0000] {dag.py:3441} INFO - Setting next_dagrun for example_time_delta_sensor_async to None, run_after=None
[2024-04-06T10:05:33.029+0000] {processor.py:175} INFO - Processing /home/airflow/.local/lib/python3.7/site-packages/airflow/example_dags/example_time_delta_sensor_async.py took 0.117 seconds
[2024-04-06T10:06:04.395+0000] {processor.py:153} INFO - Started process (PID=1245) to work on /home/airflow/.local/lib/python3.7/site-packages/airflow/example_dags/example_time_delta_sensor_async.py
[2024-04-06T10:06:04.398+0000] {processor.py:743} INFO - Processing file /home/airflow/.local/lib/python3.7/site-packages/airflow/example_dags/example_time_delta_sensor_async.py for tasks to queue
[2024-04-06T10:06:04.400+0000] {logging_mixin.py:137} INFO - [2024-04-06T10:06:04.400+0000] {dagbag.py:538} INFO - Filling up the DagBag from /home/airflow/.local/lib/python3.7/site-packages/airflow/example_dags/example_time_delta_sensor_async.py
[2024-04-06T10:06:04.425+0000] {processor.py:753} INFO - DAG(s) dict_keys(['example_time_delta_sensor_async']) retrieved from /home/airflow/.local/lib/python3.7/site-packages/airflow/example_dags/example_time_delta_sensor_async.py
[2024-04-06T10:06:04.484+0000] {logging_mixin.py:137} INFO - [2024-04-06T10:06:04.484+0000] {dag.py:2690} INFO - Sync 1 DAGs
[2024-04-06T10:06:04.537+0000] {logging_mixin.py:137} INFO - [2024-04-06T10:06:04.537+0000] {dag.py:3441} INFO - Setting next_dagrun for example_time_delta_sensor_async to None, run_after=None
[2024-04-06T10:06:04.581+0000] {processor.py:175} INFO - Processing /home/airflow/.local/lib/python3.7/site-packages/airflow/example_dags/example_time_delta_sensor_async.py took 0.194 seconds
[2024-04-06T10:06:34.923+0000] {processor.py:153} INFO - Started process (PID=1318) to work on /home/airflow/.local/lib/python3.7/site-packages/airflow/example_dags/example_time_delta_sensor_async.py
[2024-04-06T10:06:34.924+0000] {processor.py:743} INFO - Processing file /home/airflow/.local/lib/python3.7/site-packages/airflow/example_dags/example_time_delta_sensor_async.py for tasks to queue
[2024-04-06T10:06:34.925+0000] {logging_mixin.py:137} INFO - [2024-04-06T10:06:34.925+0000] {dagbag.py:538} INFO - Filling up the DagBag from /home/airflow/.local/lib/python3.7/site-packages/airflow/example_dags/example_time_delta_sensor_async.py
[2024-04-06T10:06:34.946+0000] {processor.py:753} INFO - DAG(s) dict_keys(['example_time_delta_sensor_async']) retrieved from /home/airflow/.local/lib/python3.7/site-packages/airflow/example_dags/example_time_delta_sensor_async.py
[2024-04-06T10:06:34.992+0000] {logging_mixin.py:137} INFO - [2024-04-06T10:06:34.992+0000] {dag.py:2690} INFO - Sync 1 DAGs
[2024-04-06T10:06:35.041+0000] {logging_mixin.py:137} INFO - [2024-04-06T10:06:35.040+0000] {dag.py:3441} INFO - Setting next_dagrun for example_time_delta_sensor_async to None, run_after=None
[2024-04-06T10:06:35.078+0000] {processor.py:175} INFO - Processing /home/airflow/.local/lib/python3.7/site-packages/airflow/example_dags/example_time_delta_sensor_async.py took 0.160 seconds
[2024-04-06T10:07:05.630+0000] {processor.py:153} INFO - Started process (PID=1389) to work on /home/airflow/.local/lib/python3.7/site-packages/airflow/example_dags/example_time_delta_sensor_async.py
[2024-04-06T10:07:05.632+0000] {processor.py:743} INFO - Processing file /home/airflow/.local/lib/python3.7/site-packages/airflow/example_dags/example_time_delta_sensor_async.py for tasks to queue
[2024-04-06T10:07:05.633+0000] {logging_mixin.py:137} INFO - [2024-04-06T10:07:05.632+0000] {dagbag.py:538} INFO - Filling up the DagBag from /home/airflow/.local/lib/python3.7/site-packages/airflow/example_dags/example_time_delta_sensor_async.py
[2024-04-06T10:07:05.654+0000] {processor.py:753} INFO - DAG(s) dict_keys(['example_time_delta_sensor_async']) retrieved from /home/airflow/.local/lib/python3.7/site-packages/airflow/example_dags/example_time_delta_sensor_async.py
[2024-04-06T10:07:05.712+0000] {logging_mixin.py:137} INFO - [2024-04-06T10:07:05.712+0000] {dag.py:2690} INFO - Sync 1 DAGs
[2024-04-06T10:07:05.774+0000] {logging_mixin.py:137} INFO - [2024-04-06T10:07:05.774+0000] {dag.py:3441} INFO - Setting next_dagrun for example_time_delta_sensor_async to None, run_after=None
[2024-04-06T10:07:05.817+0000] {processor.py:175} INFO - Processing /home/airflow/.local/lib/python3.7/site-packages/airflow/example_dags/example_time_delta_sensor_async.py took 0.191 seconds
[2024-04-06T10:07:36.249+0000] {processor.py:153} INFO - Started process (PID=1468) to work on /home/airflow/.local/lib/python3.7/site-packages/airflow/example_dags/example_time_delta_sensor_async.py
[2024-04-06T10:07:36.251+0000] {processor.py:743} INFO - Processing file /home/airflow/.local/lib/python3.7/site-packages/airflow/example_dags/example_time_delta_sensor_async.py for tasks to queue
[2024-04-06T10:07:36.252+0000] {logging_mixin.py:137} INFO - [2024-04-06T10:07:36.252+0000] {dagbag.py:538} INFO - Filling up the DagBag from /home/airflow/.local/lib/python3.7/site-packages/airflow/example_dags/example_time_delta_sensor_async.py
[2024-04-06T10:07:36.285+0000] {processor.py:753} INFO - DAG(s) dict_keys(['example_time_delta_sensor_async']) retrieved from /home/airflow/.local/lib/python3.7/site-packages/airflow/example_dags/example_time_delta_sensor_async.py
[2024-04-06T10:07:36.351+0000] {logging_mixin.py:137} INFO - [2024-04-06T10:07:36.351+0000] {dag.py:2690} INFO - Sync 1 DAGs
[2024-04-06T10:07:36.427+0000] {logging_mixin.py:137} INFO - [2024-04-06T10:07:36.427+0000] {dag.py:3441} INFO - Setting next_dagrun for example_time_delta_sensor_async to None, run_after=None
[2024-04-06T10:07:36.478+0000] {processor.py:175} INFO - Processing /home/airflow/.local/lib/python3.7/site-packages/airflow/example_dags/example_time_delta_sensor_async.py took 0.237 seconds
[2024-04-06T10:08:07.303+0000] {processor.py:153} INFO - Started process (PID=1542) to work on /home/airflow/.local/lib/python3.7/site-packages/airflow/example_dags/example_time_delta_sensor_async.py
[2024-04-06T10:08:07.305+0000] {processor.py:743} INFO - Processing file /home/airflow/.local/lib/python3.7/site-packages/airflow/example_dags/example_time_delta_sensor_async.py for tasks to queue
[2024-04-06T10:08:07.306+0000] {logging_mixin.py:137} INFO - [2024-04-06T10:08:07.306+0000] {dagbag.py:538} INFO - Filling up the DagBag from /home/airflow/.local/lib/python3.7/site-packages/airflow/example_dags/example_time_delta_sensor_async.py
[2024-04-06T10:08:07.344+0000] {processor.py:753} INFO - DAG(s) dict_keys(['example_time_delta_sensor_async']) retrieved from /home/airflow/.local/lib/python3.7/site-packages/airflow/example_dags/example_time_delta_sensor_async.py
[2024-04-06T10:08:07.411+0000] {logging_mixin.py:137} INFO - [2024-04-06T10:08:07.410+0000] {dag.py:2690} INFO - Sync 1 DAGs
[2024-04-06T10:08:07.500+0000] {logging_mixin.py:137} INFO - [2024-04-06T10:08:07.499+0000] {dag.py:3441} INFO - Setting next_dagrun for example_time_delta_sensor_async to None, run_after=None
[2024-04-06T10:08:07.554+0000] {processor.py:175} INFO - Processing /home/airflow/.local/lib/python3.7/site-packages/airflow/example_dags/example_time_delta_sensor_async.py took 0.259 seconds
[2024-04-06T10:08:37.722+0000] {processor.py:153} INFO - Started process (PID=1614) to work on /home/airflow/.local/lib/python3.7/site-packages/airflow/example_dags/example_time_delta_sensor_async.py
[2024-04-06T10:08:37.723+0000] {processor.py:743} INFO - Processing file /home/airflow/.local/lib/python3.7/site-packages/airflow/example_dags/example_time_delta_sensor_async.py for tasks to queue
[2024-04-06T10:08:37.724+0000] {logging_mixin.py:137} INFO - [2024-04-06T10:08:37.724+0000] {dagbag.py:538} INFO - Filling up the DagBag from /home/airflow/.local/lib/python3.7/site-packages/airflow/example_dags/example_time_delta_sensor_async.py
[2024-04-06T10:08:37.746+0000] {processor.py:753} INFO - DAG(s) dict_keys(['example_time_delta_sensor_async']) retrieved from /home/airflow/.local/lib/python3.7/site-packages/airflow/example_dags/example_time_delta_sensor_async.py
[2024-04-06T10:08:37.790+0000] {logging_mixin.py:137} INFO - [2024-04-06T10:08:37.790+0000] {dag.py:2690} INFO - Sync 1 DAGs
[2024-04-06T10:08:37.840+0000] {logging_mixin.py:137} INFO - [2024-04-06T10:08:37.839+0000] {dag.py:3441} INFO - Setting next_dagrun for example_time_delta_sensor_async to None, run_after=None
[2024-04-06T10:08:37.876+0000] {processor.py:175} INFO - Processing /home/airflow/.local/lib/python3.7/site-packages/airflow/example_dags/example_time_delta_sensor_async.py took 0.159 seconds
[2024-04-06T10:09:08.755+0000] {processor.py:153} INFO - Started process (PID=1693) to work on /home/airflow/.local/lib/python3.7/site-packages/airflow/example_dags/example_time_delta_sensor_async.py
[2024-04-06T10:09:08.756+0000] {processor.py:743} INFO - Processing file /home/airflow/.local/lib/python3.7/site-packages/airflow/example_dags/example_time_delta_sensor_async.py for tasks to queue
[2024-04-06T10:09:08.757+0000] {logging_mixin.py:137} INFO - [2024-04-06T10:09:08.757+0000] {dagbag.py:538} INFO - Filling up the DagBag from /home/airflow/.local/lib/python3.7/site-packages/airflow/example_dags/example_time_delta_sensor_async.py
[2024-04-06T10:09:08.780+0000] {processor.py:753} INFO - DAG(s) dict_keys(['example_time_delta_sensor_async']) retrieved from /home/airflow/.local/lib/python3.7/site-packages/airflow/example_dags/example_time_delta_sensor_async.py
[2024-04-06T10:09:08.840+0000] {logging_mixin.py:137} INFO - [2024-04-06T10:09:08.839+0000] {dag.py:2690} INFO - Sync 1 DAGs
[2024-04-06T10:09:08.907+0000] {logging_mixin.py:137} INFO - [2024-04-06T10:09:08.907+0000] {dag.py:3441} INFO - Setting next_dagrun for example_time_delta_sensor_async to None, run_after=None
[2024-04-06T10:09:08.954+0000] {processor.py:175} INFO - Processing /home/airflow/.local/lib/python3.7/site-packages/airflow/example_dags/example_time_delta_sensor_async.py took 0.204 seconds
[2024-04-06T10:09:40.031+0000] {processor.py:153} INFO - Started process (PID=1766) to work on /home/airflow/.local/lib/python3.7/site-packages/airflow/example_dags/example_time_delta_sensor_async.py
[2024-04-06T10:09:40.033+0000] {processor.py:743} INFO - Processing file /home/airflow/.local/lib/python3.7/site-packages/airflow/example_dags/example_time_delta_sensor_async.py for tasks to queue
[2024-04-06T10:09:40.034+0000] {logging_mixin.py:137} INFO - [2024-04-06T10:09:40.034+0000] {dagbag.py:538} INFO - Filling up the DagBag from /home/airflow/.local/lib/python3.7/site-packages/airflow/example_dags/example_time_delta_sensor_async.py
[2024-04-06T10:09:40.056+0000] {processor.py:753} INFO - DAG(s) dict_keys(['example_time_delta_sensor_async']) retrieved from /home/airflow/.local/lib/python3.7/site-packages/airflow/example_dags/example_time_delta_sensor_async.py
[2024-04-06T10:09:40.104+0000] {logging_mixin.py:137} INFO - [2024-04-06T10:09:40.103+0000] {dag.py:2690} INFO - Sync 1 DAGs
[2024-04-06T10:09:40.150+0000] {logging_mixin.py:137} INFO - [2024-04-06T10:09:40.150+0000] {dag.py:3441} INFO - Setting next_dagrun for example_time_delta_sensor_async to None, run_after=None
[2024-04-06T10:09:40.183+0000] {processor.py:175} INFO - Processing /home/airflow/.local/lib/python3.7/site-packages/airflow/example_dags/example_time_delta_sensor_async.py took 0.157 seconds
[2024-04-06T10:10:10.943+0000] {processor.py:153} INFO - Started process (PID=1837) to work on /home/airflow/.local/lib/python3.7/site-packages/airflow/example_dags/example_time_delta_sensor_async.py
[2024-04-06T10:10:10.945+0000] {processor.py:743} INFO - Processing file /home/airflow/.local/lib/python3.7/site-packages/airflow/example_dags/example_time_delta_sensor_async.py for tasks to queue
[2024-04-06T10:10:10.946+0000] {logging_mixin.py:137} INFO - [2024-04-06T10:10:10.946+0000] {dagbag.py:538} INFO - Filling up the DagBag from /home/airflow/.local/lib/python3.7/site-packages/airflow/example_dags/example_time_delta_sensor_async.py
[2024-04-06T10:10:10.968+0000] {processor.py:753} INFO - DAG(s) dict_keys(['example_time_delta_sensor_async']) retrieved from /home/airflow/.local/lib/python3.7/site-packages/airflow/example_dags/example_time_delta_sensor_async.py
[2024-04-06T10:10:11.014+0000] {logging_mixin.py:137} INFO - [2024-04-06T10:10:11.014+0000] {dag.py:2690} INFO - Sync 1 DAGs
[2024-04-06T10:10:11.063+0000] {logging_mixin.py:137} INFO - [2024-04-06T10:10:11.063+0000] {dag.py:3441} INFO - Setting next_dagrun for example_time_delta_sensor_async to None, run_after=None
[2024-04-06T10:10:11.100+0000] {processor.py:175} INFO - Processing /home/airflow/.local/lib/python3.7/site-packages/airflow/example_dags/example_time_delta_sensor_async.py took 0.162 seconds
[2024-04-06T10:10:41.425+0000] {processor.py:153} INFO - Started process (PID=1908) to work on /home/airflow/.local/lib/python3.7/site-packages/airflow/example_dags/example_time_delta_sensor_async.py
[2024-04-06T10:10:41.427+0000] {processor.py:743} INFO - Processing file /home/airflow/.local/lib/python3.7/site-packages/airflow/example_dags/example_time_delta_sensor_async.py for tasks to queue
[2024-04-06T10:10:41.428+0000] {logging_mixin.py:137} INFO - [2024-04-06T10:10:41.428+0000] {dagbag.py:538} INFO - Filling up the DagBag from /home/airflow/.local/lib/python3.7/site-packages/airflow/example_dags/example_time_delta_sensor_async.py
[2024-04-06T10:10:41.451+0000] {processor.py:753} INFO - DAG(s) dict_keys(['example_time_delta_sensor_async']) retrieved from /home/airflow/.local/lib/python3.7/site-packages/airflow/example_dags/example_time_delta_sensor_async.py
[2024-04-06T10:10:41.497+0000] {logging_mixin.py:137} INFO - [2024-04-06T10:10:41.497+0000] {dag.py:2690} INFO - Sync 1 DAGs
[2024-04-06T10:10:41.546+0000] {logging_mixin.py:137} INFO - [2024-04-06T10:10:41.546+0000] {dag.py:3441} INFO - Setting next_dagrun for example_time_delta_sensor_async to None, run_after=None
[2024-04-06T10:10:41.581+0000] {processor.py:175} INFO - Processing /home/airflow/.local/lib/python3.7/site-packages/airflow/example_dags/example_time_delta_sensor_async.py took 0.161 seconds
[2024-04-06T10:11:11.960+0000] {processor.py:153} INFO - Started process (PID=1980) to work on /home/airflow/.local/lib/python3.7/site-packages/airflow/example_dags/example_time_delta_sensor_async.py
[2024-04-06T10:11:11.961+0000] {processor.py:743} INFO - Processing file /home/airflow/.local/lib/python3.7/site-packages/airflow/example_dags/example_time_delta_sensor_async.py for tasks to queue
[2024-04-06T10:11:11.962+0000] {logging_mixin.py:137} INFO - [2024-04-06T10:11:11.962+0000] {dagbag.py:538} INFO - Filling up the DagBag from /home/airflow/.local/lib/python3.7/site-packages/airflow/example_dags/example_time_delta_sensor_async.py
[2024-04-06T10:11:11.985+0000] {processor.py:753} INFO - DAG(s) dict_keys(['example_time_delta_sensor_async']) retrieved from /home/airflow/.local/lib/python3.7/site-packages/airflow/example_dags/example_time_delta_sensor_async.py
[2024-04-06T10:11:12.031+0000] {logging_mixin.py:137} INFO - [2024-04-06T10:11:12.031+0000] {dag.py:2690} INFO - Sync 1 DAGs
[2024-04-06T10:11:12.090+0000] {logging_mixin.py:137} INFO - [2024-04-06T10:11:12.089+0000] {dag.py:3441} INFO - Setting next_dagrun for example_time_delta_sensor_async to None, run_after=None
[2024-04-06T10:11:12.130+0000] {processor.py:175} INFO - Processing /home/airflow/.local/lib/python3.7/site-packages/airflow/example_dags/example_time_delta_sensor_async.py took 0.176 seconds
[2024-04-06T10:11:42.300+0000] {processor.py:153} INFO - Started process (PID=2052) to work on /home/airflow/.local/lib/python3.7/site-packages/airflow/example_dags/example_time_delta_sensor_async.py
[2024-04-06T10:11:42.301+0000] {processor.py:743} INFO - Processing file /home/airflow/.local/lib/python3.7/site-packages/airflow/example_dags/example_time_delta_sensor_async.py for tasks to queue
[2024-04-06T10:11:42.302+0000] {logging_mixin.py:137} INFO - [2024-04-06T10:11:42.302+0000] {dagbag.py:538} INFO - Filling up the DagBag from /home/airflow/.local/lib/python3.7/site-packages/airflow/example_dags/example_time_delta_sensor_async.py
[2024-04-06T10:11:42.327+0000] {processor.py:753} INFO - DAG(s) dict_keys(['example_time_delta_sensor_async']) retrieved from /home/airflow/.local/lib/python3.7/site-packages/airflow/example_dags/example_time_delta_sensor_async.py
[2024-04-06T10:11:42.383+0000] {logging_mixin.py:137} INFO - [2024-04-06T10:11:42.382+0000] {dag.py:2690} INFO - Sync 1 DAGs
[2024-04-06T10:11:42.437+0000] {logging_mixin.py:137} INFO - [2024-04-06T10:11:42.436+0000] {dag.py:3441} INFO - Setting next_dagrun for example_time_delta_sensor_async to None, run_after=None
[2024-04-06T10:11:42.475+0000] {processor.py:175} INFO - Processing /home/airflow/.local/lib/python3.7/site-packages/airflow/example_dags/example_time_delta_sensor_async.py took 0.181 seconds
[2024-04-06T10:12:12.684+0000] {processor.py:153} INFO - Started process (PID=2124) to work on /home/airflow/.local/lib/python3.7/site-packages/airflow/example_dags/example_time_delta_sensor_async.py
[2024-04-06T10:12:12.686+0000] {processor.py:743} INFO - Processing file /home/airflow/.local/lib/python3.7/site-packages/airflow/example_dags/example_time_delta_sensor_async.py for tasks to queue
[2024-04-06T10:12:12.687+0000] {logging_mixin.py:137} INFO - [2024-04-06T10:12:12.687+0000] {dagbag.py:538} INFO - Filling up the DagBag from /home/airflow/.local/lib/python3.7/site-packages/airflow/example_dags/example_time_delta_sensor_async.py
[2024-04-06T10:12:12.710+0000] {processor.py:753} INFO - DAG(s) dict_keys(['example_time_delta_sensor_async']) retrieved from /home/airflow/.local/lib/python3.7/site-packages/airflow/example_dags/example_time_delta_sensor_async.py
[2024-04-06T10:12:12.763+0000] {logging_mixin.py:137} INFO - [2024-04-06T10:12:12.763+0000] {dag.py:2690} INFO - Sync 1 DAGs
[2024-04-06T10:12:12.810+0000] {logging_mixin.py:137} INFO - [2024-04-06T10:12:12.810+0000] {dag.py:3441} INFO - Setting next_dagrun for example_time_delta_sensor_async to None, run_after=None
[2024-04-06T10:12:12.847+0000] {processor.py:175} INFO - Processing /home/airflow/.local/lib/python3.7/site-packages/airflow/example_dags/example_time_delta_sensor_async.py took 0.169 seconds
[2024-04-06T10:12:43.297+0000] {processor.py:153} INFO - Started process (PID=2196) to work on /home/airflow/.local/lib/python3.7/site-packages/airflow/example_dags/example_time_delta_sensor_async.py
[2024-04-06T10:12:43.299+0000] {processor.py:743} INFO - Processing file /home/airflow/.local/lib/python3.7/site-packages/airflow/example_dags/example_time_delta_sensor_async.py for tasks to queue
[2024-04-06T10:12:43.300+0000] {logging_mixin.py:137} INFO - [2024-04-06T10:12:43.300+0000] {dagbag.py:538} INFO - Filling up the DagBag from /home/airflow/.local/lib/python3.7/site-packages/airflow/example_dags/example_time_delta_sensor_async.py
[2024-04-06T10:12:43.328+0000] {processor.py:753} INFO - DAG(s) dict_keys(['example_time_delta_sensor_async']) retrieved from /home/airflow/.local/lib/python3.7/site-packages/airflow/example_dags/example_time_delta_sensor_async.py
[2024-04-06T10:12:43.371+0000] {logging_mixin.py:137} INFO - [2024-04-06T10:12:43.371+0000] {dag.py:2690} INFO - Sync 1 DAGs
[2024-04-06T10:12:43.420+0000] {logging_mixin.py:137} INFO - [2024-04-06T10:12:43.419+0000] {dag.py:3441} INFO - Setting next_dagrun for example_time_delta_sensor_async to None, run_after=None
[2024-04-06T10:12:43.459+0000] {processor.py:175} INFO - Processing /home/airflow/.local/lib/python3.7/site-packages/airflow/example_dags/example_time_delta_sensor_async.py took 0.168 seconds
[2024-04-06T10:42:03.849+0000] {processor.py:161} INFO - Started process (PID=50) to work on /home/airflow/.local/lib/python3.8/site-packages/airflow/example_dags/example_time_delta_sensor_async.py
[2024-04-06T10:42:03.850+0000] {processor.py:830} INFO - Processing file /home/airflow/.local/lib/python3.8/site-packages/airflow/example_dags/example_time_delta_sensor_async.py for tasks to queue
[2024-04-06T10:42:03.852+0000] {logging_mixin.py:188} INFO - [2024-04-06T10:42:03.852+0000] {dagbag.py:540} INFO - Filling up the DagBag from /home/airflow/.local/lib/python3.8/site-packages/airflow/example_dags/example_time_delta_sensor_async.py
[2024-04-06T10:42:03.855+0000] {processor.py:840} INFO - DAG(s) 'example_time_delta_sensor_async' retrieved from /home/airflow/.local/lib/python3.8/site-packages/airflow/example_dags/example_time_delta_sensor_async.py
[2024-04-06T10:42:03.939+0000] {logging_mixin.py:188} INFO - [2024-04-06T10:42:03.939+0000] {override.py:1769} INFO - Created Permission View: can delete on DAG:example_time_delta_sensor_async
[2024-04-06T10:42:03.948+0000] {logging_mixin.py:188} INFO - [2024-04-06T10:42:03.948+0000] {override.py:1769} INFO - Created Permission View: can read on DAG:example_time_delta_sensor_async
[2024-04-06T10:42:03.955+0000] {logging_mixin.py:188} INFO - [2024-04-06T10:42:03.954+0000] {override.py:1769} INFO - Created Permission View: can edit on DAG:example_time_delta_sensor_async
[2024-04-06T10:42:03.955+0000] {logging_mixin.py:188} INFO - [2024-04-06T10:42:03.955+0000] {dag.py:3047} INFO - Sync 1 DAGs
[2024-04-06T10:42:03.967+0000] {logging_mixin.py:188} INFO - [2024-04-06T10:42:03.967+0000] {dag.py:3069} INFO - Creating ORM DAG for example_time_delta_sensor_async
[2024-04-06T10:42:03.968+0000] {logging_mixin.py:188} INFO - [2024-04-06T10:42:03.968+0000] {dag.py:3834} INFO - Setting next_dagrun for example_time_delta_sensor_async to None, run_after=None
[2024-04-06T10:42:03.983+0000] {processor.py:183} INFO - Processing /home/airflow/.local/lib/python3.8/site-packages/airflow/example_dags/example_time_delta_sensor_async.py took 0.135 seconds
[2024-04-06T10:42:34.132+0000] {processor.py:161} INFO - Started process (PID=106) to work on /home/airflow/.local/lib/python3.8/site-packages/airflow/example_dags/example_time_delta_sensor_async.py
[2024-04-06T10:42:34.133+0000] {processor.py:830} INFO - Processing file /home/airflow/.local/lib/python3.8/site-packages/airflow/example_dags/example_time_delta_sensor_async.py for tasks to queue
[2024-04-06T10:42:34.134+0000] {logging_mixin.py:188} INFO - [2024-04-06T10:42:34.134+0000] {dagbag.py:540} INFO - Filling up the DagBag from /home/airflow/.local/lib/python3.8/site-packages/airflow/example_dags/example_time_delta_sensor_async.py
[2024-04-06T10:42:34.137+0000] {processor.py:840} INFO - DAG(s) 'example_time_delta_sensor_async' retrieved from /home/airflow/.local/lib/python3.8/site-packages/airflow/example_dags/example_time_delta_sensor_async.py
[2024-04-06T10:42:34.152+0000] {logging_mixin.py:188} INFO - [2024-04-06T10:42:34.151+0000] {dag.py:3047} INFO - Sync 1 DAGs
[2024-04-06T10:42:34.160+0000] {logging_mixin.py:188} INFO - [2024-04-06T10:42:34.160+0000] {dag.py:3834} INFO - Setting next_dagrun for example_time_delta_sensor_async to None, run_after=None
[2024-04-06T10:42:34.170+0000] {processor.py:183} INFO - Processing /home/airflow/.local/lib/python3.8/site-packages/airflow/example_dags/example_time_delta_sensor_async.py took 0.040 seconds
[2024-04-06T10:43:04.296+0000] {processor.py:161} INFO - Started process (PID=162) to work on /home/airflow/.local/lib/python3.8/site-packages/airflow/example_dags/example_time_delta_sensor_async.py
[2024-04-06T10:43:04.306+0000] {processor.py:830} INFO - Processing file /home/airflow/.local/lib/python3.8/site-packages/airflow/example_dags/example_time_delta_sensor_async.py for tasks to queue
[2024-04-06T10:43:04.307+0000] {logging_mixin.py:188} INFO - [2024-04-06T10:43:04.307+0000] {dagbag.py:540} INFO - Filling up the DagBag from /home/airflow/.local/lib/python3.8/site-packages/airflow/example_dags/example_time_delta_sensor_async.py
[2024-04-06T10:43:04.326+0000] {processor.py:840} INFO - DAG(s) 'example_time_delta_sensor_async' retrieved from /home/airflow/.local/lib/python3.8/site-packages/airflow/example_dags/example_time_delta_sensor_async.py
[2024-04-06T10:43:04.343+0000] {logging_mixin.py:188} INFO - [2024-04-06T10:43:04.343+0000] {dag.py:3047} INFO - Sync 1 DAGs
[2024-04-06T10:43:04.353+0000] {logging_mixin.py:188} INFO - [2024-04-06T10:43:04.352+0000] {dag.py:3834} INFO - Setting next_dagrun for example_time_delta_sensor_async to None, run_after=None
[2024-04-06T10:43:04.367+0000] {processor.py:183} INFO - Processing /home/airflow/.local/lib/python3.8/site-packages/airflow/example_dags/example_time_delta_sensor_async.py took 0.073 seconds
[2024-04-06T10:43:34.818+0000] {processor.py:161} INFO - Started process (PID=218) to work on /home/airflow/.local/lib/python3.8/site-packages/airflow/example_dags/example_time_delta_sensor_async.py
[2024-04-06T10:43:34.819+0000] {processor.py:830} INFO - Processing file /home/airflow/.local/lib/python3.8/site-packages/airflow/example_dags/example_time_delta_sensor_async.py for tasks to queue
[2024-04-06T10:43:34.820+0000] {logging_mixin.py:188} INFO - [2024-04-06T10:43:34.820+0000] {dagbag.py:540} INFO - Filling up the DagBag from /home/airflow/.local/lib/python3.8/site-packages/airflow/example_dags/example_time_delta_sensor_async.py
[2024-04-06T10:43:34.823+0000] {processor.py:840} INFO - DAG(s) 'example_time_delta_sensor_async' retrieved from /home/airflow/.local/lib/python3.8/site-packages/airflow/example_dags/example_time_delta_sensor_async.py
[2024-04-06T10:43:34.836+0000] {logging_mixin.py:188} INFO - [2024-04-06T10:43:34.836+0000] {dag.py:3047} INFO - Sync 1 DAGs
[2024-04-06T10:43:34.843+0000] {logging_mixin.py:188} INFO - [2024-04-06T10:43:34.843+0000] {dag.py:3834} INFO - Setting next_dagrun for example_time_delta_sensor_async to None, run_after=None
[2024-04-06T10:43:34.855+0000] {processor.py:183} INFO - Processing /home/airflow/.local/lib/python3.8/site-packages/airflow/example_dags/example_time_delta_sensor_async.py took 0.039 seconds
[2024-04-06T10:44:05.485+0000] {processor.py:161} INFO - Started process (PID=274) to work on /home/airflow/.local/lib/python3.8/site-packages/airflow/example_dags/example_time_delta_sensor_async.py
[2024-04-06T10:44:05.486+0000] {processor.py:830} INFO - Processing file /home/airflow/.local/lib/python3.8/site-packages/airflow/example_dags/example_time_delta_sensor_async.py for tasks to queue
[2024-04-06T10:44:05.487+0000] {logging_mixin.py:188} INFO - [2024-04-06T10:44:05.487+0000] {dagbag.py:540} INFO - Filling up the DagBag from /home/airflow/.local/lib/python3.8/site-packages/airflow/example_dags/example_time_delta_sensor_async.py
[2024-04-06T10:44:05.490+0000] {processor.py:840} INFO - DAG(s) 'example_time_delta_sensor_async' retrieved from /home/airflow/.local/lib/python3.8/site-packages/airflow/example_dags/example_time_delta_sensor_async.py
[2024-04-06T10:44:05.503+0000] {logging_mixin.py:188} INFO - [2024-04-06T10:44:05.503+0000] {dag.py:3047} INFO - Sync 1 DAGs
[2024-04-06T10:44:05.511+0000] {logging_mixin.py:188} INFO - [2024-04-06T10:44:05.511+0000] {dag.py:3834} INFO - Setting next_dagrun for example_time_delta_sensor_async to None, run_after=None
[2024-04-06T10:44:05.523+0000] {processor.py:183} INFO - Processing /home/airflow/.local/lib/python3.8/site-packages/airflow/example_dags/example_time_delta_sensor_async.py took 0.040 seconds
[2024-04-06T10:44:36.235+0000] {processor.py:161} INFO - Started process (PID=330) to work on /home/airflow/.local/lib/python3.8/site-packages/airflow/example_dags/example_time_delta_sensor_async.py
[2024-04-06T10:44:36.236+0000] {processor.py:830} INFO - Processing file /home/airflow/.local/lib/python3.8/site-packages/airflow/example_dags/example_time_delta_sensor_async.py for tasks to queue
[2024-04-06T10:44:36.237+0000] {logging_mixin.py:188} INFO - [2024-04-06T10:44:36.237+0000] {dagbag.py:540} INFO - Filling up the DagBag from /home/airflow/.local/lib/python3.8/site-packages/airflow/example_dags/example_time_delta_sensor_async.py
[2024-04-06T10:44:36.240+0000] {processor.py:840} INFO - DAG(s) 'example_time_delta_sensor_async' retrieved from /home/airflow/.local/lib/python3.8/site-packages/airflow/example_dags/example_time_delta_sensor_async.py
[2024-04-06T10:44:36.252+0000] {logging_mixin.py:188} INFO - [2024-04-06T10:44:36.252+0000] {dag.py:3047} INFO - Sync 1 DAGs
[2024-04-06T10:44:36.259+0000] {logging_mixin.py:188} INFO - [2024-04-06T10:44:36.259+0000] {dag.py:3834} INFO - Setting next_dagrun for example_time_delta_sensor_async to None, run_after=None
[2024-04-06T10:44:36.270+0000] {processor.py:183} INFO - Processing /home/airflow/.local/lib/python3.8/site-packages/airflow/example_dags/example_time_delta_sensor_async.py took 0.037 seconds
[2024-04-06T10:45:06.369+0000] {processor.py:161} INFO - Started process (PID=386) to work on /home/airflow/.local/lib/python3.8/site-packages/airflow/example_dags/example_time_delta_sensor_async.py
[2024-04-06T10:45:06.370+0000] {processor.py:830} INFO - Processing file /home/airflow/.local/lib/python3.8/site-packages/airflow/example_dags/example_time_delta_sensor_async.py for tasks to queue
[2024-04-06T10:45:06.371+0000] {logging_mixin.py:188} INFO - [2024-04-06T10:45:06.371+0000] {dagbag.py:540} INFO - Filling up the DagBag from /home/airflow/.local/lib/python3.8/site-packages/airflow/example_dags/example_time_delta_sensor_async.py
[2024-04-06T10:45:06.374+0000] {processor.py:840} INFO - DAG(s) 'example_time_delta_sensor_async' retrieved from /home/airflow/.local/lib/python3.8/site-packages/airflow/example_dags/example_time_delta_sensor_async.py
[2024-04-06T10:45:06.388+0000] {logging_mixin.py:188} INFO - [2024-04-06T10:45:06.388+0000] {dag.py:3047} INFO - Sync 1 DAGs
[2024-04-06T10:45:06.395+0000] {logging_mixin.py:188} INFO - [2024-04-06T10:45:06.395+0000] {dag.py:3834} INFO - Setting next_dagrun for example_time_delta_sensor_async to None, run_after=None
[2024-04-06T10:45:06.407+0000] {processor.py:183} INFO - Processing /home/airflow/.local/lib/python3.8/site-packages/airflow/example_dags/example_time_delta_sensor_async.py took 0.040 seconds
