[2024-04-06T09:36:49.024+0000] {processor.py:153} INFO - Started process (PID=78) to work on /home/airflow/.local/lib/python3.7/site-packages/airflow/example_dags/example_branch_day_of_week_operator.py
[2024-04-06T09:36:49.025+0000] {processor.py:743} INFO - Processing file /home/airflow/.local/lib/python3.7/site-packages/airflow/example_dags/example_branch_day_of_week_operator.py for tasks to queue
[2024-04-06T09:36:49.026+0000] {logging_mixin.py:137} INFO - [2024-04-06T09:36:49.025+0000] {dagbag.py:538} INFO - Filling up the DagBag from /home/airflow/.local/lib/python3.7/site-packages/airflow/example_dags/example_branch_day_of_week_operator.py
[2024-04-06T09:36:49.053+0000] {processor.py:753} INFO - DAG(s) dict_keys(['example_weekday_branch_operator']) retrieved from /home/airflow/.local/lib/python3.7/site-packages/airflow/example_dags/example_branch_day_of_week_operator.py
[2024-04-06T09:36:49.068+0000] {logging_mixin.py:137} INFO - [2024-04-06T09:36:49.068+0000] {dag.py:2690} INFO - Sync 1 DAGs
[2024-04-06T09:36:49.100+0000] {logging_mixin.py:137} INFO - [2024-04-06T09:36:49.100+0000] {dag.py:3441} INFO - Setting next_dagrun for example_weekday_branch_operator to 2024-04-05T00:00:00+00:00, run_after=2024-04-06T00:00:00+00:00
[2024-04-06T09:36:49.128+0000] {processor.py:175} INFO - Processing /home/airflow/.local/lib/python3.7/site-packages/airflow/example_dags/example_branch_day_of_week_operator.py took 0.108 seconds
[2024-04-06T09:37:19.712+0000] {processor.py:153} INFO - Started process (PID=150) to work on /home/airflow/.local/lib/python3.7/site-packages/airflow/example_dags/example_branch_day_of_week_operator.py
[2024-04-06T09:37:19.713+0000] {processor.py:743} INFO - Processing file /home/airflow/.local/lib/python3.7/site-packages/airflow/example_dags/example_branch_day_of_week_operator.py for tasks to queue
[2024-04-06T09:37:19.713+0000] {logging_mixin.py:137} INFO - [2024-04-06T09:37:19.713+0000] {dagbag.py:538} INFO - Filling up the DagBag from /home/airflow/.local/lib/python3.7/site-packages/airflow/example_dags/example_branch_day_of_week_operator.py
[2024-04-06T09:37:19.733+0000] {processor.py:753} INFO - DAG(s) dict_keys(['example_weekday_branch_operator']) retrieved from /home/airflow/.local/lib/python3.7/site-packages/airflow/example_dags/example_branch_day_of_week_operator.py
[2024-04-06T09:37:19.747+0000] {logging_mixin.py:137} INFO - [2024-04-06T09:37:19.747+0000] {dag.py:2690} INFO - Sync 1 DAGs
[2024-04-06T09:37:19.785+0000] {logging_mixin.py:137} INFO - [2024-04-06T09:37:19.785+0000] {dag.py:3441} INFO - Setting next_dagrun for example_weekday_branch_operator to 2024-04-05T00:00:00+00:00, run_after=2024-04-06T00:00:00+00:00
[2024-04-06T09:37:19.805+0000] {processor.py:175} INFO - Processing /home/airflow/.local/lib/python3.7/site-packages/airflow/example_dags/example_branch_day_of_week_operator.py took 0.097 seconds
[2024-04-06T09:37:50.510+0000] {processor.py:153} INFO - Started process (PID=222) to work on /home/airflow/.local/lib/python3.7/site-packages/airflow/example_dags/example_branch_day_of_week_operator.py
[2024-04-06T09:37:50.511+0000] {processor.py:743} INFO - Processing file /home/airflow/.local/lib/python3.7/site-packages/airflow/example_dags/example_branch_day_of_week_operator.py for tasks to queue
[2024-04-06T09:37:50.512+0000] {logging_mixin.py:137} INFO - [2024-04-06T09:37:50.512+0000] {dagbag.py:538} INFO - Filling up the DagBag from /home/airflow/.local/lib/python3.7/site-packages/airflow/example_dags/example_branch_day_of_week_operator.py
[2024-04-06T09:37:50.528+0000] {processor.py:753} INFO - DAG(s) dict_keys(['example_weekday_branch_operator']) retrieved from /home/airflow/.local/lib/python3.7/site-packages/airflow/example_dags/example_branch_day_of_week_operator.py
[2024-04-06T09:37:50.552+0000] {logging_mixin.py:137} INFO - [2024-04-06T09:37:50.551+0000] {dag.py:2690} INFO - Sync 1 DAGs
[2024-04-06T09:37:50.581+0000] {logging_mixin.py:137} INFO - [2024-04-06T09:37:50.581+0000] {dag.py:3441} INFO - Setting next_dagrun for example_weekday_branch_operator to 2024-04-05T00:00:00+00:00, run_after=2024-04-06T00:00:00+00:00
[2024-04-06T09:37:50.601+0000] {processor.py:175} INFO - Processing /home/airflow/.local/lib/python3.7/site-packages/airflow/example_dags/example_branch_day_of_week_operator.py took 0.093 seconds
[2024-04-06T09:38:21.230+0000] {processor.py:153} INFO - Started process (PID=310) to work on /home/airflow/.local/lib/python3.7/site-packages/airflow/example_dags/example_branch_day_of_week_operator.py
[2024-04-06T09:38:21.231+0000] {processor.py:743} INFO - Processing file /home/airflow/.local/lib/python3.7/site-packages/airflow/example_dags/example_branch_day_of_week_operator.py for tasks to queue
[2024-04-06T09:38:21.232+0000] {logging_mixin.py:137} INFO - [2024-04-06T09:38:21.231+0000] {dagbag.py:538} INFO - Filling up the DagBag from /home/airflow/.local/lib/python3.7/site-packages/airflow/example_dags/example_branch_day_of_week_operator.py
[2024-04-06T09:38:21.247+0000] {processor.py:753} INFO - DAG(s) dict_keys(['example_weekday_branch_operator']) retrieved from /home/airflow/.local/lib/python3.7/site-packages/airflow/example_dags/example_branch_day_of_week_operator.py
[2024-04-06T09:38:21.273+0000] {logging_mixin.py:137} INFO - [2024-04-06T09:38:21.272+0000] {dag.py:2690} INFO - Sync 1 DAGs
[2024-04-06T09:38:21.299+0000] {logging_mixin.py:137} INFO - [2024-04-06T09:38:21.299+0000] {dag.py:3441} INFO - Setting next_dagrun for example_weekday_branch_operator to 2024-04-05T00:00:00+00:00, run_after=2024-04-06T00:00:00+00:00
[2024-04-06T09:38:21.319+0000] {processor.py:175} INFO - Processing /home/airflow/.local/lib/python3.7/site-packages/airflow/example_dags/example_branch_day_of_week_operator.py took 0.092 seconds
[2024-04-06T09:38:51.422+0000] {processor.py:153} INFO - Started process (PID=381) to work on /home/airflow/.local/lib/python3.7/site-packages/airflow/example_dags/example_branch_day_of_week_operator.py
[2024-04-06T09:38:51.423+0000] {processor.py:743} INFO - Processing file /home/airflow/.local/lib/python3.7/site-packages/airflow/example_dags/example_branch_day_of_week_operator.py for tasks to queue
[2024-04-06T09:38:51.424+0000] {logging_mixin.py:137} INFO - [2024-04-06T09:38:51.424+0000] {dagbag.py:538} INFO - Filling up the DagBag from /home/airflow/.local/lib/python3.7/site-packages/airflow/example_dags/example_branch_day_of_week_operator.py
[2024-04-06T09:38:51.436+0000] {processor.py:753} INFO - DAG(s) dict_keys(['example_weekday_branch_operator']) retrieved from /home/airflow/.local/lib/python3.7/site-packages/airflow/example_dags/example_branch_day_of_week_operator.py
[2024-04-06T09:38:51.457+0000] {logging_mixin.py:137} INFO - [2024-04-06T09:38:51.457+0000] {dag.py:2690} INFO - Sync 1 DAGs
[2024-04-06T09:38:51.481+0000] {logging_mixin.py:137} INFO - [2024-04-06T09:38:51.480+0000] {dag.py:3441} INFO - Setting next_dagrun for example_weekday_branch_operator to 2024-04-05T00:00:00+00:00, run_after=2024-04-06T00:00:00+00:00
[2024-04-06T09:38:51.498+0000] {processor.py:175} INFO - Processing /home/airflow/.local/lib/python3.7/site-packages/airflow/example_dags/example_branch_day_of_week_operator.py took 0.078 seconds
[2024-04-06T09:39:21.628+0000] {processor.py:153} INFO - Started process (PID=469) to work on /home/airflow/.local/lib/python3.7/site-packages/airflow/example_dags/example_branch_day_of_week_operator.py
[2024-04-06T09:39:21.629+0000] {processor.py:743} INFO - Processing file /home/airflow/.local/lib/python3.7/site-packages/airflow/example_dags/example_branch_day_of_week_operator.py for tasks to queue
[2024-04-06T09:39:21.630+0000] {logging_mixin.py:137} INFO - [2024-04-06T09:39:21.630+0000] {dagbag.py:538} INFO - Filling up the DagBag from /home/airflow/.local/lib/python3.7/site-packages/airflow/example_dags/example_branch_day_of_week_operator.py
[2024-04-06T09:39:21.645+0000] {processor.py:753} INFO - DAG(s) dict_keys(['example_weekday_branch_operator']) retrieved from /home/airflow/.local/lib/python3.7/site-packages/airflow/example_dags/example_branch_day_of_week_operator.py
[2024-04-06T09:39:21.668+0000] {logging_mixin.py:137} INFO - [2024-04-06T09:39:21.668+0000] {dag.py:2690} INFO - Sync 1 DAGs
[2024-04-06T09:39:21.692+0000] {logging_mixin.py:137} INFO - [2024-04-06T09:39:21.692+0000] {dag.py:3441} INFO - Setting next_dagrun for example_weekday_branch_operator to 2024-04-05T00:00:00+00:00, run_after=2024-04-06T00:00:00+00:00
[2024-04-06T09:39:21.709+0000] {processor.py:175} INFO - Processing /home/airflow/.local/lib/python3.7/site-packages/airflow/example_dags/example_branch_day_of_week_operator.py took 0.083 seconds
[2024-04-06T09:39:51.794+0000] {processor.py:153} INFO - Started process (PID=540) to work on /home/airflow/.local/lib/python3.7/site-packages/airflow/example_dags/example_branch_day_of_week_operator.py
[2024-04-06T09:39:51.795+0000] {processor.py:743} INFO - Processing file /home/airflow/.local/lib/python3.7/site-packages/airflow/example_dags/example_branch_day_of_week_operator.py for tasks to queue
[2024-04-06T09:39:51.795+0000] {logging_mixin.py:137} INFO - [2024-04-06T09:39:51.795+0000] {dagbag.py:538} INFO - Filling up the DagBag from /home/airflow/.local/lib/python3.7/site-packages/airflow/example_dags/example_branch_day_of_week_operator.py
[2024-04-06T09:39:51.809+0000] {processor.py:753} INFO - DAG(s) dict_keys(['example_weekday_branch_operator']) retrieved from /home/airflow/.local/lib/python3.7/site-packages/airflow/example_dags/example_branch_day_of_week_operator.py
[2024-04-06T09:39:51.831+0000] {logging_mixin.py:137} INFO - [2024-04-06T09:39:51.830+0000] {dag.py:2690} INFO - Sync 1 DAGs
[2024-04-06T09:39:51.855+0000] {logging_mixin.py:137} INFO - [2024-04-06T09:39:51.855+0000] {dag.py:3441} INFO - Setting next_dagrun for example_weekday_branch_operator to 2024-04-05T00:00:00+00:00, run_after=2024-04-06T00:00:00+00:00
[2024-04-06T09:39:51.872+0000] {processor.py:175} INFO - Processing /home/airflow/.local/lib/python3.7/site-packages/airflow/example_dags/example_branch_day_of_week_operator.py took 0.081 seconds
[2024-04-06T09:40:22.288+0000] {processor.py:153} INFO - Started process (PID=629) to work on /home/airflow/.local/lib/python3.7/site-packages/airflow/example_dags/example_branch_day_of_week_operator.py
[2024-04-06T09:40:22.289+0000] {processor.py:743} INFO - Processing file /home/airflow/.local/lib/python3.7/site-packages/airflow/example_dags/example_branch_day_of_week_operator.py for tasks to queue
[2024-04-06T09:40:22.289+0000] {logging_mixin.py:137} INFO - [2024-04-06T09:40:22.289+0000] {dagbag.py:538} INFO - Filling up the DagBag from /home/airflow/.local/lib/python3.7/site-packages/airflow/example_dags/example_branch_day_of_week_operator.py
[2024-04-06T09:40:22.302+0000] {processor.py:753} INFO - DAG(s) dict_keys(['example_weekday_branch_operator']) retrieved from /home/airflow/.local/lib/python3.7/site-packages/airflow/example_dags/example_branch_day_of_week_operator.py
[2024-04-06T09:40:22.322+0000] {logging_mixin.py:137} INFO - [2024-04-06T09:40:22.322+0000] {dag.py:2690} INFO - Sync 1 DAGs
[2024-04-06T09:40:22.343+0000] {logging_mixin.py:137} INFO - [2024-04-06T09:40:22.343+0000] {dag.py:3441} INFO - Setting next_dagrun for example_weekday_branch_operator to 2024-04-05T00:00:00+00:00, run_after=2024-04-06T00:00:00+00:00
[2024-04-06T09:40:22.360+0000] {processor.py:175} INFO - Processing /home/airflow/.local/lib/python3.7/site-packages/airflow/example_dags/example_branch_day_of_week_operator.py took 0.074 seconds
[2024-04-06T09:40:52.571+0000] {processor.py:153} INFO - Started process (PID=701) to work on /home/airflow/.local/lib/python3.7/site-packages/airflow/example_dags/example_branch_day_of_week_operator.py
[2024-04-06T09:40:52.572+0000] {processor.py:743} INFO - Processing file /home/airflow/.local/lib/python3.7/site-packages/airflow/example_dags/example_branch_day_of_week_operator.py for tasks to queue
[2024-04-06T09:40:52.573+0000] {logging_mixin.py:137} INFO - [2024-04-06T09:40:52.573+0000] {dagbag.py:538} INFO - Filling up the DagBag from /home/airflow/.local/lib/python3.7/site-packages/airflow/example_dags/example_branch_day_of_week_operator.py
[2024-04-06T09:40:52.589+0000] {processor.py:753} INFO - DAG(s) dict_keys(['example_weekday_branch_operator']) retrieved from /home/airflow/.local/lib/python3.7/site-packages/airflow/example_dags/example_branch_day_of_week_operator.py
[2024-04-06T09:40:52.614+0000] {logging_mixin.py:137} INFO - [2024-04-06T09:40:52.614+0000] {dag.py:2690} INFO - Sync 1 DAGs
[2024-04-06T09:40:52.642+0000] {logging_mixin.py:137} INFO - [2024-04-06T09:40:52.642+0000] {dag.py:3441} INFO - Setting next_dagrun for example_weekday_branch_operator to 2024-04-05T00:00:00+00:00, run_after=2024-04-06T00:00:00+00:00
[2024-04-06T09:40:52.665+0000] {processor.py:175} INFO - Processing /home/airflow/.local/lib/python3.7/site-packages/airflow/example_dags/example_branch_day_of_week_operator.py took 0.096 seconds
[2024-04-06T09:41:23.040+0000] {processor.py:153} INFO - Started process (PID=789) to work on /home/airflow/.local/lib/python3.7/site-packages/airflow/example_dags/example_branch_day_of_week_operator.py
[2024-04-06T09:41:23.041+0000] {processor.py:743} INFO - Processing file /home/airflow/.local/lib/python3.7/site-packages/airflow/example_dags/example_branch_day_of_week_operator.py for tasks to queue
[2024-04-06T09:41:23.041+0000] {logging_mixin.py:137} INFO - [2024-04-06T09:41:23.041+0000] {dagbag.py:538} INFO - Filling up the DagBag from /home/airflow/.local/lib/python3.7/site-packages/airflow/example_dags/example_branch_day_of_week_operator.py
[2024-04-06T09:41:23.056+0000] {processor.py:753} INFO - DAG(s) dict_keys(['example_weekday_branch_operator']) retrieved from /home/airflow/.local/lib/python3.7/site-packages/airflow/example_dags/example_branch_day_of_week_operator.py
[2024-04-06T09:41:23.075+0000] {logging_mixin.py:137} INFO - [2024-04-06T09:41:23.075+0000] {dag.py:2690} INFO - Sync 1 DAGs
[2024-04-06T09:41:23.099+0000] {logging_mixin.py:137} INFO - [2024-04-06T09:41:23.099+0000] {dag.py:3441} INFO - Setting next_dagrun for example_weekday_branch_operator to 2024-04-05T00:00:00+00:00, run_after=2024-04-06T00:00:00+00:00
[2024-04-06T09:41:23.116+0000] {processor.py:175} INFO - Processing /home/airflow/.local/lib/python3.7/site-packages/airflow/example_dags/example_branch_day_of_week_operator.py took 0.078 seconds
[2024-04-06T09:41:53.329+0000] {processor.py:153} INFO - Started process (PID=861) to work on /home/airflow/.local/lib/python3.7/site-packages/airflow/example_dags/example_branch_day_of_week_operator.py
[2024-04-06T09:41:53.330+0000] {processor.py:743} INFO - Processing file /home/airflow/.local/lib/python3.7/site-packages/airflow/example_dags/example_branch_day_of_week_operator.py for tasks to queue
[2024-04-06T09:41:53.330+0000] {logging_mixin.py:137} INFO - [2024-04-06T09:41:53.330+0000] {dagbag.py:538} INFO - Filling up the DagBag from /home/airflow/.local/lib/python3.7/site-packages/airflow/example_dags/example_branch_day_of_week_operator.py
[2024-04-06T09:41:53.345+0000] {processor.py:753} INFO - DAG(s) dict_keys(['example_weekday_branch_operator']) retrieved from /home/airflow/.local/lib/python3.7/site-packages/airflow/example_dags/example_branch_day_of_week_operator.py
[2024-04-06T09:41:53.368+0000] {logging_mixin.py:137} INFO - [2024-04-06T09:41:53.368+0000] {dag.py:2690} INFO - Sync 1 DAGs
[2024-04-06T09:41:53.392+0000] {logging_mixin.py:137} INFO - [2024-04-06T09:41:53.392+0000] {dag.py:3441} INFO - Setting next_dagrun for example_weekday_branch_operator to 2024-04-05T00:00:00+00:00, run_after=2024-04-06T00:00:00+00:00
[2024-04-06T09:41:53.412+0000] {processor.py:175} INFO - Processing /home/airflow/.local/lib/python3.7/site-packages/airflow/example_dags/example_branch_day_of_week_operator.py took 0.086 seconds
[2024-04-06T09:42:24.081+0000] {processor.py:153} INFO - Started process (PID=949) to work on /home/airflow/.local/lib/python3.7/site-packages/airflow/example_dags/example_branch_day_of_week_operator.py
[2024-04-06T09:42:24.082+0000] {processor.py:743} INFO - Processing file /home/airflow/.local/lib/python3.7/site-packages/airflow/example_dags/example_branch_day_of_week_operator.py for tasks to queue
[2024-04-06T09:42:24.083+0000] {logging_mixin.py:137} INFO - [2024-04-06T09:42:24.083+0000] {dagbag.py:538} INFO - Filling up the DagBag from /home/airflow/.local/lib/python3.7/site-packages/airflow/example_dags/example_branch_day_of_week_operator.py
[2024-04-06T09:42:24.106+0000] {processor.py:753} INFO - DAG(s) dict_keys(['example_weekday_branch_operator']) retrieved from /home/airflow/.local/lib/python3.7/site-packages/airflow/example_dags/example_branch_day_of_week_operator.py
[2024-04-06T09:42:24.137+0000] {logging_mixin.py:137} INFO - [2024-04-06T09:42:24.137+0000] {dag.py:2690} INFO - Sync 1 DAGs
[2024-04-06T09:42:24.164+0000] {logging_mixin.py:137} INFO - [2024-04-06T09:42:24.163+0000] {dag.py:3441} INFO - Setting next_dagrun for example_weekday_branch_operator to 2024-04-05T00:00:00+00:00, run_after=2024-04-06T00:00:00+00:00
[2024-04-06T09:42:24.182+0000] {processor.py:175} INFO - Processing /home/airflow/.local/lib/python3.7/site-packages/airflow/example_dags/example_branch_day_of_week_operator.py took 0.104 seconds
[2024-04-06T09:42:54.307+0000] {processor.py:153} INFO - Started process (PID=1021) to work on /home/airflow/.local/lib/python3.7/site-packages/airflow/example_dags/example_branch_day_of_week_operator.py
[2024-04-06T09:42:54.308+0000] {processor.py:743} INFO - Processing file /home/airflow/.local/lib/python3.7/site-packages/airflow/example_dags/example_branch_day_of_week_operator.py for tasks to queue
[2024-04-06T09:42:54.308+0000] {logging_mixin.py:137} INFO - [2024-04-06T09:42:54.308+0000] {dagbag.py:538} INFO - Filling up the DagBag from /home/airflow/.local/lib/python3.7/site-packages/airflow/example_dags/example_branch_day_of_week_operator.py
[2024-04-06T09:42:54.320+0000] {processor.py:753} INFO - DAG(s) dict_keys(['example_weekday_branch_operator']) retrieved from /home/airflow/.local/lib/python3.7/site-packages/airflow/example_dags/example_branch_day_of_week_operator.py
[2024-04-06T09:42:54.340+0000] {logging_mixin.py:137} INFO - [2024-04-06T09:42:54.339+0000] {dag.py:2690} INFO - Sync 1 DAGs
[2024-04-06T09:42:54.361+0000] {logging_mixin.py:137} INFO - [2024-04-06T09:42:54.361+0000] {dag.py:3441} INFO - Setting next_dagrun for example_weekday_branch_operator to 2024-04-05T00:00:00+00:00, run_after=2024-04-06T00:00:00+00:00
[2024-04-06T09:42:54.380+0000] {processor.py:175} INFO - Processing /home/airflow/.local/lib/python3.7/site-packages/airflow/example_dags/example_branch_day_of_week_operator.py took 0.075 seconds
[2024-04-06T09:43:24.989+0000] {processor.py:153} INFO - Started process (PID=1108) to work on /home/airflow/.local/lib/python3.7/site-packages/airflow/example_dags/example_branch_day_of_week_operator.py
[2024-04-06T09:43:24.989+0000] {processor.py:743} INFO - Processing file /home/airflow/.local/lib/python3.7/site-packages/airflow/example_dags/example_branch_day_of_week_operator.py for tasks to queue
[2024-04-06T09:43:24.990+0000] {logging_mixin.py:137} INFO - [2024-04-06T09:43:24.990+0000] {dagbag.py:538} INFO - Filling up the DagBag from /home/airflow/.local/lib/python3.7/site-packages/airflow/example_dags/example_branch_day_of_week_operator.py
[2024-04-06T09:43:25.005+0000] {processor.py:753} INFO - DAG(s) dict_keys(['example_weekday_branch_operator']) retrieved from /home/airflow/.local/lib/python3.7/site-packages/airflow/example_dags/example_branch_day_of_week_operator.py
[2024-04-06T09:43:25.025+0000] {logging_mixin.py:137} INFO - [2024-04-06T09:43:25.025+0000] {dag.py:2690} INFO - Sync 1 DAGs
[2024-04-06T09:43:25.049+0000] {logging_mixin.py:137} INFO - [2024-04-06T09:43:25.049+0000] {dag.py:3441} INFO - Setting next_dagrun for example_weekday_branch_operator to 2024-04-05T00:00:00+00:00, run_after=2024-04-06T00:00:00+00:00
[2024-04-06T09:43:25.065+0000] {processor.py:175} INFO - Processing /home/airflow/.local/lib/python3.7/site-packages/airflow/example_dags/example_branch_day_of_week_operator.py took 0.079 seconds
[2024-04-06T09:43:55.153+0000] {processor.py:153} INFO - Started process (PID=1180) to work on /home/airflow/.local/lib/python3.7/site-packages/airflow/example_dags/example_branch_day_of_week_operator.py
[2024-04-06T09:43:55.154+0000] {processor.py:743} INFO - Processing file /home/airflow/.local/lib/python3.7/site-packages/airflow/example_dags/example_branch_day_of_week_operator.py for tasks to queue
[2024-04-06T09:43:55.155+0000] {logging_mixin.py:137} INFO - [2024-04-06T09:43:55.154+0000] {dagbag.py:538} INFO - Filling up the DagBag from /home/airflow/.local/lib/python3.7/site-packages/airflow/example_dags/example_branch_day_of_week_operator.py
[2024-04-06T09:43:55.169+0000] {processor.py:753} INFO - DAG(s) dict_keys(['example_weekday_branch_operator']) retrieved from /home/airflow/.local/lib/python3.7/site-packages/airflow/example_dags/example_branch_day_of_week_operator.py
[2024-04-06T09:43:55.198+0000] {logging_mixin.py:137} INFO - [2024-04-06T09:43:55.198+0000] {dag.py:2690} INFO - Sync 1 DAGs
[2024-04-06T09:43:55.222+0000] {logging_mixin.py:137} INFO - [2024-04-06T09:43:55.221+0000] {dag.py:3441} INFO - Setting next_dagrun for example_weekday_branch_operator to 2024-04-05T00:00:00+00:00, run_after=2024-04-06T00:00:00+00:00
[2024-04-06T09:43:55.241+0000] {processor.py:175} INFO - Processing /home/airflow/.local/lib/python3.7/site-packages/airflow/example_dags/example_branch_day_of_week_operator.py took 0.090 seconds
[2024-04-06T09:44:25.941+0000] {processor.py:153} INFO - Started process (PID=1268) to work on /home/airflow/.local/lib/python3.7/site-packages/airflow/example_dags/example_branch_day_of_week_operator.py
[2024-04-06T09:44:25.941+0000] {processor.py:743} INFO - Processing file /home/airflow/.local/lib/python3.7/site-packages/airflow/example_dags/example_branch_day_of_week_operator.py for tasks to queue
[2024-04-06T09:44:25.942+0000] {logging_mixin.py:137} INFO - [2024-04-06T09:44:25.942+0000] {dagbag.py:538} INFO - Filling up the DagBag from /home/airflow/.local/lib/python3.7/site-packages/airflow/example_dags/example_branch_day_of_week_operator.py
[2024-04-06T09:44:25.957+0000] {processor.py:753} INFO - DAG(s) dict_keys(['example_weekday_branch_operator']) retrieved from /home/airflow/.local/lib/python3.7/site-packages/airflow/example_dags/example_branch_day_of_week_operator.py
[2024-04-06T09:44:25.994+0000] {logging_mixin.py:137} INFO - [2024-04-06T09:44:25.994+0000] {dag.py:2690} INFO - Sync 1 DAGs
[2024-04-06T09:44:26.032+0000] {logging_mixin.py:137} INFO - [2024-04-06T09:44:26.032+0000] {dag.py:3441} INFO - Setting next_dagrun for example_weekday_branch_operator to 2024-04-05T00:00:00+00:00, run_after=2024-04-06T00:00:00+00:00
[2024-04-06T09:44:26.059+0000] {processor.py:175} INFO - Processing /home/airflow/.local/lib/python3.7/site-packages/airflow/example_dags/example_branch_day_of_week_operator.py took 0.122 seconds
[2024-04-06T09:44:56.142+0000] {processor.py:153} INFO - Started process (PID=1340) to work on /home/airflow/.local/lib/python3.7/site-packages/airflow/example_dags/example_branch_day_of_week_operator.py
[2024-04-06T09:44:56.143+0000] {processor.py:743} INFO - Processing file /home/airflow/.local/lib/python3.7/site-packages/airflow/example_dags/example_branch_day_of_week_operator.py for tasks to queue
[2024-04-06T09:44:56.143+0000] {logging_mixin.py:137} INFO - [2024-04-06T09:44:56.143+0000] {dagbag.py:538} INFO - Filling up the DagBag from /home/airflow/.local/lib/python3.7/site-packages/airflow/example_dags/example_branch_day_of_week_operator.py
[2024-04-06T09:44:56.156+0000] {processor.py:753} INFO - DAG(s) dict_keys(['example_weekday_branch_operator']) retrieved from /home/airflow/.local/lib/python3.7/site-packages/airflow/example_dags/example_branch_day_of_week_operator.py
[2024-04-06T09:44:56.176+0000] {logging_mixin.py:137} INFO - [2024-04-06T09:44:56.176+0000] {dag.py:2690} INFO - Sync 1 DAGs
[2024-04-06T09:44:56.198+0000] {logging_mixin.py:137} INFO - [2024-04-06T09:44:56.198+0000] {dag.py:3441} INFO - Setting next_dagrun for example_weekday_branch_operator to 2024-04-05T00:00:00+00:00, run_after=2024-04-06T00:00:00+00:00
[2024-04-06T09:44:56.215+0000] {processor.py:175} INFO - Processing /home/airflow/.local/lib/python3.7/site-packages/airflow/example_dags/example_branch_day_of_week_operator.py took 0.076 seconds
[2024-04-06T09:45:26.619+0000] {processor.py:153} INFO - Started process (PID=1428) to work on /home/airflow/.local/lib/python3.7/site-packages/airflow/example_dags/example_branch_day_of_week_operator.py
[2024-04-06T09:45:26.619+0000] {processor.py:743} INFO - Processing file /home/airflow/.local/lib/python3.7/site-packages/airflow/example_dags/example_branch_day_of_week_operator.py for tasks to queue
[2024-04-06T09:45:26.620+0000] {logging_mixin.py:137} INFO - [2024-04-06T09:45:26.620+0000] {dagbag.py:538} INFO - Filling up the DagBag from /home/airflow/.local/lib/python3.7/site-packages/airflow/example_dags/example_branch_day_of_week_operator.py
[2024-04-06T09:45:26.635+0000] {processor.py:753} INFO - DAG(s) dict_keys(['example_weekday_branch_operator']) retrieved from /home/airflow/.local/lib/python3.7/site-packages/airflow/example_dags/example_branch_day_of_week_operator.py
[2024-04-06T09:45:26.663+0000] {logging_mixin.py:137} INFO - [2024-04-06T09:45:26.663+0000] {dag.py:2690} INFO - Sync 1 DAGs
[2024-04-06T09:45:26.687+0000] {logging_mixin.py:137} INFO - [2024-04-06T09:45:26.687+0000] {dag.py:3441} INFO - Setting next_dagrun for example_weekday_branch_operator to 2024-04-05T00:00:00+00:00, run_after=2024-04-06T00:00:00+00:00
[2024-04-06T09:45:26.705+0000] {processor.py:175} INFO - Processing /home/airflow/.local/lib/python3.7/site-packages/airflow/example_dags/example_branch_day_of_week_operator.py took 0.089 seconds
[2024-04-06T09:45:56.931+0000] {processor.py:153} INFO - Started process (PID=1500) to work on /home/airflow/.local/lib/python3.7/site-packages/airflow/example_dags/example_branch_day_of_week_operator.py
[2024-04-06T09:45:56.932+0000] {processor.py:743} INFO - Processing file /home/airflow/.local/lib/python3.7/site-packages/airflow/example_dags/example_branch_day_of_week_operator.py for tasks to queue
[2024-04-06T09:45:56.933+0000] {logging_mixin.py:137} INFO - [2024-04-06T09:45:56.933+0000] {dagbag.py:538} INFO - Filling up the DagBag from /home/airflow/.local/lib/python3.7/site-packages/airflow/example_dags/example_branch_day_of_week_operator.py
[2024-04-06T09:45:56.955+0000] {processor.py:753} INFO - DAG(s) dict_keys(['example_weekday_branch_operator']) retrieved from /home/airflow/.local/lib/python3.7/site-packages/airflow/example_dags/example_branch_day_of_week_operator.py
[2024-04-06T09:45:56.990+0000] {logging_mixin.py:137} INFO - [2024-04-06T09:45:56.990+0000] {dag.py:2690} INFO - Sync 1 DAGs
[2024-04-06T09:45:57.025+0000] {logging_mixin.py:137} INFO - [2024-04-06T09:45:57.024+0000] {dag.py:3441} INFO - Setting next_dagrun for example_weekday_branch_operator to 2024-04-05T00:00:00+00:00, run_after=2024-04-06T00:00:00+00:00
[2024-04-06T09:45:57.044+0000] {processor.py:175} INFO - Processing /home/airflow/.local/lib/python3.7/site-packages/airflow/example_dags/example_branch_day_of_week_operator.py took 0.117 seconds
[2024-04-06T09:46:27.385+0000] {processor.py:153} INFO - Started process (PID=1587) to work on /home/airflow/.local/lib/python3.7/site-packages/airflow/example_dags/example_branch_day_of_week_operator.py
[2024-04-06T09:46:27.385+0000] {processor.py:743} INFO - Processing file /home/airflow/.local/lib/python3.7/site-packages/airflow/example_dags/example_branch_day_of_week_operator.py for tasks to queue
[2024-04-06T09:46:27.386+0000] {logging_mixin.py:137} INFO - [2024-04-06T09:46:27.386+0000] {dagbag.py:538} INFO - Filling up the DagBag from /home/airflow/.local/lib/python3.7/site-packages/airflow/example_dags/example_branch_day_of_week_operator.py
[2024-04-06T09:46:27.401+0000] {processor.py:753} INFO - DAG(s) dict_keys(['example_weekday_branch_operator']) retrieved from /home/airflow/.local/lib/python3.7/site-packages/airflow/example_dags/example_branch_day_of_week_operator.py
[2024-04-06T09:46:27.431+0000] {logging_mixin.py:137} INFO - [2024-04-06T09:46:27.431+0000] {dag.py:2690} INFO - Sync 1 DAGs
[2024-04-06T09:46:27.462+0000] {logging_mixin.py:137} INFO - [2024-04-06T09:46:27.461+0000] {dag.py:3441} INFO - Setting next_dagrun for example_weekday_branch_operator to 2024-04-05T00:00:00+00:00, run_after=2024-04-06T00:00:00+00:00
[2024-04-06T09:46:27.481+0000] {processor.py:175} INFO - Processing /home/airflow/.local/lib/python3.7/site-packages/airflow/example_dags/example_branch_day_of_week_operator.py took 0.100 seconds
[2024-04-06T09:46:57.781+0000] {processor.py:153} INFO - Started process (PID=1659) to work on /home/airflow/.local/lib/python3.7/site-packages/airflow/example_dags/example_branch_day_of_week_operator.py
[2024-04-06T09:46:57.781+0000] {processor.py:743} INFO - Processing file /home/airflow/.local/lib/python3.7/site-packages/airflow/example_dags/example_branch_day_of_week_operator.py for tasks to queue
[2024-04-06T09:46:57.782+0000] {logging_mixin.py:137} INFO - [2024-04-06T09:46:57.782+0000] {dagbag.py:538} INFO - Filling up the DagBag from /home/airflow/.local/lib/python3.7/site-packages/airflow/example_dags/example_branch_day_of_week_operator.py
[2024-04-06T09:46:57.794+0000] {processor.py:753} INFO - DAG(s) dict_keys(['example_weekday_branch_operator']) retrieved from /home/airflow/.local/lib/python3.7/site-packages/airflow/example_dags/example_branch_day_of_week_operator.py
[2024-04-06T09:46:57.814+0000] {logging_mixin.py:137} INFO - [2024-04-06T09:46:57.814+0000] {dag.py:2690} INFO - Sync 1 DAGs
[2024-04-06T09:46:57.836+0000] {logging_mixin.py:137} INFO - [2024-04-06T09:46:57.836+0000] {dag.py:3441} INFO - Setting next_dagrun for example_weekday_branch_operator to 2024-04-05T00:00:00+00:00, run_after=2024-04-06T00:00:00+00:00
[2024-04-06T09:46:57.852+0000] {processor.py:175} INFO - Processing /home/airflow/.local/lib/python3.7/site-packages/airflow/example_dags/example_branch_day_of_week_operator.py took 0.073 seconds
[2024-04-06T09:47:28.369+0000] {processor.py:153} INFO - Started process (PID=1747) to work on /home/airflow/.local/lib/python3.7/site-packages/airflow/example_dags/example_branch_day_of_week_operator.py
[2024-04-06T09:47:28.370+0000] {processor.py:743} INFO - Processing file /home/airflow/.local/lib/python3.7/site-packages/airflow/example_dags/example_branch_day_of_week_operator.py for tasks to queue
[2024-04-06T09:47:28.371+0000] {logging_mixin.py:137} INFO - [2024-04-06T09:47:28.370+0000] {dagbag.py:538} INFO - Filling up the DagBag from /home/airflow/.local/lib/python3.7/site-packages/airflow/example_dags/example_branch_day_of_week_operator.py
[2024-04-06T09:47:28.383+0000] {processor.py:753} INFO - DAG(s) dict_keys(['example_weekday_branch_operator']) retrieved from /home/airflow/.local/lib/python3.7/site-packages/airflow/example_dags/example_branch_day_of_week_operator.py
[2024-04-06T09:47:28.403+0000] {logging_mixin.py:137} INFO - [2024-04-06T09:47:28.403+0000] {dag.py:2690} INFO - Sync 1 DAGs
[2024-04-06T09:47:28.425+0000] {logging_mixin.py:137} INFO - [2024-04-06T09:47:28.425+0000] {dag.py:3441} INFO - Setting next_dagrun for example_weekday_branch_operator to 2024-04-05T00:00:00+00:00, run_after=2024-04-06T00:00:00+00:00
[2024-04-06T09:47:28.447+0000] {processor.py:175} INFO - Processing /home/airflow/.local/lib/python3.7/site-packages/airflow/example_dags/example_branch_day_of_week_operator.py took 0.081 seconds
[2024-04-06T09:47:58.530+0000] {processor.py:153} INFO - Started process (PID=1819) to work on /home/airflow/.local/lib/python3.7/site-packages/airflow/example_dags/example_branch_day_of_week_operator.py
[2024-04-06T09:47:58.530+0000] {processor.py:743} INFO - Processing file /home/airflow/.local/lib/python3.7/site-packages/airflow/example_dags/example_branch_day_of_week_operator.py for tasks to queue
[2024-04-06T09:47:58.531+0000] {logging_mixin.py:137} INFO - [2024-04-06T09:47:58.531+0000] {dagbag.py:538} INFO - Filling up the DagBag from /home/airflow/.local/lib/python3.7/site-packages/airflow/example_dags/example_branch_day_of_week_operator.py
[2024-04-06T09:47:58.544+0000] {processor.py:753} INFO - DAG(s) dict_keys(['example_weekday_branch_operator']) retrieved from /home/airflow/.local/lib/python3.7/site-packages/airflow/example_dags/example_branch_day_of_week_operator.py
[2024-04-06T09:47:58.566+0000] {logging_mixin.py:137} INFO - [2024-04-06T09:47:58.566+0000] {dag.py:2690} INFO - Sync 1 DAGs
[2024-04-06T09:47:58.588+0000] {logging_mixin.py:137} INFO - [2024-04-06T09:47:58.588+0000] {dag.py:3441} INFO - Setting next_dagrun for example_weekday_branch_operator to 2024-04-05T00:00:00+00:00, run_after=2024-04-06T00:00:00+00:00
[2024-04-06T09:47:58.607+0000] {processor.py:175} INFO - Processing /home/airflow/.local/lib/python3.7/site-packages/airflow/example_dags/example_branch_day_of_week_operator.py took 0.080 seconds
[2024-04-06T09:48:28.895+0000] {processor.py:153} INFO - Started process (PID=1907) to work on /home/airflow/.local/lib/python3.7/site-packages/airflow/example_dags/example_branch_day_of_week_operator.py
[2024-04-06T09:48:28.895+0000] {processor.py:743} INFO - Processing file /home/airflow/.local/lib/python3.7/site-packages/airflow/example_dags/example_branch_day_of_week_operator.py for tasks to queue
[2024-04-06T09:48:28.896+0000] {logging_mixin.py:137} INFO - [2024-04-06T09:48:28.896+0000] {dagbag.py:538} INFO - Filling up the DagBag from /home/airflow/.local/lib/python3.7/site-packages/airflow/example_dags/example_branch_day_of_week_operator.py
[2024-04-06T09:48:28.911+0000] {processor.py:753} INFO - DAG(s) dict_keys(['example_weekday_branch_operator']) retrieved from /home/airflow/.local/lib/python3.7/site-packages/airflow/example_dags/example_branch_day_of_week_operator.py
[2024-04-06T09:48:28.939+0000] {logging_mixin.py:137} INFO - [2024-04-06T09:48:28.939+0000] {dag.py:2690} INFO - Sync 1 DAGs
[2024-04-06T09:48:28.970+0000] {logging_mixin.py:137} INFO - [2024-04-06T09:48:28.970+0000] {dag.py:3441} INFO - Setting next_dagrun for example_weekday_branch_operator to 2024-04-05T00:00:00+00:00, run_after=2024-04-06T00:00:00+00:00
[2024-04-06T09:48:28.991+0000] {processor.py:175} INFO - Processing /home/airflow/.local/lib/python3.7/site-packages/airflow/example_dags/example_branch_day_of_week_operator.py took 0.100 seconds
[2024-04-06T09:48:59.538+0000] {processor.py:153} INFO - Started process (PID=1979) to work on /home/airflow/.local/lib/python3.7/site-packages/airflow/example_dags/example_branch_day_of_week_operator.py
[2024-04-06T09:48:59.540+0000] {processor.py:743} INFO - Processing file /home/airflow/.local/lib/python3.7/site-packages/airflow/example_dags/example_branch_day_of_week_operator.py for tasks to queue
[2024-04-06T09:48:59.541+0000] {logging_mixin.py:137} INFO - [2024-04-06T09:48:59.541+0000] {dagbag.py:538} INFO - Filling up the DagBag from /home/airflow/.local/lib/python3.7/site-packages/airflow/example_dags/example_branch_day_of_week_operator.py
[2024-04-06T09:48:59.566+0000] {processor.py:753} INFO - DAG(s) dict_keys(['example_weekday_branch_operator']) retrieved from /home/airflow/.local/lib/python3.7/site-packages/airflow/example_dags/example_branch_day_of_week_operator.py
[2024-04-06T09:48:59.605+0000] {logging_mixin.py:137} INFO - [2024-04-06T09:48:59.604+0000] {dag.py:2690} INFO - Sync 1 DAGs
[2024-04-06T09:48:59.650+0000] {logging_mixin.py:137} INFO - [2024-04-06T09:48:59.649+0000] {dag.py:3441} INFO - Setting next_dagrun for example_weekday_branch_operator to 2024-04-05T00:00:00+00:00, run_after=2024-04-06T00:00:00+00:00
[2024-04-06T09:48:59.681+0000] {processor.py:175} INFO - Processing /home/airflow/.local/lib/python3.7/site-packages/airflow/example_dags/example_branch_day_of_week_operator.py took 0.149 seconds
[2024-04-06T09:50:14.016+0000] {processor.py:153} INFO - Started process (PID=70) to work on /home/airflow/.local/lib/python3.7/site-packages/airflow/example_dags/example_branch_day_of_week_operator.py
[2024-04-06T09:50:14.017+0000] {processor.py:743} INFO - Processing file /home/airflow/.local/lib/python3.7/site-packages/airflow/example_dags/example_branch_day_of_week_operator.py for tasks to queue
[2024-04-06T09:50:14.018+0000] {logging_mixin.py:137} INFO - [2024-04-06T09:50:14.018+0000] {dagbag.py:538} INFO - Filling up the DagBag from /home/airflow/.local/lib/python3.7/site-packages/airflow/example_dags/example_branch_day_of_week_operator.py
[2024-04-06T09:50:14.041+0000] {processor.py:753} INFO - DAG(s) dict_keys(['example_weekday_branch_operator']) retrieved from /home/airflow/.local/lib/python3.7/site-packages/airflow/example_dags/example_branch_day_of_week_operator.py
[2024-04-06T09:50:14.081+0000] {logging_mixin.py:137} INFO - [2024-04-06T09:50:14.081+0000] {dag.py:2690} INFO - Sync 1 DAGs
[2024-04-06T09:50:14.159+0000] {logging_mixin.py:137} INFO - [2024-04-06T09:50:14.158+0000] {dag.py:3441} INFO - Setting next_dagrun for example_weekday_branch_operator to 2024-04-05T00:00:00+00:00, run_after=2024-04-06T00:00:00+00:00
[2024-04-06T09:50:14.228+0000] {processor.py:175} INFO - Processing /home/airflow/.local/lib/python3.7/site-packages/airflow/example_dags/example_branch_day_of_week_operator.py took 0.216 seconds
[2024-04-06T09:50:45.597+0000] {processor.py:153} INFO - Started process (PID=133) to work on /home/airflow/.local/lib/python3.7/site-packages/airflow/example_dags/example_branch_day_of_week_operator.py
[2024-04-06T09:50:45.599+0000] {processor.py:743} INFO - Processing file /home/airflow/.local/lib/python3.7/site-packages/airflow/example_dags/example_branch_day_of_week_operator.py for tasks to queue
[2024-04-06T09:50:45.600+0000] {logging_mixin.py:137} INFO - [2024-04-06T09:50:45.600+0000] {dagbag.py:538} INFO - Filling up the DagBag from /home/airflow/.local/lib/python3.7/site-packages/airflow/example_dags/example_branch_day_of_week_operator.py
[2024-04-06T09:50:45.622+0000] {processor.py:753} INFO - DAG(s) dict_keys(['example_weekday_branch_operator']) retrieved from /home/airflow/.local/lib/python3.7/site-packages/airflow/example_dags/example_branch_day_of_week_operator.py
[2024-04-06T09:50:45.659+0000] {logging_mixin.py:137} INFO - [2024-04-06T09:50:45.659+0000] {dag.py:2690} INFO - Sync 1 DAGs
[2024-04-06T09:50:45.703+0000] {logging_mixin.py:137} INFO - [2024-04-06T09:50:45.702+0000] {dag.py:3441} INFO - Setting next_dagrun for example_weekday_branch_operator to 2024-04-05T00:00:00+00:00, run_after=2024-04-06T00:00:00+00:00
[2024-04-06T09:50:45.731+0000] {processor.py:175} INFO - Processing /home/airflow/.local/lib/python3.7/site-packages/airflow/example_dags/example_branch_day_of_week_operator.py took 0.139 seconds
[2024-04-06T09:51:16.409+0000] {processor.py:153} INFO - Started process (PID=222) to work on /home/airflow/.local/lib/python3.7/site-packages/airflow/example_dags/example_branch_day_of_week_operator.py
[2024-04-06T09:51:16.410+0000] {processor.py:743} INFO - Processing file /home/airflow/.local/lib/python3.7/site-packages/airflow/example_dags/example_branch_day_of_week_operator.py for tasks to queue
[2024-04-06T09:51:16.410+0000] {logging_mixin.py:137} INFO - [2024-04-06T09:51:16.410+0000] {dagbag.py:538} INFO - Filling up the DagBag from /home/airflow/.local/lib/python3.7/site-packages/airflow/example_dags/example_branch_day_of_week_operator.py
[2024-04-06T09:51:16.423+0000] {processor.py:753} INFO - DAG(s) dict_keys(['example_weekday_branch_operator']) retrieved from /home/airflow/.local/lib/python3.7/site-packages/airflow/example_dags/example_branch_day_of_week_operator.py
[2024-04-06T09:51:16.445+0000] {logging_mixin.py:137} INFO - [2024-04-06T09:51:16.445+0000] {dag.py:2690} INFO - Sync 1 DAGs
[2024-04-06T09:51:16.470+0000] {logging_mixin.py:137} INFO - [2024-04-06T09:51:16.470+0000] {dag.py:3441} INFO - Setting next_dagrun for example_weekday_branch_operator to 2024-04-05T00:00:00+00:00, run_after=2024-04-06T00:00:00+00:00
[2024-04-06T09:51:16.490+0000] {processor.py:175} INFO - Processing /home/airflow/.local/lib/python3.7/site-packages/airflow/example_dags/example_branch_day_of_week_operator.py took 0.084 seconds
[2024-04-06T09:58:24.982+0000] {processor.py:153} INFO - Started process (PID=78) to work on /home/airflow/.local/lib/python3.7/site-packages/airflow/example_dags/example_branch_day_of_week_operator.py
[2024-04-06T09:58:24.983+0000] {processor.py:743} INFO - Processing file /home/airflow/.local/lib/python3.7/site-packages/airflow/example_dags/example_branch_day_of_week_operator.py for tasks to queue
[2024-04-06T09:58:24.984+0000] {logging_mixin.py:137} INFO - [2024-04-06T09:58:24.984+0000] {dagbag.py:538} INFO - Filling up the DagBag from /home/airflow/.local/lib/python3.7/site-packages/airflow/example_dags/example_branch_day_of_week_operator.py
[2024-04-06T09:58:25.008+0000] {processor.py:753} INFO - DAG(s) dict_keys(['example_weekday_branch_operator']) retrieved from /home/airflow/.local/lib/python3.7/site-packages/airflow/example_dags/example_branch_day_of_week_operator.py
[2024-04-06T09:58:25.027+0000] {logging_mixin.py:137} INFO - [2024-04-06T09:58:25.027+0000] {dag.py:2690} INFO - Sync 1 DAGs
[2024-04-06T09:58:25.064+0000] {logging_mixin.py:137} INFO - [2024-04-06T09:58:25.063+0000] {dag.py:3441} INFO - Setting next_dagrun for example_weekday_branch_operator to 2024-04-05T00:00:00+00:00, run_after=2024-04-06T00:00:00+00:00
[2024-04-06T09:58:25.084+0000] {processor.py:175} INFO - Processing /home/airflow/.local/lib/python3.7/site-packages/airflow/example_dags/example_branch_day_of_week_operator.py took 0.105 seconds
[2024-04-06T09:58:55.993+0000] {processor.py:153} INFO - Started process (PID=150) to work on /home/airflow/.local/lib/python3.7/site-packages/airflow/example_dags/example_branch_day_of_week_operator.py
[2024-04-06T09:58:55.994+0000] {processor.py:743} INFO - Processing file /home/airflow/.local/lib/python3.7/site-packages/airflow/example_dags/example_branch_day_of_week_operator.py for tasks to queue
[2024-04-06T09:58:55.995+0000] {logging_mixin.py:137} INFO - [2024-04-06T09:58:55.995+0000] {dagbag.py:538} INFO - Filling up the DagBag from /home/airflow/.local/lib/python3.7/site-packages/airflow/example_dags/example_branch_day_of_week_operator.py
[2024-04-06T09:58:56.010+0000] {processor.py:753} INFO - DAG(s) dict_keys(['example_weekday_branch_operator']) retrieved from /home/airflow/.local/lib/python3.7/site-packages/airflow/example_dags/example_branch_day_of_week_operator.py
[2024-04-06T09:58:56.022+0000] {logging_mixin.py:137} INFO - [2024-04-06T09:58:56.022+0000] {dag.py:2690} INFO - Sync 1 DAGs
[2024-04-06T09:58:56.049+0000] {logging_mixin.py:137} INFO - [2024-04-06T09:58:56.049+0000] {dag.py:3441} INFO - Setting next_dagrun for example_weekday_branch_operator to 2024-04-05T00:00:00+00:00, run_after=2024-04-06T00:00:00+00:00
[2024-04-06T09:58:56.069+0000] {processor.py:175} INFO - Processing /home/airflow/.local/lib/python3.7/site-packages/airflow/example_dags/example_branch_day_of_week_operator.py took 0.079 seconds
[2024-04-06T09:59:26.723+0000] {processor.py:153} INFO - Started process (PID=223) to work on /home/airflow/.local/lib/python3.7/site-packages/airflow/example_dags/example_branch_day_of_week_operator.py
[2024-04-06T09:59:26.724+0000] {processor.py:743} INFO - Processing file /home/airflow/.local/lib/python3.7/site-packages/airflow/example_dags/example_branch_day_of_week_operator.py for tasks to queue
[2024-04-06T09:59:26.725+0000] {logging_mixin.py:137} INFO - [2024-04-06T09:59:26.725+0000] {dagbag.py:538} INFO - Filling up the DagBag from /home/airflow/.local/lib/python3.7/site-packages/airflow/example_dags/example_branch_day_of_week_operator.py
[2024-04-06T09:59:26.740+0000] {processor.py:753} INFO - DAG(s) dict_keys(['example_weekday_branch_operator']) retrieved from /home/airflow/.local/lib/python3.7/site-packages/airflow/example_dags/example_branch_day_of_week_operator.py
[2024-04-06T09:59:26.774+0000] {logging_mixin.py:137} INFO - [2024-04-06T09:59:26.773+0000] {dag.py:2690} INFO - Sync 1 DAGs
[2024-04-06T09:59:26.810+0000] {logging_mixin.py:137} INFO - [2024-04-06T09:59:26.810+0000] {dag.py:3441} INFO - Setting next_dagrun for example_weekday_branch_operator to 2024-04-05T00:00:00+00:00, run_after=2024-04-06T00:00:00+00:00
[2024-04-06T09:59:26.838+0000] {processor.py:175} INFO - Processing /home/airflow/.local/lib/python3.7/site-packages/airflow/example_dags/example_branch_day_of_week_operator.py took 0.116 seconds
[2024-04-06T09:59:57.490+0000] {processor.py:153} INFO - Started process (PID=294) to work on /home/airflow/.local/lib/python3.7/site-packages/airflow/example_dags/example_branch_day_of_week_operator.py
[2024-04-06T09:59:57.492+0000] {processor.py:743} INFO - Processing file /home/airflow/.local/lib/python3.7/site-packages/airflow/example_dags/example_branch_day_of_week_operator.py for tasks to queue
[2024-04-06T09:59:57.493+0000] {logging_mixin.py:137} INFO - [2024-04-06T09:59:57.492+0000] {dagbag.py:538} INFO - Filling up the DagBag from /home/airflow/.local/lib/python3.7/site-packages/airflow/example_dags/example_branch_day_of_week_operator.py
[2024-04-06T09:59:57.511+0000] {processor.py:753} INFO - DAG(s) dict_keys(['example_weekday_branch_operator']) retrieved from /home/airflow/.local/lib/python3.7/site-packages/airflow/example_dags/example_branch_day_of_week_operator.py
[2024-04-06T09:59:57.549+0000] {logging_mixin.py:137} INFO - [2024-04-06T09:59:57.549+0000] {dag.py:2690} INFO - Sync 1 DAGs
[2024-04-06T09:59:57.594+0000] {logging_mixin.py:137} INFO - [2024-04-06T09:59:57.594+0000] {dag.py:3441} INFO - Setting next_dagrun for example_weekday_branch_operator to 2024-04-05T00:00:00+00:00, run_after=2024-04-06T00:00:00+00:00
[2024-04-06T09:59:57.626+0000] {processor.py:175} INFO - Processing /home/airflow/.local/lib/python3.7/site-packages/airflow/example_dags/example_branch_day_of_week_operator.py took 0.139 seconds
[2024-04-06T10:00:27.665+0000] {processor.py:153} INFO - Started process (PID=365) to work on /home/airflow/.local/lib/python3.7/site-packages/airflow/example_dags/example_branch_day_of_week_operator.py
[2024-04-06T10:00:27.666+0000] {processor.py:743} INFO - Processing file /home/airflow/.local/lib/python3.7/site-packages/airflow/example_dags/example_branch_day_of_week_operator.py for tasks to queue
[2024-04-06T10:00:27.667+0000] {logging_mixin.py:137} INFO - [2024-04-06T10:00:27.667+0000] {dagbag.py:538} INFO - Filling up the DagBag from /home/airflow/.local/lib/python3.7/site-packages/airflow/example_dags/example_branch_day_of_week_operator.py
[2024-04-06T10:00:27.684+0000] {processor.py:753} INFO - DAG(s) dict_keys(['example_weekday_branch_operator']) retrieved from /home/airflow/.local/lib/python3.7/site-packages/airflow/example_dags/example_branch_day_of_week_operator.py
[2024-04-06T10:00:27.711+0000] {logging_mixin.py:137} INFO - [2024-04-06T10:00:27.711+0000] {dag.py:2690} INFO - Sync 1 DAGs
[2024-04-06T10:00:27.739+0000] {logging_mixin.py:137} INFO - [2024-04-06T10:00:27.739+0000] {dag.py:3441} INFO - Setting next_dagrun for example_weekday_branch_operator to 2024-04-05T00:00:00+00:00, run_after=2024-04-06T00:00:00+00:00
[2024-04-06T10:00:27.759+0000] {processor.py:175} INFO - Processing /home/airflow/.local/lib/python3.7/site-packages/airflow/example_dags/example_branch_day_of_week_operator.py took 0.097 seconds
[2024-04-06T10:00:58.439+0000] {processor.py:153} INFO - Started process (PID=453) to work on /home/airflow/.local/lib/python3.7/site-packages/airflow/example_dags/example_branch_day_of_week_operator.py
[2024-04-06T10:00:58.440+0000] {processor.py:743} INFO - Processing file /home/airflow/.local/lib/python3.7/site-packages/airflow/example_dags/example_branch_day_of_week_operator.py for tasks to queue
[2024-04-06T10:00:58.441+0000] {logging_mixin.py:137} INFO - [2024-04-06T10:00:58.441+0000] {dagbag.py:538} INFO - Filling up the DagBag from /home/airflow/.local/lib/python3.7/site-packages/airflow/example_dags/example_branch_day_of_week_operator.py
[2024-04-06T10:00:58.454+0000] {processor.py:753} INFO - DAG(s) dict_keys(['example_weekday_branch_operator']) retrieved from /home/airflow/.local/lib/python3.7/site-packages/airflow/example_dags/example_branch_day_of_week_operator.py
[2024-04-06T10:00:58.479+0000] {logging_mixin.py:137} INFO - [2024-04-06T10:00:58.479+0000] {dag.py:2690} INFO - Sync 1 DAGs
[2024-04-06T10:00:58.508+0000] {logging_mixin.py:137} INFO - [2024-04-06T10:00:58.507+0000] {dag.py:3441} INFO - Setting next_dagrun for example_weekday_branch_operator to 2024-04-05T00:00:00+00:00, run_after=2024-04-06T00:00:00+00:00
[2024-04-06T10:00:58.526+0000] {processor.py:175} INFO - Processing /home/airflow/.local/lib/python3.7/site-packages/airflow/example_dags/example_branch_day_of_week_operator.py took 0.089 seconds
[2024-04-06T10:01:28.844+0000] {processor.py:153} INFO - Started process (PID=526) to work on /home/airflow/.local/lib/python3.7/site-packages/airflow/example_dags/example_branch_day_of_week_operator.py
[2024-04-06T10:01:28.845+0000] {processor.py:743} INFO - Processing file /home/airflow/.local/lib/python3.7/site-packages/airflow/example_dags/example_branch_day_of_week_operator.py for tasks to queue
[2024-04-06T10:01:28.846+0000] {logging_mixin.py:137} INFO - [2024-04-06T10:01:28.845+0000] {dagbag.py:538} INFO - Filling up the DagBag from /home/airflow/.local/lib/python3.7/site-packages/airflow/example_dags/example_branch_day_of_week_operator.py
[2024-04-06T10:01:28.858+0000] {processor.py:753} INFO - DAG(s) dict_keys(['example_weekday_branch_operator']) retrieved from /home/airflow/.local/lib/python3.7/site-packages/airflow/example_dags/example_branch_day_of_week_operator.py
[2024-04-06T10:01:28.880+0000] {logging_mixin.py:137} INFO - [2024-04-06T10:01:28.880+0000] {dag.py:2690} INFO - Sync 1 DAGs
[2024-04-06T10:01:28.904+0000] {logging_mixin.py:137} INFO - [2024-04-06T10:01:28.903+0000] {dag.py:3441} INFO - Setting next_dagrun for example_weekday_branch_operator to 2024-04-05T00:00:00+00:00, run_after=2024-04-06T00:00:00+00:00
[2024-04-06T10:01:28.921+0000] {processor.py:175} INFO - Processing /home/airflow/.local/lib/python3.7/site-packages/airflow/example_dags/example_branch_day_of_week_operator.py took 0.079 seconds
[2024-04-06T10:01:59.299+0000] {processor.py:153} INFO - Started process (PID=614) to work on /home/airflow/.local/lib/python3.7/site-packages/airflow/example_dags/example_branch_day_of_week_operator.py
[2024-04-06T10:01:59.299+0000] {processor.py:743} INFO - Processing file /home/airflow/.local/lib/python3.7/site-packages/airflow/example_dags/example_branch_day_of_week_operator.py for tasks to queue
[2024-04-06T10:01:59.300+0000] {logging_mixin.py:137} INFO - [2024-04-06T10:01:59.300+0000] {dagbag.py:538} INFO - Filling up the DagBag from /home/airflow/.local/lib/python3.7/site-packages/airflow/example_dags/example_branch_day_of_week_operator.py
[2024-04-06T10:01:59.311+0000] {processor.py:753} INFO - DAG(s) dict_keys(['example_weekday_branch_operator']) retrieved from /home/airflow/.local/lib/python3.7/site-packages/airflow/example_dags/example_branch_day_of_week_operator.py
[2024-04-06T10:01:59.333+0000] {logging_mixin.py:137} INFO - [2024-04-06T10:01:59.333+0000] {dag.py:2690} INFO - Sync 1 DAGs
[2024-04-06T10:01:59.353+0000] {logging_mixin.py:137} INFO - [2024-04-06T10:01:59.353+0000] {dag.py:3441} INFO - Setting next_dagrun for example_weekday_branch_operator to 2024-04-05T00:00:00+00:00, run_after=2024-04-06T00:00:00+00:00
[2024-04-06T10:01:59.369+0000] {processor.py:175} INFO - Processing /home/airflow/.local/lib/python3.7/site-packages/airflow/example_dags/example_branch_day_of_week_operator.py took 0.073 seconds
[2024-04-06T10:02:29.843+0000] {processor.py:153} INFO - Started process (PID=695) to work on /home/airflow/.local/lib/python3.7/site-packages/airflow/example_dags/example_branch_day_of_week_operator.py
[2024-04-06T10:02:29.844+0000] {processor.py:743} INFO - Processing file /home/airflow/.local/lib/python3.7/site-packages/airflow/example_dags/example_branch_day_of_week_operator.py for tasks to queue
[2024-04-06T10:02:29.844+0000] {logging_mixin.py:137} INFO - [2024-04-06T10:02:29.844+0000] {dagbag.py:538} INFO - Filling up the DagBag from /home/airflow/.local/lib/python3.7/site-packages/airflow/example_dags/example_branch_day_of_week_operator.py
[2024-04-06T10:02:29.858+0000] {processor.py:753} INFO - DAG(s) dict_keys(['example_weekday_branch_operator']) retrieved from /home/airflow/.local/lib/python3.7/site-packages/airflow/example_dags/example_branch_day_of_week_operator.py
[2024-04-06T10:02:29.886+0000] {logging_mixin.py:137} INFO - [2024-04-06T10:02:29.886+0000] {dag.py:2690} INFO - Sync 1 DAGs
[2024-04-06T10:02:29.913+0000] {logging_mixin.py:137} INFO - [2024-04-06T10:02:29.913+0000] {dag.py:3441} INFO - Setting next_dagrun for example_weekday_branch_operator to 2024-04-05T00:00:00+00:00, run_after=2024-04-06T00:00:00+00:00
[2024-04-06T10:02:29.930+0000] {processor.py:175} INFO - Processing /home/airflow/.local/lib/python3.7/site-packages/airflow/example_dags/example_branch_day_of_week_operator.py took 0.089 seconds
[2024-04-06T10:03:00.315+0000] {processor.py:153} INFO - Started process (PID=774) to work on /home/airflow/.local/lib/python3.7/site-packages/airflow/example_dags/example_branch_day_of_week_operator.py
[2024-04-06T10:03:00.316+0000] {processor.py:743} INFO - Processing file /home/airflow/.local/lib/python3.7/site-packages/airflow/example_dags/example_branch_day_of_week_operator.py for tasks to queue
[2024-04-06T10:03:00.317+0000] {logging_mixin.py:137} INFO - [2024-04-06T10:03:00.317+0000] {dagbag.py:538} INFO - Filling up the DagBag from /home/airflow/.local/lib/python3.7/site-packages/airflow/example_dags/example_branch_day_of_week_operator.py
[2024-04-06T10:03:00.328+0000] {processor.py:753} INFO - DAG(s) dict_keys(['example_weekday_branch_operator']) retrieved from /home/airflow/.local/lib/python3.7/site-packages/airflow/example_dags/example_branch_day_of_week_operator.py
[2024-04-06T10:03:00.349+0000] {logging_mixin.py:137} INFO - [2024-04-06T10:03:00.349+0000] {dag.py:2690} INFO - Sync 1 DAGs
[2024-04-06T10:03:00.373+0000] {logging_mixin.py:137} INFO - [2024-04-06T10:03:00.373+0000] {dag.py:3441} INFO - Setting next_dagrun for example_weekday_branch_operator to 2024-04-05T00:00:00+00:00, run_after=2024-04-06T00:00:00+00:00
[2024-04-06T10:03:00.390+0000] {processor.py:175} INFO - Processing /home/airflow/.local/lib/python3.7/site-packages/airflow/example_dags/example_branch_day_of_week_operator.py took 0.077 seconds
[2024-04-06T10:03:30.630+0000] {processor.py:153} INFO - Started process (PID=863) to work on /home/airflow/.local/lib/python3.7/site-packages/airflow/example_dags/example_branch_day_of_week_operator.py
[2024-04-06T10:03:30.631+0000] {processor.py:743} INFO - Processing file /home/airflow/.local/lib/python3.7/site-packages/airflow/example_dags/example_branch_day_of_week_operator.py for tasks to queue
[2024-04-06T10:03:30.631+0000] {logging_mixin.py:137} INFO - [2024-04-06T10:03:30.631+0000] {dagbag.py:538} INFO - Filling up the DagBag from /home/airflow/.local/lib/python3.7/site-packages/airflow/example_dags/example_branch_day_of_week_operator.py
[2024-04-06T10:03:30.644+0000] {processor.py:753} INFO - DAG(s) dict_keys(['example_weekday_branch_operator']) retrieved from /home/airflow/.local/lib/python3.7/site-packages/airflow/example_dags/example_branch_day_of_week_operator.py
[2024-04-06T10:03:30.664+0000] {logging_mixin.py:137} INFO - [2024-04-06T10:03:30.664+0000] {dag.py:2690} INFO - Sync 1 DAGs
[2024-04-06T10:03:30.686+0000] {logging_mixin.py:137} INFO - [2024-04-06T10:03:30.685+0000] {dag.py:3441} INFO - Setting next_dagrun for example_weekday_branch_operator to 2024-04-05T00:00:00+00:00, run_after=2024-04-06T00:00:00+00:00
[2024-04-06T10:03:30.702+0000] {processor.py:175} INFO - Processing /home/airflow/.local/lib/python3.7/site-packages/airflow/example_dags/example_branch_day_of_week_operator.py took 0.074 seconds
[2024-04-06T10:04:01.232+0000] {processor.py:153} INFO - Started process (PID=934) to work on /home/airflow/.local/lib/python3.7/site-packages/airflow/example_dags/example_branch_day_of_week_operator.py
[2024-04-06T10:04:01.233+0000] {processor.py:743} INFO - Processing file /home/airflow/.local/lib/python3.7/site-packages/airflow/example_dags/example_branch_day_of_week_operator.py for tasks to queue
[2024-04-06T10:04:01.233+0000] {logging_mixin.py:137} INFO - [2024-04-06T10:04:01.233+0000] {dagbag.py:538} INFO - Filling up the DagBag from /home/airflow/.local/lib/python3.7/site-packages/airflow/example_dags/example_branch_day_of_week_operator.py
[2024-04-06T10:04:01.248+0000] {processor.py:753} INFO - DAG(s) dict_keys(['example_weekday_branch_operator']) retrieved from /home/airflow/.local/lib/python3.7/site-packages/airflow/example_dags/example_branch_day_of_week_operator.py
[2024-04-06T10:04:01.275+0000] {logging_mixin.py:137} INFO - [2024-04-06T10:04:01.275+0000] {dag.py:2690} INFO - Sync 1 DAGs
[2024-04-06T10:04:01.305+0000] {logging_mixin.py:137} INFO - [2024-04-06T10:04:01.304+0000] {dag.py:3441} INFO - Setting next_dagrun for example_weekday_branch_operator to 2024-04-05T00:00:00+00:00, run_after=2024-04-06T00:00:00+00:00
[2024-04-06T10:04:01.323+0000] {processor.py:175} INFO - Processing /home/airflow/.local/lib/python3.7/site-packages/airflow/example_dags/example_branch_day_of_week_operator.py took 0.094 seconds
[2024-04-06T10:04:31.799+0000] {processor.py:153} INFO - Started process (PID=1022) to work on /home/airflow/.local/lib/python3.7/site-packages/airflow/example_dags/example_branch_day_of_week_operator.py
[2024-04-06T10:04:31.800+0000] {processor.py:743} INFO - Processing file /home/airflow/.local/lib/python3.7/site-packages/airflow/example_dags/example_branch_day_of_week_operator.py for tasks to queue
[2024-04-06T10:04:31.801+0000] {logging_mixin.py:137} INFO - [2024-04-06T10:04:31.801+0000] {dagbag.py:538} INFO - Filling up the DagBag from /home/airflow/.local/lib/python3.7/site-packages/airflow/example_dags/example_branch_day_of_week_operator.py
[2024-04-06T10:04:31.813+0000] {processor.py:753} INFO - DAG(s) dict_keys(['example_weekday_branch_operator']) retrieved from /home/airflow/.local/lib/python3.7/site-packages/airflow/example_dags/example_branch_day_of_week_operator.py
[2024-04-06T10:04:31.836+0000] {logging_mixin.py:137} INFO - [2024-04-06T10:04:31.836+0000] {dag.py:2690} INFO - Sync 1 DAGs
[2024-04-06T10:04:31.859+0000] {logging_mixin.py:137} INFO - [2024-04-06T10:04:31.859+0000] {dag.py:3441} INFO - Setting next_dagrun for example_weekday_branch_operator to 2024-04-05T00:00:00+00:00, run_after=2024-04-06T00:00:00+00:00
[2024-04-06T10:04:31.879+0000] {processor.py:175} INFO - Processing /home/airflow/.local/lib/python3.7/site-packages/airflow/example_dags/example_branch_day_of_week_operator.py took 0.082 seconds
[2024-04-06T10:05:02.649+0000] {processor.py:153} INFO - Started process (PID=1094) to work on /home/airflow/.local/lib/python3.7/site-packages/airflow/example_dags/example_branch_day_of_week_operator.py
[2024-04-06T10:05:02.650+0000] {processor.py:743} INFO - Processing file /home/airflow/.local/lib/python3.7/site-packages/airflow/example_dags/example_branch_day_of_week_operator.py for tasks to queue
[2024-04-06T10:05:02.651+0000] {logging_mixin.py:137} INFO - [2024-04-06T10:05:02.651+0000] {dagbag.py:538} INFO - Filling up the DagBag from /home/airflow/.local/lib/python3.7/site-packages/airflow/example_dags/example_branch_day_of_week_operator.py
[2024-04-06T10:05:02.668+0000] {processor.py:753} INFO - DAG(s) dict_keys(['example_weekday_branch_operator']) retrieved from /home/airflow/.local/lib/python3.7/site-packages/airflow/example_dags/example_branch_day_of_week_operator.py
[2024-04-06T10:05:02.697+0000] {logging_mixin.py:137} INFO - [2024-04-06T10:05:02.696+0000] {dag.py:2690} INFO - Sync 1 DAGs
[2024-04-06T10:05:02.726+0000] {logging_mixin.py:137} INFO - [2024-04-06T10:05:02.726+0000] {dag.py:3441} INFO - Setting next_dagrun for example_weekday_branch_operator to 2024-04-05T00:00:00+00:00, run_after=2024-04-06T00:00:00+00:00
[2024-04-06T10:05:02.745+0000] {processor.py:175} INFO - Processing /home/airflow/.local/lib/python3.7/site-packages/airflow/example_dags/example_branch_day_of_week_operator.py took 0.099 seconds
[2024-04-06T10:05:33.602+0000] {processor.py:153} INFO - Started process (PID=1182) to work on /home/airflow/.local/lib/python3.7/site-packages/airflow/example_dags/example_branch_day_of_week_operator.py
[2024-04-06T10:05:33.602+0000] {processor.py:743} INFO - Processing file /home/airflow/.local/lib/python3.7/site-packages/airflow/example_dags/example_branch_day_of_week_operator.py for tasks to queue
[2024-04-06T10:05:33.603+0000] {logging_mixin.py:137} INFO - [2024-04-06T10:05:33.603+0000] {dagbag.py:538} INFO - Filling up the DagBag from /home/airflow/.local/lib/python3.7/site-packages/airflow/example_dags/example_branch_day_of_week_operator.py
[2024-04-06T10:05:33.618+0000] {processor.py:753} INFO - DAG(s) dict_keys(['example_weekday_branch_operator']) retrieved from /home/airflow/.local/lib/python3.7/site-packages/airflow/example_dags/example_branch_day_of_week_operator.py
[2024-04-06T10:05:33.644+0000] {logging_mixin.py:137} INFO - [2024-04-06T10:05:33.644+0000] {dag.py:2690} INFO - Sync 1 DAGs
[2024-04-06T10:05:33.671+0000] {logging_mixin.py:137} INFO - [2024-04-06T10:05:33.671+0000] {dag.py:3441} INFO - Setting next_dagrun for example_weekday_branch_operator to 2024-04-05T00:00:00+00:00, run_after=2024-04-06T00:00:00+00:00
[2024-04-06T10:05:33.692+0000] {processor.py:175} INFO - Processing /home/airflow/.local/lib/python3.7/site-packages/airflow/example_dags/example_branch_day_of_week_operator.py took 0.093 seconds
[2024-04-06T10:06:05.817+0000] {processor.py:153} INFO - Started process (PID=1254) to work on /home/airflow/.local/lib/python3.7/site-packages/airflow/example_dags/example_branch_day_of_week_operator.py
[2024-04-06T10:06:05.819+0000] {processor.py:743} INFO - Processing file /home/airflow/.local/lib/python3.7/site-packages/airflow/example_dags/example_branch_day_of_week_operator.py for tasks to queue
[2024-04-06T10:06:05.820+0000] {logging_mixin.py:137} INFO - [2024-04-06T10:06:05.820+0000] {dagbag.py:538} INFO - Filling up the DagBag from /home/airflow/.local/lib/python3.7/site-packages/airflow/example_dags/example_branch_day_of_week_operator.py
[2024-04-06T10:06:05.861+0000] {processor.py:753} INFO - DAG(s) dict_keys(['example_weekday_branch_operator']) retrieved from /home/airflow/.local/lib/python3.7/site-packages/airflow/example_dags/example_branch_day_of_week_operator.py
[2024-04-06T10:06:05.920+0000] {logging_mixin.py:137} INFO - [2024-04-06T10:06:05.919+0000] {dag.py:2690} INFO - Sync 1 DAGs
[2024-04-06T10:06:05.974+0000] {logging_mixin.py:137} INFO - [2024-04-06T10:06:05.974+0000] {dag.py:3441} INFO - Setting next_dagrun for example_weekday_branch_operator to 2024-04-05T00:00:00+00:00, run_after=2024-04-06T00:00:00+00:00
[2024-04-06T10:06:06.010+0000] {processor.py:175} INFO - Processing /home/airflow/.local/lib/python3.7/site-packages/airflow/example_dags/example_branch_day_of_week_operator.py took 0.198 seconds
[2024-04-06T10:06:36.172+0000] {processor.py:153} INFO - Started process (PID=1333) to work on /home/airflow/.local/lib/python3.7/site-packages/airflow/example_dags/example_branch_day_of_week_operator.py
[2024-04-06T10:06:36.174+0000] {processor.py:743} INFO - Processing file /home/airflow/.local/lib/python3.7/site-packages/airflow/example_dags/example_branch_day_of_week_operator.py for tasks to queue
[2024-04-06T10:06:36.175+0000] {logging_mixin.py:137} INFO - [2024-04-06T10:06:36.175+0000] {dagbag.py:538} INFO - Filling up the DagBag from /home/airflow/.local/lib/python3.7/site-packages/airflow/example_dags/example_branch_day_of_week_operator.py
[2024-04-06T10:06:36.217+0000] {processor.py:753} INFO - DAG(s) dict_keys(['example_weekday_branch_operator']) retrieved from /home/airflow/.local/lib/python3.7/site-packages/airflow/example_dags/example_branch_day_of_week_operator.py
[2024-04-06T10:06:36.288+0000] {logging_mixin.py:137} INFO - [2024-04-06T10:06:36.287+0000] {dag.py:2690} INFO - Sync 1 DAGs
[2024-04-06T10:06:36.367+0000] {logging_mixin.py:137} INFO - [2024-04-06T10:06:36.366+0000] {dag.py:3441} INFO - Setting next_dagrun for example_weekday_branch_operator to 2024-04-05T00:00:00+00:00, run_after=2024-04-06T00:00:00+00:00
[2024-04-06T10:06:36.415+0000] {processor.py:175} INFO - Processing /home/airflow/.local/lib/python3.7/site-packages/airflow/example_dags/example_branch_day_of_week_operator.py took 0.250 seconds
[2024-04-06T10:07:06.788+0000] {processor.py:153} INFO - Started process (PID=1407) to work on /home/airflow/.local/lib/python3.7/site-packages/airflow/example_dags/example_branch_day_of_week_operator.py
[2024-04-06T10:07:06.790+0000] {processor.py:743} INFO - Processing file /home/airflow/.local/lib/python3.7/site-packages/airflow/example_dags/example_branch_day_of_week_operator.py for tasks to queue
[2024-04-06T10:07:06.792+0000] {logging_mixin.py:137} INFO - [2024-04-06T10:07:06.791+0000] {dagbag.py:538} INFO - Filling up the DagBag from /home/airflow/.local/lib/python3.7/site-packages/airflow/example_dags/example_branch_day_of_week_operator.py
[2024-04-06T10:07:06.825+0000] {processor.py:753} INFO - DAG(s) dict_keys(['example_weekday_branch_operator']) retrieved from /home/airflow/.local/lib/python3.7/site-packages/airflow/example_dags/example_branch_day_of_week_operator.py
[2024-04-06T10:07:06.873+0000] {logging_mixin.py:137} INFO - [2024-04-06T10:07:06.873+0000] {dag.py:2690} INFO - Sync 1 DAGs
[2024-04-06T10:07:06.927+0000] {logging_mixin.py:137} INFO - [2024-04-06T10:07:06.926+0000] {dag.py:3441} INFO - Setting next_dagrun for example_weekday_branch_operator to 2024-04-05T00:00:00+00:00, run_after=2024-04-06T00:00:00+00:00
[2024-04-06T10:07:06.973+0000] {processor.py:175} INFO - Processing /home/airflow/.local/lib/python3.7/site-packages/airflow/example_dags/example_branch_day_of_week_operator.py took 0.191 seconds
[2024-04-06T10:07:37.602+0000] {processor.py:153} INFO - Started process (PID=1479) to work on /home/airflow/.local/lib/python3.7/site-packages/airflow/example_dags/example_branch_day_of_week_operator.py
[2024-04-06T10:07:37.604+0000] {processor.py:743} INFO - Processing file /home/airflow/.local/lib/python3.7/site-packages/airflow/example_dags/example_branch_day_of_week_operator.py for tasks to queue
[2024-04-06T10:07:37.606+0000] {logging_mixin.py:137} INFO - [2024-04-06T10:07:37.605+0000] {dagbag.py:538} INFO - Filling up the DagBag from /home/airflow/.local/lib/python3.7/site-packages/airflow/example_dags/example_branch_day_of_week_operator.py
[2024-04-06T10:07:37.649+0000] {processor.py:753} INFO - DAG(s) dict_keys(['example_weekday_branch_operator']) retrieved from /home/airflow/.local/lib/python3.7/site-packages/airflow/example_dags/example_branch_day_of_week_operator.py
[2024-04-06T10:07:37.717+0000] {logging_mixin.py:137} INFO - [2024-04-06T10:07:37.717+0000] {dag.py:2690} INFO - Sync 1 DAGs
[2024-04-06T10:07:37.798+0000] {logging_mixin.py:137} INFO - [2024-04-06T10:07:37.798+0000] {dag.py:3441} INFO - Setting next_dagrun for example_weekday_branch_operator to 2024-04-05T00:00:00+00:00, run_after=2024-04-06T00:00:00+00:00
[2024-04-06T10:07:37.852+0000] {processor.py:175} INFO - Processing /home/airflow/.local/lib/python3.7/site-packages/airflow/example_dags/example_branch_day_of_week_operator.py took 0.257 seconds
[2024-04-06T10:08:08.613+0000] {processor.py:153} INFO - Started process (PID=1558) to work on /home/airflow/.local/lib/python3.7/site-packages/airflow/example_dags/example_branch_day_of_week_operator.py
[2024-04-06T10:08:08.620+0000] {processor.py:743} INFO - Processing file /home/airflow/.local/lib/python3.7/site-packages/airflow/example_dags/example_branch_day_of_week_operator.py for tasks to queue
[2024-04-06T10:08:08.622+0000] {logging_mixin.py:137} INFO - [2024-04-06T10:08:08.622+0000] {dagbag.py:538} INFO - Filling up the DagBag from /home/airflow/.local/lib/python3.7/site-packages/airflow/example_dags/example_branch_day_of_week_operator.py
[2024-04-06T10:08:08.681+0000] {processor.py:753} INFO - DAG(s) dict_keys(['example_weekday_branch_operator']) retrieved from /home/airflow/.local/lib/python3.7/site-packages/airflow/example_dags/example_branch_day_of_week_operator.py
[2024-04-06T10:08:08.735+0000] {logging_mixin.py:137} INFO - [2024-04-06T10:08:08.735+0000] {dag.py:2690} INFO - Sync 1 DAGs
[2024-04-06T10:08:08.787+0000] {logging_mixin.py:137} INFO - [2024-04-06T10:08:08.786+0000] {dag.py:3441} INFO - Setting next_dagrun for example_weekday_branch_operator to 2024-04-05T00:00:00+00:00, run_after=2024-04-06T00:00:00+00:00
[2024-04-06T10:08:08.821+0000] {processor.py:175} INFO - Processing /home/airflow/.local/lib/python3.7/site-packages/airflow/example_dags/example_branch_day_of_week_operator.py took 0.223 seconds
[2024-04-06T10:08:39.024+0000] {processor.py:153} INFO - Started process (PID=1630) to work on /home/airflow/.local/lib/python3.7/site-packages/airflow/example_dags/example_branch_day_of_week_operator.py
[2024-04-06T10:08:39.025+0000] {processor.py:743} INFO - Processing file /home/airflow/.local/lib/python3.7/site-packages/airflow/example_dags/example_branch_day_of_week_operator.py for tasks to queue
[2024-04-06T10:08:39.027+0000] {logging_mixin.py:137} INFO - [2024-04-06T10:08:39.026+0000] {dagbag.py:538} INFO - Filling up the DagBag from /home/airflow/.local/lib/python3.7/site-packages/airflow/example_dags/example_branch_day_of_week_operator.py
[2024-04-06T10:08:39.058+0000] {processor.py:753} INFO - DAG(s) dict_keys(['example_weekday_branch_operator']) retrieved from /home/airflow/.local/lib/python3.7/site-packages/airflow/example_dags/example_branch_day_of_week_operator.py
[2024-04-06T10:08:39.110+0000] {logging_mixin.py:137} INFO - [2024-04-06T10:08:39.109+0000] {dag.py:2690} INFO - Sync 1 DAGs
[2024-04-06T10:08:39.173+0000] {logging_mixin.py:137} INFO - [2024-04-06T10:08:39.173+0000] {dag.py:3441} INFO - Setting next_dagrun for example_weekday_branch_operator to 2024-04-05T00:00:00+00:00, run_after=2024-04-06T00:00:00+00:00
[2024-04-06T10:08:39.211+0000] {processor.py:175} INFO - Processing /home/airflow/.local/lib/python3.7/site-packages/airflow/example_dags/example_branch_day_of_week_operator.py took 0.193 seconds
[2024-04-06T10:09:09.931+0000] {processor.py:153} INFO - Started process (PID=1702) to work on /home/airflow/.local/lib/python3.7/site-packages/airflow/example_dags/example_branch_day_of_week_operator.py
[2024-04-06T10:09:09.933+0000] {processor.py:743} INFO - Processing file /home/airflow/.local/lib/python3.7/site-packages/airflow/example_dags/example_branch_day_of_week_operator.py for tasks to queue
[2024-04-06T10:09:09.934+0000] {logging_mixin.py:137} INFO - [2024-04-06T10:09:09.934+0000] {dagbag.py:538} INFO - Filling up the DagBag from /home/airflow/.local/lib/python3.7/site-packages/airflow/example_dags/example_branch_day_of_week_operator.py
[2024-04-06T10:09:09.964+0000] {processor.py:753} INFO - DAG(s) dict_keys(['example_weekday_branch_operator']) retrieved from /home/airflow/.local/lib/python3.7/site-packages/airflow/example_dags/example_branch_day_of_week_operator.py
[2024-04-06T10:09:10.012+0000] {logging_mixin.py:137} INFO - [2024-04-06T10:09:10.012+0000] {dag.py:2690} INFO - Sync 1 DAGs
[2024-04-06T10:09:10.068+0000] {logging_mixin.py:137} INFO - [2024-04-06T10:09:10.068+0000] {dag.py:3441} INFO - Setting next_dagrun for example_weekday_branch_operator to 2024-04-05T00:00:00+00:00, run_after=2024-04-06T00:00:00+00:00
[2024-04-06T10:09:10.113+0000] {processor.py:175} INFO - Processing /home/airflow/.local/lib/python3.7/site-packages/airflow/example_dags/example_branch_day_of_week_operator.py took 0.188 seconds
[2024-04-06T10:09:41.138+0000] {processor.py:153} INFO - Started process (PID=1775) to work on /home/airflow/.local/lib/python3.7/site-packages/airflow/example_dags/example_branch_day_of_week_operator.py
[2024-04-06T10:09:41.139+0000] {processor.py:743} INFO - Processing file /home/airflow/.local/lib/python3.7/site-packages/airflow/example_dags/example_branch_day_of_week_operator.py for tasks to queue
[2024-04-06T10:09:41.141+0000] {logging_mixin.py:137} INFO - [2024-04-06T10:09:41.140+0000] {dagbag.py:538} INFO - Filling up the DagBag from /home/airflow/.local/lib/python3.7/site-packages/airflow/example_dags/example_branch_day_of_week_operator.py
[2024-04-06T10:09:41.170+0000] {processor.py:753} INFO - DAG(s) dict_keys(['example_weekday_branch_operator']) retrieved from /home/airflow/.local/lib/python3.7/site-packages/airflow/example_dags/example_branch_day_of_week_operator.py
[2024-04-06T10:09:41.216+0000] {logging_mixin.py:137} INFO - [2024-04-06T10:09:41.216+0000] {dag.py:2690} INFO - Sync 1 DAGs
[2024-04-06T10:09:41.266+0000] {logging_mixin.py:137} INFO - [2024-04-06T10:09:41.266+0000] {dag.py:3441} INFO - Setting next_dagrun for example_weekday_branch_operator to 2024-04-05T00:00:00+00:00, run_after=2024-04-06T00:00:00+00:00
[2024-04-06T10:09:41.300+0000] {processor.py:175} INFO - Processing /home/airflow/.local/lib/python3.7/site-packages/airflow/example_dags/example_branch_day_of_week_operator.py took 0.169 seconds
[2024-04-06T10:10:11.917+0000] {processor.py:153} INFO - Started process (PID=1845) to work on /home/airflow/.local/lib/python3.7/site-packages/airflow/example_dags/example_branch_day_of_week_operator.py
[2024-04-06T10:10:11.918+0000] {processor.py:743} INFO - Processing file /home/airflow/.local/lib/python3.7/site-packages/airflow/example_dags/example_branch_day_of_week_operator.py for tasks to queue
[2024-04-06T10:10:11.919+0000] {logging_mixin.py:137} INFO - [2024-04-06T10:10:11.919+0000] {dagbag.py:538} INFO - Filling up the DagBag from /home/airflow/.local/lib/python3.7/site-packages/airflow/example_dags/example_branch_day_of_week_operator.py
[2024-04-06T10:10:11.948+0000] {processor.py:753} INFO - DAG(s) dict_keys(['example_weekday_branch_operator']) retrieved from /home/airflow/.local/lib/python3.7/site-packages/airflow/example_dags/example_branch_day_of_week_operator.py
[2024-04-06T10:10:12.006+0000] {logging_mixin.py:137} INFO - [2024-04-06T10:10:12.005+0000] {dag.py:2690} INFO - Sync 1 DAGs
[2024-04-06T10:10:12.054+0000] {logging_mixin.py:137} INFO - [2024-04-06T10:10:12.054+0000] {dag.py:3441} INFO - Setting next_dagrun for example_weekday_branch_operator to 2024-04-05T00:00:00+00:00, run_after=2024-04-06T00:00:00+00:00
[2024-04-06T10:10:12.092+0000] {processor.py:175} INFO - Processing /home/airflow/.local/lib/python3.7/site-packages/airflow/example_dags/example_branch_day_of_week_operator.py took 0.180 seconds
[2024-04-06T10:10:42.973+0000] {processor.py:153} INFO - Started process (PID=1918) to work on /home/airflow/.local/lib/python3.7/site-packages/airflow/example_dags/example_branch_day_of_week_operator.py
[2024-04-06T10:10:42.974+0000] {processor.py:743} INFO - Processing file /home/airflow/.local/lib/python3.7/site-packages/airflow/example_dags/example_branch_day_of_week_operator.py for tasks to queue
[2024-04-06T10:10:42.975+0000] {logging_mixin.py:137} INFO - [2024-04-06T10:10:42.975+0000] {dagbag.py:538} INFO - Filling up the DagBag from /home/airflow/.local/lib/python3.7/site-packages/airflow/example_dags/example_branch_day_of_week_operator.py
[2024-04-06T10:10:43.006+0000] {processor.py:753} INFO - DAG(s) dict_keys(['example_weekday_branch_operator']) retrieved from /home/airflow/.local/lib/python3.7/site-packages/airflow/example_dags/example_branch_day_of_week_operator.py
[2024-04-06T10:10:43.053+0000] {logging_mixin.py:137} INFO - [2024-04-06T10:10:43.053+0000] {dag.py:2690} INFO - Sync 1 DAGs
[2024-04-06T10:10:43.109+0000] {logging_mixin.py:137} INFO - [2024-04-06T10:10:43.108+0000] {dag.py:3441} INFO - Setting next_dagrun for example_weekday_branch_operator to 2024-04-05T00:00:00+00:00, run_after=2024-04-06T00:00:00+00:00
[2024-04-06T10:10:43.144+0000] {processor.py:175} INFO - Processing /home/airflow/.local/lib/python3.7/site-packages/airflow/example_dags/example_branch_day_of_week_operator.py took 0.177 seconds
[2024-04-06T10:11:13.393+0000] {processor.py:153} INFO - Started process (PID=1990) to work on /home/airflow/.local/lib/python3.7/site-packages/airflow/example_dags/example_branch_day_of_week_operator.py
[2024-04-06T10:11:13.395+0000] {processor.py:743} INFO - Processing file /home/airflow/.local/lib/python3.7/site-packages/airflow/example_dags/example_branch_day_of_week_operator.py for tasks to queue
[2024-04-06T10:11:13.396+0000] {logging_mixin.py:137} INFO - [2024-04-06T10:11:13.396+0000] {dagbag.py:538} INFO - Filling up the DagBag from /home/airflow/.local/lib/python3.7/site-packages/airflow/example_dags/example_branch_day_of_week_operator.py
[2024-04-06T10:11:13.424+0000] {processor.py:753} INFO - DAG(s) dict_keys(['example_weekday_branch_operator']) retrieved from /home/airflow/.local/lib/python3.7/site-packages/airflow/example_dags/example_branch_day_of_week_operator.py
[2024-04-06T10:11:13.482+0000] {logging_mixin.py:137} INFO - [2024-04-06T10:11:13.481+0000] {dag.py:2690} INFO - Sync 1 DAGs
[2024-04-06T10:11:13.542+0000] {logging_mixin.py:137} INFO - [2024-04-06T10:11:13.541+0000] {dag.py:3441} INFO - Setting next_dagrun for example_weekday_branch_operator to 2024-04-05T00:00:00+00:00, run_after=2024-04-06T00:00:00+00:00
[2024-04-06T10:11:13.589+0000] {processor.py:175} INFO - Processing /home/airflow/.local/lib/python3.7/site-packages/airflow/example_dags/example_branch_day_of_week_operator.py took 0.201 seconds
[2024-04-06T10:11:43.631+0000] {processor.py:153} INFO - Started process (PID=2061) to work on /home/airflow/.local/lib/python3.7/site-packages/airflow/example_dags/example_branch_day_of_week_operator.py
[2024-04-06T10:11:43.632+0000] {processor.py:743} INFO - Processing file /home/airflow/.local/lib/python3.7/site-packages/airflow/example_dags/example_branch_day_of_week_operator.py for tasks to queue
[2024-04-06T10:11:43.633+0000] {logging_mixin.py:137} INFO - [2024-04-06T10:11:43.633+0000] {dagbag.py:538} INFO - Filling up the DagBag from /home/airflow/.local/lib/python3.7/site-packages/airflow/example_dags/example_branch_day_of_week_operator.py
[2024-04-06T10:11:43.661+0000] {processor.py:753} INFO - DAG(s) dict_keys(['example_weekday_branch_operator']) retrieved from /home/airflow/.local/lib/python3.7/site-packages/airflow/example_dags/example_branch_day_of_week_operator.py
[2024-04-06T10:11:43.707+0000] {logging_mixin.py:137} INFO - [2024-04-06T10:11:43.707+0000] {dag.py:2690} INFO - Sync 1 DAGs
[2024-04-06T10:11:43.761+0000] {logging_mixin.py:137} INFO - [2024-04-06T10:11:43.761+0000] {dag.py:3441} INFO - Setting next_dagrun for example_weekday_branch_operator to 2024-04-05T00:00:00+00:00, run_after=2024-04-06T00:00:00+00:00
[2024-04-06T10:11:43.797+0000] {processor.py:175} INFO - Processing /home/airflow/.local/lib/python3.7/site-packages/airflow/example_dags/example_branch_day_of_week_operator.py took 0.172 seconds
[2024-04-06T10:12:14.081+0000] {processor.py:153} INFO - Started process (PID=2133) to work on /home/airflow/.local/lib/python3.7/site-packages/airflow/example_dags/example_branch_day_of_week_operator.py
[2024-04-06T10:12:14.083+0000] {processor.py:743} INFO - Processing file /home/airflow/.local/lib/python3.7/site-packages/airflow/example_dags/example_branch_day_of_week_operator.py for tasks to queue
[2024-04-06T10:12:14.084+0000] {logging_mixin.py:137} INFO - [2024-04-06T10:12:14.084+0000] {dagbag.py:538} INFO - Filling up the DagBag from /home/airflow/.local/lib/python3.7/site-packages/airflow/example_dags/example_branch_day_of_week_operator.py
[2024-04-06T10:12:14.116+0000] {processor.py:753} INFO - DAG(s) dict_keys(['example_weekday_branch_operator']) retrieved from /home/airflow/.local/lib/python3.7/site-packages/airflow/example_dags/example_branch_day_of_week_operator.py
[2024-04-06T10:12:14.170+0000] {logging_mixin.py:137} INFO - [2024-04-06T10:12:14.169+0000] {dag.py:2690} INFO - Sync 1 DAGs
[2024-04-06T10:12:14.226+0000] {logging_mixin.py:137} INFO - [2024-04-06T10:12:14.226+0000] {dag.py:3441} INFO - Setting next_dagrun for example_weekday_branch_operator to 2024-04-05T00:00:00+00:00, run_after=2024-04-06T00:00:00+00:00
[2024-04-06T10:12:14.269+0000] {processor.py:175} INFO - Processing /home/airflow/.local/lib/python3.7/site-packages/airflow/example_dags/example_branch_day_of_week_operator.py took 0.193 seconds
[2024-04-06T10:12:44.432+0000] {processor.py:153} INFO - Started process (PID=2205) to work on /home/airflow/.local/lib/python3.7/site-packages/airflow/example_dags/example_branch_day_of_week_operator.py
[2024-04-06T10:12:44.434+0000] {processor.py:743} INFO - Processing file /home/airflow/.local/lib/python3.7/site-packages/airflow/example_dags/example_branch_day_of_week_operator.py for tasks to queue
[2024-04-06T10:12:44.436+0000] {logging_mixin.py:137} INFO - [2024-04-06T10:12:44.435+0000] {dagbag.py:538} INFO - Filling up the DagBag from /home/airflow/.local/lib/python3.7/site-packages/airflow/example_dags/example_branch_day_of_week_operator.py
[2024-04-06T10:12:44.479+0000] {processor.py:753} INFO - DAG(s) dict_keys(['example_weekday_branch_operator']) retrieved from /home/airflow/.local/lib/python3.7/site-packages/airflow/example_dags/example_branch_day_of_week_operator.py
[2024-04-06T10:12:44.538+0000] {logging_mixin.py:137} INFO - [2024-04-06T10:12:44.538+0000] {dag.py:2690} INFO - Sync 1 DAGs
[2024-04-06T10:12:44.596+0000] {logging_mixin.py:137} INFO - [2024-04-06T10:12:44.595+0000] {dag.py:3441} INFO - Setting next_dagrun for example_weekday_branch_operator to 2024-04-05T00:00:00+00:00, run_after=2024-04-06T00:00:00+00:00
[2024-04-06T10:12:44.635+0000] {processor.py:175} INFO - Processing /home/airflow/.local/lib/python3.7/site-packages/airflow/example_dags/example_branch_day_of_week_operator.py took 0.211 seconds
[2024-04-06T10:42:05.090+0000] {processor.py:161} INFO - Started process (PID=63) to work on /home/airflow/.local/lib/python3.8/site-packages/airflow/example_dags/example_branch_day_of_week_operator.py
[2024-04-06T10:42:05.091+0000] {processor.py:830} INFO - Processing file /home/airflow/.local/lib/python3.8/site-packages/airflow/example_dags/example_branch_day_of_week_operator.py for tasks to queue
[2024-04-06T10:42:05.092+0000] {logging_mixin.py:188} INFO - [2024-04-06T10:42:05.092+0000] {dagbag.py:540} INFO - Filling up the DagBag from /home/airflow/.local/lib/python3.8/site-packages/airflow/example_dags/example_branch_day_of_week_operator.py
[2024-04-06T10:42:05.098+0000] {processor.py:840} INFO - DAG(s) 'example_weekday_branch_operator' retrieved from /home/airflow/.local/lib/python3.8/site-packages/airflow/example_dags/example_branch_day_of_week_operator.py
[2024-04-06T10:42:05.171+0000] {logging_mixin.py:188} INFO - [2024-04-06T10:42:05.170+0000] {override.py:1769} INFO - Created Permission View: can delete on DAG:example_weekday_branch_operator
[2024-04-06T10:42:05.178+0000] {logging_mixin.py:188} INFO - [2024-04-06T10:42:05.177+0000] {override.py:1769} INFO - Created Permission View: can read on DAG:example_weekday_branch_operator
[2024-04-06T10:42:05.182+0000] {logging_mixin.py:188} INFO - [2024-04-06T10:42:05.182+0000] {override.py:1769} INFO - Created Permission View: can edit on DAG:example_weekday_branch_operator
[2024-04-06T10:42:05.182+0000] {logging_mixin.py:188} INFO - [2024-04-06T10:42:05.182+0000] {dag.py:3047} INFO - Sync 1 DAGs
[2024-04-06T10:42:05.189+0000] {logging_mixin.py:188} INFO - [2024-04-06T10:42:05.189+0000] {dag.py:3069} INFO - Creating ORM DAG for example_weekday_branch_operator
[2024-04-06T10:42:05.197+0000] {logging_mixin.py:188} INFO - [2024-04-06T10:42:05.197+0000] {dag.py:3834} INFO - Setting next_dagrun for example_weekday_branch_operator to 2024-04-05 00:00:00+00:00, run_after=2024-04-06 00:00:00+00:00
[2024-04-06T10:42:05.208+0000] {processor.py:183} INFO - Processing /home/airflow/.local/lib/python3.8/site-packages/airflow/example_dags/example_branch_day_of_week_operator.py took 0.119 seconds
[2024-04-06T10:42:35.741+0000] {processor.py:161} INFO - Started process (PID=119) to work on /home/airflow/.local/lib/python3.8/site-packages/airflow/example_dags/example_branch_day_of_week_operator.py
[2024-04-06T10:42:35.742+0000] {processor.py:830} INFO - Processing file /home/airflow/.local/lib/python3.8/site-packages/airflow/example_dags/example_branch_day_of_week_operator.py for tasks to queue
[2024-04-06T10:42:35.743+0000] {logging_mixin.py:188} INFO - [2024-04-06T10:42:35.743+0000] {dagbag.py:540} INFO - Filling up the DagBag from /home/airflow/.local/lib/python3.8/site-packages/airflow/example_dags/example_branch_day_of_week_operator.py
[2024-04-06T10:42:35.747+0000] {processor.py:840} INFO - DAG(s) 'example_weekday_branch_operator' retrieved from /home/airflow/.local/lib/python3.8/site-packages/airflow/example_dags/example_branch_day_of_week_operator.py
[2024-04-06T10:42:35.762+0000] {logging_mixin.py:188} INFO - [2024-04-06T10:42:35.762+0000] {dag.py:3047} INFO - Sync 1 DAGs
[2024-04-06T10:42:35.782+0000] {logging_mixin.py:188} INFO - [2024-04-06T10:42:35.782+0000] {dag.py:3834} INFO - Setting next_dagrun for example_weekday_branch_operator to 2024-04-05 00:00:00+00:00, run_after=2024-04-06 00:00:00+00:00
[2024-04-06T10:42:35.797+0000] {processor.py:183} INFO - Processing /home/airflow/.local/lib/python3.8/site-packages/airflow/example_dags/example_branch_day_of_week_operator.py took 0.058 seconds
[2024-04-06T10:43:06.085+0000] {processor.py:161} INFO - Started process (PID=175) to work on /home/airflow/.local/lib/python3.8/site-packages/airflow/example_dags/example_branch_day_of_week_operator.py
[2024-04-06T10:43:06.096+0000] {processor.py:830} INFO - Processing file /home/airflow/.local/lib/python3.8/site-packages/airflow/example_dags/example_branch_day_of_week_operator.py for tasks to queue
[2024-04-06T10:43:06.100+0000] {logging_mixin.py:188} INFO - [2024-04-06T10:43:06.100+0000] {dagbag.py:540} INFO - Filling up the DagBag from /home/airflow/.local/lib/python3.8/site-packages/airflow/example_dags/example_branch_day_of_week_operator.py
[2024-04-06T10:43:06.117+0000] {processor.py:840} INFO - DAG(s) 'example_weekday_branch_operator' retrieved from /home/airflow/.local/lib/python3.8/site-packages/airflow/example_dags/example_branch_day_of_week_operator.py
[2024-04-06T10:43:06.129+0000] {logging_mixin.py:188} INFO - [2024-04-06T10:43:06.129+0000] {dag.py:3047} INFO - Sync 1 DAGs
[2024-04-06T10:43:06.142+0000] {logging_mixin.py:188} INFO - [2024-04-06T10:43:06.142+0000] {dag.py:3834} INFO - Setting next_dagrun for example_weekday_branch_operator to 2024-04-05 00:00:00+00:00, run_after=2024-04-06 00:00:00+00:00
[2024-04-06T10:43:06.153+0000] {processor.py:183} INFO - Processing /home/airflow/.local/lib/python3.8/site-packages/airflow/example_dags/example_branch_day_of_week_operator.py took 0.070 seconds
[2024-04-06T10:43:36.194+0000] {processor.py:161} INFO - Started process (PID=230) to work on /home/airflow/.local/lib/python3.8/site-packages/airflow/example_dags/example_branch_day_of_week_operator.py
[2024-04-06T10:43:36.194+0000] {processor.py:830} INFO - Processing file /home/airflow/.local/lib/python3.8/site-packages/airflow/example_dags/example_branch_day_of_week_operator.py for tasks to queue
[2024-04-06T10:43:36.195+0000] {logging_mixin.py:188} INFO - [2024-04-06T10:43:36.195+0000] {dagbag.py:540} INFO - Filling up the DagBag from /home/airflow/.local/lib/python3.8/site-packages/airflow/example_dags/example_branch_day_of_week_operator.py
[2024-04-06T10:43:36.200+0000] {processor.py:840} INFO - DAG(s) 'example_weekday_branch_operator' retrieved from /home/airflow/.local/lib/python3.8/site-packages/airflow/example_dags/example_branch_day_of_week_operator.py
[2024-04-06T10:43:36.213+0000] {logging_mixin.py:188} INFO - [2024-04-06T10:43:36.213+0000] {dag.py:3047} INFO - Sync 1 DAGs
[2024-04-06T10:43:36.226+0000] {logging_mixin.py:188} INFO - [2024-04-06T10:43:36.226+0000] {dag.py:3834} INFO - Setting next_dagrun for example_weekday_branch_operator to 2024-04-05 00:00:00+00:00, run_after=2024-04-06 00:00:00+00:00
[2024-04-06T10:43:36.236+0000] {processor.py:183} INFO - Processing /home/airflow/.local/lib/python3.8/site-packages/airflow/example_dags/example_branch_day_of_week_operator.py took 0.044 seconds
[2024-04-06T10:44:06.855+0000] {processor.py:161} INFO - Started process (PID=286) to work on /home/airflow/.local/lib/python3.8/site-packages/airflow/example_dags/example_branch_day_of_week_operator.py
[2024-04-06T10:44:06.855+0000] {processor.py:830} INFO - Processing file /home/airflow/.local/lib/python3.8/site-packages/airflow/example_dags/example_branch_day_of_week_operator.py for tasks to queue
[2024-04-06T10:44:06.856+0000] {logging_mixin.py:188} INFO - [2024-04-06T10:44:06.856+0000] {dagbag.py:540} INFO - Filling up the DagBag from /home/airflow/.local/lib/python3.8/site-packages/airflow/example_dags/example_branch_day_of_week_operator.py
[2024-04-06T10:44:06.861+0000] {processor.py:840} INFO - DAG(s) 'example_weekday_branch_operator' retrieved from /home/airflow/.local/lib/python3.8/site-packages/airflow/example_dags/example_branch_day_of_week_operator.py
[2024-04-06T10:44:06.876+0000] {logging_mixin.py:188} INFO - [2024-04-06T10:44:06.876+0000] {dag.py:3047} INFO - Sync 1 DAGs
[2024-04-06T10:44:06.895+0000] {logging_mixin.py:188} INFO - [2024-04-06T10:44:06.895+0000] {dag.py:3834} INFO - Setting next_dagrun for example_weekday_branch_operator to 2024-04-05 00:00:00+00:00, run_after=2024-04-06 00:00:00+00:00
[2024-04-06T10:44:06.910+0000] {processor.py:183} INFO - Processing /home/airflow/.local/lib/python3.8/site-packages/airflow/example_dags/example_branch_day_of_week_operator.py took 0.057 seconds
[2024-04-06T10:44:37.605+0000] {processor.py:161} INFO - Started process (PID=342) to work on /home/airflow/.local/lib/python3.8/site-packages/airflow/example_dags/example_branch_day_of_week_operator.py
[2024-04-06T10:44:37.606+0000] {processor.py:830} INFO - Processing file /home/airflow/.local/lib/python3.8/site-packages/airflow/example_dags/example_branch_day_of_week_operator.py for tasks to queue
[2024-04-06T10:44:37.607+0000] {logging_mixin.py:188} INFO - [2024-04-06T10:44:37.607+0000] {dagbag.py:540} INFO - Filling up the DagBag from /home/airflow/.local/lib/python3.8/site-packages/airflow/example_dags/example_branch_day_of_week_operator.py
[2024-04-06T10:44:37.612+0000] {processor.py:840} INFO - DAG(s) 'example_weekday_branch_operator' retrieved from /home/airflow/.local/lib/python3.8/site-packages/airflow/example_dags/example_branch_day_of_week_operator.py
[2024-04-06T10:44:37.625+0000] {logging_mixin.py:188} INFO - [2024-04-06T10:44:37.625+0000] {dag.py:3047} INFO - Sync 1 DAGs
[2024-04-06T10:44:37.639+0000] {logging_mixin.py:188} INFO - [2024-04-06T10:44:37.639+0000] {dag.py:3834} INFO - Setting next_dagrun for example_weekday_branch_operator to 2024-04-05 00:00:00+00:00, run_after=2024-04-06 00:00:00+00:00
[2024-04-06T10:44:37.651+0000] {processor.py:183} INFO - Processing /home/airflow/.local/lib/python3.8/site-packages/airflow/example_dags/example_branch_day_of_week_operator.py took 0.048 seconds
[2024-04-06T10:45:07.745+0000] {processor.py:161} INFO - Started process (PID=398) to work on /home/airflow/.local/lib/python3.8/site-packages/airflow/example_dags/example_branch_day_of_week_operator.py
[2024-04-06T10:45:07.746+0000] {processor.py:830} INFO - Processing file /home/airflow/.local/lib/python3.8/site-packages/airflow/example_dags/example_branch_day_of_week_operator.py for tasks to queue
[2024-04-06T10:45:07.748+0000] {logging_mixin.py:188} INFO - [2024-04-06T10:45:07.747+0000] {dagbag.py:540} INFO - Filling up the DagBag from /home/airflow/.local/lib/python3.8/site-packages/airflow/example_dags/example_branch_day_of_week_operator.py
[2024-04-06T10:45:07.754+0000] {processor.py:840} INFO - DAG(s) 'example_weekday_branch_operator' retrieved from /home/airflow/.local/lib/python3.8/site-packages/airflow/example_dags/example_branch_day_of_week_operator.py
[2024-04-06T10:45:07.771+0000] {logging_mixin.py:188} INFO - [2024-04-06T10:45:07.770+0000] {dag.py:3047} INFO - Sync 1 DAGs
[2024-04-06T10:45:07.786+0000] {logging_mixin.py:188} INFO - [2024-04-06T10:45:07.786+0000] {dag.py:3834} INFO - Setting next_dagrun for example_weekday_branch_operator to 2024-04-05 00:00:00+00:00, run_after=2024-04-06 00:00:00+00:00
[2024-04-06T10:45:07.798+0000] {processor.py:183} INFO - Processing /home/airflow/.local/lib/python3.8/site-packages/airflow/example_dags/example_branch_day_of_week_operator.py took 0.055 seconds
