[2024-04-06T09:36:48.745+0000] {processor.py:153} INFO - Started process (PID=74) to work on /home/airflow/.local/lib/python3.7/site-packages/airflow/example_dags/example_branch_labels.py
[2024-04-06T09:36:48.746+0000] {processor.py:743} INFO - Processing file /home/airflow/.local/lib/python3.7/site-packages/airflow/example_dags/example_branch_labels.py for tasks to queue
[2024-04-06T09:36:48.747+0000] {logging_mixin.py:137} INFO - [2024-04-06T09:36:48.747+0000] {dagbag.py:538} INFO - Filling up the DagBag from /home/airflow/.local/lib/python3.7/site-packages/airflow/example_dags/example_branch_labels.py
[2024-04-06T09:36:48.771+0000] {processor.py:753} INFO - DAG(s) dict_keys(['example_branch_labels']) retrieved from /home/airflow/.local/lib/python3.7/site-packages/airflow/example_dags/example_branch_labels.py
[2024-04-06T09:36:48.788+0000] {logging_mixin.py:137} INFO - [2024-04-06T09:36:48.788+0000] {dag.py:2690} INFO - Sync 1 DAGs
[2024-04-06T09:36:48.830+0000] {logging_mixin.py:137} INFO - [2024-04-06T09:36:48.830+0000] {dag.py:3441} INFO - Setting next_dagrun for example_branch_labels to 2024-04-05T00:00:00+00:00, run_after=2024-04-06T00:00:00+00:00
[2024-04-06T09:36:48.850+0000] {processor.py:175} INFO - Processing /home/airflow/.local/lib/python3.7/site-packages/airflow/example_dags/example_branch_labels.py took 0.107 seconds
[2024-04-06T09:37:19.501+0000] {processor.py:153} INFO - Started process (PID=146) to work on /home/airflow/.local/lib/python3.7/site-packages/airflow/example_dags/example_branch_labels.py
[2024-04-06T09:37:19.502+0000] {processor.py:743} INFO - Processing file /home/airflow/.local/lib/python3.7/site-packages/airflow/example_dags/example_branch_labels.py for tasks to queue
[2024-04-06T09:37:19.503+0000] {logging_mixin.py:137} INFO - [2024-04-06T09:37:19.502+0000] {dagbag.py:538} INFO - Filling up the DagBag from /home/airflow/.local/lib/python3.7/site-packages/airflow/example_dags/example_branch_labels.py
[2024-04-06T09:37:19.517+0000] {processor.py:753} INFO - DAG(s) dict_keys(['example_branch_labels']) retrieved from /home/airflow/.local/lib/python3.7/site-packages/airflow/example_dags/example_branch_labels.py
[2024-04-06T09:37:19.530+0000] {logging_mixin.py:137} INFO - [2024-04-06T09:37:19.530+0000] {dag.py:2690} INFO - Sync 1 DAGs
[2024-04-06T09:37:19.561+0000] {logging_mixin.py:137} INFO - [2024-04-06T09:37:19.561+0000] {dag.py:3441} INFO - Setting next_dagrun for example_branch_labels to 2024-04-05T00:00:00+00:00, run_after=2024-04-06T00:00:00+00:00
[2024-04-06T09:37:19.581+0000] {processor.py:175} INFO - Processing /home/airflow/.local/lib/python3.7/site-packages/airflow/example_dags/example_branch_labels.py took 0.082 seconds
[2024-04-06T09:37:50.249+0000] {processor.py:153} INFO - Started process (PID=218) to work on /home/airflow/.local/lib/python3.7/site-packages/airflow/example_dags/example_branch_labels.py
[2024-04-06T09:37:50.250+0000] {processor.py:743} INFO - Processing file /home/airflow/.local/lib/python3.7/site-packages/airflow/example_dags/example_branch_labels.py for tasks to queue
[2024-04-06T09:37:50.251+0000] {logging_mixin.py:137} INFO - [2024-04-06T09:37:50.251+0000] {dagbag.py:538} INFO - Filling up the DagBag from /home/airflow/.local/lib/python3.7/site-packages/airflow/example_dags/example_branch_labels.py
[2024-04-06T09:37:50.266+0000] {processor.py:753} INFO - DAG(s) dict_keys(['example_branch_labels']) retrieved from /home/airflow/.local/lib/python3.7/site-packages/airflow/example_dags/example_branch_labels.py
[2024-04-06T09:37:50.290+0000] {logging_mixin.py:137} INFO - [2024-04-06T09:37:50.290+0000] {dag.py:2690} INFO - Sync 1 DAGs
[2024-04-06T09:37:50.317+0000] {logging_mixin.py:137} INFO - [2024-04-06T09:37:50.317+0000] {dag.py:3441} INFO - Setting next_dagrun for example_branch_labels to 2024-04-05T00:00:00+00:00, run_after=2024-04-06T00:00:00+00:00
[2024-04-06T09:37:50.335+0000] {processor.py:175} INFO - Processing /home/airflow/.local/lib/python3.7/site-packages/airflow/example_dags/example_branch_labels.py took 0.088 seconds
[2024-04-06T09:38:20.962+0000] {processor.py:153} INFO - Started process (PID=306) to work on /home/airflow/.local/lib/python3.7/site-packages/airflow/example_dags/example_branch_labels.py
[2024-04-06T09:38:20.963+0000] {processor.py:743} INFO - Processing file /home/airflow/.local/lib/python3.7/site-packages/airflow/example_dags/example_branch_labels.py for tasks to queue
[2024-04-06T09:38:20.963+0000] {logging_mixin.py:137} INFO - [2024-04-06T09:38:20.963+0000] {dagbag.py:538} INFO - Filling up the DagBag from /home/airflow/.local/lib/python3.7/site-packages/airflow/example_dags/example_branch_labels.py
[2024-04-06T09:38:20.979+0000] {processor.py:753} INFO - DAG(s) dict_keys(['example_branch_labels']) retrieved from /home/airflow/.local/lib/python3.7/site-packages/airflow/example_dags/example_branch_labels.py
[2024-04-06T09:38:21.010+0000] {logging_mixin.py:137} INFO - [2024-04-06T09:38:21.009+0000] {dag.py:2690} INFO - Sync 1 DAGs
[2024-04-06T09:38:21.043+0000] {logging_mixin.py:137} INFO - [2024-04-06T09:38:21.043+0000] {dag.py:3441} INFO - Setting next_dagrun for example_branch_labels to 2024-04-05T00:00:00+00:00, run_after=2024-04-06T00:00:00+00:00
[2024-04-06T09:38:21.068+0000] {processor.py:175} INFO - Processing /home/airflow/.local/lib/python3.7/site-packages/airflow/example_dags/example_branch_labels.py took 0.109 seconds
[2024-04-06T09:38:51.241+0000] {processor.py:153} INFO - Started process (PID=377) to work on /home/airflow/.local/lib/python3.7/site-packages/airflow/example_dags/example_branch_labels.py
[2024-04-06T09:38:51.242+0000] {processor.py:743} INFO - Processing file /home/airflow/.local/lib/python3.7/site-packages/airflow/example_dags/example_branch_labels.py for tasks to queue
[2024-04-06T09:38:51.242+0000] {logging_mixin.py:137} INFO - [2024-04-06T09:38:51.242+0000] {dagbag.py:538} INFO - Filling up the DagBag from /home/airflow/.local/lib/python3.7/site-packages/airflow/example_dags/example_branch_labels.py
[2024-04-06T09:38:51.254+0000] {processor.py:753} INFO - DAG(s) dict_keys(['example_branch_labels']) retrieved from /home/airflow/.local/lib/python3.7/site-packages/airflow/example_dags/example_branch_labels.py
[2024-04-06T09:38:51.276+0000] {logging_mixin.py:137} INFO - [2024-04-06T09:38:51.275+0000] {dag.py:2690} INFO - Sync 1 DAGs
[2024-04-06T09:38:51.298+0000] {logging_mixin.py:137} INFO - [2024-04-06T09:38:51.297+0000] {dag.py:3441} INFO - Setting next_dagrun for example_branch_labels to 2024-04-05T00:00:00+00:00, run_after=2024-04-06T00:00:00+00:00
[2024-04-06T09:38:51.315+0000] {processor.py:175} INFO - Processing /home/airflow/.local/lib/python3.7/site-packages/airflow/example_dags/example_branch_labels.py took 0.076 seconds
[2024-04-06T09:39:21.457+0000] {processor.py:153} INFO - Started process (PID=466) to work on /home/airflow/.local/lib/python3.7/site-packages/airflow/example_dags/example_branch_labels.py
[2024-04-06T09:39:21.457+0000] {processor.py:743} INFO - Processing file /home/airflow/.local/lib/python3.7/site-packages/airflow/example_dags/example_branch_labels.py for tasks to queue
[2024-04-06T09:39:21.458+0000] {logging_mixin.py:137} INFO - [2024-04-06T09:39:21.458+0000] {dagbag.py:538} INFO - Filling up the DagBag from /home/airflow/.local/lib/python3.7/site-packages/airflow/example_dags/example_branch_labels.py
[2024-04-06T09:39:21.472+0000] {processor.py:753} INFO - DAG(s) dict_keys(['example_branch_labels']) retrieved from /home/airflow/.local/lib/python3.7/site-packages/airflow/example_dags/example_branch_labels.py
[2024-04-06T09:39:21.495+0000] {logging_mixin.py:137} INFO - [2024-04-06T09:39:21.494+0000] {dag.py:2690} INFO - Sync 1 DAGs
[2024-04-06T09:39:21.522+0000] {logging_mixin.py:137} INFO - [2024-04-06T09:39:21.522+0000] {dag.py:3441} INFO - Setting next_dagrun for example_branch_labels to 2024-04-05T00:00:00+00:00, run_after=2024-04-06T00:00:00+00:00
[2024-04-06T09:39:21.539+0000] {processor.py:175} INFO - Processing /home/airflow/.local/lib/python3.7/site-packages/airflow/example_dags/example_branch_labels.py took 0.085 seconds
[2024-04-06T09:39:51.639+0000] {processor.py:153} INFO - Started process (PID=537) to work on /home/airflow/.local/lib/python3.7/site-packages/airflow/example_dags/example_branch_labels.py
[2024-04-06T09:39:51.640+0000] {processor.py:743} INFO - Processing file /home/airflow/.local/lib/python3.7/site-packages/airflow/example_dags/example_branch_labels.py for tasks to queue
[2024-04-06T09:39:51.640+0000] {logging_mixin.py:137} INFO - [2024-04-06T09:39:51.640+0000] {dagbag.py:538} INFO - Filling up the DagBag from /home/airflow/.local/lib/python3.7/site-packages/airflow/example_dags/example_branch_labels.py
[2024-04-06T09:39:51.652+0000] {processor.py:753} INFO - DAG(s) dict_keys(['example_branch_labels']) retrieved from /home/airflow/.local/lib/python3.7/site-packages/airflow/example_dags/example_branch_labels.py
[2024-04-06T09:39:51.674+0000] {logging_mixin.py:137} INFO - [2024-04-06T09:39:51.674+0000] {dag.py:2690} INFO - Sync 1 DAGs
[2024-04-06T09:39:51.700+0000] {logging_mixin.py:137} INFO - [2024-04-06T09:39:51.700+0000] {dag.py:3441} INFO - Setting next_dagrun for example_branch_labels to 2024-04-05T00:00:00+00:00, run_after=2024-04-06T00:00:00+00:00
[2024-04-06T09:39:51.722+0000] {processor.py:175} INFO - Processing /home/airflow/.local/lib/python3.7/site-packages/airflow/example_dags/example_branch_labels.py took 0.085 seconds
[2024-04-06T09:40:22.108+0000] {processor.py:153} INFO - Started process (PID=625) to work on /home/airflow/.local/lib/python3.7/site-packages/airflow/example_dags/example_branch_labels.py
[2024-04-06T09:40:22.109+0000] {processor.py:743} INFO - Processing file /home/airflow/.local/lib/python3.7/site-packages/airflow/example_dags/example_branch_labels.py for tasks to queue
[2024-04-06T09:40:22.109+0000] {logging_mixin.py:137} INFO - [2024-04-06T09:40:22.109+0000] {dagbag.py:538} INFO - Filling up the DagBag from /home/airflow/.local/lib/python3.7/site-packages/airflow/example_dags/example_branch_labels.py
[2024-04-06T09:40:22.121+0000] {processor.py:753} INFO - DAG(s) dict_keys(['example_branch_labels']) retrieved from /home/airflow/.local/lib/python3.7/site-packages/airflow/example_dags/example_branch_labels.py
[2024-04-06T09:40:22.141+0000] {logging_mixin.py:137} INFO - [2024-04-06T09:40:22.141+0000] {dag.py:2690} INFO - Sync 1 DAGs
[2024-04-06T09:40:22.164+0000] {logging_mixin.py:137} INFO - [2024-04-06T09:40:22.164+0000] {dag.py:3441} INFO - Setting next_dagrun for example_branch_labels to 2024-04-05T00:00:00+00:00, run_after=2024-04-06T00:00:00+00:00
[2024-04-06T09:40:22.179+0000] {processor.py:175} INFO - Processing /home/airflow/.local/lib/python3.7/site-packages/airflow/example_dags/example_branch_labels.py took 0.074 seconds
[2024-04-06T09:40:52.360+0000] {processor.py:153} INFO - Started process (PID=697) to work on /home/airflow/.local/lib/python3.7/site-packages/airflow/example_dags/example_branch_labels.py
[2024-04-06T09:40:52.360+0000] {processor.py:743} INFO - Processing file /home/airflow/.local/lib/python3.7/site-packages/airflow/example_dags/example_branch_labels.py for tasks to queue
[2024-04-06T09:40:52.361+0000] {logging_mixin.py:137} INFO - [2024-04-06T09:40:52.361+0000] {dagbag.py:538} INFO - Filling up the DagBag from /home/airflow/.local/lib/python3.7/site-packages/airflow/example_dags/example_branch_labels.py
[2024-04-06T09:40:52.375+0000] {processor.py:753} INFO - DAG(s) dict_keys(['example_branch_labels']) retrieved from /home/airflow/.local/lib/python3.7/site-packages/airflow/example_dags/example_branch_labels.py
[2024-04-06T09:40:52.399+0000] {logging_mixin.py:137} INFO - [2024-04-06T09:40:52.398+0000] {dag.py:2690} INFO - Sync 1 DAGs
[2024-04-06T09:40:52.423+0000] {logging_mixin.py:137} INFO - [2024-04-06T09:40:52.423+0000] {dag.py:3441} INFO - Setting next_dagrun for example_branch_labels to 2024-04-05T00:00:00+00:00, run_after=2024-04-06T00:00:00+00:00
[2024-04-06T09:40:52.452+0000] {processor.py:175} INFO - Processing /home/airflow/.local/lib/python3.7/site-packages/airflow/example_dags/example_branch_labels.py took 0.096 seconds
[2024-04-06T09:41:22.846+0000] {processor.py:153} INFO - Started process (PID=785) to work on /home/airflow/.local/lib/python3.7/site-packages/airflow/example_dags/example_branch_labels.py
[2024-04-06T09:41:22.846+0000] {processor.py:743} INFO - Processing file /home/airflow/.local/lib/python3.7/site-packages/airflow/example_dags/example_branch_labels.py for tasks to queue
[2024-04-06T09:41:22.847+0000] {logging_mixin.py:137} INFO - [2024-04-06T09:41:22.847+0000] {dagbag.py:538} INFO - Filling up the DagBag from /home/airflow/.local/lib/python3.7/site-packages/airflow/example_dags/example_branch_labels.py
[2024-04-06T09:41:22.859+0000] {processor.py:753} INFO - DAG(s) dict_keys(['example_branch_labels']) retrieved from /home/airflow/.local/lib/python3.7/site-packages/airflow/example_dags/example_branch_labels.py
[2024-04-06T09:41:22.881+0000] {logging_mixin.py:137} INFO - [2024-04-06T09:41:22.880+0000] {dag.py:2690} INFO - Sync 1 DAGs
[2024-04-06T09:41:22.905+0000] {logging_mixin.py:137} INFO - [2024-04-06T09:41:22.905+0000] {dag.py:3441} INFO - Setting next_dagrun for example_branch_labels to 2024-04-05T00:00:00+00:00, run_after=2024-04-06T00:00:00+00:00
[2024-04-06T09:41:22.920+0000] {processor.py:175} INFO - Processing /home/airflow/.local/lib/python3.7/site-packages/airflow/example_dags/example_branch_labels.py took 0.077 seconds
[2024-04-06T09:41:53.119+0000] {processor.py:153} INFO - Started process (PID=857) to work on /home/airflow/.local/lib/python3.7/site-packages/airflow/example_dags/example_branch_labels.py
[2024-04-06T09:41:53.120+0000] {processor.py:743} INFO - Processing file /home/airflow/.local/lib/python3.7/site-packages/airflow/example_dags/example_branch_labels.py for tasks to queue
[2024-04-06T09:41:53.120+0000] {logging_mixin.py:137} INFO - [2024-04-06T09:41:53.120+0000] {dagbag.py:538} INFO - Filling up the DagBag from /home/airflow/.local/lib/python3.7/site-packages/airflow/example_dags/example_branch_labels.py
[2024-04-06T09:41:53.134+0000] {processor.py:753} INFO - DAG(s) dict_keys(['example_branch_labels']) retrieved from /home/airflow/.local/lib/python3.7/site-packages/airflow/example_dags/example_branch_labels.py
[2024-04-06T09:41:53.158+0000] {logging_mixin.py:137} INFO - [2024-04-06T09:41:53.157+0000] {dag.py:2690} INFO - Sync 1 DAGs
[2024-04-06T09:41:53.187+0000] {logging_mixin.py:137} INFO - [2024-04-06T09:41:53.187+0000] {dag.py:3441} INFO - Setting next_dagrun for example_branch_labels to 2024-04-05T00:00:00+00:00, run_after=2024-04-06T00:00:00+00:00
[2024-04-06T09:41:53.206+0000] {processor.py:175} INFO - Processing /home/airflow/.local/lib/python3.7/site-packages/airflow/example_dags/example_branch_labels.py took 0.089 seconds
[2024-04-06T09:42:23.841+0000] {processor.py:153} INFO - Started process (PID=945) to work on /home/airflow/.local/lib/python3.7/site-packages/airflow/example_dags/example_branch_labels.py
[2024-04-06T09:42:23.842+0000] {processor.py:743} INFO - Processing file /home/airflow/.local/lib/python3.7/site-packages/airflow/example_dags/example_branch_labels.py for tasks to queue
[2024-04-06T09:42:23.843+0000] {logging_mixin.py:137} INFO - [2024-04-06T09:42:23.842+0000] {dagbag.py:538} INFO - Filling up the DagBag from /home/airflow/.local/lib/python3.7/site-packages/airflow/example_dags/example_branch_labels.py
[2024-04-06T09:42:23.860+0000] {processor.py:753} INFO - DAG(s) dict_keys(['example_branch_labels']) retrieved from /home/airflow/.local/lib/python3.7/site-packages/airflow/example_dags/example_branch_labels.py
[2024-04-06T09:42:23.893+0000] {logging_mixin.py:137} INFO - [2024-04-06T09:42:23.893+0000] {dag.py:2690} INFO - Sync 1 DAGs
[2024-04-06T09:42:23.923+0000] {logging_mixin.py:137} INFO - [2024-04-06T09:42:23.922+0000] {dag.py:3441} INFO - Setting next_dagrun for example_branch_labels to 2024-04-05T00:00:00+00:00, run_after=2024-04-06T00:00:00+00:00
[2024-04-06T09:42:23.942+0000] {processor.py:175} INFO - Processing /home/airflow/.local/lib/python3.7/site-packages/airflow/example_dags/example_branch_labels.py took 0.105 seconds
[2024-04-06T09:42:54.109+0000] {processor.py:153} INFO - Started process (PID=1017) to work on /home/airflow/.local/lib/python3.7/site-packages/airflow/example_dags/example_branch_labels.py
[2024-04-06T09:42:54.110+0000] {processor.py:743} INFO - Processing file /home/airflow/.local/lib/python3.7/site-packages/airflow/example_dags/example_branch_labels.py for tasks to queue
[2024-04-06T09:42:54.111+0000] {logging_mixin.py:137} INFO - [2024-04-06T09:42:54.111+0000] {dagbag.py:538} INFO - Filling up the DagBag from /home/airflow/.local/lib/python3.7/site-packages/airflow/example_dags/example_branch_labels.py
[2024-04-06T09:42:54.125+0000] {processor.py:753} INFO - DAG(s) dict_keys(['example_branch_labels']) retrieved from /home/airflow/.local/lib/python3.7/site-packages/airflow/example_dags/example_branch_labels.py
[2024-04-06T09:42:54.149+0000] {logging_mixin.py:137} INFO - [2024-04-06T09:42:54.149+0000] {dag.py:2690} INFO - Sync 1 DAGs
[2024-04-06T09:42:54.172+0000] {logging_mixin.py:137} INFO - [2024-04-06T09:42:54.172+0000] {dag.py:3441} INFO - Setting next_dagrun for example_branch_labels to 2024-04-05T00:00:00+00:00, run_after=2024-04-06T00:00:00+00:00
[2024-04-06T09:42:54.191+0000] {processor.py:175} INFO - Processing /home/airflow/.local/lib/python3.7/site-packages/airflow/example_dags/example_branch_labels.py took 0.086 seconds
[2024-04-06T09:43:24.803+0000] {processor.py:153} INFO - Started process (PID=1104) to work on /home/airflow/.local/lib/python3.7/site-packages/airflow/example_dags/example_branch_labels.py
[2024-04-06T09:43:24.804+0000] {processor.py:743} INFO - Processing file /home/airflow/.local/lib/python3.7/site-packages/airflow/example_dags/example_branch_labels.py for tasks to queue
[2024-04-06T09:43:24.804+0000] {logging_mixin.py:137} INFO - [2024-04-06T09:43:24.804+0000] {dagbag.py:538} INFO - Filling up the DagBag from /home/airflow/.local/lib/python3.7/site-packages/airflow/example_dags/example_branch_labels.py
[2024-04-06T09:43:24.815+0000] {processor.py:753} INFO - DAG(s) dict_keys(['example_branch_labels']) retrieved from /home/airflow/.local/lib/python3.7/site-packages/airflow/example_dags/example_branch_labels.py
[2024-04-06T09:43:24.837+0000] {logging_mixin.py:137} INFO - [2024-04-06T09:43:24.837+0000] {dag.py:2690} INFO - Sync 1 DAGs
[2024-04-06T09:43:24.861+0000] {logging_mixin.py:137} INFO - [2024-04-06T09:43:24.861+0000] {dag.py:3441} INFO - Setting next_dagrun for example_branch_labels to 2024-04-05T00:00:00+00:00, run_after=2024-04-06T00:00:00+00:00
[2024-04-06T09:43:24.878+0000] {processor.py:175} INFO - Processing /home/airflow/.local/lib/python3.7/site-packages/airflow/example_dags/example_branch_labels.py took 0.077 seconds
[2024-04-06T09:43:54.958+0000] {processor.py:153} INFO - Started process (PID=1176) to work on /home/airflow/.local/lib/python3.7/site-packages/airflow/example_dags/example_branch_labels.py
[2024-04-06T09:43:54.959+0000] {processor.py:743} INFO - Processing file /home/airflow/.local/lib/python3.7/site-packages/airflow/example_dags/example_branch_labels.py for tasks to queue
[2024-04-06T09:43:54.959+0000] {logging_mixin.py:137} INFO - [2024-04-06T09:43:54.959+0000] {dagbag.py:538} INFO - Filling up the DagBag from /home/airflow/.local/lib/python3.7/site-packages/airflow/example_dags/example_branch_labels.py
[2024-04-06T09:43:54.972+0000] {processor.py:753} INFO - DAG(s) dict_keys(['example_branch_labels']) retrieved from /home/airflow/.local/lib/python3.7/site-packages/airflow/example_dags/example_branch_labels.py
[2024-04-06T09:43:54.996+0000] {logging_mixin.py:137} INFO - [2024-04-06T09:43:54.996+0000] {dag.py:2690} INFO - Sync 1 DAGs
[2024-04-06T09:43:55.020+0000] {logging_mixin.py:137} INFO - [2024-04-06T09:43:55.020+0000] {dag.py:3441} INFO - Setting next_dagrun for example_branch_labels to 2024-04-05T00:00:00+00:00, run_after=2024-04-06T00:00:00+00:00
[2024-04-06T09:43:55.036+0000] {processor.py:175} INFO - Processing /home/airflow/.local/lib/python3.7/site-packages/airflow/example_dags/example_branch_labels.py took 0.081 seconds
[2024-04-06T09:44:25.652+0000] {processor.py:153} INFO - Started process (PID=1264) to work on /home/airflow/.local/lib/python3.7/site-packages/airflow/example_dags/example_branch_labels.py
[2024-04-06T09:44:25.653+0000] {processor.py:743} INFO - Processing file /home/airflow/.local/lib/python3.7/site-packages/airflow/example_dags/example_branch_labels.py for tasks to queue
[2024-04-06T09:44:25.653+0000] {logging_mixin.py:137} INFO - [2024-04-06T09:44:25.653+0000] {dagbag.py:538} INFO - Filling up the DagBag from /home/airflow/.local/lib/python3.7/site-packages/airflow/example_dags/example_branch_labels.py
[2024-04-06T09:44:25.667+0000] {processor.py:753} INFO - DAG(s) dict_keys(['example_branch_labels']) retrieved from /home/airflow/.local/lib/python3.7/site-packages/airflow/example_dags/example_branch_labels.py
[2024-04-06T09:44:25.692+0000] {logging_mixin.py:137} INFO - [2024-04-06T09:44:25.692+0000] {dag.py:2690} INFO - Sync 1 DAGs
[2024-04-06T09:44:25.719+0000] {logging_mixin.py:137} INFO - [2024-04-06T09:44:25.719+0000] {dag.py:3441} INFO - Setting next_dagrun for example_branch_labels to 2024-04-05T00:00:00+00:00, run_after=2024-04-06T00:00:00+00:00
[2024-04-06T09:44:25.735+0000] {processor.py:175} INFO - Processing /home/airflow/.local/lib/python3.7/site-packages/airflow/example_dags/example_branch_labels.py took 0.087 seconds
[2024-04-06T09:44:55.962+0000] {processor.py:153} INFO - Started process (PID=1336) to work on /home/airflow/.local/lib/python3.7/site-packages/airflow/example_dags/example_branch_labels.py
[2024-04-06T09:44:55.963+0000] {processor.py:743} INFO - Processing file /home/airflow/.local/lib/python3.7/site-packages/airflow/example_dags/example_branch_labels.py for tasks to queue
[2024-04-06T09:44:55.963+0000] {logging_mixin.py:137} INFO - [2024-04-06T09:44:55.963+0000] {dagbag.py:538} INFO - Filling up the DagBag from /home/airflow/.local/lib/python3.7/site-packages/airflow/example_dags/example_branch_labels.py
[2024-04-06T09:44:55.975+0000] {processor.py:753} INFO - DAG(s) dict_keys(['example_branch_labels']) retrieved from /home/airflow/.local/lib/python3.7/site-packages/airflow/example_dags/example_branch_labels.py
[2024-04-06T09:44:55.995+0000] {logging_mixin.py:137} INFO - [2024-04-06T09:44:55.995+0000] {dag.py:2690} INFO - Sync 1 DAGs
[2024-04-06T09:44:56.017+0000] {logging_mixin.py:137} INFO - [2024-04-06T09:44:56.017+0000] {dag.py:3441} INFO - Setting next_dagrun for example_branch_labels to 2024-04-05T00:00:00+00:00, run_after=2024-04-06T00:00:00+00:00
[2024-04-06T09:44:56.030+0000] {processor.py:175} INFO - Processing /home/airflow/.local/lib/python3.7/site-packages/airflow/example_dags/example_branch_labels.py took 0.070 seconds
[2024-04-06T09:45:26.385+0000] {processor.py:153} INFO - Started process (PID=1424) to work on /home/airflow/.local/lib/python3.7/site-packages/airflow/example_dags/example_branch_labels.py
[2024-04-06T09:45:26.385+0000] {processor.py:743} INFO - Processing file /home/airflow/.local/lib/python3.7/site-packages/airflow/example_dags/example_branch_labels.py for tasks to queue
[2024-04-06T09:45:26.386+0000] {logging_mixin.py:137} INFO - [2024-04-06T09:45:26.386+0000] {dagbag.py:538} INFO - Filling up the DagBag from /home/airflow/.local/lib/python3.7/site-packages/airflow/example_dags/example_branch_labels.py
[2024-04-06T09:45:26.401+0000] {processor.py:753} INFO - DAG(s) dict_keys(['example_branch_labels']) retrieved from /home/airflow/.local/lib/python3.7/site-packages/airflow/example_dags/example_branch_labels.py
[2024-04-06T09:45:26.429+0000] {logging_mixin.py:137} INFO - [2024-04-06T09:45:26.429+0000] {dag.py:2690} INFO - Sync 1 DAGs
[2024-04-06T09:45:26.458+0000] {logging_mixin.py:137} INFO - [2024-04-06T09:45:26.458+0000] {dag.py:3441} INFO - Setting next_dagrun for example_branch_labels to 2024-04-05T00:00:00+00:00, run_after=2024-04-06T00:00:00+00:00
[2024-04-06T09:45:26.481+0000] {processor.py:175} INFO - Processing /home/airflow/.local/lib/python3.7/site-packages/airflow/example_dags/example_branch_labels.py took 0.099 seconds
[2024-04-06T09:45:56.698+0000] {processor.py:153} INFO - Started process (PID=1496) to work on /home/airflow/.local/lib/python3.7/site-packages/airflow/example_dags/example_branch_labels.py
[2024-04-06T09:45:56.699+0000] {processor.py:743} INFO - Processing file /home/airflow/.local/lib/python3.7/site-packages/airflow/example_dags/example_branch_labels.py for tasks to queue
[2024-04-06T09:45:56.699+0000] {logging_mixin.py:137} INFO - [2024-04-06T09:45:56.699+0000] {dagbag.py:538} INFO - Filling up the DagBag from /home/airflow/.local/lib/python3.7/site-packages/airflow/example_dags/example_branch_labels.py
[2024-04-06T09:45:56.715+0000] {processor.py:753} INFO - DAG(s) dict_keys(['example_branch_labels']) retrieved from /home/airflow/.local/lib/python3.7/site-packages/airflow/example_dags/example_branch_labels.py
[2024-04-06T09:45:56.744+0000] {logging_mixin.py:137} INFO - [2024-04-06T09:45:56.743+0000] {dag.py:2690} INFO - Sync 1 DAGs
[2024-04-06T09:45:56.770+0000] {logging_mixin.py:137} INFO - [2024-04-06T09:45:56.770+0000] {dag.py:3441} INFO - Setting next_dagrun for example_branch_labels to 2024-04-05T00:00:00+00:00, run_after=2024-04-06T00:00:00+00:00
[2024-04-06T09:45:56.788+0000] {processor.py:175} INFO - Processing /home/airflow/.local/lib/python3.7/site-packages/airflow/example_dags/example_branch_labels.py took 0.092 seconds
[2024-04-06T09:46:27.148+0000] {processor.py:153} INFO - Started process (PID=1583) to work on /home/airflow/.local/lib/python3.7/site-packages/airflow/example_dags/example_branch_labels.py
[2024-04-06T09:46:27.149+0000] {processor.py:743} INFO - Processing file /home/airflow/.local/lib/python3.7/site-packages/airflow/example_dags/example_branch_labels.py for tasks to queue
[2024-04-06T09:46:27.149+0000] {logging_mixin.py:137} INFO - [2024-04-06T09:46:27.149+0000] {dagbag.py:538} INFO - Filling up the DagBag from /home/airflow/.local/lib/python3.7/site-packages/airflow/example_dags/example_branch_labels.py
[2024-04-06T09:46:27.162+0000] {processor.py:753} INFO - DAG(s) dict_keys(['example_branch_labels']) retrieved from /home/airflow/.local/lib/python3.7/site-packages/airflow/example_dags/example_branch_labels.py
[2024-04-06T09:46:27.186+0000] {logging_mixin.py:137} INFO - [2024-04-06T09:46:27.186+0000] {dag.py:2690} INFO - Sync 1 DAGs
[2024-04-06T09:46:27.211+0000] {logging_mixin.py:137} INFO - [2024-04-06T09:46:27.211+0000] {dag.py:3441} INFO - Setting next_dagrun for example_branch_labels to 2024-04-05T00:00:00+00:00, run_after=2024-04-06T00:00:00+00:00
[2024-04-06T09:46:27.227+0000] {processor.py:175} INFO - Processing /home/airflow/.local/lib/python3.7/site-packages/airflow/example_dags/example_branch_labels.py took 0.082 seconds
[2024-04-06T09:46:57.602+0000] {processor.py:153} INFO - Started process (PID=1655) to work on /home/airflow/.local/lib/python3.7/site-packages/airflow/example_dags/example_branch_labels.py
[2024-04-06T09:46:57.602+0000] {processor.py:743} INFO - Processing file /home/airflow/.local/lib/python3.7/site-packages/airflow/example_dags/example_branch_labels.py for tasks to queue
[2024-04-06T09:46:57.603+0000] {logging_mixin.py:137} INFO - [2024-04-06T09:46:57.603+0000] {dagbag.py:538} INFO - Filling up the DagBag from /home/airflow/.local/lib/python3.7/site-packages/airflow/example_dags/example_branch_labels.py
[2024-04-06T09:46:57.614+0000] {processor.py:753} INFO - DAG(s) dict_keys(['example_branch_labels']) retrieved from /home/airflow/.local/lib/python3.7/site-packages/airflow/example_dags/example_branch_labels.py
[2024-04-06T09:46:57.636+0000] {logging_mixin.py:137} INFO - [2024-04-06T09:46:57.636+0000] {dag.py:2690} INFO - Sync 1 DAGs
[2024-04-06T09:46:57.659+0000] {logging_mixin.py:137} INFO - [2024-04-06T09:46:57.659+0000] {dag.py:3441} INFO - Setting next_dagrun for example_branch_labels to 2024-04-05T00:00:00+00:00, run_after=2024-04-06T00:00:00+00:00
[2024-04-06T09:46:57.674+0000] {processor.py:175} INFO - Processing /home/airflow/.local/lib/python3.7/site-packages/airflow/example_dags/example_branch_labels.py took 0.075 seconds
[2024-04-06T09:47:28.160+0000] {processor.py:153} INFO - Started process (PID=1743) to work on /home/airflow/.local/lib/python3.7/site-packages/airflow/example_dags/example_branch_labels.py
[2024-04-06T09:47:28.160+0000] {processor.py:743} INFO - Processing file /home/airflow/.local/lib/python3.7/site-packages/airflow/example_dags/example_branch_labels.py for tasks to queue
[2024-04-06T09:47:28.161+0000] {logging_mixin.py:137} INFO - [2024-04-06T09:47:28.160+0000] {dagbag.py:538} INFO - Filling up the DagBag from /home/airflow/.local/lib/python3.7/site-packages/airflow/example_dags/example_branch_labels.py
[2024-04-06T09:47:28.173+0000] {processor.py:753} INFO - DAG(s) dict_keys(['example_branch_labels']) retrieved from /home/airflow/.local/lib/python3.7/site-packages/airflow/example_dags/example_branch_labels.py
[2024-04-06T09:47:28.199+0000] {logging_mixin.py:137} INFO - [2024-04-06T09:47:28.198+0000] {dag.py:2690} INFO - Sync 1 DAGs
[2024-04-06T09:47:28.222+0000] {logging_mixin.py:137} INFO - [2024-04-06T09:47:28.222+0000] {dag.py:3441} INFO - Setting next_dagrun for example_branch_labels to 2024-04-05T00:00:00+00:00, run_after=2024-04-06T00:00:00+00:00
[2024-04-06T09:47:28.239+0000] {processor.py:175} INFO - Processing /home/airflow/.local/lib/python3.7/site-packages/airflow/example_dags/example_branch_labels.py took 0.081 seconds
[2024-04-06T09:47:58.285+0000] {processor.py:153} INFO - Started process (PID=1815) to work on /home/airflow/.local/lib/python3.7/site-packages/airflow/example_dags/example_branch_labels.py
[2024-04-06T09:47:58.286+0000] {processor.py:743} INFO - Processing file /home/airflow/.local/lib/python3.7/site-packages/airflow/example_dags/example_branch_labels.py for tasks to queue
[2024-04-06T09:47:58.287+0000] {logging_mixin.py:137} INFO - [2024-04-06T09:47:58.286+0000] {dagbag.py:538} INFO - Filling up the DagBag from /home/airflow/.local/lib/python3.7/site-packages/airflow/example_dags/example_branch_labels.py
[2024-04-06T09:47:58.299+0000] {processor.py:753} INFO - DAG(s) dict_keys(['example_branch_labels']) retrieved from /home/airflow/.local/lib/python3.7/site-packages/airflow/example_dags/example_branch_labels.py
[2024-04-06T09:47:58.318+0000] {logging_mixin.py:137} INFO - [2024-04-06T09:47:58.318+0000] {dag.py:2690} INFO - Sync 1 DAGs
[2024-04-06T09:47:58.338+0000] {logging_mixin.py:137} INFO - [2024-04-06T09:47:58.338+0000] {dag.py:3441} INFO - Setting next_dagrun for example_branch_labels to 2024-04-05T00:00:00+00:00, run_after=2024-04-06T00:00:00+00:00
[2024-04-06T09:47:58.349+0000] {processor.py:175} INFO - Processing /home/airflow/.local/lib/python3.7/site-packages/airflow/example_dags/example_branch_labels.py took 0.067 seconds
[2024-04-06T09:48:28.624+0000] {processor.py:153} INFO - Started process (PID=1903) to work on /home/airflow/.local/lib/python3.7/site-packages/airflow/example_dags/example_branch_labels.py
[2024-04-06T09:48:28.625+0000] {processor.py:743} INFO - Processing file /home/airflow/.local/lib/python3.7/site-packages/airflow/example_dags/example_branch_labels.py for tasks to queue
[2024-04-06T09:48:28.626+0000] {logging_mixin.py:137} INFO - [2024-04-06T09:48:28.625+0000] {dagbag.py:538} INFO - Filling up the DagBag from /home/airflow/.local/lib/python3.7/site-packages/airflow/example_dags/example_branch_labels.py
[2024-04-06T09:48:28.648+0000] {processor.py:753} INFO - DAG(s) dict_keys(['example_branch_labels']) retrieved from /home/airflow/.local/lib/python3.7/site-packages/airflow/example_dags/example_branch_labels.py
[2024-04-06T09:48:28.682+0000] {logging_mixin.py:137} INFO - [2024-04-06T09:48:28.682+0000] {dag.py:2690} INFO - Sync 1 DAGs
[2024-04-06T09:48:28.725+0000] {logging_mixin.py:137} INFO - [2024-04-06T09:48:28.725+0000] {dag.py:3441} INFO - Setting next_dagrun for example_branch_labels to 2024-04-05T00:00:00+00:00, run_after=2024-04-06T00:00:00+00:00
[2024-04-06T09:48:28.752+0000] {processor.py:175} INFO - Processing /home/airflow/.local/lib/python3.7/site-packages/airflow/example_dags/example_branch_labels.py took 0.133 seconds
[2024-04-06T09:48:59.193+0000] {processor.py:153} INFO - Started process (PID=1975) to work on /home/airflow/.local/lib/python3.7/site-packages/airflow/example_dags/example_branch_labels.py
[2024-04-06T09:48:59.194+0000] {processor.py:743} INFO - Processing file /home/airflow/.local/lib/python3.7/site-packages/airflow/example_dags/example_branch_labels.py for tasks to queue
[2024-04-06T09:48:59.195+0000] {logging_mixin.py:137} INFO - [2024-04-06T09:48:59.195+0000] {dagbag.py:538} INFO - Filling up the DagBag from /home/airflow/.local/lib/python3.7/site-packages/airflow/example_dags/example_branch_labels.py
[2024-04-06T09:48:59.215+0000] {processor.py:753} INFO - DAG(s) dict_keys(['example_branch_labels']) retrieved from /home/airflow/.local/lib/python3.7/site-packages/airflow/example_dags/example_branch_labels.py
[2024-04-06T09:48:59.250+0000] {logging_mixin.py:137} INFO - [2024-04-06T09:48:59.250+0000] {dag.py:2690} INFO - Sync 1 DAGs
[2024-04-06T09:48:59.291+0000] {logging_mixin.py:137} INFO - [2024-04-06T09:48:59.291+0000] {dag.py:3441} INFO - Setting next_dagrun for example_branch_labels to 2024-04-05T00:00:00+00:00, run_after=2024-04-06T00:00:00+00:00
[2024-04-06T09:48:59.318+0000] {processor.py:175} INFO - Processing /home/airflow/.local/lib/python3.7/site-packages/airflow/example_dags/example_branch_labels.py took 0.129 seconds
[2024-04-06T09:50:13.469+0000] {processor.py:153} INFO - Started process (PID=66) to work on /home/airflow/.local/lib/python3.7/site-packages/airflow/example_dags/example_branch_labels.py
[2024-04-06T09:50:13.471+0000] {processor.py:743} INFO - Processing file /home/airflow/.local/lib/python3.7/site-packages/airflow/example_dags/example_branch_labels.py for tasks to queue
[2024-04-06T09:50:13.472+0000] {logging_mixin.py:137} INFO - [2024-04-06T09:50:13.472+0000] {dagbag.py:538} INFO - Filling up the DagBag from /home/airflow/.local/lib/python3.7/site-packages/airflow/example_dags/example_branch_labels.py
[2024-04-06T09:50:13.493+0000] {processor.py:753} INFO - DAG(s) dict_keys(['example_branch_labels']) retrieved from /home/airflow/.local/lib/python3.7/site-packages/airflow/example_dags/example_branch_labels.py
[2024-04-06T09:50:13.536+0000] {logging_mixin.py:137} INFO - [2024-04-06T09:50:13.532+0000] {dag.py:2690} INFO - Sync 1 DAGs
[2024-04-06T09:50:13.593+0000] {logging_mixin.py:137} INFO - [2024-04-06T09:50:13.592+0000] {dag.py:3441} INFO - Setting next_dagrun for example_branch_labels to 2024-04-05T00:00:00+00:00, run_after=2024-04-06T00:00:00+00:00
[2024-04-06T09:50:13.649+0000] {processor.py:175} INFO - Processing /home/airflow/.local/lib/python3.7/site-packages/airflow/example_dags/example_branch_labels.py took 0.185 seconds
[2024-04-06T09:50:44.965+0000] {processor.py:153} INFO - Started process (PID=129) to work on /home/airflow/.local/lib/python3.7/site-packages/airflow/example_dags/example_branch_labels.py
[2024-04-06T09:50:44.967+0000] {processor.py:743} INFO - Processing file /home/airflow/.local/lib/python3.7/site-packages/airflow/example_dags/example_branch_labels.py for tasks to queue
[2024-04-06T09:50:44.967+0000] {logging_mixin.py:137} INFO - [2024-04-06T09:50:44.967+0000] {dagbag.py:538} INFO - Filling up the DagBag from /home/airflow/.local/lib/python3.7/site-packages/airflow/example_dags/example_branch_labels.py
[2024-04-06T09:50:44.987+0000] {processor.py:753} INFO - DAG(s) dict_keys(['example_branch_labels']) retrieved from /home/airflow/.local/lib/python3.7/site-packages/airflow/example_dags/example_branch_labels.py
[2024-04-06T09:50:45.018+0000] {logging_mixin.py:137} INFO - [2024-04-06T09:50:45.018+0000] {dag.py:2690} INFO - Sync 1 DAGs
[2024-04-06T09:50:45.054+0000] {logging_mixin.py:137} INFO - [2024-04-06T09:50:45.054+0000] {dag.py:3441} INFO - Setting next_dagrun for example_branch_labels to 2024-04-05T00:00:00+00:00, run_after=2024-04-06T00:00:00+00:00
[2024-04-06T09:50:45.083+0000] {processor.py:175} INFO - Processing /home/airflow/.local/lib/python3.7/site-packages/airflow/example_dags/example_branch_labels.py took 0.122 seconds
[2024-04-06T09:51:15.172+0000] {processor.py:153} INFO - Started process (PID=218) to work on /home/airflow/.local/lib/python3.7/site-packages/airflow/example_dags/example_branch_labels.py
[2024-04-06T09:51:15.172+0000] {processor.py:743} INFO - Processing file /home/airflow/.local/lib/python3.7/site-packages/airflow/example_dags/example_branch_labels.py for tasks to queue
[2024-04-06T09:51:15.173+0000] {logging_mixin.py:137} INFO - [2024-04-06T09:51:15.173+0000] {dagbag.py:538} INFO - Filling up the DagBag from /home/airflow/.local/lib/python3.7/site-packages/airflow/example_dags/example_branch_labels.py
[2024-04-06T09:51:15.186+0000] {processor.py:753} INFO - DAG(s) dict_keys(['example_branch_labels']) retrieved from /home/airflow/.local/lib/python3.7/site-packages/airflow/example_dags/example_branch_labels.py
[2024-04-06T09:51:15.210+0000] {logging_mixin.py:137} INFO - [2024-04-06T09:51:15.210+0000] {dag.py:2690} INFO - Sync 1 DAGs
[2024-04-06T09:51:15.234+0000] {logging_mixin.py:137} INFO - [2024-04-06T09:51:15.234+0000] {dag.py:3441} INFO - Setting next_dagrun for example_branch_labels to 2024-04-05T00:00:00+00:00, run_after=2024-04-06T00:00:00+00:00
[2024-04-06T09:51:15.253+0000] {processor.py:175} INFO - Processing /home/airflow/.local/lib/python3.7/site-packages/airflow/example_dags/example_branch_labels.py took 0.084 seconds
[2024-04-06T09:58:24.514+0000] {processor.py:153} INFO - Started process (PID=67) to work on /home/airflow/.local/lib/python3.7/site-packages/airflow/example_dags/example_branch_labels.py
[2024-04-06T09:58:24.515+0000] {processor.py:743} INFO - Processing file /home/airflow/.local/lib/python3.7/site-packages/airflow/example_dags/example_branch_labels.py for tasks to queue
[2024-04-06T09:58:24.516+0000] {logging_mixin.py:137} INFO - [2024-04-06T09:58:24.516+0000] {dagbag.py:538} INFO - Filling up the DagBag from /home/airflow/.local/lib/python3.7/site-packages/airflow/example_dags/example_branch_labels.py
[2024-04-06T09:58:24.538+0000] {processor.py:753} INFO - DAG(s) dict_keys(['example_branch_labels']) retrieved from /home/airflow/.local/lib/python3.7/site-packages/airflow/example_dags/example_branch_labels.py
[2024-04-06T09:58:24.556+0000] {logging_mixin.py:137} INFO - [2024-04-06T09:58:24.556+0000] {dag.py:2690} INFO - Sync 1 DAGs
[2024-04-06T09:58:24.600+0000] {logging_mixin.py:137} INFO - [2024-04-06T09:58:24.600+0000] {dag.py:3441} INFO - Setting next_dagrun for example_branch_labels to 2024-04-05T00:00:00+00:00, run_after=2024-04-06T00:00:00+00:00
[2024-04-06T09:58:24.620+0000] {processor.py:175} INFO - Processing /home/airflow/.local/lib/python3.7/site-packages/airflow/example_dags/example_branch_labels.py took 0.109 seconds
[2024-04-06T09:58:54.665+0000] {processor.py:153} INFO - Started process (PID=146) to work on /home/airflow/.local/lib/python3.7/site-packages/airflow/example_dags/example_branch_labels.py
[2024-04-06T09:58:54.666+0000] {processor.py:743} INFO - Processing file /home/airflow/.local/lib/python3.7/site-packages/airflow/example_dags/example_branch_labels.py for tasks to queue
[2024-04-06T09:58:54.666+0000] {logging_mixin.py:137} INFO - [2024-04-06T09:58:54.666+0000] {dagbag.py:538} INFO - Filling up the DagBag from /home/airflow/.local/lib/python3.7/site-packages/airflow/example_dags/example_branch_labels.py
[2024-04-06T09:58:54.680+0000] {processor.py:753} INFO - DAG(s) dict_keys(['example_branch_labels']) retrieved from /home/airflow/.local/lib/python3.7/site-packages/airflow/example_dags/example_branch_labels.py
[2024-04-06T09:58:54.692+0000] {logging_mixin.py:137} INFO - [2024-04-06T09:58:54.692+0000] {dag.py:2690} INFO - Sync 1 DAGs
[2024-04-06T09:58:54.720+0000] {logging_mixin.py:137} INFO - [2024-04-06T09:58:54.720+0000] {dag.py:3441} INFO - Setting next_dagrun for example_branch_labels to 2024-04-05T00:00:00+00:00, run_after=2024-04-06T00:00:00+00:00
[2024-04-06T09:58:54.738+0000] {processor.py:175} INFO - Processing /home/airflow/.local/lib/python3.7/site-packages/airflow/example_dags/example_branch_labels.py took 0.076 seconds
[2024-04-06T09:59:26.225+0000] {processor.py:153} INFO - Started process (PID=219) to work on /home/airflow/.local/lib/python3.7/site-packages/airflow/example_dags/example_branch_labels.py
[2024-04-06T09:59:26.236+0000] {processor.py:743} INFO - Processing file /home/airflow/.local/lib/python3.7/site-packages/airflow/example_dags/example_branch_labels.py for tasks to queue
[2024-04-06T09:59:26.237+0000] {logging_mixin.py:137} INFO - [2024-04-06T09:59:26.237+0000] {dagbag.py:538} INFO - Filling up the DagBag from /home/airflow/.local/lib/python3.7/site-packages/airflow/example_dags/example_branch_labels.py
[2024-04-06T09:59:26.272+0000] {processor.py:753} INFO - DAG(s) dict_keys(['example_branch_labels']) retrieved from /home/airflow/.local/lib/python3.7/site-packages/airflow/example_dags/example_branch_labels.py
[2024-04-06T09:59:26.293+0000] {logging_mixin.py:137} INFO - [2024-04-06T09:59:26.293+0000] {dag.py:2690} INFO - Sync 1 DAGs
[2024-04-06T09:59:26.330+0000] {logging_mixin.py:137} INFO - [2024-04-06T09:59:26.330+0000] {dag.py:3441} INFO - Setting next_dagrun for example_branch_labels to 2024-04-05T00:00:00+00:00, run_after=2024-04-06T00:00:00+00:00
[2024-04-06T09:59:26.358+0000] {processor.py:175} INFO - Processing /home/airflow/.local/lib/python3.7/site-packages/airflow/example_dags/example_branch_labels.py took 0.138 seconds
[2024-04-06T09:59:57.136+0000] {processor.py:153} INFO - Started process (PID=290) to work on /home/airflow/.local/lib/python3.7/site-packages/airflow/example_dags/example_branch_labels.py
[2024-04-06T09:59:57.151+0000] {processor.py:743} INFO - Processing file /home/airflow/.local/lib/python3.7/site-packages/airflow/example_dags/example_branch_labels.py for tasks to queue
[2024-04-06T09:59:57.152+0000] {logging_mixin.py:137} INFO - [2024-04-06T09:59:57.152+0000] {dagbag.py:538} INFO - Filling up the DagBag from /home/airflow/.local/lib/python3.7/site-packages/airflow/example_dags/example_branch_labels.py
[2024-04-06T09:59:57.177+0000] {processor.py:753} INFO - DAG(s) dict_keys(['example_branch_labels']) retrieved from /home/airflow/.local/lib/python3.7/site-packages/airflow/example_dags/example_branch_labels.py
[2024-04-06T09:59:57.215+0000] {logging_mixin.py:137} INFO - [2024-04-06T09:59:57.215+0000] {dag.py:2690} INFO - Sync 1 DAGs
[2024-04-06T09:59:57.259+0000] {logging_mixin.py:137} INFO - [2024-04-06T09:59:57.259+0000] {dag.py:3441} INFO - Setting next_dagrun for example_branch_labels to 2024-04-05T00:00:00+00:00, run_after=2024-04-06T00:00:00+00:00
[2024-04-06T09:59:57.301+0000] {processor.py:175} INFO - Processing /home/airflow/.local/lib/python3.7/site-packages/airflow/example_dags/example_branch_labels.py took 0.169 seconds
[2024-04-06T10:00:27.415+0000] {processor.py:153} INFO - Started process (PID=362) to work on /home/airflow/.local/lib/python3.7/site-packages/airflow/example_dags/example_branch_labels.py
[2024-04-06T10:00:27.415+0000] {processor.py:743} INFO - Processing file /home/airflow/.local/lib/python3.7/site-packages/airflow/example_dags/example_branch_labels.py for tasks to queue
[2024-04-06T10:00:27.416+0000] {logging_mixin.py:137} INFO - [2024-04-06T10:00:27.416+0000] {dagbag.py:538} INFO - Filling up the DagBag from /home/airflow/.local/lib/python3.7/site-packages/airflow/example_dags/example_branch_labels.py
[2024-04-06T10:00:27.431+0000] {processor.py:753} INFO - DAG(s) dict_keys(['example_branch_labels']) retrieved from /home/airflow/.local/lib/python3.7/site-packages/airflow/example_dags/example_branch_labels.py
[2024-04-06T10:00:27.456+0000] {logging_mixin.py:137} INFO - [2024-04-06T10:00:27.455+0000] {dag.py:2690} INFO - Sync 1 DAGs
[2024-04-06T10:00:27.484+0000] {logging_mixin.py:137} INFO - [2024-04-06T10:00:27.484+0000] {dag.py:3441} INFO - Setting next_dagrun for example_branch_labels to 2024-04-05T00:00:00+00:00, run_after=2024-04-06T00:00:00+00:00
[2024-04-06T10:00:27.502+0000] {processor.py:175} INFO - Processing /home/airflow/.local/lib/python3.7/site-packages/airflow/example_dags/example_branch_labels.py took 0.091 seconds
[2024-04-06T10:00:58.327+0000] {processor.py:153} INFO - Started process (PID=450) to work on /home/airflow/.local/lib/python3.7/site-packages/airflow/example_dags/example_branch_labels.py
[2024-04-06T10:00:58.328+0000] {processor.py:743} INFO - Processing file /home/airflow/.local/lib/python3.7/site-packages/airflow/example_dags/example_branch_labels.py for tasks to queue
[2024-04-06T10:00:58.329+0000] {logging_mixin.py:137} INFO - [2024-04-06T10:00:58.329+0000] {dagbag.py:538} INFO - Filling up the DagBag from /home/airflow/.local/lib/python3.7/site-packages/airflow/example_dags/example_branch_labels.py
[2024-04-06T10:00:58.341+0000] {processor.py:753} INFO - DAG(s) dict_keys(['example_branch_labels']) retrieved from /home/airflow/.local/lib/python3.7/site-packages/airflow/example_dags/example_branch_labels.py
[2024-04-06T10:00:58.364+0000] {logging_mixin.py:137} INFO - [2024-04-06T10:00:58.363+0000] {dag.py:2690} INFO - Sync 1 DAGs
[2024-04-06T10:00:58.392+0000] {logging_mixin.py:137} INFO - [2024-04-06T10:00:58.391+0000] {dag.py:3441} INFO - Setting next_dagrun for example_branch_labels to 2024-04-05T00:00:00+00:00, run_after=2024-04-06T00:00:00+00:00
[2024-04-06T10:00:58.410+0000] {processor.py:175} INFO - Processing /home/airflow/.local/lib/python3.7/site-packages/airflow/example_dags/example_branch_labels.py took 0.085 seconds
[2024-04-06T10:01:28.635+0000] {processor.py:153} INFO - Started process (PID=522) to work on /home/airflow/.local/lib/python3.7/site-packages/airflow/example_dags/example_branch_labels.py
[2024-04-06T10:01:28.636+0000] {processor.py:743} INFO - Processing file /home/airflow/.local/lib/python3.7/site-packages/airflow/example_dags/example_branch_labels.py for tasks to queue
[2024-04-06T10:01:28.636+0000] {logging_mixin.py:137} INFO - [2024-04-06T10:01:28.636+0000] {dagbag.py:538} INFO - Filling up the DagBag from /home/airflow/.local/lib/python3.7/site-packages/airflow/example_dags/example_branch_labels.py
[2024-04-06T10:01:28.644+0000] {processor.py:753} INFO - DAG(s) dict_keys(['example_branch_labels']) retrieved from /home/airflow/.local/lib/python3.7/site-packages/airflow/example_dags/example_branch_labels.py
[2024-04-06T10:01:28.663+0000] {logging_mixin.py:137} INFO - [2024-04-06T10:01:28.663+0000] {dag.py:2690} INFO - Sync 1 DAGs
[2024-04-06T10:01:28.681+0000] {logging_mixin.py:137} INFO - [2024-04-06T10:01:28.681+0000] {dag.py:3441} INFO - Setting next_dagrun for example_branch_labels to 2024-04-05T00:00:00+00:00, run_after=2024-04-06T00:00:00+00:00
[2024-04-06T10:01:28.695+0000] {processor.py:175} INFO - Processing /home/airflow/.local/lib/python3.7/site-packages/airflow/example_dags/example_branch_labels.py took 0.062 seconds
[2024-04-06T10:01:58.986+0000] {processor.py:153} INFO - Started process (PID=610) to work on /home/airflow/.local/lib/python3.7/site-packages/airflow/example_dags/example_branch_labels.py
[2024-04-06T10:01:58.987+0000] {processor.py:743} INFO - Processing file /home/airflow/.local/lib/python3.7/site-packages/airflow/example_dags/example_branch_labels.py for tasks to queue
[2024-04-06T10:01:58.987+0000] {logging_mixin.py:137} INFO - [2024-04-06T10:01:58.987+0000] {dagbag.py:538} INFO - Filling up the DagBag from /home/airflow/.local/lib/python3.7/site-packages/airflow/example_dags/example_branch_labels.py
[2024-04-06T10:01:59.000+0000] {processor.py:753} INFO - DAG(s) dict_keys(['example_branch_labels']) retrieved from /home/airflow/.local/lib/python3.7/site-packages/airflow/example_dags/example_branch_labels.py
[2024-04-06T10:01:59.021+0000] {logging_mixin.py:137} INFO - [2024-04-06T10:01:59.021+0000] {dag.py:2690} INFO - Sync 1 DAGs
[2024-04-06T10:01:59.041+0000] {logging_mixin.py:137} INFO - [2024-04-06T10:01:59.040+0000] {dag.py:3441} INFO - Setting next_dagrun for example_branch_labels to 2024-04-05T00:00:00+00:00, run_after=2024-04-06T00:00:00+00:00
[2024-04-06T10:01:59.053+0000] {processor.py:175} INFO - Processing /home/airflow/.local/lib/python3.7/site-packages/airflow/example_dags/example_branch_labels.py took 0.069 seconds
[2024-04-06T10:02:29.453+0000] {processor.py:153} INFO - Started process (PID=689) to work on /home/airflow/.local/lib/python3.7/site-packages/airflow/example_dags/example_branch_labels.py
[2024-04-06T10:02:29.454+0000] {processor.py:743} INFO - Processing file /home/airflow/.local/lib/python3.7/site-packages/airflow/example_dags/example_branch_labels.py for tasks to queue
[2024-04-06T10:02:29.454+0000] {logging_mixin.py:137} INFO - [2024-04-06T10:02:29.454+0000] {dagbag.py:538} INFO - Filling up the DagBag from /home/airflow/.local/lib/python3.7/site-packages/airflow/example_dags/example_branch_labels.py
[2024-04-06T10:02:29.472+0000] {processor.py:753} INFO - DAG(s) dict_keys(['example_branch_labels']) retrieved from /home/airflow/.local/lib/python3.7/site-packages/airflow/example_dags/example_branch_labels.py
[2024-04-06T10:02:29.496+0000] {logging_mixin.py:137} INFO - [2024-04-06T10:02:29.496+0000] {dag.py:2690} INFO - Sync 1 DAGs
[2024-04-06T10:02:29.523+0000] {logging_mixin.py:137} INFO - [2024-04-06T10:02:29.523+0000] {dag.py:3441} INFO - Setting next_dagrun for example_branch_labels to 2024-04-05T00:00:00+00:00, run_after=2024-04-06T00:00:00+00:00
[2024-04-06T10:02:29.547+0000] {processor.py:175} INFO - Processing /home/airflow/.local/lib/python3.7/site-packages/airflow/example_dags/example_branch_labels.py took 0.096 seconds
[2024-04-06T10:03:00.040+0000] {processor.py:153} INFO - Started process (PID=770) to work on /home/airflow/.local/lib/python3.7/site-packages/airflow/example_dags/example_branch_labels.py
[2024-04-06T10:03:00.041+0000] {processor.py:743} INFO - Processing file /home/airflow/.local/lib/python3.7/site-packages/airflow/example_dags/example_branch_labels.py for tasks to queue
[2024-04-06T10:03:00.041+0000] {logging_mixin.py:137} INFO - [2024-04-06T10:03:00.041+0000] {dagbag.py:538} INFO - Filling up the DagBag from /home/airflow/.local/lib/python3.7/site-packages/airflow/example_dags/example_branch_labels.py
[2024-04-06T10:03:00.053+0000] {processor.py:753} INFO - DAG(s) dict_keys(['example_branch_labels']) retrieved from /home/airflow/.local/lib/python3.7/site-packages/airflow/example_dags/example_branch_labels.py
[2024-04-06T10:03:00.077+0000] {logging_mixin.py:137} INFO - [2024-04-06T10:03:00.077+0000] {dag.py:2690} INFO - Sync 1 DAGs
[2024-04-06T10:03:00.100+0000] {logging_mixin.py:137} INFO - [2024-04-06T10:03:00.099+0000] {dag.py:3441} INFO - Setting next_dagrun for example_branch_labels to 2024-04-05T00:00:00+00:00, run_after=2024-04-06T00:00:00+00:00
[2024-04-06T10:03:00.115+0000] {processor.py:175} INFO - Processing /home/airflow/.local/lib/python3.7/site-packages/airflow/example_dags/example_branch_labels.py took 0.078 seconds
[2024-04-06T10:03:30.430+0000] {processor.py:153} INFO - Started process (PID=859) to work on /home/airflow/.local/lib/python3.7/site-packages/airflow/example_dags/example_branch_labels.py
[2024-04-06T10:03:30.431+0000] {processor.py:743} INFO - Processing file /home/airflow/.local/lib/python3.7/site-packages/airflow/example_dags/example_branch_labels.py for tasks to queue
[2024-04-06T10:03:30.431+0000] {logging_mixin.py:137} INFO - [2024-04-06T10:03:30.431+0000] {dagbag.py:538} INFO - Filling up the DagBag from /home/airflow/.local/lib/python3.7/site-packages/airflow/example_dags/example_branch_labels.py
[2024-04-06T10:03:30.445+0000] {processor.py:753} INFO - DAG(s) dict_keys(['example_branch_labels']) retrieved from /home/airflow/.local/lib/python3.7/site-packages/airflow/example_dags/example_branch_labels.py
[2024-04-06T10:03:30.471+0000] {logging_mixin.py:137} INFO - [2024-04-06T10:03:30.471+0000] {dag.py:2690} INFO - Sync 1 DAGs
[2024-04-06T10:03:30.499+0000] {logging_mixin.py:137} INFO - [2024-04-06T10:03:30.499+0000] {dag.py:3441} INFO - Setting next_dagrun for example_branch_labels to 2024-04-05T00:00:00+00:00, run_after=2024-04-06T00:00:00+00:00
[2024-04-06T10:03:30.513+0000] {processor.py:175} INFO - Processing /home/airflow/.local/lib/python3.7/site-packages/airflow/example_dags/example_branch_labels.py took 0.086 seconds
[2024-04-06T10:04:00.908+0000] {processor.py:153} INFO - Started process (PID=930) to work on /home/airflow/.local/lib/python3.7/site-packages/airflow/example_dags/example_branch_labels.py
[2024-04-06T10:04:00.909+0000] {processor.py:743} INFO - Processing file /home/airflow/.local/lib/python3.7/site-packages/airflow/example_dags/example_branch_labels.py for tasks to queue
[2024-04-06T10:04:00.910+0000] {logging_mixin.py:137} INFO - [2024-04-06T10:04:00.909+0000] {dagbag.py:538} INFO - Filling up the DagBag from /home/airflow/.local/lib/python3.7/site-packages/airflow/example_dags/example_branch_labels.py
[2024-04-06T10:04:00.924+0000] {processor.py:753} INFO - DAG(s) dict_keys(['example_branch_labels']) retrieved from /home/airflow/.local/lib/python3.7/site-packages/airflow/example_dags/example_branch_labels.py
[2024-04-06T10:04:00.949+0000] {logging_mixin.py:137} INFO - [2024-04-06T10:04:00.949+0000] {dag.py:2690} INFO - Sync 1 DAGs
[2024-04-06T10:04:00.976+0000] {logging_mixin.py:137} INFO - [2024-04-06T10:04:00.975+0000] {dag.py:3441} INFO - Setting next_dagrun for example_branch_labels to 2024-04-05T00:00:00+00:00, run_after=2024-04-06T00:00:00+00:00
[2024-04-06T10:04:00.995+0000] {processor.py:175} INFO - Processing /home/airflow/.local/lib/python3.7/site-packages/airflow/example_dags/example_branch_labels.py took 0.089 seconds
[2024-04-06T10:04:31.564+0000] {processor.py:153} INFO - Started process (PID=1018) to work on /home/airflow/.local/lib/python3.7/site-packages/airflow/example_dags/example_branch_labels.py
[2024-04-06T10:04:31.565+0000] {processor.py:743} INFO - Processing file /home/airflow/.local/lib/python3.7/site-packages/airflow/example_dags/example_branch_labels.py for tasks to queue
[2024-04-06T10:04:31.565+0000] {logging_mixin.py:137} INFO - [2024-04-06T10:04:31.565+0000] {dagbag.py:538} INFO - Filling up the DagBag from /home/airflow/.local/lib/python3.7/site-packages/airflow/example_dags/example_branch_labels.py
[2024-04-06T10:04:31.577+0000] {processor.py:753} INFO - DAG(s) dict_keys(['example_branch_labels']) retrieved from /home/airflow/.local/lib/python3.7/site-packages/airflow/example_dags/example_branch_labels.py
[2024-04-06T10:04:31.599+0000] {logging_mixin.py:137} INFO - [2024-04-06T10:04:31.599+0000] {dag.py:2690} INFO - Sync 1 DAGs
[2024-04-06T10:04:31.623+0000] {logging_mixin.py:137} INFO - [2024-04-06T10:04:31.623+0000] {dag.py:3441} INFO - Setting next_dagrun for example_branch_labels to 2024-04-05T00:00:00+00:00, run_after=2024-04-06T00:00:00+00:00
[2024-04-06T10:04:31.644+0000] {processor.py:175} INFO - Processing /home/airflow/.local/lib/python3.7/site-packages/airflow/example_dags/example_branch_labels.py took 0.082 seconds
[2024-04-06T10:05:02.261+0000] {processor.py:153} INFO - Started process (PID=1089) to work on /home/airflow/.local/lib/python3.7/site-packages/airflow/example_dags/example_branch_labels.py
[2024-04-06T10:05:02.262+0000] {processor.py:743} INFO - Processing file /home/airflow/.local/lib/python3.7/site-packages/airflow/example_dags/example_branch_labels.py for tasks to queue
[2024-04-06T10:05:02.263+0000] {logging_mixin.py:137} INFO - [2024-04-06T10:05:02.262+0000] {dagbag.py:538} INFO - Filling up the DagBag from /home/airflow/.local/lib/python3.7/site-packages/airflow/example_dags/example_branch_labels.py
[2024-04-06T10:05:02.277+0000] {processor.py:753} INFO - DAG(s) dict_keys(['example_branch_labels']) retrieved from /home/airflow/.local/lib/python3.7/site-packages/airflow/example_dags/example_branch_labels.py
[2024-04-06T10:05:02.307+0000] {logging_mixin.py:137} INFO - [2024-04-06T10:05:02.307+0000] {dag.py:2690} INFO - Sync 1 DAGs
[2024-04-06T10:05:02.342+0000] {logging_mixin.py:137} INFO - [2024-04-06T10:05:02.341+0000] {dag.py:3441} INFO - Setting next_dagrun for example_branch_labels to 2024-04-05T00:00:00+00:00, run_after=2024-04-06T00:00:00+00:00
[2024-04-06T10:05:02.361+0000] {processor.py:175} INFO - Processing /home/airflow/.local/lib/python3.7/site-packages/airflow/example_dags/example_branch_labels.py took 0.103 seconds
[2024-04-06T10:05:33.320+0000] {processor.py:153} INFO - Started process (PID=1178) to work on /home/airflow/.local/lib/python3.7/site-packages/airflow/example_dags/example_branch_labels.py
[2024-04-06T10:05:33.321+0000] {processor.py:743} INFO - Processing file /home/airflow/.local/lib/python3.7/site-packages/airflow/example_dags/example_branch_labels.py for tasks to queue
[2024-04-06T10:05:33.321+0000] {logging_mixin.py:137} INFO - [2024-04-06T10:05:33.321+0000] {dagbag.py:538} INFO - Filling up the DagBag from /home/airflow/.local/lib/python3.7/site-packages/airflow/example_dags/example_branch_labels.py
[2024-04-06T10:05:33.340+0000] {processor.py:753} INFO - DAG(s) dict_keys(['example_branch_labels']) retrieved from /home/airflow/.local/lib/python3.7/site-packages/airflow/example_dags/example_branch_labels.py
[2024-04-06T10:05:33.366+0000] {logging_mixin.py:137} INFO - [2024-04-06T10:05:33.366+0000] {dag.py:2690} INFO - Sync 1 DAGs
[2024-04-06T10:05:33.393+0000] {logging_mixin.py:137} INFO - [2024-04-06T10:05:33.393+0000] {dag.py:3441} INFO - Setting next_dagrun for example_branch_labels to 2024-04-05T00:00:00+00:00, run_after=2024-04-06T00:00:00+00:00
[2024-04-06T10:05:33.411+0000] {processor.py:175} INFO - Processing /home/airflow/.local/lib/python3.7/site-packages/airflow/example_dags/example_branch_labels.py took 0.094 seconds
[2024-04-06T10:06:05.357+0000] {processor.py:153} INFO - Started process (PID=1250) to work on /home/airflow/.local/lib/python3.7/site-packages/airflow/example_dags/example_branch_labels.py
[2024-04-06T10:06:05.358+0000] {processor.py:743} INFO - Processing file /home/airflow/.local/lib/python3.7/site-packages/airflow/example_dags/example_branch_labels.py for tasks to queue
[2024-04-06T10:06:05.359+0000] {logging_mixin.py:137} INFO - [2024-04-06T10:06:05.359+0000] {dagbag.py:538} INFO - Filling up the DagBag from /home/airflow/.local/lib/python3.7/site-packages/airflow/example_dags/example_branch_labels.py
[2024-04-06T10:06:05.385+0000] {processor.py:753} INFO - DAG(s) dict_keys(['example_branch_labels']) retrieved from /home/airflow/.local/lib/python3.7/site-packages/airflow/example_dags/example_branch_labels.py
[2024-04-06T10:06:05.432+0000] {logging_mixin.py:137} INFO - [2024-04-06T10:06:05.432+0000] {dag.py:2690} INFO - Sync 1 DAGs
[2024-04-06T10:06:05.498+0000] {logging_mixin.py:137} INFO - [2024-04-06T10:06:05.497+0000] {dag.py:3441} INFO - Setting next_dagrun for example_branch_labels to 2024-04-05T00:00:00+00:00, run_after=2024-04-06T00:00:00+00:00
[2024-04-06T10:06:05.559+0000] {processor.py:175} INFO - Processing /home/airflow/.local/lib/python3.7/site-packages/airflow/example_dags/example_branch_labels.py took 0.208 seconds
[2024-04-06T10:06:35.719+0000] {processor.py:153} INFO - Started process (PID=1323) to work on /home/airflow/.local/lib/python3.7/site-packages/airflow/example_dags/example_branch_labels.py
[2024-04-06T10:06:35.720+0000] {processor.py:743} INFO - Processing file /home/airflow/.local/lib/python3.7/site-packages/airflow/example_dags/example_branch_labels.py for tasks to queue
[2024-04-06T10:06:35.721+0000] {logging_mixin.py:137} INFO - [2024-04-06T10:06:35.721+0000] {dagbag.py:538} INFO - Filling up the DagBag from /home/airflow/.local/lib/python3.7/site-packages/airflow/example_dags/example_branch_labels.py
[2024-04-06T10:06:35.749+0000] {processor.py:753} INFO - DAG(s) dict_keys(['example_branch_labels']) retrieved from /home/airflow/.local/lib/python3.7/site-packages/airflow/example_dags/example_branch_labels.py
[2024-04-06T10:06:35.811+0000] {logging_mixin.py:137} INFO - [2024-04-06T10:06:35.810+0000] {dag.py:2690} INFO - Sync 1 DAGs
[2024-04-06T10:06:35.861+0000] {logging_mixin.py:137} INFO - [2024-04-06T10:06:35.860+0000] {dag.py:3441} INFO - Setting next_dagrun for example_branch_labels to 2024-04-05T00:00:00+00:00, run_after=2024-04-06T00:00:00+00:00
[2024-04-06T10:06:35.899+0000] {processor.py:175} INFO - Processing /home/airflow/.local/lib/python3.7/site-packages/airflow/example_dags/example_branch_labels.py took 0.188 seconds
[2024-04-06T10:07:06.323+0000] {processor.py:153} INFO - Started process (PID=1401) to work on /home/airflow/.local/lib/python3.7/site-packages/airflow/example_dags/example_branch_labels.py
[2024-04-06T10:07:06.325+0000] {processor.py:743} INFO - Processing file /home/airflow/.local/lib/python3.7/site-packages/airflow/example_dags/example_branch_labels.py for tasks to queue
[2024-04-06T10:07:06.326+0000] {logging_mixin.py:137} INFO - [2024-04-06T10:07:06.326+0000] {dagbag.py:538} INFO - Filling up the DagBag from /home/airflow/.local/lib/python3.7/site-packages/airflow/example_dags/example_branch_labels.py
[2024-04-06T10:07:06.355+0000] {processor.py:753} INFO - DAG(s) dict_keys(['example_branch_labels']) retrieved from /home/airflow/.local/lib/python3.7/site-packages/airflow/example_dags/example_branch_labels.py
[2024-04-06T10:07:06.402+0000] {logging_mixin.py:137} INFO - [2024-04-06T10:07:06.401+0000] {dag.py:2690} INFO - Sync 1 DAGs
[2024-04-06T10:07:06.453+0000] {logging_mixin.py:137} INFO - [2024-04-06T10:07:06.453+0000] {dag.py:3441} INFO - Setting next_dagrun for example_branch_labels to 2024-04-05T00:00:00+00:00, run_after=2024-04-06T00:00:00+00:00
[2024-04-06T10:07:06.489+0000] {processor.py:175} INFO - Processing /home/airflow/.local/lib/python3.7/site-packages/airflow/example_dags/example_branch_labels.py took 0.174 seconds
[2024-04-06T10:07:36.984+0000] {processor.py:153} INFO - Started process (PID=1475) to work on /home/airflow/.local/lib/python3.7/site-packages/airflow/example_dags/example_branch_labels.py
[2024-04-06T10:07:36.986+0000] {processor.py:743} INFO - Processing file /home/airflow/.local/lib/python3.7/site-packages/airflow/example_dags/example_branch_labels.py for tasks to queue
[2024-04-06T10:07:36.987+0000] {logging_mixin.py:137} INFO - [2024-04-06T10:07:36.987+0000] {dagbag.py:538} INFO - Filling up the DagBag from /home/airflow/.local/lib/python3.7/site-packages/airflow/example_dags/example_branch_labels.py
[2024-04-06T10:07:37.027+0000] {processor.py:753} INFO - DAG(s) dict_keys(['example_branch_labels']) retrieved from /home/airflow/.local/lib/python3.7/site-packages/airflow/example_dags/example_branch_labels.py
[2024-04-06T10:07:37.094+0000] {logging_mixin.py:137} INFO - [2024-04-06T10:07:37.093+0000] {dag.py:2690} INFO - Sync 1 DAGs
[2024-04-06T10:07:37.184+0000] {logging_mixin.py:137} INFO - [2024-04-06T10:07:37.183+0000] {dag.py:3441} INFO - Setting next_dagrun for example_branch_labels to 2024-04-05T00:00:00+00:00, run_after=2024-04-06T00:00:00+00:00
[2024-04-06T10:07:37.234+0000] {processor.py:175} INFO - Processing /home/airflow/.local/lib/python3.7/site-packages/airflow/example_dags/example_branch_labels.py took 0.258 seconds
[2024-04-06T10:08:07.978+0000] {processor.py:153} INFO - Started process (PID=1547) to work on /home/airflow/.local/lib/python3.7/site-packages/airflow/example_dags/example_branch_labels.py
[2024-04-06T10:08:07.979+0000] {processor.py:743} INFO - Processing file /home/airflow/.local/lib/python3.7/site-packages/airflow/example_dags/example_branch_labels.py for tasks to queue
[2024-04-06T10:08:07.981+0000] {logging_mixin.py:137} INFO - [2024-04-06T10:08:07.980+0000] {dagbag.py:538} INFO - Filling up the DagBag from /home/airflow/.local/lib/python3.7/site-packages/airflow/example_dags/example_branch_labels.py
[2024-04-06T10:08:08.012+0000] {processor.py:753} INFO - DAG(s) dict_keys(['example_branch_labels']) retrieved from /home/airflow/.local/lib/python3.7/site-packages/airflow/example_dags/example_branch_labels.py
[2024-04-06T10:08:08.066+0000] {logging_mixin.py:137} INFO - [2024-04-06T10:08:08.066+0000] {dag.py:2690} INFO - Sync 1 DAGs
[2024-04-06T10:08:08.118+0000] {logging_mixin.py:137} INFO - [2024-04-06T10:08:08.118+0000] {dag.py:3441} INFO - Setting next_dagrun for example_branch_labels to 2024-04-05T00:00:00+00:00, run_after=2024-04-06T00:00:00+00:00
[2024-04-06T10:08:08.152+0000] {processor.py:175} INFO - Processing /home/airflow/.local/lib/python3.7/site-packages/airflow/example_dags/example_branch_labels.py took 0.180 seconds
[2024-04-06T10:08:38.609+0000] {processor.py:153} INFO - Started process (PID=1626) to work on /home/airflow/.local/lib/python3.7/site-packages/airflow/example_dags/example_branch_labels.py
[2024-04-06T10:08:38.611+0000] {processor.py:743} INFO - Processing file /home/airflow/.local/lib/python3.7/site-packages/airflow/example_dags/example_branch_labels.py for tasks to queue
[2024-04-06T10:08:38.612+0000] {logging_mixin.py:137} INFO - [2024-04-06T10:08:38.611+0000] {dagbag.py:538} INFO - Filling up the DagBag from /home/airflow/.local/lib/python3.7/site-packages/airflow/example_dags/example_branch_labels.py
[2024-04-06T10:08:38.640+0000] {processor.py:753} INFO - DAG(s) dict_keys(['example_branch_labels']) retrieved from /home/airflow/.local/lib/python3.7/site-packages/airflow/example_dags/example_branch_labels.py
[2024-04-06T10:08:38.687+0000] {logging_mixin.py:137} INFO - [2024-04-06T10:08:38.686+0000] {dag.py:2690} INFO - Sync 1 DAGs
[2024-04-06T10:08:38.740+0000] {logging_mixin.py:137} INFO - [2024-04-06T10:08:38.739+0000] {dag.py:3441} INFO - Setting next_dagrun for example_branch_labels to 2024-04-05T00:00:00+00:00, run_after=2024-04-06T00:00:00+00:00
[2024-04-06T10:08:38.774+0000] {processor.py:175} INFO - Processing /home/airflow/.local/lib/python3.7/site-packages/airflow/example_dags/example_branch_labels.py took 0.170 seconds
[2024-04-06T10:09:09.479+0000] {processor.py:153} INFO - Started process (PID=1698) to work on /home/airflow/.local/lib/python3.7/site-packages/airflow/example_dags/example_branch_labels.py
[2024-04-06T10:09:09.481+0000] {processor.py:743} INFO - Processing file /home/airflow/.local/lib/python3.7/site-packages/airflow/example_dags/example_branch_labels.py for tasks to queue
[2024-04-06T10:09:09.482+0000] {logging_mixin.py:137} INFO - [2024-04-06T10:09:09.482+0000] {dagbag.py:538} INFO - Filling up the DagBag from /home/airflow/.local/lib/python3.7/site-packages/airflow/example_dags/example_branch_labels.py
[2024-04-06T10:09:09.513+0000] {processor.py:753} INFO - DAG(s) dict_keys(['example_branch_labels']) retrieved from /home/airflow/.local/lib/python3.7/site-packages/airflow/example_dags/example_branch_labels.py
[2024-04-06T10:09:09.565+0000] {logging_mixin.py:137} INFO - [2024-04-06T10:09:09.564+0000] {dag.py:2690} INFO - Sync 1 DAGs
[2024-04-06T10:09:09.619+0000] {logging_mixin.py:137} INFO - [2024-04-06T10:09:09.618+0000] {dag.py:3441} INFO - Setting next_dagrun for example_branch_labels to 2024-04-05T00:00:00+00:00, run_after=2024-04-06T00:00:00+00:00
[2024-04-06T10:09:09.663+0000] {processor.py:175} INFO - Processing /home/airflow/.local/lib/python3.7/site-packages/airflow/example_dags/example_branch_labels.py took 0.190 seconds
[2024-04-06T10:09:40.719+0000] {processor.py:153} INFO - Started process (PID=1771) to work on /home/airflow/.local/lib/python3.7/site-packages/airflow/example_dags/example_branch_labels.py
[2024-04-06T10:09:40.721+0000] {processor.py:743} INFO - Processing file /home/airflow/.local/lib/python3.7/site-packages/airflow/example_dags/example_branch_labels.py for tasks to queue
[2024-04-06T10:09:40.722+0000] {logging_mixin.py:137} INFO - [2024-04-06T10:09:40.721+0000] {dagbag.py:538} INFO - Filling up the DagBag from /home/airflow/.local/lib/python3.7/site-packages/airflow/example_dags/example_branch_labels.py
[2024-04-06T10:09:40.750+0000] {processor.py:753} INFO - DAG(s) dict_keys(['example_branch_labels']) retrieved from /home/airflow/.local/lib/python3.7/site-packages/airflow/example_dags/example_branch_labels.py
[2024-04-06T10:09:40.798+0000] {logging_mixin.py:137} INFO - [2024-04-06T10:09:40.798+0000] {dag.py:2690} INFO - Sync 1 DAGs
[2024-04-06T10:09:40.857+0000] {logging_mixin.py:137} INFO - [2024-04-06T10:09:40.856+0000] {dag.py:3441} INFO - Setting next_dagrun for example_branch_labels to 2024-04-05T00:00:00+00:00, run_after=2024-04-06T00:00:00+00:00
[2024-04-06T10:09:40.896+0000] {processor.py:175} INFO - Processing /home/airflow/.local/lib/python3.7/site-packages/airflow/example_dags/example_branch_labels.py took 0.183 seconds
[2024-04-06T10:10:11.549+0000] {processor.py:153} INFO - Started process (PID=1842) to work on /home/airflow/.local/lib/python3.7/site-packages/airflow/example_dags/example_branch_labels.py
[2024-04-06T10:10:11.550+0000] {processor.py:743} INFO - Processing file /home/airflow/.local/lib/python3.7/site-packages/airflow/example_dags/example_branch_labels.py for tasks to queue
[2024-04-06T10:10:11.552+0000] {logging_mixin.py:137} INFO - [2024-04-06T10:10:11.551+0000] {dagbag.py:538} INFO - Filling up the DagBag from /home/airflow/.local/lib/python3.7/site-packages/airflow/example_dags/example_branch_labels.py
[2024-04-06T10:10:11.578+0000] {processor.py:753} INFO - DAG(s) dict_keys(['example_branch_labels']) retrieved from /home/airflow/.local/lib/python3.7/site-packages/airflow/example_dags/example_branch_labels.py
[2024-04-06T10:10:11.624+0000] {logging_mixin.py:137} INFO - [2024-04-06T10:10:11.624+0000] {dag.py:2690} INFO - Sync 1 DAGs
[2024-04-06T10:10:11.675+0000] {logging_mixin.py:137} INFO - [2024-04-06T10:10:11.675+0000] {dag.py:3441} INFO - Setting next_dagrun for example_branch_labels to 2024-04-05T00:00:00+00:00, run_after=2024-04-06T00:00:00+00:00
[2024-04-06T10:10:11.709+0000] {processor.py:175} INFO - Processing /home/airflow/.local/lib/python3.7/site-packages/airflow/example_dags/example_branch_labels.py took 0.167 seconds
[2024-04-06T10:10:42.503+0000] {processor.py:153} INFO - Started process (PID=1914) to work on /home/airflow/.local/lib/python3.7/site-packages/airflow/example_dags/example_branch_labels.py
[2024-04-06T10:10:42.505+0000] {processor.py:743} INFO - Processing file /home/airflow/.local/lib/python3.7/site-packages/airflow/example_dags/example_branch_labels.py for tasks to queue
[2024-04-06T10:10:42.506+0000] {logging_mixin.py:137} INFO - [2024-04-06T10:10:42.506+0000] {dagbag.py:538} INFO - Filling up the DagBag from /home/airflow/.local/lib/python3.7/site-packages/airflow/example_dags/example_branch_labels.py
[2024-04-06T10:10:42.541+0000] {processor.py:753} INFO - DAG(s) dict_keys(['example_branch_labels']) retrieved from /home/airflow/.local/lib/python3.7/site-packages/airflow/example_dags/example_branch_labels.py
[2024-04-06T10:10:42.594+0000] {logging_mixin.py:137} INFO - [2024-04-06T10:10:42.593+0000] {dag.py:2690} INFO - Sync 1 DAGs
[2024-04-06T10:10:42.648+0000] {logging_mixin.py:137} INFO - [2024-04-06T10:10:42.647+0000] {dag.py:3441} INFO - Setting next_dagrun for example_branch_labels to 2024-04-05T00:00:00+00:00, run_after=2024-04-06T00:00:00+00:00
[2024-04-06T10:10:42.714+0000] {processor.py:175} INFO - Processing /home/airflow/.local/lib/python3.7/site-packages/airflow/example_dags/example_branch_labels.py took 0.218 seconds
[2024-04-06T10:11:12.850+0000] {processor.py:153} INFO - Started process (PID=1986) to work on /home/airflow/.local/lib/python3.7/site-packages/airflow/example_dags/example_branch_labels.py
[2024-04-06T10:11:12.851+0000] {processor.py:743} INFO - Processing file /home/airflow/.local/lib/python3.7/site-packages/airflow/example_dags/example_branch_labels.py for tasks to queue
[2024-04-06T10:11:12.853+0000] {logging_mixin.py:137} INFO - [2024-04-06T10:11:12.852+0000] {dagbag.py:538} INFO - Filling up the DagBag from /home/airflow/.local/lib/python3.7/site-packages/airflow/example_dags/example_branch_labels.py
[2024-04-06T10:11:12.883+0000] {processor.py:753} INFO - DAG(s) dict_keys(['example_branch_labels']) retrieved from /home/airflow/.local/lib/python3.7/site-packages/airflow/example_dags/example_branch_labels.py
[2024-04-06T10:11:12.936+0000] {logging_mixin.py:137} INFO - [2024-04-06T10:11:12.936+0000] {dag.py:2690} INFO - Sync 1 DAGs
[2024-04-06T10:11:12.993+0000] {logging_mixin.py:137} INFO - [2024-04-06T10:11:12.993+0000] {dag.py:3441} INFO - Setting next_dagrun for example_branch_labels to 2024-04-05T00:00:00+00:00, run_after=2024-04-06T00:00:00+00:00
[2024-04-06T10:11:13.036+0000] {processor.py:175} INFO - Processing /home/airflow/.local/lib/python3.7/site-packages/airflow/example_dags/example_branch_labels.py took 0.193 seconds
[2024-04-06T10:11:43.138+0000] {processor.py:153} INFO - Started process (PID=2057) to work on /home/airflow/.local/lib/python3.7/site-packages/airflow/example_dags/example_branch_labels.py
[2024-04-06T10:11:43.139+0000] {processor.py:743} INFO - Processing file /home/airflow/.local/lib/python3.7/site-packages/airflow/example_dags/example_branch_labels.py for tasks to queue
[2024-04-06T10:11:43.141+0000] {logging_mixin.py:137} INFO - [2024-04-06T10:11:43.140+0000] {dagbag.py:538} INFO - Filling up the DagBag from /home/airflow/.local/lib/python3.7/site-packages/airflow/example_dags/example_branch_labels.py
[2024-04-06T10:11:43.168+0000] {processor.py:753} INFO - DAG(s) dict_keys(['example_branch_labels']) retrieved from /home/airflow/.local/lib/python3.7/site-packages/airflow/example_dags/example_branch_labels.py
[2024-04-06T10:11:43.214+0000] {logging_mixin.py:137} INFO - [2024-04-06T10:11:43.213+0000] {dag.py:2690} INFO - Sync 1 DAGs
[2024-04-06T10:11:43.264+0000] {logging_mixin.py:137} INFO - [2024-04-06T10:11:43.264+0000] {dag.py:3441} INFO - Setting next_dagrun for example_branch_labels to 2024-04-05T00:00:00+00:00, run_after=2024-04-06T00:00:00+00:00
[2024-04-06T10:11:43.302+0000] {processor.py:175} INFO - Processing /home/airflow/.local/lib/python3.7/site-packages/airflow/example_dags/example_branch_labels.py took 0.170 seconds
[2024-04-06T10:12:13.401+0000] {processor.py:153} INFO - Started process (PID=2129) to work on /home/airflow/.local/lib/python3.7/site-packages/airflow/example_dags/example_branch_labels.py
[2024-04-06T10:12:13.402+0000] {processor.py:743} INFO - Processing file /home/airflow/.local/lib/python3.7/site-packages/airflow/example_dags/example_branch_labels.py for tasks to queue
[2024-04-06T10:12:13.403+0000] {logging_mixin.py:137} INFO - [2024-04-06T10:12:13.403+0000] {dagbag.py:538} INFO - Filling up the DagBag from /home/airflow/.local/lib/python3.7/site-packages/airflow/example_dags/example_branch_labels.py
[2024-04-06T10:12:13.430+0000] {processor.py:753} INFO - DAG(s) dict_keys(['example_branch_labels']) retrieved from /home/airflow/.local/lib/python3.7/site-packages/airflow/example_dags/example_branch_labels.py
[2024-04-06T10:12:13.477+0000] {logging_mixin.py:137} INFO - [2024-04-06T10:12:13.476+0000] {dag.py:2690} INFO - Sync 1 DAGs
[2024-04-06T10:12:13.529+0000] {logging_mixin.py:137} INFO - [2024-04-06T10:12:13.529+0000] {dag.py:3441} INFO - Setting next_dagrun for example_branch_labels to 2024-04-05T00:00:00+00:00, run_after=2024-04-06T00:00:00+00:00
[2024-04-06T10:12:13.563+0000] {processor.py:175} INFO - Processing /home/airflow/.local/lib/python3.7/site-packages/airflow/example_dags/example_branch_labels.py took 0.169 seconds
[2024-04-06T10:12:43.843+0000] {processor.py:153} INFO - Started process (PID=2201) to work on /home/airflow/.local/lib/python3.7/site-packages/airflow/example_dags/example_branch_labels.py
[2024-04-06T10:12:43.844+0000] {processor.py:743} INFO - Processing file /home/airflow/.local/lib/python3.7/site-packages/airflow/example_dags/example_branch_labels.py for tasks to queue
[2024-04-06T10:12:43.845+0000] {logging_mixin.py:137} INFO - [2024-04-06T10:12:43.845+0000] {dagbag.py:538} INFO - Filling up the DagBag from /home/airflow/.local/lib/python3.7/site-packages/airflow/example_dags/example_branch_labels.py
[2024-04-06T10:12:43.872+0000] {processor.py:753} INFO - DAG(s) dict_keys(['example_branch_labels']) retrieved from /home/airflow/.local/lib/python3.7/site-packages/airflow/example_dags/example_branch_labels.py
[2024-04-06T10:12:43.930+0000] {logging_mixin.py:137} INFO - [2024-04-06T10:12:43.929+0000] {dag.py:2690} INFO - Sync 1 DAGs
[2024-04-06T10:12:44.004+0000] {logging_mixin.py:137} INFO - [2024-04-06T10:12:44.004+0000] {dag.py:3441} INFO - Setting next_dagrun for example_branch_labels to 2024-04-05T00:00:00+00:00, run_after=2024-04-06T00:00:00+00:00
[2024-04-06T10:12:44.039+0000] {processor.py:175} INFO - Processing /home/airflow/.local/lib/python3.7/site-packages/airflow/example_dags/example_branch_labels.py took 0.202 seconds
[2024-04-06T10:42:04.380+0000] {processor.py:161} INFO - Started process (PID=56) to work on /home/airflow/.local/lib/python3.8/site-packages/airflow/example_dags/example_branch_labels.py
[2024-04-06T10:42:04.381+0000] {processor.py:830} INFO - Processing file /home/airflow/.local/lib/python3.8/site-packages/airflow/example_dags/example_branch_labels.py for tasks to queue
[2024-04-06T10:42:04.382+0000] {logging_mixin.py:188} INFO - [2024-04-06T10:42:04.382+0000] {dagbag.py:540} INFO - Filling up the DagBag from /home/airflow/.local/lib/python3.8/site-packages/airflow/example_dags/example_branch_labels.py
[2024-04-06T10:42:04.387+0000] {processor.py:840} INFO - DAG(s) 'example_branch_labels' retrieved from /home/airflow/.local/lib/python3.8/site-packages/airflow/example_dags/example_branch_labels.py
[2024-04-06T10:42:04.505+0000] {logging_mixin.py:188} INFO - [2024-04-06T10:42:04.505+0000] {override.py:1769} INFO - Created Permission View: can delete on DAG:example_branch_labels
[2024-04-06T10:42:04.511+0000] {logging_mixin.py:188} INFO - [2024-04-06T10:42:04.511+0000] {override.py:1769} INFO - Created Permission View: can read on DAG:example_branch_labels
[2024-04-06T10:42:04.516+0000] {logging_mixin.py:188} INFO - [2024-04-06T10:42:04.515+0000] {override.py:1769} INFO - Created Permission View: can edit on DAG:example_branch_labels
[2024-04-06T10:42:04.516+0000] {logging_mixin.py:188} INFO - [2024-04-06T10:42:04.516+0000] {dag.py:3047} INFO - Sync 1 DAGs
[2024-04-06T10:42:04.525+0000] {logging_mixin.py:188} INFO - [2024-04-06T10:42:04.524+0000] {dag.py:3069} INFO - Creating ORM DAG for example_branch_labels
[2024-04-06T10:42:04.533+0000] {logging_mixin.py:188} INFO - [2024-04-06T10:42:04.533+0000] {dag.py:3834} INFO - Setting next_dagrun for example_branch_labels to 2024-04-05 00:00:00+00:00, run_after=2024-04-06 00:00:00+00:00
[2024-04-06T10:42:04.547+0000] {processor.py:183} INFO - Processing /home/airflow/.local/lib/python3.8/site-packages/airflow/example_dags/example_branch_labels.py took 0.169 seconds
[2024-04-06T10:42:35.422+0000] {processor.py:161} INFO - Started process (PID=112) to work on /home/airflow/.local/lib/python3.8/site-packages/airflow/example_dags/example_branch_labels.py
[2024-04-06T10:42:35.423+0000] {processor.py:830} INFO - Processing file /home/airflow/.local/lib/python3.8/site-packages/airflow/example_dags/example_branch_labels.py for tasks to queue
[2024-04-06T10:42:35.424+0000] {logging_mixin.py:188} INFO - [2024-04-06T10:42:35.424+0000] {dagbag.py:540} INFO - Filling up the DagBag from /home/airflow/.local/lib/python3.8/site-packages/airflow/example_dags/example_branch_labels.py
[2024-04-06T10:42:35.429+0000] {processor.py:840} INFO - DAG(s) 'example_branch_labels' retrieved from /home/airflow/.local/lib/python3.8/site-packages/airflow/example_dags/example_branch_labels.py
[2024-04-06T10:42:35.444+0000] {logging_mixin.py:188} INFO - [2024-04-06T10:42:35.444+0000] {dag.py:3047} INFO - Sync 1 DAGs
[2024-04-06T10:42:35.461+0000] {logging_mixin.py:188} INFO - [2024-04-06T10:42:35.461+0000] {dag.py:3834} INFO - Setting next_dagrun for example_branch_labels to 2024-04-05 00:00:00+00:00, run_after=2024-04-06 00:00:00+00:00
[2024-04-06T10:42:35.473+0000] {processor.py:183} INFO - Processing /home/airflow/.local/lib/python3.8/site-packages/airflow/example_dags/example_branch_labels.py took 0.053 seconds
[2024-04-06T10:43:05.557+0000] {processor.py:161} INFO - Started process (PID=168) to work on /home/airflow/.local/lib/python3.8/site-packages/airflow/example_dags/example_branch_labels.py
[2024-04-06T10:43:05.558+0000] {processor.py:830} INFO - Processing file /home/airflow/.local/lib/python3.8/site-packages/airflow/example_dags/example_branch_labels.py for tasks to queue
[2024-04-06T10:43:05.559+0000] {logging_mixin.py:188} INFO - [2024-04-06T10:43:05.559+0000] {dagbag.py:540} INFO - Filling up the DagBag from /home/airflow/.local/lib/python3.8/site-packages/airflow/example_dags/example_branch_labels.py
[2024-04-06T10:43:05.563+0000] {processor.py:840} INFO - DAG(s) 'example_branch_labels' retrieved from /home/airflow/.local/lib/python3.8/site-packages/airflow/example_dags/example_branch_labels.py
[2024-04-06T10:43:05.576+0000] {logging_mixin.py:188} INFO - [2024-04-06T10:43:05.575+0000] {dag.py:3047} INFO - Sync 1 DAGs
[2024-04-06T10:43:05.589+0000] {logging_mixin.py:188} INFO - [2024-04-06T10:43:05.589+0000] {dag.py:3834} INFO - Setting next_dagrun for example_branch_labels to 2024-04-05 00:00:00+00:00, run_after=2024-04-06 00:00:00+00:00
[2024-04-06T10:43:05.619+0000] {processor.py:183} INFO - Processing /home/airflow/.local/lib/python3.8/site-packages/airflow/example_dags/example_branch_labels.py took 0.063 seconds
[2024-04-06T10:43:36.013+0000] {processor.py:161} INFO - Started process (PID=224) to work on /home/airflow/.local/lib/python3.8/site-packages/airflow/example_dags/example_branch_labels.py
[2024-04-06T10:43:36.013+0000] {processor.py:830} INFO - Processing file /home/airflow/.local/lib/python3.8/site-packages/airflow/example_dags/example_branch_labels.py for tasks to queue
[2024-04-06T10:43:36.014+0000] {logging_mixin.py:188} INFO - [2024-04-06T10:43:36.014+0000] {dagbag.py:540} INFO - Filling up the DagBag from /home/airflow/.local/lib/python3.8/site-packages/airflow/example_dags/example_branch_labels.py
[2024-04-06T10:43:36.019+0000] {processor.py:840} INFO - DAG(s) 'example_branch_labels' retrieved from /home/airflow/.local/lib/python3.8/site-packages/airflow/example_dags/example_branch_labels.py
[2024-04-06T10:43:36.033+0000] {logging_mixin.py:188} INFO - [2024-04-06T10:43:36.033+0000] {dag.py:3047} INFO - Sync 1 DAGs
[2024-04-06T10:43:36.049+0000] {logging_mixin.py:188} INFO - [2024-04-06T10:43:36.049+0000] {dag.py:3834} INFO - Setting next_dagrun for example_branch_labels to 2024-04-05 00:00:00+00:00, run_after=2024-04-06 00:00:00+00:00
[2024-04-06T10:43:36.060+0000] {processor.py:183} INFO - Processing /home/airflow/.local/lib/python3.8/site-packages/airflow/example_dags/example_branch_labels.py took 0.049 seconds
[2024-04-06T10:44:06.674+0000] {processor.py:161} INFO - Started process (PID=280) to work on /home/airflow/.local/lib/python3.8/site-packages/airflow/example_dags/example_branch_labels.py
[2024-04-06T10:44:06.674+0000] {processor.py:830} INFO - Processing file /home/airflow/.local/lib/python3.8/site-packages/airflow/example_dags/example_branch_labels.py for tasks to queue
[2024-04-06T10:44:06.675+0000] {logging_mixin.py:188} INFO - [2024-04-06T10:44:06.675+0000] {dagbag.py:540} INFO - Filling up the DagBag from /home/airflow/.local/lib/python3.8/site-packages/airflow/example_dags/example_branch_labels.py
[2024-04-06T10:44:06.680+0000] {processor.py:840} INFO - DAG(s) 'example_branch_labels' retrieved from /home/airflow/.local/lib/python3.8/site-packages/airflow/example_dags/example_branch_labels.py
[2024-04-06T10:44:06.693+0000] {logging_mixin.py:188} INFO - [2024-04-06T10:44:06.693+0000] {dag.py:3047} INFO - Sync 1 DAGs
[2024-04-06T10:44:06.708+0000] {logging_mixin.py:188} INFO - [2024-04-06T10:44:06.708+0000] {dag.py:3834} INFO - Setting next_dagrun for example_branch_labels to 2024-04-05 00:00:00+00:00, run_after=2024-04-06 00:00:00+00:00
[2024-04-06T10:44:06.719+0000] {processor.py:183} INFO - Processing /home/airflow/.local/lib/python3.8/site-packages/airflow/example_dags/example_branch_labels.py took 0.047 seconds
[2024-04-06T10:44:37.418+0000] {processor.py:161} INFO - Started process (PID=336) to work on /home/airflow/.local/lib/python3.8/site-packages/airflow/example_dags/example_branch_labels.py
[2024-04-06T10:44:37.418+0000] {processor.py:830} INFO - Processing file /home/airflow/.local/lib/python3.8/site-packages/airflow/example_dags/example_branch_labels.py for tasks to queue
[2024-04-06T10:44:37.419+0000] {logging_mixin.py:188} INFO - [2024-04-06T10:44:37.419+0000] {dagbag.py:540} INFO - Filling up the DagBag from /home/airflow/.local/lib/python3.8/site-packages/airflow/example_dags/example_branch_labels.py
[2024-04-06T10:44:37.424+0000] {processor.py:840} INFO - DAG(s) 'example_branch_labels' retrieved from /home/airflow/.local/lib/python3.8/site-packages/airflow/example_dags/example_branch_labels.py
[2024-04-06T10:44:37.438+0000] {logging_mixin.py:188} INFO - [2024-04-06T10:44:37.437+0000] {dag.py:3047} INFO - Sync 1 DAGs
[2024-04-06T10:44:37.452+0000] {logging_mixin.py:188} INFO - [2024-04-06T10:44:37.452+0000] {dag.py:3834} INFO - Setting next_dagrun for example_branch_labels to 2024-04-05 00:00:00+00:00, run_after=2024-04-06 00:00:00+00:00
[2024-04-06T10:44:37.465+0000] {processor.py:183} INFO - Processing /home/airflow/.local/lib/python3.8/site-packages/airflow/example_dags/example_branch_labels.py took 0.049 seconds
[2024-04-06T10:45:07.561+0000] {processor.py:161} INFO - Started process (PID=392) to work on /home/airflow/.local/lib/python3.8/site-packages/airflow/example_dags/example_branch_labels.py
[2024-04-06T10:45:07.561+0000] {processor.py:830} INFO - Processing file /home/airflow/.local/lib/python3.8/site-packages/airflow/example_dags/example_branch_labels.py for tasks to queue
[2024-04-06T10:45:07.562+0000] {logging_mixin.py:188} INFO - [2024-04-06T10:45:07.562+0000] {dagbag.py:540} INFO - Filling up the DagBag from /home/airflow/.local/lib/python3.8/site-packages/airflow/example_dags/example_branch_labels.py
[2024-04-06T10:45:07.567+0000] {processor.py:840} INFO - DAG(s) 'example_branch_labels' retrieved from /home/airflow/.local/lib/python3.8/site-packages/airflow/example_dags/example_branch_labels.py
[2024-04-06T10:45:07.581+0000] {logging_mixin.py:188} INFO - [2024-04-06T10:45:07.581+0000] {dag.py:3047} INFO - Sync 1 DAGs
[2024-04-06T10:45:07.596+0000] {logging_mixin.py:188} INFO - [2024-04-06T10:45:07.595+0000] {dag.py:3834} INFO - Setting next_dagrun for example_branch_labels to 2024-04-05 00:00:00+00:00, run_after=2024-04-06 00:00:00+00:00
[2024-04-06T10:45:07.609+0000] {processor.py:183} INFO - Processing /home/airflow/.local/lib/python3.8/site-packages/airflow/example_dags/example_branch_labels.py took 0.050 seconds
