[2024-04-06T09:36:47.108+0000] {processor.py:153} INFO - Started process (PID=51) to work on /home/airflow/.local/lib/python3.7/site-packages/airflow/example_dags/example_sensor_decorator.py
[2024-04-06T09:36:47.109+0000] {processor.py:743} INFO - Processing file /home/airflow/.local/lib/python3.7/site-packages/airflow/example_dags/example_sensor_decorator.py for tasks to queue
[2024-04-06T09:36:47.110+0000] {logging_mixin.py:137} INFO - [2024-04-06T09:36:47.110+0000] {dagbag.py:538} INFO - Filling up the DagBag from /home/airflow/.local/lib/python3.7/site-packages/airflow/example_dags/example_sensor_decorator.py
[2024-04-06T09:36:47.149+0000] {processor.py:753} INFO - DAG(s) dict_keys(['example_sensor_decorator']) retrieved from /home/airflow/.local/lib/python3.7/site-packages/airflow/example_dags/example_sensor_decorator.py
[2024-04-06T09:36:47.163+0000] {logging_mixin.py:137} INFO - [2024-04-06T09:36:47.163+0000] {dag.py:2690} INFO - Sync 1 DAGs
[2024-04-06T09:36:47.195+0000] {logging_mixin.py:137} INFO - [2024-04-06T09:36:47.195+0000] {dag.py:3441} INFO - Setting next_dagrun for example_sensor_decorator to None, run_after=None
[2024-04-06T09:36:47.232+0000] {processor.py:175} INFO - Processing /home/airflow/.local/lib/python3.7/site-packages/airflow/example_dags/example_sensor_decorator.py took 0.129 seconds
[2024-04-06T09:37:17.509+0000] {processor.py:153} INFO - Started process (PID=130) to work on /home/airflow/.local/lib/python3.7/site-packages/airflow/example_dags/example_sensor_decorator.py
[2024-04-06T09:37:17.509+0000] {processor.py:743} INFO - Processing file /home/airflow/.local/lib/python3.7/site-packages/airflow/example_dags/example_sensor_decorator.py for tasks to queue
[2024-04-06T09:37:17.510+0000] {logging_mixin.py:137} INFO - [2024-04-06T09:37:17.510+0000] {dagbag.py:538} INFO - Filling up the DagBag from /home/airflow/.local/lib/python3.7/site-packages/airflow/example_dags/example_sensor_decorator.py
[2024-04-06T09:37:17.534+0000] {processor.py:753} INFO - DAG(s) dict_keys(['example_sensor_decorator']) retrieved from /home/airflow/.local/lib/python3.7/site-packages/airflow/example_dags/example_sensor_decorator.py
[2024-04-06T09:37:17.546+0000] {logging_mixin.py:137} INFO - [2024-04-06T09:37:17.546+0000] {dag.py:2690} INFO - Sync 1 DAGs
[2024-04-06T09:37:17.573+0000] {logging_mixin.py:137} INFO - [2024-04-06T09:37:17.573+0000] {dag.py:3441} INFO - Setting next_dagrun for example_sensor_decorator to None, run_after=None
[2024-04-06T09:37:17.600+0000] {processor.py:175} INFO - Processing /home/airflow/.local/lib/python3.7/site-packages/airflow/example_dags/example_sensor_decorator.py took 0.094 seconds
[2024-04-06T09:37:47.985+0000] {processor.py:153} INFO - Started process (PID=202) to work on /home/airflow/.local/lib/python3.7/site-packages/airflow/example_dags/example_sensor_decorator.py
[2024-04-06T09:37:47.986+0000] {processor.py:743} INFO - Processing file /home/airflow/.local/lib/python3.7/site-packages/airflow/example_dags/example_sensor_decorator.py for tasks to queue
[2024-04-06T09:37:47.986+0000] {logging_mixin.py:137} INFO - [2024-04-06T09:37:47.986+0000] {dagbag.py:538} INFO - Filling up the DagBag from /home/airflow/.local/lib/python3.7/site-packages/airflow/example_dags/example_sensor_decorator.py
[2024-04-06T09:37:48.015+0000] {processor.py:753} INFO - DAG(s) dict_keys(['example_sensor_decorator']) retrieved from /home/airflow/.local/lib/python3.7/site-packages/airflow/example_dags/example_sensor_decorator.py
[2024-04-06T09:37:48.042+0000] {logging_mixin.py:137} INFO - [2024-04-06T09:37:48.042+0000] {dag.py:2690} INFO - Sync 1 DAGs
[2024-04-06T09:37:48.072+0000] {logging_mixin.py:137} INFO - [2024-04-06T09:37:48.072+0000] {dag.py:3441} INFO - Setting next_dagrun for example_sensor_decorator to None, run_after=None
[2024-04-06T09:37:48.109+0000] {processor.py:175} INFO - Processing /home/airflow/.local/lib/python3.7/site-packages/airflow/example_dags/example_sensor_decorator.py took 0.128 seconds
[2024-04-06T09:38:18.915+0000] {processor.py:153} INFO - Started process (PID=290) to work on /home/airflow/.local/lib/python3.7/site-packages/airflow/example_dags/example_sensor_decorator.py
[2024-04-06T09:38:18.917+0000] {processor.py:743} INFO - Processing file /home/airflow/.local/lib/python3.7/site-packages/airflow/example_dags/example_sensor_decorator.py for tasks to queue
[2024-04-06T09:38:18.917+0000] {logging_mixin.py:137} INFO - [2024-04-06T09:38:18.917+0000] {dagbag.py:538} INFO - Filling up the DagBag from /home/airflow/.local/lib/python3.7/site-packages/airflow/example_dags/example_sensor_decorator.py
[2024-04-06T09:38:18.949+0000] {processor.py:753} INFO - DAG(s) dict_keys(['example_sensor_decorator']) retrieved from /home/airflow/.local/lib/python3.7/site-packages/airflow/example_dags/example_sensor_decorator.py
[2024-04-06T09:38:18.976+0000] {logging_mixin.py:137} INFO - [2024-04-06T09:38:18.976+0000] {dag.py:2690} INFO - Sync 1 DAGs
[2024-04-06T09:38:19.004+0000] {logging_mixin.py:137} INFO - [2024-04-06T09:38:19.004+0000] {dag.py:3441} INFO - Setting next_dagrun for example_sensor_decorator to None, run_after=None
[2024-04-06T09:38:19.025+0000] {processor.py:175} INFO - Processing /home/airflow/.local/lib/python3.7/site-packages/airflow/example_dags/example_sensor_decorator.py took 0.115 seconds
[2024-04-06T09:38:49.453+0000] {processor.py:153} INFO - Started process (PID=361) to work on /home/airflow/.local/lib/python3.7/site-packages/airflow/example_dags/example_sensor_decorator.py
[2024-04-06T09:38:49.454+0000] {processor.py:743} INFO - Processing file /home/airflow/.local/lib/python3.7/site-packages/airflow/example_dags/example_sensor_decorator.py for tasks to queue
[2024-04-06T09:38:49.454+0000] {logging_mixin.py:137} INFO - [2024-04-06T09:38:49.454+0000] {dagbag.py:538} INFO - Filling up the DagBag from /home/airflow/.local/lib/python3.7/site-packages/airflow/example_dags/example_sensor_decorator.py
[2024-04-06T09:38:49.471+0000] {processor.py:753} INFO - DAG(s) dict_keys(['example_sensor_decorator']) retrieved from /home/airflow/.local/lib/python3.7/site-packages/airflow/example_dags/example_sensor_decorator.py
[2024-04-06T09:38:49.491+0000] {logging_mixin.py:137} INFO - [2024-04-06T09:38:49.490+0000] {dag.py:2690} INFO - Sync 1 DAGs
[2024-04-06T09:38:49.511+0000] {logging_mixin.py:137} INFO - [2024-04-06T09:38:49.511+0000] {dag.py:3441} INFO - Setting next_dagrun for example_sensor_decorator to None, run_after=None
[2024-04-06T09:38:49.527+0000] {processor.py:175} INFO - Processing /home/airflow/.local/lib/python3.7/site-packages/airflow/example_dags/example_sensor_decorator.py took 0.076 seconds
[2024-04-06T09:39:19.648+0000] {processor.py:153} INFO - Started process (PID=450) to work on /home/airflow/.local/lib/python3.7/site-packages/airflow/example_dags/example_sensor_decorator.py
[2024-04-06T09:39:19.648+0000] {processor.py:743} INFO - Processing file /home/airflow/.local/lib/python3.7/site-packages/airflow/example_dags/example_sensor_decorator.py for tasks to queue
[2024-04-06T09:39:19.649+0000] {logging_mixin.py:137} INFO - [2024-04-06T09:39:19.649+0000] {dagbag.py:538} INFO - Filling up the DagBag from /home/airflow/.local/lib/python3.7/site-packages/airflow/example_dags/example_sensor_decorator.py
[2024-04-06T09:39:19.671+0000] {processor.py:753} INFO - DAG(s) dict_keys(['example_sensor_decorator']) retrieved from /home/airflow/.local/lib/python3.7/site-packages/airflow/example_dags/example_sensor_decorator.py
[2024-04-06T09:39:19.695+0000] {logging_mixin.py:137} INFO - [2024-04-06T09:39:19.695+0000] {dag.py:2690} INFO - Sync 1 DAGs
[2024-04-06T09:39:19.718+0000] {logging_mixin.py:137} INFO - [2024-04-06T09:39:19.718+0000] {dag.py:3441} INFO - Setting next_dagrun for example_sensor_decorator to None, run_after=None
[2024-04-06T09:39:19.735+0000] {processor.py:175} INFO - Processing /home/airflow/.local/lib/python3.7/site-packages/airflow/example_dags/example_sensor_decorator.py took 0.090 seconds
[2024-04-06T09:39:49.842+0000] {processor.py:153} INFO - Started process (PID=521) to work on /home/airflow/.local/lib/python3.7/site-packages/airflow/example_dags/example_sensor_decorator.py
[2024-04-06T09:39:49.842+0000] {processor.py:743} INFO - Processing file /home/airflow/.local/lib/python3.7/site-packages/airflow/example_dags/example_sensor_decorator.py for tasks to queue
[2024-04-06T09:39:49.843+0000] {logging_mixin.py:137} INFO - [2024-04-06T09:39:49.843+0000] {dagbag.py:538} INFO - Filling up the DagBag from /home/airflow/.local/lib/python3.7/site-packages/airflow/example_dags/example_sensor_decorator.py
[2024-04-06T09:39:49.859+0000] {processor.py:753} INFO - DAG(s) dict_keys(['example_sensor_decorator']) retrieved from /home/airflow/.local/lib/python3.7/site-packages/airflow/example_dags/example_sensor_decorator.py
[2024-04-06T09:39:49.881+0000] {logging_mixin.py:137} INFO - [2024-04-06T09:39:49.881+0000] {dag.py:2690} INFO - Sync 1 DAGs
[2024-04-06T09:39:49.905+0000] {logging_mixin.py:137} INFO - [2024-04-06T09:39:49.905+0000] {dag.py:3441} INFO - Setting next_dagrun for example_sensor_decorator to None, run_after=None
[2024-04-06T09:39:49.922+0000] {processor.py:175} INFO - Processing /home/airflow/.local/lib/python3.7/site-packages/airflow/example_dags/example_sensor_decorator.py took 0.083 seconds
[2024-04-06T09:40:20.186+0000] {processor.py:153} INFO - Started process (PID=609) to work on /home/airflow/.local/lib/python3.7/site-packages/airflow/example_dags/example_sensor_decorator.py
[2024-04-06T09:40:20.187+0000] {processor.py:743} INFO - Processing file /home/airflow/.local/lib/python3.7/site-packages/airflow/example_dags/example_sensor_decorator.py for tasks to queue
[2024-04-06T09:40:20.188+0000] {logging_mixin.py:137} INFO - [2024-04-06T09:40:20.188+0000] {dagbag.py:538} INFO - Filling up the DagBag from /home/airflow/.local/lib/python3.7/site-packages/airflow/example_dags/example_sensor_decorator.py
[2024-04-06T09:40:20.210+0000] {processor.py:753} INFO - DAG(s) dict_keys(['example_sensor_decorator']) retrieved from /home/airflow/.local/lib/python3.7/site-packages/airflow/example_dags/example_sensor_decorator.py
[2024-04-06T09:40:20.237+0000] {logging_mixin.py:137} INFO - [2024-04-06T09:40:20.236+0000] {dag.py:2690} INFO - Sync 1 DAGs
[2024-04-06T09:40:20.272+0000] {logging_mixin.py:137} INFO - [2024-04-06T09:40:20.271+0000] {dag.py:3441} INFO - Setting next_dagrun for example_sensor_decorator to None, run_after=None
[2024-04-06T09:40:20.296+0000] {processor.py:175} INFO - Processing /home/airflow/.local/lib/python3.7/site-packages/airflow/example_dags/example_sensor_decorator.py took 0.112 seconds
[2024-04-06T09:40:50.481+0000] {processor.py:153} INFO - Started process (PID=681) to work on /home/airflow/.local/lib/python3.7/site-packages/airflow/example_dags/example_sensor_decorator.py
[2024-04-06T09:40:50.481+0000] {processor.py:743} INFO - Processing file /home/airflow/.local/lib/python3.7/site-packages/airflow/example_dags/example_sensor_decorator.py for tasks to queue
[2024-04-06T09:40:50.482+0000] {logging_mixin.py:137} INFO - [2024-04-06T09:40:50.482+0000] {dagbag.py:538} INFO - Filling up the DagBag from /home/airflow/.local/lib/python3.7/site-packages/airflow/example_dags/example_sensor_decorator.py
[2024-04-06T09:40:50.505+0000] {processor.py:753} INFO - DAG(s) dict_keys(['example_sensor_decorator']) retrieved from /home/airflow/.local/lib/python3.7/site-packages/airflow/example_dags/example_sensor_decorator.py
[2024-04-06T09:40:50.528+0000] {logging_mixin.py:137} INFO - [2024-04-06T09:40:50.528+0000] {dag.py:2690} INFO - Sync 1 DAGs
[2024-04-06T09:40:50.556+0000] {logging_mixin.py:137} INFO - [2024-04-06T09:40:50.556+0000] {dag.py:3441} INFO - Setting next_dagrun for example_sensor_decorator to None, run_after=None
[2024-04-06T09:40:50.577+0000] {processor.py:175} INFO - Processing /home/airflow/.local/lib/python3.7/site-packages/airflow/example_dags/example_sensor_decorator.py took 0.099 seconds
[2024-04-06T09:41:20.785+0000] {processor.py:153} INFO - Started process (PID=769) to work on /home/airflow/.local/lib/python3.7/site-packages/airflow/example_dags/example_sensor_decorator.py
[2024-04-06T09:41:20.786+0000] {processor.py:743} INFO - Processing file /home/airflow/.local/lib/python3.7/site-packages/airflow/example_dags/example_sensor_decorator.py for tasks to queue
[2024-04-06T09:41:20.787+0000] {logging_mixin.py:137} INFO - [2024-04-06T09:41:20.787+0000] {dagbag.py:538} INFO - Filling up the DagBag from /home/airflow/.local/lib/python3.7/site-packages/airflow/example_dags/example_sensor_decorator.py
[2024-04-06T09:41:20.824+0000] {processor.py:753} INFO - DAG(s) dict_keys(['example_sensor_decorator']) retrieved from /home/airflow/.local/lib/python3.7/site-packages/airflow/example_dags/example_sensor_decorator.py
[2024-04-06T09:41:20.860+0000] {logging_mixin.py:137} INFO - [2024-04-06T09:41:20.859+0000] {dag.py:2690} INFO - Sync 1 DAGs
[2024-04-06T09:41:20.899+0000] {logging_mixin.py:137} INFO - [2024-04-06T09:41:20.899+0000] {dag.py:3441} INFO - Setting next_dagrun for example_sensor_decorator to None, run_after=None
[2024-04-06T09:41:20.928+0000] {processor.py:175} INFO - Processing /home/airflow/.local/lib/python3.7/site-packages/airflow/example_dags/example_sensor_decorator.py took 0.149 seconds
[2024-04-06T09:41:51.303+0000] {processor.py:153} INFO - Started process (PID=841) to work on /home/airflow/.local/lib/python3.7/site-packages/airflow/example_dags/example_sensor_decorator.py
[2024-04-06T09:41:51.304+0000] {processor.py:743} INFO - Processing file /home/airflow/.local/lib/python3.7/site-packages/airflow/example_dags/example_sensor_decorator.py for tasks to queue
[2024-04-06T09:41:51.304+0000] {logging_mixin.py:137} INFO - [2024-04-06T09:41:51.304+0000] {dagbag.py:538} INFO - Filling up the DagBag from /home/airflow/.local/lib/python3.7/site-packages/airflow/example_dags/example_sensor_decorator.py
[2024-04-06T09:41:51.323+0000] {processor.py:753} INFO - DAG(s) dict_keys(['example_sensor_decorator']) retrieved from /home/airflow/.local/lib/python3.7/site-packages/airflow/example_dags/example_sensor_decorator.py
[2024-04-06T09:41:51.348+0000] {logging_mixin.py:137} INFO - [2024-04-06T09:41:51.348+0000] {dag.py:2690} INFO - Sync 1 DAGs
[2024-04-06T09:41:51.371+0000] {logging_mixin.py:137} INFO - [2024-04-06T09:41:51.371+0000] {dag.py:3441} INFO - Setting next_dagrun for example_sensor_decorator to None, run_after=None
[2024-04-06T09:41:51.390+0000] {processor.py:175} INFO - Processing /home/airflow/.local/lib/python3.7/site-packages/airflow/example_dags/example_sensor_decorator.py took 0.089 seconds
[2024-04-06T09:42:21.625+0000] {processor.py:153} INFO - Started process (PID=929) to work on /home/airflow/.local/lib/python3.7/site-packages/airflow/example_dags/example_sensor_decorator.py
[2024-04-06T09:42:21.628+0000] {processor.py:743} INFO - Processing file /home/airflow/.local/lib/python3.7/site-packages/airflow/example_dags/example_sensor_decorator.py for tasks to queue
[2024-04-06T09:42:21.629+0000] {logging_mixin.py:137} INFO - [2024-04-06T09:42:21.629+0000] {dagbag.py:538} INFO - Filling up the DagBag from /home/airflow/.local/lib/python3.7/site-packages/airflow/example_dags/example_sensor_decorator.py
[2024-04-06T09:42:21.663+0000] {processor.py:753} INFO - DAG(s) dict_keys(['example_sensor_decorator']) retrieved from /home/airflow/.local/lib/python3.7/site-packages/airflow/example_dags/example_sensor_decorator.py
[2024-04-06T09:42:21.693+0000] {logging_mixin.py:137} INFO - [2024-04-06T09:42:21.692+0000] {dag.py:2690} INFO - Sync 1 DAGs
[2024-04-06T09:42:21.721+0000] {logging_mixin.py:137} INFO - [2024-04-06T09:42:21.721+0000] {dag.py:3441} INFO - Setting next_dagrun for example_sensor_decorator to None, run_after=None
[2024-04-06T09:42:21.742+0000] {processor.py:175} INFO - Processing /home/airflow/.local/lib/python3.7/site-packages/airflow/example_dags/example_sensor_decorator.py took 0.124 seconds
[2024-04-06T09:42:52.308+0000] {processor.py:153} INFO - Started process (PID=1001) to work on /home/airflow/.local/lib/python3.7/site-packages/airflow/example_dags/example_sensor_decorator.py
[2024-04-06T09:42:52.308+0000] {processor.py:743} INFO - Processing file /home/airflow/.local/lib/python3.7/site-packages/airflow/example_dags/example_sensor_decorator.py for tasks to queue
[2024-04-06T09:42:52.309+0000] {logging_mixin.py:137} INFO - [2024-04-06T09:42:52.309+0000] {dagbag.py:538} INFO - Filling up the DagBag from /home/airflow/.local/lib/python3.7/site-packages/airflow/example_dags/example_sensor_decorator.py
[2024-04-06T09:42:52.327+0000] {processor.py:753} INFO - DAG(s) dict_keys(['example_sensor_decorator']) retrieved from /home/airflow/.local/lib/python3.7/site-packages/airflow/example_dags/example_sensor_decorator.py
[2024-04-06T09:42:52.347+0000] {logging_mixin.py:137} INFO - [2024-04-06T09:42:52.347+0000] {dag.py:2690} INFO - Sync 1 DAGs
[2024-04-06T09:42:52.369+0000] {logging_mixin.py:137} INFO - [2024-04-06T09:42:52.369+0000] {dag.py:3441} INFO - Setting next_dagrun for example_sensor_decorator to None, run_after=None
[2024-04-06T09:42:52.388+0000] {processor.py:175} INFO - Processing /home/airflow/.local/lib/python3.7/site-packages/airflow/example_dags/example_sensor_decorator.py took 0.082 seconds
[2024-04-06T09:43:22.688+0000] {processor.py:153} INFO - Started process (PID=1088) to work on /home/airflow/.local/lib/python3.7/site-packages/airflow/example_dags/example_sensor_decorator.py
[2024-04-06T09:43:22.689+0000] {processor.py:743} INFO - Processing file /home/airflow/.local/lib/python3.7/site-packages/airflow/example_dags/example_sensor_decorator.py for tasks to queue
[2024-04-06T09:43:22.690+0000] {logging_mixin.py:137} INFO - [2024-04-06T09:43:22.689+0000] {dagbag.py:538} INFO - Filling up the DagBag from /home/airflow/.local/lib/python3.7/site-packages/airflow/example_dags/example_sensor_decorator.py
[2024-04-06T09:43:22.721+0000] {processor.py:753} INFO - DAG(s) dict_keys(['example_sensor_decorator']) retrieved from /home/airflow/.local/lib/python3.7/site-packages/airflow/example_dags/example_sensor_decorator.py
[2024-04-06T09:43:22.753+0000] {logging_mixin.py:137} INFO - [2024-04-06T09:43:22.753+0000] {dag.py:2690} INFO - Sync 1 DAGs
[2024-04-06T09:43:22.790+0000] {logging_mixin.py:137} INFO - [2024-04-06T09:43:22.789+0000] {dag.py:3441} INFO - Setting next_dagrun for example_sensor_decorator to None, run_after=None
[2024-04-06T09:43:22.812+0000] {processor.py:175} INFO - Processing /home/airflow/.local/lib/python3.7/site-packages/airflow/example_dags/example_sensor_decorator.py took 0.128 seconds
[2024-04-06T09:43:53.097+0000] {processor.py:153} INFO - Started process (PID=1160) to work on /home/airflow/.local/lib/python3.7/site-packages/airflow/example_dags/example_sensor_decorator.py
[2024-04-06T09:43:53.097+0000] {processor.py:743} INFO - Processing file /home/airflow/.local/lib/python3.7/site-packages/airflow/example_dags/example_sensor_decorator.py for tasks to queue
[2024-04-06T09:43:53.098+0000] {logging_mixin.py:137} INFO - [2024-04-06T09:43:53.097+0000] {dagbag.py:538} INFO - Filling up the DagBag from /home/airflow/.local/lib/python3.7/site-packages/airflow/example_dags/example_sensor_decorator.py
[2024-04-06T09:43:53.115+0000] {processor.py:753} INFO - DAG(s) dict_keys(['example_sensor_decorator']) retrieved from /home/airflow/.local/lib/python3.7/site-packages/airflow/example_dags/example_sensor_decorator.py
[2024-04-06T09:43:53.136+0000] {logging_mixin.py:137} INFO - [2024-04-06T09:43:53.135+0000] {dag.py:2690} INFO - Sync 1 DAGs
[2024-04-06T09:43:53.157+0000] {logging_mixin.py:137} INFO - [2024-04-06T09:43:53.156+0000] {dag.py:3441} INFO - Setting next_dagrun for example_sensor_decorator to None, run_after=None
[2024-04-06T09:43:53.179+0000] {processor.py:175} INFO - Processing /home/airflow/.local/lib/python3.7/site-packages/airflow/example_dags/example_sensor_decorator.py took 0.084 seconds
[2024-04-06T09:44:23.432+0000] {processor.py:153} INFO - Started process (PID=1232) to work on /home/airflow/.local/lib/python3.7/site-packages/airflow/example_dags/example_sensor_decorator.py
[2024-04-06T09:44:23.433+0000] {processor.py:743} INFO - Processing file /home/airflow/.local/lib/python3.7/site-packages/airflow/example_dags/example_sensor_decorator.py for tasks to queue
[2024-04-06T09:44:23.434+0000] {logging_mixin.py:137} INFO - [2024-04-06T09:44:23.434+0000] {dagbag.py:538} INFO - Filling up the DagBag from /home/airflow/.local/lib/python3.7/site-packages/airflow/example_dags/example_sensor_decorator.py
[2024-04-06T09:44:23.458+0000] {processor.py:753} INFO - DAG(s) dict_keys(['example_sensor_decorator']) retrieved from /home/airflow/.local/lib/python3.7/site-packages/airflow/example_dags/example_sensor_decorator.py
[2024-04-06T09:44:23.486+0000] {logging_mixin.py:137} INFO - [2024-04-06T09:44:23.486+0000] {dag.py:2690} INFO - Sync 1 DAGs
[2024-04-06T09:44:23.520+0000] {logging_mixin.py:137} INFO - [2024-04-06T09:44:23.520+0000] {dag.py:3441} INFO - Setting next_dagrun for example_sensor_decorator to None, run_after=None
[2024-04-06T09:44:23.548+0000] {processor.py:175} INFO - Processing /home/airflow/.local/lib/python3.7/site-packages/airflow/example_dags/example_sensor_decorator.py took 0.119 seconds
[2024-04-06T09:44:54.140+0000] {processor.py:153} INFO - Started process (PID=1320) to work on /home/airflow/.local/lib/python3.7/site-packages/airflow/example_dags/example_sensor_decorator.py
[2024-04-06T09:44:54.141+0000] {processor.py:743} INFO - Processing file /home/airflow/.local/lib/python3.7/site-packages/airflow/example_dags/example_sensor_decorator.py for tasks to queue
[2024-04-06T09:44:54.141+0000] {logging_mixin.py:137} INFO - [2024-04-06T09:44:54.141+0000] {dagbag.py:538} INFO - Filling up the DagBag from /home/airflow/.local/lib/python3.7/site-packages/airflow/example_dags/example_sensor_decorator.py
[2024-04-06T09:44:54.158+0000] {processor.py:753} INFO - DAG(s) dict_keys(['example_sensor_decorator']) retrieved from /home/airflow/.local/lib/python3.7/site-packages/airflow/example_dags/example_sensor_decorator.py
[2024-04-06T09:44:54.178+0000] {logging_mixin.py:137} INFO - [2024-04-06T09:44:54.178+0000] {dag.py:2690} INFO - Sync 1 DAGs
[2024-04-06T09:44:54.201+0000] {logging_mixin.py:137} INFO - [2024-04-06T09:44:54.201+0000] {dag.py:3441} INFO - Setting next_dagrun for example_sensor_decorator to None, run_after=None
[2024-04-06T09:44:54.218+0000] {processor.py:175} INFO - Processing /home/airflow/.local/lib/python3.7/site-packages/airflow/example_dags/example_sensor_decorator.py took 0.080 seconds
[2024-04-06T09:45:24.444+0000] {processor.py:153} INFO - Started process (PID=1392) to work on /home/airflow/.local/lib/python3.7/site-packages/airflow/example_dags/example_sensor_decorator.py
[2024-04-06T09:45:24.444+0000] {processor.py:743} INFO - Processing file /home/airflow/.local/lib/python3.7/site-packages/airflow/example_dags/example_sensor_decorator.py for tasks to queue
[2024-04-06T09:45:24.445+0000] {logging_mixin.py:137} INFO - [2024-04-06T09:45:24.445+0000] {dagbag.py:538} INFO - Filling up the DagBag from /home/airflow/.local/lib/python3.7/site-packages/airflow/example_dags/example_sensor_decorator.py
[2024-04-06T09:45:24.462+0000] {processor.py:753} INFO - DAG(s) dict_keys(['example_sensor_decorator']) retrieved from /home/airflow/.local/lib/python3.7/site-packages/airflow/example_dags/example_sensor_decorator.py
[2024-04-06T09:45:24.483+0000] {logging_mixin.py:137} INFO - [2024-04-06T09:45:24.483+0000] {dag.py:2690} INFO - Sync 1 DAGs
[2024-04-06T09:45:24.504+0000] {logging_mixin.py:137} INFO - [2024-04-06T09:45:24.504+0000] {dag.py:3441} INFO - Setting next_dagrun for example_sensor_decorator to None, run_after=None
[2024-04-06T09:45:24.521+0000] {processor.py:175} INFO - Processing /home/airflow/.local/lib/python3.7/site-packages/airflow/example_dags/example_sensor_decorator.py took 0.079 seconds
[2024-04-06T09:45:54.732+0000] {processor.py:153} INFO - Started process (PID=1480) to work on /home/airflow/.local/lib/python3.7/site-packages/airflow/example_dags/example_sensor_decorator.py
[2024-04-06T09:45:54.733+0000] {processor.py:743} INFO - Processing file /home/airflow/.local/lib/python3.7/site-packages/airflow/example_dags/example_sensor_decorator.py for tasks to queue
[2024-04-06T09:45:54.733+0000] {logging_mixin.py:137} INFO - [2024-04-06T09:45:54.733+0000] {dagbag.py:538} INFO - Filling up the DagBag from /home/airflow/.local/lib/python3.7/site-packages/airflow/example_dags/example_sensor_decorator.py
[2024-04-06T09:45:54.752+0000] {processor.py:753} INFO - DAG(s) dict_keys(['example_sensor_decorator']) retrieved from /home/airflow/.local/lib/python3.7/site-packages/airflow/example_dags/example_sensor_decorator.py
[2024-04-06T09:45:54.775+0000] {logging_mixin.py:137} INFO - [2024-04-06T09:45:54.774+0000] {dag.py:2690} INFO - Sync 1 DAGs
[2024-04-06T09:45:54.799+0000] {logging_mixin.py:137} INFO - [2024-04-06T09:45:54.799+0000] {dag.py:3441} INFO - Setting next_dagrun for example_sensor_decorator to None, run_after=None
[2024-04-06T09:45:54.818+0000] {processor.py:175} INFO - Processing /home/airflow/.local/lib/python3.7/site-packages/airflow/example_dags/example_sensor_decorator.py took 0.089 seconds
[2024-04-06T09:46:25.233+0000] {processor.py:153} INFO - Started process (PID=1551) to work on /home/airflow/.local/lib/python3.7/site-packages/airflow/example_dags/example_sensor_decorator.py
[2024-04-06T09:46:25.234+0000] {processor.py:743} INFO - Processing file /home/airflow/.local/lib/python3.7/site-packages/airflow/example_dags/example_sensor_decorator.py for tasks to queue
[2024-04-06T09:46:25.234+0000] {logging_mixin.py:137} INFO - [2024-04-06T09:46:25.234+0000] {dagbag.py:538} INFO - Filling up the DagBag from /home/airflow/.local/lib/python3.7/site-packages/airflow/example_dags/example_sensor_decorator.py
[2024-04-06T09:46:25.251+0000] {processor.py:753} INFO - DAG(s) dict_keys(['example_sensor_decorator']) retrieved from /home/airflow/.local/lib/python3.7/site-packages/airflow/example_dags/example_sensor_decorator.py
[2024-04-06T09:46:25.271+0000] {logging_mixin.py:137} INFO - [2024-04-06T09:46:25.271+0000] {dag.py:2690} INFO - Sync 1 DAGs
[2024-04-06T09:46:25.293+0000] {logging_mixin.py:137} INFO - [2024-04-06T09:46:25.293+0000] {dag.py:3441} INFO - Setting next_dagrun for example_sensor_decorator to None, run_after=None
[2024-04-06T09:46:25.310+0000] {processor.py:175} INFO - Processing /home/airflow/.local/lib/python3.7/site-packages/airflow/example_dags/example_sensor_decorator.py took 0.080 seconds
[2024-04-06T09:46:55.646+0000] {processor.py:153} INFO - Started process (PID=1639) to work on /home/airflow/.local/lib/python3.7/site-packages/airflow/example_dags/example_sensor_decorator.py
[2024-04-06T09:46:55.646+0000] {processor.py:743} INFO - Processing file /home/airflow/.local/lib/python3.7/site-packages/airflow/example_dags/example_sensor_decorator.py for tasks to queue
[2024-04-06T09:46:55.647+0000] {logging_mixin.py:137} INFO - [2024-04-06T09:46:55.647+0000] {dagbag.py:538} INFO - Filling up the DagBag from /home/airflow/.local/lib/python3.7/site-packages/airflow/example_dags/example_sensor_decorator.py
[2024-04-06T09:46:55.667+0000] {processor.py:753} INFO - DAG(s) dict_keys(['example_sensor_decorator']) retrieved from /home/airflow/.local/lib/python3.7/site-packages/airflow/example_dags/example_sensor_decorator.py
[2024-04-06T09:46:55.693+0000] {logging_mixin.py:137} INFO - [2024-04-06T09:46:55.693+0000] {dag.py:2690} INFO - Sync 1 DAGs
[2024-04-06T09:46:55.717+0000] {logging_mixin.py:137} INFO - [2024-04-06T09:46:55.717+0000] {dag.py:3441} INFO - Setting next_dagrun for example_sensor_decorator to None, run_after=None
[2024-04-06T09:46:55.734+0000] {processor.py:175} INFO - Processing /home/airflow/.local/lib/python3.7/site-packages/airflow/example_dags/example_sensor_decorator.py took 0.091 seconds
[2024-04-06T09:47:26.055+0000] {processor.py:153} INFO - Started process (PID=1717) to work on /home/airflow/.local/lib/python3.7/site-packages/airflow/example_dags/example_sensor_decorator.py
[2024-04-06T09:47:26.056+0000] {processor.py:743} INFO - Processing file /home/airflow/.local/lib/python3.7/site-packages/airflow/example_dags/example_sensor_decorator.py for tasks to queue
[2024-04-06T09:47:26.057+0000] {logging_mixin.py:137} INFO - [2024-04-06T09:47:26.056+0000] {dagbag.py:538} INFO - Filling up the DagBag from /home/airflow/.local/lib/python3.7/site-packages/airflow/example_dags/example_sensor_decorator.py
[2024-04-06T09:47:26.087+0000] {processor.py:753} INFO - DAG(s) dict_keys(['example_sensor_decorator']) retrieved from /home/airflow/.local/lib/python3.7/site-packages/airflow/example_dags/example_sensor_decorator.py
[2024-04-06T09:47:26.118+0000] {logging_mixin.py:137} INFO - [2024-04-06T09:47:26.118+0000] {dag.py:2690} INFO - Sync 1 DAGs
[2024-04-06T09:47:26.153+0000] {logging_mixin.py:137} INFO - [2024-04-06T09:47:26.153+0000] {dag.py:3441} INFO - Setting next_dagrun for example_sensor_decorator to None, run_after=None
[2024-04-06T09:47:26.175+0000] {processor.py:175} INFO - Processing /home/airflow/.local/lib/python3.7/site-packages/airflow/example_dags/example_sensor_decorator.py took 0.124 seconds
[2024-04-06T09:47:56.420+0000] {processor.py:153} INFO - Started process (PID=1799) to work on /home/airflow/.local/lib/python3.7/site-packages/airflow/example_dags/example_sensor_decorator.py
[2024-04-06T09:47:56.420+0000] {processor.py:743} INFO - Processing file /home/airflow/.local/lib/python3.7/site-packages/airflow/example_dags/example_sensor_decorator.py for tasks to queue
[2024-04-06T09:47:56.421+0000] {logging_mixin.py:137} INFO - [2024-04-06T09:47:56.421+0000] {dagbag.py:538} INFO - Filling up the DagBag from /home/airflow/.local/lib/python3.7/site-packages/airflow/example_dags/example_sensor_decorator.py
[2024-04-06T09:47:56.438+0000] {processor.py:753} INFO - DAG(s) dict_keys(['example_sensor_decorator']) retrieved from /home/airflow/.local/lib/python3.7/site-packages/airflow/example_dags/example_sensor_decorator.py
[2024-04-06T09:47:56.457+0000] {logging_mixin.py:137} INFO - [2024-04-06T09:47:56.457+0000] {dag.py:2690} INFO - Sync 1 DAGs
[2024-04-06T09:47:56.478+0000] {logging_mixin.py:137} INFO - [2024-04-06T09:47:56.478+0000] {dag.py:3441} INFO - Setting next_dagrun for example_sensor_decorator to None, run_after=None
[2024-04-06T09:47:56.494+0000] {processor.py:175} INFO - Processing /home/airflow/.local/lib/python3.7/site-packages/airflow/example_dags/example_sensor_decorator.py took 0.077 seconds
[2024-04-06T09:48:26.587+0000] {processor.py:153} INFO - Started process (PID=1877) to work on /home/airflow/.local/lib/python3.7/site-packages/airflow/example_dags/example_sensor_decorator.py
[2024-04-06T09:48:26.588+0000] {processor.py:743} INFO - Processing file /home/airflow/.local/lib/python3.7/site-packages/airflow/example_dags/example_sensor_decorator.py for tasks to queue
[2024-04-06T09:48:26.588+0000] {logging_mixin.py:137} INFO - [2024-04-06T09:48:26.588+0000] {dagbag.py:538} INFO - Filling up the DagBag from /home/airflow/.local/lib/python3.7/site-packages/airflow/example_dags/example_sensor_decorator.py
[2024-04-06T09:48:26.615+0000] {processor.py:753} INFO - DAG(s) dict_keys(['example_sensor_decorator']) retrieved from /home/airflow/.local/lib/python3.7/site-packages/airflow/example_dags/example_sensor_decorator.py
[2024-04-06T09:48:26.641+0000] {logging_mixin.py:137} INFO - [2024-04-06T09:48:26.640+0000] {dag.py:2690} INFO - Sync 1 DAGs
[2024-04-06T09:48:26.669+0000] {logging_mixin.py:137} INFO - [2024-04-06T09:48:26.668+0000] {dag.py:3441} INFO - Setting next_dagrun for example_sensor_decorator to None, run_after=None
[2024-04-06T09:48:26.686+0000] {processor.py:175} INFO - Processing /home/airflow/.local/lib/python3.7/site-packages/airflow/example_dags/example_sensor_decorator.py took 0.103 seconds
[2024-04-06T09:48:57.227+0000] {processor.py:153} INFO - Started process (PID=1959) to work on /home/airflow/.local/lib/python3.7/site-packages/airflow/example_dags/example_sensor_decorator.py
[2024-04-06T09:48:57.227+0000] {processor.py:743} INFO - Processing file /home/airflow/.local/lib/python3.7/site-packages/airflow/example_dags/example_sensor_decorator.py for tasks to queue
[2024-04-06T09:48:57.228+0000] {logging_mixin.py:137} INFO - [2024-04-06T09:48:57.228+0000] {dagbag.py:538} INFO - Filling up the DagBag from /home/airflow/.local/lib/python3.7/site-packages/airflow/example_dags/example_sensor_decorator.py
[2024-04-06T09:48:57.246+0000] {processor.py:753} INFO - DAG(s) dict_keys(['example_sensor_decorator']) retrieved from /home/airflow/.local/lib/python3.7/site-packages/airflow/example_dags/example_sensor_decorator.py
[2024-04-06T09:48:57.269+0000] {logging_mixin.py:137} INFO - [2024-04-06T09:48:57.269+0000] {dag.py:2690} INFO - Sync 1 DAGs
[2024-04-06T09:48:57.290+0000] {logging_mixin.py:137} INFO - [2024-04-06T09:48:57.290+0000] {dag.py:3441} INFO - Setting next_dagrun for example_sensor_decorator to None, run_after=None
[2024-04-06T09:48:57.306+0000] {processor.py:175} INFO - Processing /home/airflow/.local/lib/python3.7/site-packages/airflow/example_dags/example_sensor_decorator.py took 0.082 seconds
[2024-04-06T09:50:12.047+0000] {processor.py:153} INFO - Started process (PID=41) to work on /home/airflow/.local/lib/python3.7/site-packages/airflow/example_dags/example_sensor_decorator.py
[2024-04-06T09:50:12.048+0000] {processor.py:743} INFO - Processing file /home/airflow/.local/lib/python3.7/site-packages/airflow/example_dags/example_sensor_decorator.py for tasks to queue
[2024-04-06T09:50:12.049+0000] {logging_mixin.py:137} INFO - [2024-04-06T09:50:12.049+0000] {dagbag.py:538} INFO - Filling up the DagBag from /home/airflow/.local/lib/python3.7/site-packages/airflow/example_dags/example_sensor_decorator.py
[2024-04-06T09:50:12.070+0000] {processor.py:753} INFO - DAG(s) dict_keys(['example_sensor_decorator']) retrieved from /home/airflow/.local/lib/python3.7/site-packages/airflow/example_dags/example_sensor_decorator.py
[2024-04-06T09:50:12.095+0000] {logging_mixin.py:137} INFO - [2024-04-06T09:50:12.095+0000] {dag.py:2690} INFO - Sync 1 DAGs
[2024-04-06T09:50:12.123+0000] {logging_mixin.py:137} INFO - [2024-04-06T09:50:12.123+0000] {dag.py:3441} INFO - Setting next_dagrun for example_sensor_decorator to None, run_after=None
[2024-04-06T09:50:12.144+0000] {processor.py:175} INFO - Processing /home/airflow/.local/lib/python3.7/site-packages/airflow/example_dags/example_sensor_decorator.py took 0.099 seconds
[2024-04-06T09:50:43.581+0000] {processor.py:153} INFO - Started process (PID=113) to work on /home/airflow/.local/lib/python3.7/site-packages/airflow/example_dags/example_sensor_decorator.py
[2024-04-06T09:50:43.582+0000] {processor.py:743} INFO - Processing file /home/airflow/.local/lib/python3.7/site-packages/airflow/example_dags/example_sensor_decorator.py for tasks to queue
[2024-04-06T09:50:43.582+0000] {logging_mixin.py:137} INFO - [2024-04-06T09:50:43.582+0000] {dagbag.py:538} INFO - Filling up the DagBag from /home/airflow/.local/lib/python3.7/site-packages/airflow/example_dags/example_sensor_decorator.py
[2024-04-06T09:50:43.605+0000] {processor.py:753} INFO - DAG(s) dict_keys(['example_sensor_decorator']) retrieved from /home/airflow/.local/lib/python3.7/site-packages/airflow/example_dags/example_sensor_decorator.py
[2024-04-06T09:50:43.634+0000] {logging_mixin.py:137} INFO - [2024-04-06T09:50:43.634+0000] {dag.py:2690} INFO - Sync 1 DAGs
[2024-04-06T09:50:43.661+0000] {logging_mixin.py:137} INFO - [2024-04-06T09:50:43.661+0000] {dag.py:3441} INFO - Setting next_dagrun for example_sensor_decorator to None, run_after=None
[2024-04-06T09:50:43.687+0000] {processor.py:175} INFO - Processing /home/airflow/.local/lib/python3.7/site-packages/airflow/example_dags/example_sensor_decorator.py took 0.109 seconds
[2024-04-06T09:51:14.123+0000] {processor.py:153} INFO - Started process (PID=195) to work on /home/airflow/.local/lib/python3.7/site-packages/airflow/example_dags/example_sensor_decorator.py
[2024-04-06T09:51:14.124+0000] {processor.py:743} INFO - Processing file /home/airflow/.local/lib/python3.7/site-packages/airflow/example_dags/example_sensor_decorator.py for tasks to queue
[2024-04-06T09:51:14.125+0000] {logging_mixin.py:137} INFO - [2024-04-06T09:51:14.125+0000] {dagbag.py:538} INFO - Filling up the DagBag from /home/airflow/.local/lib/python3.7/site-packages/airflow/example_dags/example_sensor_decorator.py
[2024-04-06T09:51:14.150+0000] {processor.py:753} INFO - DAG(s) dict_keys(['example_sensor_decorator']) retrieved from /home/airflow/.local/lib/python3.7/site-packages/airflow/example_dags/example_sensor_decorator.py
[2024-04-06T09:51:14.177+0000] {logging_mixin.py:137} INFO - [2024-04-06T09:51:14.177+0000] {dag.py:2690} INFO - Sync 1 DAGs
[2024-04-06T09:51:14.208+0000] {logging_mixin.py:137} INFO - [2024-04-06T09:51:14.208+0000] {dag.py:3441} INFO - Setting next_dagrun for example_sensor_decorator to None, run_after=None
[2024-04-06T09:51:14.229+0000] {processor.py:175} INFO - Processing /home/airflow/.local/lib/python3.7/site-packages/airflow/example_dags/example_sensor_decorator.py took 0.109 seconds
[2024-04-06T09:58:23.351+0000] {processor.py:153} INFO - Started process (PID=51) to work on /home/airflow/.local/lib/python3.7/site-packages/airflow/example_dags/example_sensor_decorator.py
[2024-04-06T09:58:23.352+0000] {processor.py:743} INFO - Processing file /home/airflow/.local/lib/python3.7/site-packages/airflow/example_dags/example_sensor_decorator.py for tasks to queue
[2024-04-06T09:58:23.353+0000] {logging_mixin.py:137} INFO - [2024-04-06T09:58:23.353+0000] {dagbag.py:538} INFO - Filling up the DagBag from /home/airflow/.local/lib/python3.7/site-packages/airflow/example_dags/example_sensor_decorator.py
[2024-04-06T09:58:23.388+0000] {processor.py:753} INFO - DAG(s) dict_keys(['example_sensor_decorator']) retrieved from /home/airflow/.local/lib/python3.7/site-packages/airflow/example_dags/example_sensor_decorator.py
[2024-04-06T09:58:23.401+0000] {logging_mixin.py:137} INFO - [2024-04-06T09:58:23.401+0000] {dag.py:2690} INFO - Sync 1 DAGs
[2024-04-06T09:58:23.427+0000] {logging_mixin.py:137} INFO - [2024-04-06T09:58:23.427+0000] {dag.py:3441} INFO - Setting next_dagrun for example_sensor_decorator to None, run_after=None
[2024-04-06T09:58:23.447+0000] {processor.py:175} INFO - Processing /home/airflow/.local/lib/python3.7/site-packages/airflow/example_dags/example_sensor_decorator.py took 0.099 seconds
[2024-04-06T09:58:53.622+0000] {processor.py:153} INFO - Started process (PID=130) to work on /home/airflow/.local/lib/python3.7/site-packages/airflow/example_dags/example_sensor_decorator.py
[2024-04-06T09:58:53.623+0000] {processor.py:743} INFO - Processing file /home/airflow/.local/lib/python3.7/site-packages/airflow/example_dags/example_sensor_decorator.py for tasks to queue
[2024-04-06T09:58:53.623+0000] {logging_mixin.py:137} INFO - [2024-04-06T09:58:53.623+0000] {dagbag.py:538} INFO - Filling up the DagBag from /home/airflow/.local/lib/python3.7/site-packages/airflow/example_dags/example_sensor_decorator.py
[2024-04-06T09:58:53.646+0000] {processor.py:753} INFO - DAG(s) dict_keys(['example_sensor_decorator']) retrieved from /home/airflow/.local/lib/python3.7/site-packages/airflow/example_dags/example_sensor_decorator.py
[2024-04-06T09:58:53.658+0000] {logging_mixin.py:137} INFO - [2024-04-06T09:58:53.658+0000] {dag.py:2690} INFO - Sync 1 DAGs
[2024-04-06T09:58:53.691+0000] {logging_mixin.py:137} INFO - [2024-04-06T09:58:53.690+0000] {dag.py:3441} INFO - Setting next_dagrun for example_sensor_decorator to None, run_after=None
[2024-04-06T09:58:53.716+0000] {processor.py:175} INFO - Processing /home/airflow/.local/lib/python3.7/site-packages/airflow/example_dags/example_sensor_decorator.py took 0.097 seconds
[2024-04-06T09:59:25.004+0000] {processor.py:153} INFO - Started process (PID=203) to work on /home/airflow/.local/lib/python3.7/site-packages/airflow/example_dags/example_sensor_decorator.py
[2024-04-06T09:59:25.005+0000] {processor.py:743} INFO - Processing file /home/airflow/.local/lib/python3.7/site-packages/airflow/example_dags/example_sensor_decorator.py for tasks to queue
[2024-04-06T09:59:25.006+0000] {logging_mixin.py:137} INFO - [2024-04-06T09:59:25.006+0000] {dagbag.py:538} INFO - Filling up the DagBag from /home/airflow/.local/lib/python3.7/site-packages/airflow/example_dags/example_sensor_decorator.py
[2024-04-06T09:59:25.028+0000] {processor.py:753} INFO - DAG(s) dict_keys(['example_sensor_decorator']) retrieved from /home/airflow/.local/lib/python3.7/site-packages/airflow/example_dags/example_sensor_decorator.py
[2024-04-06T09:59:25.050+0000] {logging_mixin.py:137} INFO - [2024-04-06T09:59:25.050+0000] {dag.py:2690} INFO - Sync 1 DAGs
[2024-04-06T09:59:25.073+0000] {logging_mixin.py:137} INFO - [2024-04-06T09:59:25.073+0000] {dag.py:3441} INFO - Setting next_dagrun for example_sensor_decorator to None, run_after=None
[2024-04-06T09:59:25.090+0000] {processor.py:175} INFO - Processing /home/airflow/.local/lib/python3.7/site-packages/airflow/example_dags/example_sensor_decorator.py took 0.089 seconds
[2024-04-06T09:59:55.798+0000] {processor.py:153} INFO - Started process (PID=274) to work on /home/airflow/.local/lib/python3.7/site-packages/airflow/example_dags/example_sensor_decorator.py
[2024-04-06T09:59:55.799+0000] {processor.py:743} INFO - Processing file /home/airflow/.local/lib/python3.7/site-packages/airflow/example_dags/example_sensor_decorator.py for tasks to queue
[2024-04-06T09:59:55.800+0000] {logging_mixin.py:137} INFO - [2024-04-06T09:59:55.800+0000] {dagbag.py:538} INFO - Filling up the DagBag from /home/airflow/.local/lib/python3.7/site-packages/airflow/example_dags/example_sensor_decorator.py
[2024-04-06T09:59:55.830+0000] {processor.py:753} INFO - DAG(s) dict_keys(['example_sensor_decorator']) retrieved from /home/airflow/.local/lib/python3.7/site-packages/airflow/example_dags/example_sensor_decorator.py
[2024-04-06T09:59:55.863+0000] {logging_mixin.py:137} INFO - [2024-04-06T09:59:55.863+0000] {dag.py:2690} INFO - Sync 1 DAGs
[2024-04-06T09:59:55.899+0000] {logging_mixin.py:137} INFO - [2024-04-06T09:59:55.899+0000] {dag.py:3441} INFO - Setting next_dagrun for example_sensor_decorator to None, run_after=None
[2024-04-06T09:59:55.934+0000] {processor.py:175} INFO - Processing /home/airflow/.local/lib/python3.7/site-packages/airflow/example_dags/example_sensor_decorator.py took 0.140 seconds
[2024-04-06T10:00:26.269+0000] {processor.py:153} INFO - Started process (PID=346) to work on /home/airflow/.local/lib/python3.7/site-packages/airflow/example_dags/example_sensor_decorator.py
[2024-04-06T10:00:26.270+0000] {processor.py:743} INFO - Processing file /home/airflow/.local/lib/python3.7/site-packages/airflow/example_dags/example_sensor_decorator.py for tasks to queue
[2024-04-06T10:00:26.270+0000] {logging_mixin.py:137} INFO - [2024-04-06T10:00:26.270+0000] {dagbag.py:538} INFO - Filling up the DagBag from /home/airflow/.local/lib/python3.7/site-packages/airflow/example_dags/example_sensor_decorator.py
[2024-04-06T10:00:26.290+0000] {processor.py:753} INFO - DAG(s) dict_keys(['example_sensor_decorator']) retrieved from /home/airflow/.local/lib/python3.7/site-packages/airflow/example_dags/example_sensor_decorator.py
[2024-04-06T10:00:26.314+0000] {logging_mixin.py:137} INFO - [2024-04-06T10:00:26.314+0000] {dag.py:2690} INFO - Sync 1 DAGs
[2024-04-06T10:00:26.339+0000] {logging_mixin.py:137} INFO - [2024-04-06T10:00:26.339+0000] {dag.py:3441} INFO - Setting next_dagrun for example_sensor_decorator to None, run_after=None
[2024-04-06T10:00:26.357+0000] {processor.py:175} INFO - Processing /home/airflow/.local/lib/python3.7/site-packages/airflow/example_dags/example_sensor_decorator.py took 0.090 seconds
[2024-04-06T10:00:57.357+0000] {processor.py:153} INFO - Started process (PID=434) to work on /home/airflow/.local/lib/python3.7/site-packages/airflow/example_dags/example_sensor_decorator.py
[2024-04-06T10:00:57.358+0000] {processor.py:743} INFO - Processing file /home/airflow/.local/lib/python3.7/site-packages/airflow/example_dags/example_sensor_decorator.py for tasks to queue
[2024-04-06T10:00:57.358+0000] {logging_mixin.py:137} INFO - [2024-04-06T10:00:57.358+0000] {dagbag.py:538} INFO - Filling up the DagBag from /home/airflow/.local/lib/python3.7/site-packages/airflow/example_dags/example_sensor_decorator.py
[2024-04-06T10:00:57.378+0000] {processor.py:753} INFO - DAG(s) dict_keys(['example_sensor_decorator']) retrieved from /home/airflow/.local/lib/python3.7/site-packages/airflow/example_dags/example_sensor_decorator.py
[2024-04-06T10:00:57.400+0000] {logging_mixin.py:137} INFO - [2024-04-06T10:00:57.399+0000] {dag.py:2690} INFO - Sync 1 DAGs
[2024-04-06T10:00:57.423+0000] {logging_mixin.py:137} INFO - [2024-04-06T10:00:57.422+0000] {dag.py:3441} INFO - Setting next_dagrun for example_sensor_decorator to None, run_after=None
[2024-04-06T10:00:57.439+0000] {processor.py:175} INFO - Processing /home/airflow/.local/lib/python3.7/site-packages/airflow/example_dags/example_sensor_decorator.py took 0.084 seconds
[2024-04-06T10:01:27.711+0000] {processor.py:153} INFO - Started process (PID=506) to work on /home/airflow/.local/lib/python3.7/site-packages/airflow/example_dags/example_sensor_decorator.py
[2024-04-06T10:01:27.712+0000] {processor.py:743} INFO - Processing file /home/airflow/.local/lib/python3.7/site-packages/airflow/example_dags/example_sensor_decorator.py for tasks to queue
[2024-04-06T10:01:27.712+0000] {logging_mixin.py:137} INFO - [2024-04-06T10:01:27.712+0000] {dagbag.py:538} INFO - Filling up the DagBag from /home/airflow/.local/lib/python3.7/site-packages/airflow/example_dags/example_sensor_decorator.py
[2024-04-06T10:01:27.731+0000] {processor.py:753} INFO - DAG(s) dict_keys(['example_sensor_decorator']) retrieved from /home/airflow/.local/lib/python3.7/site-packages/airflow/example_dags/example_sensor_decorator.py
[2024-04-06T10:01:27.754+0000] {logging_mixin.py:137} INFO - [2024-04-06T10:01:27.753+0000] {dag.py:2690} INFO - Sync 1 DAGs
[2024-04-06T10:01:27.777+0000] {logging_mixin.py:137} INFO - [2024-04-06T10:01:27.777+0000] {dag.py:3441} INFO - Setting next_dagrun for example_sensor_decorator to None, run_after=None
[2024-04-06T10:01:27.794+0000] {processor.py:175} INFO - Processing /home/airflow/.local/lib/python3.7/site-packages/airflow/example_dags/example_sensor_decorator.py took 0.086 seconds
[2024-04-06T10:01:58.082+0000] {processor.py:153} INFO - Started process (PID=594) to work on /home/airflow/.local/lib/python3.7/site-packages/airflow/example_dags/example_sensor_decorator.py
[2024-04-06T10:01:58.083+0000] {processor.py:743} INFO - Processing file /home/airflow/.local/lib/python3.7/site-packages/airflow/example_dags/example_sensor_decorator.py for tasks to queue
[2024-04-06T10:01:58.084+0000] {logging_mixin.py:137} INFO - [2024-04-06T10:01:58.083+0000] {dagbag.py:538} INFO - Filling up the DagBag from /home/airflow/.local/lib/python3.7/site-packages/airflow/example_dags/example_sensor_decorator.py
[2024-04-06T10:01:58.103+0000] {processor.py:753} INFO - DAG(s) dict_keys(['example_sensor_decorator']) retrieved from /home/airflow/.local/lib/python3.7/site-packages/airflow/example_dags/example_sensor_decorator.py
[2024-04-06T10:01:58.126+0000] {logging_mixin.py:137} INFO - [2024-04-06T10:01:58.126+0000] {dag.py:2690} INFO - Sync 1 DAGs
[2024-04-06T10:01:58.149+0000] {logging_mixin.py:137} INFO - [2024-04-06T10:01:58.149+0000] {dag.py:3441} INFO - Setting next_dagrun for example_sensor_decorator to None, run_after=None
[2024-04-06T10:01:58.168+0000] {processor.py:175} INFO - Processing /home/airflow/.local/lib/python3.7/site-packages/airflow/example_dags/example_sensor_decorator.py took 0.089 seconds
[2024-04-06T10:02:28.527+0000] {processor.py:153} INFO - Started process (PID=666) to work on /home/airflow/.local/lib/python3.7/site-packages/airflow/example_dags/example_sensor_decorator.py
[2024-04-06T10:02:28.528+0000] {processor.py:743} INFO - Processing file /home/airflow/.local/lib/python3.7/site-packages/airflow/example_dags/example_sensor_decorator.py for tasks to queue
[2024-04-06T10:02:28.528+0000] {logging_mixin.py:137} INFO - [2024-04-06T10:02:28.528+0000] {dagbag.py:538} INFO - Filling up the DagBag from /home/airflow/.local/lib/python3.7/site-packages/airflow/example_dags/example_sensor_decorator.py
[2024-04-06T10:02:28.549+0000] {processor.py:753} INFO - DAG(s) dict_keys(['example_sensor_decorator']) retrieved from /home/airflow/.local/lib/python3.7/site-packages/airflow/example_dags/example_sensor_decorator.py
[2024-04-06T10:02:28.573+0000] {logging_mixin.py:137} INFO - [2024-04-06T10:02:28.572+0000] {dag.py:2690} INFO - Sync 1 DAGs
[2024-04-06T10:02:28.597+0000] {logging_mixin.py:137} INFO - [2024-04-06T10:02:28.597+0000] {dag.py:3441} INFO - Setting next_dagrun for example_sensor_decorator to None, run_after=None
[2024-04-06T10:02:28.618+0000] {processor.py:175} INFO - Processing /home/airflow/.local/lib/python3.7/site-packages/airflow/example_dags/example_sensor_decorator.py took 0.094 seconds
[2024-04-06T10:02:59.181+0000] {processor.py:153} INFO - Started process (PID=754) to work on /home/airflow/.local/lib/python3.7/site-packages/airflow/example_dags/example_sensor_decorator.py
[2024-04-06T10:02:59.181+0000] {processor.py:743} INFO - Processing file /home/airflow/.local/lib/python3.7/site-packages/airflow/example_dags/example_sensor_decorator.py for tasks to queue
[2024-04-06T10:02:59.182+0000] {logging_mixin.py:137} INFO - [2024-04-06T10:02:59.182+0000] {dagbag.py:538} INFO - Filling up the DagBag from /home/airflow/.local/lib/python3.7/site-packages/airflow/example_dags/example_sensor_decorator.py
[2024-04-06T10:02:59.200+0000] {processor.py:753} INFO - DAG(s) dict_keys(['example_sensor_decorator']) retrieved from /home/airflow/.local/lib/python3.7/site-packages/airflow/example_dags/example_sensor_decorator.py
[2024-04-06T10:02:59.221+0000] {logging_mixin.py:137} INFO - [2024-04-06T10:02:59.221+0000] {dag.py:2690} INFO - Sync 1 DAGs
[2024-04-06T10:02:59.244+0000] {logging_mixin.py:137} INFO - [2024-04-06T10:02:59.243+0000] {dag.py:3441} INFO - Setting next_dagrun for example_sensor_decorator to None, run_after=None
[2024-04-06T10:02:59.260+0000] {processor.py:175} INFO - Processing /home/airflow/.local/lib/python3.7/site-packages/airflow/example_dags/example_sensor_decorator.py took 0.082 seconds
[2024-04-06T10:03:29.526+0000] {processor.py:153} INFO - Started process (PID=843) to work on /home/airflow/.local/lib/python3.7/site-packages/airflow/example_dags/example_sensor_decorator.py
[2024-04-06T10:03:29.527+0000] {processor.py:743} INFO - Processing file /home/airflow/.local/lib/python3.7/site-packages/airflow/example_dags/example_sensor_decorator.py for tasks to queue
[2024-04-06T10:03:29.528+0000] {logging_mixin.py:137} INFO - [2024-04-06T10:03:29.527+0000] {dagbag.py:538} INFO - Filling up the DagBag from /home/airflow/.local/lib/python3.7/site-packages/airflow/example_dags/example_sensor_decorator.py
[2024-04-06T10:03:29.549+0000] {processor.py:753} INFO - DAG(s) dict_keys(['example_sensor_decorator']) retrieved from /home/airflow/.local/lib/python3.7/site-packages/airflow/example_dags/example_sensor_decorator.py
[2024-04-06T10:03:29.578+0000] {logging_mixin.py:137} INFO - [2024-04-06T10:03:29.578+0000] {dag.py:2690} INFO - Sync 1 DAGs
[2024-04-06T10:03:29.601+0000] {logging_mixin.py:137} INFO - [2024-04-06T10:03:29.601+0000] {dag.py:3441} INFO - Setting next_dagrun for example_sensor_decorator to None, run_after=None
[2024-04-06T10:03:29.620+0000] {processor.py:175} INFO - Processing /home/airflow/.local/lib/python3.7/site-packages/airflow/example_dags/example_sensor_decorator.py took 0.096 seconds
[2024-04-06T10:03:59.911+0000] {processor.py:153} INFO - Started process (PID=914) to work on /home/airflow/.local/lib/python3.7/site-packages/airflow/example_dags/example_sensor_decorator.py
[2024-04-06T10:03:59.912+0000] {processor.py:743} INFO - Processing file /home/airflow/.local/lib/python3.7/site-packages/airflow/example_dags/example_sensor_decorator.py for tasks to queue
[2024-04-06T10:03:59.913+0000] {logging_mixin.py:137} INFO - [2024-04-06T10:03:59.913+0000] {dagbag.py:538} INFO - Filling up the DagBag from /home/airflow/.local/lib/python3.7/site-packages/airflow/example_dags/example_sensor_decorator.py
[2024-04-06T10:03:59.935+0000] {processor.py:753} INFO - DAG(s) dict_keys(['example_sensor_decorator']) retrieved from /home/airflow/.local/lib/python3.7/site-packages/airflow/example_dags/example_sensor_decorator.py
[2024-04-06T10:03:59.957+0000] {logging_mixin.py:137} INFO - [2024-04-06T10:03:59.957+0000] {dag.py:2690} INFO - Sync 1 DAGs
[2024-04-06T10:03:59.983+0000] {logging_mixin.py:137} INFO - [2024-04-06T10:03:59.983+0000] {dag.py:3441} INFO - Setting next_dagrun for example_sensor_decorator to None, run_after=None
[2024-04-06T10:04:00.001+0000] {processor.py:175} INFO - Processing /home/airflow/.local/lib/python3.7/site-packages/airflow/example_dags/example_sensor_decorator.py took 0.094 seconds
[2024-04-06T10:04:30.645+0000] {processor.py:153} INFO - Started process (PID=995) to work on /home/airflow/.local/lib/python3.7/site-packages/airflow/example_dags/example_sensor_decorator.py
[2024-04-06T10:04:30.646+0000] {processor.py:743} INFO - Processing file /home/airflow/.local/lib/python3.7/site-packages/airflow/example_dags/example_sensor_decorator.py for tasks to queue
[2024-04-06T10:04:30.646+0000] {logging_mixin.py:137} INFO - [2024-04-06T10:04:30.646+0000] {dagbag.py:538} INFO - Filling up the DagBag from /home/airflow/.local/lib/python3.7/site-packages/airflow/example_dags/example_sensor_decorator.py
[2024-04-06T10:04:30.664+0000] {processor.py:753} INFO - DAG(s) dict_keys(['example_sensor_decorator']) retrieved from /home/airflow/.local/lib/python3.7/site-packages/airflow/example_dags/example_sensor_decorator.py
[2024-04-06T10:04:30.686+0000] {logging_mixin.py:137} INFO - [2024-04-06T10:04:30.686+0000] {dag.py:2690} INFO - Sync 1 DAGs
[2024-04-06T10:04:30.708+0000] {logging_mixin.py:137} INFO - [2024-04-06T10:04:30.708+0000] {dag.py:3441} INFO - Setting next_dagrun for example_sensor_decorator to None, run_after=None
[2024-04-06T10:04:30.726+0000] {processor.py:175} INFO - Processing /home/airflow/.local/lib/python3.7/site-packages/airflow/example_dags/example_sensor_decorator.py took 0.083 seconds
[2024-04-06T10:05:01.334+0000] {processor.py:153} INFO - Started process (PID=1074) to work on /home/airflow/.local/lib/python3.7/site-packages/airflow/example_dags/example_sensor_decorator.py
[2024-04-06T10:05:01.334+0000] {processor.py:743} INFO - Processing file /home/airflow/.local/lib/python3.7/site-packages/airflow/example_dags/example_sensor_decorator.py for tasks to queue
[2024-04-06T10:05:01.335+0000] {logging_mixin.py:137} INFO - [2024-04-06T10:05:01.335+0000] {dagbag.py:538} INFO - Filling up the DagBag from /home/airflow/.local/lib/python3.7/site-packages/airflow/example_dags/example_sensor_decorator.py
[2024-04-06T10:05:01.356+0000] {processor.py:753} INFO - DAG(s) dict_keys(['example_sensor_decorator']) retrieved from /home/airflow/.local/lib/python3.7/site-packages/airflow/example_dags/example_sensor_decorator.py
[2024-04-06T10:05:01.382+0000] {logging_mixin.py:137} INFO - [2024-04-06T10:05:01.382+0000] {dag.py:2690} INFO - Sync 1 DAGs
[2024-04-06T10:05:01.411+0000] {logging_mixin.py:137} INFO - [2024-04-06T10:05:01.411+0000] {dag.py:3441} INFO - Setting next_dagrun for example_sensor_decorator to None, run_after=None
[2024-04-06T10:05:01.430+0000] {processor.py:175} INFO - Processing /home/airflow/.local/lib/python3.7/site-packages/airflow/example_dags/example_sensor_decorator.py took 0.099 seconds
[2024-04-06T10:05:32.204+0000] {processor.py:153} INFO - Started process (PID=1162) to work on /home/airflow/.local/lib/python3.7/site-packages/airflow/example_dags/example_sensor_decorator.py
[2024-04-06T10:05:32.205+0000] {processor.py:743} INFO - Processing file /home/airflow/.local/lib/python3.7/site-packages/airflow/example_dags/example_sensor_decorator.py for tasks to queue
[2024-04-06T10:05:32.206+0000] {logging_mixin.py:137} INFO - [2024-04-06T10:05:32.206+0000] {dagbag.py:538} INFO - Filling up the DagBag from /home/airflow/.local/lib/python3.7/site-packages/airflow/example_dags/example_sensor_decorator.py
[2024-04-06T10:05:32.227+0000] {processor.py:753} INFO - DAG(s) dict_keys(['example_sensor_decorator']) retrieved from /home/airflow/.local/lib/python3.7/site-packages/airflow/example_dags/example_sensor_decorator.py
[2024-04-06T10:05:32.257+0000] {logging_mixin.py:137} INFO - [2024-04-06T10:05:32.257+0000] {dag.py:2690} INFO - Sync 1 DAGs
[2024-04-06T10:05:32.293+0000] {logging_mixin.py:137} INFO - [2024-04-06T10:05:32.292+0000] {dag.py:3441} INFO - Setting next_dagrun for example_sensor_decorator to None, run_after=None
[2024-04-06T10:05:32.314+0000] {processor.py:175} INFO - Processing /home/airflow/.local/lib/python3.7/site-packages/airflow/example_dags/example_sensor_decorator.py took 0.112 seconds
[2024-04-06T10:06:03.216+0000] {processor.py:153} INFO - Started process (PID=1234) to work on /home/airflow/.local/lib/python3.7/site-packages/airflow/example_dags/example_sensor_decorator.py
[2024-04-06T10:06:03.217+0000] {processor.py:743} INFO - Processing file /home/airflow/.local/lib/python3.7/site-packages/airflow/example_dags/example_sensor_decorator.py for tasks to queue
[2024-04-06T10:06:03.218+0000] {logging_mixin.py:137} INFO - [2024-04-06T10:06:03.218+0000] {dagbag.py:538} INFO - Filling up the DagBag from /home/airflow/.local/lib/python3.7/site-packages/airflow/example_dags/example_sensor_decorator.py
[2024-04-06T10:06:03.259+0000] {processor.py:753} INFO - DAG(s) dict_keys(['example_sensor_decorator']) retrieved from /home/airflow/.local/lib/python3.7/site-packages/airflow/example_dags/example_sensor_decorator.py
[2024-04-06T10:06:03.302+0000] {logging_mixin.py:137} INFO - [2024-04-06T10:06:03.301+0000] {dag.py:2690} INFO - Sync 1 DAGs
[2024-04-06T10:06:03.353+0000] {logging_mixin.py:137} INFO - [2024-04-06T10:06:03.352+0000] {dag.py:3441} INFO - Setting next_dagrun for example_sensor_decorator to None, run_after=None
[2024-04-06T10:06:03.390+0000] {processor.py:175} INFO - Processing /home/airflow/.local/lib/python3.7/site-packages/airflow/example_dags/example_sensor_decorator.py took 0.180 seconds
[2024-04-06T10:06:33.526+0000] {processor.py:153} INFO - Started process (PID=1307) to work on /home/airflow/.local/lib/python3.7/site-packages/airflow/example_dags/example_sensor_decorator.py
[2024-04-06T10:06:33.528+0000] {processor.py:743} INFO - Processing file /home/airflow/.local/lib/python3.7/site-packages/airflow/example_dags/example_sensor_decorator.py for tasks to queue
[2024-04-06T10:06:33.529+0000] {logging_mixin.py:137} INFO - [2024-04-06T10:06:33.529+0000] {dagbag.py:538} INFO - Filling up the DagBag from /home/airflow/.local/lib/python3.7/site-packages/airflow/example_dags/example_sensor_decorator.py
[2024-04-06T10:06:33.573+0000] {processor.py:753} INFO - DAG(s) dict_keys(['example_sensor_decorator']) retrieved from /home/airflow/.local/lib/python3.7/site-packages/airflow/example_dags/example_sensor_decorator.py
[2024-04-06T10:06:33.616+0000] {logging_mixin.py:137} INFO - [2024-04-06T10:06:33.616+0000] {dag.py:2690} INFO - Sync 1 DAGs
[2024-04-06T10:06:33.666+0000] {logging_mixin.py:137} INFO - [2024-04-06T10:06:33.665+0000] {dag.py:3441} INFO - Setting next_dagrun for example_sensor_decorator to None, run_after=None
[2024-04-06T10:06:33.708+0000] {processor.py:175} INFO - Processing /home/airflow/.local/lib/python3.7/site-packages/airflow/example_dags/example_sensor_decorator.py took 0.187 seconds
[2024-04-06T10:07:04.208+0000] {processor.py:153} INFO - Started process (PID=1378) to work on /home/airflow/.local/lib/python3.7/site-packages/airflow/example_dags/example_sensor_decorator.py
[2024-04-06T10:07:04.209+0000] {processor.py:743} INFO - Processing file /home/airflow/.local/lib/python3.7/site-packages/airflow/example_dags/example_sensor_decorator.py for tasks to queue
[2024-04-06T10:07:04.210+0000] {logging_mixin.py:137} INFO - [2024-04-06T10:07:04.210+0000] {dagbag.py:538} INFO - Filling up the DagBag from /home/airflow/.local/lib/python3.7/site-packages/airflow/example_dags/example_sensor_decorator.py
[2024-04-06T10:07:04.250+0000] {processor.py:753} INFO - DAG(s) dict_keys(['example_sensor_decorator']) retrieved from /home/airflow/.local/lib/python3.7/site-packages/airflow/example_dags/example_sensor_decorator.py
[2024-04-06T10:07:04.293+0000] {logging_mixin.py:137} INFO - [2024-04-06T10:07:04.292+0000] {dag.py:2690} INFO - Sync 1 DAGs
[2024-04-06T10:07:04.340+0000] {logging_mixin.py:137} INFO - [2024-04-06T10:07:04.340+0000] {dag.py:3441} INFO - Setting next_dagrun for example_sensor_decorator to None, run_after=None
[2024-04-06T10:07:04.380+0000] {processor.py:175} INFO - Processing /home/airflow/.local/lib/python3.7/site-packages/airflow/example_dags/example_sensor_decorator.py took 0.177 seconds
[2024-04-06T10:07:34.512+0000] {processor.py:153} INFO - Started process (PID=1450) to work on /home/airflow/.local/lib/python3.7/site-packages/airflow/example_dags/example_sensor_decorator.py
[2024-04-06T10:07:34.513+0000] {processor.py:743} INFO - Processing file /home/airflow/.local/lib/python3.7/site-packages/airflow/example_dags/example_sensor_decorator.py for tasks to queue
[2024-04-06T10:07:34.514+0000] {logging_mixin.py:137} INFO - [2024-04-06T10:07:34.514+0000] {dagbag.py:538} INFO - Filling up the DagBag from /home/airflow/.local/lib/python3.7/site-packages/airflow/example_dags/example_sensor_decorator.py
[2024-04-06T10:07:34.556+0000] {processor.py:753} INFO - DAG(s) dict_keys(['example_sensor_decorator']) retrieved from /home/airflow/.local/lib/python3.7/site-packages/airflow/example_dags/example_sensor_decorator.py
[2024-04-06T10:07:34.614+0000] {logging_mixin.py:137} INFO - [2024-04-06T10:07:34.613+0000] {dag.py:2690} INFO - Sync 1 DAGs
[2024-04-06T10:07:34.678+0000] {logging_mixin.py:137} INFO - [2024-04-06T10:07:34.678+0000] {dag.py:3441} INFO - Setting next_dagrun for example_sensor_decorator to None, run_after=None
[2024-04-06T10:07:34.731+0000] {processor.py:175} INFO - Processing /home/airflow/.local/lib/python3.7/site-packages/airflow/example_dags/example_sensor_decorator.py took 0.225 seconds
[2024-04-06T10:08:05.677+0000] {processor.py:153} INFO - Started process (PID=1522) to work on /home/airflow/.local/lib/python3.7/site-packages/airflow/example_dags/example_sensor_decorator.py
[2024-04-06T10:08:05.678+0000] {processor.py:743} INFO - Processing file /home/airflow/.local/lib/python3.7/site-packages/airflow/example_dags/example_sensor_decorator.py for tasks to queue
[2024-04-06T10:08:05.680+0000] {logging_mixin.py:137} INFO - [2024-04-06T10:08:05.680+0000] {dagbag.py:538} INFO - Filling up the DagBag from /home/airflow/.local/lib/python3.7/site-packages/airflow/example_dags/example_sensor_decorator.py
[2024-04-06T10:08:05.730+0000] {processor.py:753} INFO - DAG(s) dict_keys(['example_sensor_decorator']) retrieved from /home/airflow/.local/lib/python3.7/site-packages/airflow/example_dags/example_sensor_decorator.py
[2024-04-06T10:08:05.781+0000] {logging_mixin.py:137} INFO - [2024-04-06T10:08:05.781+0000] {dag.py:2690} INFO - Sync 1 DAGs
[2024-04-06T10:08:05.838+0000] {logging_mixin.py:137} INFO - [2024-04-06T10:08:05.838+0000] {dag.py:3441} INFO - Setting next_dagrun for example_sensor_decorator to None, run_after=None
[2024-04-06T10:08:05.987+0000] {processor.py:175} INFO - Processing /home/airflow/.local/lib/python3.7/site-packages/airflow/example_dags/example_sensor_decorator.py took 0.317 seconds
[2024-04-06T10:08:36.344+0000] {processor.py:153} INFO - Started process (PID=1603) to work on /home/airflow/.local/lib/python3.7/site-packages/airflow/example_dags/example_sensor_decorator.py
[2024-04-06T10:08:36.345+0000] {processor.py:743} INFO - Processing file /home/airflow/.local/lib/python3.7/site-packages/airflow/example_dags/example_sensor_decorator.py for tasks to queue
[2024-04-06T10:08:36.347+0000] {logging_mixin.py:137} INFO - [2024-04-06T10:08:36.346+0000] {dagbag.py:538} INFO - Filling up the DagBag from /home/airflow/.local/lib/python3.7/site-packages/airflow/example_dags/example_sensor_decorator.py
[2024-04-06T10:08:36.410+0000] {processor.py:753} INFO - DAG(s) dict_keys(['example_sensor_decorator']) retrieved from /home/airflow/.local/lib/python3.7/site-packages/airflow/example_dags/example_sensor_decorator.py
[2024-04-06T10:08:36.477+0000] {logging_mixin.py:137} INFO - [2024-04-06T10:08:36.477+0000] {dag.py:2690} INFO - Sync 1 DAGs
[2024-04-06T10:08:36.559+0000] {logging_mixin.py:137} INFO - [2024-04-06T10:08:36.559+0000] {dag.py:3441} INFO - Setting next_dagrun for example_sensor_decorator to None, run_after=None
[2024-04-06T10:08:36.606+0000] {processor.py:175} INFO - Processing /home/airflow/.local/lib/python3.7/site-packages/airflow/example_dags/example_sensor_decorator.py took 0.271 seconds
[2024-04-06T10:09:06.842+0000] {processor.py:153} INFO - Started process (PID=1675) to work on /home/airflow/.local/lib/python3.7/site-packages/airflow/example_dags/example_sensor_decorator.py
[2024-04-06T10:09:06.846+0000] {processor.py:743} INFO - Processing file /home/airflow/.local/lib/python3.7/site-packages/airflow/example_dags/example_sensor_decorator.py for tasks to queue
[2024-04-06T10:09:06.847+0000] {logging_mixin.py:137} INFO - [2024-04-06T10:09:06.847+0000] {dagbag.py:538} INFO - Filling up the DagBag from /home/airflow/.local/lib/python3.7/site-packages/airflow/example_dags/example_sensor_decorator.py
[2024-04-06T10:09:06.928+0000] {processor.py:753} INFO - DAG(s) dict_keys(['example_sensor_decorator']) retrieved from /home/airflow/.local/lib/python3.7/site-packages/airflow/example_dags/example_sensor_decorator.py
[2024-04-06T10:09:07.000+0000] {logging_mixin.py:137} INFO - [2024-04-06T10:09:06.999+0000] {dag.py:2690} INFO - Sync 1 DAGs
[2024-04-06T10:09:07.067+0000] {logging_mixin.py:137} INFO - [2024-04-06T10:09:07.066+0000] {dag.py:3441} INFO - Setting next_dagrun for example_sensor_decorator to None, run_after=None
[2024-04-06T10:09:07.115+0000] {processor.py:175} INFO - Processing /home/airflow/.local/lib/python3.7/site-packages/airflow/example_dags/example_sensor_decorator.py took 0.280 seconds
[2024-04-06T10:09:37.591+0000] {processor.py:153} INFO - Started process (PID=1755) to work on /home/airflow/.local/lib/python3.7/site-packages/airflow/example_dags/example_sensor_decorator.py
[2024-04-06T10:09:37.593+0000] {processor.py:743} INFO - Processing file /home/airflow/.local/lib/python3.7/site-packages/airflow/example_dags/example_sensor_decorator.py for tasks to queue
[2024-04-06T10:09:37.594+0000] {logging_mixin.py:137} INFO - [2024-04-06T10:09:37.593+0000] {dagbag.py:538} INFO - Filling up the DagBag from /home/airflow/.local/lib/python3.7/site-packages/airflow/example_dags/example_sensor_decorator.py
[2024-04-06T10:09:37.634+0000] {processor.py:753} INFO - DAG(s) dict_keys(['example_sensor_decorator']) retrieved from /home/airflow/.local/lib/python3.7/site-packages/airflow/example_dags/example_sensor_decorator.py
[2024-04-06T10:09:37.686+0000] {logging_mixin.py:137} INFO - [2024-04-06T10:09:37.686+0000] {dag.py:2690} INFO - Sync 1 DAGs
[2024-04-06T10:09:37.752+0000] {logging_mixin.py:137} INFO - [2024-04-06T10:09:37.752+0000] {dag.py:3441} INFO - Setting next_dagrun for example_sensor_decorator to None, run_after=None
[2024-04-06T10:09:37.787+0000] {processor.py:175} INFO - Processing /home/airflow/.local/lib/python3.7/site-packages/airflow/example_dags/example_sensor_decorator.py took 0.201 seconds
[2024-04-06T10:10:08.437+0000] {processor.py:153} INFO - Started process (PID=1826) to work on /home/airflow/.local/lib/python3.7/site-packages/airflow/example_dags/example_sensor_decorator.py
[2024-04-06T10:10:08.438+0000] {processor.py:743} INFO - Processing file /home/airflow/.local/lib/python3.7/site-packages/airflow/example_dags/example_sensor_decorator.py for tasks to queue
[2024-04-06T10:10:08.439+0000] {logging_mixin.py:137} INFO - [2024-04-06T10:10:08.439+0000] {dagbag.py:538} INFO - Filling up the DagBag from /home/airflow/.local/lib/python3.7/site-packages/airflow/example_dags/example_sensor_decorator.py
[2024-04-06T10:10:08.483+0000] {processor.py:753} INFO - DAG(s) dict_keys(['example_sensor_decorator']) retrieved from /home/airflow/.local/lib/python3.7/site-packages/airflow/example_dags/example_sensor_decorator.py
[2024-04-06T10:10:08.529+0000] {logging_mixin.py:137} INFO - [2024-04-06T10:10:08.528+0000] {dag.py:2690} INFO - Sync 1 DAGs
[2024-04-06T10:10:08.580+0000] {logging_mixin.py:137} INFO - [2024-04-06T10:10:08.579+0000] {dag.py:3441} INFO - Setting next_dagrun for example_sensor_decorator to None, run_after=None
[2024-04-06T10:10:08.627+0000] {processor.py:175} INFO - Processing /home/airflow/.local/lib/python3.7/site-packages/airflow/example_dags/example_sensor_decorator.py took 0.196 seconds
[2024-04-06T10:10:38.888+0000] {processor.py:153} INFO - Started process (PID=1897) to work on /home/airflow/.local/lib/python3.7/site-packages/airflow/example_dags/example_sensor_decorator.py
[2024-04-06T10:10:38.890+0000] {processor.py:743} INFO - Processing file /home/airflow/.local/lib/python3.7/site-packages/airflow/example_dags/example_sensor_decorator.py for tasks to queue
[2024-04-06T10:10:38.891+0000] {logging_mixin.py:137} INFO - [2024-04-06T10:10:38.891+0000] {dagbag.py:538} INFO - Filling up the DagBag from /home/airflow/.local/lib/python3.7/site-packages/airflow/example_dags/example_sensor_decorator.py
[2024-04-06T10:10:38.931+0000] {processor.py:753} INFO - DAG(s) dict_keys(['example_sensor_decorator']) retrieved from /home/airflow/.local/lib/python3.7/site-packages/airflow/example_dags/example_sensor_decorator.py
[2024-04-06T10:10:38.972+0000] {logging_mixin.py:137} INFO - [2024-04-06T10:10:38.972+0000] {dag.py:2690} INFO - Sync 1 DAGs
[2024-04-06T10:10:39.022+0000] {logging_mixin.py:137} INFO - [2024-04-06T10:10:39.021+0000] {dag.py:3441} INFO - Setting next_dagrun for example_sensor_decorator to None, run_after=None
[2024-04-06T10:10:39.070+0000] {processor.py:175} INFO - Processing /home/airflow/.local/lib/python3.7/site-packages/airflow/example_dags/example_sensor_decorator.py took 0.187 seconds
[2024-04-06T10:11:09.202+0000] {processor.py:153} INFO - Started process (PID=1970) to work on /home/airflow/.local/lib/python3.7/site-packages/airflow/example_dags/example_sensor_decorator.py
[2024-04-06T10:11:09.204+0000] {processor.py:743} INFO - Processing file /home/airflow/.local/lib/python3.7/site-packages/airflow/example_dags/example_sensor_decorator.py for tasks to queue
[2024-04-06T10:11:09.205+0000] {logging_mixin.py:137} INFO - [2024-04-06T10:11:09.204+0000] {dagbag.py:538} INFO - Filling up the DagBag from /home/airflow/.local/lib/python3.7/site-packages/airflow/example_dags/example_sensor_decorator.py
[2024-04-06T10:11:09.250+0000] {processor.py:753} INFO - DAG(s) dict_keys(['example_sensor_decorator']) retrieved from /home/airflow/.local/lib/python3.7/site-packages/airflow/example_dags/example_sensor_decorator.py
[2024-04-06T10:11:09.295+0000] {logging_mixin.py:137} INFO - [2024-04-06T10:11:09.295+0000] {dag.py:2690} INFO - Sync 1 DAGs
[2024-04-06T10:11:09.348+0000] {logging_mixin.py:137} INFO - [2024-04-06T10:11:09.348+0000] {dag.py:3441} INFO - Setting next_dagrun for example_sensor_decorator to None, run_after=None
[2024-04-06T10:11:09.400+0000] {processor.py:175} INFO - Processing /home/airflow/.local/lib/python3.7/site-packages/airflow/example_dags/example_sensor_decorator.py took 0.203 seconds
[2024-04-06T10:11:40.010+0000] {processor.py:153} INFO - Started process (PID=2042) to work on /home/airflow/.local/lib/python3.7/site-packages/airflow/example_dags/example_sensor_decorator.py
[2024-04-06T10:11:40.011+0000] {processor.py:743} INFO - Processing file /home/airflow/.local/lib/python3.7/site-packages/airflow/example_dags/example_sensor_decorator.py for tasks to queue
[2024-04-06T10:11:40.013+0000] {logging_mixin.py:137} INFO - [2024-04-06T10:11:40.012+0000] {dagbag.py:538} INFO - Filling up the DagBag from /home/airflow/.local/lib/python3.7/site-packages/airflow/example_dags/example_sensor_decorator.py
[2024-04-06T10:11:40.060+0000] {processor.py:753} INFO - DAG(s) dict_keys(['example_sensor_decorator']) retrieved from /home/airflow/.local/lib/python3.7/site-packages/airflow/example_dags/example_sensor_decorator.py
[2024-04-06T10:11:40.109+0000] {logging_mixin.py:137} INFO - [2024-04-06T10:11:40.108+0000] {dag.py:2690} INFO - Sync 1 DAGs
[2024-04-06T10:11:40.162+0000] {logging_mixin.py:137} INFO - [2024-04-06T10:11:40.162+0000] {dag.py:3441} INFO - Setting next_dagrun for example_sensor_decorator to None, run_after=None
[2024-04-06T10:11:40.202+0000] {processor.py:175} INFO - Processing /home/airflow/.local/lib/python3.7/site-packages/airflow/example_dags/example_sensor_decorator.py took 0.198 seconds
[2024-04-06T10:12:10.472+0000] {processor.py:153} INFO - Started process (PID=2114) to work on /home/airflow/.local/lib/python3.7/site-packages/airflow/example_dags/example_sensor_decorator.py
[2024-04-06T10:12:10.473+0000] {processor.py:743} INFO - Processing file /home/airflow/.local/lib/python3.7/site-packages/airflow/example_dags/example_sensor_decorator.py for tasks to queue
[2024-04-06T10:12:10.474+0000] {logging_mixin.py:137} INFO - [2024-04-06T10:12:10.474+0000] {dagbag.py:538} INFO - Filling up the DagBag from /home/airflow/.local/lib/python3.7/site-packages/airflow/example_dags/example_sensor_decorator.py
[2024-04-06T10:12:10.518+0000] {processor.py:753} INFO - DAG(s) dict_keys(['example_sensor_decorator']) retrieved from /home/airflow/.local/lib/python3.7/site-packages/airflow/example_dags/example_sensor_decorator.py
[2024-04-06T10:12:10.562+0000] {logging_mixin.py:137} INFO - [2024-04-06T10:12:10.562+0000] {dag.py:2690} INFO - Sync 1 DAGs
[2024-04-06T10:12:10.607+0000] {logging_mixin.py:137} INFO - [2024-04-06T10:12:10.607+0000] {dag.py:3441} INFO - Setting next_dagrun for example_sensor_decorator to None, run_after=None
[2024-04-06T10:12:10.641+0000] {processor.py:175} INFO - Processing /home/airflow/.local/lib/python3.7/site-packages/airflow/example_dags/example_sensor_decorator.py took 0.175 seconds
[2024-04-06T10:12:41.127+0000] {processor.py:153} INFO - Started process (PID=2186) to work on /home/airflow/.local/lib/python3.7/site-packages/airflow/example_dags/example_sensor_decorator.py
[2024-04-06T10:12:41.129+0000] {processor.py:743} INFO - Processing file /home/airflow/.local/lib/python3.7/site-packages/airflow/example_dags/example_sensor_decorator.py for tasks to queue
[2024-04-06T10:12:41.130+0000] {logging_mixin.py:137} INFO - [2024-04-06T10:12:41.130+0000] {dagbag.py:538} INFO - Filling up the DagBag from /home/airflow/.local/lib/python3.7/site-packages/airflow/example_dags/example_sensor_decorator.py
[2024-04-06T10:12:41.187+0000] {processor.py:753} INFO - DAG(s) dict_keys(['example_sensor_decorator']) retrieved from /home/airflow/.local/lib/python3.7/site-packages/airflow/example_dags/example_sensor_decorator.py
[2024-04-06T10:12:41.244+0000] {logging_mixin.py:137} INFO - [2024-04-06T10:12:41.244+0000] {dag.py:2690} INFO - Sync 1 DAGs
[2024-04-06T10:12:41.300+0000] {logging_mixin.py:137} INFO - [2024-04-06T10:12:41.300+0000] {dag.py:3441} INFO - Setting next_dagrun for example_sensor_decorator to None, run_after=None
[2024-04-06T10:12:41.337+0000] {processor.py:175} INFO - Processing /home/airflow/.local/lib/python3.7/site-packages/airflow/example_dags/example_sensor_decorator.py took 0.217 seconds
[2024-04-06T10:42:02.398+0000] {processor.py:161} INFO - Started process (PID=38) to work on /home/airflow/.local/lib/python3.8/site-packages/airflow/example_dags/example_sensor_decorator.py
[2024-04-06T10:42:02.399+0000] {processor.py:830} INFO - Processing file /home/airflow/.local/lib/python3.8/site-packages/airflow/example_dags/example_sensor_decorator.py for tasks to queue
[2024-04-06T10:42:02.401+0000] {logging_mixin.py:188} INFO - [2024-04-06T10:42:02.400+0000] {dagbag.py:540} INFO - Filling up the DagBag from /home/airflow/.local/lib/python3.8/site-packages/airflow/example_dags/example_sensor_decorator.py
[2024-04-06T10:42:02.406+0000] {processor.py:840} INFO - DAG(s) 'example_sensor_decorator' retrieved from /home/airflow/.local/lib/python3.8/site-packages/airflow/example_dags/example_sensor_decorator.py
[2024-04-06T10:42:02.545+0000] {logging_mixin.py:188} INFO - [2024-04-06T10:42:02.544+0000] {override.py:1769} INFO - Created Permission View: can delete on DAG:example_sensor_decorator
[2024-04-06T10:42:02.553+0000] {logging_mixin.py:188} INFO - [2024-04-06T10:42:02.553+0000] {override.py:1769} INFO - Created Permission View: can read on DAG:example_sensor_decorator
[2024-04-06T10:42:02.559+0000] {logging_mixin.py:188} INFO - [2024-04-06T10:42:02.559+0000] {override.py:1769} INFO - Created Permission View: can edit on DAG:example_sensor_decorator
[2024-04-06T10:42:02.560+0000] {logging_mixin.py:188} INFO - [2024-04-06T10:42:02.560+0000] {dag.py:3047} INFO - Sync 1 DAGs
[2024-04-06T10:42:02.567+0000] {logging_mixin.py:188} INFO - [2024-04-06T10:42:02.567+0000] {dag.py:3069} INFO - Creating ORM DAG for example_sensor_decorator
[2024-04-06T10:42:02.568+0000] {logging_mixin.py:188} INFO - [2024-04-06T10:42:02.568+0000] {dag.py:3834} INFO - Setting next_dagrun for example_sensor_decorator to None, run_after=None
[2024-04-06T10:42:02.580+0000] {processor.py:183} INFO - Processing /home/airflow/.local/lib/python3.8/site-packages/airflow/example_dags/example_sensor_decorator.py took 0.184 seconds
[2024-04-06T10:42:32.600+0000] {processor.py:161} INFO - Started process (PID=93) to work on /home/airflow/.local/lib/python3.8/site-packages/airflow/example_dags/example_sensor_decorator.py
[2024-04-06T10:42:32.601+0000] {processor.py:830} INFO - Processing file /home/airflow/.local/lib/python3.8/site-packages/airflow/example_dags/example_sensor_decorator.py for tasks to queue
[2024-04-06T10:42:32.602+0000] {logging_mixin.py:188} INFO - [2024-04-06T10:42:32.602+0000] {dagbag.py:540} INFO - Filling up the DagBag from /home/airflow/.local/lib/python3.8/site-packages/airflow/example_dags/example_sensor_decorator.py
[2024-04-06T10:42:32.606+0000] {processor.py:840} INFO - DAG(s) 'example_sensor_decorator' retrieved from /home/airflow/.local/lib/python3.8/site-packages/airflow/example_dags/example_sensor_decorator.py
[2024-04-06T10:42:32.622+0000] {logging_mixin.py:188} INFO - [2024-04-06T10:42:32.621+0000] {dag.py:3047} INFO - Sync 1 DAGs
[2024-04-06T10:42:32.631+0000] {logging_mixin.py:188} INFO - [2024-04-06T10:42:32.631+0000] {dag.py:3834} INFO - Setting next_dagrun for example_sensor_decorator to None, run_after=None
[2024-04-06T10:42:32.645+0000] {processor.py:183} INFO - Processing /home/airflow/.local/lib/python3.8/site-packages/airflow/example_dags/example_sensor_decorator.py took 0.047 seconds
[2024-04-06T10:43:02.722+0000] {processor.py:161} INFO - Started process (PID=149) to work on /home/airflow/.local/lib/python3.8/site-packages/airflow/example_dags/example_sensor_decorator.py
[2024-04-06T10:43:02.722+0000] {processor.py:830} INFO - Processing file /home/airflow/.local/lib/python3.8/site-packages/airflow/example_dags/example_sensor_decorator.py for tasks to queue
[2024-04-06T10:43:02.723+0000] {logging_mixin.py:188} INFO - [2024-04-06T10:43:02.723+0000] {dagbag.py:540} INFO - Filling up the DagBag from /home/airflow/.local/lib/python3.8/site-packages/airflow/example_dags/example_sensor_decorator.py
[2024-04-06T10:43:02.728+0000] {processor.py:840} INFO - DAG(s) 'example_sensor_decorator' retrieved from /home/airflow/.local/lib/python3.8/site-packages/airflow/example_dags/example_sensor_decorator.py
[2024-04-06T10:43:02.740+0000] {logging_mixin.py:188} INFO - [2024-04-06T10:43:02.740+0000] {dag.py:3047} INFO - Sync 1 DAGs
[2024-04-06T10:43:02.749+0000] {logging_mixin.py:188} INFO - [2024-04-06T10:43:02.749+0000] {dag.py:3834} INFO - Setting next_dagrun for example_sensor_decorator to None, run_after=None
[2024-04-06T10:43:02.782+0000] {processor.py:183} INFO - Processing /home/airflow/.local/lib/python3.8/site-packages/airflow/example_dags/example_sensor_decorator.py took 0.062 seconds
[2024-04-06T10:43:33.439+0000] {processor.py:161} INFO - Started process (PID=206) to work on /home/airflow/.local/lib/python3.8/site-packages/airflow/example_dags/example_sensor_decorator.py
[2024-04-06T10:43:33.439+0000] {processor.py:830} INFO - Processing file /home/airflow/.local/lib/python3.8/site-packages/airflow/example_dags/example_sensor_decorator.py for tasks to queue
[2024-04-06T10:43:33.441+0000] {logging_mixin.py:188} INFO - [2024-04-06T10:43:33.441+0000] {dagbag.py:540} INFO - Filling up the DagBag from /home/airflow/.local/lib/python3.8/site-packages/airflow/example_dags/example_sensor_decorator.py
[2024-04-06T10:43:33.446+0000] {processor.py:840} INFO - DAG(s) 'example_sensor_decorator' retrieved from /home/airflow/.local/lib/python3.8/site-packages/airflow/example_dags/example_sensor_decorator.py
[2024-04-06T10:43:33.459+0000] {logging_mixin.py:188} INFO - [2024-04-06T10:43:33.459+0000] {dag.py:3047} INFO - Sync 1 DAGs
[2024-04-06T10:43:33.468+0000] {logging_mixin.py:188} INFO - [2024-04-06T10:43:33.468+0000] {dag.py:3834} INFO - Setting next_dagrun for example_sensor_decorator to None, run_after=None
[2024-04-06T10:43:33.481+0000] {processor.py:183} INFO - Processing /home/airflow/.local/lib/python3.8/site-packages/airflow/example_dags/example_sensor_decorator.py took 0.044 seconds
[2024-04-06T10:44:04.087+0000] {processor.py:161} INFO - Started process (PID=262) to work on /home/airflow/.local/lib/python3.8/site-packages/airflow/example_dags/example_sensor_decorator.py
[2024-04-06T10:44:04.088+0000] {processor.py:830} INFO - Processing file /home/airflow/.local/lib/python3.8/site-packages/airflow/example_dags/example_sensor_decorator.py for tasks to queue
[2024-04-06T10:44:04.089+0000] {logging_mixin.py:188} INFO - [2024-04-06T10:44:04.089+0000] {dagbag.py:540} INFO - Filling up the DagBag from /home/airflow/.local/lib/python3.8/site-packages/airflow/example_dags/example_sensor_decorator.py
[2024-04-06T10:44:04.094+0000] {processor.py:840} INFO - DAG(s) 'example_sensor_decorator' retrieved from /home/airflow/.local/lib/python3.8/site-packages/airflow/example_dags/example_sensor_decorator.py
[2024-04-06T10:44:04.106+0000] {logging_mixin.py:188} INFO - [2024-04-06T10:44:04.106+0000] {dag.py:3047} INFO - Sync 1 DAGs
[2024-04-06T10:44:04.114+0000] {logging_mixin.py:188} INFO - [2024-04-06T10:44:04.114+0000] {dag.py:3834} INFO - Setting next_dagrun for example_sensor_decorator to None, run_after=None
[2024-04-06T10:44:04.127+0000] {processor.py:183} INFO - Processing /home/airflow/.local/lib/python3.8/site-packages/airflow/example_dags/example_sensor_decorator.py took 0.042 seconds
[2024-04-06T10:44:34.821+0000] {processor.py:161} INFO - Started process (PID=318) to work on /home/airflow/.local/lib/python3.8/site-packages/airflow/example_dags/example_sensor_decorator.py
[2024-04-06T10:44:34.822+0000] {processor.py:830} INFO - Processing file /home/airflow/.local/lib/python3.8/site-packages/airflow/example_dags/example_sensor_decorator.py for tasks to queue
[2024-04-06T10:44:34.823+0000] {logging_mixin.py:188} INFO - [2024-04-06T10:44:34.823+0000] {dagbag.py:540} INFO - Filling up the DagBag from /home/airflow/.local/lib/python3.8/site-packages/airflow/example_dags/example_sensor_decorator.py
[2024-04-06T10:44:34.827+0000] {processor.py:840} INFO - DAG(s) 'example_sensor_decorator' retrieved from /home/airflow/.local/lib/python3.8/site-packages/airflow/example_dags/example_sensor_decorator.py
[2024-04-06T10:44:34.840+0000] {logging_mixin.py:188} INFO - [2024-04-06T10:44:34.840+0000] {dag.py:3047} INFO - Sync 1 DAGs
[2024-04-06T10:44:34.848+0000] {logging_mixin.py:188} INFO - [2024-04-06T10:44:34.848+0000] {dag.py:3834} INFO - Setting next_dagrun for example_sensor_decorator to None, run_after=None
[2024-04-06T10:44:34.862+0000] {processor.py:183} INFO - Processing /home/airflow/.local/lib/python3.8/site-packages/airflow/example_dags/example_sensor_decorator.py took 0.043 seconds
[2024-04-06T10:45:04.938+0000] {processor.py:161} INFO - Started process (PID=374) to work on /home/airflow/.local/lib/python3.8/site-packages/airflow/example_dags/example_sensor_decorator.py
[2024-04-06T10:45:04.938+0000] {processor.py:830} INFO - Processing file /home/airflow/.local/lib/python3.8/site-packages/airflow/example_dags/example_sensor_decorator.py for tasks to queue
[2024-04-06T10:45:04.940+0000] {logging_mixin.py:188} INFO - [2024-04-06T10:45:04.939+0000] {dagbag.py:540} INFO - Filling up the DagBag from /home/airflow/.local/lib/python3.8/site-packages/airflow/example_dags/example_sensor_decorator.py
[2024-04-06T10:45:04.943+0000] {processor.py:840} INFO - DAG(s) 'example_sensor_decorator' retrieved from /home/airflow/.local/lib/python3.8/site-packages/airflow/example_dags/example_sensor_decorator.py
[2024-04-06T10:45:04.956+0000] {logging_mixin.py:188} INFO - [2024-04-06T10:45:04.956+0000] {dag.py:3047} INFO - Sync 1 DAGs
[2024-04-06T10:45:04.966+0000] {logging_mixin.py:188} INFO - [2024-04-06T10:45:04.966+0000] {dag.py:3834} INFO - Setting next_dagrun for example_sensor_decorator to None, run_after=None
[2024-04-06T10:45:04.977+0000] {processor.py:183} INFO - Processing /home/airflow/.local/lib/python3.8/site-packages/airflow/example_dags/example_sensor_decorator.py took 0.041 seconds
