[2024-04-06T09:36:48.387+0000] {processor.py:153} INFO - Started process (PID=72) to work on /home/airflow/.local/lib/python3.7/site-packages/airflow/example_dags/tutorial_dag.py
[2024-04-06T09:36:48.388+0000] {processor.py:743} INFO - Processing file /home/airflow/.local/lib/python3.7/site-packages/airflow/example_dags/tutorial_dag.py for tasks to queue
[2024-04-06T09:36:48.389+0000] {logging_mixin.py:137} INFO - [2024-04-06T09:36:48.389+0000] {dagbag.py:538} INFO - Filling up the DagBag from /home/airflow/.local/lib/python3.7/site-packages/airflow/example_dags/tutorial_dag.py
[2024-04-06T09:36:48.411+0000] {processor.py:753} INFO - DAG(s) dict_keys(['tutorial_dag']) retrieved from /home/airflow/.local/lib/python3.7/site-packages/airflow/example_dags/tutorial_dag.py
[2024-04-06T09:36:48.429+0000] {logging_mixin.py:137} INFO - [2024-04-06T09:36:48.429+0000] {dag.py:2690} INFO - Sync 1 DAGs
[2024-04-06T09:36:48.471+0000] {logging_mixin.py:137} INFO - [2024-04-06T09:36:48.471+0000] {dag.py:3441} INFO - Setting next_dagrun for tutorial_dag to None, run_after=None
[2024-04-06T09:36:48.510+0000] {processor.py:175} INFO - Processing /home/airflow/.local/lib/python3.7/site-packages/airflow/example_dags/tutorial_dag.py took 0.127 seconds
[2024-04-06T09:37:19.410+0000] {processor.py:153} INFO - Started process (PID=144) to work on /home/airflow/.local/lib/python3.7/site-packages/airflow/example_dags/tutorial_dag.py
[2024-04-06T09:37:19.411+0000] {processor.py:743} INFO - Processing file /home/airflow/.local/lib/python3.7/site-packages/airflow/example_dags/tutorial_dag.py for tasks to queue
[2024-04-06T09:37:19.412+0000] {logging_mixin.py:137} INFO - [2024-04-06T09:37:19.411+0000] {dagbag.py:538} INFO - Filling up the DagBag from /home/airflow/.local/lib/python3.7/site-packages/airflow/example_dags/tutorial_dag.py
[2024-04-06T09:37:19.424+0000] {processor.py:753} INFO - DAG(s) dict_keys(['tutorial_dag']) retrieved from /home/airflow/.local/lib/python3.7/site-packages/airflow/example_dags/tutorial_dag.py
[2024-04-06T09:37:19.437+0000] {logging_mixin.py:137} INFO - [2024-04-06T09:37:19.437+0000] {dag.py:2690} INFO - Sync 1 DAGs
[2024-04-06T09:37:19.464+0000] {logging_mixin.py:137} INFO - [2024-04-06T09:37:19.464+0000] {dag.py:3441} INFO - Setting next_dagrun for tutorial_dag to None, run_after=None
[2024-04-06T09:37:19.482+0000] {processor.py:175} INFO - Processing /home/airflow/.local/lib/python3.7/site-packages/airflow/example_dags/tutorial_dag.py took 0.074 seconds
[2024-04-06T09:37:50.141+0000] {processor.py:153} INFO - Started process (PID=216) to work on /home/airflow/.local/lib/python3.7/site-packages/airflow/example_dags/tutorial_dag.py
[2024-04-06T09:37:50.142+0000] {processor.py:743} INFO - Processing file /home/airflow/.local/lib/python3.7/site-packages/airflow/example_dags/tutorial_dag.py for tasks to queue
[2024-04-06T09:37:50.143+0000] {logging_mixin.py:137} INFO - [2024-04-06T09:37:50.142+0000] {dagbag.py:538} INFO - Filling up the DagBag from /home/airflow/.local/lib/python3.7/site-packages/airflow/example_dags/tutorial_dag.py
[2024-04-06T09:37:50.155+0000] {processor.py:753} INFO - DAG(s) dict_keys(['tutorial_dag']) retrieved from /home/airflow/.local/lib/python3.7/site-packages/airflow/example_dags/tutorial_dag.py
[2024-04-06T09:37:50.186+0000] {logging_mixin.py:137} INFO - [2024-04-06T09:37:50.186+0000] {dag.py:2690} INFO - Sync 1 DAGs
[2024-04-06T09:37:50.213+0000] {logging_mixin.py:137} INFO - [2024-04-06T09:37:50.213+0000] {dag.py:3441} INFO - Setting next_dagrun for tutorial_dag to None, run_after=None
[2024-04-06T09:37:50.231+0000] {processor.py:175} INFO - Processing /home/airflow/.local/lib/python3.7/site-packages/airflow/example_dags/tutorial_dag.py took 0.093 seconds
[2024-04-06T09:38:20.850+0000] {processor.py:153} INFO - Started process (PID=304) to work on /home/airflow/.local/lib/python3.7/site-packages/airflow/example_dags/tutorial_dag.py
[2024-04-06T09:38:20.851+0000] {processor.py:743} INFO - Processing file /home/airflow/.local/lib/python3.7/site-packages/airflow/example_dags/tutorial_dag.py for tasks to queue
[2024-04-06T09:38:20.852+0000] {logging_mixin.py:137} INFO - [2024-04-06T09:38:20.852+0000] {dagbag.py:538} INFO - Filling up the DagBag from /home/airflow/.local/lib/python3.7/site-packages/airflow/example_dags/tutorial_dag.py
[2024-04-06T09:38:20.865+0000] {processor.py:753} INFO - DAG(s) dict_keys(['tutorial_dag']) retrieved from /home/airflow/.local/lib/python3.7/site-packages/airflow/example_dags/tutorial_dag.py
[2024-04-06T09:38:20.890+0000] {logging_mixin.py:137} INFO - [2024-04-06T09:38:20.890+0000] {dag.py:2690} INFO - Sync 1 DAGs
[2024-04-06T09:38:20.924+0000] {logging_mixin.py:137} INFO - [2024-04-06T09:38:20.924+0000] {dag.py:3441} INFO - Setting next_dagrun for tutorial_dag to None, run_after=None
[2024-04-06T09:38:20.943+0000] {processor.py:175} INFO - Processing /home/airflow/.local/lib/python3.7/site-packages/airflow/example_dags/tutorial_dag.py took 0.096 seconds
[2024-04-06T09:38:51.148+0000] {processor.py:153} INFO - Started process (PID=375) to work on /home/airflow/.local/lib/python3.7/site-packages/airflow/example_dags/tutorial_dag.py
[2024-04-06T09:38:51.149+0000] {processor.py:743} INFO - Processing file /home/airflow/.local/lib/python3.7/site-packages/airflow/example_dags/tutorial_dag.py for tasks to queue
[2024-04-06T09:38:51.149+0000] {logging_mixin.py:137} INFO - [2024-04-06T09:38:51.149+0000] {dagbag.py:538} INFO - Filling up the DagBag from /home/airflow/.local/lib/python3.7/site-packages/airflow/example_dags/tutorial_dag.py
[2024-04-06T09:38:51.160+0000] {processor.py:753} INFO - DAG(s) dict_keys(['tutorial_dag']) retrieved from /home/airflow/.local/lib/python3.7/site-packages/airflow/example_dags/tutorial_dag.py
[2024-04-06T09:38:51.183+0000] {logging_mixin.py:137} INFO - [2024-04-06T09:38:51.183+0000] {dag.py:2690} INFO - Sync 1 DAGs
[2024-04-06T09:38:51.205+0000] {logging_mixin.py:137} INFO - [2024-04-06T09:38:51.205+0000] {dag.py:3441} INFO - Setting next_dagrun for tutorial_dag to None, run_after=None
[2024-04-06T09:38:51.223+0000] {processor.py:175} INFO - Processing /home/airflow/.local/lib/python3.7/site-packages/airflow/example_dags/tutorial_dag.py took 0.078 seconds
[2024-04-06T09:39:21.368+0000] {processor.py:153} INFO - Started process (PID=464) to work on /home/airflow/.local/lib/python3.7/site-packages/airflow/example_dags/tutorial_dag.py
[2024-04-06T09:39:21.368+0000] {processor.py:743} INFO - Processing file /home/airflow/.local/lib/python3.7/site-packages/airflow/example_dags/tutorial_dag.py for tasks to queue
[2024-04-06T09:39:21.369+0000] {logging_mixin.py:137} INFO - [2024-04-06T09:39:21.369+0000] {dagbag.py:538} INFO - Filling up the DagBag from /home/airflow/.local/lib/python3.7/site-packages/airflow/example_dags/tutorial_dag.py
[2024-04-06T09:39:21.379+0000] {processor.py:753} INFO - DAG(s) dict_keys(['tutorial_dag']) retrieved from /home/airflow/.local/lib/python3.7/site-packages/airflow/example_dags/tutorial_dag.py
[2024-04-06T09:39:21.399+0000] {logging_mixin.py:137} INFO - [2024-04-06T09:39:21.399+0000] {dag.py:2690} INFO - Sync 1 DAGs
[2024-04-06T09:39:21.421+0000] {logging_mixin.py:137} INFO - [2024-04-06T09:39:21.421+0000] {dag.py:3441} INFO - Setting next_dagrun for tutorial_dag to None, run_after=None
[2024-04-06T09:39:21.438+0000] {processor.py:175} INFO - Processing /home/airflow/.local/lib/python3.7/site-packages/airflow/example_dags/tutorial_dag.py took 0.073 seconds
[2024-04-06T09:39:51.546+0000] {processor.py:153} INFO - Started process (PID=535) to work on /home/airflow/.local/lib/python3.7/site-packages/airflow/example_dags/tutorial_dag.py
[2024-04-06T09:39:51.546+0000] {processor.py:743} INFO - Processing file /home/airflow/.local/lib/python3.7/site-packages/airflow/example_dags/tutorial_dag.py for tasks to queue
[2024-04-06T09:39:51.547+0000] {logging_mixin.py:137} INFO - [2024-04-06T09:39:51.547+0000] {dagbag.py:538} INFO - Filling up the DagBag from /home/airflow/.local/lib/python3.7/site-packages/airflow/example_dags/tutorial_dag.py
[2024-04-06T09:39:51.560+0000] {processor.py:753} INFO - DAG(s) dict_keys(['tutorial_dag']) retrieved from /home/airflow/.local/lib/python3.7/site-packages/airflow/example_dags/tutorial_dag.py
[2024-04-06T09:39:51.581+0000] {logging_mixin.py:137} INFO - [2024-04-06T09:39:51.581+0000] {dag.py:2690} INFO - Sync 1 DAGs
[2024-04-06T09:39:51.605+0000] {logging_mixin.py:137} INFO - [2024-04-06T09:39:51.605+0000] {dag.py:3441} INFO - Setting next_dagrun for tutorial_dag to None, run_after=None
[2024-04-06T09:39:51.622+0000] {processor.py:175} INFO - Processing /home/airflow/.local/lib/python3.7/site-packages/airflow/example_dags/tutorial_dag.py took 0.079 seconds
[2024-04-06T09:40:22.023+0000] {processor.py:153} INFO - Started process (PID=623) to work on /home/airflow/.local/lib/python3.7/site-packages/airflow/example_dags/tutorial_dag.py
[2024-04-06T09:40:22.023+0000] {processor.py:743} INFO - Processing file /home/airflow/.local/lib/python3.7/site-packages/airflow/example_dags/tutorial_dag.py for tasks to queue
[2024-04-06T09:40:22.024+0000] {logging_mixin.py:137} INFO - [2024-04-06T09:40:22.024+0000] {dagbag.py:538} INFO - Filling up the DagBag from /home/airflow/.local/lib/python3.7/site-packages/airflow/example_dags/tutorial_dag.py
[2024-04-06T09:40:22.034+0000] {processor.py:753} INFO - DAG(s) dict_keys(['tutorial_dag']) retrieved from /home/airflow/.local/lib/python3.7/site-packages/airflow/example_dags/tutorial_dag.py
[2024-04-06T09:40:22.056+0000] {logging_mixin.py:137} INFO - [2024-04-06T09:40:22.056+0000] {dag.py:2690} INFO - Sync 1 DAGs
[2024-04-06T09:40:22.076+0000] {logging_mixin.py:137} INFO - [2024-04-06T09:40:22.076+0000] {dag.py:3441} INFO - Setting next_dagrun for tutorial_dag to None, run_after=None
[2024-04-06T09:40:22.092+0000] {processor.py:175} INFO - Processing /home/airflow/.local/lib/python3.7/site-packages/airflow/example_dags/tutorial_dag.py took 0.072 seconds
[2024-04-06T09:40:52.272+0000] {processor.py:153} INFO - Started process (PID=695) to work on /home/airflow/.local/lib/python3.7/site-packages/airflow/example_dags/tutorial_dag.py
[2024-04-06T09:40:52.272+0000] {processor.py:743} INFO - Processing file /home/airflow/.local/lib/python3.7/site-packages/airflow/example_dags/tutorial_dag.py for tasks to queue
[2024-04-06T09:40:52.273+0000] {logging_mixin.py:137} INFO - [2024-04-06T09:40:52.273+0000] {dagbag.py:538} INFO - Filling up the DagBag from /home/airflow/.local/lib/python3.7/site-packages/airflow/example_dags/tutorial_dag.py
[2024-04-06T09:40:52.282+0000] {processor.py:753} INFO - DAG(s) dict_keys(['tutorial_dag']) retrieved from /home/airflow/.local/lib/python3.7/site-packages/airflow/example_dags/tutorial_dag.py
[2024-04-06T09:40:52.302+0000] {logging_mixin.py:137} INFO - [2024-04-06T09:40:52.302+0000] {dag.py:2690} INFO - Sync 1 DAGs
[2024-04-06T09:40:52.324+0000] {logging_mixin.py:137} INFO - [2024-04-06T09:40:52.324+0000] {dag.py:3441} INFO - Setting next_dagrun for tutorial_dag to None, run_after=None
[2024-04-06T09:40:52.342+0000] {processor.py:175} INFO - Processing /home/airflow/.local/lib/python3.7/site-packages/airflow/example_dags/tutorial_dag.py took 0.073 seconds
[2024-04-06T09:41:22.757+0000] {processor.py:153} INFO - Started process (PID=783) to work on /home/airflow/.local/lib/python3.7/site-packages/airflow/example_dags/tutorial_dag.py
[2024-04-06T09:41:22.757+0000] {processor.py:743} INFO - Processing file /home/airflow/.local/lib/python3.7/site-packages/airflow/example_dags/tutorial_dag.py for tasks to queue
[2024-04-06T09:41:22.758+0000] {logging_mixin.py:137} INFO - [2024-04-06T09:41:22.758+0000] {dagbag.py:538} INFO - Filling up the DagBag from /home/airflow/.local/lib/python3.7/site-packages/airflow/example_dags/tutorial_dag.py
[2024-04-06T09:41:22.769+0000] {processor.py:753} INFO - DAG(s) dict_keys(['tutorial_dag']) retrieved from /home/airflow/.local/lib/python3.7/site-packages/airflow/example_dags/tutorial_dag.py
[2024-04-06T09:41:22.789+0000] {logging_mixin.py:137} INFO - [2024-04-06T09:41:22.789+0000] {dag.py:2690} INFO - Sync 1 DAGs
[2024-04-06T09:41:22.811+0000] {logging_mixin.py:137} INFO - [2024-04-06T09:41:22.811+0000] {dag.py:3441} INFO - Setting next_dagrun for tutorial_dag to None, run_after=None
[2024-04-06T09:41:22.827+0000] {processor.py:175} INFO - Processing /home/airflow/.local/lib/python3.7/site-packages/airflow/example_dags/tutorial_dag.py took 0.073 seconds
[2024-04-06T09:41:53.017+0000] {processor.py:153} INFO - Started process (PID=855) to work on /home/airflow/.local/lib/python3.7/site-packages/airflow/example_dags/tutorial_dag.py
[2024-04-06T09:41:53.018+0000] {processor.py:743} INFO - Processing file /home/airflow/.local/lib/python3.7/site-packages/airflow/example_dags/tutorial_dag.py for tasks to queue
[2024-04-06T09:41:53.019+0000] {logging_mixin.py:137} INFO - [2024-04-06T09:41:53.019+0000] {dagbag.py:538} INFO - Filling up the DagBag from /home/airflow/.local/lib/python3.7/site-packages/airflow/example_dags/tutorial_dag.py
[2024-04-06T09:41:53.032+0000] {processor.py:753} INFO - DAG(s) dict_keys(['tutorial_dag']) retrieved from /home/airflow/.local/lib/python3.7/site-packages/airflow/example_dags/tutorial_dag.py
[2024-04-06T09:41:53.056+0000] {logging_mixin.py:137} INFO - [2024-04-06T09:41:53.056+0000] {dag.py:2690} INFO - Sync 1 DAGs
[2024-04-06T09:41:53.082+0000] {logging_mixin.py:137} INFO - [2024-04-06T09:41:53.082+0000] {dag.py:3441} INFO - Setting next_dagrun for tutorial_dag to None, run_after=None
[2024-04-06T09:41:53.102+0000] {processor.py:175} INFO - Processing /home/airflow/.local/lib/python3.7/site-packages/airflow/example_dags/tutorial_dag.py took 0.087 seconds
[2024-04-06T09:42:23.742+0000] {processor.py:153} INFO - Started process (PID=943) to work on /home/airflow/.local/lib/python3.7/site-packages/airflow/example_dags/tutorial_dag.py
[2024-04-06T09:42:23.743+0000] {processor.py:743} INFO - Processing file /home/airflow/.local/lib/python3.7/site-packages/airflow/example_dags/tutorial_dag.py for tasks to queue
[2024-04-06T09:42:23.743+0000] {logging_mixin.py:137} INFO - [2024-04-06T09:42:23.743+0000] {dagbag.py:538} INFO - Filling up the DagBag from /home/airflow/.local/lib/python3.7/site-packages/airflow/example_dags/tutorial_dag.py
[2024-04-06T09:42:23.754+0000] {processor.py:753} INFO - DAG(s) dict_keys(['tutorial_dag']) retrieved from /home/airflow/.local/lib/python3.7/site-packages/airflow/example_dags/tutorial_dag.py
[2024-04-06T09:42:23.778+0000] {logging_mixin.py:137} INFO - [2024-04-06T09:42:23.777+0000] {dag.py:2690} INFO - Sync 1 DAGs
[2024-04-06T09:42:23.801+0000] {logging_mixin.py:137} INFO - [2024-04-06T09:42:23.801+0000] {dag.py:3441} INFO - Setting next_dagrun for tutorial_dag to None, run_after=None
[2024-04-06T09:42:23.820+0000] {processor.py:175} INFO - Processing /home/airflow/.local/lib/python3.7/site-packages/airflow/example_dags/tutorial_dag.py took 0.081 seconds
[2024-04-06T09:42:54.014+0000] {processor.py:153} INFO - Started process (PID=1015) to work on /home/airflow/.local/lib/python3.7/site-packages/airflow/example_dags/tutorial_dag.py
[2024-04-06T09:42:54.015+0000] {processor.py:743} INFO - Processing file /home/airflow/.local/lib/python3.7/site-packages/airflow/example_dags/tutorial_dag.py for tasks to queue
[2024-04-06T09:42:54.016+0000] {logging_mixin.py:137} INFO - [2024-04-06T09:42:54.016+0000] {dagbag.py:538} INFO - Filling up the DagBag from /home/airflow/.local/lib/python3.7/site-packages/airflow/example_dags/tutorial_dag.py
[2024-04-06T09:42:54.029+0000] {processor.py:753} INFO - DAG(s) dict_keys(['tutorial_dag']) retrieved from /home/airflow/.local/lib/python3.7/site-packages/airflow/example_dags/tutorial_dag.py
[2024-04-06T09:42:54.052+0000] {logging_mixin.py:137} INFO - [2024-04-06T09:42:54.052+0000] {dag.py:2690} INFO - Sync 1 DAGs
[2024-04-06T09:42:54.073+0000] {logging_mixin.py:137} INFO - [2024-04-06T09:42:54.073+0000] {dag.py:3441} INFO - Setting next_dagrun for tutorial_dag to None, run_after=None
[2024-04-06T09:42:54.089+0000] {processor.py:175} INFO - Processing /home/airflow/.local/lib/python3.7/site-packages/airflow/example_dags/tutorial_dag.py took 0.079 seconds
[2024-04-06T09:43:24.709+0000] {processor.py:153} INFO - Started process (PID=1102) to work on /home/airflow/.local/lib/python3.7/site-packages/airflow/example_dags/tutorial_dag.py
[2024-04-06T09:43:24.710+0000] {processor.py:743} INFO - Processing file /home/airflow/.local/lib/python3.7/site-packages/airflow/example_dags/tutorial_dag.py for tasks to queue
[2024-04-06T09:43:24.711+0000] {logging_mixin.py:137} INFO - [2024-04-06T09:43:24.711+0000] {dagbag.py:538} INFO - Filling up the DagBag from /home/airflow/.local/lib/python3.7/site-packages/airflow/example_dags/tutorial_dag.py
[2024-04-06T09:43:24.723+0000] {processor.py:753} INFO - DAG(s) dict_keys(['tutorial_dag']) retrieved from /home/airflow/.local/lib/python3.7/site-packages/airflow/example_dags/tutorial_dag.py
[2024-04-06T09:43:24.746+0000] {logging_mixin.py:137} INFO - [2024-04-06T09:43:24.746+0000] {dag.py:2690} INFO - Sync 1 DAGs
[2024-04-06T09:43:24.767+0000] {logging_mixin.py:137} INFO - [2024-04-06T09:43:24.767+0000] {dag.py:3441} INFO - Setting next_dagrun for tutorial_dag to None, run_after=None
[2024-04-06T09:43:24.785+0000] {processor.py:175} INFO - Processing /home/airflow/.local/lib/python3.7/site-packages/airflow/example_dags/tutorial_dag.py took 0.079 seconds
[2024-04-06T09:43:54.868+0000] {processor.py:153} INFO - Started process (PID=1174) to work on /home/airflow/.local/lib/python3.7/site-packages/airflow/example_dags/tutorial_dag.py
[2024-04-06T09:43:54.869+0000] {processor.py:743} INFO - Processing file /home/airflow/.local/lib/python3.7/site-packages/airflow/example_dags/tutorial_dag.py for tasks to queue
[2024-04-06T09:43:54.869+0000] {logging_mixin.py:137} INFO - [2024-04-06T09:43:54.869+0000] {dagbag.py:538} INFO - Filling up the DagBag from /home/airflow/.local/lib/python3.7/site-packages/airflow/example_dags/tutorial_dag.py
[2024-04-06T09:43:54.880+0000] {processor.py:753} INFO - DAG(s) dict_keys(['tutorial_dag']) retrieved from /home/airflow/.local/lib/python3.7/site-packages/airflow/example_dags/tutorial_dag.py
[2024-04-06T09:43:54.900+0000] {logging_mixin.py:137} INFO - [2024-04-06T09:43:54.900+0000] {dag.py:2690} INFO - Sync 1 DAGs
[2024-04-06T09:43:54.922+0000] {logging_mixin.py:137} INFO - [2024-04-06T09:43:54.922+0000] {dag.py:3441} INFO - Setting next_dagrun for tutorial_dag to None, run_after=None
[2024-04-06T09:43:54.940+0000] {processor.py:175} INFO - Processing /home/airflow/.local/lib/python3.7/site-packages/airflow/example_dags/tutorial_dag.py took 0.074 seconds
[2024-04-06T09:44:25.534+0000] {processor.py:153} INFO - Started process (PID=1262) to work on /home/airflow/.local/lib/python3.7/site-packages/airflow/example_dags/tutorial_dag.py
[2024-04-06T09:44:25.534+0000] {processor.py:743} INFO - Processing file /home/airflow/.local/lib/python3.7/site-packages/airflow/example_dags/tutorial_dag.py for tasks to queue
[2024-04-06T09:44:25.535+0000] {logging_mixin.py:137} INFO - [2024-04-06T09:44:25.535+0000] {dagbag.py:538} INFO - Filling up the DagBag from /home/airflow/.local/lib/python3.7/site-packages/airflow/example_dags/tutorial_dag.py
[2024-04-06T09:44:25.546+0000] {processor.py:753} INFO - DAG(s) dict_keys(['tutorial_dag']) retrieved from /home/airflow/.local/lib/python3.7/site-packages/airflow/example_dags/tutorial_dag.py
[2024-04-06T09:44:25.569+0000] {logging_mixin.py:137} INFO - [2024-04-06T09:44:25.569+0000] {dag.py:2690} INFO - Sync 1 DAGs
[2024-04-06T09:44:25.598+0000] {logging_mixin.py:137} INFO - [2024-04-06T09:44:25.597+0000] {dag.py:3441} INFO - Setting next_dagrun for tutorial_dag to None, run_after=None
[2024-04-06T09:44:25.624+0000] {processor.py:175} INFO - Processing /home/airflow/.local/lib/python3.7/site-packages/airflow/example_dags/tutorial_dag.py took 0.093 seconds
[2024-04-06T09:44:55.870+0000] {processor.py:153} INFO - Started process (PID=1334) to work on /home/airflow/.local/lib/python3.7/site-packages/airflow/example_dags/tutorial_dag.py
[2024-04-06T09:44:55.871+0000] {processor.py:743} INFO - Processing file /home/airflow/.local/lib/python3.7/site-packages/airflow/example_dags/tutorial_dag.py for tasks to queue
[2024-04-06T09:44:55.871+0000] {logging_mixin.py:137} INFO - [2024-04-06T09:44:55.871+0000] {dagbag.py:538} INFO - Filling up the DagBag from /home/airflow/.local/lib/python3.7/site-packages/airflow/example_dags/tutorial_dag.py
[2024-04-06T09:44:55.881+0000] {processor.py:753} INFO - DAG(s) dict_keys(['tutorial_dag']) retrieved from /home/airflow/.local/lib/python3.7/site-packages/airflow/example_dags/tutorial_dag.py
[2024-04-06T09:44:55.902+0000] {logging_mixin.py:137} INFO - [2024-04-06T09:44:55.902+0000] {dag.py:2690} INFO - Sync 1 DAGs
[2024-04-06T09:44:55.928+0000] {logging_mixin.py:137} INFO - [2024-04-06T09:44:55.928+0000] {dag.py:3441} INFO - Setting next_dagrun for tutorial_dag to None, run_after=None
[2024-04-06T09:44:55.946+0000] {processor.py:175} INFO - Processing /home/airflow/.local/lib/python3.7/site-packages/airflow/example_dags/tutorial_dag.py took 0.078 seconds
[2024-04-06T09:45:26.275+0000] {processor.py:153} INFO - Started process (PID=1422) to work on /home/airflow/.local/lib/python3.7/site-packages/airflow/example_dags/tutorial_dag.py
[2024-04-06T09:45:26.276+0000] {processor.py:743} INFO - Processing file /home/airflow/.local/lib/python3.7/site-packages/airflow/example_dags/tutorial_dag.py for tasks to queue
[2024-04-06T09:45:26.276+0000] {logging_mixin.py:137} INFO - [2024-04-06T09:45:26.276+0000] {dagbag.py:538} INFO - Filling up the DagBag from /home/airflow/.local/lib/python3.7/site-packages/airflow/example_dags/tutorial_dag.py
[2024-04-06T09:45:26.289+0000] {processor.py:753} INFO - DAG(s) dict_keys(['tutorial_dag']) retrieved from /home/airflow/.local/lib/python3.7/site-packages/airflow/example_dags/tutorial_dag.py
[2024-04-06T09:45:26.317+0000] {logging_mixin.py:137} INFO - [2024-04-06T09:45:26.317+0000] {dag.py:2690} INFO - Sync 1 DAGs
[2024-04-06T09:45:26.346+0000] {logging_mixin.py:137} INFO - [2024-04-06T09:45:26.345+0000] {dag.py:3441} INFO - Setting next_dagrun for tutorial_dag to None, run_after=None
[2024-04-06T09:45:26.364+0000] {processor.py:175} INFO - Processing /home/airflow/.local/lib/python3.7/site-packages/airflow/example_dags/tutorial_dag.py took 0.093 seconds
[2024-04-06T09:45:56.585+0000] {processor.py:153} INFO - Started process (PID=1494) to work on /home/airflow/.local/lib/python3.7/site-packages/airflow/example_dags/tutorial_dag.py
[2024-04-06T09:45:56.586+0000] {processor.py:743} INFO - Processing file /home/airflow/.local/lib/python3.7/site-packages/airflow/example_dags/tutorial_dag.py for tasks to queue
[2024-04-06T09:45:56.587+0000] {logging_mixin.py:137} INFO - [2024-04-06T09:45:56.587+0000] {dagbag.py:538} INFO - Filling up the DagBag from /home/airflow/.local/lib/python3.7/site-packages/airflow/example_dags/tutorial_dag.py
[2024-04-06T09:45:56.599+0000] {processor.py:753} INFO - DAG(s) dict_keys(['tutorial_dag']) retrieved from /home/airflow/.local/lib/python3.7/site-packages/airflow/example_dags/tutorial_dag.py
[2024-04-06T09:45:56.625+0000] {logging_mixin.py:137} INFO - [2024-04-06T09:45:56.625+0000] {dag.py:2690} INFO - Sync 1 DAGs
[2024-04-06T09:45:56.656+0000] {logging_mixin.py:137} INFO - [2024-04-06T09:45:56.656+0000] {dag.py:3441} INFO - Setting next_dagrun for tutorial_dag to None, run_after=None
[2024-04-06T09:45:56.680+0000] {processor.py:175} INFO - Processing /home/airflow/.local/lib/python3.7/site-packages/airflow/example_dags/tutorial_dag.py took 0.098 seconds
[2024-04-06T09:46:27.026+0000] {processor.py:153} INFO - Started process (PID=1581) to work on /home/airflow/.local/lib/python3.7/site-packages/airflow/example_dags/tutorial_dag.py
[2024-04-06T09:46:27.026+0000] {processor.py:743} INFO - Processing file /home/airflow/.local/lib/python3.7/site-packages/airflow/example_dags/tutorial_dag.py for tasks to queue
[2024-04-06T09:46:27.027+0000] {logging_mixin.py:137} INFO - [2024-04-06T09:46:27.027+0000] {dagbag.py:538} INFO - Filling up the DagBag from /home/airflow/.local/lib/python3.7/site-packages/airflow/example_dags/tutorial_dag.py
[2024-04-06T09:46:27.039+0000] {processor.py:753} INFO - DAG(s) dict_keys(['tutorial_dag']) retrieved from /home/airflow/.local/lib/python3.7/site-packages/airflow/example_dags/tutorial_dag.py
[2024-04-06T09:46:27.069+0000] {logging_mixin.py:137} INFO - [2024-04-06T09:46:27.069+0000] {dag.py:2690} INFO - Sync 1 DAGs
[2024-04-06T09:46:27.104+0000] {logging_mixin.py:137} INFO - [2024-04-06T09:46:27.104+0000] {dag.py:3441} INFO - Setting next_dagrun for tutorial_dag to None, run_after=None
[2024-04-06T09:46:27.128+0000] {processor.py:175} INFO - Processing /home/airflow/.local/lib/python3.7/site-packages/airflow/example_dags/tutorial_dag.py took 0.105 seconds
[2024-04-06T09:46:57.390+0000] {processor.py:153} INFO - Started process (PID=1653) to work on /home/airflow/.local/lib/python3.7/site-packages/airflow/example_dags/tutorial_dag.py
[2024-04-06T09:46:57.391+0000] {processor.py:743} INFO - Processing file /home/airflow/.local/lib/python3.7/site-packages/airflow/example_dags/tutorial_dag.py for tasks to queue
[2024-04-06T09:46:57.391+0000] {logging_mixin.py:137} INFO - [2024-04-06T09:46:57.391+0000] {dagbag.py:538} INFO - Filling up the DagBag from /home/airflow/.local/lib/python3.7/site-packages/airflow/example_dags/tutorial_dag.py
[2024-04-06T09:46:57.401+0000] {processor.py:753} INFO - DAG(s) dict_keys(['tutorial_dag']) retrieved from /home/airflow/.local/lib/python3.7/site-packages/airflow/example_dags/tutorial_dag.py
[2024-04-06T09:46:57.428+0000] {logging_mixin.py:137} INFO - [2024-04-06T09:46:57.428+0000] {dag.py:2690} INFO - Sync 1 DAGs
[2024-04-06T09:46:57.455+0000] {logging_mixin.py:137} INFO - [2024-04-06T09:46:57.455+0000] {dag.py:3441} INFO - Setting next_dagrun for tutorial_dag to None, run_after=None
[2024-04-06T09:46:57.473+0000] {processor.py:175} INFO - Processing /home/airflow/.local/lib/python3.7/site-packages/airflow/example_dags/tutorial_dag.py took 0.085 seconds
[2024-04-06T09:47:27.924+0000] {processor.py:153} INFO - Started process (PID=1741) to work on /home/airflow/.local/lib/python3.7/site-packages/airflow/example_dags/tutorial_dag.py
[2024-04-06T09:47:27.925+0000] {processor.py:743} INFO - Processing file /home/airflow/.local/lib/python3.7/site-packages/airflow/example_dags/tutorial_dag.py for tasks to queue
[2024-04-06T09:47:27.925+0000] {logging_mixin.py:137} INFO - [2024-04-06T09:47:27.925+0000] {dagbag.py:538} INFO - Filling up the DagBag from /home/airflow/.local/lib/python3.7/site-packages/airflow/example_dags/tutorial_dag.py
[2024-04-06T09:47:27.937+0000] {processor.py:753} INFO - DAG(s) dict_keys(['tutorial_dag']) retrieved from /home/airflow/.local/lib/python3.7/site-packages/airflow/example_dags/tutorial_dag.py
[2024-04-06T09:47:27.961+0000] {logging_mixin.py:137} INFO - [2024-04-06T09:47:27.961+0000] {dag.py:2690} INFO - Sync 1 DAGs
[2024-04-06T09:47:27.986+0000] {logging_mixin.py:137} INFO - [2024-04-06T09:47:27.986+0000] {dag.py:3441} INFO - Setting next_dagrun for tutorial_dag to None, run_after=None
[2024-04-06T09:47:28.005+0000] {processor.py:175} INFO - Processing /home/airflow/.local/lib/python3.7/site-packages/airflow/example_dags/tutorial_dag.py took 0.083 seconds
[2024-04-06T09:47:58.086+0000] {processor.py:153} INFO - Started process (PID=1813) to work on /home/airflow/.local/lib/python3.7/site-packages/airflow/example_dags/tutorial_dag.py
[2024-04-06T09:47:58.086+0000] {processor.py:743} INFO - Processing file /home/airflow/.local/lib/python3.7/site-packages/airflow/example_dags/tutorial_dag.py for tasks to queue
[2024-04-06T09:47:58.087+0000] {logging_mixin.py:137} INFO - [2024-04-06T09:47:58.087+0000] {dagbag.py:538} INFO - Filling up the DagBag from /home/airflow/.local/lib/python3.7/site-packages/airflow/example_dags/tutorial_dag.py
[2024-04-06T09:47:58.096+0000] {processor.py:753} INFO - DAG(s) dict_keys(['tutorial_dag']) retrieved from /home/airflow/.local/lib/python3.7/site-packages/airflow/example_dags/tutorial_dag.py
[2024-04-06T09:47:58.118+0000] {logging_mixin.py:137} INFO - [2024-04-06T09:47:58.118+0000] {dag.py:2690} INFO - Sync 1 DAGs
[2024-04-06T09:47:58.139+0000] {logging_mixin.py:137} INFO - [2024-04-06T09:47:58.139+0000] {dag.py:3441} INFO - Setting next_dagrun for tutorial_dag to None, run_after=None
[2024-04-06T09:47:58.157+0000] {processor.py:175} INFO - Processing /home/airflow/.local/lib/python3.7/site-packages/airflow/example_dags/tutorial_dag.py took 0.073 seconds
[2024-04-06T09:48:28.483+0000] {processor.py:153} INFO - Started process (PID=1901) to work on /home/airflow/.local/lib/python3.7/site-packages/airflow/example_dags/tutorial_dag.py
[2024-04-06T09:48:28.484+0000] {processor.py:743} INFO - Processing file /home/airflow/.local/lib/python3.7/site-packages/airflow/example_dags/tutorial_dag.py for tasks to queue
[2024-04-06T09:48:28.484+0000] {logging_mixin.py:137} INFO - [2024-04-06T09:48:28.484+0000] {dagbag.py:538} INFO - Filling up the DagBag from /home/airflow/.local/lib/python3.7/site-packages/airflow/example_dags/tutorial_dag.py
[2024-04-06T09:48:28.499+0000] {processor.py:753} INFO - DAG(s) dict_keys(['tutorial_dag']) retrieved from /home/airflow/.local/lib/python3.7/site-packages/airflow/example_dags/tutorial_dag.py
[2024-04-06T09:48:28.527+0000] {logging_mixin.py:137} INFO - [2024-04-06T09:48:28.527+0000] {dag.py:2690} INFO - Sync 1 DAGs
[2024-04-06T09:48:28.566+0000] {logging_mixin.py:137} INFO - [2024-04-06T09:48:28.566+0000] {dag.py:3441} INFO - Setting next_dagrun for tutorial_dag to None, run_after=None
[2024-04-06T09:48:28.595+0000] {processor.py:175} INFO - Processing /home/airflow/.local/lib/python3.7/site-packages/airflow/example_dags/tutorial_dag.py took 0.116 seconds
[2024-04-06T09:48:59.082+0000] {processor.py:153} INFO - Started process (PID=1973) to work on /home/airflow/.local/lib/python3.7/site-packages/airflow/example_dags/tutorial_dag.py
[2024-04-06T09:48:59.083+0000] {processor.py:743} INFO - Processing file /home/airflow/.local/lib/python3.7/site-packages/airflow/example_dags/tutorial_dag.py for tasks to queue
[2024-04-06T09:48:59.083+0000] {logging_mixin.py:137} INFO - [2024-04-06T09:48:59.083+0000] {dagbag.py:538} INFO - Filling up the DagBag from /home/airflow/.local/lib/python3.7/site-packages/airflow/example_dags/tutorial_dag.py
[2024-04-06T09:48:59.096+0000] {processor.py:753} INFO - DAG(s) dict_keys(['tutorial_dag']) retrieved from /home/airflow/.local/lib/python3.7/site-packages/airflow/example_dags/tutorial_dag.py
[2024-04-06T09:48:59.119+0000] {logging_mixin.py:137} INFO - [2024-04-06T09:48:59.119+0000] {dag.py:2690} INFO - Sync 1 DAGs
[2024-04-06T09:48:59.146+0000] {logging_mixin.py:137} INFO - [2024-04-06T09:48:59.146+0000] {dag.py:3441} INFO - Setting next_dagrun for tutorial_dag to None, run_after=None
[2024-04-06T09:48:59.168+0000] {processor.py:175} INFO - Processing /home/airflow/.local/lib/python3.7/site-packages/airflow/example_dags/tutorial_dag.py took 0.090 seconds
[2024-04-06T09:50:13.297+0000] {processor.py:153} INFO - Started process (PID=62) to work on /home/airflow/.local/lib/python3.7/site-packages/airflow/example_dags/tutorial_dag.py
[2024-04-06T09:50:13.298+0000] {processor.py:743} INFO - Processing file /home/airflow/.local/lib/python3.7/site-packages/airflow/example_dags/tutorial_dag.py for tasks to queue
[2024-04-06T09:50:13.299+0000] {logging_mixin.py:137} INFO - [2024-04-06T09:50:13.299+0000] {dagbag.py:538} INFO - Filling up the DagBag from /home/airflow/.local/lib/python3.7/site-packages/airflow/example_dags/tutorial_dag.py
[2024-04-06T09:50:13.321+0000] {processor.py:753} INFO - DAG(s) dict_keys(['tutorial_dag']) retrieved from /home/airflow/.local/lib/python3.7/site-packages/airflow/example_dags/tutorial_dag.py
[2024-04-06T09:50:13.360+0000] {logging_mixin.py:137} INFO - [2024-04-06T09:50:13.360+0000] {dag.py:2690} INFO - Sync 1 DAGs
[2024-04-06T09:50:13.405+0000] {logging_mixin.py:137} INFO - [2024-04-06T09:50:13.405+0000] {dag.py:3441} INFO - Setting next_dagrun for tutorial_dag to None, run_after=None
[2024-04-06T09:50:13.438+0000] {processor.py:175} INFO - Processing /home/airflow/.local/lib/python3.7/site-packages/airflow/example_dags/tutorial_dag.py took 0.146 seconds
[2024-04-06T09:50:44.820+0000] {processor.py:153} INFO - Started process (PID=127) to work on /home/airflow/.local/lib/python3.7/site-packages/airflow/example_dags/tutorial_dag.py
[2024-04-06T09:50:44.823+0000] {processor.py:743} INFO - Processing file /home/airflow/.local/lib/python3.7/site-packages/airflow/example_dags/tutorial_dag.py for tasks to queue
[2024-04-06T09:50:44.824+0000] {logging_mixin.py:137} INFO - [2024-04-06T09:50:44.824+0000] {dagbag.py:538} INFO - Filling up the DagBag from /home/airflow/.local/lib/python3.7/site-packages/airflow/example_dags/tutorial_dag.py
[2024-04-06T09:50:44.840+0000] {processor.py:753} INFO - DAG(s) dict_keys(['tutorial_dag']) retrieved from /home/airflow/.local/lib/python3.7/site-packages/airflow/example_dags/tutorial_dag.py
[2024-04-06T09:50:44.872+0000] {logging_mixin.py:137} INFO - [2024-04-06T09:50:44.872+0000] {dag.py:2690} INFO - Sync 1 DAGs
[2024-04-06T09:50:44.912+0000] {logging_mixin.py:137} INFO - [2024-04-06T09:50:44.911+0000] {dag.py:3441} INFO - Setting next_dagrun for tutorial_dag to None, run_after=None
[2024-04-06T09:50:44.941+0000] {processor.py:175} INFO - Processing /home/airflow/.local/lib/python3.7/site-packages/airflow/example_dags/tutorial_dag.py took 0.124 seconds
[2024-04-06T09:51:15.072+0000] {processor.py:153} INFO - Started process (PID=216) to work on /home/airflow/.local/lib/python3.7/site-packages/airflow/example_dags/tutorial_dag.py
[2024-04-06T09:51:15.073+0000] {processor.py:743} INFO - Processing file /home/airflow/.local/lib/python3.7/site-packages/airflow/example_dags/tutorial_dag.py for tasks to queue
[2024-04-06T09:51:15.073+0000] {logging_mixin.py:137} INFO - [2024-04-06T09:51:15.073+0000] {dagbag.py:538} INFO - Filling up the DagBag from /home/airflow/.local/lib/python3.7/site-packages/airflow/example_dags/tutorial_dag.py
[2024-04-06T09:51:15.088+0000] {processor.py:753} INFO - DAG(s) dict_keys(['tutorial_dag']) retrieved from /home/airflow/.local/lib/python3.7/site-packages/airflow/example_dags/tutorial_dag.py
[2024-04-06T09:51:15.115+0000] {logging_mixin.py:137} INFO - [2024-04-06T09:51:15.115+0000] {dag.py:2690} INFO - Sync 1 DAGs
[2024-04-06T09:51:15.138+0000] {logging_mixin.py:137} INFO - [2024-04-06T09:51:15.137+0000] {dag.py:3441} INFO - Setting next_dagrun for tutorial_dag to None, run_after=None
[2024-04-06T09:51:15.155+0000] {processor.py:175} INFO - Processing /home/airflow/.local/lib/python3.7/site-packages/airflow/example_dags/tutorial_dag.py took 0.087 seconds
[2024-04-06T09:58:24.386+0000] {processor.py:153} INFO - Started process (PID=65) to work on /home/airflow/.local/lib/python3.7/site-packages/airflow/example_dags/tutorial_dag.py
[2024-04-06T09:58:24.387+0000] {processor.py:743} INFO - Processing file /home/airflow/.local/lib/python3.7/site-packages/airflow/example_dags/tutorial_dag.py for tasks to queue
[2024-04-06T09:58:24.389+0000] {logging_mixin.py:137} INFO - [2024-04-06T09:58:24.389+0000] {dagbag.py:538} INFO - Filling up the DagBag from /home/airflow/.local/lib/python3.7/site-packages/airflow/example_dags/tutorial_dag.py
[2024-04-06T09:58:24.411+0000] {processor.py:753} INFO - DAG(s) dict_keys(['tutorial_dag']) retrieved from /home/airflow/.local/lib/python3.7/site-packages/airflow/example_dags/tutorial_dag.py
[2024-04-06T09:58:24.426+0000] {logging_mixin.py:137} INFO - [2024-04-06T09:58:24.426+0000] {dag.py:2690} INFO - Sync 1 DAGs
[2024-04-06T09:58:24.457+0000] {logging_mixin.py:137} INFO - [2024-04-06T09:58:24.457+0000] {dag.py:3441} INFO - Setting next_dagrun for tutorial_dag to None, run_after=None
[2024-04-06T09:58:24.486+0000] {processor.py:175} INFO - Processing /home/airflow/.local/lib/python3.7/site-packages/airflow/example_dags/tutorial_dag.py took 0.103 seconds
[2024-04-06T09:58:54.571+0000] {processor.py:153} INFO - Started process (PID=144) to work on /home/airflow/.local/lib/python3.7/site-packages/airflow/example_dags/tutorial_dag.py
[2024-04-06T09:58:54.571+0000] {processor.py:743} INFO - Processing file /home/airflow/.local/lib/python3.7/site-packages/airflow/example_dags/tutorial_dag.py for tasks to queue
[2024-04-06T09:58:54.572+0000] {logging_mixin.py:137} INFO - [2024-04-06T09:58:54.572+0000] {dagbag.py:538} INFO - Filling up the DagBag from /home/airflow/.local/lib/python3.7/site-packages/airflow/example_dags/tutorial_dag.py
[2024-04-06T09:58:54.586+0000] {processor.py:753} INFO - DAG(s) dict_keys(['tutorial_dag']) retrieved from /home/airflow/.local/lib/python3.7/site-packages/airflow/example_dags/tutorial_dag.py
[2024-04-06T09:58:54.597+0000] {logging_mixin.py:137} INFO - [2024-04-06T09:58:54.597+0000] {dag.py:2690} INFO - Sync 1 DAGs
[2024-04-06T09:58:54.622+0000] {logging_mixin.py:137} INFO - [2024-04-06T09:58:54.621+0000] {dag.py:3441} INFO - Setting next_dagrun for tutorial_dag to None, run_after=None
[2024-04-06T09:58:54.640+0000] {processor.py:175} INFO - Processing /home/airflow/.local/lib/python3.7/site-packages/airflow/example_dags/tutorial_dag.py took 0.072 seconds
[2024-04-06T09:59:26.118+0000] {processor.py:153} INFO - Started process (PID=217) to work on /home/airflow/.local/lib/python3.7/site-packages/airflow/example_dags/tutorial_dag.py
[2024-04-06T09:59:26.119+0000] {processor.py:743} INFO - Processing file /home/airflow/.local/lib/python3.7/site-packages/airflow/example_dags/tutorial_dag.py for tasks to queue
[2024-04-06T09:59:26.119+0000] {logging_mixin.py:137} INFO - [2024-04-06T09:59:26.119+0000] {dagbag.py:538} INFO - Filling up the DagBag from /home/airflow/.local/lib/python3.7/site-packages/airflow/example_dags/tutorial_dag.py
[2024-04-06T09:59:26.131+0000] {processor.py:753} INFO - DAG(s) dict_keys(['tutorial_dag']) retrieved from /home/airflow/.local/lib/python3.7/site-packages/airflow/example_dags/tutorial_dag.py
[2024-04-06T09:59:26.156+0000] {logging_mixin.py:137} INFO - [2024-04-06T09:59:26.155+0000] {dag.py:2690} INFO - Sync 1 DAGs
[2024-04-06T09:59:26.182+0000] {logging_mixin.py:137} INFO - [2024-04-06T09:59:26.182+0000] {dag.py:3441} INFO - Setting next_dagrun for tutorial_dag to None, run_after=None
[2024-04-06T09:59:26.200+0000] {processor.py:175} INFO - Processing /home/airflow/.local/lib/python3.7/site-packages/airflow/example_dags/tutorial_dag.py took 0.085 seconds
[2024-04-06T09:59:56.974+0000] {processor.py:153} INFO - Started process (PID=288) to work on /home/airflow/.local/lib/python3.7/site-packages/airflow/example_dags/tutorial_dag.py
[2024-04-06T09:59:56.974+0000] {processor.py:743} INFO - Processing file /home/airflow/.local/lib/python3.7/site-packages/airflow/example_dags/tutorial_dag.py for tasks to queue
[2024-04-06T09:59:56.975+0000] {logging_mixin.py:137} INFO - [2024-04-06T09:59:56.975+0000] {dagbag.py:538} INFO - Filling up the DagBag from /home/airflow/.local/lib/python3.7/site-packages/airflow/example_dags/tutorial_dag.py
[2024-04-06T09:59:56.991+0000] {processor.py:753} INFO - DAG(s) dict_keys(['tutorial_dag']) retrieved from /home/airflow/.local/lib/python3.7/site-packages/airflow/example_dags/tutorial_dag.py
[2024-04-06T09:59:57.030+0000] {logging_mixin.py:137} INFO - [2024-04-06T09:59:57.030+0000] {dag.py:2690} INFO - Sync 1 DAGs
[2024-04-06T09:59:57.067+0000] {logging_mixin.py:137} INFO - [2024-04-06T09:59:57.067+0000] {dag.py:3441} INFO - Setting next_dagrun for tutorial_dag to None, run_after=None
[2024-04-06T09:59:57.107+0000] {processor.py:175} INFO - Processing /home/airflow/.local/lib/python3.7/site-packages/airflow/example_dags/tutorial_dag.py took 0.137 seconds
[2024-04-06T10:00:27.302+0000] {processor.py:153} INFO - Started process (PID=360) to work on /home/airflow/.local/lib/python3.7/site-packages/airflow/example_dags/tutorial_dag.py
[2024-04-06T10:00:27.303+0000] {processor.py:743} INFO - Processing file /home/airflow/.local/lib/python3.7/site-packages/airflow/example_dags/tutorial_dag.py for tasks to queue
[2024-04-06T10:00:27.303+0000] {logging_mixin.py:137} INFO - [2024-04-06T10:00:27.303+0000] {dagbag.py:538} INFO - Filling up the DagBag from /home/airflow/.local/lib/python3.7/site-packages/airflow/example_dags/tutorial_dag.py
[2024-04-06T10:00:27.316+0000] {processor.py:753} INFO - DAG(s) dict_keys(['tutorial_dag']) retrieved from /home/airflow/.local/lib/python3.7/site-packages/airflow/example_dags/tutorial_dag.py
[2024-04-06T10:00:27.340+0000] {logging_mixin.py:137} INFO - [2024-04-06T10:00:27.340+0000] {dag.py:2690} INFO - Sync 1 DAGs
[2024-04-06T10:00:27.366+0000] {logging_mixin.py:137} INFO - [2024-04-06T10:00:27.366+0000] {dag.py:3441} INFO - Setting next_dagrun for tutorial_dag to None, run_after=None
[2024-04-06T10:00:27.390+0000] {processor.py:175} INFO - Processing /home/airflow/.local/lib/python3.7/site-packages/airflow/example_dags/tutorial_dag.py took 0.091 seconds
[2024-04-06T10:00:58.112+0000] {processor.py:153} INFO - Started process (PID=448) to work on /home/airflow/.local/lib/python3.7/site-packages/airflow/example_dags/tutorial_dag.py
[2024-04-06T10:00:58.113+0000] {processor.py:743} INFO - Processing file /home/airflow/.local/lib/python3.7/site-packages/airflow/example_dags/tutorial_dag.py for tasks to queue
[2024-04-06T10:00:58.113+0000] {logging_mixin.py:137} INFO - [2024-04-06T10:00:58.113+0000] {dagbag.py:538} INFO - Filling up the DagBag from /home/airflow/.local/lib/python3.7/site-packages/airflow/example_dags/tutorial_dag.py
[2024-04-06T10:00:58.126+0000] {processor.py:753} INFO - DAG(s) dict_keys(['tutorial_dag']) retrieved from /home/airflow/.local/lib/python3.7/site-packages/airflow/example_dags/tutorial_dag.py
[2024-04-06T10:00:58.149+0000] {logging_mixin.py:137} INFO - [2024-04-06T10:00:58.149+0000] {dag.py:2690} INFO - Sync 1 DAGs
[2024-04-06T10:00:58.173+0000] {logging_mixin.py:137} INFO - [2024-04-06T10:00:58.173+0000] {dag.py:3441} INFO - Setting next_dagrun for tutorial_dag to None, run_after=None
[2024-04-06T10:00:58.190+0000] {processor.py:175} INFO - Processing /home/airflow/.local/lib/python3.7/site-packages/airflow/example_dags/tutorial_dag.py took 0.081 seconds
[2024-04-06T10:01:28.438+0000] {processor.py:153} INFO - Started process (PID=520) to work on /home/airflow/.local/lib/python3.7/site-packages/airflow/example_dags/tutorial_dag.py
[2024-04-06T10:01:28.439+0000] {processor.py:743} INFO - Processing file /home/airflow/.local/lib/python3.7/site-packages/airflow/example_dags/tutorial_dag.py for tasks to queue
[2024-04-06T10:01:28.439+0000] {logging_mixin.py:137} INFO - [2024-04-06T10:01:28.439+0000] {dagbag.py:538} INFO - Filling up the DagBag from /home/airflow/.local/lib/python3.7/site-packages/airflow/example_dags/tutorial_dag.py
[2024-04-06T10:01:28.448+0000] {processor.py:753} INFO - DAG(s) dict_keys(['tutorial_dag']) retrieved from /home/airflow/.local/lib/python3.7/site-packages/airflow/example_dags/tutorial_dag.py
[2024-04-06T10:01:28.471+0000] {logging_mixin.py:137} INFO - [2024-04-06T10:01:28.471+0000] {dag.py:2690} INFO - Sync 1 DAGs
[2024-04-06T10:01:28.493+0000] {logging_mixin.py:137} INFO - [2024-04-06T10:01:28.493+0000] {dag.py:3441} INFO - Setting next_dagrun for tutorial_dag to None, run_after=None
[2024-04-06T10:01:28.511+0000] {processor.py:175} INFO - Processing /home/airflow/.local/lib/python3.7/site-packages/airflow/example_dags/tutorial_dag.py took 0.076 seconds
[2024-04-06T10:01:58.774+0000] {processor.py:153} INFO - Started process (PID=608) to work on /home/airflow/.local/lib/python3.7/site-packages/airflow/example_dags/tutorial_dag.py
[2024-04-06T10:01:58.774+0000] {processor.py:743} INFO - Processing file /home/airflow/.local/lib/python3.7/site-packages/airflow/example_dags/tutorial_dag.py for tasks to queue
[2024-04-06T10:01:58.775+0000] {logging_mixin.py:137} INFO - [2024-04-06T10:01:58.775+0000] {dagbag.py:538} INFO - Filling up the DagBag from /home/airflow/.local/lib/python3.7/site-packages/airflow/example_dags/tutorial_dag.py
[2024-04-06T10:01:58.784+0000] {processor.py:753} INFO - DAG(s) dict_keys(['tutorial_dag']) retrieved from /home/airflow/.local/lib/python3.7/site-packages/airflow/example_dags/tutorial_dag.py
[2024-04-06T10:01:58.806+0000] {logging_mixin.py:137} INFO - [2024-04-06T10:01:58.806+0000] {dag.py:2690} INFO - Sync 1 DAGs
[2024-04-06T10:01:58.827+0000] {logging_mixin.py:137} INFO - [2024-04-06T10:01:58.827+0000] {dag.py:3441} INFO - Setting next_dagrun for tutorial_dag to None, run_after=None
[2024-04-06T10:01:58.845+0000] {processor.py:175} INFO - Processing /home/airflow/.local/lib/python3.7/site-packages/airflow/example_dags/tutorial_dag.py took 0.074 seconds
[2024-04-06T10:02:29.323+0000] {processor.py:153} INFO - Started process (PID=680) to work on /home/airflow/.local/lib/python3.7/site-packages/airflow/example_dags/tutorial_dag.py
[2024-04-06T10:02:29.328+0000] {processor.py:743} INFO - Processing file /home/airflow/.local/lib/python3.7/site-packages/airflow/example_dags/tutorial_dag.py for tasks to queue
[2024-04-06T10:02:29.329+0000] {logging_mixin.py:137} INFO - [2024-04-06T10:02:29.329+0000] {dagbag.py:538} INFO - Filling up the DagBag from /home/airflow/.local/lib/python3.7/site-packages/airflow/example_dags/tutorial_dag.py
[2024-04-06T10:02:29.346+0000] {processor.py:753} INFO - DAG(s) dict_keys(['tutorial_dag']) retrieved from /home/airflow/.local/lib/python3.7/site-packages/airflow/example_dags/tutorial_dag.py
[2024-04-06T10:02:29.376+0000] {logging_mixin.py:137} INFO - [2024-04-06T10:02:29.376+0000] {dag.py:2690} INFO - Sync 1 DAGs
[2024-04-06T10:02:29.402+0000] {logging_mixin.py:137} INFO - [2024-04-06T10:02:29.402+0000] {dag.py:3441} INFO - Setting next_dagrun for tutorial_dag to None, run_after=None
[2024-04-06T10:02:29.426+0000] {processor.py:175} INFO - Processing /home/airflow/.local/lib/python3.7/site-packages/airflow/example_dags/tutorial_dag.py took 0.105 seconds
[2024-04-06T10:02:59.947+0000] {processor.py:153} INFO - Started process (PID=768) to work on /home/airflow/.local/lib/python3.7/site-packages/airflow/example_dags/tutorial_dag.py
[2024-04-06T10:02:59.948+0000] {processor.py:743} INFO - Processing file /home/airflow/.local/lib/python3.7/site-packages/airflow/example_dags/tutorial_dag.py for tasks to queue
[2024-04-06T10:02:59.948+0000] {logging_mixin.py:137} INFO - [2024-04-06T10:02:59.948+0000] {dagbag.py:538} INFO - Filling up the DagBag from /home/airflow/.local/lib/python3.7/site-packages/airflow/example_dags/tutorial_dag.py
[2024-04-06T10:02:59.958+0000] {processor.py:753} INFO - DAG(s) dict_keys(['tutorial_dag']) retrieved from /home/airflow/.local/lib/python3.7/site-packages/airflow/example_dags/tutorial_dag.py
[2024-04-06T10:02:59.978+0000] {logging_mixin.py:137} INFO - [2024-04-06T10:02:59.978+0000] {dag.py:2690} INFO - Sync 1 DAGs
[2024-04-06T10:03:00.000+0000] {logging_mixin.py:137} INFO - [2024-04-06T10:03:00.000+0000] {dag.py:3441} INFO - Setting next_dagrun for tutorial_dag to None, run_after=None
[2024-04-06T10:03:00.019+0000] {processor.py:175} INFO - Processing /home/airflow/.local/lib/python3.7/site-packages/airflow/example_dags/tutorial_dag.py took 0.074 seconds
[2024-04-06T10:03:30.336+0000] {processor.py:153} INFO - Started process (PID=857) to work on /home/airflow/.local/lib/python3.7/site-packages/airflow/example_dags/tutorial_dag.py
[2024-04-06T10:03:30.337+0000] {processor.py:743} INFO - Processing file /home/airflow/.local/lib/python3.7/site-packages/airflow/example_dags/tutorial_dag.py for tasks to queue
[2024-04-06T10:03:30.337+0000] {logging_mixin.py:137} INFO - [2024-04-06T10:03:30.337+0000] {dagbag.py:538} INFO - Filling up the DagBag from /home/airflow/.local/lib/python3.7/site-packages/airflow/example_dags/tutorial_dag.py
[2024-04-06T10:03:30.347+0000] {processor.py:753} INFO - DAG(s) dict_keys(['tutorial_dag']) retrieved from /home/airflow/.local/lib/python3.7/site-packages/airflow/example_dags/tutorial_dag.py
[2024-04-06T10:03:30.371+0000] {logging_mixin.py:137} INFO - [2024-04-06T10:03:30.371+0000] {dag.py:2690} INFO - Sync 1 DAGs
[2024-04-06T10:03:30.391+0000] {logging_mixin.py:137} INFO - [2024-04-06T10:03:30.391+0000] {dag.py:3441} INFO - Setting next_dagrun for tutorial_dag to None, run_after=None
[2024-04-06T10:03:30.408+0000] {processor.py:175} INFO - Processing /home/airflow/.local/lib/python3.7/site-packages/airflow/example_dags/tutorial_dag.py took 0.075 seconds
[2024-04-06T10:04:00.805+0000] {processor.py:153} INFO - Started process (PID=928) to work on /home/airflow/.local/lib/python3.7/site-packages/airflow/example_dags/tutorial_dag.py
[2024-04-06T10:04:00.806+0000] {processor.py:743} INFO - Processing file /home/airflow/.local/lib/python3.7/site-packages/airflow/example_dags/tutorial_dag.py for tasks to queue
[2024-04-06T10:04:00.807+0000] {logging_mixin.py:137} INFO - [2024-04-06T10:04:00.806+0000] {dagbag.py:538} INFO - Filling up the DagBag from /home/airflow/.local/lib/python3.7/site-packages/airflow/example_dags/tutorial_dag.py
[2024-04-06T10:04:00.819+0000] {processor.py:753} INFO - DAG(s) dict_keys(['tutorial_dag']) retrieved from /home/airflow/.local/lib/python3.7/site-packages/airflow/example_dags/tutorial_dag.py
[2024-04-06T10:04:00.844+0000] {logging_mixin.py:137} INFO - [2024-04-06T10:04:00.844+0000] {dag.py:2690} INFO - Sync 1 DAGs
[2024-04-06T10:04:00.869+0000] {logging_mixin.py:137} INFO - [2024-04-06T10:04:00.868+0000] {dag.py:3441} INFO - Setting next_dagrun for tutorial_dag to None, run_after=None
[2024-04-06T10:04:00.888+0000] {processor.py:175} INFO - Processing /home/airflow/.local/lib/python3.7/site-packages/airflow/example_dags/tutorial_dag.py took 0.085 seconds
[2024-04-06T10:04:31.470+0000] {processor.py:153} INFO - Started process (PID=1016) to work on /home/airflow/.local/lib/python3.7/site-packages/airflow/example_dags/tutorial_dag.py
[2024-04-06T10:04:31.470+0000] {processor.py:743} INFO - Processing file /home/airflow/.local/lib/python3.7/site-packages/airflow/example_dags/tutorial_dag.py for tasks to queue
[2024-04-06T10:04:31.471+0000] {logging_mixin.py:137} INFO - [2024-04-06T10:04:31.471+0000] {dagbag.py:538} INFO - Filling up the DagBag from /home/airflow/.local/lib/python3.7/site-packages/airflow/example_dags/tutorial_dag.py
[2024-04-06T10:04:31.480+0000] {processor.py:753} INFO - DAG(s) dict_keys(['tutorial_dag']) retrieved from /home/airflow/.local/lib/python3.7/site-packages/airflow/example_dags/tutorial_dag.py
[2024-04-06T10:04:31.501+0000] {logging_mixin.py:137} INFO - [2024-04-06T10:04:31.501+0000] {dag.py:2690} INFO - Sync 1 DAGs
[2024-04-06T10:04:31.523+0000] {logging_mixin.py:137} INFO - [2024-04-06T10:04:31.523+0000] {dag.py:3441} INFO - Setting next_dagrun for tutorial_dag to None, run_after=None
[2024-04-06T10:04:31.540+0000] {processor.py:175} INFO - Processing /home/airflow/.local/lib/python3.7/site-packages/airflow/example_dags/tutorial_dag.py took 0.073 seconds
[2024-04-06T10:05:02.235+0000] {processor.py:153} INFO - Started process (PID=1088) to work on /home/airflow/.local/lib/python3.7/site-packages/airflow/example_dags/tutorial_dag.py
[2024-04-06T10:05:02.236+0000] {processor.py:743} INFO - Processing file /home/airflow/.local/lib/python3.7/site-packages/airflow/example_dags/tutorial_dag.py for tasks to queue
[2024-04-06T10:05:02.236+0000] {logging_mixin.py:137} INFO - [2024-04-06T10:05:02.236+0000] {dagbag.py:538} INFO - Filling up the DagBag from /home/airflow/.local/lib/python3.7/site-packages/airflow/example_dags/tutorial_dag.py
[2024-04-06T10:05:02.250+0000] {processor.py:753} INFO - DAG(s) dict_keys(['tutorial_dag']) retrieved from /home/airflow/.local/lib/python3.7/site-packages/airflow/example_dags/tutorial_dag.py
[2024-04-06T10:05:02.276+0000] {logging_mixin.py:137} INFO - [2024-04-06T10:05:02.276+0000] {dag.py:2690} INFO - Sync 1 DAGs
[2024-04-06T10:05:02.306+0000] {logging_mixin.py:137} INFO - [2024-04-06T10:05:02.306+0000] {dag.py:3441} INFO - Setting next_dagrun for tutorial_dag to None, run_after=None
[2024-04-06T10:05:02.327+0000] {processor.py:175} INFO - Processing /home/airflow/.local/lib/python3.7/site-packages/airflow/example_dags/tutorial_dag.py took 0.095 seconds
[2024-04-06T10:05:33.184+0000] {processor.py:153} INFO - Started process (PID=1176) to work on /home/airflow/.local/lib/python3.7/site-packages/airflow/example_dags/tutorial_dag.py
[2024-04-06T10:05:33.185+0000] {processor.py:743} INFO - Processing file /home/airflow/.local/lib/python3.7/site-packages/airflow/example_dags/tutorial_dag.py for tasks to queue
[2024-04-06T10:05:33.185+0000] {logging_mixin.py:137} INFO - [2024-04-06T10:05:33.185+0000] {dagbag.py:538} INFO - Filling up the DagBag from /home/airflow/.local/lib/python3.7/site-packages/airflow/example_dags/tutorial_dag.py
[2024-04-06T10:05:33.198+0000] {processor.py:753} INFO - DAG(s) dict_keys(['tutorial_dag']) retrieved from /home/airflow/.local/lib/python3.7/site-packages/airflow/example_dags/tutorial_dag.py
[2024-04-06T10:05:33.231+0000] {logging_mixin.py:137} INFO - [2024-04-06T10:05:33.231+0000] {dag.py:2690} INFO - Sync 1 DAGs
[2024-04-06T10:05:33.263+0000] {logging_mixin.py:137} INFO - [2024-04-06T10:05:33.263+0000] {dag.py:3441} INFO - Setting next_dagrun for tutorial_dag to None, run_after=None
[2024-04-06T10:05:33.291+0000] {processor.py:175} INFO - Processing /home/airflow/.local/lib/python3.7/site-packages/airflow/example_dags/tutorial_dag.py took 0.110 seconds
[2024-04-06T10:06:04.871+0000] {processor.py:153} INFO - Started process (PID=1248) to work on /home/airflow/.local/lib/python3.7/site-packages/airflow/example_dags/tutorial_dag.py
[2024-04-06T10:06:04.872+0000] {processor.py:743} INFO - Processing file /home/airflow/.local/lib/python3.7/site-packages/airflow/example_dags/tutorial_dag.py for tasks to queue
[2024-04-06T10:06:04.873+0000] {logging_mixin.py:137} INFO - [2024-04-06T10:06:04.873+0000] {dagbag.py:538} INFO - Filling up the DagBag from /home/airflow/.local/lib/python3.7/site-packages/airflow/example_dags/tutorial_dag.py
[2024-04-06T10:06:04.897+0000] {processor.py:753} INFO - DAG(s) dict_keys(['tutorial_dag']) retrieved from /home/airflow/.local/lib/python3.7/site-packages/airflow/example_dags/tutorial_dag.py
[2024-04-06T10:06:04.946+0000] {logging_mixin.py:137} INFO - [2024-04-06T10:06:04.946+0000] {dag.py:2690} INFO - Sync 1 DAGs
[2024-04-06T10:06:04.993+0000] {logging_mixin.py:137} INFO - [2024-04-06T10:06:04.993+0000] {dag.py:3441} INFO - Setting next_dagrun for tutorial_dag to None, run_after=None
[2024-04-06T10:06:05.036+0000] {processor.py:175} INFO - Processing /home/airflow/.local/lib/python3.7/site-packages/airflow/example_dags/tutorial_dag.py took 0.170 seconds
[2024-04-06T10:06:35.325+0000] {processor.py:153} INFO - Started process (PID=1321) to work on /home/airflow/.local/lib/python3.7/site-packages/airflow/example_dags/tutorial_dag.py
[2024-04-06T10:06:35.326+0000] {processor.py:743} INFO - Processing file /home/airflow/.local/lib/python3.7/site-packages/airflow/example_dags/tutorial_dag.py for tasks to queue
[2024-04-06T10:06:35.327+0000] {logging_mixin.py:137} INFO - [2024-04-06T10:06:35.327+0000] {dagbag.py:538} INFO - Filling up the DagBag from /home/airflow/.local/lib/python3.7/site-packages/airflow/example_dags/tutorial_dag.py
[2024-04-06T10:06:35.350+0000] {processor.py:753} INFO - DAG(s) dict_keys(['tutorial_dag']) retrieved from /home/airflow/.local/lib/python3.7/site-packages/airflow/example_dags/tutorial_dag.py
[2024-04-06T10:06:35.397+0000] {logging_mixin.py:137} INFO - [2024-04-06T10:06:35.397+0000] {dag.py:2690} INFO - Sync 1 DAGs
[2024-04-06T10:06:35.451+0000] {logging_mixin.py:137} INFO - [2024-04-06T10:06:35.450+0000] {dag.py:3441} INFO - Setting next_dagrun for tutorial_dag to None, run_after=None
[2024-04-06T10:06:35.496+0000] {processor.py:175} INFO - Processing /home/airflow/.local/lib/python3.7/site-packages/airflow/example_dags/tutorial_dag.py took 0.177 seconds
[2024-04-06T10:07:06.111+0000] {processor.py:153} INFO - Started process (PID=1399) to work on /home/airflow/.local/lib/python3.7/site-packages/airflow/example_dags/tutorial_dag.py
[2024-04-06T10:07:06.113+0000] {processor.py:743} INFO - Processing file /home/airflow/.local/lib/python3.7/site-packages/airflow/example_dags/tutorial_dag.py for tasks to queue
[2024-04-06T10:07:06.114+0000] {logging_mixin.py:137} INFO - [2024-04-06T10:07:06.114+0000] {dagbag.py:538} INFO - Filling up the DagBag from /home/airflow/.local/lib/python3.7/site-packages/airflow/example_dags/tutorial_dag.py
[2024-04-06T10:07:06.140+0000] {processor.py:753} INFO - DAG(s) dict_keys(['tutorial_dag']) retrieved from /home/airflow/.local/lib/python3.7/site-packages/airflow/example_dags/tutorial_dag.py
[2024-04-06T10:07:06.187+0000] {logging_mixin.py:137} INFO - [2024-04-06T10:07:06.187+0000] {dag.py:2690} INFO - Sync 1 DAGs
[2024-04-06T10:07:06.242+0000] {logging_mixin.py:137} INFO - [2024-04-06T10:07:06.242+0000] {dag.py:3441} INFO - Setting next_dagrun for tutorial_dag to None, run_after=None
[2024-04-06T10:07:06.278+0000] {processor.py:175} INFO - Processing /home/airflow/.local/lib/python3.7/site-packages/airflow/example_dags/tutorial_dag.py took 0.173 seconds
[2024-04-06T10:07:36.716+0000] {processor.py:153} INFO - Started process (PID=1471) to work on /home/airflow/.local/lib/python3.7/site-packages/airflow/example_dags/tutorial_dag.py
[2024-04-06T10:07:36.718+0000] {processor.py:743} INFO - Processing file /home/airflow/.local/lib/python3.7/site-packages/airflow/example_dags/tutorial_dag.py for tasks to queue
[2024-04-06T10:07:36.720+0000] {logging_mixin.py:137} INFO - [2024-04-06T10:07:36.720+0000] {dagbag.py:538} INFO - Filling up the DagBag from /home/airflow/.local/lib/python3.7/site-packages/airflow/example_dags/tutorial_dag.py
[2024-04-06T10:07:36.752+0000] {processor.py:753} INFO - DAG(s) dict_keys(['tutorial_dag']) retrieved from /home/airflow/.local/lib/python3.7/site-packages/airflow/example_dags/tutorial_dag.py
[2024-04-06T10:07:36.827+0000] {logging_mixin.py:137} INFO - [2024-04-06T10:07:36.827+0000] {dag.py:2690} INFO - Sync 1 DAGs
[2024-04-06T10:07:36.894+0000] {logging_mixin.py:137} INFO - [2024-04-06T10:07:36.894+0000] {dag.py:3441} INFO - Setting next_dagrun for tutorial_dag to None, run_after=None
[2024-04-06T10:07:36.934+0000] {processor.py:175} INFO - Processing /home/airflow/.local/lib/python3.7/site-packages/airflow/example_dags/tutorial_dag.py took 0.227 seconds
[2024-04-06T10:08:07.761+0000] {processor.py:153} INFO - Started process (PID=1545) to work on /home/airflow/.local/lib/python3.7/site-packages/airflow/example_dags/tutorial_dag.py
[2024-04-06T10:08:07.763+0000] {processor.py:743} INFO - Processing file /home/airflow/.local/lib/python3.7/site-packages/airflow/example_dags/tutorial_dag.py for tasks to queue
[2024-04-06T10:08:07.764+0000] {logging_mixin.py:137} INFO - [2024-04-06T10:08:07.764+0000] {dagbag.py:538} INFO - Filling up the DagBag from /home/airflow/.local/lib/python3.7/site-packages/airflow/example_dags/tutorial_dag.py
[2024-04-06T10:08:07.789+0000] {processor.py:753} INFO - DAG(s) dict_keys(['tutorial_dag']) retrieved from /home/airflow/.local/lib/python3.7/site-packages/airflow/example_dags/tutorial_dag.py
[2024-04-06T10:08:07.841+0000] {logging_mixin.py:137} INFO - [2024-04-06T10:08:07.840+0000] {dag.py:2690} INFO - Sync 1 DAGs
[2024-04-06T10:08:07.895+0000] {logging_mixin.py:137} INFO - [2024-04-06T10:08:07.894+0000] {dag.py:3441} INFO - Setting next_dagrun for tutorial_dag to None, run_after=None
[2024-04-06T10:08:07.937+0000] {processor.py:175} INFO - Processing /home/airflow/.local/lib/python3.7/site-packages/airflow/example_dags/tutorial_dag.py took 0.183 seconds
[2024-04-06T10:08:38.387+0000] {processor.py:153} INFO - Started process (PID=1624) to work on /home/airflow/.local/lib/python3.7/site-packages/airflow/example_dags/tutorial_dag.py
[2024-04-06T10:08:38.388+0000] {processor.py:743} INFO - Processing file /home/airflow/.local/lib/python3.7/site-packages/airflow/example_dags/tutorial_dag.py for tasks to queue
[2024-04-06T10:08:38.390+0000] {logging_mixin.py:137} INFO - [2024-04-06T10:08:38.389+0000] {dagbag.py:538} INFO - Filling up the DagBag from /home/airflow/.local/lib/python3.7/site-packages/airflow/example_dags/tutorial_dag.py
[2024-04-06T10:08:38.414+0000] {processor.py:753} INFO - DAG(s) dict_keys(['tutorial_dag']) retrieved from /home/airflow/.local/lib/python3.7/site-packages/airflow/example_dags/tutorial_dag.py
[2024-04-06T10:08:38.471+0000] {logging_mixin.py:137} INFO - [2024-04-06T10:08:38.471+0000] {dag.py:2690} INFO - Sync 1 DAGs
[2024-04-06T10:08:38.538+0000] {logging_mixin.py:137} INFO - [2024-04-06T10:08:38.538+0000] {dag.py:3441} INFO - Setting next_dagrun for tutorial_dag to None, run_after=None
[2024-04-06T10:08:38.574+0000] {processor.py:175} INFO - Processing /home/airflow/.local/lib/python3.7/site-packages/airflow/example_dags/tutorial_dag.py took 0.193 seconds
[2024-04-06T10:09:09.250+0000] {processor.py:153} INFO - Started process (PID=1696) to work on /home/airflow/.local/lib/python3.7/site-packages/airflow/example_dags/tutorial_dag.py
[2024-04-06T10:09:09.251+0000] {processor.py:743} INFO - Processing file /home/airflow/.local/lib/python3.7/site-packages/airflow/example_dags/tutorial_dag.py for tasks to queue
[2024-04-06T10:09:09.252+0000] {logging_mixin.py:137} INFO - [2024-04-06T10:09:09.252+0000] {dagbag.py:538} INFO - Filling up the DagBag from /home/airflow/.local/lib/python3.7/site-packages/airflow/example_dags/tutorial_dag.py
[2024-04-06T10:09:09.278+0000] {processor.py:753} INFO - DAG(s) dict_keys(['tutorial_dag']) retrieved from /home/airflow/.local/lib/python3.7/site-packages/airflow/example_dags/tutorial_dag.py
[2024-04-06T10:09:09.325+0000] {logging_mixin.py:137} INFO - [2024-04-06T10:09:09.325+0000] {dag.py:2690} INFO - Sync 1 DAGs
[2024-04-06T10:09:09.387+0000] {logging_mixin.py:137} INFO - [2024-04-06T10:09:09.386+0000] {dag.py:3441} INFO - Setting next_dagrun for tutorial_dag to None, run_after=None
[2024-04-06T10:09:09.428+0000] {processor.py:175} INFO - Processing /home/airflow/.local/lib/python3.7/site-packages/airflow/example_dags/tutorial_dag.py took 0.185 seconds
[2024-04-06T10:09:40.246+0000] {processor.py:153} INFO - Started process (PID=1769) to work on /home/airflow/.local/lib/python3.7/site-packages/airflow/example_dags/tutorial_dag.py
[2024-04-06T10:09:40.248+0000] {processor.py:743} INFO - Processing file /home/airflow/.local/lib/python3.7/site-packages/airflow/example_dags/tutorial_dag.py for tasks to queue
[2024-04-06T10:09:40.249+0000] {logging_mixin.py:137} INFO - [2024-04-06T10:09:40.249+0000] {dagbag.py:538} INFO - Filling up the DagBag from /home/airflow/.local/lib/python3.7/site-packages/airflow/example_dags/tutorial_dag.py
[2024-04-06T10:09:40.272+0000] {processor.py:753} INFO - DAG(s) dict_keys(['tutorial_dag']) retrieved from /home/airflow/.local/lib/python3.7/site-packages/airflow/example_dags/tutorial_dag.py
[2024-04-06T10:09:40.316+0000] {logging_mixin.py:137} INFO - [2024-04-06T10:09:40.316+0000] {dag.py:2690} INFO - Sync 1 DAGs
[2024-04-06T10:09:40.364+0000] {logging_mixin.py:137} INFO - [2024-04-06T10:09:40.364+0000] {dag.py:3441} INFO - Setting next_dagrun for tutorial_dag to None, run_after=None
[2024-04-06T10:09:40.399+0000] {processor.py:175} INFO - Processing /home/airflow/.local/lib/python3.7/site-packages/airflow/example_dags/tutorial_dag.py took 0.158 seconds
[2024-04-06T10:10:11.336+0000] {processor.py:153} INFO - Started process (PID=1840) to work on /home/airflow/.local/lib/python3.7/site-packages/airflow/example_dags/tutorial_dag.py
[2024-04-06T10:10:11.338+0000] {processor.py:743} INFO - Processing file /home/airflow/.local/lib/python3.7/site-packages/airflow/example_dags/tutorial_dag.py for tasks to queue
[2024-04-06T10:10:11.339+0000] {logging_mixin.py:137} INFO - [2024-04-06T10:10:11.339+0000] {dagbag.py:538} INFO - Filling up the DagBag from /home/airflow/.local/lib/python3.7/site-packages/airflow/example_dags/tutorial_dag.py
[2024-04-06T10:10:11.372+0000] {processor.py:753} INFO - DAG(s) dict_keys(['tutorial_dag']) retrieved from /home/airflow/.local/lib/python3.7/site-packages/airflow/example_dags/tutorial_dag.py
[2024-04-06T10:10:11.426+0000] {logging_mixin.py:137} INFO - [2024-04-06T10:10:11.426+0000] {dag.py:2690} INFO - Sync 1 DAGs
[2024-04-06T10:10:11.477+0000] {logging_mixin.py:137} INFO - [2024-04-06T10:10:11.476+0000] {dag.py:3441} INFO - Setting next_dagrun for tutorial_dag to None, run_after=None
[2024-04-06T10:10:11.511+0000] {processor.py:175} INFO - Processing /home/airflow/.local/lib/python3.7/site-packages/airflow/example_dags/tutorial_dag.py took 0.182 seconds
[2024-04-06T10:10:41.882+0000] {processor.py:153} INFO - Started process (PID=1912) to work on /home/airflow/.local/lib/python3.7/site-packages/airflow/example_dags/tutorial_dag.py
[2024-04-06T10:10:41.883+0000] {processor.py:743} INFO - Processing file /home/airflow/.local/lib/python3.7/site-packages/airflow/example_dags/tutorial_dag.py for tasks to queue
[2024-04-06T10:10:41.884+0000] {logging_mixin.py:137} INFO - [2024-04-06T10:10:41.884+0000] {dagbag.py:538} INFO - Filling up the DagBag from /home/airflow/.local/lib/python3.7/site-packages/airflow/example_dags/tutorial_dag.py
[2024-04-06T10:10:41.907+0000] {processor.py:753} INFO - DAG(s) dict_keys(['tutorial_dag']) retrieved from /home/airflow/.local/lib/python3.7/site-packages/airflow/example_dags/tutorial_dag.py
[2024-04-06T10:10:41.960+0000] {logging_mixin.py:137} INFO - [2024-04-06T10:10:41.959+0000] {dag.py:2690} INFO - Sync 1 DAGs
[2024-04-06T10:10:42.037+0000] {logging_mixin.py:137} INFO - [2024-04-06T10:10:42.037+0000] {dag.py:3441} INFO - Setting next_dagrun for tutorial_dag to None, run_after=None
[2024-04-06T10:10:42.078+0000] {processor.py:175} INFO - Processing /home/airflow/.local/lib/python3.7/site-packages/airflow/example_dags/tutorial_dag.py took 0.201 seconds
[2024-04-06T10:11:12.630+0000] {processor.py:153} INFO - Started process (PID=1984) to work on /home/airflow/.local/lib/python3.7/site-packages/airflow/example_dags/tutorial_dag.py
[2024-04-06T10:11:12.632+0000] {processor.py:743} INFO - Processing file /home/airflow/.local/lib/python3.7/site-packages/airflow/example_dags/tutorial_dag.py for tasks to queue
[2024-04-06T10:11:12.633+0000] {logging_mixin.py:137} INFO - [2024-04-06T10:11:12.633+0000] {dagbag.py:538} INFO - Filling up the DagBag from /home/airflow/.local/lib/python3.7/site-packages/airflow/example_dags/tutorial_dag.py
[2024-04-06T10:11:12.660+0000] {processor.py:753} INFO - DAG(s) dict_keys(['tutorial_dag']) retrieved from /home/airflow/.local/lib/python3.7/site-packages/airflow/example_dags/tutorial_dag.py
[2024-04-06T10:11:12.708+0000] {logging_mixin.py:137} INFO - [2024-04-06T10:11:12.708+0000] {dag.py:2690} INFO - Sync 1 DAGs
[2024-04-06T10:11:12.759+0000] {logging_mixin.py:137} INFO - [2024-04-06T10:11:12.759+0000] {dag.py:3441} INFO - Setting next_dagrun for tutorial_dag to None, run_after=None
[2024-04-06T10:11:12.799+0000] {processor.py:175} INFO - Processing /home/airflow/.local/lib/python3.7/site-packages/airflow/example_dags/tutorial_dag.py took 0.174 seconds
[2024-04-06T10:11:42.945+0000] {processor.py:153} INFO - Started process (PID=2056) to work on /home/airflow/.local/lib/python3.7/site-packages/airflow/example_dags/tutorial_dag.py
[2024-04-06T10:11:42.946+0000] {processor.py:743} INFO - Processing file /home/airflow/.local/lib/python3.7/site-packages/airflow/example_dags/tutorial_dag.py for tasks to queue
[2024-04-06T10:11:42.947+0000] {logging_mixin.py:137} INFO - [2024-04-06T10:11:42.947+0000] {dagbag.py:538} INFO - Filling up the DagBag from /home/airflow/.local/lib/python3.7/site-packages/airflow/example_dags/tutorial_dag.py
[2024-04-06T10:11:42.971+0000] {processor.py:753} INFO - DAG(s) dict_keys(['tutorial_dag']) retrieved from /home/airflow/.local/lib/python3.7/site-packages/airflow/example_dags/tutorial_dag.py
[2024-04-06T10:11:43.020+0000] {logging_mixin.py:137} INFO - [2024-04-06T10:11:43.020+0000] {dag.py:2690} INFO - Sync 1 DAGs
[2024-04-06T10:11:43.067+0000] {logging_mixin.py:137} INFO - [2024-04-06T10:11:43.067+0000] {dag.py:3441} INFO - Setting next_dagrun for tutorial_dag to None, run_after=None
[2024-04-06T10:11:43.099+0000] {processor.py:175} INFO - Processing /home/airflow/.local/lib/python3.7/site-packages/airflow/example_dags/tutorial_dag.py took 0.162 seconds
[2024-04-06T10:12:13.194+0000] {processor.py:153} INFO - Started process (PID=2128) to work on /home/airflow/.local/lib/python3.7/site-packages/airflow/example_dags/tutorial_dag.py
[2024-04-06T10:12:13.196+0000] {processor.py:743} INFO - Processing file /home/airflow/.local/lib/python3.7/site-packages/airflow/example_dags/tutorial_dag.py for tasks to queue
[2024-04-06T10:12:13.199+0000] {logging_mixin.py:137} INFO - [2024-04-06T10:12:13.198+0000] {dagbag.py:538} INFO - Filling up the DagBag from /home/airflow/.local/lib/python3.7/site-packages/airflow/example_dags/tutorial_dag.py
[2024-04-06T10:12:13.233+0000] {processor.py:753} INFO - DAG(s) dict_keys(['tutorial_dag']) retrieved from /home/airflow/.local/lib/python3.7/site-packages/airflow/example_dags/tutorial_dag.py
[2024-04-06T10:12:13.288+0000] {logging_mixin.py:137} INFO - [2024-04-06T10:12:13.287+0000] {dag.py:2690} INFO - Sync 1 DAGs
[2024-04-06T10:12:13.342+0000] {logging_mixin.py:137} INFO - [2024-04-06T10:12:13.342+0000] {dag.py:3441} INFO - Setting next_dagrun for tutorial_dag to None, run_after=None
[2024-04-06T10:12:13.384+0000] {processor.py:175} INFO - Processing /home/airflow/.local/lib/python3.7/site-packages/airflow/example_dags/tutorial_dag.py took 0.198 seconds
[2024-04-06T10:12:43.762+0000] {processor.py:153} INFO - Started process (PID=2200) to work on /home/airflow/.local/lib/python3.7/site-packages/airflow/example_dags/tutorial_dag.py
[2024-04-06T10:12:43.763+0000] {processor.py:743} INFO - Processing file /home/airflow/.local/lib/python3.7/site-packages/airflow/example_dags/tutorial_dag.py for tasks to queue
[2024-04-06T10:12:43.765+0000] {logging_mixin.py:137} INFO - [2024-04-06T10:12:43.764+0000] {dagbag.py:538} INFO - Filling up the DagBag from /home/airflow/.local/lib/python3.7/site-packages/airflow/example_dags/tutorial_dag.py
[2024-04-06T10:12:43.788+0000] {processor.py:753} INFO - DAG(s) dict_keys(['tutorial_dag']) retrieved from /home/airflow/.local/lib/python3.7/site-packages/airflow/example_dags/tutorial_dag.py
[2024-04-06T10:12:43.841+0000] {logging_mixin.py:137} INFO - [2024-04-06T10:12:43.840+0000] {dag.py:2690} INFO - Sync 1 DAGs
[2024-04-06T10:12:43.893+0000] {logging_mixin.py:137} INFO - [2024-04-06T10:12:43.893+0000] {dag.py:3441} INFO - Setting next_dagrun for tutorial_dag to None, run_after=None
[2024-04-06T10:12:43.940+0000] {processor.py:175} INFO - Processing /home/airflow/.local/lib/python3.7/site-packages/airflow/example_dags/tutorial_dag.py took 0.184 seconds
[2024-04-06T10:42:04.058+0000] {processor.py:161} INFO - Started process (PID=53) to work on /home/airflow/.local/lib/python3.8/site-packages/airflow/example_dags/tutorial_dag.py
[2024-04-06T10:42:04.061+0000] {processor.py:830} INFO - Processing file /home/airflow/.local/lib/python3.8/site-packages/airflow/example_dags/tutorial_dag.py for tasks to queue
[2024-04-06T10:42:04.062+0000] {logging_mixin.py:188} INFO - [2024-04-06T10:42:04.062+0000] {dagbag.py:540} INFO - Filling up the DagBag from /home/airflow/.local/lib/python3.8/site-packages/airflow/example_dags/tutorial_dag.py
[2024-04-06T10:42:04.067+0000] {processor.py:840} INFO - DAG(s) 'tutorial_dag' retrieved from /home/airflow/.local/lib/python3.8/site-packages/airflow/example_dags/tutorial_dag.py
[2024-04-06T10:42:04.143+0000] {logging_mixin.py:188} INFO - [2024-04-06T10:42:04.143+0000] {override.py:1769} INFO - Created Permission View: can delete on DAG:tutorial_dag
[2024-04-06T10:42:04.151+0000] {logging_mixin.py:188} INFO - [2024-04-06T10:42:04.151+0000] {override.py:1769} INFO - Created Permission View: can read on DAG:tutorial_dag
[2024-04-06T10:42:04.158+0000] {logging_mixin.py:188} INFO - [2024-04-06T10:42:04.158+0000] {override.py:1769} INFO - Created Permission View: can edit on DAG:tutorial_dag
[2024-04-06T10:42:04.158+0000] {logging_mixin.py:188} INFO - [2024-04-06T10:42:04.158+0000] {dag.py:3047} INFO - Sync 1 DAGs
[2024-04-06T10:42:04.170+0000] {logging_mixin.py:188} INFO - [2024-04-06T10:42:04.170+0000] {dag.py:3069} INFO - Creating ORM DAG for tutorial_dag
[2024-04-06T10:42:04.171+0000] {logging_mixin.py:188} INFO - [2024-04-06T10:42:04.171+0000] {dag.py:3834} INFO - Setting next_dagrun for tutorial_dag to None, run_after=None
[2024-04-06T10:42:04.189+0000] {processor.py:183} INFO - Processing /home/airflow/.local/lib/python3.8/site-packages/airflow/example_dags/tutorial_dag.py took 0.133 seconds
[2024-04-06T10:42:34.263+0000] {processor.py:161} INFO - Started process (PID=109) to work on /home/airflow/.local/lib/python3.8/site-packages/airflow/example_dags/tutorial_dag.py
[2024-04-06T10:42:34.264+0000] {processor.py:830} INFO - Processing file /home/airflow/.local/lib/python3.8/site-packages/airflow/example_dags/tutorial_dag.py for tasks to queue
[2024-04-06T10:42:34.265+0000] {logging_mixin.py:188} INFO - [2024-04-06T10:42:34.265+0000] {dagbag.py:540} INFO - Filling up the DagBag from /home/airflow/.local/lib/python3.8/site-packages/airflow/example_dags/tutorial_dag.py
[2024-04-06T10:42:34.268+0000] {processor.py:840} INFO - DAG(s) 'tutorial_dag' retrieved from /home/airflow/.local/lib/python3.8/site-packages/airflow/example_dags/tutorial_dag.py
[2024-04-06T10:42:34.286+0000] {logging_mixin.py:188} INFO - [2024-04-06T10:42:34.285+0000] {dag.py:3047} INFO - Sync 1 DAGs
[2024-04-06T10:42:34.297+0000] {logging_mixin.py:188} INFO - [2024-04-06T10:42:34.296+0000] {dag.py:3834} INFO - Setting next_dagrun for tutorial_dag to None, run_after=None
[2024-04-06T10:42:34.311+0000] {processor.py:183} INFO - Processing /home/airflow/.local/lib/python3.8/site-packages/airflow/example_dags/tutorial_dag.py took 0.051 seconds
[2024-04-06T10:43:04.463+0000] {processor.py:161} INFO - Started process (PID=165) to work on /home/airflow/.local/lib/python3.8/site-packages/airflow/example_dags/tutorial_dag.py
[2024-04-06T10:43:04.464+0000] {processor.py:830} INFO - Processing file /home/airflow/.local/lib/python3.8/site-packages/airflow/example_dags/tutorial_dag.py for tasks to queue
[2024-04-06T10:43:04.465+0000] {logging_mixin.py:188} INFO - [2024-04-06T10:43:04.464+0000] {dagbag.py:540} INFO - Filling up the DagBag from /home/airflow/.local/lib/python3.8/site-packages/airflow/example_dags/tutorial_dag.py
[2024-04-06T10:43:04.468+0000] {processor.py:840} INFO - DAG(s) 'tutorial_dag' retrieved from /home/airflow/.local/lib/python3.8/site-packages/airflow/example_dags/tutorial_dag.py
[2024-04-06T10:43:04.479+0000] {logging_mixin.py:188} INFO - [2024-04-06T10:43:04.479+0000] {dag.py:3047} INFO - Sync 1 DAGs
[2024-04-06T10:43:04.486+0000] {logging_mixin.py:188} INFO - [2024-04-06T10:43:04.486+0000] {dag.py:3834} INFO - Setting next_dagrun for tutorial_dag to None, run_after=None
[2024-04-06T10:43:04.496+0000] {processor.py:183} INFO - Processing /home/airflow/.local/lib/python3.8/site-packages/airflow/example_dags/tutorial_dag.py took 0.034 seconds
[2024-04-06T10:43:34.917+0000] {processor.py:161} INFO - Started process (PID=221) to work on /home/airflow/.local/lib/python3.8/site-packages/airflow/example_dags/tutorial_dag.py
[2024-04-06T10:43:34.918+0000] {processor.py:830} INFO - Processing file /home/airflow/.local/lib/python3.8/site-packages/airflow/example_dags/tutorial_dag.py for tasks to queue
[2024-04-06T10:43:34.919+0000] {logging_mixin.py:188} INFO - [2024-04-06T10:43:34.919+0000] {dagbag.py:540} INFO - Filling up the DagBag from /home/airflow/.local/lib/python3.8/site-packages/airflow/example_dags/tutorial_dag.py
[2024-04-06T10:43:34.923+0000] {processor.py:840} INFO - DAG(s) 'tutorial_dag' retrieved from /home/airflow/.local/lib/python3.8/site-packages/airflow/example_dags/tutorial_dag.py
[2024-04-06T10:43:34.934+0000] {logging_mixin.py:188} INFO - [2024-04-06T10:43:34.934+0000] {dag.py:3047} INFO - Sync 1 DAGs
[2024-04-06T10:43:34.941+0000] {logging_mixin.py:188} INFO - [2024-04-06T10:43:34.941+0000] {dag.py:3834} INFO - Setting next_dagrun for tutorial_dag to None, run_after=None
[2024-04-06T10:43:34.952+0000] {processor.py:183} INFO - Processing /home/airflow/.local/lib/python3.8/site-packages/airflow/example_dags/tutorial_dag.py took 0.037 seconds
[2024-04-06T10:44:05.589+0000] {processor.py:161} INFO - Started process (PID=277) to work on /home/airflow/.local/lib/python3.8/site-packages/airflow/example_dags/tutorial_dag.py
[2024-04-06T10:44:05.589+0000] {processor.py:830} INFO - Processing file /home/airflow/.local/lib/python3.8/site-packages/airflow/example_dags/tutorial_dag.py for tasks to queue
[2024-04-06T10:44:05.591+0000] {logging_mixin.py:188} INFO - [2024-04-06T10:44:05.591+0000] {dagbag.py:540} INFO - Filling up the DagBag from /home/airflow/.local/lib/python3.8/site-packages/airflow/example_dags/tutorial_dag.py
[2024-04-06T10:44:05.596+0000] {processor.py:840} INFO - DAG(s) 'tutorial_dag' retrieved from /home/airflow/.local/lib/python3.8/site-packages/airflow/example_dags/tutorial_dag.py
[2024-04-06T10:44:05.609+0000] {logging_mixin.py:188} INFO - [2024-04-06T10:44:05.609+0000] {dag.py:3047} INFO - Sync 1 DAGs
[2024-04-06T10:44:05.616+0000] {logging_mixin.py:188} INFO - [2024-04-06T10:44:05.616+0000] {dag.py:3834} INFO - Setting next_dagrun for tutorial_dag to None, run_after=None
[2024-04-06T10:44:05.627+0000] {processor.py:183} INFO - Processing /home/airflow/.local/lib/python3.8/site-packages/airflow/example_dags/tutorial_dag.py took 0.042 seconds
[2024-04-06T10:44:36.335+0000] {processor.py:161} INFO - Started process (PID=333) to work on /home/airflow/.local/lib/python3.8/site-packages/airflow/example_dags/tutorial_dag.py
[2024-04-06T10:44:36.336+0000] {processor.py:830} INFO - Processing file /home/airflow/.local/lib/python3.8/site-packages/airflow/example_dags/tutorial_dag.py for tasks to queue
[2024-04-06T10:44:36.337+0000] {logging_mixin.py:188} INFO - [2024-04-06T10:44:36.336+0000] {dagbag.py:540} INFO - Filling up the DagBag from /home/airflow/.local/lib/python3.8/site-packages/airflow/example_dags/tutorial_dag.py
[2024-04-06T10:44:36.340+0000] {processor.py:840} INFO - DAG(s) 'tutorial_dag' retrieved from /home/airflow/.local/lib/python3.8/site-packages/airflow/example_dags/tutorial_dag.py
[2024-04-06T10:44:36.352+0000] {logging_mixin.py:188} INFO - [2024-04-06T10:44:36.352+0000] {dag.py:3047} INFO - Sync 1 DAGs
[2024-04-06T10:44:36.361+0000] {logging_mixin.py:188} INFO - [2024-04-06T10:44:36.360+0000] {dag.py:3834} INFO - Setting next_dagrun for tutorial_dag to None, run_after=None
[2024-04-06T10:44:36.370+0000] {processor.py:183} INFO - Processing /home/airflow/.local/lib/python3.8/site-packages/airflow/example_dags/tutorial_dag.py took 0.038 seconds
[2024-04-06T10:45:06.462+0000] {processor.py:161} INFO - Started process (PID=389) to work on /home/airflow/.local/lib/python3.8/site-packages/airflow/example_dags/tutorial_dag.py
[2024-04-06T10:45:06.462+0000] {processor.py:830} INFO - Processing file /home/airflow/.local/lib/python3.8/site-packages/airflow/example_dags/tutorial_dag.py for tasks to queue
[2024-04-06T10:45:06.463+0000] {logging_mixin.py:188} INFO - [2024-04-06T10:45:06.463+0000] {dagbag.py:540} INFO - Filling up the DagBag from /home/airflow/.local/lib/python3.8/site-packages/airflow/example_dags/tutorial_dag.py
[2024-04-06T10:45:06.467+0000] {processor.py:840} INFO - DAG(s) 'tutorial_dag' retrieved from /home/airflow/.local/lib/python3.8/site-packages/airflow/example_dags/tutorial_dag.py
[2024-04-06T10:45:06.480+0000] {logging_mixin.py:188} INFO - [2024-04-06T10:45:06.480+0000] {dag.py:3047} INFO - Sync 1 DAGs
[2024-04-06T10:45:06.488+0000] {logging_mixin.py:188} INFO - [2024-04-06T10:45:06.488+0000] {dag.py:3834} INFO - Setting next_dagrun for tutorial_dag to None, run_after=None
[2024-04-06T10:45:06.501+0000] {processor.py:183} INFO - Processing /home/airflow/.local/lib/python3.8/site-packages/airflow/example_dags/tutorial_dag.py took 0.041 seconds
