[2024-04-06T09:36:49.495+0000] {processor.py:153} INFO - Started process (PID=83) to work on /home/airflow/.local/lib/python3.7/site-packages/airflow/example_dags/tutorial.py
[2024-04-06T09:36:49.496+0000] {processor.py:743} INFO - Processing file /home/airflow/.local/lib/python3.7/site-packages/airflow/example_dags/tutorial.py for tasks to queue
[2024-04-06T09:36:49.497+0000] {logging_mixin.py:137} INFO - [2024-04-06T09:36:49.497+0000] {dagbag.py:538} INFO - Filling up the DagBag from /home/airflow/.local/lib/python3.7/site-packages/airflow/example_dags/tutorial.py
[2024-04-06T09:36:49.514+0000] {processor.py:753} INFO - DAG(s) dict_keys(['tutorial']) retrieved from /home/airflow/.local/lib/python3.7/site-packages/airflow/example_dags/tutorial.py
[2024-04-06T09:36:49.529+0000] {logging_mixin.py:137} INFO - [2024-04-06T09:36:49.529+0000] {dag.py:2690} INFO - Sync 1 DAGs
[2024-04-06T09:36:49.575+0000] {logging_mixin.py:137} INFO - [2024-04-06T09:36:49.575+0000] {dag.py:3441} INFO - Setting next_dagrun for tutorial to 2024-04-05T09:36:49.574912+00:00, run_after=2024-04-06T09:36:49.574912+00:00
[2024-04-06T09:36:49.620+0000] {processor.py:175} INFO - Processing /home/airflow/.local/lib/python3.7/site-packages/airflow/example_dags/tutorial.py took 0.129 seconds
[2024-04-06T09:37:19.993+0000] {processor.py:153} INFO - Started process (PID=155) to work on /home/airflow/.local/lib/python3.7/site-packages/airflow/example_dags/tutorial.py
[2024-04-06T09:37:19.994+0000] {processor.py:743} INFO - Processing file /home/airflow/.local/lib/python3.7/site-packages/airflow/example_dags/tutorial.py for tasks to queue
[2024-04-06T09:37:19.994+0000] {logging_mixin.py:137} INFO - [2024-04-06T09:37:19.994+0000] {dagbag.py:538} INFO - Filling up the DagBag from /home/airflow/.local/lib/python3.7/site-packages/airflow/example_dags/tutorial.py
[2024-04-06T09:37:20.008+0000] {processor.py:753} INFO - DAG(s) dict_keys(['tutorial']) retrieved from /home/airflow/.local/lib/python3.7/site-packages/airflow/example_dags/tutorial.py
[2024-04-06T09:37:20.022+0000] {logging_mixin.py:137} INFO - [2024-04-06T09:37:20.022+0000] {dag.py:2690} INFO - Sync 1 DAGs
[2024-04-06T09:37:20.053+0000] {logging_mixin.py:137} INFO - [2024-04-06T09:37:20.053+0000] {dag.py:3441} INFO - Setting next_dagrun for tutorial to 2024-04-05T09:37:20.052952+00:00, run_after=2024-04-06T09:37:20.052952+00:00
[2024-04-06T09:37:20.072+0000] {processor.py:175} INFO - Processing /home/airflow/.local/lib/python3.7/site-packages/airflow/example_dags/tutorial.py took 0.082 seconds
[2024-04-06T09:37:50.858+0000] {processor.py:153} INFO - Started process (PID=227) to work on /home/airflow/.local/lib/python3.7/site-packages/airflow/example_dags/tutorial.py
[2024-04-06T09:37:50.859+0000] {processor.py:743} INFO - Processing file /home/airflow/.local/lib/python3.7/site-packages/airflow/example_dags/tutorial.py for tasks to queue
[2024-04-06T09:37:50.859+0000] {logging_mixin.py:137} INFO - [2024-04-06T09:37:50.859+0000] {dagbag.py:538} INFO - Filling up the DagBag from /home/airflow/.local/lib/python3.7/site-packages/airflow/example_dags/tutorial.py
[2024-04-06T09:37:50.874+0000] {processor.py:753} INFO - DAG(s) dict_keys(['tutorial']) retrieved from /home/airflow/.local/lib/python3.7/site-packages/airflow/example_dags/tutorial.py
[2024-04-06T09:37:50.898+0000] {logging_mixin.py:137} INFO - [2024-04-06T09:37:50.898+0000] {dag.py:2690} INFO - Sync 1 DAGs
[2024-04-06T09:37:50.925+0000] {logging_mixin.py:137} INFO - [2024-04-06T09:37:50.925+0000] {dag.py:3441} INFO - Setting next_dagrun for tutorial to 2024-04-05T09:37:50.925147+00:00, run_after=2024-04-06T09:37:50.925147+00:00
[2024-04-06T09:37:50.944+0000] {processor.py:175} INFO - Processing /home/airflow/.local/lib/python3.7/site-packages/airflow/example_dags/tutorial.py took 0.090 seconds
[2024-04-06T09:38:21.563+0000] {processor.py:153} INFO - Started process (PID=315) to work on /home/airflow/.local/lib/python3.7/site-packages/airflow/example_dags/tutorial.py
[2024-04-06T09:38:21.564+0000] {processor.py:743} INFO - Processing file /home/airflow/.local/lib/python3.7/site-packages/airflow/example_dags/tutorial.py for tasks to queue
[2024-04-06T09:38:21.564+0000] {logging_mixin.py:137} INFO - [2024-04-06T09:38:21.564+0000] {dagbag.py:538} INFO - Filling up the DagBag from /home/airflow/.local/lib/python3.7/site-packages/airflow/example_dags/tutorial.py
[2024-04-06T09:38:21.578+0000] {processor.py:753} INFO - DAG(s) dict_keys(['tutorial']) retrieved from /home/airflow/.local/lib/python3.7/site-packages/airflow/example_dags/tutorial.py
[2024-04-06T09:38:21.603+0000] {logging_mixin.py:137} INFO - [2024-04-06T09:38:21.602+0000] {dag.py:2690} INFO - Sync 1 DAGs
[2024-04-06T09:38:21.628+0000] {logging_mixin.py:137} INFO - [2024-04-06T09:38:21.628+0000] {dag.py:3441} INFO - Setting next_dagrun for tutorial to 2024-04-05T09:38:21.628171+00:00, run_after=2024-04-06T09:38:21.628171+00:00
[2024-04-06T09:38:21.648+0000] {processor.py:175} INFO - Processing /home/airflow/.local/lib/python3.7/site-packages/airflow/example_dags/tutorial.py took 0.089 seconds
[2024-04-06T09:38:51.712+0000] {processor.py:153} INFO - Started process (PID=386) to work on /home/airflow/.local/lib/python3.7/site-packages/airflow/example_dags/tutorial.py
[2024-04-06T09:38:51.713+0000] {processor.py:743} INFO - Processing file /home/airflow/.local/lib/python3.7/site-packages/airflow/example_dags/tutorial.py for tasks to queue
[2024-04-06T09:38:51.713+0000] {logging_mixin.py:137} INFO - [2024-04-06T09:38:51.713+0000] {dagbag.py:538} INFO - Filling up the DagBag from /home/airflow/.local/lib/python3.7/site-packages/airflow/example_dags/tutorial.py
[2024-04-06T09:38:51.724+0000] {processor.py:753} INFO - DAG(s) dict_keys(['tutorial']) retrieved from /home/airflow/.local/lib/python3.7/site-packages/airflow/example_dags/tutorial.py
[2024-04-06T09:38:51.744+0000] {logging_mixin.py:137} INFO - [2024-04-06T09:38:51.744+0000] {dag.py:2690} INFO - Sync 1 DAGs
[2024-04-06T09:38:51.765+0000] {logging_mixin.py:137} INFO - [2024-04-06T09:38:51.765+0000] {dag.py:3441} INFO - Setting next_dagrun for tutorial to 2024-04-05T09:38:51.765051+00:00, run_after=2024-04-06T09:38:51.765051+00:00
[2024-04-06T09:38:51.780+0000] {processor.py:175} INFO - Processing /home/airflow/.local/lib/python3.7/site-packages/airflow/example_dags/tutorial.py took 0.071 seconds
[2024-04-06T09:39:21.938+0000] {processor.py:153} INFO - Started process (PID=475) to work on /home/airflow/.local/lib/python3.7/site-packages/airflow/example_dags/tutorial.py
[2024-04-06T09:39:21.939+0000] {processor.py:743} INFO - Processing file /home/airflow/.local/lib/python3.7/site-packages/airflow/example_dags/tutorial.py for tasks to queue
[2024-04-06T09:39:21.940+0000] {logging_mixin.py:137} INFO - [2024-04-06T09:39:21.939+0000] {dagbag.py:538} INFO - Filling up the DagBag from /home/airflow/.local/lib/python3.7/site-packages/airflow/example_dags/tutorial.py
[2024-04-06T09:39:21.953+0000] {processor.py:753} INFO - DAG(s) dict_keys(['tutorial']) retrieved from /home/airflow/.local/lib/python3.7/site-packages/airflow/example_dags/tutorial.py
[2024-04-06T09:39:21.976+0000] {logging_mixin.py:137} INFO - [2024-04-06T09:39:21.976+0000] {dag.py:2690} INFO - Sync 1 DAGs
[2024-04-06T09:39:22.000+0000] {logging_mixin.py:137} INFO - [2024-04-06T09:39:22.000+0000] {dag.py:3441} INFO - Setting next_dagrun for tutorial to 2024-04-05T09:39:21.999890+00:00, run_after=2024-04-06T09:39:21.999890+00:00
[2024-04-06T09:39:22.021+0000] {processor.py:175} INFO - Processing /home/airflow/.local/lib/python3.7/site-packages/airflow/example_dags/tutorial.py took 0.085 seconds
[2024-04-06T09:39:52.136+0000] {processor.py:153} INFO - Started process (PID=546) to work on /home/airflow/.local/lib/python3.7/site-packages/airflow/example_dags/tutorial.py
[2024-04-06T09:39:52.137+0000] {processor.py:743} INFO - Processing file /home/airflow/.local/lib/python3.7/site-packages/airflow/example_dags/tutorial.py for tasks to queue
[2024-04-06T09:39:52.138+0000] {logging_mixin.py:137} INFO - [2024-04-06T09:39:52.138+0000] {dagbag.py:538} INFO - Filling up the DagBag from /home/airflow/.local/lib/python3.7/site-packages/airflow/example_dags/tutorial.py
[2024-04-06T09:39:52.150+0000] {processor.py:753} INFO - DAG(s) dict_keys(['tutorial']) retrieved from /home/airflow/.local/lib/python3.7/site-packages/airflow/example_dags/tutorial.py
[2024-04-06T09:39:52.174+0000] {logging_mixin.py:137} INFO - [2024-04-06T09:39:52.174+0000] {dag.py:2690} INFO - Sync 1 DAGs
[2024-04-06T09:39:52.198+0000] {logging_mixin.py:137} INFO - [2024-04-06T09:39:52.198+0000] {dag.py:3441} INFO - Setting next_dagrun for tutorial to 2024-04-05T09:39:52.197952+00:00, run_after=2024-04-06T09:39:52.197952+00:00
[2024-04-06T09:39:52.221+0000] {processor.py:175} INFO - Processing /home/airflow/.local/lib/python3.7/site-packages/airflow/example_dags/tutorial.py took 0.087 seconds
[2024-04-06T09:40:22.588+0000] {processor.py:153} INFO - Started process (PID=634) to work on /home/airflow/.local/lib/python3.7/site-packages/airflow/example_dags/tutorial.py
[2024-04-06T09:40:22.589+0000] {processor.py:743} INFO - Processing file /home/airflow/.local/lib/python3.7/site-packages/airflow/example_dags/tutorial.py for tasks to queue
[2024-04-06T09:40:22.589+0000] {logging_mixin.py:137} INFO - [2024-04-06T09:40:22.589+0000] {dagbag.py:538} INFO - Filling up the DagBag from /home/airflow/.local/lib/python3.7/site-packages/airflow/example_dags/tutorial.py
[2024-04-06T09:40:22.604+0000] {processor.py:753} INFO - DAG(s) dict_keys(['tutorial']) retrieved from /home/airflow/.local/lib/python3.7/site-packages/airflow/example_dags/tutorial.py
[2024-04-06T09:40:22.627+0000] {logging_mixin.py:137} INFO - [2024-04-06T09:40:22.627+0000] {dag.py:2690} INFO - Sync 1 DAGs
[2024-04-06T09:40:22.652+0000] {logging_mixin.py:137} INFO - [2024-04-06T09:40:22.652+0000] {dag.py:3441} INFO - Setting next_dagrun for tutorial to 2024-04-05T09:40:22.651971+00:00, run_after=2024-04-06T09:40:22.651971+00:00
[2024-04-06T09:40:22.671+0000] {processor.py:175} INFO - Processing /home/airflow/.local/lib/python3.7/site-packages/airflow/example_dags/tutorial.py took 0.085 seconds
[2024-04-06T09:40:52.877+0000] {processor.py:153} INFO - Started process (PID=706) to work on /home/airflow/.local/lib/python3.7/site-packages/airflow/example_dags/tutorial.py
[2024-04-06T09:40:52.877+0000] {processor.py:743} INFO - Processing file /home/airflow/.local/lib/python3.7/site-packages/airflow/example_dags/tutorial.py for tasks to queue
[2024-04-06T09:40:52.878+0000] {logging_mixin.py:137} INFO - [2024-04-06T09:40:52.878+0000] {dagbag.py:538} INFO - Filling up the DagBag from /home/airflow/.local/lib/python3.7/site-packages/airflow/example_dags/tutorial.py
[2024-04-06T09:40:52.889+0000] {processor.py:753} INFO - DAG(s) dict_keys(['tutorial']) retrieved from /home/airflow/.local/lib/python3.7/site-packages/airflow/example_dags/tutorial.py
[2024-04-06T09:40:52.909+0000] {logging_mixin.py:137} INFO - [2024-04-06T09:40:52.909+0000] {dag.py:2690} INFO - Sync 1 DAGs
[2024-04-06T09:40:52.931+0000] {logging_mixin.py:137} INFO - [2024-04-06T09:40:52.930+0000] {dag.py:3441} INFO - Setting next_dagrun for tutorial to 2024-04-05T09:40:52.930725+00:00, run_after=2024-04-06T09:40:52.930725+00:00
[2024-04-06T09:40:52.947+0000] {processor.py:175} INFO - Processing /home/airflow/.local/lib/python3.7/site-packages/airflow/example_dags/tutorial.py took 0.072 seconds
[2024-04-06T09:41:23.344+0000] {processor.py:153} INFO - Started process (PID=794) to work on /home/airflow/.local/lib/python3.7/site-packages/airflow/example_dags/tutorial.py
[2024-04-06T09:41:23.345+0000] {processor.py:743} INFO - Processing file /home/airflow/.local/lib/python3.7/site-packages/airflow/example_dags/tutorial.py for tasks to queue
[2024-04-06T09:41:23.345+0000] {logging_mixin.py:137} INFO - [2024-04-06T09:41:23.345+0000] {dagbag.py:538} INFO - Filling up the DagBag from /home/airflow/.local/lib/python3.7/site-packages/airflow/example_dags/tutorial.py
[2024-04-06T09:41:23.359+0000] {processor.py:753} INFO - DAG(s) dict_keys(['tutorial']) retrieved from /home/airflow/.local/lib/python3.7/site-packages/airflow/example_dags/tutorial.py
[2024-04-06T09:41:23.381+0000] {logging_mixin.py:137} INFO - [2024-04-06T09:41:23.380+0000] {dag.py:2690} INFO - Sync 1 DAGs
[2024-04-06T09:41:23.402+0000] {logging_mixin.py:137} INFO - [2024-04-06T09:41:23.402+0000] {dag.py:3441} INFO - Setting next_dagrun for tutorial to 2024-04-05T09:41:23.402567+00:00, run_after=2024-04-06T09:41:23.402567+00:00
[2024-04-06T09:41:23.419+0000] {processor.py:175} INFO - Processing /home/airflow/.local/lib/python3.7/site-packages/airflow/example_dags/tutorial.py took 0.078 seconds
[2024-04-06T09:41:53.681+0000] {processor.py:153} INFO - Started process (PID=866) to work on /home/airflow/.local/lib/python3.7/site-packages/airflow/example_dags/tutorial.py
[2024-04-06T09:41:53.682+0000] {processor.py:743} INFO - Processing file /home/airflow/.local/lib/python3.7/site-packages/airflow/example_dags/tutorial.py for tasks to queue
[2024-04-06T09:41:53.682+0000] {logging_mixin.py:137} INFO - [2024-04-06T09:41:53.682+0000] {dagbag.py:538} INFO - Filling up the DagBag from /home/airflow/.local/lib/python3.7/site-packages/airflow/example_dags/tutorial.py
[2024-04-06T09:41:53.697+0000] {processor.py:753} INFO - DAG(s) dict_keys(['tutorial']) retrieved from /home/airflow/.local/lib/python3.7/site-packages/airflow/example_dags/tutorial.py
[2024-04-06T09:41:53.724+0000] {logging_mixin.py:137} INFO - [2024-04-06T09:41:53.724+0000] {dag.py:2690} INFO - Sync 1 DAGs
[2024-04-06T09:41:53.748+0000] {logging_mixin.py:137} INFO - [2024-04-06T09:41:53.748+0000] {dag.py:3441} INFO - Setting next_dagrun for tutorial to 2024-04-05T09:41:53.748393+00:00, run_after=2024-04-06T09:41:53.748393+00:00
[2024-04-06T09:41:53.767+0000] {processor.py:175} INFO - Processing /home/airflow/.local/lib/python3.7/site-packages/airflow/example_dags/tutorial.py took 0.089 seconds
[2024-04-06T09:42:24.453+0000] {processor.py:153} INFO - Started process (PID=954) to work on /home/airflow/.local/lib/python3.7/site-packages/airflow/example_dags/tutorial.py
[2024-04-06T09:42:24.453+0000] {processor.py:743} INFO - Processing file /home/airflow/.local/lib/python3.7/site-packages/airflow/example_dags/tutorial.py for tasks to queue
[2024-04-06T09:42:24.454+0000] {logging_mixin.py:137} INFO - [2024-04-06T09:42:24.454+0000] {dagbag.py:538} INFO - Filling up the DagBag from /home/airflow/.local/lib/python3.7/site-packages/airflow/example_dags/tutorial.py
[2024-04-06T09:42:24.467+0000] {processor.py:753} INFO - DAG(s) dict_keys(['tutorial']) retrieved from /home/airflow/.local/lib/python3.7/site-packages/airflow/example_dags/tutorial.py
[2024-04-06T09:42:24.495+0000] {logging_mixin.py:137} INFO - [2024-04-06T09:42:24.494+0000] {dag.py:2690} INFO - Sync 1 DAGs
[2024-04-06T09:42:24.520+0000] {logging_mixin.py:137} INFO - [2024-04-06T09:42:24.519+0000] {dag.py:3441} INFO - Setting next_dagrun for tutorial to 2024-04-05T09:42:24.519741+00:00, run_after=2024-04-06T09:42:24.519741+00:00
[2024-04-06T09:42:24.538+0000] {processor.py:175} INFO - Processing /home/airflow/.local/lib/python3.7/site-packages/airflow/example_dags/tutorial.py took 0.088 seconds
[2024-04-06T09:42:54.606+0000] {processor.py:153} INFO - Started process (PID=1026) to work on /home/airflow/.local/lib/python3.7/site-packages/airflow/example_dags/tutorial.py
[2024-04-06T09:42:54.606+0000] {processor.py:743} INFO - Processing file /home/airflow/.local/lib/python3.7/site-packages/airflow/example_dags/tutorial.py for tasks to queue
[2024-04-06T09:42:54.607+0000] {logging_mixin.py:137} INFO - [2024-04-06T09:42:54.607+0000] {dagbag.py:538} INFO - Filling up the DagBag from /home/airflow/.local/lib/python3.7/site-packages/airflow/example_dags/tutorial.py
[2024-04-06T09:42:54.618+0000] {processor.py:753} INFO - DAG(s) dict_keys(['tutorial']) retrieved from /home/airflow/.local/lib/python3.7/site-packages/airflow/example_dags/tutorial.py
[2024-04-06T09:42:54.644+0000] {logging_mixin.py:137} INFO - [2024-04-06T09:42:54.644+0000] {dag.py:2690} INFO - Sync 1 DAGs
[2024-04-06T09:42:54.672+0000] {logging_mixin.py:137} INFO - [2024-04-06T09:42:54.672+0000] {dag.py:3441} INFO - Setting next_dagrun for tutorial to 2024-04-05T09:42:54.672425+00:00, run_after=2024-04-06T09:42:54.672425+00:00
[2024-04-06T09:42:54.690+0000] {processor.py:175} INFO - Processing /home/airflow/.local/lib/python3.7/site-packages/airflow/example_dags/tutorial.py took 0.087 seconds
[2024-04-06T09:43:25.283+0000] {processor.py:153} INFO - Started process (PID=1113) to work on /home/airflow/.local/lib/python3.7/site-packages/airflow/example_dags/tutorial.py
[2024-04-06T09:43:25.284+0000] {processor.py:743} INFO - Processing file /home/airflow/.local/lib/python3.7/site-packages/airflow/example_dags/tutorial.py for tasks to queue
[2024-04-06T09:43:25.285+0000] {logging_mixin.py:137} INFO - [2024-04-06T09:43:25.285+0000] {dagbag.py:538} INFO - Filling up the DagBag from /home/airflow/.local/lib/python3.7/site-packages/airflow/example_dags/tutorial.py
[2024-04-06T09:43:25.301+0000] {processor.py:753} INFO - DAG(s) dict_keys(['tutorial']) retrieved from /home/airflow/.local/lib/python3.7/site-packages/airflow/example_dags/tutorial.py
[2024-04-06T09:43:25.324+0000] {logging_mixin.py:137} INFO - [2024-04-06T09:43:25.323+0000] {dag.py:2690} INFO - Sync 1 DAGs
[2024-04-06T09:43:25.344+0000] {logging_mixin.py:137} INFO - [2024-04-06T09:43:25.344+0000] {dag.py:3441} INFO - Setting next_dagrun for tutorial to 2024-04-05T09:43:25.344533+00:00, run_after=2024-04-06T09:43:25.344533+00:00
[2024-04-06T09:43:25.363+0000] {processor.py:175} INFO - Processing /home/airflow/.local/lib/python3.7/site-packages/airflow/example_dags/tutorial.py took 0.083 seconds
[2024-04-06T09:43:55.475+0000] {processor.py:153} INFO - Started process (PID=1185) to work on /home/airflow/.local/lib/python3.7/site-packages/airflow/example_dags/tutorial.py
[2024-04-06T09:43:55.475+0000] {processor.py:743} INFO - Processing file /home/airflow/.local/lib/python3.7/site-packages/airflow/example_dags/tutorial.py for tasks to queue
[2024-04-06T09:43:55.476+0000] {logging_mixin.py:137} INFO - [2024-04-06T09:43:55.476+0000] {dagbag.py:538} INFO - Filling up the DagBag from /home/airflow/.local/lib/python3.7/site-packages/airflow/example_dags/tutorial.py
[2024-04-06T09:43:55.488+0000] {processor.py:753} INFO - DAG(s) dict_keys(['tutorial']) retrieved from /home/airflow/.local/lib/python3.7/site-packages/airflow/example_dags/tutorial.py
[2024-04-06T09:43:55.513+0000] {logging_mixin.py:137} INFO - [2024-04-06T09:43:55.513+0000] {dag.py:2690} INFO - Sync 1 DAGs
[2024-04-06T09:43:55.545+0000] {logging_mixin.py:137} INFO - [2024-04-06T09:43:55.545+0000] {dag.py:3441} INFO - Setting next_dagrun for tutorial to 2024-04-05T09:43:55.544783+00:00, run_after=2024-04-06T09:43:55.544783+00:00
[2024-04-06T09:43:55.565+0000] {processor.py:175} INFO - Processing /home/airflow/.local/lib/python3.7/site-packages/airflow/example_dags/tutorial.py took 0.093 seconds
[2024-04-06T09:44:26.335+0000] {processor.py:153} INFO - Started process (PID=1273) to work on /home/airflow/.local/lib/python3.7/site-packages/airflow/example_dags/tutorial.py
[2024-04-06T09:44:26.336+0000] {processor.py:743} INFO - Processing file /home/airflow/.local/lib/python3.7/site-packages/airflow/example_dags/tutorial.py for tasks to queue
[2024-04-06T09:44:26.336+0000] {logging_mixin.py:137} INFO - [2024-04-06T09:44:26.336+0000] {dagbag.py:538} INFO - Filling up the DagBag from /home/airflow/.local/lib/python3.7/site-packages/airflow/example_dags/tutorial.py
[2024-04-06T09:44:26.355+0000] {processor.py:753} INFO - DAG(s) dict_keys(['tutorial']) retrieved from /home/airflow/.local/lib/python3.7/site-packages/airflow/example_dags/tutorial.py
[2024-04-06T09:44:26.389+0000] {logging_mixin.py:137} INFO - [2024-04-06T09:44:26.389+0000] {dag.py:2690} INFO - Sync 1 DAGs
[2024-04-06T09:44:26.423+0000] {logging_mixin.py:137} INFO - [2024-04-06T09:44:26.422+0000] {dag.py:3441} INFO - Setting next_dagrun for tutorial to 2024-04-05T09:44:26.422685+00:00, run_after=2024-04-06T09:44:26.422685+00:00
[2024-04-06T09:44:26.442+0000] {processor.py:175} INFO - Processing /home/airflow/.local/lib/python3.7/site-packages/airflow/example_dags/tutorial.py took 0.110 seconds
[2024-04-06T09:44:56.506+0000] {processor.py:153} INFO - Started process (PID=1345) to work on /home/airflow/.local/lib/python3.7/site-packages/airflow/example_dags/tutorial.py
[2024-04-06T09:44:56.507+0000] {processor.py:743} INFO - Processing file /home/airflow/.local/lib/python3.7/site-packages/airflow/example_dags/tutorial.py for tasks to queue
[2024-04-06T09:44:56.507+0000] {logging_mixin.py:137} INFO - [2024-04-06T09:44:56.507+0000] {dagbag.py:538} INFO - Filling up the DagBag from /home/airflow/.local/lib/python3.7/site-packages/airflow/example_dags/tutorial.py
[2024-04-06T09:44:56.518+0000] {processor.py:753} INFO - DAG(s) dict_keys(['tutorial']) retrieved from /home/airflow/.local/lib/python3.7/site-packages/airflow/example_dags/tutorial.py
[2024-04-06T09:44:56.539+0000] {logging_mixin.py:137} INFO - [2024-04-06T09:44:56.539+0000] {dag.py:2690} INFO - Sync 1 DAGs
[2024-04-06T09:44:56.561+0000] {logging_mixin.py:137} INFO - [2024-04-06T09:44:56.561+0000] {dag.py:3441} INFO - Setting next_dagrun for tutorial to 2024-04-05T09:44:56.561076+00:00, run_after=2024-04-06T09:44:56.561076+00:00
[2024-04-06T09:44:56.578+0000] {processor.py:175} INFO - Processing /home/airflow/.local/lib/python3.7/site-packages/airflow/example_dags/tutorial.py took 0.074 seconds
[2024-04-06T09:45:26.934+0000] {processor.py:153} INFO - Started process (PID=1433) to work on /home/airflow/.local/lib/python3.7/site-packages/airflow/example_dags/tutorial.py
[2024-04-06T09:45:26.934+0000] {processor.py:743} INFO - Processing file /home/airflow/.local/lib/python3.7/site-packages/airflow/example_dags/tutorial.py for tasks to queue
[2024-04-06T09:45:26.935+0000] {logging_mixin.py:137} INFO - [2024-04-06T09:45:26.935+0000] {dagbag.py:538} INFO - Filling up the DagBag from /home/airflow/.local/lib/python3.7/site-packages/airflow/example_dags/tutorial.py
[2024-04-06T09:45:26.946+0000] {processor.py:753} INFO - DAG(s) dict_keys(['tutorial']) retrieved from /home/airflow/.local/lib/python3.7/site-packages/airflow/example_dags/tutorial.py
[2024-04-06T09:45:26.966+0000] {logging_mixin.py:137} INFO - [2024-04-06T09:45:26.966+0000] {dag.py:2690} INFO - Sync 1 DAGs
[2024-04-06T09:45:26.986+0000] {logging_mixin.py:137} INFO - [2024-04-06T09:45:26.986+0000] {dag.py:3441} INFO - Setting next_dagrun for tutorial to 2024-04-05T09:45:26.986425+00:00, run_after=2024-04-06T09:45:26.986425+00:00
[2024-04-06T09:45:27.003+0000] {processor.py:175} INFO - Processing /home/airflow/.local/lib/python3.7/site-packages/airflow/example_dags/tutorial.py took 0.072 seconds
[2024-04-06T09:45:57.311+0000] {processor.py:153} INFO - Started process (PID=1505) to work on /home/airflow/.local/lib/python3.7/site-packages/airflow/example_dags/tutorial.py
[2024-04-06T09:45:57.312+0000] {processor.py:743} INFO - Processing file /home/airflow/.local/lib/python3.7/site-packages/airflow/example_dags/tutorial.py for tasks to queue
[2024-04-06T09:45:57.313+0000] {logging_mixin.py:137} INFO - [2024-04-06T09:45:57.312+0000] {dagbag.py:538} INFO - Filling up the DagBag from /home/airflow/.local/lib/python3.7/site-packages/airflow/example_dags/tutorial.py
[2024-04-06T09:45:57.326+0000] {processor.py:753} INFO - DAG(s) dict_keys(['tutorial']) retrieved from /home/airflow/.local/lib/python3.7/site-packages/airflow/example_dags/tutorial.py
[2024-04-06T09:45:57.352+0000] {logging_mixin.py:137} INFO - [2024-04-06T09:45:57.352+0000] {dag.py:2690} INFO - Sync 1 DAGs
[2024-04-06T09:45:57.379+0000] {logging_mixin.py:137} INFO - [2024-04-06T09:45:57.378+0000] {dag.py:3441} INFO - Setting next_dagrun for tutorial to 2024-04-05T09:45:57.378740+00:00, run_after=2024-04-06T09:45:57.378740+00:00
[2024-04-06T09:45:57.398+0000] {processor.py:175} INFO - Processing /home/airflow/.local/lib/python3.7/site-packages/airflow/example_dags/tutorial.py took 0.090 seconds
[2024-04-06T09:46:27.741+0000] {processor.py:153} INFO - Started process (PID=1592) to work on /home/airflow/.local/lib/python3.7/site-packages/airflow/example_dags/tutorial.py
[2024-04-06T09:46:27.741+0000] {processor.py:743} INFO - Processing file /home/airflow/.local/lib/python3.7/site-packages/airflow/example_dags/tutorial.py for tasks to queue
[2024-04-06T09:46:27.742+0000] {logging_mixin.py:137} INFO - [2024-04-06T09:46:27.742+0000] {dagbag.py:538} INFO - Filling up the DagBag from /home/airflow/.local/lib/python3.7/site-packages/airflow/example_dags/tutorial.py
[2024-04-06T09:46:27.757+0000] {processor.py:753} INFO - DAG(s) dict_keys(['tutorial']) retrieved from /home/airflow/.local/lib/python3.7/site-packages/airflow/example_dags/tutorial.py
[2024-04-06T09:46:27.782+0000] {logging_mixin.py:137} INFO - [2024-04-06T09:46:27.782+0000] {dag.py:2690} INFO - Sync 1 DAGs
[2024-04-06T09:46:27.809+0000] {logging_mixin.py:137} INFO - [2024-04-06T09:46:27.809+0000] {dag.py:3441} INFO - Setting next_dagrun for tutorial to 2024-04-05T09:46:27.809393+00:00, run_after=2024-04-06T09:46:27.809393+00:00
[2024-04-06T09:46:27.825+0000] {processor.py:175} INFO - Processing /home/airflow/.local/lib/python3.7/site-packages/airflow/example_dags/tutorial.py took 0.087 seconds
[2024-04-06T09:46:58.059+0000] {processor.py:153} INFO - Started process (PID=1664) to work on /home/airflow/.local/lib/python3.7/site-packages/airflow/example_dags/tutorial.py
[2024-04-06T09:46:58.059+0000] {processor.py:743} INFO - Processing file /home/airflow/.local/lib/python3.7/site-packages/airflow/example_dags/tutorial.py for tasks to queue
[2024-04-06T09:46:58.060+0000] {logging_mixin.py:137} INFO - [2024-04-06T09:46:58.060+0000] {dagbag.py:538} INFO - Filling up the DagBag from /home/airflow/.local/lib/python3.7/site-packages/airflow/example_dags/tutorial.py
[2024-04-06T09:46:58.076+0000] {processor.py:753} INFO - DAG(s) dict_keys(['tutorial']) retrieved from /home/airflow/.local/lib/python3.7/site-packages/airflow/example_dags/tutorial.py
[2024-04-06T09:46:58.103+0000] {logging_mixin.py:137} INFO - [2024-04-06T09:46:58.102+0000] {dag.py:2690} INFO - Sync 1 DAGs
[2024-04-06T09:46:58.128+0000] {logging_mixin.py:137} INFO - [2024-04-06T09:46:58.127+0000] {dag.py:3441} INFO - Setting next_dagrun for tutorial to 2024-04-05T09:46:58.127698+00:00, run_after=2024-04-06T09:46:58.127698+00:00
[2024-04-06T09:46:58.146+0000] {processor.py:175} INFO - Processing /home/airflow/.local/lib/python3.7/site-packages/airflow/example_dags/tutorial.py took 0.090 seconds
[2024-04-06T09:47:28.646+0000] {processor.py:153} INFO - Started process (PID=1752) to work on /home/airflow/.local/lib/python3.7/site-packages/airflow/example_dags/tutorial.py
[2024-04-06T09:47:28.647+0000] {processor.py:743} INFO - Processing file /home/airflow/.local/lib/python3.7/site-packages/airflow/example_dags/tutorial.py for tasks to queue
[2024-04-06T09:47:28.647+0000] {logging_mixin.py:137} INFO - [2024-04-06T09:47:28.647+0000] {dagbag.py:538} INFO - Filling up the DagBag from /home/airflow/.local/lib/python3.7/site-packages/airflow/example_dags/tutorial.py
[2024-04-06T09:47:28.658+0000] {processor.py:753} INFO - DAG(s) dict_keys(['tutorial']) retrieved from /home/airflow/.local/lib/python3.7/site-packages/airflow/example_dags/tutorial.py
[2024-04-06T09:47:28.677+0000] {logging_mixin.py:137} INFO - [2024-04-06T09:47:28.676+0000] {dag.py:2690} INFO - Sync 1 DAGs
[2024-04-06T09:47:28.697+0000] {logging_mixin.py:137} INFO - [2024-04-06T09:47:28.697+0000] {dag.py:3441} INFO - Setting next_dagrun for tutorial to 2024-04-05T09:47:28.696808+00:00, run_after=2024-04-06T09:47:28.696808+00:00
[2024-04-06T09:47:28.712+0000] {processor.py:175} INFO - Processing /home/airflow/.local/lib/python3.7/site-packages/airflow/example_dags/tutorial.py took 0.069 seconds
[2024-04-06T09:47:58.816+0000] {processor.py:153} INFO - Started process (PID=1824) to work on /home/airflow/.local/lib/python3.7/site-packages/airflow/example_dags/tutorial.py
[2024-04-06T09:47:58.816+0000] {processor.py:743} INFO - Processing file /home/airflow/.local/lib/python3.7/site-packages/airflow/example_dags/tutorial.py for tasks to queue
[2024-04-06T09:47:58.817+0000] {logging_mixin.py:137} INFO - [2024-04-06T09:47:58.817+0000] {dagbag.py:538} INFO - Filling up the DagBag from /home/airflow/.local/lib/python3.7/site-packages/airflow/example_dags/tutorial.py
[2024-04-06T09:47:58.828+0000] {processor.py:753} INFO - DAG(s) dict_keys(['tutorial']) retrieved from /home/airflow/.local/lib/python3.7/site-packages/airflow/example_dags/tutorial.py
[2024-04-06T09:47:58.848+0000] {logging_mixin.py:137} INFO - [2024-04-06T09:47:58.848+0000] {dag.py:2690} INFO - Sync 1 DAGs
[2024-04-06T09:47:58.870+0000] {logging_mixin.py:137} INFO - [2024-04-06T09:47:58.870+0000] {dag.py:3441} INFO - Setting next_dagrun for tutorial to 2024-04-05T09:47:58.870110+00:00, run_after=2024-04-06T09:47:58.870110+00:00
[2024-04-06T09:47:58.886+0000] {processor.py:175} INFO - Processing /home/airflow/.local/lib/python3.7/site-packages/airflow/example_dags/tutorial.py took 0.073 seconds
[2024-04-06T09:48:29.275+0000] {processor.py:153} INFO - Started process (PID=1912) to work on /home/airflow/.local/lib/python3.7/site-packages/airflow/example_dags/tutorial.py
[2024-04-06T09:48:29.276+0000] {processor.py:743} INFO - Processing file /home/airflow/.local/lib/python3.7/site-packages/airflow/example_dags/tutorial.py for tasks to queue
[2024-04-06T09:48:29.276+0000] {logging_mixin.py:137} INFO - [2024-04-06T09:48:29.276+0000] {dagbag.py:538} INFO - Filling up the DagBag from /home/airflow/.local/lib/python3.7/site-packages/airflow/example_dags/tutorial.py
[2024-04-06T09:48:29.288+0000] {processor.py:753} INFO - DAG(s) dict_keys(['tutorial']) retrieved from /home/airflow/.local/lib/python3.7/site-packages/airflow/example_dags/tutorial.py
[2024-04-06T09:48:29.314+0000] {logging_mixin.py:137} INFO - [2024-04-06T09:48:29.313+0000] {dag.py:2690} INFO - Sync 1 DAGs
[2024-04-06T09:48:29.344+0000] {logging_mixin.py:137} INFO - [2024-04-06T09:48:29.344+0000] {dag.py:3441} INFO - Setting next_dagrun for tutorial to 2024-04-05T09:48:29.343884+00:00, run_after=2024-04-06T09:48:29.343884+00:00
[2024-04-06T09:48:29.365+0000] {processor.py:175} INFO - Processing /home/airflow/.local/lib/python3.7/site-packages/airflow/example_dags/tutorial.py took 0.092 seconds
[2024-04-06T09:49:00.143+0000] {processor.py:153} INFO - Started process (PID=1984) to work on /home/airflow/.local/lib/python3.7/site-packages/airflow/example_dags/tutorial.py
[2024-04-06T09:49:00.148+0000] {processor.py:743} INFO - Processing file /home/airflow/.local/lib/python3.7/site-packages/airflow/example_dags/tutorial.py for tasks to queue
[2024-04-06T09:49:00.149+0000] {logging_mixin.py:137} INFO - [2024-04-06T09:49:00.149+0000] {dagbag.py:538} INFO - Filling up the DagBag from /home/airflow/.local/lib/python3.7/site-packages/airflow/example_dags/tutorial.py
[2024-04-06T09:49:00.171+0000] {processor.py:753} INFO - DAG(s) dict_keys(['tutorial']) retrieved from /home/airflow/.local/lib/python3.7/site-packages/airflow/example_dags/tutorial.py
[2024-04-06T09:49:00.214+0000] {logging_mixin.py:137} INFO - [2024-04-06T09:49:00.214+0000] {dag.py:2690} INFO - Sync 1 DAGs
[2024-04-06T09:49:00.257+0000] {logging_mixin.py:137} INFO - [2024-04-06T09:49:00.257+0000] {dag.py:3441} INFO - Setting next_dagrun for tutorial to 2024-04-05T09:49:00.257096+00:00, run_after=2024-04-06T09:49:00.257096+00:00
[2024-04-06T09:49:00.291+0000] {processor.py:175} INFO - Processing /home/airflow/.local/lib/python3.7/site-packages/airflow/example_dags/tutorial.py took 0.152 seconds
[2024-04-06T09:50:14.804+0000] {processor.py:153} INFO - Started process (PID=75) to work on /home/airflow/.local/lib/python3.7/site-packages/airflow/example_dags/tutorial.py
[2024-04-06T09:50:14.828+0000] {processor.py:743} INFO - Processing file /home/airflow/.local/lib/python3.7/site-packages/airflow/example_dags/tutorial.py for tasks to queue
[2024-04-06T09:50:14.829+0000] {logging_mixin.py:137} INFO - [2024-04-06T09:50:14.829+0000] {dagbag.py:538} INFO - Filling up the DagBag from /home/airflow/.local/lib/python3.7/site-packages/airflow/example_dags/tutorial.py
[2024-04-06T09:50:14.850+0000] {processor.py:753} INFO - DAG(s) dict_keys(['tutorial']) retrieved from /home/airflow/.local/lib/python3.7/site-packages/airflow/example_dags/tutorial.py
[2024-04-06T09:50:14.896+0000] {logging_mixin.py:137} INFO - [2024-04-06T09:50:14.896+0000] {dag.py:2690} INFO - Sync 1 DAGs
[2024-04-06T09:50:14.992+0000] {logging_mixin.py:137} INFO - [2024-04-06T09:50:14.991+0000] {dag.py:3441} INFO - Setting next_dagrun for tutorial to 2024-04-05T09:50:14.991441+00:00, run_after=2024-04-06T09:50:14.991441+00:00
[2024-04-06T09:50:15.052+0000] {processor.py:175} INFO - Processing /home/airflow/.local/lib/python3.7/site-packages/airflow/example_dags/tutorial.py took 0.256 seconds
[2024-04-06T09:50:45.927+0000] {processor.py:153} INFO - Started process (PID=138) to work on /home/airflow/.local/lib/python3.7/site-packages/airflow/example_dags/tutorial.py
[2024-04-06T09:50:45.928+0000] {processor.py:743} INFO - Processing file /home/airflow/.local/lib/python3.7/site-packages/airflow/example_dags/tutorial.py for tasks to queue
[2024-04-06T09:50:45.929+0000] {logging_mixin.py:137} INFO - [2024-04-06T09:50:45.929+0000] {dagbag.py:538} INFO - Filling up the DagBag from /home/airflow/.local/lib/python3.7/site-packages/airflow/example_dags/tutorial.py
[2024-04-06T09:50:45.947+0000] {processor.py:753} INFO - DAG(s) dict_keys(['tutorial']) retrieved from /home/airflow/.local/lib/python3.7/site-packages/airflow/example_dags/tutorial.py
[2024-04-06T09:50:45.983+0000] {logging_mixin.py:137} INFO - [2024-04-06T09:50:45.983+0000] {dag.py:2690} INFO - Sync 1 DAGs
[2024-04-06T09:50:46.018+0000] {logging_mixin.py:137} INFO - [2024-04-06T09:50:46.017+0000] {dag.py:3441} INFO - Setting next_dagrun for tutorial to 2024-04-05T09:50:46.017432+00:00, run_after=2024-04-06T09:50:46.017432+00:00
[2024-04-06T09:50:46.060+0000] {processor.py:175} INFO - Processing /home/airflow/.local/lib/python3.7/site-packages/airflow/example_dags/tutorial.py took 0.136 seconds
[2024-04-06T09:51:16.641+0000] {processor.py:153} INFO - Started process (PID=227) to work on /home/airflow/.local/lib/python3.7/site-packages/airflow/example_dags/tutorial.py
[2024-04-06T09:51:16.642+0000] {processor.py:743} INFO - Processing file /home/airflow/.local/lib/python3.7/site-packages/airflow/example_dags/tutorial.py for tasks to queue
[2024-04-06T09:51:16.642+0000] {logging_mixin.py:137} INFO - [2024-04-06T09:51:16.642+0000] {dagbag.py:538} INFO - Filling up the DagBag from /home/airflow/.local/lib/python3.7/site-packages/airflow/example_dags/tutorial.py
[2024-04-06T09:51:16.655+0000] {processor.py:753} INFO - DAG(s) dict_keys(['tutorial']) retrieved from /home/airflow/.local/lib/python3.7/site-packages/airflow/example_dags/tutorial.py
[2024-04-06T09:51:16.683+0000] {logging_mixin.py:137} INFO - [2024-04-06T09:51:16.683+0000] {dag.py:2690} INFO - Sync 1 DAGs
[2024-04-06T09:51:16.710+0000] {logging_mixin.py:137} INFO - [2024-04-06T09:51:16.710+0000] {dag.py:3441} INFO - Setting next_dagrun for tutorial to 2024-04-05T09:51:16.709768+00:00, run_after=2024-04-06T09:51:16.709768+00:00
[2024-04-06T09:51:16.730+0000] {processor.py:175} INFO - Processing /home/airflow/.local/lib/python3.7/site-packages/airflow/example_dags/tutorial.py took 0.092 seconds
[2024-04-06T09:58:25.414+0000] {processor.py:153} INFO - Started process (PID=83) to work on /home/airflow/.local/lib/python3.7/site-packages/airflow/example_dags/tutorial.py
[2024-04-06T09:58:25.416+0000] {processor.py:743} INFO - Processing file /home/airflow/.local/lib/python3.7/site-packages/airflow/example_dags/tutorial.py for tasks to queue
[2024-04-06T09:58:25.416+0000] {logging_mixin.py:137} INFO - [2024-04-06T09:58:25.416+0000] {dagbag.py:538} INFO - Filling up the DagBag from /home/airflow/.local/lib/python3.7/site-packages/airflow/example_dags/tutorial.py
[2024-04-06T09:58:25.437+0000] {processor.py:753} INFO - DAG(s) dict_keys(['tutorial']) retrieved from /home/airflow/.local/lib/python3.7/site-packages/airflow/example_dags/tutorial.py
[2024-04-06T09:58:25.456+0000] {logging_mixin.py:137} INFO - [2024-04-06T09:58:25.456+0000] {dag.py:2690} INFO - Sync 1 DAGs
[2024-04-06T09:58:25.500+0000] {logging_mixin.py:137} INFO - [2024-04-06T09:58:25.499+0000] {dag.py:3441} INFO - Setting next_dagrun for tutorial to 2024-04-05T09:58:25.499450+00:00, run_after=2024-04-06T09:58:25.499450+00:00
[2024-04-06T09:58:25.540+0000] {processor.py:175} INFO - Processing /home/airflow/.local/lib/python3.7/site-packages/airflow/example_dags/tutorial.py took 0.130 seconds
[2024-04-06T09:58:56.229+0000] {processor.py:153} INFO - Started process (PID=155) to work on /home/airflow/.local/lib/python3.7/site-packages/airflow/example_dags/tutorial.py
[2024-04-06T09:58:56.230+0000] {processor.py:743} INFO - Processing file /home/airflow/.local/lib/python3.7/site-packages/airflow/example_dags/tutorial.py for tasks to queue
[2024-04-06T09:58:56.230+0000] {logging_mixin.py:137} INFO - [2024-04-06T09:58:56.230+0000] {dagbag.py:538} INFO - Filling up the DagBag from /home/airflow/.local/lib/python3.7/site-packages/airflow/example_dags/tutorial.py
[2024-04-06T09:58:56.243+0000] {processor.py:753} INFO - DAG(s) dict_keys(['tutorial']) retrieved from /home/airflow/.local/lib/python3.7/site-packages/airflow/example_dags/tutorial.py
[2024-04-06T09:58:56.255+0000] {logging_mixin.py:137} INFO - [2024-04-06T09:58:56.255+0000] {dag.py:2690} INFO - Sync 1 DAGs
[2024-04-06T09:58:56.280+0000] {logging_mixin.py:137} INFO - [2024-04-06T09:58:56.280+0000] {dag.py:3441} INFO - Setting next_dagrun for tutorial to 2024-04-05T09:58:56.279996+00:00, run_after=2024-04-06T09:58:56.279996+00:00
[2024-04-06T09:58:56.299+0000] {processor.py:175} INFO - Processing /home/airflow/.local/lib/python3.7/site-packages/airflow/example_dags/tutorial.py took 0.073 seconds
[2024-04-06T09:59:27.071+0000] {processor.py:153} INFO - Started process (PID=228) to work on /home/airflow/.local/lib/python3.7/site-packages/airflow/example_dags/tutorial.py
[2024-04-06T09:59:27.071+0000] {processor.py:743} INFO - Processing file /home/airflow/.local/lib/python3.7/site-packages/airflow/example_dags/tutorial.py for tasks to queue
[2024-04-06T09:59:27.072+0000] {logging_mixin.py:137} INFO - [2024-04-06T09:59:27.072+0000] {dagbag.py:538} INFO - Filling up the DagBag from /home/airflow/.local/lib/python3.7/site-packages/airflow/example_dags/tutorial.py
[2024-04-06T09:59:27.094+0000] {processor.py:753} INFO - DAG(s) dict_keys(['tutorial']) retrieved from /home/airflow/.local/lib/python3.7/site-packages/airflow/example_dags/tutorial.py
[2024-04-06T09:59:27.153+0000] {logging_mixin.py:137} INFO - [2024-04-06T09:59:27.152+0000] {dag.py:2690} INFO - Sync 1 DAGs
[2024-04-06T09:59:27.206+0000] {logging_mixin.py:137} INFO - [2024-04-06T09:59:27.206+0000] {dag.py:3441} INFO - Setting next_dagrun for tutorial to 2024-04-05T09:59:27.205881+00:00, run_after=2024-04-06T09:59:27.205881+00:00
[2024-04-06T09:59:27.386+0000] {processor.py:175} INFO - Processing /home/airflow/.local/lib/python3.7/site-packages/airflow/example_dags/tutorial.py took 0.319 seconds
[2024-04-06T09:59:58.044+0000] {processor.py:153} INFO - Started process (PID=299) to work on /home/airflow/.local/lib/python3.7/site-packages/airflow/example_dags/tutorial.py
[2024-04-06T09:59:58.045+0000] {processor.py:743} INFO - Processing file /home/airflow/.local/lib/python3.7/site-packages/airflow/example_dags/tutorial.py for tasks to queue
[2024-04-06T09:59:58.046+0000] {logging_mixin.py:137} INFO - [2024-04-06T09:59:58.046+0000] {dagbag.py:538} INFO - Filling up the DagBag from /home/airflow/.local/lib/python3.7/site-packages/airflow/example_dags/tutorial.py
[2024-04-06T09:59:58.068+0000] {processor.py:753} INFO - DAG(s) dict_keys(['tutorial']) retrieved from /home/airflow/.local/lib/python3.7/site-packages/airflow/example_dags/tutorial.py
[2024-04-06T09:59:58.104+0000] {logging_mixin.py:137} INFO - [2024-04-06T09:59:58.103+0000] {dag.py:2690} INFO - Sync 1 DAGs
[2024-04-06T09:59:58.142+0000] {logging_mixin.py:137} INFO - [2024-04-06T09:59:58.142+0000] {dag.py:3441} INFO - Setting next_dagrun for tutorial to 2024-04-05T09:59:58.141991+00:00, run_after=2024-04-06T09:59:58.141991+00:00
[2024-04-06T09:59:58.171+0000] {processor.py:175} INFO - Processing /home/airflow/.local/lib/python3.7/site-packages/airflow/example_dags/tutorial.py took 0.131 seconds
[2024-04-06T10:00:28.383+0000] {processor.py:153} INFO - Started process (PID=371) to work on /home/airflow/.local/lib/python3.7/site-packages/airflow/example_dags/tutorial.py
[2024-04-06T10:00:28.384+0000] {processor.py:743} INFO - Processing file /home/airflow/.local/lib/python3.7/site-packages/airflow/example_dags/tutorial.py for tasks to queue
[2024-04-06T10:00:28.385+0000] {logging_mixin.py:137} INFO - [2024-04-06T10:00:28.384+0000] {dagbag.py:538} INFO - Filling up the DagBag from /home/airflow/.local/lib/python3.7/site-packages/airflow/example_dags/tutorial.py
[2024-04-06T10:00:28.402+0000] {processor.py:753} INFO - DAG(s) dict_keys(['tutorial']) retrieved from /home/airflow/.local/lib/python3.7/site-packages/airflow/example_dags/tutorial.py
[2024-04-06T10:00:28.428+0000] {logging_mixin.py:137} INFO - [2024-04-06T10:00:28.427+0000] {dag.py:2690} INFO - Sync 1 DAGs
[2024-04-06T10:00:28.455+0000] {logging_mixin.py:137} INFO - [2024-04-06T10:00:28.455+0000] {dag.py:3441} INFO - Setting next_dagrun for tutorial to 2024-04-05T10:00:28.455019+00:00, run_after=2024-04-06T10:00:28.455019+00:00
[2024-04-06T10:00:28.476+0000] {processor.py:175} INFO - Processing /home/airflow/.local/lib/python3.7/site-packages/airflow/example_dags/tutorial.py took 0.098 seconds
[2024-04-06T10:00:58.769+0000] {processor.py:153} INFO - Started process (PID=459) to work on /home/airflow/.local/lib/python3.7/site-packages/airflow/example_dags/tutorial.py
[2024-04-06T10:00:58.770+0000] {processor.py:743} INFO - Processing file /home/airflow/.local/lib/python3.7/site-packages/airflow/example_dags/tutorial.py for tasks to queue
[2024-04-06T10:00:58.770+0000] {logging_mixin.py:137} INFO - [2024-04-06T10:00:58.770+0000] {dagbag.py:538} INFO - Filling up the DagBag from /home/airflow/.local/lib/python3.7/site-packages/airflow/example_dags/tutorial.py
[2024-04-06T10:00:58.782+0000] {processor.py:753} INFO - DAG(s) dict_keys(['tutorial']) retrieved from /home/airflow/.local/lib/python3.7/site-packages/airflow/example_dags/tutorial.py
[2024-04-06T10:00:58.801+0000] {logging_mixin.py:137} INFO - [2024-04-06T10:00:58.801+0000] {dag.py:2690} INFO - Sync 1 DAGs
[2024-04-06T10:00:58.824+0000] {logging_mixin.py:137} INFO - [2024-04-06T10:00:58.824+0000] {dag.py:3441} INFO - Setting next_dagrun for tutorial to 2024-04-05T10:00:58.823788+00:00, run_after=2024-04-06T10:00:58.823788+00:00
[2024-04-06T10:00:58.843+0000] {processor.py:175} INFO - Processing /home/airflow/.local/lib/python3.7/site-packages/airflow/example_dags/tutorial.py took 0.077 seconds
[2024-04-06T10:01:29.153+0000] {processor.py:153} INFO - Started process (PID=531) to work on /home/airflow/.local/lib/python3.7/site-packages/airflow/example_dags/tutorial.py
[2024-04-06T10:01:29.153+0000] {processor.py:743} INFO - Processing file /home/airflow/.local/lib/python3.7/site-packages/airflow/example_dags/tutorial.py for tasks to queue
[2024-04-06T10:01:29.154+0000] {logging_mixin.py:137} INFO - [2024-04-06T10:01:29.154+0000] {dagbag.py:538} INFO - Filling up the DagBag from /home/airflow/.local/lib/python3.7/site-packages/airflow/example_dags/tutorial.py
[2024-04-06T10:01:29.165+0000] {processor.py:753} INFO - DAG(s) dict_keys(['tutorial']) retrieved from /home/airflow/.local/lib/python3.7/site-packages/airflow/example_dags/tutorial.py
[2024-04-06T10:01:29.187+0000] {logging_mixin.py:137} INFO - [2024-04-06T10:01:29.187+0000] {dag.py:2690} INFO - Sync 1 DAGs
[2024-04-06T10:01:29.210+0000] {logging_mixin.py:137} INFO - [2024-04-06T10:01:29.210+0000] {dag.py:3441} INFO - Setting next_dagrun for tutorial to 2024-04-05T10:01:29.210253+00:00, run_after=2024-04-06T10:01:29.210253+00:00
[2024-04-06T10:01:29.228+0000] {processor.py:175} INFO - Processing /home/airflow/.local/lib/python3.7/site-packages/airflow/example_dags/tutorial.py took 0.078 seconds
[2024-04-06T10:01:59.503+0000] {processor.py:153} INFO - Started process (PID=619) to work on /home/airflow/.local/lib/python3.7/site-packages/airflow/example_dags/tutorial.py
[2024-04-06T10:01:59.503+0000] {processor.py:743} INFO - Processing file /home/airflow/.local/lib/python3.7/site-packages/airflow/example_dags/tutorial.py for tasks to queue
[2024-04-06T10:01:59.504+0000] {logging_mixin.py:137} INFO - [2024-04-06T10:01:59.504+0000] {dagbag.py:538} INFO - Filling up the DagBag from /home/airflow/.local/lib/python3.7/site-packages/airflow/example_dags/tutorial.py
[2024-04-06T10:01:59.515+0000] {processor.py:753} INFO - DAG(s) dict_keys(['tutorial']) retrieved from /home/airflow/.local/lib/python3.7/site-packages/airflow/example_dags/tutorial.py
[2024-04-06T10:01:59.535+0000] {logging_mixin.py:137} INFO - [2024-04-06T10:01:59.535+0000] {dag.py:2690} INFO - Sync 1 DAGs
[2024-04-06T10:01:59.556+0000] {logging_mixin.py:137} INFO - [2024-04-06T10:01:59.556+0000] {dag.py:3441} INFO - Setting next_dagrun for tutorial to 2024-04-05T10:01:59.555893+00:00, run_after=2024-04-06T10:01:59.555893+00:00
[2024-04-06T10:01:59.573+0000] {processor.py:175} INFO - Processing /home/airflow/.local/lib/python3.7/site-packages/airflow/example_dags/tutorial.py took 0.072 seconds
[2024-04-06T10:02:30.186+0000] {processor.py:153} INFO - Started process (PID=700) to work on /home/airflow/.local/lib/python3.7/site-packages/airflow/example_dags/tutorial.py
[2024-04-06T10:02:30.187+0000] {processor.py:743} INFO - Processing file /home/airflow/.local/lib/python3.7/site-packages/airflow/example_dags/tutorial.py for tasks to queue
[2024-04-06T10:02:30.187+0000] {logging_mixin.py:137} INFO - [2024-04-06T10:02:30.187+0000] {dagbag.py:538} INFO - Filling up the DagBag from /home/airflow/.local/lib/python3.7/site-packages/airflow/example_dags/tutorial.py
[2024-04-06T10:02:30.202+0000] {processor.py:753} INFO - DAG(s) dict_keys(['tutorial']) retrieved from /home/airflow/.local/lib/python3.7/site-packages/airflow/example_dags/tutorial.py
[2024-04-06T10:02:30.229+0000] {logging_mixin.py:137} INFO - [2024-04-06T10:02:30.228+0000] {dag.py:2690} INFO - Sync 1 DAGs
[2024-04-06T10:02:30.255+0000] {logging_mixin.py:137} INFO - [2024-04-06T10:02:30.255+0000] {dag.py:3441} INFO - Setting next_dagrun for tutorial to 2024-04-05T10:02:30.254992+00:00, run_after=2024-04-06T10:02:30.254992+00:00
[2024-04-06T10:02:30.277+0000] {processor.py:175} INFO - Processing /home/airflow/.local/lib/python3.7/site-packages/airflow/example_dags/tutorial.py took 0.094 seconds
[2024-04-06T10:03:00.560+0000] {processor.py:153} INFO - Started process (PID=779) to work on /home/airflow/.local/lib/python3.7/site-packages/airflow/example_dags/tutorial.py
[2024-04-06T10:03:00.561+0000] {processor.py:743} INFO - Processing file /home/airflow/.local/lib/python3.7/site-packages/airflow/example_dags/tutorial.py for tasks to queue
[2024-04-06T10:03:00.561+0000] {logging_mixin.py:137} INFO - [2024-04-06T10:03:00.561+0000] {dagbag.py:538} INFO - Filling up the DagBag from /home/airflow/.local/lib/python3.7/site-packages/airflow/example_dags/tutorial.py
[2024-04-06T10:03:00.573+0000] {processor.py:753} INFO - DAG(s) dict_keys(['tutorial']) retrieved from /home/airflow/.local/lib/python3.7/site-packages/airflow/example_dags/tutorial.py
[2024-04-06T10:03:00.595+0000] {logging_mixin.py:137} INFO - [2024-04-06T10:03:00.595+0000] {dag.py:2690} INFO - Sync 1 DAGs
[2024-04-06T10:03:00.619+0000] {logging_mixin.py:137} INFO - [2024-04-06T10:03:00.619+0000] {dag.py:3441} INFO - Setting next_dagrun for tutorial to 2024-04-05T10:03:00.619167+00:00, run_after=2024-04-06T10:03:00.619167+00:00
[2024-04-06T10:03:00.637+0000] {processor.py:175} INFO - Processing /home/airflow/.local/lib/python3.7/site-packages/airflow/example_dags/tutorial.py took 0.080 seconds
[2024-04-06T10:03:30.924+0000] {processor.py:153} INFO - Started process (PID=868) to work on /home/airflow/.local/lib/python3.7/site-packages/airflow/example_dags/tutorial.py
[2024-04-06T10:03:30.925+0000] {processor.py:743} INFO - Processing file /home/airflow/.local/lib/python3.7/site-packages/airflow/example_dags/tutorial.py for tasks to queue
[2024-04-06T10:03:30.926+0000] {logging_mixin.py:137} INFO - [2024-04-06T10:03:30.926+0000] {dagbag.py:538} INFO - Filling up the DagBag from /home/airflow/.local/lib/python3.7/site-packages/airflow/example_dags/tutorial.py
[2024-04-06T10:03:30.940+0000] {processor.py:753} INFO - DAG(s) dict_keys(['tutorial']) retrieved from /home/airflow/.local/lib/python3.7/site-packages/airflow/example_dags/tutorial.py
[2024-04-06T10:03:30.966+0000] {logging_mixin.py:137} INFO - [2024-04-06T10:03:30.966+0000] {dag.py:2690} INFO - Sync 1 DAGs
[2024-04-06T10:03:30.990+0000] {logging_mixin.py:137} INFO - [2024-04-06T10:03:30.990+0000] {dag.py:3441} INFO - Setting next_dagrun for tutorial to 2024-04-05T10:03:30.990540+00:00, run_after=2024-04-06T10:03:30.990540+00:00
[2024-04-06T10:03:31.011+0000] {processor.py:175} INFO - Processing /home/airflow/.local/lib/python3.7/site-packages/airflow/example_dags/tutorial.py took 0.090 seconds
[2024-04-06T10:04:01.585+0000] {processor.py:153} INFO - Started process (PID=939) to work on /home/airflow/.local/lib/python3.7/site-packages/airflow/example_dags/tutorial.py
[2024-04-06T10:04:01.586+0000] {processor.py:743} INFO - Processing file /home/airflow/.local/lib/python3.7/site-packages/airflow/example_dags/tutorial.py for tasks to queue
[2024-04-06T10:04:01.587+0000] {logging_mixin.py:137} INFO - [2024-04-06T10:04:01.586+0000] {dagbag.py:538} INFO - Filling up the DagBag from /home/airflow/.local/lib/python3.7/site-packages/airflow/example_dags/tutorial.py
[2024-04-06T10:04:01.600+0000] {processor.py:753} INFO - DAG(s) dict_keys(['tutorial']) retrieved from /home/airflow/.local/lib/python3.7/site-packages/airflow/example_dags/tutorial.py
[2024-04-06T10:04:01.625+0000] {logging_mixin.py:137} INFO - [2024-04-06T10:04:01.624+0000] {dag.py:2690} INFO - Sync 1 DAGs
[2024-04-06T10:04:01.651+0000] {logging_mixin.py:137} INFO - [2024-04-06T10:04:01.651+0000] {dag.py:3441} INFO - Setting next_dagrun for tutorial to 2024-04-05T10:04:01.651003+00:00, run_after=2024-04-06T10:04:01.651003+00:00
[2024-04-06T10:04:01.670+0000] {processor.py:175} INFO - Processing /home/airflow/.local/lib/python3.7/site-packages/airflow/example_dags/tutorial.py took 0.088 seconds
[2024-04-06T10:04:32.113+0000] {processor.py:153} INFO - Started process (PID=1027) to work on /home/airflow/.local/lib/python3.7/site-packages/airflow/example_dags/tutorial.py
[2024-04-06T10:04:32.114+0000] {processor.py:743} INFO - Processing file /home/airflow/.local/lib/python3.7/site-packages/airflow/example_dags/tutorial.py for tasks to queue
[2024-04-06T10:04:32.114+0000] {logging_mixin.py:137} INFO - [2024-04-06T10:04:32.114+0000] {dagbag.py:538} INFO - Filling up the DagBag from /home/airflow/.local/lib/python3.7/site-packages/airflow/example_dags/tutorial.py
[2024-04-06T10:04:32.129+0000] {processor.py:753} INFO - DAG(s) dict_keys(['tutorial']) retrieved from /home/airflow/.local/lib/python3.7/site-packages/airflow/example_dags/tutorial.py
[2024-04-06T10:04:32.160+0000] {logging_mixin.py:137} INFO - [2024-04-06T10:04:32.160+0000] {dag.py:2690} INFO - Sync 1 DAGs
[2024-04-06T10:04:32.191+0000] {logging_mixin.py:137} INFO - [2024-04-06T10:04:32.191+0000] {dag.py:3441} INFO - Setting next_dagrun for tutorial to 2024-04-05T10:04:32.189704+00:00, run_after=2024-04-06T10:04:32.189704+00:00
[2024-04-06T10:04:32.213+0000] {processor.py:175} INFO - Processing /home/airflow/.local/lib/python3.7/site-packages/airflow/example_dags/tutorial.py took 0.103 seconds
[2024-04-06T10:05:03.028+0000] {processor.py:153} INFO - Started process (PID=1099) to work on /home/airflow/.local/lib/python3.7/site-packages/airflow/example_dags/tutorial.py
[2024-04-06T10:05:03.029+0000] {processor.py:743} INFO - Processing file /home/airflow/.local/lib/python3.7/site-packages/airflow/example_dags/tutorial.py for tasks to queue
[2024-04-06T10:05:03.030+0000] {logging_mixin.py:137} INFO - [2024-04-06T10:05:03.030+0000] {dagbag.py:538} INFO - Filling up the DagBag from /home/airflow/.local/lib/python3.7/site-packages/airflow/example_dags/tutorial.py
[2024-04-06T10:05:03.044+0000] {processor.py:753} INFO - DAG(s) dict_keys(['tutorial']) retrieved from /home/airflow/.local/lib/python3.7/site-packages/airflow/example_dags/tutorial.py
[2024-04-06T10:05:03.071+0000] {logging_mixin.py:137} INFO - [2024-04-06T10:05:03.071+0000] {dag.py:2690} INFO - Sync 1 DAGs
[2024-04-06T10:05:03.100+0000] {logging_mixin.py:137} INFO - [2024-04-06T10:05:03.100+0000] {dag.py:3441} INFO - Setting next_dagrun for tutorial to 2024-04-05T10:05:03.099783+00:00, run_after=2024-04-06T10:05:03.099783+00:00
[2024-04-06T10:05:03.119+0000] {processor.py:175} INFO - Processing /home/airflow/.local/lib/python3.7/site-packages/airflow/example_dags/tutorial.py took 0.094 seconds
[2024-04-06T10:05:33.963+0000] {processor.py:153} INFO - Started process (PID=1187) to work on /home/airflow/.local/lib/python3.7/site-packages/airflow/example_dags/tutorial.py
[2024-04-06T10:05:33.963+0000] {processor.py:743} INFO - Processing file /home/airflow/.local/lib/python3.7/site-packages/airflow/example_dags/tutorial.py for tasks to queue
[2024-04-06T10:05:33.964+0000] {logging_mixin.py:137} INFO - [2024-04-06T10:05:33.964+0000] {dagbag.py:538} INFO - Filling up the DagBag from /home/airflow/.local/lib/python3.7/site-packages/airflow/example_dags/tutorial.py
[2024-04-06T10:05:33.977+0000] {processor.py:753} INFO - DAG(s) dict_keys(['tutorial']) retrieved from /home/airflow/.local/lib/python3.7/site-packages/airflow/example_dags/tutorial.py
[2024-04-06T10:05:34.003+0000] {logging_mixin.py:137} INFO - [2024-04-06T10:05:34.003+0000] {dag.py:2690} INFO - Sync 1 DAGs
[2024-04-06T10:05:34.028+0000] {logging_mixin.py:137} INFO - [2024-04-06T10:05:34.028+0000] {dag.py:3441} INFO - Setting next_dagrun for tutorial to 2024-04-05T10:05:34.028587+00:00, run_after=2024-04-06T10:05:34.028587+00:00
[2024-04-06T10:05:34.049+0000] {processor.py:175} INFO - Processing /home/airflow/.local/lib/python3.7/site-packages/airflow/example_dags/tutorial.py took 0.090 seconds
[2024-04-06T10:06:06.508+0000] {processor.py:153} INFO - Started process (PID=1259) to work on /home/airflow/.local/lib/python3.7/site-packages/airflow/example_dags/tutorial.py
[2024-04-06T10:06:06.509+0000] {processor.py:743} INFO - Processing file /home/airflow/.local/lib/python3.7/site-packages/airflow/example_dags/tutorial.py for tasks to queue
[2024-04-06T10:06:06.510+0000] {logging_mixin.py:137} INFO - [2024-04-06T10:06:06.510+0000] {dagbag.py:538} INFO - Filling up the DagBag from /home/airflow/.local/lib/python3.7/site-packages/airflow/example_dags/tutorial.py
[2024-04-06T10:06:06.536+0000] {processor.py:753} INFO - DAG(s) dict_keys(['tutorial']) retrieved from /home/airflow/.local/lib/python3.7/site-packages/airflow/example_dags/tutorial.py
[2024-04-06T10:06:06.588+0000] {logging_mixin.py:137} INFO - [2024-04-06T10:06:06.588+0000] {dag.py:2690} INFO - Sync 1 DAGs
[2024-04-06T10:06:06.638+0000] {logging_mixin.py:137} INFO - [2024-04-06T10:06:06.638+0000] {dag.py:3441} INFO - Setting next_dagrun for tutorial to 2024-04-05T10:06:06.637760+00:00, run_after=2024-04-06T10:06:06.637760+00:00
[2024-04-06T10:06:06.684+0000] {processor.py:175} INFO - Processing /home/airflow/.local/lib/python3.7/site-packages/airflow/example_dags/tutorial.py took 0.182 seconds
[2024-04-06T10:06:37.080+0000] {processor.py:153} INFO - Started process (PID=1341) to work on /home/airflow/.local/lib/python3.7/site-packages/airflow/example_dags/tutorial.py
[2024-04-06T10:06:37.081+0000] {processor.py:743} INFO - Processing file /home/airflow/.local/lib/python3.7/site-packages/airflow/example_dags/tutorial.py for tasks to queue
[2024-04-06T10:06:37.082+0000] {logging_mixin.py:137} INFO - [2024-04-06T10:06:37.082+0000] {dagbag.py:538} INFO - Filling up the DagBag from /home/airflow/.local/lib/python3.7/site-packages/airflow/example_dags/tutorial.py
[2024-04-06T10:06:37.112+0000] {processor.py:753} INFO - DAG(s) dict_keys(['tutorial']) retrieved from /home/airflow/.local/lib/python3.7/site-packages/airflow/example_dags/tutorial.py
[2024-04-06T10:06:37.180+0000] {logging_mixin.py:137} INFO - [2024-04-06T10:06:37.179+0000] {dag.py:2690} INFO - Sync 1 DAGs
[2024-04-06T10:06:37.236+0000] {logging_mixin.py:137} INFO - [2024-04-06T10:06:37.235+0000] {dag.py:3441} INFO - Setting next_dagrun for tutorial to 2024-04-05T10:06:37.235106+00:00, run_after=2024-04-06T10:06:37.235106+00:00
[2024-04-06T10:06:37.294+0000] {processor.py:175} INFO - Processing /home/airflow/.local/lib/python3.7/site-packages/airflow/example_dags/tutorial.py took 0.220 seconds
[2024-04-06T10:07:07.500+0000] {processor.py:153} INFO - Started process (PID=1412) to work on /home/airflow/.local/lib/python3.7/site-packages/airflow/example_dags/tutorial.py
[2024-04-06T10:07:07.501+0000] {processor.py:743} INFO - Processing file /home/airflow/.local/lib/python3.7/site-packages/airflow/example_dags/tutorial.py for tasks to queue
[2024-04-06T10:07:07.503+0000] {logging_mixin.py:137} INFO - [2024-04-06T10:07:07.503+0000] {dagbag.py:538} INFO - Filling up the DagBag from /home/airflow/.local/lib/python3.7/site-packages/airflow/example_dags/tutorial.py
[2024-04-06T10:07:07.530+0000] {processor.py:753} INFO - DAG(s) dict_keys(['tutorial']) retrieved from /home/airflow/.local/lib/python3.7/site-packages/airflow/example_dags/tutorial.py
[2024-04-06T10:07:07.595+0000] {logging_mixin.py:137} INFO - [2024-04-06T10:07:07.595+0000] {dag.py:2690} INFO - Sync 1 DAGs
[2024-04-06T10:07:07.653+0000] {logging_mixin.py:137} INFO - [2024-04-06T10:07:07.652+0000] {dag.py:3441} INFO - Setting next_dagrun for tutorial to 2024-04-05T10:07:07.652216+00:00, run_after=2024-04-06T10:07:07.652216+00:00
[2024-04-06T10:07:07.691+0000] {processor.py:175} INFO - Processing /home/airflow/.local/lib/python3.7/site-packages/airflow/example_dags/tutorial.py took 0.198 seconds
[2024-04-06T10:07:38.415+0000] {processor.py:153} INFO - Started process (PID=1484) to work on /home/airflow/.local/lib/python3.7/site-packages/airflow/example_dags/tutorial.py
[2024-04-06T10:07:38.417+0000] {processor.py:743} INFO - Processing file /home/airflow/.local/lib/python3.7/site-packages/airflow/example_dags/tutorial.py for tasks to queue
[2024-04-06T10:07:38.418+0000] {logging_mixin.py:137} INFO - [2024-04-06T10:07:38.418+0000] {dagbag.py:538} INFO - Filling up the DagBag from /home/airflow/.local/lib/python3.7/site-packages/airflow/example_dags/tutorial.py
[2024-04-06T10:07:38.445+0000] {processor.py:753} INFO - DAG(s) dict_keys(['tutorial']) retrieved from /home/airflow/.local/lib/python3.7/site-packages/airflow/example_dags/tutorial.py
[2024-04-06T10:07:38.497+0000] {logging_mixin.py:137} INFO - [2024-04-06T10:07:38.496+0000] {dag.py:2690} INFO - Sync 1 DAGs
[2024-04-06T10:07:38.551+0000] {logging_mixin.py:137} INFO - [2024-04-06T10:07:38.550+0000] {dag.py:3441} INFO - Setting next_dagrun for tutorial to 2024-04-05T10:07:38.550467+00:00, run_after=2024-04-06T10:07:38.550467+00:00
[2024-04-06T10:07:38.599+0000] {processor.py:175} INFO - Processing /home/airflow/.local/lib/python3.7/site-packages/airflow/example_dags/tutorial.py took 0.189 seconds
[2024-04-06T10:08:09.185+0000] {processor.py:153} INFO - Started process (PID=1563) to work on /home/airflow/.local/lib/python3.7/site-packages/airflow/example_dags/tutorial.py
[2024-04-06T10:08:09.186+0000] {processor.py:743} INFO - Processing file /home/airflow/.local/lib/python3.7/site-packages/airflow/example_dags/tutorial.py for tasks to queue
[2024-04-06T10:08:09.188+0000] {logging_mixin.py:137} INFO - [2024-04-06T10:08:09.187+0000] {dagbag.py:538} INFO - Filling up the DagBag from /home/airflow/.local/lib/python3.7/site-packages/airflow/example_dags/tutorial.py
[2024-04-06T10:08:09.213+0000] {processor.py:753} INFO - DAG(s) dict_keys(['tutorial']) retrieved from /home/airflow/.local/lib/python3.7/site-packages/airflow/example_dags/tutorial.py
[2024-04-06T10:08:09.260+0000] {logging_mixin.py:137} INFO - [2024-04-06T10:08:09.260+0000] {dag.py:2690} INFO - Sync 1 DAGs
[2024-04-06T10:08:09.311+0000] {logging_mixin.py:137} INFO - [2024-04-06T10:08:09.310+0000] {dag.py:3441} INFO - Setting next_dagrun for tutorial to 2024-04-05T10:08:09.310297+00:00, run_after=2024-04-06T10:08:09.310297+00:00
[2024-04-06T10:08:09.349+0000] {processor.py:175} INFO - Processing /home/airflow/.local/lib/python3.7/site-packages/airflow/example_dags/tutorial.py took 0.169 seconds
[2024-04-06T10:08:39.741+0000] {processor.py:153} INFO - Started process (PID=1635) to work on /home/airflow/.local/lib/python3.7/site-packages/airflow/example_dags/tutorial.py
[2024-04-06T10:08:39.743+0000] {processor.py:743} INFO - Processing file /home/airflow/.local/lib/python3.7/site-packages/airflow/example_dags/tutorial.py for tasks to queue
[2024-04-06T10:08:39.746+0000] {logging_mixin.py:137} INFO - [2024-04-06T10:08:39.744+0000] {dagbag.py:538} INFO - Filling up the DagBag from /home/airflow/.local/lib/python3.7/site-packages/airflow/example_dags/tutorial.py
[2024-04-06T10:08:39.773+0000] {processor.py:753} INFO - DAG(s) dict_keys(['tutorial']) retrieved from /home/airflow/.local/lib/python3.7/site-packages/airflow/example_dags/tutorial.py
[2024-04-06T10:08:39.826+0000] {logging_mixin.py:137} INFO - [2024-04-06T10:08:39.826+0000] {dag.py:2690} INFO - Sync 1 DAGs
[2024-04-06T10:08:39.886+0000] {logging_mixin.py:137} INFO - [2024-04-06T10:08:39.886+0000] {dag.py:3441} INFO - Setting next_dagrun for tutorial to 2024-04-05T10:08:39.885730+00:00, run_after=2024-04-06T10:08:39.885730+00:00
[2024-04-06T10:08:39.925+0000] {processor.py:175} INFO - Processing /home/airflow/.local/lib/python3.7/site-packages/airflow/example_dags/tutorial.py took 0.189 seconds
[2024-04-06T10:09:10.629+0000] {processor.py:153} INFO - Started process (PID=1707) to work on /home/airflow/.local/lib/python3.7/site-packages/airflow/example_dags/tutorial.py
[2024-04-06T10:09:10.630+0000] {processor.py:743} INFO - Processing file /home/airflow/.local/lib/python3.7/site-packages/airflow/example_dags/tutorial.py for tasks to queue
[2024-04-06T10:09:10.632+0000] {logging_mixin.py:137} INFO - [2024-04-06T10:09:10.631+0000] {dagbag.py:538} INFO - Filling up the DagBag from /home/airflow/.local/lib/python3.7/site-packages/airflow/example_dags/tutorial.py
[2024-04-06T10:09:10.668+0000] {processor.py:753} INFO - DAG(s) dict_keys(['tutorial']) retrieved from /home/airflow/.local/lib/python3.7/site-packages/airflow/example_dags/tutorial.py
[2024-04-06T10:09:10.722+0000] {logging_mixin.py:137} INFO - [2024-04-06T10:09:10.722+0000] {dag.py:2690} INFO - Sync 1 DAGs
[2024-04-06T10:09:10.785+0000] {logging_mixin.py:137} INFO - [2024-04-06T10:09:10.784+0000] {dag.py:3441} INFO - Setting next_dagrun for tutorial to 2024-04-05T10:09:10.784395+00:00, run_after=2024-04-06T10:09:10.784395+00:00
[2024-04-06T10:09:10.830+0000] {processor.py:175} INFO - Processing /home/airflow/.local/lib/python3.7/site-packages/airflow/example_dags/tutorial.py took 0.208 seconds
[2024-04-06T10:09:41.768+0000] {processor.py:153} INFO - Started process (PID=1780) to work on /home/airflow/.local/lib/python3.7/site-packages/airflow/example_dags/tutorial.py
[2024-04-06T10:09:41.769+0000] {processor.py:743} INFO - Processing file /home/airflow/.local/lib/python3.7/site-packages/airflow/example_dags/tutorial.py for tasks to queue
[2024-04-06T10:09:41.771+0000] {logging_mixin.py:137} INFO - [2024-04-06T10:09:41.770+0000] {dagbag.py:538} INFO - Filling up the DagBag from /home/airflow/.local/lib/python3.7/site-packages/airflow/example_dags/tutorial.py
[2024-04-06T10:09:41.798+0000] {processor.py:753} INFO - DAG(s) dict_keys(['tutorial']) retrieved from /home/airflow/.local/lib/python3.7/site-packages/airflow/example_dags/tutorial.py
[2024-04-06T10:09:41.852+0000] {logging_mixin.py:137} INFO - [2024-04-06T10:09:41.851+0000] {dag.py:2690} INFO - Sync 1 DAGs
[2024-04-06T10:09:41.900+0000] {logging_mixin.py:137} INFO - [2024-04-06T10:09:41.900+0000] {dag.py:3441} INFO - Setting next_dagrun for tutorial to 2024-04-05T10:09:41.899692+00:00, run_after=2024-04-06T10:09:41.899692+00:00
[2024-04-06T10:09:41.945+0000] {processor.py:175} INFO - Processing /home/airflow/.local/lib/python3.7/site-packages/airflow/example_dags/tutorial.py took 0.183 seconds
[2024-04-06T10:10:12.852+0000] {processor.py:153} INFO - Started process (PID=1851) to work on /home/airflow/.local/lib/python3.7/site-packages/airflow/example_dags/tutorial.py
[2024-04-06T10:10:12.854+0000] {processor.py:743} INFO - Processing file /home/airflow/.local/lib/python3.7/site-packages/airflow/example_dags/tutorial.py for tasks to queue
[2024-04-06T10:10:12.855+0000] {logging_mixin.py:137} INFO - [2024-04-06T10:10:12.855+0000] {dagbag.py:538} INFO - Filling up the DagBag from /home/airflow/.local/lib/python3.7/site-packages/airflow/example_dags/tutorial.py
[2024-04-06T10:10:12.884+0000] {processor.py:753} INFO - DAG(s) dict_keys(['tutorial']) retrieved from /home/airflow/.local/lib/python3.7/site-packages/airflow/example_dags/tutorial.py
[2024-04-06T10:10:12.934+0000] {logging_mixin.py:137} INFO - [2024-04-06T10:10:12.934+0000] {dag.py:2690} INFO - Sync 1 DAGs
[2024-04-06T10:10:12.992+0000] {logging_mixin.py:137} INFO - [2024-04-06T10:10:12.991+0000] {dag.py:3441} INFO - Setting next_dagrun for tutorial to 2024-04-05T10:10:12.991196+00:00, run_after=2024-04-06T10:10:12.991196+00:00
[2024-04-06T10:10:13.033+0000] {processor.py:175} INFO - Processing /home/airflow/.local/lib/python3.7/site-packages/airflow/example_dags/tutorial.py took 0.188 seconds
[2024-04-06T10:10:43.571+0000] {processor.py:153} INFO - Started process (PID=1923) to work on /home/airflow/.local/lib/python3.7/site-packages/airflow/example_dags/tutorial.py
[2024-04-06T10:10:43.572+0000] {processor.py:743} INFO - Processing file /home/airflow/.local/lib/python3.7/site-packages/airflow/example_dags/tutorial.py for tasks to queue
[2024-04-06T10:10:43.573+0000] {logging_mixin.py:137} INFO - [2024-04-06T10:10:43.573+0000] {dagbag.py:538} INFO - Filling up the DagBag from /home/airflow/.local/lib/python3.7/site-packages/airflow/example_dags/tutorial.py
[2024-04-06T10:10:43.602+0000] {processor.py:753} INFO - DAG(s) dict_keys(['tutorial']) retrieved from /home/airflow/.local/lib/python3.7/site-packages/airflow/example_dags/tutorial.py
[2024-04-06T10:10:43.652+0000] {logging_mixin.py:137} INFO - [2024-04-06T10:10:43.651+0000] {dag.py:2690} INFO - Sync 1 DAGs
[2024-04-06T10:10:43.705+0000] {logging_mixin.py:137} INFO - [2024-04-06T10:10:43.705+0000] {dag.py:3441} INFO - Setting next_dagrun for tutorial to 2024-04-05T10:10:43.705020+00:00, run_after=2024-04-06T10:10:43.705020+00:00
[2024-04-06T10:10:43.745+0000] {processor.py:175} INFO - Processing /home/airflow/.local/lib/python3.7/site-packages/airflow/example_dags/tutorial.py took 0.180 seconds
[2024-04-06T10:11:14.089+0000] {processor.py:153} INFO - Started process (PID=1995) to work on /home/airflow/.local/lib/python3.7/site-packages/airflow/example_dags/tutorial.py
[2024-04-06T10:11:14.091+0000] {processor.py:743} INFO - Processing file /home/airflow/.local/lib/python3.7/site-packages/airflow/example_dags/tutorial.py for tasks to queue
[2024-04-06T10:11:14.092+0000] {logging_mixin.py:137} INFO - [2024-04-06T10:11:14.092+0000] {dagbag.py:538} INFO - Filling up the DagBag from /home/airflow/.local/lib/python3.7/site-packages/airflow/example_dags/tutorial.py
[2024-04-06T10:11:14.119+0000] {processor.py:753} INFO - DAG(s) dict_keys(['tutorial']) retrieved from /home/airflow/.local/lib/python3.7/site-packages/airflow/example_dags/tutorial.py
[2024-04-06T10:11:14.170+0000] {logging_mixin.py:137} INFO - [2024-04-06T10:11:14.170+0000] {dag.py:2690} INFO - Sync 1 DAGs
[2024-04-06T10:11:14.221+0000] {logging_mixin.py:137} INFO - [2024-04-06T10:11:14.220+0000] {dag.py:3441} INFO - Setting next_dagrun for tutorial to 2024-04-05T10:11:14.220184+00:00, run_after=2024-04-06T10:11:14.220184+00:00
[2024-04-06T10:11:14.257+0000] {processor.py:175} INFO - Processing /home/airflow/.local/lib/python3.7/site-packages/airflow/example_dags/tutorial.py took 0.173 seconds
[2024-04-06T10:11:44.584+0000] {processor.py:153} INFO - Started process (PID=2067) to work on /home/airflow/.local/lib/python3.7/site-packages/airflow/example_dags/tutorial.py
[2024-04-06T10:11:44.585+0000] {processor.py:743} INFO - Processing file /home/airflow/.local/lib/python3.7/site-packages/airflow/example_dags/tutorial.py for tasks to queue
[2024-04-06T10:11:44.586+0000] {logging_mixin.py:137} INFO - [2024-04-06T10:11:44.586+0000] {dagbag.py:538} INFO - Filling up the DagBag from /home/airflow/.local/lib/python3.7/site-packages/airflow/example_dags/tutorial.py
[2024-04-06T10:11:44.611+0000] {processor.py:753} INFO - DAG(s) dict_keys(['tutorial']) retrieved from /home/airflow/.local/lib/python3.7/site-packages/airflow/example_dags/tutorial.py
[2024-04-06T10:11:44.655+0000] {logging_mixin.py:137} INFO - [2024-04-06T10:11:44.655+0000] {dag.py:2690} INFO - Sync 1 DAGs
[2024-04-06T10:11:44.714+0000] {logging_mixin.py:137} INFO - [2024-04-06T10:11:44.714+0000] {dag.py:3441} INFO - Setting next_dagrun for tutorial to 2024-04-05T10:11:44.713520+00:00, run_after=2024-04-06T10:11:44.713520+00:00
[2024-04-06T10:11:44.765+0000] {processor.py:175} INFO - Processing /home/airflow/.local/lib/python3.7/site-packages/airflow/example_dags/tutorial.py took 0.186 seconds
[2024-04-06T10:12:15.248+0000] {processor.py:153} INFO - Started process (PID=2146) to work on /home/airflow/.local/lib/python3.7/site-packages/airflow/example_dags/tutorial.py
[2024-04-06T10:12:15.249+0000] {processor.py:743} INFO - Processing file /home/airflow/.local/lib/python3.7/site-packages/airflow/example_dags/tutorial.py for tasks to queue
[2024-04-06T10:12:15.250+0000] {logging_mixin.py:137} INFO - [2024-04-06T10:12:15.250+0000] {dagbag.py:538} INFO - Filling up the DagBag from /home/airflow/.local/lib/python3.7/site-packages/airflow/example_dags/tutorial.py
[2024-04-06T10:12:15.275+0000] {processor.py:753} INFO - DAG(s) dict_keys(['tutorial']) retrieved from /home/airflow/.local/lib/python3.7/site-packages/airflow/example_dags/tutorial.py
[2024-04-06T10:12:15.332+0000] {logging_mixin.py:137} INFO - [2024-04-06T10:12:15.332+0000] {dag.py:2690} INFO - Sync 1 DAGs
[2024-04-06T10:12:15.381+0000] {logging_mixin.py:137} INFO - [2024-04-06T10:12:15.380+0000] {dag.py:3441} INFO - Setting next_dagrun for tutorial to 2024-04-05T10:12:15.380103+00:00, run_after=2024-04-06T10:12:15.380103+00:00
[2024-04-06T10:12:15.425+0000] {processor.py:175} INFO - Processing /home/airflow/.local/lib/python3.7/site-packages/airflow/example_dags/tutorial.py took 0.182 seconds
[2024-04-06T10:12:45.625+0000] {processor.py:153} INFO - Started process (PID=2220) to work on /home/airflow/.local/lib/python3.7/site-packages/airflow/example_dags/tutorial.py
[2024-04-06T10:12:45.626+0000] {processor.py:743} INFO - Processing file /home/airflow/.local/lib/python3.7/site-packages/airflow/example_dags/tutorial.py for tasks to queue
[2024-04-06T10:12:45.627+0000] {logging_mixin.py:137} INFO - [2024-04-06T10:12:45.627+0000] {dagbag.py:538} INFO - Filling up the DagBag from /home/airflow/.local/lib/python3.7/site-packages/airflow/example_dags/tutorial.py
[2024-04-06T10:12:45.659+0000] {processor.py:753} INFO - DAG(s) dict_keys(['tutorial']) retrieved from /home/airflow/.local/lib/python3.7/site-packages/airflow/example_dags/tutorial.py
[2024-04-06T10:12:45.721+0000] {logging_mixin.py:137} INFO - [2024-04-06T10:12:45.721+0000] {dag.py:2690} INFO - Sync 1 DAGs
[2024-04-06T10:12:45.779+0000] {logging_mixin.py:137} INFO - [2024-04-06T10:12:45.779+0000] {dag.py:3441} INFO - Setting next_dagrun for tutorial to 2024-04-05T10:12:45.778964+00:00, run_after=2024-04-06T10:12:45.778964+00:00
[2024-04-06T10:12:45.822+0000] {processor.py:175} INFO - Processing /home/airflow/.local/lib/python3.7/site-packages/airflow/example_dags/tutorial.py took 0.204 seconds
[2024-04-06T10:42:05.429+0000] {processor.py:161} INFO - Started process (PID=68) to work on /home/airflow/.local/lib/python3.8/site-packages/airflow/example_dags/tutorial.py
[2024-04-06T10:42:05.430+0000] {processor.py:830} INFO - Processing file /home/airflow/.local/lib/python3.8/site-packages/airflow/example_dags/tutorial.py for tasks to queue
[2024-04-06T10:42:05.432+0000] {logging_mixin.py:188} INFO - [2024-04-06T10:42:05.431+0000] {dagbag.py:540} INFO - Filling up the DagBag from /home/airflow/.local/lib/python3.8/site-packages/airflow/example_dags/tutorial.py
[2024-04-06T10:42:05.436+0000] {processor.py:840} INFO - DAG(s) 'tutorial' retrieved from /home/airflow/.local/lib/python3.8/site-packages/airflow/example_dags/tutorial.py
[2024-04-06T10:42:05.515+0000] {logging_mixin.py:188} INFO - [2024-04-06T10:42:05.515+0000] {override.py:1769} INFO - Created Permission View: can delete on DAG:tutorial
[2024-04-06T10:42:05.523+0000] {logging_mixin.py:188} INFO - [2024-04-06T10:42:05.522+0000] {override.py:1769} INFO - Created Permission View: can read on DAG:tutorial
[2024-04-06T10:42:05.527+0000] {logging_mixin.py:188} INFO - [2024-04-06T10:42:05.527+0000] {override.py:1769} INFO - Created Permission View: can edit on DAG:tutorial
[2024-04-06T10:42:05.528+0000] {logging_mixin.py:188} INFO - [2024-04-06T10:42:05.528+0000] {dag.py:3047} INFO - Sync 1 DAGs
[2024-04-06T10:42:05.535+0000] {logging_mixin.py:188} INFO - [2024-04-06T10:42:05.535+0000] {dag.py:3069} INFO - Creating ORM DAG for tutorial
[2024-04-06T10:42:05.542+0000] {logging_mixin.py:188} INFO - [2024-04-06T10:42:05.542+0000] {dag.py:3834} INFO - Setting next_dagrun for tutorial to 2024-04-05 00:00:00+00:00, run_after=2024-04-06 00:00:00+00:00
[2024-04-06T10:42:05.555+0000] {processor.py:183} INFO - Processing /home/airflow/.local/lib/python3.8/site-packages/airflow/example_dags/tutorial.py took 0.129 seconds
[2024-04-06T10:42:35.893+0000] {processor.py:161} INFO - Started process (PID=124) to work on /home/airflow/.local/lib/python3.8/site-packages/airflow/example_dags/tutorial.py
[2024-04-06T10:42:35.894+0000] {processor.py:830} INFO - Processing file /home/airflow/.local/lib/python3.8/site-packages/airflow/example_dags/tutorial.py for tasks to queue
[2024-04-06T10:42:35.895+0000] {logging_mixin.py:188} INFO - [2024-04-06T10:42:35.895+0000] {dagbag.py:540} INFO - Filling up the DagBag from /home/airflow/.local/lib/python3.8/site-packages/airflow/example_dags/tutorial.py
[2024-04-06T10:42:35.898+0000] {processor.py:840} INFO - DAG(s) 'tutorial' retrieved from /home/airflow/.local/lib/python3.8/site-packages/airflow/example_dags/tutorial.py
[2024-04-06T10:42:35.912+0000] {logging_mixin.py:188} INFO - [2024-04-06T10:42:35.911+0000] {dag.py:3047} INFO - Sync 1 DAGs
[2024-04-06T10:42:35.928+0000] {logging_mixin.py:188} INFO - [2024-04-06T10:42:35.927+0000] {dag.py:3834} INFO - Setting next_dagrun for tutorial to 2024-04-05 00:00:00+00:00, run_after=2024-04-06 00:00:00+00:00
[2024-04-06T10:42:35.943+0000] {processor.py:183} INFO - Processing /home/airflow/.local/lib/python3.8/site-packages/airflow/example_dags/tutorial.py took 0.052 seconds
[2024-04-06T10:43:06.395+0000] {processor.py:161} INFO - Started process (PID=180) to work on /home/airflow/.local/lib/python3.8/site-packages/airflow/example_dags/tutorial.py
[2024-04-06T10:43:06.396+0000] {processor.py:830} INFO - Processing file /home/airflow/.local/lib/python3.8/site-packages/airflow/example_dags/tutorial.py for tasks to queue
[2024-04-06T10:43:06.397+0000] {logging_mixin.py:188} INFO - [2024-04-06T10:43:06.397+0000] {dagbag.py:540} INFO - Filling up the DagBag from /home/airflow/.local/lib/python3.8/site-packages/airflow/example_dags/tutorial.py
[2024-04-06T10:43:06.402+0000] {processor.py:840} INFO - DAG(s) 'tutorial' retrieved from /home/airflow/.local/lib/python3.8/site-packages/airflow/example_dags/tutorial.py
[2024-04-06T10:43:06.414+0000] {logging_mixin.py:188} INFO - [2024-04-06T10:43:06.414+0000] {dag.py:3047} INFO - Sync 1 DAGs
[2024-04-06T10:43:06.428+0000] {logging_mixin.py:188} INFO - [2024-04-06T10:43:06.428+0000] {dag.py:3834} INFO - Setting next_dagrun for tutorial to 2024-04-05 00:00:00+00:00, run_after=2024-04-06 00:00:00+00:00
[2024-04-06T10:43:06.623+0000] {processor.py:183} INFO - Processing /home/airflow/.local/lib/python3.8/site-packages/airflow/example_dags/tutorial.py took 0.230 seconds
[2024-04-06T10:43:37.443+0000] {processor.py:161} INFO - Started process (PID=236) to work on /home/airflow/.local/lib/python3.8/site-packages/airflow/example_dags/tutorial.py
[2024-04-06T10:43:37.443+0000] {processor.py:830} INFO - Processing file /home/airflow/.local/lib/python3.8/site-packages/airflow/example_dags/tutorial.py for tasks to queue
[2024-04-06T10:43:37.444+0000] {logging_mixin.py:188} INFO - [2024-04-06T10:43:37.444+0000] {dagbag.py:540} INFO - Filling up the DagBag from /home/airflow/.local/lib/python3.8/site-packages/airflow/example_dags/tutorial.py
[2024-04-06T10:43:37.448+0000] {processor.py:840} INFO - DAG(s) 'tutorial' retrieved from /home/airflow/.local/lib/python3.8/site-packages/airflow/example_dags/tutorial.py
[2024-04-06T10:43:37.460+0000] {logging_mixin.py:188} INFO - [2024-04-06T10:43:37.460+0000] {dag.py:3047} INFO - Sync 1 DAGs
[2024-04-06T10:43:37.474+0000] {logging_mixin.py:188} INFO - [2024-04-06T10:43:37.474+0000] {dag.py:3834} INFO - Setting next_dagrun for tutorial to 2024-04-05 00:00:00+00:00, run_after=2024-04-06 00:00:00+00:00
[2024-04-06T10:43:37.485+0000] {processor.py:183} INFO - Processing /home/airflow/.local/lib/python3.8/site-packages/airflow/example_dags/tutorial.py took 0.045 seconds
[2024-04-06T10:44:08.139+0000] {processor.py:161} INFO - Started process (PID=292) to work on /home/airflow/.local/lib/python3.8/site-packages/airflow/example_dags/tutorial.py
[2024-04-06T10:44:08.139+0000] {processor.py:830} INFO - Processing file /home/airflow/.local/lib/python3.8/site-packages/airflow/example_dags/tutorial.py for tasks to queue
[2024-04-06T10:44:08.140+0000] {logging_mixin.py:188} INFO - [2024-04-06T10:44:08.140+0000] {dagbag.py:540} INFO - Filling up the DagBag from /home/airflow/.local/lib/python3.8/site-packages/airflow/example_dags/tutorial.py
[2024-04-06T10:44:08.144+0000] {processor.py:840} INFO - DAG(s) 'tutorial' retrieved from /home/airflow/.local/lib/python3.8/site-packages/airflow/example_dags/tutorial.py
[2024-04-06T10:44:08.155+0000] {logging_mixin.py:188} INFO - [2024-04-06T10:44:08.155+0000] {dag.py:3047} INFO - Sync 1 DAGs
[2024-04-06T10:44:08.170+0000] {logging_mixin.py:188} INFO - [2024-04-06T10:44:08.170+0000] {dag.py:3834} INFO - Setting next_dagrun for tutorial to 2024-04-05 00:00:00+00:00, run_after=2024-04-06 00:00:00+00:00
[2024-04-06T10:44:08.182+0000] {processor.py:183} INFO - Processing /home/airflow/.local/lib/python3.8/site-packages/airflow/example_dags/tutorial.py took 0.045 seconds
[2024-04-06T10:44:38.878+0000] {processor.py:161} INFO - Started process (PID=348) to work on /home/airflow/.local/lib/python3.8/site-packages/airflow/example_dags/tutorial.py
[2024-04-06T10:44:38.878+0000] {processor.py:830} INFO - Processing file /home/airflow/.local/lib/python3.8/site-packages/airflow/example_dags/tutorial.py for tasks to queue
[2024-04-06T10:44:38.879+0000] {logging_mixin.py:188} INFO - [2024-04-06T10:44:38.879+0000] {dagbag.py:540} INFO - Filling up the DagBag from /home/airflow/.local/lib/python3.8/site-packages/airflow/example_dags/tutorial.py
[2024-04-06T10:44:38.883+0000] {processor.py:840} INFO - DAG(s) 'tutorial' retrieved from /home/airflow/.local/lib/python3.8/site-packages/airflow/example_dags/tutorial.py
[2024-04-06T10:44:38.895+0000] {logging_mixin.py:188} INFO - [2024-04-06T10:44:38.895+0000] {dag.py:3047} INFO - Sync 1 DAGs
[2024-04-06T10:44:38.911+0000] {logging_mixin.py:188} INFO - [2024-04-06T10:44:38.910+0000] {dag.py:3834} INFO - Setting next_dagrun for tutorial to 2024-04-05 00:00:00+00:00, run_after=2024-04-06 00:00:00+00:00
[2024-04-06T10:44:38.924+0000] {processor.py:183} INFO - Processing /home/airflow/.local/lib/python3.8/site-packages/airflow/example_dags/tutorial.py took 0.048 seconds
[2024-04-06T10:45:09.106+0000] {processor.py:161} INFO - Started process (PID=404) to work on /home/airflow/.local/lib/python3.8/site-packages/airflow/example_dags/tutorial.py
[2024-04-06T10:45:09.106+0000] {processor.py:830} INFO - Processing file /home/airflow/.local/lib/python3.8/site-packages/airflow/example_dags/tutorial.py for tasks to queue
[2024-04-06T10:45:09.108+0000] {logging_mixin.py:188} INFO - [2024-04-06T10:45:09.107+0000] {dagbag.py:540} INFO - Filling up the DagBag from /home/airflow/.local/lib/python3.8/site-packages/airflow/example_dags/tutorial.py
[2024-04-06T10:45:09.112+0000] {processor.py:840} INFO - DAG(s) 'tutorial' retrieved from /home/airflow/.local/lib/python3.8/site-packages/airflow/example_dags/tutorial.py
[2024-04-06T10:45:09.124+0000] {logging_mixin.py:188} INFO - [2024-04-06T10:45:09.124+0000] {dag.py:3047} INFO - Sync 1 DAGs
[2024-04-06T10:45:09.138+0000] {logging_mixin.py:188} INFO - [2024-04-06T10:45:09.138+0000] {dag.py:3834} INFO - Setting next_dagrun for tutorial to 2024-04-05 00:00:00+00:00, run_after=2024-04-06 00:00:00+00:00
[2024-04-06T10:45:09.150+0000] {processor.py:183} INFO - Processing /home/airflow/.local/lib/python3.8/site-packages/airflow/example_dags/tutorial.py took 0.046 seconds
